[0.099s] DEBUG:colcon:Command line arguments: ['/usr/bin/colcon', 'build']
[0.099s] DEBUG:colcon:Parsed command line arguments: Namespace(log_base=None, log_level=None, verb_name='build', build_base='build', install_base='install', merge_install=False, symlink_install=False, test_result_base=None, continue_on_error=False, executor='parallel', parallel_workers=16, event_handlers=None, ignore_user_meta=False, metas=['./colcon.meta'], base_paths=['.'], packages_ignore=None, packages_ignore_regex=None, paths=None, packages_up_to=None, packages_up_to_regex=None, packages_above=None, packages_above_and_dependencies=None, packages_above_depth=None, packages_select_by_dep=None, packages_skip_by_dep=None, packages_skip_up_to=None, packages_select_build_failed=False, packages_skip_build_finished=False, packages_select_test_failures=False, packages_skip_test_passed=False, packages_select=None, packages_skip=None, packages_select_regex=None, packages_skip_regex=None, packages_start=None, packages_end=None, allow_overriding=[], cmake_args=None, cmake_target=None, cmake_target_skip_unavailable=False, cmake_clean_cache=False, cmake_clean_first=False, cmake_force_configure=False, ament_cmake_args=None, catkin_cmake_args=None, catkin_skip_building_tests=False, verb_parser=<colcon_defaults.argument_parser.defaults.DefaultArgumentsDecorator object at 0x70a8932353f0>, verb_extension=<colcon_core.verb.build.BuildVerb object at 0x70a8933a2b60>, main=<bound method BuildVerb.main of <colcon_core.verb.build.BuildVerb object at 0x70a8933a2b60>>)
[0.152s] Level 1:colcon.colcon_core.package_discovery:discover_packages(colcon_meta) check parameters
[0.152s] Level 1:colcon.colcon_core.package_discovery:discover_packages(recursive) check parameters
[0.152s] Level 1:colcon.colcon_core.package_discovery:discover_packages(ignore) check parameters
[0.152s] Level 1:colcon.colcon_core.package_discovery:discover_packages(path) check parameters
[0.152s] Level 1:colcon.colcon_core.package_discovery:discover_packages(colcon_meta) discover
[0.152s] Level 1:colcon.colcon_core.package_discovery:discover_packages(recursive) discover
[0.152s] INFO:colcon.colcon_core.package_discovery:Crawling recursively for packages in '/home/x650/UAV/ROS2'
[0.152s] Level 1:colcon.colcon_core.package_identification:_identify(.) by extensions ['ignore', 'ignore_ament_install']
[0.152s] Level 1:colcon.colcon_core.package_identification:_identify(.) by extension 'ignore'
[0.152s] Level 1:colcon.colcon_core.package_identification:_identify(.) by extension 'ignore_ament_install'
[0.152s] Level 1:colcon.colcon_core.package_identification:_identify(.) by extensions ['colcon_pkg']
[0.152s] Level 1:colcon.colcon_core.package_identification:_identify(.) by extension 'colcon_pkg'
[0.152s] Level 1:colcon.colcon_core.package_identification:_identify(.) by extensions ['colcon_meta']
[0.153s] Level 1:colcon.colcon_core.package_identification:_identify(.) by extension 'colcon_meta'
[0.153s] Level 1:colcon.colcon_core.package_identification:_identify(.) by extensions ['ros']
[0.153s] Level 1:colcon.colcon_core.package_identification:_identify(.) by extension 'ros'
[0.168s] Level 1:colcon.colcon_core.package_identification:_identify(.) by extensions ['cmake', 'python']
[0.168s] Level 1:colcon.colcon_core.package_identification:_identify(.) by extension 'cmake'
[0.169s] Level 1:colcon.colcon_core.package_identification:_identify(.) by extension 'python'
[0.169s] Level 1:colcon.colcon_core.package_identification:_identify(.) by extensions ['python_setup_py']
[0.169s] Level 1:colcon.colcon_core.package_identification:_identify(.) by extension 'python_setup_py'
[0.169s] Level 1:colcon.colcon_core.package_identification:_identify(build) by extensions ['ignore', 'ignore_ament_install']
[0.169s] Level 1:colcon.colcon_core.package_identification:_identify(build) by extension 'ignore'
[0.169s] Level 1:colcon.colcon_core.package_identification:_identify(build) ignored
[0.169s] Level 1:colcon.colcon_core.package_identification:_identify(install) by extensions ['ignore', 'ignore_ament_install']
[0.169s] Level 1:colcon.colcon_core.package_identification:_identify(install) by extension 'ignore'
[0.169s] Level 1:colcon.colcon_core.package_identification:_identify(install) ignored
[0.169s] Level 1:colcon.colcon_core.package_identification:_identify(location_msgs) by extensions ['ignore', 'ignore_ament_install']
[0.169s] Level 1:colcon.colcon_core.package_identification:_identify(location_msgs) by extension 'ignore'
[0.169s] Level 1:colcon.colcon_core.package_identification:_identify(location_msgs) by extension 'ignore_ament_install'
[0.169s] Level 1:colcon.colcon_core.package_identification:_identify(location_msgs) by extensions ['colcon_pkg']
[0.169s] Level 1:colcon.colcon_core.package_identification:_identify(location_msgs) by extension 'colcon_pkg'
[0.169s] Level 1:colcon.colcon_core.package_identification:_identify(location_msgs) by extensions ['colcon_meta']
[0.169s] Level 1:colcon.colcon_core.package_identification:_identify(location_msgs) by extension 'colcon_meta'
[0.169s] Level 1:colcon.colcon_core.package_identification:_identify(location_msgs) by extensions ['ros']
[0.169s] Level 1:colcon.colcon_core.package_identification:_identify(location_msgs) by extension 'ros'
[0.172s] DEBUG:colcon.colcon_core.package_identification:Package 'location_msgs' with type 'ros.ament_cmake' and name 'location_msgs'
[0.172s] Level 1:colcon.colcon_core.package_identification:_identify(log) by extensions ['ignore', 'ignore_ament_install']
[0.172s] Level 1:colcon.colcon_core.package_identification:_identify(log) by extension 'ignore'
[0.172s] Level 1:colcon.colcon_core.package_identification:_identify(log) ignored
[0.172s] Level 1:colcon.colcon_core.package_identification:_identify(uav_patrol) by extensions ['ignore', 'ignore_ament_install']
[0.172s] Level 1:colcon.colcon_core.package_identification:_identify(uav_patrol) by extension 'ignore'
[0.172s] Level 1:colcon.colcon_core.package_identification:_identify(uav_patrol) by extension 'ignore_ament_install'
[0.172s] Level 1:colcon.colcon_core.package_identification:_identify(uav_patrol) by extensions ['colcon_pkg']
[0.172s] Level 1:colcon.colcon_core.package_identification:_identify(uav_patrol) by extension 'colcon_pkg'
[0.172s] Level 1:colcon.colcon_core.package_identification:_identify(uav_patrol) by extensions ['colcon_meta']
[0.172s] Level 1:colcon.colcon_core.package_identification:_identify(uav_patrol) by extension 'colcon_meta'
[0.172s] Level 1:colcon.colcon_core.package_identification:_identify(uav_patrol) by extensions ['ros']
[0.172s] Level 1:colcon.colcon_core.package_identification:_identify(uav_patrol) by extension 'ros'
[0.174s] DEBUG:colcon.colcon_core.package_identification:Package 'uav_patrol' with type 'ros.ament_python' and name 'uav_patrol'
[0.174s] Level 1:colcon.colcon_core.package_identification:_identify(weights) by extensions ['ignore', 'ignore_ament_install']
[0.174s] Level 1:colcon.colcon_core.package_identification:_identify(weights) by extension 'ignore'
[0.175s] Level 1:colcon.colcon_core.package_identification:_identify(weights) by extension 'ignore_ament_install'
[0.175s] Level 1:colcon.colcon_core.package_identification:_identify(weights) by extensions ['colcon_pkg']
[0.175s] Level 1:colcon.colcon_core.package_identification:_identify(weights) by extension 'colcon_pkg'
[0.175s] Level 1:colcon.colcon_core.package_identification:_identify(weights) by extensions ['colcon_meta']
[0.175s] Level 1:colcon.colcon_core.package_identification:_identify(weights) by extension 'colcon_meta'
[0.175s] Level 1:colcon.colcon_core.package_identification:_identify(weights) by extensions ['ros']
[0.175s] Level 1:colcon.colcon_core.package_identification:_identify(weights) by extension 'ros'
[0.175s] Level 1:colcon.colcon_core.package_identification:_identify(weights) by extensions ['cmake', 'python']
[0.175s] Level 1:colcon.colcon_core.package_identification:_identify(weights) by extension 'cmake'
[0.175s] Level 1:colcon.colcon_core.package_identification:_identify(weights) by extension 'python'
[0.175s] Level 1:colcon.colcon_core.package_identification:_identify(weights) by extensions ['python_setup_py']
[0.175s] Level 1:colcon.colcon_core.package_identification:_identify(weights) by extension 'python_setup_py'
[0.175s] Level 1:colcon.colcon_core.package_discovery:discover_packages(recursive) using defaults
[0.175s] Level 1:colcon.colcon_core.package_discovery:discover_packages(ignore) discover
[0.175s] Level 1:colcon.colcon_core.package_discovery:discover_packages(ignore) using defaults
[0.175s] Level 1:colcon.colcon_core.package_discovery:discover_packages(path) discover
[0.175s] Level 1:colcon.colcon_core.package_discovery:discover_packages(path) using defaults
[0.196s] Level 1:colcon.colcon_core.package_discovery:discover_packages(prefix_path) check parameters
[0.196s] Level 1:colcon.colcon_core.package_discovery:discover_packages(prefix_path) discover
[0.197s] DEBUG:colcon.colcon_installed_package_information.package_discovery:Found 2 installed packages in /home/x650/UAV/ROS2/install
[0.198s] DEBUG:colcon.colcon_installed_package_information.package_discovery:Found 277 installed packages in /opt/ros/humble
[0.199s] Level 1:colcon.colcon_core.package_discovery:discover_packages(prefix_path) using defaults
[0.230s] Level 5:colcon.colcon_core.verb:set package 'location_msgs' build argument 'cmake_args' from command line to 'None'
[0.231s] Level 5:colcon.colcon_core.verb:set package 'location_msgs' build argument 'cmake_target' from command line to 'None'
[0.231s] Level 5:colcon.colcon_core.verb:set package 'location_msgs' build argument 'cmake_target_skip_unavailable' from command line to 'False'
[0.231s] Level 5:colcon.colcon_core.verb:set package 'location_msgs' build argument 'cmake_clean_cache' from command line to 'False'
[0.231s] Level 5:colcon.colcon_core.verb:set package 'location_msgs' build argument 'cmake_clean_first' from command line to 'False'
[0.231s] Level 5:colcon.colcon_core.verb:set package 'location_msgs' build argument 'cmake_force_configure' from command line to 'False'
[0.231s] Level 5:colcon.colcon_core.verb:set package 'location_msgs' build argument 'ament_cmake_args' from command line to 'None'
[0.231s] Level 5:colcon.colcon_core.verb:set package 'location_msgs' build argument 'catkin_cmake_args' from command line to 'None'
[0.231s] Level 5:colcon.colcon_core.verb:set package 'location_msgs' build argument 'catkin_skip_building_tests' from command line to 'False'
[0.231s] DEBUG:colcon.colcon_core.verb:Building package 'location_msgs' with the following arguments: {'ament_cmake_args': None, 'build_base': '/home/x650/UAV/ROS2/build/location_msgs', 'catkin_cmake_args': None, 'catkin_skip_building_tests': False, 'cmake_args': None, 'cmake_clean_cache': False, 'cmake_clean_first': False, 'cmake_force_configure': False, 'cmake_target': None, 'cmake_target_skip_unavailable': False, 'install_base': '/home/x650/UAV/ROS2/install/location_msgs', 'merge_install': False, 'path': '/home/x650/UAV/ROS2/location_msgs', 'symlink_install': False, 'test_result_base': None}
[0.231s] Level 5:colcon.colcon_core.verb:set package 'uav_patrol' build argument 'cmake_args' from command line to 'None'
[0.231s] Level 5:colcon.colcon_core.verb:set package 'uav_patrol' build argument 'cmake_target' from command line to 'None'
[0.231s] Level 5:colcon.colcon_core.verb:set package 'uav_patrol' build argument 'cmake_target_skip_unavailable' from command line to 'False'
[0.231s] Level 5:colcon.colcon_core.verb:set package 'uav_patrol' build argument 'cmake_clean_cache' from command line to 'False'
[0.231s] Level 5:colcon.colcon_core.verb:set package 'uav_patrol' build argument 'cmake_clean_first' from command line to 'False'
[0.231s] Level 5:colcon.colcon_core.verb:set package 'uav_patrol' build argument 'cmake_force_configure' from command line to 'False'
[0.231s] Level 5:colcon.colcon_core.verb:set package 'uav_patrol' build argument 'ament_cmake_args' from command line to 'None'
[0.231s] Level 5:colcon.colcon_core.verb:set package 'uav_patrol' build argument 'catkin_cmake_args' from command line to 'None'
[0.231s] Level 5:colcon.colcon_core.verb:set package 'uav_patrol' build argument 'catkin_skip_building_tests' from command line to 'False'
[0.231s] DEBUG:colcon.colcon_core.verb:Building package 'uav_patrol' with the following arguments: {'ament_cmake_args': None, 'build_base': '/home/x650/UAV/ROS2/build/uav_patrol', 'catkin_cmake_args': None, 'catkin_skip_building_tests': False, 'cmake_args': None, 'cmake_clean_cache': False, 'cmake_clean_first': False, 'cmake_force_configure': False, 'cmake_target': None, 'cmake_target_skip_unavailable': False, 'install_base': '/home/x650/UAV/ROS2/install/uav_patrol', 'merge_install': False, 'path': '/home/x650/UAV/ROS2/uav_patrol', 'symlink_install': False, 'test_result_base': None}
[0.231s] INFO:colcon.colcon_core.executor:Executing jobs using 'parallel' executor
[0.232s] DEBUG:colcon.colcon_parallel_executor.executor.parallel:run_until_complete
[0.232s] INFO:colcon.colcon_ros.task.ament_cmake.build:Building ROS package in '/home/x650/UAV/ROS2/location_msgs' with build type 'ament_cmake'
[0.232s] INFO:colcon.colcon_cmake.task.cmake.build:Building CMake package in '/home/x650/UAV/ROS2/location_msgs'
[0.234s] INFO:colcon.colcon_core.plugin_system:Skipping extension 'colcon_core.shell.bat': Not used on non-Windows systems
[0.234s] INFO:colcon.colcon_core.shell:Skip shell extension 'powershell' for command environment: Not usable outside of PowerShell
[0.234s] DEBUG:colcon.colcon_core.shell:Skip shell extension 'dsv' for command environment
[0.243s] DEBUG:colcon.colcon_core.event_handler.log_command:Invoking command in '/home/x650/UAV/ROS2/build/location_msgs': CMAKE_PREFIX_PATH=${CMAKE_PREFIX_PATH}:/home/x650/UAV/ROS2/install/uav_patrol:/opt/ros/humble /usr/bin/cmake --build /home/x650/UAV/ROS2/build/location_msgs -- -j16 -l16
[0.742s] DEBUG:colcon.colcon_core.event_handler.log_command:Invoked command in '/home/x650/UAV/ROS2/build/location_msgs' returned '0': CMAKE_PREFIX_PATH=${CMAKE_PREFIX_PATH}:/home/x650/UAV/ROS2/install/uav_patrol:/opt/ros/humble /usr/bin/cmake --build /home/x650/UAV/ROS2/build/location_msgs -- -j16 -l16
[1.011s] DEBUG:colcon.colcon_core.event_handler.log_command:Invoking command in '/home/x650/UAV/ROS2/build/location_msgs': CMAKE_PREFIX_PATH=${CMAKE_PREFIX_PATH}:/home/x650/UAV/ROS2/install/uav_patrol:/opt/ros/humble /usr/bin/cmake --install /home/x650/UAV/ROS2/build/location_msgs
[1.087s] Level 1:colcon.colcon_core.environment:create_environment_scripts_only(location_msgs)
[1.087s] DEBUG:colcon.colcon_core.event_handler.log_command:Invoked command in '/home/x650/UAV/ROS2/build/location_msgs' returned '0': CMAKE_PREFIX_PATH=${CMAKE_PREFIX_PATH}:/home/x650/UAV/ROS2/install/uav_patrol:/opt/ros/humble /usr/bin/cmake --install /home/x650/UAV/ROS2/build/location_msgs
[1.089s] Level 1:colcon.colcon_core.environment:checking '/home/x650/UAV/ROS2/install/location_msgs' for CMake module files
[1.090s] Level 1:colcon.colcon_core.environment:checking '/home/x650/UAV/ROS2/install/location_msgs' for CMake config files
[1.090s] Level 1:colcon.colcon_core.shell:create_environment_hook('location_msgs', 'cmake_prefix_path')
[1.090s] INFO:colcon.colcon_core.shell:Creating environment hook '/home/x650/UAV/ROS2/install/location_msgs/share/location_msgs/hook/cmake_prefix_path.ps1'
[1.092s] INFO:colcon.colcon_core.shell:Creating environment descriptor '/home/x650/UAV/ROS2/install/location_msgs/share/location_msgs/hook/cmake_prefix_path.dsv'
[1.093s] INFO:colcon.colcon_core.shell:Creating environment hook '/home/x650/UAV/ROS2/install/location_msgs/share/location_msgs/hook/cmake_prefix_path.sh'
[1.095s] Level 1:colcon.colcon_core.environment:checking '/home/x650/UAV/ROS2/install/location_msgs/lib'
[1.095s] Level 1:colcon.colcon_core.shell:create_environment_hook('location_msgs', 'ld_library_path_lib')
[1.096s] INFO:colcon.colcon_core.shell:Creating environment hook '/home/x650/UAV/ROS2/install/location_msgs/share/location_msgs/hook/ld_library_path_lib.ps1'
[1.097s] INFO:colcon.colcon_core.shell:Creating environment descriptor '/home/x650/UAV/ROS2/install/location_msgs/share/location_msgs/hook/ld_library_path_lib.dsv'
[1.097s] INFO:colcon.colcon_core.shell:Creating environment hook '/home/x650/UAV/ROS2/install/location_msgs/share/location_msgs/hook/ld_library_path_lib.sh'
[1.098s] Level 1:colcon.colcon_core.environment:checking '/home/x650/UAV/ROS2/install/location_msgs/bin'
[1.098s] Level 1:colcon.colcon_core.environment:checking '/home/x650/UAV/ROS2/install/location_msgs/lib/pkgconfig/location_msgs.pc'
[1.098s] Level 1:colcon.colcon_core.environment:checking '/home/x650/UAV/ROS2/install/location_msgs/lib/python3.10/site-packages'
[1.098s] Level 1:colcon.colcon_core.environment:checking '/home/x650/UAV/ROS2/install/location_msgs/bin'
[1.099s] INFO:colcon.colcon_core.shell:Creating package script '/home/x650/UAV/ROS2/install/location_msgs/share/location_msgs/package.ps1'
[1.100s] INFO:colcon.colcon_core.shell:Creating package descriptor '/home/x650/UAV/ROS2/install/location_msgs/share/location_msgs/package.dsv'
[1.101s] INFO:colcon.colcon_core.shell:Creating package script '/home/x650/UAV/ROS2/install/location_msgs/share/location_msgs/package.sh'
[1.102s] INFO:colcon.colcon_core.shell:Creating package script '/home/x650/UAV/ROS2/install/location_msgs/share/location_msgs/package.bash'
[1.102s] INFO:colcon.colcon_core.shell:Creating package script '/home/x650/UAV/ROS2/install/location_msgs/share/location_msgs/package.zsh'
[1.103s] Level 1:colcon.colcon_core.environment:create_file_with_runtime_dependencies(/home/x650/UAV/ROS2/install/location_msgs/share/colcon-core/packages/location_msgs)
[1.294s] Level 1:colcon.colcon_core.environment:create_environment_scripts_only(location_msgs)
[1.295s] Level 1:colcon.colcon_core.environment:checking '/home/x650/UAV/ROS2/install/location_msgs' for CMake module files
[1.296s] Level 1:colcon.colcon_core.environment:checking '/home/x650/UAV/ROS2/install/location_msgs' for CMake config files
[1.296s] Level 1:colcon.colcon_core.shell:create_environment_hook('location_msgs', 'cmake_prefix_path')
[1.296s] INFO:colcon.colcon_core.shell:Creating environment hook '/home/x650/UAV/ROS2/install/location_msgs/share/location_msgs/hook/cmake_prefix_path.ps1'
[1.297s] INFO:colcon.colcon_core.shell:Creating environment descriptor '/home/x650/UAV/ROS2/install/location_msgs/share/location_msgs/hook/cmake_prefix_path.dsv'
[1.297s] INFO:colcon.colcon_core.shell:Creating environment hook '/home/x650/UAV/ROS2/install/location_msgs/share/location_msgs/hook/cmake_prefix_path.sh'
[1.298s] Level 1:colcon.colcon_core.environment:checking '/home/x650/UAV/ROS2/install/location_msgs/lib'
[1.298s] Level 1:colcon.colcon_core.shell:create_environment_hook('location_msgs', 'ld_library_path_lib')
[1.298s] INFO:colcon.colcon_core.shell:Creating environment hook '/home/x650/UAV/ROS2/install/location_msgs/share/location_msgs/hook/ld_library_path_lib.ps1'
[1.298s] INFO:colcon.colcon_core.shell:Creating environment descriptor '/home/x650/UAV/ROS2/install/location_msgs/share/location_msgs/hook/ld_library_path_lib.dsv'
[1.299s] INFO:colcon.colcon_core.shell:Creating environment hook '/home/x650/UAV/ROS2/install/location_msgs/share/location_msgs/hook/ld_library_path_lib.sh'
[1.299s] Level 1:colcon.colcon_core.environment:checking '/home/x650/UAV/ROS2/install/location_msgs/bin'
[1.299s] Level 1:colcon.colcon_core.environment:checking '/home/x650/UAV/ROS2/install/location_msgs/lib/pkgconfig/location_msgs.pc'
[1.299s] Level 1:colcon.colcon_core.environment:checking '/home/x650/UAV/ROS2/install/location_msgs/lib/python3.10/site-packages'
[1.299s] Level 1:colcon.colcon_core.environment:checking '/home/x650/UAV/ROS2/install/location_msgs/bin'
[1.300s] INFO:colcon.colcon_core.shell:Creating package script '/home/x650/UAV/ROS2/install/location_msgs/share/location_msgs/package.ps1'
[1.300s] INFO:colcon.colcon_core.shell:Creating package descriptor '/home/x650/UAV/ROS2/install/location_msgs/share/location_msgs/package.dsv'
[1.300s] INFO:colcon.colcon_core.shell:Creating package script '/home/x650/UAV/ROS2/install/location_msgs/share/location_msgs/package.sh'
[1.301s] INFO:colcon.colcon_core.shell:Creating package script '/home/x650/UAV/ROS2/install/location_msgs/share/location_msgs/package.bash'
[1.301s] INFO:colcon.colcon_core.shell:Creating package script '/home/x650/UAV/ROS2/install/location_msgs/share/location_msgs/package.zsh'
[1.301s] Level 1:colcon.colcon_core.environment:create_file_with_runtime_dependencies(/home/x650/UAV/ROS2/install/location_msgs/share/colcon-core/packages/location_msgs)
[1.302s] INFO:colcon.colcon_ros.task.ament_python.build:Building ROS package in '/home/x650/UAV/ROS2/uav_patrol' with build type 'ament_python'
[1.302s] Level 1:colcon.colcon_core.shell:create_environment_hook('uav_patrol', 'ament_prefix_path')
[1.302s] INFO:colcon.colcon_core.shell:Creating environment hook '/home/x650/UAV/ROS2/install/uav_patrol/share/uav_patrol/hook/ament_prefix_path.ps1'
[1.303s] INFO:colcon.colcon_core.shell:Creating environment descriptor '/home/x650/UAV/ROS2/install/uav_patrol/share/uav_patrol/hook/ament_prefix_path.dsv'
[1.303s] INFO:colcon.colcon_core.shell:Creating environment hook '/home/x650/UAV/ROS2/install/uav_patrol/share/uav_patrol/hook/ament_prefix_path.sh'
[1.303s] INFO:colcon.colcon_core.shell:Skip shell extension 'powershell' for command environment: Not usable outside of PowerShell
[1.303s] DEBUG:colcon.colcon_core.shell:Skip shell extension 'dsv' for command environment
[1.600s] INFO:colcon.colcon_core.task.python.build:Building Python package in '/home/x650/UAV/ROS2/uav_patrol'
[1.600s] INFO:colcon.colcon_core.shell:Skip shell extension 'powershell' for command environment: Not usable outside of PowerShell
[1.600s] DEBUG:colcon.colcon_core.shell:Skip shell extension 'dsv' for command environment
[2.063s] DEBUG:colcon.colcon_core.event_handler.log_command:Invoking command in '/home/x650/UAV/ROS2/uav_patrol': PYTHONPATH=/home/x650/UAV/ROS2/build/uav_patrol/prefix_override:/usr/lib/python3/dist-packages/colcon_core/task/python/colcon_distutils_commands:/home/x650/UAV/ROS2/install/uav_patrol/lib/python3.10/site-packages:${PYTHONPATH} /usr/bin/python3 -W ignore:setup.py install is deprecated setup.py egg_info --egg-base ../build/uav_patrol build --build-base /home/x650/UAV/ROS2/build/uav_patrol/build install --record /home/x650/UAV/ROS2/build/uav_patrol/install.log --single-version-externally-managed install_data
[2.512s] Level 1:colcon.colcon_core.environment:checking '/home/x650/UAV/ROS2/install/uav_patrol' for CMake module files
[2.513s] DEBUG:colcon.colcon_core.event_handler.log_command:Invoked command in '/home/x650/UAV/ROS2/uav_patrol' returned '0': PYTHONPATH=/home/x650/UAV/ROS2/build/uav_patrol/prefix_override:/usr/lib/python3/dist-packages/colcon_core/task/python/colcon_distutils_commands:/home/x650/UAV/ROS2/install/uav_patrol/lib/python3.10/site-packages:${PYTHONPATH} /usr/bin/python3 -W ignore:setup.py install is deprecated setup.py egg_info --egg-base ../build/uav_patrol build --build-base /home/x650/UAV/ROS2/build/uav_patrol/build install --record /home/x650/UAV/ROS2/build/uav_patrol/install.log --single-version-externally-managed install_data
[2.513s] Level 1:colcon.colcon_core.environment:checking '/home/x650/UAV/ROS2/install/uav_patrol' for CMake config files
[2.514s] Level 1:colcon.colcon_core.environment:checking '/home/x650/UAV/ROS2/install/uav_patrol/lib'
[2.514s] Level 1:colcon.colcon_core.environment:checking '/home/x650/UAV/ROS2/install/uav_patrol/bin'
[2.514s] Level 1:colcon.colcon_core.environment:checking '/home/x650/UAV/ROS2/install/uav_patrol/lib/pkgconfig/uav_patrol.pc'
[2.515s] Level 1:colcon.colcon_core.environment:checking '/home/x650/UAV/ROS2/install/uav_patrol/lib/python3.10/site-packages'
[2.515s] Level 1:colcon.colcon_core.shell:create_environment_hook('uav_patrol', 'pythonpath')
[2.515s] INFO:colcon.colcon_core.shell:Creating environment hook '/home/x650/UAV/ROS2/install/uav_patrol/share/uav_patrol/hook/pythonpath.ps1'
[2.515s] INFO:colcon.colcon_core.shell:Creating environment descriptor '/home/x650/UAV/ROS2/install/uav_patrol/share/uav_patrol/hook/pythonpath.dsv'
[2.516s] INFO:colcon.colcon_core.shell:Creating environment hook '/home/x650/UAV/ROS2/install/uav_patrol/share/uav_patrol/hook/pythonpath.sh'
[2.516s] Level 1:colcon.colcon_core.environment:checking '/home/x650/UAV/ROS2/install/uav_patrol/bin'
[2.516s] Level 1:colcon.colcon_core.environment:create_environment_scripts_only(uav_patrol)
[2.516s] INFO:colcon.colcon_core.shell:Creating package script '/home/x650/UAV/ROS2/install/uav_patrol/share/uav_patrol/package.ps1'
[2.516s] INFO:colcon.colcon_core.shell:Creating package descriptor '/home/x650/UAV/ROS2/install/uav_patrol/share/uav_patrol/package.dsv'
[2.517s] INFO:colcon.colcon_core.shell:Creating package script '/home/x650/UAV/ROS2/install/uav_patrol/share/uav_patrol/package.sh'
[2.517s] INFO:colcon.colcon_core.shell:Creating package script '/home/x650/UAV/ROS2/install/uav_patrol/share/uav_patrol/package.bash'
[2.517s] INFO:colcon.colcon_core.shell:Creating package script '/home/x650/UAV/ROS2/install/uav_patrol/share/uav_patrol/package.zsh'
[2.517s] Level 1:colcon.colcon_core.environment:create_file_with_runtime_dependencies(/home/x650/UAV/ROS2/install/uav_patrol/share/colcon-core/packages/uav_patrol)
[2.517s] DEBUG:colcon.colcon_parallel_executor.executor.parallel:closing loop
[2.518s] DEBUG:colcon.colcon_parallel_executor.executor.parallel:loop closed
[2.518s] DEBUG:colcon.colcon_parallel_executor.executor.parallel:run_until_complete finished with '0'
[2.518s] DEBUG:colcon.colcon_core.event_reactor:joining thread
[2.524s] INFO:colcon.colcon_core.plugin_system:Skipping extension 'colcon_notification.desktop_notification.terminal_notifier': Not used on non-Darwin systems
[2.524s] INFO:colcon.colcon_core.plugin_system:Skipping extension 'colcon_notification.desktop_notification.win32': Not used on non-Windows systems
[2.524s] INFO:colcon.colcon_notification.desktop_notification:Sending desktop notification using 'notify2'
[2.545s] DEBUG:colcon.colcon_core.event_reactor:joined thread
[2.545s] INFO:colcon.colcon_core.shell:Creating prefix script '/home/x650/UAV/ROS2/install/local_setup.ps1'
[2.547s] INFO:colcon.colcon_core.shell:Creating prefix util module '/home/x650/UAV/ROS2/install/_local_setup_util_ps1.py'
[2.548s] INFO:colcon.colcon_core.shell:Creating prefix chain script '/home/x650/UAV/ROS2/install/setup.ps1'
[2.551s] INFO:colcon.colcon_core.shell:Creating prefix script '/home/x650/UAV/ROS2/install/local_setup.sh'
[2.553s] INFO:colcon.colcon_core.shell:Creating prefix util module '/home/x650/UAV/ROS2/install/_local_setup_util_sh.py'
[2.554s] INFO:colcon.colcon_core.shell:Creating prefix chain script '/home/x650/UAV/ROS2/install/setup.sh'
[2.558s] INFO:colcon.colcon_core.shell:Creating prefix script '/home/x650/UAV/ROS2/install/local_setup.bash'
[2.559s] INFO:colcon.colcon_core.shell:Creating prefix chain script '/home/x650/UAV/ROS2/install/setup.bash'
[2.561s] INFO:colcon.colcon_core.shell:Creating prefix script '/home/x650/UAV/ROS2/install/local_setup.zsh'
[2.562s] INFO:colcon.colcon_core.shell:Creating prefix chain script '/home/x650/UAV/ROS2/install/setup.zsh'
