[0.019s] Invoking command in '/home/x650/UAV/ROS2/build/location_msgs': CMAKE_PREFIX_PATH=${CMAKE_PREFIX_PATH}:/home/x650/UAV/ROS2/install/uav_patrol:/opt/ros/humble /usr/bin/cmake --build /home/x650/UAV/ROS2/build/location_msgs -- -j16 -l16
[0.140s] [  1%] Built target location_msgs__cpp
[0.159s] [ 12%] Built target location_msgs__rosidl_generator_c
[0.166s] [ 12%] Built target ament_cmake_python_copy_location_msgs
[0.211s] [ 23%] Built target location_msgs__rosidl_typesupport_cpp
[0.216s] [ 34%] Built target location_msgs__rosidl_typesupport_introspection_cpp
[0.217s] [ 63%] Built target location_msgs__rosidl_typesupport_c
[0.218s] [ 68%] Built target location_msgs__rosidl_typesupport_fastrtps_cpp
[0.218s] [ 68%] Built target location_msgs__rosidl_typesupport_introspection_c
[0.228s] [ 79%] Built target location_msgs__rosidl_typesupport_fastrtps_c
[0.260s] [ 79%] Built target location_msgs
[0.292s] [ 80%] Built target location_msgs__py
[0.333s] [ 90%] Built target location_msgs__rosidl_generator_py
[0.368s] [ 93%] Built target location_msgs__rosidl_typesupport_c__pyext
[0.368s] [ 96%] Built target location_msgs__rosidl_typesupport_fastrtps_c__pyext
[0.372s] [100%] Built target location_msgs__rosidl_typesupport_introspection_c__pyext
[0.486s] running egg_info
[0.512s] writing location_msgs.egg-info/PKG-INFO
[0.513s] writing dependency_links to location_msgs.egg-info/dependency_links.txt
[0.513s] writing top-level names to location_msgs.egg-info/top_level.txt
[0.579s] reading manifest file 'location_msgs.egg-info/SOURCES.txt'
[0.581s] writing manifest file 'location_msgs.egg-info/SOURCES.txt'
[0.633s] [100%] Built target ament_cmake_python_build_location_msgs_egg
[0.652s] Invoked command in '/home/x650/UAV/ROS2/build/location_msgs' returned '0': CMAKE_PREFIX_PATH=${CMAKE_PREFIX_PATH}:/home/x650/UAV/ROS2/install/uav_patrol:/opt/ros/humble /usr/bin/cmake --build /home/x650/UAV/ROS2/build/location_msgs -- -j16 -l16
[0.958s] Invoking command in '/home/x650/UAV/ROS2/build/location_msgs': CMAKE_PREFIX_PATH=${CMAKE_PREFIX_PATH}:/home/x650/UAV/ROS2/install/uav_patrol:/opt/ros/humble /usr/bin/cmake --install /home/x650/UAV/ROS2/build/location_msgs
[0.976s] -- Install configuration: ""
[0.977s] -- Up-to-date: /home/x650/UAV/ROS2/install/location_msgs/share/ament_index/resource_index/rosidl_interfaces/location_msgs
[0.977s] -- Up-to-date: /home/x650/UAV/ROS2/install/location_msgs/include/location_msgs/location_msgs
[0.977s] -- Up-to-date: /home/x650/UAV/ROS2/install/location_msgs/include/location_msgs/location_msgs/msg
[0.977s] -- Up-to-date: /home/x650/UAV/ROS2/install/location_msgs/include/location_msgs/location_msgs/msg/defect_box.h
[0.977s] -- Up-to-date: /home/x650/UAV/ROS2/install/location_msgs/include/location_msgs/location_msgs/msg/pixel_point.h
[0.977s] -- Up-to-date: /home/x650/UAV/ROS2/install/location_msgs/include/location_msgs/location_msgs/msg/yaw.h
[0.977s] -- Up-to-date: /home/x650/UAV/ROS2/install/location_msgs/include/location_msgs/location_msgs/msg/detail
[0.977s] -- Up-to-date: /home/x650/UAV/ROS2/install/location_msgs/include/location_msgs/location_msgs/msg/detail/defects__type_support.h
[0.978s] -- Up-to-date: /home/x650/UAV/ROS2/install/location_msgs/include/location_msgs/location_msgs/msg/detail/mix__type_support.h
[0.978s] -- Up-to-date: /home/x650/UAV/ROS2/install/location_msgs/include/location_msgs/location_msgs/msg/detail/mix__functions.h
[0.978s] -- Up-to-date: /home/x650/UAV/ROS2/install/location_msgs/include/location_msgs/location_msgs/msg/detail/defects__functions.h
[0.978s] -- Up-to-date: /home/x650/UAV/ROS2/install/location_msgs/include/location_msgs/location_msgs/msg/detail/pixel_point__functions.h
[0.978s] -- Up-to-date: /home/x650/UAV/ROS2/install/location_msgs/include/location_msgs/location_msgs/msg/detail/pixel_point__type_support.h
[0.978s] -- Up-to-date: /home/x650/UAV/ROS2/install/location_msgs/include/location_msgs/location_msgs/msg/detail/defect_box__struct.h
[0.978s] -- Up-to-date: /home/x650/UAV/ROS2/install/location_msgs/include/location_msgs/location_msgs/msg/detail/mix__struct.h
[0.978s] -- Up-to-date: /home/x650/UAV/ROS2/install/location_msgs/include/location_msgs/location_msgs/msg/detail/defect_box__functions.h
[0.978s] -- Up-to-date: /home/x650/UAV/ROS2/install/location_msgs/include/location_msgs/location_msgs/msg/detail/defect_box__functions.c
[0.978s] -- Up-to-date: /home/x650/UAV/ROS2/install/location_msgs/include/location_msgs/location_msgs/msg/detail/defects__functions.c
[0.978s] -- Up-to-date: /home/x650/UAV/ROS2/install/location_msgs/include/location_msgs/location_msgs/msg/detail/defect_box__type_support.h
[0.978s] -- Up-to-date: /home/x650/UAV/ROS2/install/location_msgs/include/location_msgs/location_msgs/msg/detail/yaw__type_support.h
[0.978s] -- Up-to-date: /home/x650/UAV/ROS2/install/location_msgs/include/location_msgs/location_msgs/msg/detail/yaw__struct.h
[0.978s] -- Up-to-date: /home/x650/UAV/ROS2/install/location_msgs/include/location_msgs/location_msgs/msg/detail/mix__functions.c
[0.979s] -- Up-to-date: /home/x650/UAV/ROS2/install/location_msgs/include/location_msgs/location_msgs/msg/detail/yaw__functions.h
[0.979s] -- Up-to-date: /home/x650/UAV/ROS2/install/location_msgs/include/location_msgs/location_msgs/msg/detail/yaw__functions.c
[0.979s] -- Up-to-date: /home/x650/UAV/ROS2/install/location_msgs/include/location_msgs/location_msgs/msg/detail/defects__struct.h
[0.979s] -- Up-to-date: /home/x650/UAV/ROS2/install/location_msgs/include/location_msgs/location_msgs/msg/detail/pixel_point__functions.c
[0.979s] -- Up-to-date: /home/x650/UAV/ROS2/install/location_msgs/include/location_msgs/location_msgs/msg/detail/pixel_point__struct.h
[0.979s] -- Up-to-date: /home/x650/UAV/ROS2/install/location_msgs/include/location_msgs/location_msgs/msg/defects.h
[0.979s] -- Up-to-date: /home/x650/UAV/ROS2/install/location_msgs/include/location_msgs/location_msgs/msg/mix.h
[0.979s] -- Up-to-date: /home/x650/UAV/ROS2/install/location_msgs/include/location_msgs/location_msgs/msg/rosidl_generator_c__visibility_control.h
[0.979s] -- Up-to-date: /home/x650/UAV/ROS2/install/location_msgs/share/location_msgs/environment/library_path.sh
[0.979s] -- Up-to-date: /home/x650/UAV/ROS2/install/location_msgs/share/location_msgs/environment/library_path.dsv
[0.979s] -- Up-to-date: /home/x650/UAV/ROS2/install/location_msgs/lib/liblocation_msgs__rosidl_generator_c.so
[0.979s] -- Up-to-date: /home/x650/UAV/ROS2/install/location_msgs/include/location_msgs/location_msgs
[0.979s] -- Up-to-date: /home/x650/UAV/ROS2/install/location_msgs/include/location_msgs/location_msgs/msg
[0.979s] -- Up-to-date: /home/x650/UAV/ROS2/install/location_msgs/include/location_msgs/location_msgs/msg/detail
[0.979s] -- Up-to-date: /home/x650/UAV/ROS2/install/location_msgs/include/location_msgs/location_msgs/msg/detail/yaw__rosidl_typesupport_fastrtps_c.h
[0.980s] -- Up-to-date: /home/x650/UAV/ROS2/install/location_msgs/include/location_msgs/location_msgs/msg/detail/pixel_point__rosidl_typesupport_fastrtps_c.h
[0.980s] -- Up-to-date: /home/x650/UAV/ROS2/install/location_msgs/include/location_msgs/location_msgs/msg/detail/mix__rosidl_typesupport_fastrtps_c.h
[0.980s] -- Up-to-date: /home/x650/UAV/ROS2/install/location_msgs/include/location_msgs/location_msgs/msg/detail/defect_box__rosidl_typesupport_fastrtps_c.h
[0.980s] -- Up-to-date: /home/x650/UAV/ROS2/install/location_msgs/include/location_msgs/location_msgs/msg/detail/defects__rosidl_typesupport_fastrtps_c.h
[0.980s] -- Up-to-date: /home/x650/UAV/ROS2/install/location_msgs/include/location_msgs/location_msgs/msg/rosidl_typesupport_fastrtps_c__visibility_control.h
[0.980s] -- Up-to-date: /home/x650/UAV/ROS2/install/location_msgs/lib/liblocation_msgs__rosidl_typesupport_fastrtps_c.so
[0.980s] -- Up-to-date: /home/x650/UAV/ROS2/install/location_msgs/include/location_msgs/location_msgs
[0.980s] -- Up-to-date: /home/x650/UAV/ROS2/install/location_msgs/include/location_msgs/location_msgs/msg
[0.980s] -- Up-to-date: /home/x650/UAV/ROS2/install/location_msgs/include/location_msgs/location_msgs/msg/rosidl_typesupport_introspection_c__visibility_control.h
[0.980s] -- Up-to-date: /home/x650/UAV/ROS2/install/location_msgs/include/location_msgs/location_msgs/msg/detail
[0.980s] -- Up-to-date: /home/x650/UAV/ROS2/install/location_msgs/include/location_msgs/location_msgs/msg/detail/defects__rosidl_typesupport_introspection_c.h
[0.980s] -- Up-to-date: /home/x650/UAV/ROS2/install/location_msgs/include/location_msgs/location_msgs/msg/detail/yaw__type_support.c
[0.980s] -- Up-to-date: /home/x650/UAV/ROS2/install/location_msgs/include/location_msgs/location_msgs/msg/detail/defects__type_support.c
[0.980s] -- Up-to-date: /home/x650/UAV/ROS2/install/location_msgs/include/location_msgs/location_msgs/msg/detail/pixel_point__type_support.c
[0.980s] -- Up-to-date: /home/x650/UAV/ROS2/install/location_msgs/include/location_msgs/location_msgs/msg/detail/pixel_point__rosidl_typesupport_introspection_c.h
[0.981s] -- Up-to-date: /home/x650/UAV/ROS2/install/location_msgs/include/location_msgs/location_msgs/msg/detail/yaw__rosidl_typesupport_introspection_c.h
[0.981s] -- Up-to-date: /home/x650/UAV/ROS2/install/location_msgs/include/location_msgs/location_msgs/msg/detail/mix__type_support.c
[0.981s] -- Up-to-date: /home/x650/UAV/ROS2/install/location_msgs/include/location_msgs/location_msgs/msg/detail/mix__rosidl_typesupport_introspection_c.h
[0.981s] -- Up-to-date: /home/x650/UAV/ROS2/install/location_msgs/include/location_msgs/location_msgs/msg/detail/defect_box__type_support.c
[0.981s] -- Up-to-date: /home/x650/UAV/ROS2/install/location_msgs/include/location_msgs/location_msgs/msg/detail/defect_box__rosidl_typesupport_introspection_c.h
[0.981s] -- Up-to-date: /home/x650/UAV/ROS2/install/location_msgs/lib/liblocation_msgs__rosidl_typesupport_introspection_c.so
[0.981s] -- Up-to-date: /home/x650/UAV/ROS2/install/location_msgs/lib/liblocation_msgs__rosidl_typesupport_c.so
[0.981s] -- Up-to-date: /home/x650/UAV/ROS2/install/location_msgs/include/location_msgs/location_msgs
[0.981s] -- Up-to-date: /home/x650/UAV/ROS2/install/location_msgs/include/location_msgs/location_msgs/msg
[0.981s] -- Up-to-date: /home/x650/UAV/ROS2/install/location_msgs/include/location_msgs/location_msgs/msg/detail
[0.981s] -- Up-to-date: /home/x650/UAV/ROS2/install/location_msgs/include/location_msgs/location_msgs/msg/detail/defect_box__builder.hpp
[0.981s] -- Up-to-date: /home/x650/UAV/ROS2/install/location_msgs/include/location_msgs/location_msgs/msg/detail/yaw__struct.hpp
[0.981s] -- Up-to-date: /home/x650/UAV/ROS2/install/location_msgs/include/location_msgs/location_msgs/msg/detail/pixel_point__traits.hpp
[0.981s] -- Up-to-date: /home/x650/UAV/ROS2/install/location_msgs/include/location_msgs/location_msgs/msg/detail/yaw__traits.hpp
[0.981s] -- Up-to-date: /home/x650/UAV/ROS2/install/location_msgs/include/location_msgs/location_msgs/msg/detail/yaw__builder.hpp
[0.981s] -- Up-to-date: /home/x650/UAV/ROS2/install/location_msgs/include/location_msgs/location_msgs/msg/detail/defects__builder.hpp
[0.981s] -- Up-to-date: /home/x650/UAV/ROS2/install/location_msgs/include/location_msgs/location_msgs/msg/detail/mix__builder.hpp
[0.981s] -- Up-to-date: /home/x650/UAV/ROS2/install/location_msgs/include/location_msgs/location_msgs/msg/detail/mix__struct.hpp
[0.981s] -- Up-to-date: /home/x650/UAV/ROS2/install/location_msgs/include/location_msgs/location_msgs/msg/detail/defects__struct.hpp
[0.981s] -- Up-to-date: /home/x650/UAV/ROS2/install/location_msgs/include/location_msgs/location_msgs/msg/detail/pixel_point__struct.hpp
[0.982s] -- Up-to-date: /home/x650/UAV/ROS2/install/location_msgs/include/location_msgs/location_msgs/msg/detail/mix__traits.hpp
[0.982s] -- Up-to-date: /home/x650/UAV/ROS2/install/location_msgs/include/location_msgs/location_msgs/msg/detail/pixel_point__builder.hpp
[0.982s] -- Up-to-date: /home/x650/UAV/ROS2/install/location_msgs/include/location_msgs/location_msgs/msg/detail/defects__traits.hpp
[0.982s] -- Up-to-date: /home/x650/UAV/ROS2/install/location_msgs/include/location_msgs/location_msgs/msg/detail/defect_box__struct.hpp
[0.982s] -- Up-to-date: /home/x650/UAV/ROS2/install/location_msgs/include/location_msgs/location_msgs/msg/detail/defect_box__traits.hpp
[0.982s] -- Up-to-date: /home/x650/UAV/ROS2/install/location_msgs/include/location_msgs/location_msgs/msg/defect_box.hpp
[0.982s] -- Up-to-date: /home/x650/UAV/ROS2/install/location_msgs/include/location_msgs/location_msgs/msg/mix.hpp
[0.982s] -- Up-to-date: /home/x650/UAV/ROS2/install/location_msgs/include/location_msgs/location_msgs/msg/pixel_point.hpp
[0.982s] -- Up-to-date: /home/x650/UAV/ROS2/install/location_msgs/include/location_msgs/location_msgs/msg/yaw.hpp
[0.982s] -- Up-to-date: /home/x650/UAV/ROS2/install/location_msgs/include/location_msgs/location_msgs/msg/defects.hpp
[0.982s] -- Up-to-date: /home/x650/UAV/ROS2/install/location_msgs/include/location_msgs/location_msgs
[0.982s] -- Up-to-date: /home/x650/UAV/ROS2/install/location_msgs/include/location_msgs/location_msgs/msg
[0.982s] -- Up-to-date: /home/x650/UAV/ROS2/install/location_msgs/include/location_msgs/location_msgs/msg/detail
[0.982s] -- Up-to-date: /home/x650/UAV/ROS2/install/location_msgs/include/location_msgs/location_msgs/msg/detail/pixel_point__rosidl_typesupport_fastrtps_cpp.hpp
[0.982s] -- Up-to-date: /home/x650/UAV/ROS2/install/location_msgs/include/location_msgs/location_msgs/msg/detail/defects__rosidl_typesupport_fastrtps_cpp.hpp
[0.982s] -- Up-to-date: /home/x650/UAV/ROS2/install/location_msgs/include/location_msgs/location_msgs/msg/detail/mix__rosidl_typesupport_fastrtps_cpp.hpp
[0.982s] -- Up-to-date: /home/x650/UAV/ROS2/install/location_msgs/include/location_msgs/location_msgs/msg/detail/defect_box__rosidl_typesupport_fastrtps_cpp.hpp
[0.982s] -- Up-to-date: /home/x650/UAV/ROS2/install/location_msgs/include/location_msgs/location_msgs/msg/detail/yaw__rosidl_typesupport_fastrtps_cpp.hpp
[0.982s] -- Up-to-date: /home/x650/UAV/ROS2/install/location_msgs/include/location_msgs/location_msgs/msg/detail/dds_fastrtps
[0.982s] -- Up-to-date: /home/x650/UAV/ROS2/install/location_msgs/include/location_msgs/location_msgs/msg/rosidl_typesupport_fastrtps_cpp__visibility_control.h
[0.982s] -- Up-to-date: /home/x650/UAV/ROS2/install/location_msgs/lib/liblocation_msgs__rosidl_typesupport_fastrtps_cpp.so
[0.982s] -- Up-to-date: /home/x650/UAV/ROS2/install/location_msgs/include/location_msgs/location_msgs
[0.983s] -- Up-to-date: /home/x650/UAV/ROS2/install/location_msgs/include/location_msgs/location_msgs/msg
[0.983s] -- Up-to-date: /home/x650/UAV/ROS2/install/location_msgs/include/location_msgs/location_msgs/msg/detail
[0.983s] -- Up-to-date: /home/x650/UAV/ROS2/install/location_msgs/include/location_msgs/location_msgs/msg/detail/defect_box__rosidl_typesupport_introspection_cpp.hpp
[0.983s] -- Up-to-date: /home/x650/UAV/ROS2/install/location_msgs/include/location_msgs/location_msgs/msg/detail/defect_box__type_support.cpp
[0.983s] -- Up-to-date: /home/x650/UAV/ROS2/install/location_msgs/include/location_msgs/location_msgs/msg/detail/mix__rosidl_typesupport_introspection_cpp.hpp
[0.983s] -- Up-to-date: /home/x650/UAV/ROS2/install/location_msgs/include/location_msgs/location_msgs/msg/detail/yaw__rosidl_typesupport_introspection_cpp.hpp
[0.983s] -- Up-to-date: /home/x650/UAV/ROS2/install/location_msgs/include/location_msgs/location_msgs/msg/detail/yaw__type_support.cpp
[0.983s] -- Up-to-date: /home/x650/UAV/ROS2/install/location_msgs/include/location_msgs/location_msgs/msg/detail/pixel_point__type_support.cpp
[0.983s] -- Up-to-date: /home/x650/UAV/ROS2/install/location_msgs/include/location_msgs/location_msgs/msg/detail/defects__rosidl_typesupport_introspection_cpp.hpp
[0.983s] -- Up-to-date: /home/x650/UAV/ROS2/install/location_msgs/include/location_msgs/location_msgs/msg/detail/pixel_point__rosidl_typesupport_introspection_cpp.hpp
[0.983s] -- Up-to-date: /home/x650/UAV/ROS2/install/location_msgs/include/location_msgs/location_msgs/msg/detail/defects__type_support.cpp
[0.983s] -- Up-to-date: /home/x650/UAV/ROS2/install/location_msgs/include/location_msgs/location_msgs/msg/detail/mix__type_support.cpp
[0.983s] -- Up-to-date: /home/x650/UAV/ROS2/install/location_msgs/lib/liblocation_msgs__rosidl_typesupport_introspection_cpp.so
[0.983s] -- Up-to-date: /home/x650/UAV/ROS2/install/location_msgs/lib/liblocation_msgs__rosidl_typesupport_cpp.so
[0.983s] -- Up-to-date: /home/x650/UAV/ROS2/install/location_msgs/share/location_msgs/environment/pythonpath.sh
[0.983s] -- Up-to-date: /home/x650/UAV/ROS2/install/location_msgs/share/location_msgs/environment/pythonpath.dsv
[0.983s] -- Up-to-date: /home/x650/UAV/ROS2/install/location_msgs/local/lib/python3.10/dist-packages/location_msgs-2.0.0-py3.10.egg-info
[0.983s] -- Installing: /home/x650/UAV/ROS2/install/location_msgs/local/lib/python3.10/dist-packages/location_msgs-2.0.0-py3.10.egg-info/dependency_links.txt
[0.983s] -- Installing: /home/x650/UAV/ROS2/install/location_msgs/local/lib/python3.10/dist-packages/location_msgs-2.0.0-py3.10.egg-info/PKG-INFO
[0.984s] -- Installing: /home/x650/UAV/ROS2/install/location_msgs/local/lib/python3.10/dist-packages/location_msgs-2.0.0-py3.10.egg-info/top_level.txt
[0.984s] -- Installing: /home/x650/UAV/ROS2/install/location_msgs/local/lib/python3.10/dist-packages/location_msgs-2.0.0-py3.10.egg-info/SOURCES.txt
[0.984s] -- Up-to-date: /home/x650/UAV/ROS2/install/location_msgs/local/lib/python3.10/dist-packages/location_msgs
[0.984s] -- Up-to-date: /home/x650/UAV/ROS2/install/location_msgs/local/lib/python3.10/dist-packages/location_msgs/location_msgs_s__rosidl_typesupport_c.cpython-310-x86_64-linux-gnu.so
[0.984s] -- Up-to-date: /home/x650/UAV/ROS2/install/location_msgs/local/lib/python3.10/dist-packages/location_msgs/_location_msgs_s.ep.rosidl_typesupport_fastrtps_c.c
[0.984s] -- Up-to-date: /home/x650/UAV/ROS2/install/location_msgs/local/lib/python3.10/dist-packages/location_msgs/location_msgs_s__rosidl_typesupport_introspection_c.cpython-310-x86_64-linux-gnu.so
[0.984s] -- Up-to-date: /home/x650/UAV/ROS2/install/location_msgs/local/lib/python3.10/dist-packages/location_msgs/liblocation_msgs__rosidl_generator_py.so
[0.984s] -- Up-to-date: /home/x650/UAV/ROS2/install/location_msgs/local/lib/python3.10/dist-packages/location_msgs/location_msgs_s__rosidl_typesupport_fastrtps_c.cpython-310-x86_64-linux-gnu.so
[0.984s] -- Up-to-date: /home/x650/UAV/ROS2/install/location_msgs/local/lib/python3.10/dist-packages/location_msgs/_location_msgs_s.ep.rosidl_typesupport_c.c
[0.984s] -- Up-to-date: /home/x650/UAV/ROS2/install/location_msgs/local/lib/python3.10/dist-packages/location_msgs/_location_msgs_s.ep.rosidl_typesupport_introspection_c.c
[0.984s] -- Up-to-date: /home/x650/UAV/ROS2/install/location_msgs/local/lib/python3.10/dist-packages/location_msgs/__init__.py
[0.984s] -- Up-to-date: /home/x650/UAV/ROS2/install/location_msgs/local/lib/python3.10/dist-packages/location_msgs/msg
[0.984s] -- Up-to-date: /home/x650/UAV/ROS2/install/location_msgs/local/lib/python3.10/dist-packages/location_msgs/msg/_yaw_s.c
[0.984s] -- Up-to-date: /home/x650/UAV/ROS2/install/location_msgs/local/lib/python3.10/dist-packages/location_msgs/msg/_pixel_point_s.c
[0.984s] -- Up-to-date: /home/x650/UAV/ROS2/install/location_msgs/local/lib/python3.10/dist-packages/location_msgs/msg/_defect_box_s.c
[0.985s] -- Up-to-date: /home/x650/UAV/ROS2/install/location_msgs/local/lib/python3.10/dist-packages/location_msgs/msg/_pixel_point.py
[0.985s] -- Up-to-date: /home/x650/UAV/ROS2/install/location_msgs/local/lib/python3.10/dist-packages/location_msgs/msg/__init__.py
[0.985s] -- Up-to-date: /home/x650/UAV/ROS2/install/location_msgs/local/lib/python3.10/dist-packages/location_msgs/msg/_yaw.py
[0.985s] -- Up-to-date: /home/x650/UAV/ROS2/install/location_msgs/local/lib/python3.10/dist-packages/location_msgs/msg/_mix.py
[0.985s] -- Up-to-date: /home/x650/UAV/ROS2/install/location_msgs/local/lib/python3.10/dist-packages/location_msgs/msg/_mix_s.c
[0.985s] -- Up-to-date: /home/x650/UAV/ROS2/install/location_msgs/local/lib/python3.10/dist-packages/location_msgs/msg/_defects.py
[0.985s] -- Up-to-date: /home/x650/UAV/ROS2/install/location_msgs/local/lib/python3.10/dist-packages/location_msgs/msg/_defects_s.c
[0.985s] -- Up-to-date: /home/x650/UAV/ROS2/install/location_msgs/local/lib/python3.10/dist-packages/location_msgs/msg/_defect_box.py
[1.022s] Listing '/home/x650/UAV/ROS2/install/location_msgs/local/lib/python3.10/dist-packages/location_msgs'...
[1.022s] Listing '/home/x650/UAV/ROS2/install/location_msgs/local/lib/python3.10/dist-packages/location_msgs/msg'...
[1.033s] -- Up-to-date: /home/x650/UAV/ROS2/install/location_msgs/local/lib/python3.10/dist-packages/location_msgs/location_msgs_s__rosidl_typesupport_fastrtps_c.cpython-310-x86_64-linux-gnu.so
[1.033s] -- Up-to-date: /home/x650/UAV/ROS2/install/location_msgs/local/lib/python3.10/dist-packages/location_msgs/location_msgs_s__rosidl_typesupport_introspection_c.cpython-310-x86_64-linux-gnu.so
[1.034s] -- Up-to-date: /home/x650/UAV/ROS2/install/location_msgs/local/lib/python3.10/dist-packages/location_msgs/location_msgs_s__rosidl_typesupport_c.cpython-310-x86_64-linux-gnu.so
[1.034s] -- Up-to-date: /home/x650/UAV/ROS2/install/location_msgs/lib/liblocation_msgs__rosidl_generator_py.so
[1.034s] -- Up-to-date: /home/x650/UAV/ROS2/install/location_msgs/share/location_msgs/msg/Mix.idl
[1.034s] -- Up-to-date: /home/x650/UAV/ROS2/install/location_msgs/share/location_msgs/msg/PixelPoint.idl
[1.034s] -- Up-to-date: /home/x650/UAV/ROS2/install/location_msgs/share/location_msgs/msg/DefectBox.idl
[1.034s] -- Up-to-date: /home/x650/UAV/ROS2/install/location_msgs/share/location_msgs/msg/Defects.idl
[1.034s] -- Up-to-date: /home/x650/UAV/ROS2/install/location_msgs/share/location_msgs/msg/Yaw.idl
[1.035s] -- Up-to-date: /home/x650/UAV/ROS2/install/location_msgs/share/location_msgs/msg/Mix.msg
[1.035s] -- Up-to-date: /home/x650/UAV/ROS2/install/location_msgs/share/location_msgs/msg/PixelPoint.msg
[1.035s] -- Up-to-date: /home/x650/UAV/ROS2/install/location_msgs/share/location_msgs/msg/DefectBox.msg
[1.035s] -- Up-to-date: /home/x650/UAV/ROS2/install/location_msgs/share/location_msgs/msg/Defects.msg
[1.035s] -- Up-to-date: /home/x650/UAV/ROS2/install/location_msgs/share/location_msgs/msg/Yaw.msg
[1.036s] -- Up-to-date: /home/x650/UAV/ROS2/install/location_msgs/share/ament_index/resource_index/package_run_dependencies/location_msgs
[1.036s] -- Up-to-date: /home/x650/UAV/ROS2/install/location_msgs/share/ament_index/resource_index/parent_prefix_path/location_msgs
[1.036s] -- Up-to-date: /home/x650/UAV/ROS2/install/location_msgs/share/location_msgs/environment/ament_prefix_path.sh
[1.036s] -- Up-to-date: /home/x650/UAV/ROS2/install/location_msgs/share/location_msgs/environment/ament_prefix_path.dsv
[1.037s] -- Up-to-date: /home/x650/UAV/ROS2/install/location_msgs/share/location_msgs/environment/path.sh
[1.037s] -- Up-to-date: /home/x650/UAV/ROS2/install/location_msgs/share/location_msgs/environment/path.dsv
[1.037s] -- Up-to-date: /home/x650/UAV/ROS2/install/location_msgs/share/location_msgs/local_setup.bash
[1.037s] -- Up-to-date: /home/x650/UAV/ROS2/install/location_msgs/share/location_msgs/local_setup.sh
[1.037s] -- Up-to-date: /home/x650/UAV/ROS2/install/location_msgs/share/location_msgs/local_setup.zsh
[1.037s] -- Up-to-date: /home/x650/UAV/ROS2/install/location_msgs/share/location_msgs/local_setup.dsv
[1.037s] -- Installing: /home/x650/UAV/ROS2/install/location_msgs/share/location_msgs/package.dsv
[1.037s] -- Up-to-date: /home/x650/UAV/ROS2/install/location_msgs/share/ament_index/resource_index/packages/location_msgs
[1.037s] -- Up-to-date: /home/x650/UAV/ROS2/install/location_msgs/share/location_msgs/cmake/export_location_msgs__rosidl_generator_cExport.cmake
[1.037s] -- Up-to-date: /home/x650/UAV/ROS2/install/location_msgs/share/location_msgs/cmake/export_location_msgs__rosidl_generator_cExport-noconfig.cmake
[1.038s] -- Up-to-date: /home/x650/UAV/ROS2/install/location_msgs/share/location_msgs/cmake/export_location_msgs__rosidl_typesupport_fastrtps_cExport.cmake
[1.038s] -- Up-to-date: /home/x650/UAV/ROS2/install/location_msgs/share/location_msgs/cmake/export_location_msgs__rosidl_typesupport_fastrtps_cExport-noconfig.cmake
[1.038s] -- Up-to-date: /home/x650/UAV/ROS2/install/location_msgs/share/location_msgs/cmake/location_msgs__rosidl_typesupport_introspection_cExport.cmake
[1.038s] -- Up-to-date: /home/x650/UAV/ROS2/install/location_msgs/share/location_msgs/cmake/location_msgs__rosidl_typesupport_introspection_cExport-noconfig.cmake
[1.038s] -- Up-to-date: /home/x650/UAV/ROS2/install/location_msgs/share/location_msgs/cmake/location_msgs__rosidl_typesupport_cExport.cmake
[1.038s] -- Up-to-date: /home/x650/UAV/ROS2/install/location_msgs/share/location_msgs/cmake/location_msgs__rosidl_typesupport_cExport-noconfig.cmake
[1.039s] -- Up-to-date: /home/x650/UAV/ROS2/install/location_msgs/share/location_msgs/cmake/export_location_msgs__rosidl_generator_cppExport.cmake
[1.039s] -- Up-to-date: /home/x650/UAV/ROS2/install/location_msgs/share/location_msgs/cmake/export_location_msgs__rosidl_typesupport_fastrtps_cppExport.cmake
[1.039s] -- Up-to-date: /home/x650/UAV/ROS2/install/location_msgs/share/location_msgs/cmake/export_location_msgs__rosidl_typesupport_fastrtps_cppExport-noconfig.cmake
[1.040s] -- Up-to-date: /home/x650/UAV/ROS2/install/location_msgs/share/location_msgs/cmake/location_msgs__rosidl_typesupport_introspection_cppExport.cmake
[1.040s] -- Up-to-date: /home/x650/UAV/ROS2/install/location_msgs/share/location_msgs/cmake/location_msgs__rosidl_typesupport_introspection_cppExport-noconfig.cmake
[1.040s] -- Up-to-date: /home/x650/UAV/ROS2/install/location_msgs/share/location_msgs/cmake/location_msgs__rosidl_typesupport_cppExport.cmake
[1.040s] -- Up-to-date: /home/x650/UAV/ROS2/install/location_msgs/share/location_msgs/cmake/location_msgs__rosidl_typesupport_cppExport-noconfig.cmake
[1.041s] -- Up-to-date: /home/x650/UAV/ROS2/install/location_msgs/share/location_msgs/cmake/export_location_msgs__rosidl_generator_pyExport.cmake
[1.041s] -- Up-to-date: /home/x650/UAV/ROS2/install/location_msgs/share/location_msgs/cmake/export_location_msgs__rosidl_generator_pyExport-noconfig.cmake
[1.041s] -- Up-to-date: /home/x650/UAV/ROS2/install/location_msgs/share/location_msgs/cmake/rosidl_cmake-extras.cmake
[1.041s] -- Up-to-date: /home/x650/UAV/ROS2/install/location_msgs/share/location_msgs/cmake/ament_cmake_export_dependencies-extras.cmake
[1.041s] -- Up-to-date: /home/x650/UAV/ROS2/install/location_msgs/share/location_msgs/cmake/ament_cmake_export_include_directories-extras.cmake
[1.041s] -- Up-to-date: /home/x650/UAV/ROS2/install/location_msgs/share/location_msgs/cmake/ament_cmake_export_libraries-extras.cmake
[1.041s] -- Up-to-date: /home/x650/UAV/ROS2/install/location_msgs/share/location_msgs/cmake/ament_cmake_export_targets-extras.cmake
[1.041s] -- Up-to-date: /home/x650/UAV/ROS2/install/location_msgs/share/location_msgs/cmake/rosidl_cmake_export_typesupport_targets-extras.cmake
[1.041s] -- Up-to-date: /home/x650/UAV/ROS2/install/location_msgs/share/location_msgs/cmake/rosidl_cmake_export_typesupport_libraries-extras.cmake
[1.041s] -- Up-to-date: /home/x650/UAV/ROS2/install/location_msgs/share/location_msgs/cmake/location_msgsConfig.cmake
[1.041s] -- Up-to-date: /home/x650/UAV/ROS2/install/location_msgs/share/location_msgs/cmake/location_msgsConfig-version.cmake
[1.041s] -- Up-to-date: /home/x650/UAV/ROS2/install/location_msgs/share/location_msgs/package.xml
[1.045s] Invoked command in '/home/x650/UAV/ROS2/build/location_msgs' returned '0': CMAKE_PREFIX_PATH=${CMAKE_PREFIX_PATH}:/home/x650/UAV/ROS2/install/uav_patrol:/opt/ros/humble /usr/bin/cmake --install /home/x650/UAV/ROS2/build/location_msgs
