[0.010s] Invoking command in '/home/xs/UAV/ROS2/build/location_msgs': CMAKE_PREFIX_PATH=${CMAKE_PREFIX_PATH}:/home/xs/UAV/ROS2/install/uav_patrol:/opt/ros/galactic /usr/bin/cmake /home/xs/UAV/ROS2/location_msgs -DCMAKE_INSTALL_PREFIX=/home/xs/UAV/ROS2/install/location_msgs
[0.052s] -- The C compiler identification is GNU 9.4.0
[0.092s] -- The CXX compiler identification is GNU 9.4.0
[0.095s] -- Check for working C compiler: /usr/bin/cc
[0.147s] -- Check for working C compiler: /usr/bin/cc -- works
[0.148s] -- Detecting C compiler ABI info
[0.220s] -- Detecting C compiler ABI info - done
[0.234s] -- Detecting C compile features
[0.235s] -- Detecting C compile features - done
[0.237s] -- Check for working CXX compiler: /usr/bin/c++
[0.301s] -- Check for working CXX compiler: /usr/bin/c++ -- works
[0.302s] -- Detecting CXX compiler ABI info
[0.381s] -- Detecting CXX compiler ABI info - done
[0.396s] -- Detecting CXX compile features
[0.396s] -- Detecting CXX compile features - done
[0.399s] -- Found ament_cmake: 1.1.6 (/opt/ros/galactic/share/ament_cmake/cmake)
[0.426s] -- Found PythonInterp: /usr/bin/python3 (found suitable version "3.8.10", minimum required is "3") 
[0.426s] -- Using PYTHON_EXECUTABLE: /usr/bin/python3
[0.482s] -- Found rosidl_default_generators: 1.1.1 (/opt/ros/galactic/share/rosidl_default_generators/cmake)
[0.484s] -- Using all available rosidl_typesupport_c: rosidl_typesupport_fastrtps_c;rosidl_typesupport_introspection_c
[0.491s] -- Found rosidl_adapter: 2.2.3 (/opt/ros/galactic/share/rosidl_adapter/cmake)
[0.567s] -- Found OpenSSL: /usr/lib/x86_64-linux-gnu/libcrypto.so (found version "1.1.1f")  
[0.591s] -- Found FastRTPS: /opt/ros/galactic/include  
[0.659s] -- Using all available rosidl_typesupport_cpp: rosidl_typesupport_fastrtps_cpp;rosidl_typesupport_introspection_cpp
[0.680s] -- Found std_msgs: 2.2.4 (/opt/ros/galactic/share/std_msgs/cmake)
[0.710s] -- Found sensor_msgs: 2.2.4 (/opt/ros/galactic/share/sensor_msgs/cmake)
[0.835s] -- Found PythonInterp: /usr/bin/python3 (found version "3.8.10") 
[1.048s] -- Found ament_cmake_ros: 0.9.2 (/opt/ros/galactic/share/ament_cmake_ros/cmake)
[1.305s] -- Using all available rosidl_typesupport_c: rosidl_typesupport_fastrtps_c;rosidl_typesupport_introspection_c
[1.433s] -- Using all available rosidl_typesupport_cpp: rosidl_typesupport_fastrtps_cpp;rosidl_typesupport_introspection_cpp
[1.453s] -- Found PythonInterp: /usr/bin/python3 (found suitable version "3.8.10", minimum required is "3.5") 
[1.454s] -- Found python_cmake_module: 0.8.1 (/opt/ros/galactic/share/python_cmake_module/cmake)
[1.475s] -- Found PythonLibs: /usr/lib/x86_64-linux-gnu/libpython3.8.so (found suitable version "3.8.10", minimum required is "3.5") 
[1.475s] -- Using PYTHON_EXECUTABLE: /usr/bin/python3
[1.475s] -- Using PYTHON_INCLUDE_DIRS: /usr/include/python3.8
[1.475s] -- Using PYTHON_LIBRARIES: /usr/lib/x86_64-linux-gnu/libpython3.8.so
[1.492s] -- Found PythonExtra: .so  
[1.606s] -- Configuring done
[1.660s] -- Generating done
[1.664s] -- Build files have been written to: /home/xs/UAV/ROS2/build/location_msgs
[1.673s] Invoked command in '/home/xs/UAV/ROS2/build/location_msgs' returned '0': CMAKE_PREFIX_PATH=${CMAKE_PREFIX_PATH}:/home/xs/UAV/ROS2/install/uav_patrol:/opt/ros/galactic /usr/bin/cmake /home/xs/UAV/ROS2/location_msgs -DCMAKE_INSTALL_PREFIX=/home/xs/UAV/ROS2/install/location_msgs
[1.674s] Invoking command in '/home/xs/UAV/ROS2/build/location_msgs': CMAKE_PREFIX_PATH=${CMAKE_PREFIX_PATH}:/home/xs/UAV/ROS2/install/uav_patrol:/opt/ros/galactic /usr/bin/cmake --build /home/xs/UAV/ROS2/build/location_msgs -- -j8 -l8
[1.707s] [35m[1mScanning dependencies of target location_msgs__cpp[0m
[1.708s] [  1%] [34m[1mGenerating C code for ROS interfaces[0m
[1.717s] [  3%] [34m[1mGenerating C++ code for ROS interfaces[0m
[2.042s] [  3%] Built target location_msgs__cpp
[2.054s] [  4%] [34m[1mGenerating C++ type support for eProsima Fast-RTPS[0m
[2.054s] [  7%] [34m[1mGenerating C++ type support dispatch for ROS interfaces[0m
[2.054s] [  7%] [34m[1mGenerating C++ introspection for ROS interfaces[0m
[2.168s] [35m[1mScanning dependencies of target location_msgs__rosidl_generator_c[0m
[2.184s] [  9%] [32mBuilding C object CMakeFiles/location_msgs__rosidl_generator_c.dir/rosidl_generator_c/location_msgs/msg/detail/gps_fix__functions.c.o[0m
[2.196s] [ 11%] [32mBuilding C object CMakeFiles/location_msgs__rosidl_generator_c.dir/rosidl_generator_c/location_msgs/msg/detail/yaw__functions.c.o[0m
[2.202s] [ 12%] [32mBuilding C object CMakeFiles/location_msgs__rosidl_generator_c.dir/rosidl_generator_c/location_msgs/msg/detail/pixel_point__functions.c.o[0m
[2.202s] [ 14%] [32mBuilding C object CMakeFiles/location_msgs__rosidl_generator_c.dir/rosidl_generator_c/location_msgs/msg/detail/defects__functions.c.o[0m
[2.203s] [ 15%] [32mBuilding C object CMakeFiles/location_msgs__rosidl_generator_c.dir/rosidl_generator_c/location_msgs/msg/detail/defect_box__functions.c.o[0m
[2.275s] [ 17%] [32m[1mLinking C shared library liblocation_msgs__rosidl_generator_c.so[0m
[2.319s] [ 17%] Built target location_msgs__rosidl_generator_c
[2.334s] [ 20%] [34m[1mGenerating C type support dispatch for ROS interfaces[0m
[2.334s] [ 20%] [34m[1mGenerating C introspection for ROS interfaces[0m
[2.385s] [35m[1mScanning dependencies of target location_msgs__rosidl_typesupport_cpp[0m
[2.416s] [ 22%] [32mBuilding CXX object CMakeFiles/location_msgs__rosidl_typesupport_cpp.dir/rosidl_typesupport_cpp/location_msgs/msg/gps_fix__type_support.cpp.o[0m
[2.423s] [ 23%] [32mBuilding CXX object CMakeFiles/location_msgs__rosidl_typesupport_cpp.dir/rosidl_typesupport_cpp/location_msgs/msg/defect_box__type_support.cpp.o[0m
[2.423s] [ 25%] [32mBuilding CXX object CMakeFiles/location_msgs__rosidl_typesupport_cpp.dir/rosidl_typesupport_cpp/location_msgs/msg/defects__type_support.cpp.o[0m
[2.424s] [ 26%] [32mBuilding CXX object CMakeFiles/location_msgs__rosidl_typesupport_cpp.dir/rosidl_typesupport_cpp/location_msgs/msg/pixel_point__type_support.cpp.o[0m
[2.640s] [35m[1mScanning dependencies of target location_msgs__rosidl_typesupport_introspection_cpp[0m
[2.679s] [ 28%] [32mBuilding CXX object CMakeFiles/location_msgs__rosidl_typesupport_introspection_cpp.dir/rosidl_typesupport_introspection_cpp/location_msgs/msg/detail/gps_fix__type_support.cpp.o[0m
[2.704s] [35m[1mScanning dependencies of target location_msgs__rosidl_typesupport_fastrtps_cpp[0m
[2.733s] [ 30%] [32mBuilding CXX object CMakeFiles/location_msgs__rosidl_typesupport_fastrtps_cpp.dir/rosidl_typesupport_fastrtps_cpp/location_msgs/msg/detail/dds_fastrtps/gps_fix__type_support.cpp.o[0m
[2.747s] [ 31%] [32mBuilding CXX object CMakeFiles/location_msgs__rosidl_typesupport_fastrtps_cpp.dir/rosidl_typesupport_fastrtps_cpp/location_msgs/msg/detail/dds_fastrtps/pixel_point__type_support.cpp.o[0m
[2.762s] [ 33%] [32mBuilding CXX object CMakeFiles/location_msgs__rosidl_typesupport_fastrtps_cpp.dir/rosidl_typesupport_fastrtps_cpp/location_msgs/msg/detail/dds_fastrtps/defect_box__type_support.cpp.o[0m
[2.764s] [ 34%] [32mBuilding CXX object CMakeFiles/location_msgs__rosidl_typesupport_fastrtps_cpp.dir/rosidl_typesupport_fastrtps_cpp/location_msgs/msg/detail/dds_fastrtps/defects__type_support.cpp.o[0m
[2.772s] [35m[1mScanning dependencies of target location_msgs__rosidl_typesupport_c[0m
[2.798s] [ 36%] [32mBuilding CXX object CMakeFiles/location_msgs__rosidl_typesupport_c.dir/rosidl_typesupport_c/location_msgs/msg/gps_fix__type_support.cpp.o[0m
[2.840s] [ 38%] [32mBuilding CXX object CMakeFiles/location_msgs__rosidl_typesupport_c.dir/rosidl_typesupport_c/location_msgs/msg/pixel_point__type_support.cpp.o[0m
[2.844s] [ 39%] [32mBuilding CXX object CMakeFiles/location_msgs__rosidl_typesupport_cpp.dir/rosidl_typesupport_cpp/location_msgs/msg/yaw__type_support.cpp.o[0m
[2.892s] [ 41%] [32mBuilding CXX object CMakeFiles/location_msgs__rosidl_typesupport_c.dir/rosidl_typesupport_c/location_msgs/msg/defect_box__type_support.cpp.o[0m
[2.940s] [35m[1mScanning dependencies of target location_msgs__rosidl_typesupport_introspection_c[0m
[2.964s] [ 42%] [32mBuilding C object CMakeFiles/location_msgs__rosidl_typesupport_introspection_c.dir/rosidl_typesupport_introspection_c/location_msgs/msg/detail/gps_fix__type_support.c.o[0m
[2.975s] [ 44%] [32mBuilding CXX object CMakeFiles/location_msgs__rosidl_typesupport_c.dir/rosidl_typesupport_c/location_msgs/msg/defects__type_support.cpp.o[0m
[3.027s] [ 46%] [32mBuilding CXX object CMakeFiles/location_msgs__rosidl_typesupport_c.dir/rosidl_typesupport_c/location_msgs/msg/yaw__type_support.cpp.o[0m
[3.045s] [ 47%] [32mBuilding CXX object CMakeFiles/location_msgs__rosidl_typesupport_introspection_cpp.dir/rosidl_typesupport_introspection_cpp/location_msgs/msg/detail/pixel_point__type_support.cpp.o[0m
[3.056s] [ 49%] [32mBuilding C object CMakeFiles/location_msgs__rosidl_typesupport_introspection_c.dir/rosidl_typesupport_introspection_c/location_msgs/msg/detail/pixel_point__type_support.c.o[0m
[3.091s] [ 50%] [32m[1mLinking CXX shared library liblocation_msgs__rosidl_typesupport_c.so[0m
[3.105s] [ 52%] [32mBuilding C object CMakeFiles/location_msgs__rosidl_typesupport_introspection_c.dir/rosidl_typesupport_introspection_c/location_msgs/msg/detail/defect_box__type_support.c.o[0m
[3.186s] [ 53%] [32mBuilding C object CMakeFiles/location_msgs__rosidl_typesupport_introspection_c.dir/rosidl_typesupport_introspection_c/location_msgs/msg/detail/defects__type_support.c.o[0m
[3.197s] [ 53%] Built target location_msgs__rosidl_typesupport_c
[3.200s] [ 55%] [32mBuilding CXX object CMakeFiles/location_msgs__rosidl_typesupport_fastrtps_cpp.dir/rosidl_typesupport_fastrtps_cpp/location_msgs/msg/detail/dds_fastrtps/yaw__type_support.cpp.o[0m
[3.207s] [ 57%] [32mBuilding C object CMakeFiles/location_msgs__rosidl_typesupport_introspection_c.dir/rosidl_typesupport_introspection_c/location_msgs/msg/detail/yaw__type_support.c.o[0m
[3.210s] [ 58%] [32m[1mLinking CXX shared library liblocation_msgs__rosidl_typesupport_cpp.so[0m
[3.228s] [ 60%] [32mBuilding CXX object CMakeFiles/location_msgs__rosidl_typesupport_introspection_cpp.dir/rosidl_typesupport_introspection_cpp/location_msgs/msg/detail/defect_box__type_support.cpp.o[0m
[3.246s] [ 61%] [32m[1mLinking C shared library liblocation_msgs__rosidl_typesupport_introspection_c.so[0m
[3.249s] [ 63%] [32mBuilding CXX object CMakeFiles/location_msgs__rosidl_typesupport_introspection_cpp.dir/rosidl_typesupport_introspection_cpp/location_msgs/msg/detail/defects__type_support.cpp.o[0m
[3.292s] [ 63%] Built target location_msgs__rosidl_typesupport_cpp
[3.303s] [ 65%] [32mBuilding CXX object CMakeFiles/location_msgs__rosidl_typesupport_introspection_cpp.dir/rosidl_typesupport_introspection_cpp/location_msgs/msg/detail/yaw__type_support.cpp.o[0m
[3.350s] [ 65%] Built target location_msgs__rosidl_typesupport_introspection_c
[3.564s] [ 66%] [32m[1mLinking CXX shared library liblocation_msgs__rosidl_typesupport_fastrtps_cpp.so[0m
[3.595s] [ 68%] [32m[1mLinking CXX shared library liblocation_msgs__rosidl_typesupport_introspection_cpp.so[0m
[3.640s] [ 68%] Built target location_msgs__rosidl_typesupport_fastrtps_cpp
[3.649s] [ 69%] [34m[1mGenerating C type support for eProsima Fast-RTPS[0m
[3.658s] [ 69%] Built target location_msgs__rosidl_typesupport_introspection_cpp
[3.888s] [35m[1mScanning dependencies of target location_msgs__rosidl_typesupport_fastrtps_c[0m
[3.903s] [ 71%] [32mBuilding CXX object CMakeFiles/location_msgs__rosidl_typesupport_fastrtps_c.dir/rosidl_typesupport_fastrtps_c/location_msgs/msg/detail/gps_fix__type_support_c.cpp.o[0m
[3.903s] [ 73%] [32mBuilding CXX object CMakeFiles/location_msgs__rosidl_typesupport_fastrtps_c.dir/rosidl_typesupport_fastrtps_c/location_msgs/msg/detail/defect_box__type_support_c.cpp.o[0m
[3.904s] [ 76%] [32mBuilding CXX object CMakeFiles/location_msgs__rosidl_typesupport_fastrtps_c.dir/rosidl_typesupport_fastrtps_c/location_msgs/msg/detail/defects__type_support_c.cpp.o[0m
[3.904s] [ 76%] [32mBuilding CXX object CMakeFiles/location_msgs__rosidl_typesupport_fastrtps_c.dir/rosidl_typesupport_fastrtps_c/location_msgs/msg/detail/pixel_point__type_support_c.cpp.o[0m
[3.909s] [ 77%] [32mBuilding CXX object CMakeFiles/location_msgs__rosidl_typesupport_fastrtps_c.dir/rosidl_typesupport_fastrtps_c/location_msgs/msg/detail/yaw__type_support_c.cpp.o[0m
[4.291s] [ 79%] [32m[1mLinking CXX shared library liblocation_msgs__rosidl_typesupport_fastrtps_c.so[0m
[4.358s] [ 79%] Built target location_msgs__rosidl_typesupport_fastrtps_c
[4.365s] [35m[1mScanning dependencies of target location_msgs[0m
[4.372s] [ 79%] Built target location_msgs
[4.380s] [35m[1mScanning dependencies of target location_msgs__py[0m
[4.388s] [ 80%] [34m[1mGenerating Python code for ROS interfaces[0m
[4.906s] [ 80%] Built target location_msgs__py
[4.914s] [35m[1mScanning dependencies of target location_msgs__python[0m
[4.933s] [ 82%] [32mBuilding C object CMakeFiles/location_msgs__python.dir/rosidl_generator_py/location_msgs/msg/_yaw_s.c.o[0m
[4.934s] [ 87%] [32mBuilding C object CMakeFiles/location_msgs__python.dir/rosidl_generator_py/location_msgs/msg/_defect_box_s.c.o[0m
[4.934s] [ 87%] [32mBuilding C object CMakeFiles/location_msgs__python.dir/rosidl_generator_py/location_msgs/msg/_gps_fix_s.c.o[0m
[4.934s] [ 87%] [32mBuilding C object CMakeFiles/location_msgs__python.dir/rosidl_generator_py/location_msgs/msg/_pixel_point_s.c.o[0m
[4.934s] [ 88%] [32mBuilding C object CMakeFiles/location_msgs__python.dir/rosidl_generator_py/location_msgs/msg/_defects_s.c.o[0m
[5.036s] [ 90%] [32m[1mLinking C shared library rosidl_generator_py/location_msgs/liblocation_msgs__python.so[0m
[5.069s] [ 90%] Built target location_msgs__python
[5.076s] [35m[1mScanning dependencies of target location_msgs__rosidl_typesupport_c__pyext[0m
[5.076s] [35m[1mScanning dependencies of target location_msgs__rosidl_typesupport_introspection_c__pyext[0m
[5.076s] [35m[1mScanning dependencies of target location_msgs__rosidl_typesupport_fastrtps_c__pyext[0m
[5.091s] [ 92%] [32mBuilding C object CMakeFiles/location_msgs__rosidl_typesupport_introspection_c__pyext.dir/rosidl_generator_py/location_msgs/_location_msgs_s.ep.rosidl_typesupport_introspection_c.c.o[0m
[5.092s] [ 93%] [32mBuilding C object CMakeFiles/location_msgs__rosidl_typesupport_fastrtps_c__pyext.dir/rosidl_generator_py/location_msgs/_location_msgs_s.ep.rosidl_typesupport_fastrtps_c.c.o[0m
[5.094s] [ 95%] [32mBuilding C object CMakeFiles/location_msgs__rosidl_typesupport_c__pyext.dir/rosidl_generator_py/location_msgs/_location_msgs_s.ep.rosidl_typesupport_c.c.o[0m
[5.158s] [ 96%] [32m[1mLinking C shared library rosidl_generator_py/location_msgs/location_msgs_s__rosidl_typesupport_c.cpython-38-x86_64-linux-gnu.so[0m
[5.188s] [ 96%] Built target location_msgs__rosidl_typesupport_c__pyext
[5.191s] [ 98%] [32m[1mLinking C shared library rosidl_generator_py/location_msgs/location_msgs_s__rosidl_typesupport_introspection_c.cpython-38-x86_64-linux-gnu.so[0m
[5.196s] [100%] [32m[1mLinking CXX shared library rosidl_generator_py/location_msgs/location_msgs_s__rosidl_typesupport_fastrtps_c.cpython-38-x86_64-linux-gnu.so[0m
[5.221s] [100%] Built target location_msgs__rosidl_typesupport_introspection_c__pyext
[5.247s] [100%] Built target location_msgs__rosidl_typesupport_fastrtps_c__pyext
[5.256s] Invoked command in '/home/xs/UAV/ROS2/build/location_msgs' returned '0': CMAKE_PREFIX_PATH=${CMAKE_PREFIX_PATH}:/home/xs/UAV/ROS2/install/uav_patrol:/opt/ros/galactic /usr/bin/cmake --build /home/xs/UAV/ROS2/build/location_msgs -- -j8 -l8
[5.332s] Invoking command in '/home/xs/UAV/ROS2/build/location_msgs': CMAKE_PREFIX_PATH=${CMAKE_PREFIX_PATH}:/home/xs/UAV/ROS2/install/uav_patrol:/opt/ros/galactic /usr/bin/cmake --install /home/xs/UAV/ROS2/build/location_msgs
[5.338s] -- Install configuration: ""
[5.339s] -- Installing: /home/xs/UAV/ROS2/install/location_msgs/share/ament_index/resource_index/rosidl_interfaces/location_msgs
[5.339s] -- Installing: /home/xs/UAV/ROS2/install/location_msgs/include/location_msgs
[5.339s] -- Installing: /home/xs/UAV/ROS2/install/location_msgs/include/location_msgs/msg
[5.339s] -- Installing: /home/xs/UAV/ROS2/install/location_msgs/include/location_msgs/msg/yaw.h
[5.339s] -- Installing: /home/xs/UAV/ROS2/install/location_msgs/include/location_msgs/msg/defect_box.h
[5.339s] -- Installing: /home/xs/UAV/ROS2/install/location_msgs/include/location_msgs/msg/defects.h
[5.339s] -- Installing: /home/xs/UAV/ROS2/install/location_msgs/include/location_msgs/msg/detail
[5.339s] -- Installing: /home/xs/UAV/ROS2/install/location_msgs/include/location_msgs/msg/detail/defect_box__functions.c
[5.339s] -- Installing: /home/xs/UAV/ROS2/install/location_msgs/include/location_msgs/msg/detail/yaw__struct.h
[5.339s] -- Installing: /home/xs/UAV/ROS2/install/location_msgs/include/location_msgs/msg/detail/gps_fix__type_support.h
[5.339s] -- Installing: /home/xs/UAV/ROS2/install/location_msgs/include/location_msgs/msg/detail/yaw__type_support.h
[5.339s] -- Installing: /home/xs/UAV/ROS2/install/location_msgs/include/location_msgs/msg/detail/yaw__functions.h
[5.339s] -- Installing: /home/xs/UAV/ROS2/install/location_msgs/include/location_msgs/msg/detail/gps_fix__struct.h
[5.339s] -- Installing: /home/xs/UAV/ROS2/install/location_msgs/include/location_msgs/msg/detail/pixel_point__struct.h
[5.339s] -- Installing: /home/xs/UAV/ROS2/install/location_msgs/include/location_msgs/msg/detail/defects__struct.h
[5.339s] -- Installing: /home/xs/UAV/ROS2/install/location_msgs/include/location_msgs/msg/detail/gps_fix__functions.h
[5.339s] -- Installing: /home/xs/UAV/ROS2/install/location_msgs/include/location_msgs/msg/detail/defect_box__type_support.h
[5.340s] -- Installing: /home/xs/UAV/ROS2/install/location_msgs/include/location_msgs/msg/detail/yaw__functions.c
[5.340s] -- Installing: /home/xs/UAV/ROS2/install/location_msgs/include/location_msgs/msg/detail/pixel_point__functions.h
[5.340s] -- Installing: /home/xs/UAV/ROS2/install/location_msgs/include/location_msgs/msg/detail/pixel_point__type_support.h
[5.340s] -- Installing: /home/xs/UAV/ROS2/install/location_msgs/include/location_msgs/msg/detail/defects__functions.c
[5.340s] -- Installing: /home/xs/UAV/ROS2/install/location_msgs/include/location_msgs/msg/detail/defects__functions.h
[5.340s] -- Installing: /home/xs/UAV/ROS2/install/location_msgs/include/location_msgs/msg/detail/gps_fix__functions.c
[5.340s] -- Installing: /home/xs/UAV/ROS2/install/location_msgs/include/location_msgs/msg/detail/pixel_point__functions.c
[5.340s] -- Installing: /home/xs/UAV/ROS2/install/location_msgs/include/location_msgs/msg/detail/defect_box__struct.h
[5.340s] -- Installing: /home/xs/UAV/ROS2/install/location_msgs/include/location_msgs/msg/detail/defects__type_support.h
[5.340s] -- Installing: /home/xs/UAV/ROS2/install/location_msgs/include/location_msgs/msg/detail/defect_box__functions.h
[5.340s] -- Installing: /home/xs/UAV/ROS2/install/location_msgs/include/location_msgs/msg/rosidl_generator_c__visibility_control.h
[5.340s] -- Installing: /home/xs/UAV/ROS2/install/location_msgs/include/location_msgs/msg/gps_fix.h
[5.340s] -- Installing: /home/xs/UAV/ROS2/install/location_msgs/include/location_msgs/msg/pixel_point.h
[5.340s] -- Installing: /home/xs/UAV/ROS2/install/location_msgs/share/location_msgs/environment/library_path.sh
[5.340s] -- Installing: /home/xs/UAV/ROS2/install/location_msgs/share/location_msgs/environment/library_path.dsv
[5.340s] -- Installing: /home/xs/UAV/ROS2/install/location_msgs/lib/liblocation_msgs__rosidl_generator_c.so
[5.341s] -- Set runtime path of "/home/xs/UAV/ROS2/install/location_msgs/lib/liblocation_msgs__rosidl_generator_c.so" to ""
[5.341s] -- Up-to-date: /home/xs/UAV/ROS2/install/location_msgs/include/location_msgs
[5.341s] -- Up-to-date: /home/xs/UAV/ROS2/install/location_msgs/include/location_msgs/msg
[5.341s] -- Up-to-date: /home/xs/UAV/ROS2/install/location_msgs/include/location_msgs/msg/detail
[5.341s] -- Installing: /home/xs/UAV/ROS2/install/location_msgs/include/location_msgs/msg/detail/defects__rosidl_typesupport_fastrtps_c.h
[5.341s] -- Installing: /home/xs/UAV/ROS2/install/location_msgs/include/location_msgs/msg/detail/defect_box__rosidl_typesupport_fastrtps_c.h
[5.341s] -- Installing: /home/xs/UAV/ROS2/install/location_msgs/include/location_msgs/msg/detail/pixel_point__rosidl_typesupport_fastrtps_c.h
[5.341s] -- Installing: /home/xs/UAV/ROS2/install/location_msgs/include/location_msgs/msg/detail/yaw__rosidl_typesupport_fastrtps_c.h
[5.341s] -- Installing: /home/xs/UAV/ROS2/install/location_msgs/include/location_msgs/msg/detail/gps_fix__rosidl_typesupport_fastrtps_c.h
[5.341s] -- Installing: /home/xs/UAV/ROS2/install/location_msgs/include/location_msgs/msg/rosidl_typesupport_fastrtps_c__visibility_control.h
[5.341s] -- Installing: /home/xs/UAV/ROS2/install/location_msgs/lib/liblocation_msgs__rosidl_typesupport_fastrtps_c.so
[5.341s] -- Set runtime path of "/home/xs/UAV/ROS2/install/location_msgs/lib/liblocation_msgs__rosidl_typesupport_fastrtps_c.so" to ""
[5.341s] -- Up-to-date: /home/xs/UAV/ROS2/install/location_msgs/include/location_msgs
[5.342s] -- Up-to-date: /home/xs/UAV/ROS2/install/location_msgs/include/location_msgs/msg
[5.342s] -- Up-to-date: /home/xs/UAV/ROS2/install/location_msgs/include/location_msgs/msg/detail
[5.342s] -- Installing: /home/xs/UAV/ROS2/install/location_msgs/include/location_msgs/msg/detail/defect_box__rosidl_typesupport_fastrtps_cpp.hpp
[5.342s] -- Installing: /home/xs/UAV/ROS2/install/location_msgs/include/location_msgs/msg/detail/yaw__rosidl_typesupport_fastrtps_cpp.hpp
[5.342s] -- Installing: /home/xs/UAV/ROS2/install/location_msgs/include/location_msgs/msg/detail/pixel_point__rosidl_typesupport_fastrtps_cpp.hpp
[5.342s] -- Installing: /home/xs/UAV/ROS2/install/location_msgs/include/location_msgs/msg/detail/gps_fix__rosidl_typesupport_fastrtps_cpp.hpp
[5.342s] -- Installing: /home/xs/UAV/ROS2/install/location_msgs/include/location_msgs/msg/detail/defects__rosidl_typesupport_fastrtps_cpp.hpp
[5.342s] -- Installing: /home/xs/UAV/ROS2/install/location_msgs/include/location_msgs/msg/detail/dds_fastrtps
[5.342s] -- Installing: /home/xs/UAV/ROS2/install/location_msgs/include/location_msgs/msg/rosidl_typesupport_fastrtps_cpp__visibility_control.h
[5.342s] -- Installing: /home/xs/UAV/ROS2/install/location_msgs/lib/liblocation_msgs__rosidl_typesupport_fastrtps_cpp.so
[5.342s] -- Set runtime path of "/home/xs/UAV/ROS2/install/location_msgs/lib/liblocation_msgs__rosidl_typesupport_fastrtps_cpp.so" to ""
[5.342s] -- Up-to-date: /home/xs/UAV/ROS2/install/location_msgs/include/location_msgs
[5.342s] -- Up-to-date: /home/xs/UAV/ROS2/install/location_msgs/include/location_msgs/msg
[5.342s] -- Installing: /home/xs/UAV/ROS2/install/location_msgs/include/location_msgs/msg/rosidl_typesupport_introspection_c__visibility_control.h
[5.343s] -- Up-to-date: /home/xs/UAV/ROS2/install/location_msgs/include/location_msgs/msg/detail
[5.343s] -- Installing: /home/xs/UAV/ROS2/install/location_msgs/include/location_msgs/msg/detail/defect_box__type_support.c
[5.343s] -- Installing: /home/xs/UAV/ROS2/install/location_msgs/include/location_msgs/msg/detail/pixel_point__type_support.c
[5.343s] -- Installing: /home/xs/UAV/ROS2/install/location_msgs/include/location_msgs/msg/detail/yaw__rosidl_typesupport_introspection_c.h
[5.343s] -- Installing: /home/xs/UAV/ROS2/install/location_msgs/include/location_msgs/msg/detail/gps_fix__rosidl_typesupport_introspection_c.h
[5.343s] -- Installing: /home/xs/UAV/ROS2/install/location_msgs/include/location_msgs/msg/detail/defect_box__rosidl_typesupport_introspection_c.h
[5.343s] -- Installing: /home/xs/UAV/ROS2/install/location_msgs/include/location_msgs/msg/detail/defects__type_support.c
[5.343s] -- Installing: /home/xs/UAV/ROS2/install/location_msgs/include/location_msgs/msg/detail/yaw__type_support.c
[5.343s] -- Installing: /home/xs/UAV/ROS2/install/location_msgs/include/location_msgs/msg/detail/defects__rosidl_typesupport_introspection_c.h
[5.343s] -- Installing: /home/xs/UAV/ROS2/install/location_msgs/include/location_msgs/msg/detail/pixel_point__rosidl_typesupport_introspection_c.h
[5.343s] -- Installing: /home/xs/UAV/ROS2/install/location_msgs/include/location_msgs/msg/detail/gps_fix__type_support.c
[5.343s] -- Installing: /home/xs/UAV/ROS2/install/location_msgs/lib/liblocation_msgs__rosidl_typesupport_introspection_c.so
[5.344s] -- Set runtime path of "/home/xs/UAV/ROS2/install/location_msgs/lib/liblocation_msgs__rosidl_typesupport_introspection_c.so" to ""
[5.344s] -- Installing: /home/xs/UAV/ROS2/install/location_msgs/lib/liblocation_msgs__rosidl_typesupport_c.so
[5.344s] -- Set runtime path of "/home/xs/UAV/ROS2/install/location_msgs/lib/liblocation_msgs__rosidl_typesupport_c.so" to ""
[5.344s] -- Up-to-date: /home/xs/UAV/ROS2/install/location_msgs/include/location_msgs
[5.344s] -- Up-to-date: /home/xs/UAV/ROS2/install/location_msgs/include/location_msgs/msg
[5.344s] -- Installing: /home/xs/UAV/ROS2/install/location_msgs/include/location_msgs/msg/yaw.hpp
[5.344s] -- Installing: /home/xs/UAV/ROS2/install/location_msgs/include/location_msgs/msg/pixel_point.hpp
[5.344s] -- Installing: /home/xs/UAV/ROS2/install/location_msgs/include/location_msgs/msg/defects.hpp
[5.344s] -- Installing: /home/xs/UAV/ROS2/install/location_msgs/include/location_msgs/msg/defect_box.hpp
[5.344s] -- Up-to-date: /home/xs/UAV/ROS2/install/location_msgs/include/location_msgs/msg/detail
[5.344s] -- Installing: /home/xs/UAV/ROS2/install/location_msgs/include/location_msgs/msg/detail/pixel_point__builder.hpp
[5.344s] -- Installing: /home/xs/UAV/ROS2/install/location_msgs/include/location_msgs/msg/detail/defect_box__traits.hpp
[5.344s] -- Installing: /home/xs/UAV/ROS2/install/location_msgs/include/location_msgs/msg/detail/defect_box__builder.hpp
[5.345s] -- Installing: /home/xs/UAV/ROS2/install/location_msgs/include/location_msgs/msg/detail/gps_fix__struct.hpp
[5.345s] -- Installing: /home/xs/UAV/ROS2/install/location_msgs/include/location_msgs/msg/detail/yaw__builder.hpp
[5.345s] -- Installing: /home/xs/UAV/ROS2/install/location_msgs/include/location_msgs/msg/detail/pixel_point__traits.hpp
[5.345s] -- Installing: /home/xs/UAV/ROS2/install/location_msgs/include/location_msgs/msg/detail/pixel_point__struct.hpp
[5.345s] -- Installing: /home/xs/UAV/ROS2/install/location_msgs/include/location_msgs/msg/detail/defect_box__struct.hpp
[5.345s] -- Installing: /home/xs/UAV/ROS2/install/location_msgs/include/location_msgs/msg/detail/defects__traits.hpp
[5.345s] -- Installing: /home/xs/UAV/ROS2/install/location_msgs/include/location_msgs/msg/detail/defects__struct.hpp
[5.345s] -- Installing: /home/xs/UAV/ROS2/install/location_msgs/include/location_msgs/msg/detail/yaw__struct.hpp
[5.345s] -- Installing: /home/xs/UAV/ROS2/install/location_msgs/include/location_msgs/msg/detail/gps_fix__traits.hpp
[5.345s] -- Installing: /home/xs/UAV/ROS2/install/location_msgs/include/location_msgs/msg/detail/gps_fix__builder.hpp
[5.345s] -- Installing: /home/xs/UAV/ROS2/install/location_msgs/include/location_msgs/msg/detail/yaw__traits.hpp
[5.345s] -- Installing: /home/xs/UAV/ROS2/install/location_msgs/include/location_msgs/msg/detail/defects__builder.hpp
[5.345s] -- Installing: /home/xs/UAV/ROS2/install/location_msgs/include/location_msgs/msg/gps_fix.hpp
[5.345s] -- Up-to-date: /home/xs/UAV/ROS2/install/location_msgs/include/location_msgs
[5.345s] -- Up-to-date: /home/xs/UAV/ROS2/install/location_msgs/include/location_msgs/msg
[5.345s] -- Up-to-date: /home/xs/UAV/ROS2/install/location_msgs/include/location_msgs/msg/detail
[5.345s] -- Installing: /home/xs/UAV/ROS2/install/location_msgs/include/location_msgs/msg/detail/gps_fix__type_support.cpp
[5.345s] -- Installing: /home/xs/UAV/ROS2/install/location_msgs/include/location_msgs/msg/detail/pixel_point__type_support.cpp
[5.346s] -- Installing: /home/xs/UAV/ROS2/install/location_msgs/include/location_msgs/msg/detail/pixel_point__rosidl_typesupport_introspection_cpp.hpp
[5.346s] -- Installing: /home/xs/UAV/ROS2/install/location_msgs/include/location_msgs/msg/detail/defect_box__type_support.cpp
[5.346s] -- Installing: /home/xs/UAV/ROS2/install/location_msgs/include/location_msgs/msg/detail/gps_fix__rosidl_typesupport_introspection_cpp.hpp
[5.346s] -- Installing: /home/xs/UAV/ROS2/install/location_msgs/include/location_msgs/msg/detail/defect_box__rosidl_typesupport_introspection_cpp.hpp
[5.346s] -- Installing: /home/xs/UAV/ROS2/install/location_msgs/include/location_msgs/msg/detail/yaw__type_support.cpp
[5.346s] -- Installing: /home/xs/UAV/ROS2/install/location_msgs/include/location_msgs/msg/detail/yaw__rosidl_typesupport_introspection_cpp.hpp
[5.346s] -- Installing: /home/xs/UAV/ROS2/install/location_msgs/include/location_msgs/msg/detail/defects__type_support.cpp
[5.346s] -- Installing: /home/xs/UAV/ROS2/install/location_msgs/include/location_msgs/msg/detail/defects__rosidl_typesupport_introspection_cpp.hpp
[5.346s] -- Installing: /home/xs/UAV/ROS2/install/location_msgs/lib/liblocation_msgs__rosidl_typesupport_introspection_cpp.so
[5.346s] -- Set runtime path of "/home/xs/UAV/ROS2/install/location_msgs/lib/liblocation_msgs__rosidl_typesupport_introspection_cpp.so" to ""
[5.346s] -- Installing: /home/xs/UAV/ROS2/install/location_msgs/lib/liblocation_msgs__rosidl_typesupport_cpp.so
[5.347s] -- Set runtime path of "/home/xs/UAV/ROS2/install/location_msgs/lib/liblocation_msgs__rosidl_typesupport_cpp.so" to ""
[5.347s] -- Installing: /home/xs/UAV/ROS2/install/location_msgs/share/location_msgs/environment/pythonpath.sh
[5.347s] -- Installing: /home/xs/UAV/ROS2/install/location_msgs/share/location_msgs/environment/pythonpath.dsv
[5.347s] -- Installing: /home/xs/UAV/ROS2/install/location_msgs/lib/python3.8/site-packages/location_msgs/__init__.py
[5.369s] Compiling '/home/xs/UAV/ROS2/install/location_msgs/lib/python3.8/site-packages/location_msgs/__init__.py'...
[5.371s] -- Installing: /home/xs/UAV/ROS2/install/location_msgs/lib/python3.8/site-packages/location_msgs/msg
[5.371s] -- Installing: /home/xs/UAV/ROS2/install/location_msgs/lib/python3.8/site-packages/location_msgs/msg/_gps_fix.py
[5.371s] -- Installing: /home/xs/UAV/ROS2/install/location_msgs/lib/python3.8/site-packages/location_msgs/msg/_yaw.py
[5.372s] -- Installing: /home/xs/UAV/ROS2/install/location_msgs/lib/python3.8/site-packages/location_msgs/msg/_defect_box_s.c
[5.372s] -- Installing: /home/xs/UAV/ROS2/install/location_msgs/lib/python3.8/site-packages/location_msgs/msg/_pixel_point_s.c
[5.372s] -- Installing: /home/xs/UAV/ROS2/install/location_msgs/lib/python3.8/site-packages/location_msgs/msg/__init__.py
[5.372s] -- Installing: /home/xs/UAV/ROS2/install/location_msgs/lib/python3.8/site-packages/location_msgs/msg/_defects_s.c
[5.372s] -- Installing: /home/xs/UAV/ROS2/install/location_msgs/lib/python3.8/site-packages/location_msgs/msg/_defect_box.py
[5.372s] -- Installing: /home/xs/UAV/ROS2/install/location_msgs/lib/python3.8/site-packages/location_msgs/msg/_yaw_s.c
[5.372s] -- Installing: /home/xs/UAV/ROS2/install/location_msgs/lib/python3.8/site-packages/location_msgs/msg/_defects.py
[5.372s] -- Installing: /home/xs/UAV/ROS2/install/location_msgs/lib/python3.8/site-packages/location_msgs/msg/_pixel_point.py
[5.372s] -- Installing: /home/xs/UAV/ROS2/install/location_msgs/lib/python3.8/site-packages/location_msgs/msg/_gps_fix_s.c
[5.372s] -- Installing: /home/xs/UAV/ROS2/install/location_msgs/lib/python3.8/site-packages/location_msgs/location_msgs_s__rosidl_typesupport_fastrtps_c.cpython-38-x86_64-linux-gnu.so
[5.372s] -- Set runtime path of "/home/xs/UAV/ROS2/install/location_msgs/lib/python3.8/site-packages/location_msgs/location_msgs_s__rosidl_typesupport_fastrtps_c.cpython-38-x86_64-linux-gnu.so" to ""
[5.372s] -- Installing: /home/xs/UAV/ROS2/install/location_msgs/lib/python3.8/site-packages/location_msgs/location_msgs_s__rosidl_typesupport_introspection_c.cpython-38-x86_64-linux-gnu.so
[5.373s] -- Set runtime path of "/home/xs/UAV/ROS2/install/location_msgs/lib/python3.8/site-packages/location_msgs/location_msgs_s__rosidl_typesupport_introspection_c.cpython-38-x86_64-linux-gnu.so" to ""
[5.373s] -- Installing: /home/xs/UAV/ROS2/install/location_msgs/lib/python3.8/site-packages/location_msgs/location_msgs_s__rosidl_typesupport_c.cpython-38-x86_64-linux-gnu.so
[5.373s] -- Set runtime path of "/home/xs/UAV/ROS2/install/location_msgs/lib/python3.8/site-packages/location_msgs/location_msgs_s__rosidl_typesupport_c.cpython-38-x86_64-linux-gnu.so" to ""
[5.373s] -- Installing: /home/xs/UAV/ROS2/install/location_msgs/lib/liblocation_msgs__python.so
[5.373s] -- Set runtime path of "/home/xs/UAV/ROS2/install/location_msgs/lib/liblocation_msgs__python.so" to ""
[5.374s] -- Installing: /home/xs/UAV/ROS2/install/location_msgs/share/location_msgs/msg/GpsFix.idl
[5.374s] -- Installing: /home/xs/UAV/ROS2/install/location_msgs/share/location_msgs/msg/PixelPoint.idl
[5.374s] -- Installing: /home/xs/UAV/ROS2/install/location_msgs/share/location_msgs/msg/DefectBox.idl
[5.374s] -- Installing: /home/xs/UAV/ROS2/install/location_msgs/share/location_msgs/msg/Defects.idl
[5.374s] -- Installing: /home/xs/UAV/ROS2/install/location_msgs/share/location_msgs/msg/Yaw.idl
[5.374s] -- Installing: /home/xs/UAV/ROS2/install/location_msgs/share/location_msgs/msg/GpsFix.msg
[5.374s] -- Installing: /home/xs/UAV/ROS2/install/location_msgs/share/location_msgs/msg/PixelPoint.msg
[5.374s] -- Installing: /home/xs/UAV/ROS2/install/location_msgs/share/location_msgs/msg/DefectBox.msg
[5.374s] -- Installing: /home/xs/UAV/ROS2/install/location_msgs/share/location_msgs/msg/Defects.msg
[5.374s] -- Installing: /home/xs/UAV/ROS2/install/location_msgs/share/location_msgs/msg/Yaw.msg
[5.374s] -- Installing: /home/xs/UAV/ROS2/install/location_msgs/share/ament_index/resource_index/package_run_dependencies/location_msgs
[5.374s] -- Installing: /home/xs/UAV/ROS2/install/location_msgs/share/ament_index/resource_index/parent_prefix_path/location_msgs
[5.374s] -- Installing: /home/xs/UAV/ROS2/install/location_msgs/share/location_msgs/environment/ament_prefix_path.sh
[5.375s] -- Installing: /home/xs/UAV/ROS2/install/location_msgs/share/location_msgs/environment/ament_prefix_path.dsv
[5.375s] -- Installing: /home/xs/UAV/ROS2/install/location_msgs/share/location_msgs/environment/path.sh
[5.375s] -- Installing: /home/xs/UAV/ROS2/install/location_msgs/share/location_msgs/environment/path.dsv
[5.375s] -- Installing: /home/xs/UAV/ROS2/install/location_msgs/share/location_msgs/local_setup.bash
[5.375s] -- Installing: /home/xs/UAV/ROS2/install/location_msgs/share/location_msgs/local_setup.sh
[5.375s] -- Installing: /home/xs/UAV/ROS2/install/location_msgs/share/location_msgs/local_setup.zsh
[5.375s] -- Installing: /home/xs/UAV/ROS2/install/location_msgs/share/location_msgs/local_setup.dsv
[5.375s] -- Installing: /home/xs/UAV/ROS2/install/location_msgs/share/location_msgs/package.dsv
[5.375s] -- Installing: /home/xs/UAV/ROS2/install/location_msgs/share/ament_index/resource_index/packages/location_msgs
[5.375s] -- Installing: /home/xs/UAV/ROS2/install/location_msgs/share/location_msgs/cmake/location_msgs__rosidl_generator_cExport.cmake
[5.375s] -- Installing: /home/xs/UAV/ROS2/install/location_msgs/share/location_msgs/cmake/location_msgs__rosidl_generator_cExport-noconfig.cmake
[5.376s] -- Installing: /home/xs/UAV/ROS2/install/location_msgs/share/location_msgs/cmake/location_msgs__rosidl_typesupport_introspection_cExport.cmake
[5.376s] -- Installing: /home/xs/UAV/ROS2/install/location_msgs/share/location_msgs/cmake/location_msgs__rosidl_typesupport_introspection_cExport-noconfig.cmake
[5.376s] -- Installing: /home/xs/UAV/ROS2/install/location_msgs/share/location_msgs/cmake/location_msgs__rosidl_typesupport_cExport.cmake
[5.376s] -- Installing: /home/xs/UAV/ROS2/install/location_msgs/share/location_msgs/cmake/location_msgs__rosidl_typesupport_cExport-noconfig.cmake
[5.376s] -- Installing: /home/xs/UAV/ROS2/install/location_msgs/share/location_msgs/cmake/location_msgs__rosidl_generator_cppExport.cmake
[5.376s] -- Installing: /home/xs/UAV/ROS2/install/location_msgs/share/location_msgs/cmake/location_msgs__rosidl_typesupport_introspection_cppExport.cmake
[5.376s] -- Installing: /home/xs/UAV/ROS2/install/location_msgs/share/location_msgs/cmake/location_msgs__rosidl_typesupport_introspection_cppExport-noconfig.cmake
[5.376s] -- Installing: /home/xs/UAV/ROS2/install/location_msgs/share/location_msgs/cmake/location_msgs__rosidl_typesupport_cppExport.cmake
[5.376s] -- Installing: /home/xs/UAV/ROS2/install/location_msgs/share/location_msgs/cmake/location_msgs__rosidl_typesupport_cppExport-noconfig.cmake
[5.376s] -- Installing: /home/xs/UAV/ROS2/install/location_msgs/share/location_msgs/cmake/rosidl_cmake-extras.cmake
[5.376s] -- Installing: /home/xs/UAV/ROS2/install/location_msgs/share/location_msgs/cmake/ament_cmake_export_dependencies-extras.cmake
[5.376s] -- Installing: /home/xs/UAV/ROS2/install/location_msgs/share/location_msgs/cmake/ament_cmake_export_libraries-extras.cmake
[5.377s] -- Installing: /home/xs/UAV/ROS2/install/location_msgs/share/location_msgs/cmake/ament_cmake_export_targets-extras.cmake
[5.377s] -- Installing: /home/xs/UAV/ROS2/install/location_msgs/share/location_msgs/cmake/ament_cmake_export_include_directories-extras.cmake
[5.377s] -- Installing: /home/xs/UAV/ROS2/install/location_msgs/share/location_msgs/cmake/rosidl_cmake_export_typesupport_libraries-extras.cmake
[5.377s] -- Installing: /home/xs/UAV/ROS2/install/location_msgs/share/location_msgs/cmake/rosidl_cmake_export_typesupport_targets-extras.cmake
[5.377s] -- Installing: /home/xs/UAV/ROS2/install/location_msgs/share/location_msgs/cmake/location_msgsConfig.cmake
[5.377s] -- Installing: /home/xs/UAV/ROS2/install/location_msgs/share/location_msgs/cmake/location_msgsConfig-version.cmake
[5.377s] -- Installing: /home/xs/UAV/ROS2/install/location_msgs/share/location_msgs/package.xml
[5.379s] Invoked command in '/home/xs/UAV/ROS2/build/location_msgs' returned '0': CMAKE_PREFIX_PATH=${CMAKE_PREFIX_PATH}:/home/xs/UAV/ROS2/install/uav_patrol:/opt/ros/galactic /usr/bin/cmake --install /home/xs/UAV/ROS2/build/location_msgs
