[  1%] Built target location_msgs__cpp
[ 12%] Built target location_msgs__rosidl_generator_c
[ 12%] Built target ament_cmake_python_copy_location_msgs
[ 23%] Built target location_msgs__rosidl_typesupport_fastrtps_cpp
[ 34%] Built target location_msgs__rosidl_typesupport_introspection_cpp
[ 46%] Built target location_msgs__rosidl_typesupport_cpp
[ 57%] Built target location_msgs__rosidl_typesupport_introspection_c
[ 68%] Built target location_msgs__rosidl_typesupport_fastrtps_c
[ 79%] Built target location_msgs__rosidl_typesupport_c
[ 79%] Built target location_msgs
[ 80%] Built target location_msgs__py
[ 90%] Built target location_msgs__rosidl_generator_py
[ 93%] Built target location_msgs__rosidl_typesupport_fastrtps_c__pyext
[ 96%] Built target location_msgs__rosidl_typesupport_c__pyext
[100%] Built target location_msgs__rosidl_typesupport_introspection_c__pyext
running egg_info
writing location_msgs.egg-info/PKG-INFO
writing dependency_links to location_msgs.egg-info/dependency_links.txt
writing top-level names to location_msgs.egg-info/top_level.txt
reading manifest file 'location_msgs.egg-info/SOURCES.txt'
writing manifest file 'location_msgs.egg-info/SOURCES.txt'
[100%] Built target ament_cmake_python_build_location_msgs_egg
-- Install configuration: ""
-- Up-to-date: /home/x650/UAV/ROS2/install/location_msgs/share/ament_index/resource_index/rosidl_interfaces/location_msgs
-- Up-to-date: /home/x650/UAV/ROS2/install/location_msgs/include/location_msgs/location_msgs
-- Up-to-date: /home/x650/UAV/ROS2/install/location_msgs/include/location_msgs/location_msgs/msg
-- Up-to-date: /home/x650/UAV/ROS2/install/location_msgs/include/location_msgs/location_msgs/msg/defect_box.h
-- Up-to-date: /home/x650/UAV/ROS2/install/location_msgs/include/location_msgs/location_msgs/msg/pixel_point.h
-- Up-to-date: /home/x650/UAV/ROS2/install/location_msgs/include/location_msgs/location_msgs/msg/yaw.h
-- Up-to-date: /home/x650/UAV/ROS2/install/location_msgs/include/location_msgs/location_msgs/msg/detail
-- Up-to-date: /home/x650/UAV/ROS2/install/location_msgs/include/location_msgs/location_msgs/msg/detail/defects__type_support.h
-- Up-to-date: /home/x650/UAV/ROS2/install/location_msgs/include/location_msgs/location_msgs/msg/detail/mix__type_support.h
-- Up-to-date: /home/x650/UAV/ROS2/install/location_msgs/include/location_msgs/location_msgs/msg/detail/mix__functions.h
-- Up-to-date: /home/x650/UAV/ROS2/install/location_msgs/include/location_msgs/location_msgs/msg/detail/defects__functions.h
-- Up-to-date: /home/x650/UAV/ROS2/install/location_msgs/include/location_msgs/location_msgs/msg/detail/pixel_point__functions.h
-- Up-to-date: /home/x650/UAV/ROS2/install/location_msgs/include/location_msgs/location_msgs/msg/detail/pixel_point__type_support.h
-- Up-to-date: /home/x650/UAV/ROS2/install/location_msgs/include/location_msgs/location_msgs/msg/detail/defect_box__struct.h
-- Up-to-date: /home/x650/UAV/ROS2/install/location_msgs/include/location_msgs/location_msgs/msg/detail/mix__struct.h
-- Up-to-date: /home/x650/UAV/ROS2/install/location_msgs/include/location_msgs/location_msgs/msg/detail/defect_box__functions.h
-- Up-to-date: /home/x650/UAV/ROS2/install/location_msgs/include/location_msgs/location_msgs/msg/detail/defect_box__functions.c
-- Up-to-date: /home/x650/UAV/ROS2/install/location_msgs/include/location_msgs/location_msgs/msg/detail/defects__functions.c
-- Up-to-date: /home/x650/UAV/ROS2/install/location_msgs/include/location_msgs/location_msgs/msg/detail/defect_box__type_support.h
-- Up-to-date: /home/x650/UAV/ROS2/install/location_msgs/include/location_msgs/location_msgs/msg/detail/yaw__type_support.h
-- Up-to-date: /home/x650/UAV/ROS2/install/location_msgs/include/location_msgs/location_msgs/msg/detail/yaw__struct.h
-- Up-to-date: /home/x650/UAV/ROS2/install/location_msgs/include/location_msgs/location_msgs/msg/detail/mix__functions.c
-- Up-to-date: /home/x650/UAV/ROS2/install/location_msgs/include/location_msgs/location_msgs/msg/detail/yaw__functions.h
-- Up-to-date: /home/x650/UAV/ROS2/install/location_msgs/include/location_msgs/location_msgs/msg/detail/yaw__functions.c
-- Up-to-date: /home/x650/UAV/ROS2/install/location_msgs/include/location_msgs/location_msgs/msg/detail/defects__struct.h
-- Up-to-date: /home/x650/UAV/ROS2/install/location_msgs/include/location_msgs/location_msgs/msg/detail/pixel_point__functions.c
-- Up-to-date: /home/x650/UAV/ROS2/install/location_msgs/include/location_msgs/location_msgs/msg/detail/pixel_point__struct.h
-- Up-to-date: /home/x650/UAV/ROS2/install/location_msgs/include/location_msgs/location_msgs/msg/defects.h
-- Up-to-date: /home/x650/UAV/ROS2/install/location_msgs/include/location_msgs/location_msgs/msg/mix.h
-- Up-to-date: /home/x650/UAV/ROS2/install/location_msgs/include/location_msgs/location_msgs/msg/rosidl_generator_c__visibility_control.h
-- Up-to-date: /home/x650/UAV/ROS2/install/location_msgs/share/location_msgs/environment/library_path.sh
-- Up-to-date: /home/x650/UAV/ROS2/install/location_msgs/share/location_msgs/environment/library_path.dsv
-- Up-to-date: /home/x650/UAV/ROS2/install/location_msgs/lib/liblocation_msgs__rosidl_generator_c.so
-- Up-to-date: /home/x650/UAV/ROS2/install/location_msgs/include/location_msgs/location_msgs
-- Up-to-date: /home/x650/UAV/ROS2/install/location_msgs/include/location_msgs/location_msgs/msg
-- Up-to-date: /home/x650/UAV/ROS2/install/location_msgs/include/location_msgs/location_msgs/msg/detail
-- Up-to-date: /home/x650/UAV/ROS2/install/location_msgs/include/location_msgs/location_msgs/msg/detail/yaw__rosidl_typesupport_fastrtps_c.h
-- Up-to-date: /home/x650/UAV/ROS2/install/location_msgs/include/location_msgs/location_msgs/msg/detail/pixel_point__rosidl_typesupport_fastrtps_c.h
-- Up-to-date: /home/x650/UAV/ROS2/install/location_msgs/include/location_msgs/location_msgs/msg/detail/mix__rosidl_typesupport_fastrtps_c.h
-- Up-to-date: /home/x650/UAV/ROS2/install/location_msgs/include/location_msgs/location_msgs/msg/detail/defect_box__rosidl_typesupport_fastrtps_c.h
-- Up-to-date: /home/x650/UAV/ROS2/install/location_msgs/include/location_msgs/location_msgs/msg/detail/defects__rosidl_typesupport_fastrtps_c.h
-- Up-to-date: /home/x650/UAV/ROS2/install/location_msgs/include/location_msgs/location_msgs/msg/rosidl_typesupport_fastrtps_c__visibility_control.h
-- Up-to-date: /home/x650/UAV/ROS2/install/location_msgs/lib/liblocation_msgs__rosidl_typesupport_fastrtps_c.so
-- Up-to-date: /home/x650/UAV/ROS2/install/location_msgs/include/location_msgs/location_msgs
-- Up-to-date: /home/x650/UAV/ROS2/install/location_msgs/include/location_msgs/location_msgs/msg
-- Up-to-date: /home/x650/UAV/ROS2/install/location_msgs/include/location_msgs/location_msgs/msg/rosidl_typesupport_introspection_c__visibility_control.h
-- Up-to-date: /home/x650/UAV/ROS2/install/location_msgs/include/location_msgs/location_msgs/msg/detail
-- Up-to-date: /home/x650/UAV/ROS2/install/location_msgs/include/location_msgs/location_msgs/msg/detail/defects__rosidl_typesupport_introspection_c.h
-- Up-to-date: /home/x650/UAV/ROS2/install/location_msgs/include/location_msgs/location_msgs/msg/detail/yaw__type_support.c
-- Up-to-date: /home/x650/UAV/ROS2/install/location_msgs/include/location_msgs/location_msgs/msg/detail/defects__type_support.c
-- Up-to-date: /home/x650/UAV/ROS2/install/location_msgs/include/location_msgs/location_msgs/msg/detail/pixel_point__type_support.c
-- Up-to-date: /home/x650/UAV/ROS2/install/location_msgs/include/location_msgs/location_msgs/msg/detail/pixel_point__rosidl_typesupport_introspection_c.h
-- Up-to-date: /home/x650/UAV/ROS2/install/location_msgs/include/location_msgs/location_msgs/msg/detail/yaw__rosidl_typesupport_introspection_c.h
-- Up-to-date: /home/x650/UAV/ROS2/install/location_msgs/include/location_msgs/location_msgs/msg/detail/mix__type_support.c
-- Up-to-date: /home/x650/UAV/ROS2/install/location_msgs/include/location_msgs/location_msgs/msg/detail/mix__rosidl_typesupport_introspection_c.h
-- Up-to-date: /home/x650/UAV/ROS2/install/location_msgs/include/location_msgs/location_msgs/msg/detail/defect_box__type_support.c
-- Up-to-date: /home/x650/UAV/ROS2/install/location_msgs/include/location_msgs/location_msgs/msg/detail/defect_box__rosidl_typesupport_introspection_c.h
-- Up-to-date: /home/x650/UAV/ROS2/install/location_msgs/lib/liblocation_msgs__rosidl_typesupport_introspection_c.so
-- Up-to-date: /home/x650/UAV/ROS2/install/location_msgs/lib/liblocation_msgs__rosidl_typesupport_c.so
-- Up-to-date: /home/x650/UAV/ROS2/install/location_msgs/include/location_msgs/location_msgs
-- Up-to-date: /home/x650/UAV/ROS2/install/location_msgs/include/location_msgs/location_msgs/msg
-- Up-to-date: /home/x650/UAV/ROS2/install/location_msgs/include/location_msgs/location_msgs/msg/detail
-- Up-to-date: /home/x650/UAV/ROS2/install/location_msgs/include/location_msgs/location_msgs/msg/detail/defect_box__builder.hpp
-- Up-to-date: /home/x650/UAV/ROS2/install/location_msgs/include/location_msgs/location_msgs/msg/detail/yaw__struct.hpp
-- Up-to-date: /home/x650/UAV/ROS2/install/location_msgs/include/location_msgs/location_msgs/msg/detail/pixel_point__traits.hpp
-- Up-to-date: /home/x650/UAV/ROS2/install/location_msgs/include/location_msgs/location_msgs/msg/detail/yaw__traits.hpp
-- Up-to-date: /home/x650/UAV/ROS2/install/location_msgs/include/location_msgs/location_msgs/msg/detail/yaw__builder.hpp
-- Up-to-date: /home/x650/UAV/ROS2/install/location_msgs/include/location_msgs/location_msgs/msg/detail/defects__builder.hpp
-- Up-to-date: /home/x650/UAV/ROS2/install/location_msgs/include/location_msgs/location_msgs/msg/detail/mix__builder.hpp
-- Up-to-date: /home/x650/UAV/ROS2/install/location_msgs/include/location_msgs/location_msgs/msg/detail/mix__struct.hpp
-- Up-to-date: /home/x650/UAV/ROS2/install/location_msgs/include/location_msgs/location_msgs/msg/detail/defects__struct.hpp
-- Up-to-date: /home/x650/UAV/ROS2/install/location_msgs/include/location_msgs/location_msgs/msg/detail/pixel_point__struct.hpp
-- Up-to-date: /home/x650/UAV/ROS2/install/location_msgs/include/location_msgs/location_msgs/msg/detail/mix__traits.hpp
-- Up-to-date: /home/x650/UAV/ROS2/install/location_msgs/include/location_msgs/location_msgs/msg/detail/pixel_point__builder.hpp
-- Up-to-date: /home/x650/UAV/ROS2/install/location_msgs/include/location_msgs/location_msgs/msg/detail/defects__traits.hpp
-- Up-to-date: /home/x650/UAV/ROS2/install/location_msgs/include/location_msgs/location_msgs/msg/detail/defect_box__struct.hpp
-- Up-to-date: /home/x650/UAV/ROS2/install/location_msgs/include/location_msgs/location_msgs/msg/detail/defect_box__traits.hpp
-- Up-to-date: /home/x650/UAV/ROS2/install/location_msgs/include/location_msgs/location_msgs/msg/defect_box.hpp
-- Up-to-date: /home/x650/UAV/ROS2/install/location_msgs/include/location_msgs/location_msgs/msg/mix.hpp
-- Up-to-date: /home/x650/UAV/ROS2/install/location_msgs/include/location_msgs/location_msgs/msg/pixel_point.hpp
-- Up-to-date: /home/x650/UAV/ROS2/install/location_msgs/include/location_msgs/location_msgs/msg/yaw.hpp
-- Up-to-date: /home/x650/UAV/ROS2/install/location_msgs/include/location_msgs/location_msgs/msg/defects.hpp
-- Up-to-date: /home/x650/UAV/ROS2/install/location_msgs/include/location_msgs/location_msgs
-- Up-to-date: /home/x650/UAV/ROS2/install/location_msgs/include/location_msgs/location_msgs/msg
-- Up-to-date: /home/x650/UAV/ROS2/install/location_msgs/include/location_msgs/location_msgs/msg/detail
-- Up-to-date: /home/x650/UAV/ROS2/install/location_msgs/include/location_msgs/location_msgs/msg/detail/pixel_point__rosidl_typesupport_fastrtps_cpp.hpp
-- Up-to-date: /home/x650/UAV/ROS2/install/location_msgs/include/location_msgs/location_msgs/msg/detail/defects__rosidl_typesupport_fastrtps_cpp.hpp
-- Up-to-date: /home/x650/UAV/ROS2/install/location_msgs/include/location_msgs/location_msgs/msg/detail/mix__rosidl_typesupport_fastrtps_cpp.hpp
-- Up-to-date: /home/x650/UAV/ROS2/install/location_msgs/include/location_msgs/location_msgs/msg/detail/defect_box__rosidl_typesupport_fastrtps_cpp.hpp
-- Up-to-date: /home/x650/UAV/ROS2/install/location_msgs/include/location_msgs/location_msgs/msg/detail/yaw__rosidl_typesupport_fastrtps_cpp.hpp
-- Up-to-date: /home/x650/UAV/ROS2/install/location_msgs/include/location_msgs/location_msgs/msg/detail/dds_fastrtps
-- Up-to-date: /home/x650/UAV/ROS2/install/location_msgs/include/location_msgs/location_msgs/msg/rosidl_typesupport_fastrtps_cpp__visibility_control.h
-- Up-to-date: /home/x650/UAV/ROS2/install/location_msgs/lib/liblocation_msgs__rosidl_typesupport_fastrtps_cpp.so
-- Up-to-date: /home/x650/UAV/ROS2/install/location_msgs/include/location_msgs/location_msgs
-- Up-to-date: /home/x650/UAV/ROS2/install/location_msgs/include/location_msgs/location_msgs/msg
-- Up-to-date: /home/x650/UAV/ROS2/install/location_msgs/include/location_msgs/location_msgs/msg/detail
-- Up-to-date: /home/x650/UAV/ROS2/install/location_msgs/include/location_msgs/location_msgs/msg/detail/defect_box__rosidl_typesupport_introspection_cpp.hpp
-- Up-to-date: /home/x650/UAV/ROS2/install/location_msgs/include/location_msgs/location_msgs/msg/detail/defect_box__type_support.cpp
-- Up-to-date: /home/x650/UAV/ROS2/install/location_msgs/include/location_msgs/location_msgs/msg/detail/mix__rosidl_typesupport_introspection_cpp.hpp
-- Up-to-date: /home/x650/UAV/ROS2/install/location_msgs/include/location_msgs/location_msgs/msg/detail/yaw__rosidl_typesupport_introspection_cpp.hpp
-- Up-to-date: /home/x650/UAV/ROS2/install/location_msgs/include/location_msgs/location_msgs/msg/detail/yaw__type_support.cpp
-- Up-to-date: /home/x650/UAV/ROS2/install/location_msgs/include/location_msgs/location_msgs/msg/detail/pixel_point__type_support.cpp
-- Up-to-date: /home/x650/UAV/ROS2/install/location_msgs/include/location_msgs/location_msgs/msg/detail/defects__rosidl_typesupport_introspection_cpp.hpp
-- Up-to-date: /home/x650/UAV/ROS2/install/location_msgs/include/location_msgs/location_msgs/msg/detail/pixel_point__rosidl_typesupport_introspection_cpp.hpp
-- Up-to-date: /home/x650/UAV/ROS2/install/location_msgs/include/location_msgs/location_msgs/msg/detail/defects__type_support.cpp
-- Up-to-date: /home/x650/UAV/ROS2/install/location_msgs/include/location_msgs/location_msgs/msg/detail/mix__type_support.cpp
-- Up-to-date: /home/x650/UAV/ROS2/install/location_msgs/lib/liblocation_msgs__rosidl_typesupport_introspection_cpp.so
-- Up-to-date: /home/x650/UAV/ROS2/install/location_msgs/lib/liblocation_msgs__rosidl_typesupport_cpp.so
-- Up-to-date: /home/x650/UAV/ROS2/install/location_msgs/share/location_msgs/environment/pythonpath.sh
-- Up-to-date: /home/x650/UAV/ROS2/install/location_msgs/share/location_msgs/environment/pythonpath.dsv
-- Up-to-date: /home/x650/UAV/ROS2/install/location_msgs/local/lib/python3.10/dist-packages/location_msgs-2.0.0-py3.10.egg-info
-- Installing: /home/x650/UAV/ROS2/install/location_msgs/local/lib/python3.10/dist-packages/location_msgs-2.0.0-py3.10.egg-info/dependency_links.txt
-- Installing: /home/x650/UAV/ROS2/install/location_msgs/local/lib/python3.10/dist-packages/location_msgs-2.0.0-py3.10.egg-info/PKG-INFO
-- Installing: /home/x650/UAV/ROS2/install/location_msgs/local/lib/python3.10/dist-packages/location_msgs-2.0.0-py3.10.egg-info/top_level.txt
-- Installing: /home/x650/UAV/ROS2/install/location_msgs/local/lib/python3.10/dist-packages/location_msgs-2.0.0-py3.10.egg-info/SOURCES.txt
-- Up-to-date: /home/x650/UAV/ROS2/install/location_msgs/local/lib/python3.10/dist-packages/location_msgs
-- Up-to-date: /home/x650/UAV/ROS2/install/location_msgs/local/lib/python3.10/dist-packages/location_msgs/location_msgs_s__rosidl_typesupport_c.cpython-310-x86_64-linux-gnu.so
-- Up-to-date: /home/x650/UAV/ROS2/install/location_msgs/local/lib/python3.10/dist-packages/location_msgs/_location_msgs_s.ep.rosidl_typesupport_fastrtps_c.c
-- Up-to-date: /home/x650/UAV/ROS2/install/location_msgs/local/lib/python3.10/dist-packages/location_msgs/location_msgs_s__rosidl_typesupport_introspection_c.cpython-310-x86_64-linux-gnu.so
-- Up-to-date: /home/x650/UAV/ROS2/install/location_msgs/local/lib/python3.10/dist-packages/location_msgs/liblocation_msgs__rosidl_generator_py.so
-- Up-to-date: /home/x650/UAV/ROS2/install/location_msgs/local/lib/python3.10/dist-packages/location_msgs/location_msgs_s__rosidl_typesupport_fastrtps_c.cpython-310-x86_64-linux-gnu.so
-- Up-to-date: /home/x650/UAV/ROS2/install/location_msgs/local/lib/python3.10/dist-packages/location_msgs/_location_msgs_s.ep.rosidl_typesupport_c.c
-- Up-to-date: /home/x650/UAV/ROS2/install/location_msgs/local/lib/python3.10/dist-packages/location_msgs/_location_msgs_s.ep.rosidl_typesupport_introspection_c.c
-- Up-to-date: /home/x650/UAV/ROS2/install/location_msgs/local/lib/python3.10/dist-packages/location_msgs/__init__.py
-- Up-to-date: /home/x650/UAV/ROS2/install/location_msgs/local/lib/python3.10/dist-packages/location_msgs/msg
-- Up-to-date: /home/x650/UAV/ROS2/install/location_msgs/local/lib/python3.10/dist-packages/location_msgs/msg/_yaw_s.c
-- Up-to-date: /home/x650/UAV/ROS2/install/location_msgs/local/lib/python3.10/dist-packages/location_msgs/msg/_pixel_point_s.c
-- Up-to-date: /home/x650/UAV/ROS2/install/location_msgs/local/lib/python3.10/dist-packages/location_msgs/msg/_defect_box_s.c
-- Up-to-date: /home/x650/UAV/ROS2/install/location_msgs/local/lib/python3.10/dist-packages/location_msgs/msg/_pixel_point.py
-- Up-to-date: /home/x650/UAV/ROS2/install/location_msgs/local/lib/python3.10/dist-packages/location_msgs/msg/__init__.py
-- Up-to-date: /home/x650/UAV/ROS2/install/location_msgs/local/lib/python3.10/dist-packages/location_msgs/msg/_yaw.py
-- Up-to-date: /home/x650/UAV/ROS2/install/location_msgs/local/lib/python3.10/dist-packages/location_msgs/msg/_mix.py
-- Up-to-date: /home/x650/UAV/ROS2/install/location_msgs/local/lib/python3.10/dist-packages/location_msgs/msg/_mix_s.c
-- Up-to-date: /home/x650/UAV/ROS2/install/location_msgs/local/lib/python3.10/dist-packages/location_msgs/msg/_defects.py
-- Up-to-date: /home/x650/UAV/ROS2/install/location_msgs/local/lib/python3.10/dist-packages/location_msgs/msg/_defects_s.c
-- Up-to-date: /home/x650/UAV/ROS2/install/location_msgs/local/lib/python3.10/dist-packages/location_msgs/msg/_defect_box.py
