[0.008s] Invoking command in '/home/x650/UAV/ROS2/build/location_msgs': CMAKE_PREFIX_PATH=${CMAKE_PREFIX_PATH}:/home/x650/UAV/ROS2/install/uav_patrol:/opt/ros/humble /usr/bin/cmake --build /home/x650/UAV/ROS2/build/location_msgs -- -j16 -l16
[0.057s] [  1%] Built target location_msgs__cpp
[0.057s] [ 12%] Built target location_msgs__rosidl_generator_c
[0.070s] [ 12%] Built target ament_cmake_python_copy_location_msgs
[0.095s] [ 23%] Built target location_msgs__rosidl_typesupport_fastrtps_cpp
[0.095s] [ 34%] Built target location_msgs__rosidl_typesupport_introspection_cpp
[0.099s] [ 46%] Built target location_msgs__rosidl_typesupport_cpp
[0.104s] [ 57%] Built target location_msgs__rosidl_typesupport_introspection_c
[0.106s] [ 68%] Built target location_msgs__rosidl_typesupport_fastrtps_c
[0.108s] [ 79%] Built target location_msgs__rosidl_typesupport_c
[0.135s] [ 79%] Built target location_msgs
[0.153s] [ 80%] Built target location_msgs__py
[0.170s] [ 90%] Built target location_msgs__rosidl_generator_py
[0.187s] [ 93%] Built target location_msgs__rosidl_typesupport_fastrtps_c__pyext
[0.188s] [ 96%] Built target location_msgs__rosidl_typesupport_c__pyext
[0.192s] [100%] Built target location_msgs__rosidl_typesupport_introspection_c__pyext
[0.249s] running egg_info
[0.258s] writing location_msgs.egg-info/PKG-INFO
[0.258s] writing dependency_links to location_msgs.egg-info/dependency_links.txt
[0.258s] writing top-level names to location_msgs.egg-info/top_level.txt
[0.285s] reading manifest file 'location_msgs.egg-info/SOURCES.txt'
[0.285s] writing manifest file 'location_msgs.egg-info/SOURCES.txt'
[0.308s] [100%] Built target ament_cmake_python_build_location_msgs_egg
[0.318s] Invoked command in '/home/x650/UAV/ROS2/build/location_msgs' returned '0': CMAKE_PREFIX_PATH=${CMAKE_PREFIX_PATH}:/home/x650/UAV/ROS2/install/uav_patrol:/opt/ros/humble /usr/bin/cmake --build /home/x650/UAV/ROS2/build/location_msgs -- -j16 -l16
[0.490s] Invoking command in '/home/x650/UAV/ROS2/build/location_msgs': CMAKE_PREFIX_PATH=${CMAKE_PREFIX_PATH}:/home/x650/UAV/ROS2/install/uav_patrol:/opt/ros/humble /usr/bin/cmake --install /home/x650/UAV/ROS2/build/location_msgs
[0.501s] -- Install configuration: ""
[0.502s] -- Up-to-date: /home/x650/UAV/ROS2/install/location_msgs/share/ament_index/resource_index/rosidl_interfaces/location_msgs
[0.502s] -- Up-to-date: /home/x650/UAV/ROS2/install/location_msgs/include/location_msgs/location_msgs
[0.502s] -- Up-to-date: /home/x650/UAV/ROS2/install/location_msgs/include/location_msgs/location_msgs/msg
[0.502s] -- Up-to-date: /home/x650/UAV/ROS2/install/location_msgs/include/location_msgs/location_msgs/msg/defect_box.h
[0.502s] -- Up-to-date: /home/x650/UAV/ROS2/install/location_msgs/include/location_msgs/location_msgs/msg/pixel_point.h
[0.502s] -- Up-to-date: /home/x650/UAV/ROS2/install/location_msgs/include/location_msgs/location_msgs/msg/yaw.h
[0.503s] -- Up-to-date: /home/x650/UAV/ROS2/install/location_msgs/include/location_msgs/location_msgs/msg/detail
[0.503s] -- Up-to-date: /home/x650/UAV/ROS2/install/location_msgs/include/location_msgs/location_msgs/msg/detail/defects__type_support.h
[0.503s] -- Up-to-date: /home/x650/UAV/ROS2/install/location_msgs/include/location_msgs/location_msgs/msg/detail/mix__type_support.h
[0.503s] -- Up-to-date: /home/x650/UAV/ROS2/install/location_msgs/include/location_msgs/location_msgs/msg/detail/mix__functions.h
[0.503s] -- Up-to-date: /home/x650/UAV/ROS2/install/location_msgs/include/location_msgs/location_msgs/msg/detail/defects__functions.h
[0.503s] -- Up-to-date: /home/x650/UAV/ROS2/install/location_msgs/include/location_msgs/location_msgs/msg/detail/pixel_point__functions.h
[0.503s] -- Up-to-date: /home/x650/UAV/ROS2/install/location_msgs/include/location_msgs/location_msgs/msg/detail/pixel_point__type_support.h
[0.503s] -- Up-to-date: /home/x650/UAV/ROS2/install/location_msgs/include/location_msgs/location_msgs/msg/detail/defect_box__struct.h
[0.504s] -- Up-to-date: /home/x650/UAV/ROS2/install/location_msgs/include/location_msgs/location_msgs/msg/detail/mix__struct.h
[0.504s] -- Up-to-date: /home/x650/UAV/ROS2/install/location_msgs/include/location_msgs/location_msgs/msg/detail/defect_box__functions.h
[0.504s] -- Up-to-date: /home/x650/UAV/ROS2/install/location_msgs/include/location_msgs/location_msgs/msg/detail/defect_box__functions.c
[0.504s] -- Up-to-date: /home/x650/UAV/ROS2/install/location_msgs/include/location_msgs/location_msgs/msg/detail/defects__functions.c
[0.504s] -- Up-to-date: /home/x650/UAV/ROS2/install/location_msgs/include/location_msgs/location_msgs/msg/detail/defect_box__type_support.h
[0.504s] -- Up-to-date: /home/x650/UAV/ROS2/install/location_msgs/include/location_msgs/location_msgs/msg/detail/yaw__type_support.h
[0.504s] -- Up-to-date: /home/x650/UAV/ROS2/install/location_msgs/include/location_msgs/location_msgs/msg/detail/yaw__struct.h
[0.504s] -- Up-to-date: /home/x650/UAV/ROS2/install/location_msgs/include/location_msgs/location_msgs/msg/detail/mix__functions.c
[0.504s] -- Up-to-date: /home/x650/UAV/ROS2/install/location_msgs/include/location_msgs/location_msgs/msg/detail/yaw__functions.h
[0.504s] -- Up-to-date: /home/x650/UAV/ROS2/install/location_msgs/include/location_msgs/location_msgs/msg/detail/yaw__functions.c
[0.504s] -- Up-to-date: /home/x650/UAV/ROS2/install/location_msgs/include/location_msgs/location_msgs/msg/detail/defects__struct.h
[0.504s] -- Up-to-date: /home/x650/UAV/ROS2/install/location_msgs/include/location_msgs/location_msgs/msg/detail/pixel_point__functions.c
[0.504s] -- Up-to-date: /home/x650/UAV/ROS2/install/location_msgs/include/location_msgs/location_msgs/msg/detail/pixel_point__struct.h
[0.504s] -- Up-to-date: /home/x650/UAV/ROS2/install/location_msgs/include/location_msgs/location_msgs/msg/defects.h
[0.504s] -- Up-to-date: /home/x650/UAV/ROS2/install/location_msgs/include/location_msgs/location_msgs/msg/mix.h
[0.504s] -- Up-to-date: /home/x650/UAV/ROS2/install/location_msgs/include/location_msgs/location_msgs/msg/rosidl_generator_c__visibility_control.h
[0.505s] -- Up-to-date: /home/x650/UAV/ROS2/install/location_msgs/share/location_msgs/environment/library_path.sh
[0.505s] -- Up-to-date: /home/x650/UAV/ROS2/install/location_msgs/share/location_msgs/environment/library_path.dsv
[0.505s] -- Up-to-date: /home/x650/UAV/ROS2/install/location_msgs/lib/liblocation_msgs__rosidl_generator_c.so
[0.505s] -- Up-to-date: /home/x650/UAV/ROS2/install/location_msgs/include/location_msgs/location_msgs
[0.505s] -- Up-to-date: /home/x650/UAV/ROS2/install/location_msgs/include/location_msgs/location_msgs/msg
[0.505s] -- Up-to-date: /home/x650/UAV/ROS2/install/location_msgs/include/location_msgs/location_msgs/msg/detail
[0.505s] -- Up-to-date: /home/x650/UAV/ROS2/install/location_msgs/include/location_msgs/location_msgs/msg/detail/yaw__rosidl_typesupport_fastrtps_c.h
[0.505s] -- Up-to-date: /home/x650/UAV/ROS2/install/location_msgs/include/location_msgs/location_msgs/msg/detail/pixel_point__rosidl_typesupport_fastrtps_c.h
[0.505s] -- Up-to-date: /home/x650/UAV/ROS2/install/location_msgs/include/location_msgs/location_msgs/msg/detail/mix__rosidl_typesupport_fastrtps_c.h
[0.505s] -- Up-to-date: /home/x650/UAV/ROS2/install/location_msgs/include/location_msgs/location_msgs/msg/detail/defect_box__rosidl_typesupport_fastrtps_c.h
[0.505s] -- Up-to-date: /home/x650/UAV/ROS2/install/location_msgs/include/location_msgs/location_msgs/msg/detail/defects__rosidl_typesupport_fastrtps_c.h
[0.505s] -- Up-to-date: /home/x650/UAV/ROS2/install/location_msgs/include/location_msgs/location_msgs/msg/rosidl_typesupport_fastrtps_c__visibility_control.h
[0.505s] -- Up-to-date: /home/x650/UAV/ROS2/install/location_msgs/lib/liblocation_msgs__rosidl_typesupport_fastrtps_c.so
[0.505s] -- Up-to-date: /home/x650/UAV/ROS2/install/location_msgs/include/location_msgs/location_msgs
[0.505s] -- Up-to-date: /home/x650/UAV/ROS2/install/location_msgs/include/location_msgs/location_msgs/msg
[0.505s] -- Up-to-date: /home/x650/UAV/ROS2/install/location_msgs/include/location_msgs/location_msgs/msg/rosidl_typesupport_introspection_c__visibility_control.h
[0.505s] -- Up-to-date: /home/x650/UAV/ROS2/install/location_msgs/include/location_msgs/location_msgs/msg/detail
[0.505s] -- Up-to-date: /home/x650/UAV/ROS2/install/location_msgs/include/location_msgs/location_msgs/msg/detail/defects__rosidl_typesupport_introspection_c.h
[0.505s] -- Up-to-date: /home/x650/UAV/ROS2/install/location_msgs/include/location_msgs/location_msgs/msg/detail/yaw__type_support.c
[0.505s] -- Up-to-date: /home/x650/UAV/ROS2/install/location_msgs/include/location_msgs/location_msgs/msg/detail/defects__type_support.c
[0.505s] -- Up-to-date: /home/x650/UAV/ROS2/install/location_msgs/include/location_msgs/location_msgs/msg/detail/pixel_point__type_support.c
[0.505s] -- Up-to-date: /home/x650/UAV/ROS2/install/location_msgs/include/location_msgs/location_msgs/msg/detail/pixel_point__rosidl_typesupport_introspection_c.h
[0.505s] -- Up-to-date: /home/x650/UAV/ROS2/install/location_msgs/include/location_msgs/location_msgs/msg/detail/yaw__rosidl_typesupport_introspection_c.h
[0.506s] -- Up-to-date: /home/x650/UAV/ROS2/install/location_msgs/include/location_msgs/location_msgs/msg/detail/mix__type_support.c
[0.506s] -- Up-to-date: /home/x650/UAV/ROS2/install/location_msgs/include/location_msgs/location_msgs/msg/detail/mix__rosidl_typesupport_introspection_c.h
[0.506s] -- Up-to-date: /home/x650/UAV/ROS2/install/location_msgs/include/location_msgs/location_msgs/msg/detail/defect_box__type_support.c
[0.506s] -- Up-to-date: /home/x650/UAV/ROS2/install/location_msgs/include/location_msgs/location_msgs/msg/detail/defect_box__rosidl_typesupport_introspection_c.h
[0.506s] -- Up-to-date: /home/x650/UAV/ROS2/install/location_msgs/lib/liblocation_msgs__rosidl_typesupport_introspection_c.so
[0.506s] -- Up-to-date: /home/x650/UAV/ROS2/install/location_msgs/lib/liblocation_msgs__rosidl_typesupport_c.so
[0.506s] -- Up-to-date: /home/x650/UAV/ROS2/install/location_msgs/include/location_msgs/location_msgs
[0.506s] -- Up-to-date: /home/x650/UAV/ROS2/install/location_msgs/include/location_msgs/location_msgs/msg
[0.506s] -- Up-to-date: /home/x650/UAV/ROS2/install/location_msgs/include/location_msgs/location_msgs/msg/detail
[0.506s] -- Up-to-date: /home/x650/UAV/ROS2/install/location_msgs/include/location_msgs/location_msgs/msg/detail/defect_box__builder.hpp
[0.506s] -- Up-to-date: /home/x650/UAV/ROS2/install/location_msgs/include/location_msgs/location_msgs/msg/detail/yaw__struct.hpp
[0.506s] -- Up-to-date: /home/x650/UAV/ROS2/install/location_msgs/include/location_msgs/location_msgs/msg/detail/pixel_point__traits.hpp
[0.506s] -- Up-to-date: /home/x650/UAV/ROS2/install/location_msgs/include/location_msgs/location_msgs/msg/detail/yaw__traits.hpp
[0.506s] -- Up-to-date: /home/x650/UAV/ROS2/install/location_msgs/include/location_msgs/location_msgs/msg/detail/yaw__builder.hpp
[0.506s] -- Up-to-date: /home/x650/UAV/ROS2/install/location_msgs/include/location_msgs/location_msgs/msg/detail/defects__builder.hpp
[0.506s] -- Up-to-date: /home/x650/UAV/ROS2/install/location_msgs/include/location_msgs/location_msgs/msg/detail/mix__builder.hpp
[0.506s] -- Up-to-date: /home/x650/UAV/ROS2/install/location_msgs/include/location_msgs/location_msgs/msg/detail/mix__struct.hpp
[0.506s] -- Up-to-date: /home/x650/UAV/ROS2/install/location_msgs/include/location_msgs/location_msgs/msg/detail/defects__struct.hpp
[0.506s] -- Up-to-date: /home/x650/UAV/ROS2/install/location_msgs/include/location_msgs/location_msgs/msg/detail/pixel_point__struct.hpp
[0.506s] -- Up-to-date: /home/x650/UAV/ROS2/install/location_msgs/include/location_msgs/location_msgs/msg/detail/mix__traits.hpp
[0.506s] -- Up-to-date: /home/x650/UAV/ROS2/install/location_msgs/include/location_msgs/location_msgs/msg/detail/pixel_point__builder.hpp
[0.507s] -- Up-to-date: /home/x650/UAV/ROS2/install/location_msgs/include/location_msgs/location_msgs/msg/detail/defects__traits.hpp
[0.507s] -- Up-to-date: /home/x650/UAV/ROS2/install/location_msgs/include/location_msgs/location_msgs/msg/detail/defect_box__struct.hpp
[0.507s] -- Up-to-date: /home/x650/UAV/ROS2/install/location_msgs/include/location_msgs/location_msgs/msg/detail/defect_box__traits.hpp
[0.507s] -- Up-to-date: /home/x650/UAV/ROS2/install/location_msgs/include/location_msgs/location_msgs/msg/defect_box.hpp
[0.507s] -- Up-to-date: /home/x650/UAV/ROS2/install/location_msgs/include/location_msgs/location_msgs/msg/mix.hpp
[0.507s] -- Up-to-date: /home/x650/UAV/ROS2/install/location_msgs/include/location_msgs/location_msgs/msg/pixel_point.hpp
[0.507s] -- Up-to-date: /home/x650/UAV/ROS2/install/location_msgs/include/location_msgs/location_msgs/msg/yaw.hpp
[0.507s] -- Up-to-date: /home/x650/UAV/ROS2/install/location_msgs/include/location_msgs/location_msgs/msg/defects.hpp
[0.507s] -- Up-to-date: /home/x650/UAV/ROS2/install/location_msgs/include/location_msgs/location_msgs
[0.507s] -- Up-to-date: /home/x650/UAV/ROS2/install/location_msgs/include/location_msgs/location_msgs/msg
[0.507s] -- Up-to-date: /home/x650/UAV/ROS2/install/location_msgs/include/location_msgs/location_msgs/msg/detail
[0.507s] -- Up-to-date: /home/x650/UAV/ROS2/install/location_msgs/include/location_msgs/location_msgs/msg/detail/pixel_point__rosidl_typesupport_fastrtps_cpp.hpp
[0.507s] -- Up-to-date: /home/x650/UAV/ROS2/install/location_msgs/include/location_msgs/location_msgs/msg/detail/defects__rosidl_typesupport_fastrtps_cpp.hpp
[0.507s] -- Up-to-date: /home/x650/UAV/ROS2/install/location_msgs/include/location_msgs/location_msgs/msg/detail/mix__rosidl_typesupport_fastrtps_cpp.hpp
[0.507s] -- Up-to-date: /home/x650/UAV/ROS2/install/location_msgs/include/location_msgs/location_msgs/msg/detail/defect_box__rosidl_typesupport_fastrtps_cpp.hpp
[0.507s] -- Up-to-date: /home/x650/UAV/ROS2/install/location_msgs/include/location_msgs/location_msgs/msg/detail/yaw__rosidl_typesupport_fastrtps_cpp.hpp
[0.508s] -- Up-to-date: /home/x650/UAV/ROS2/install/location_msgs/include/location_msgs/location_msgs/msg/detail/dds_fastrtps
[0.508s] -- Up-to-date: /home/x650/UAV/ROS2/install/location_msgs/include/location_msgs/location_msgs/msg/rosidl_typesupport_fastrtps_cpp__visibility_control.h
[0.508s] -- Up-to-date: /home/x650/UAV/ROS2/install/location_msgs/lib/liblocation_msgs__rosidl_typesupport_fastrtps_cpp.so
[0.508s] -- Up-to-date: /home/x650/UAV/ROS2/install/location_msgs/include/location_msgs/location_msgs
[0.508s] -- Up-to-date: /home/x650/UAV/ROS2/install/location_msgs/include/location_msgs/location_msgs/msg
[0.508s] -- Up-to-date: /home/x650/UAV/ROS2/install/location_msgs/include/location_msgs/location_msgs/msg/detail
[0.508s] -- Up-to-date: /home/x650/UAV/ROS2/install/location_msgs/include/location_msgs/location_msgs/msg/detail/defect_box__rosidl_typesupport_introspection_cpp.hpp
[0.508s] -- Up-to-date: /home/x650/UAV/ROS2/install/location_msgs/include/location_msgs/location_msgs/msg/detail/defect_box__type_support.cpp
[0.508s] -- Up-to-date: /home/x650/UAV/ROS2/install/location_msgs/include/location_msgs/location_msgs/msg/detail/mix__rosidl_typesupport_introspection_cpp.hpp
[0.508s] -- Up-to-date: /home/x650/UAV/ROS2/install/location_msgs/include/location_msgs/location_msgs/msg/detail/yaw__rosidl_typesupport_introspection_cpp.hpp
[0.508s] -- Up-to-date: /home/x650/UAV/ROS2/install/location_msgs/include/location_msgs/location_msgs/msg/detail/yaw__type_support.cpp
[0.508s] -- Up-to-date: /home/x650/UAV/ROS2/install/location_msgs/include/location_msgs/location_msgs/msg/detail/pixel_point__type_support.cpp
[0.508s] -- Up-to-date: /home/x650/UAV/ROS2/install/location_msgs/include/location_msgs/location_msgs/msg/detail/defects__rosidl_typesupport_introspection_cpp.hpp
[0.508s] -- Up-to-date: /home/x650/UAV/ROS2/install/location_msgs/include/location_msgs/location_msgs/msg/detail/pixel_point__rosidl_typesupport_introspection_cpp.hpp
[0.508s] -- Up-to-date: /home/x650/UAV/ROS2/install/location_msgs/include/location_msgs/location_msgs/msg/detail/defects__type_support.cpp
[0.508s] -- Up-to-date: /home/x650/UAV/ROS2/install/location_msgs/include/location_msgs/location_msgs/msg/detail/mix__type_support.cpp
[0.508s] -- Up-to-date: /home/x650/UAV/ROS2/install/location_msgs/lib/liblocation_msgs__rosidl_typesupport_introspection_cpp.so
[0.508s] -- Up-to-date: /home/x650/UAV/ROS2/install/location_msgs/lib/liblocation_msgs__rosidl_typesupport_cpp.so
[0.508s] -- Up-to-date: /home/x650/UAV/ROS2/install/location_msgs/share/location_msgs/environment/pythonpath.sh
[0.508s] -- Up-to-date: /home/x650/UAV/ROS2/install/location_msgs/share/location_msgs/environment/pythonpath.dsv
[0.508s] -- Up-to-date: /home/x650/UAV/ROS2/install/location_msgs/local/lib/python3.10/dist-packages/location_msgs-2.0.0-py3.10.egg-info
[0.508s] -- Installing: /home/x650/UAV/ROS2/install/location_msgs/local/lib/python3.10/dist-packages/location_msgs-2.0.0-py3.10.egg-info/dependency_links.txt
[0.509s] -- Installing: /home/x650/UAV/ROS2/install/location_msgs/local/lib/python3.10/dist-packages/location_msgs-2.0.0-py3.10.egg-info/PKG-INFO
[0.509s] -- Installing: /home/x650/UAV/ROS2/install/location_msgs/local/lib/python3.10/dist-packages/location_msgs-2.0.0-py3.10.egg-info/top_level.txt
[0.509s] -- Installing: /home/x650/UAV/ROS2/install/location_msgs/local/lib/python3.10/dist-packages/location_msgs-2.0.0-py3.10.egg-info/SOURCES.txt
[0.509s] -- Up-to-date: /home/x650/UAV/ROS2/install/location_msgs/local/lib/python3.10/dist-packages/location_msgs
[0.509s] -- Up-to-date: /home/x650/UAV/ROS2/install/location_msgs/local/lib/python3.10/dist-packages/location_msgs/location_msgs_s__rosidl_typesupport_c.cpython-310-x86_64-linux-gnu.so
[0.509s] -- Up-to-date: /home/x650/UAV/ROS2/install/location_msgs/local/lib/python3.10/dist-packages/location_msgs/_location_msgs_s.ep.rosidl_typesupport_fastrtps_c.c
[0.509s] -- Up-to-date: /home/x650/UAV/ROS2/install/location_msgs/local/lib/python3.10/dist-packages/location_msgs/location_msgs_s__rosidl_typesupport_introspection_c.cpython-310-x86_64-linux-gnu.so
[0.509s] -- Up-to-date: /home/x650/UAV/ROS2/install/location_msgs/local/lib/python3.10/dist-packages/location_msgs/liblocation_msgs__rosidl_generator_py.so
[0.509s] -- Up-to-date: /home/x650/UAV/ROS2/install/location_msgs/local/lib/python3.10/dist-packages/location_msgs/location_msgs_s__rosidl_typesupport_fastrtps_c.cpython-310-x86_64-linux-gnu.so
[0.509s] -- Up-to-date: /home/x650/UAV/ROS2/install/location_msgs/local/lib/python3.10/dist-packages/location_msgs/_location_msgs_s.ep.rosidl_typesupport_c.c
[0.509s] -- Up-to-date: /home/x650/UAV/ROS2/install/location_msgs/local/lib/python3.10/dist-packages/location_msgs/_location_msgs_s.ep.rosidl_typesupport_introspection_c.c
[0.509s] -- Up-to-date: /home/x650/UAV/ROS2/install/location_msgs/local/lib/python3.10/dist-packages/location_msgs/__init__.py
[0.509s] -- Up-to-date: /home/x650/UAV/ROS2/install/location_msgs/local/lib/python3.10/dist-packages/location_msgs/msg
[0.509s] -- Up-to-date: /home/x650/UAV/ROS2/install/location_msgs/local/lib/python3.10/dist-packages/location_msgs/msg/_yaw_s.c
[0.509s] -- Up-to-date: /home/x650/UAV/ROS2/install/location_msgs/local/lib/python3.10/dist-packages/location_msgs/msg/_pixel_point_s.c
[0.509s] -- Up-to-date: /home/x650/UAV/ROS2/install/location_msgs/local/lib/python3.10/dist-packages/location_msgs/msg/_defect_box_s.c
[0.509s] -- Up-to-date: /home/x650/UAV/ROS2/install/location_msgs/local/lib/python3.10/dist-packages/location_msgs/msg/_pixel_point.py
[0.509s] -- Up-to-date: /home/x650/UAV/ROS2/install/location_msgs/local/lib/python3.10/dist-packages/location_msgs/msg/__init__.py
[0.510s] -- Up-to-date: /home/x650/UAV/ROS2/install/location_msgs/local/lib/python3.10/dist-packages/location_msgs/msg/_yaw.py
[0.510s] -- Up-to-date: /home/x650/UAV/ROS2/install/location_msgs/local/lib/python3.10/dist-packages/location_msgs/msg/_mix.py
[0.510s] -- Up-to-date: /home/x650/UAV/ROS2/install/location_msgs/local/lib/python3.10/dist-packages/location_msgs/msg/_mix_s.c
[0.510s] -- Up-to-date: /home/x650/UAV/ROS2/install/location_msgs/local/lib/python3.10/dist-packages/location_msgs/msg/_defects.py
[0.510s] -- Up-to-date: /home/x650/UAV/ROS2/install/location_msgs/local/lib/python3.10/dist-packages/location_msgs/msg/_defects_s.c
[0.510s] -- Up-to-date: /home/x650/UAV/ROS2/install/location_msgs/local/lib/python3.10/dist-packages/location_msgs/msg/_defect_box.py
[0.516s] Invoked command in '/home/x650/UAV/ROS2/build/location_msgs' returned '-2': CMAKE_PREFIX_PATH=${CMAKE_PREFIX_PATH}:/home/x650/UAV/ROS2/install/uav_patrol:/opt/ros/humble /usr/bin/cmake --install /home/x650/UAV/ROS2/build/location_msgs
