running egg_info
writing ../build/gps_handler/gps_handler.egg-info/PKG-INFO
writing dependency_links to ../build/gps_handler/gps_handler.egg-info/dependency_links.txt
writing entry points to ../build/gps_handler/gps_handler.egg-info/entry_points.txt
writing requirements to ../build/gps_handler/gps_handler.egg-info/requires.txt
writing top-level names to ../build/gps_handler/gps_handler.egg-info/top_level.txt
reading manifest file '../build/gps_handler/gps_handler.egg-info/SOURCES.txt'
writing manifest file '../build/gps_handler/gps_handler.egg-info/SOURCES.txt'
running build
running build_py
copying gps_handler/__init__.py -> /home/ccl/UAV/ROS2/build/gps_handler/build/lib/gps_handler
copying gps_handler/parser.py -> /home/ccl/UAV/ROS2/build/gps_handler/build/lib/gps_handler
copying gps_handler/checksum_utils.py -> /home/ccl/UAV/ROS2/build/gps_handler/build/lib/gps_handler
copying gps_handler/driver.py -> /home/ccl/UAV/ROS2/build/gps_handler/build/lib/gps_handler
copying gps_handler/nodes/nmea_serial_driver.py -> /home/ccl/UAV/ROS2/build/gps_handler/build/lib/gps_handler/nodes
copying gps_handler/nodes/__init__.py -> /home/ccl/UAV/ROS2/build/gps_handler/build/lib/gps_handler/nodes
copying gps_handler/nodes/gps_path.py -> /home/ccl/UAV/ROS2/build/gps_handler/build/lib/gps_handler/nodes
running install
running install_lib
running install_data
copying resource/gps_handler -> /home/ccl/UAV/ROS2/install/gps_handler/share/ament_index/resource_index/packages
copying package.xml -> /home/ccl/UAV/ROS2/install/gps_handler/share/gps_handler
copying launch/gps_handler.launch.py -> /home/ccl/UAV/ROS2/install/gps_handler/share/gps_handler/launch
copying config/gps_handler.yaml -> /home/ccl/UAV/ROS2/install/gps_handler/share/gps_handler/config
running install_egg_info
removing '/home/ccl/UAV/ROS2/install/gps_handler/lib/python3.8/site-packages/gps_handler-2.0.0-py3.8.egg-info' (and everything under it)
Copying ../build/gps_handler/gps_handler.egg-info to /home/ccl/UAV/ROS2/install/gps_handler/lib/python3.8/site-packages/gps_handler-2.0.0-py3.8.egg-info
running install_scripts
Installing nmea_serial_driver script to /home/ccl/UAV/ROS2/install/gps_handler/lib/gps_handler
writing list of installed files to '/home/ccl/UAV/ROS2/build/gps_handler/install.log'
