[0.009s] Invoking command in '/home/x650/UAV/ROS2/build/location_msgs': CMAKE_PREFIX_PATH=/opt/ros/humble /usr/bin/cmake --build /home/x650/UAV/ROS2/build/location_msgs -- -j16 -l16
[0.061s] [  1%] Built target location_msgs__cpp
[0.070s] [ 12%] Built target location_msgs__rosidl_generator_c
[0.074s] [ 12%] Built target ament_cmake_python_copy_location_msgs
[0.110s] [ 14%] [32mBuilding CXX object CMakeFiles/location_msgs__rosidl_typesupport_fastrtps_cpp.dir/rosidl_typesupport_fastrtps_cpp/location_msgs/msg/detail/dds_fastrtps/pixel_point__type_support.cpp.o[0m
[0.112s] [ 15%] [32mBuilding CXX object CMakeFiles/location_msgs__rosidl_typesupport_cpp.dir/rosidl_typesupport_cpp/location_msgs/msg/defect_box__type_support.cpp.o[0m
[0.112s] [ 17%] [32mBuilding CXX object CMakeFiles/location_msgs__rosidl_typesupport_cpp.dir/rosidl_typesupport_cpp/location_msgs/msg/mix__type_support.cpp.o[0m
[0.112s] [ 20%] [32mBuilding CXX object CMakeFiles/location_msgs__rosidl_typesupport_cpp.dir/rosidl_typesupport_cpp/location_msgs/msg/yaw__type_support.cpp.o[0m
[0.112s] [ 20%] [32mBuilding CXX object CMakeFiles/location_msgs__rosidl_typesupport_fastrtps_cpp.dir/rosidl_typesupport_fastrtps_cpp/location_msgs/msg/detail/dds_fastrtps/mix__type_support.cpp.o[0m
[0.112s] [ 22%] [32mBuilding CXX object CMakeFiles/location_msgs__rosidl_typesupport_fastrtps_cpp.dir/rosidl_typesupport_fastrtps_cpp/location_msgs/msg/detail/dds_fastrtps/defects__type_support.cpp.o[0m
[0.112s] [ 23%] [32mBuilding CXX object CMakeFiles/location_msgs__rosidl_typesupport_cpp.dir/rosidl_typesupport_cpp/location_msgs/msg/pixel_point__type_support.cpp.o[0m
[0.112s] [ 25%] [32mBuilding CXX object CMakeFiles/location_msgs__rosidl_typesupport_fastrtps_cpp.dir/rosidl_typesupport_fastrtps_cpp/location_msgs/msg/detail/dds_fastrtps/yaw__type_support.cpp.o[0m
[0.113s] [ 26%] [32mBuilding CXX object CMakeFiles/location_msgs__rosidl_typesupport_cpp.dir/rosidl_typesupport_cpp/location_msgs/msg/defects__type_support.cpp.o[0m
[0.115s] [ 28%] [32mBuilding CXX object CMakeFiles/location_msgs__rosidl_typesupport_fastrtps_cpp.dir/rosidl_typesupport_fastrtps_cpp/location_msgs/msg/detail/dds_fastrtps/defect_box__type_support.cpp.o[0m
[0.116s] [ 30%] [32mBuilding CXX object CMakeFiles/location_msgs__rosidl_typesupport_introspection_cpp.dir/rosidl_typesupport_introspection_cpp/location_msgs/msg/detail/pixel_point__type_support.cpp.o[0m
[0.116s] [ 31%] [32mBuilding CXX object CMakeFiles/location_msgs__rosidl_typesupport_introspection_cpp.dir/rosidl_typesupport_introspection_cpp/location_msgs/msg/detail/mix__type_support.cpp.o[0m
[0.121s] [ 42%] Built target location_msgs__rosidl_typesupport_c
[0.121s] [ 44%] [32mBuilding CXX object CMakeFiles/location_msgs__rosidl_typesupport_fastrtps_c.dir/rosidl_typesupport_fastrtps_c/location_msgs/msg/detail/mix__type_support_c.cpp.o[0m
[0.122s] [ 55%] Built target location_msgs__rosidl_typesupport_introspection_c
[0.134s] [ 57%] [32mBuilding CXX object CMakeFiles/location_msgs__rosidl_typesupport_introspection_cpp.dir/rosidl_typesupport_introspection_cpp/location_msgs/msg/detail/defect_box__type_support.cpp.o[0m
[0.135s] [ 58%] [32mBuilding CXX object CMakeFiles/location_msgs__rosidl_typesupport_introspection_cpp.dir/rosidl_typesupport_introspection_cpp/location_msgs/msg/detail/defects__type_support.cpp.o[0m
[0.389s] running egg_info
[0.412s] writing location_msgs.egg-info/PKG-INFO
[0.414s] writing dependency_links to location_msgs.egg-info/dependency_links.txt
[0.416s] writing top-level names to location_msgs.egg-info/top_level.txt
[0.442s] [ 60%] [32mBuilding CXX object CMakeFiles/location_msgs__rosidl_typesupport_fastrtps_c.dir/rosidl_typesupport_fastrtps_c/location_msgs/msg/detail/pixel_point__type_support_c.cpp.o[0m
[0.509s] reading manifest file 'location_msgs.egg-info/SOURCES.txt'
[0.509s] [ 61%] [32mBuilding CXX object CMakeFiles/location_msgs__rosidl_typesupport_introspection_cpp.dir/rosidl_typesupport_introspection_cpp/location_msgs/msg/detail/yaw__type_support.cpp.o[0m
[0.510s] writing manifest file 'location_msgs.egg-info/SOURCES.txt'
[0.510s] [ 63%] [32mBuilding CXX object CMakeFiles/location_msgs__rosidl_typesupport_fastrtps_c.dir/rosidl_typesupport_fastrtps_c/location_msgs/msg/detail/defect_box__type_support_c.cpp.o[0m
[0.533s] [ 65%] [32mBuilding CXX object CMakeFiles/location_msgs__rosidl_typesupport_fastrtps_c.dir/rosidl_typesupport_fastrtps_c/location_msgs/msg/detail/defects__type_support_c.cpp.o[0m
[0.563s] [ 66%] [32m[1mLinking CXX shared library liblocation_msgs__rosidl_typesupport_cpp.so[0m
[0.607s] [ 68%] [32mBuilding CXX object CMakeFiles/location_msgs__rosidl_typesupport_fastrtps_c.dir/rosidl_typesupport_fastrtps_c/location_msgs/msg/detail/yaw__type_support_c.cpp.o[0m
[0.607s] [ 68%] Built target ament_cmake_python_build_location_msgs_egg
[0.665s] [ 69%] Built target location_msgs__rosidl_typesupport_cpp
[0.729s] [ 71%] [32m[1mLinking CXX shared library liblocation_msgs__rosidl_typesupport_fastrtps_cpp.so[0m
[0.843s] [ 73%] Built target location_msgs__rosidl_typesupport_fastrtps_cpp
[0.890s] [ 74%] [32m[1mLinking CXX shared library liblocation_msgs__rosidl_typesupport_introspection_cpp.so[0m
[0.893s] [ 76%] [32m[1mLinking CXX shared library liblocation_msgs__rosidl_typesupport_fastrtps_c.so[0m
[0.953s] [ 77%] Built target location_msgs__rosidl_typesupport_introspection_cpp
[0.957s] [ 79%] Built target location_msgs__rosidl_typesupport_fastrtps_c
[0.974s] [ 79%] Built target location_msgs
[0.999s] [ 80%] Built target location_msgs__py
[1.035s] [ 82%] [32mBuilding C object CMakeFiles/location_msgs__rosidl_generator_py.dir/rosidl_generator_py/location_msgs/msg/_mix_s.c.o[0m
[1.036s] [ 84%] [32mBuilding C object CMakeFiles/location_msgs__rosidl_generator_py.dir/rosidl_generator_py/location_msgs/msg/_defect_box_s.c.o[0m
[1.036s] [ 85%] [32mBuilding C object CMakeFiles/location_msgs__rosidl_generator_py.dir/rosidl_generator_py/location_msgs/msg/_yaw_s.c.o[0m
[1.037s] [ 87%] [32mBuilding C object CMakeFiles/location_msgs__rosidl_generator_py.dir/rosidl_generator_py/location_msgs/msg/_defects_s.c.o[0m
[1.038s] [ 88%] [32mBuilding C object CMakeFiles/location_msgs__rosidl_generator_py.dir/rosidl_generator_py/location_msgs/msg/_pixel_point_s.c.o[0m
[1.138s] [ 90%] [32m[1mLinking C shared library rosidl_generator_py/location_msgs/liblocation_msgs__rosidl_generator_py.so[0m
[1.179s] [ 90%] Built target location_msgs__rosidl_generator_py
[1.204s] [ 92%] [32mBuilding C object CMakeFiles/location_msgs__rosidl_typesupport_introspection_c__pyext.dir/rosidl_generator_py/location_msgs/_location_msgs_s.ep.rosidl_typesupport_introspection_c.c.o[0m
[1.204s] [ 93%] [32mBuilding C object CMakeFiles/location_msgs__rosidl_typesupport_fastrtps_c__pyext.dir/rosidl_generator_py/location_msgs/_location_msgs_s.ep.rosidl_typesupport_fastrtps_c.c.o[0m
[1.204s] [ 95%] [32mBuilding C object CMakeFiles/location_msgs__rosidl_typesupport_c__pyext.dir/rosidl_generator_py/location_msgs/_location_msgs_s.ep.rosidl_typesupport_c.c.o[0m
[1.282s] [ 96%] [32m[1mLinking C shared library rosidl_generator_py/location_msgs/location_msgs_s__rosidl_typesupport_fastrtps_c.cpython-310-x86_64-linux-gnu.so[0m
[1.285s] [ 98%] [32m[1mLinking C shared library rosidl_generator_py/location_msgs/location_msgs_s__rosidl_typesupport_c.cpython-310-x86_64-linux-gnu.so[0m
[1.286s] [100%] [32m[1mLinking C shared library rosidl_generator_py/location_msgs/location_msgs_s__rosidl_typesupport_introspection_c.cpython-310-x86_64-linux-gnu.so[0m
[1.313s] [100%] Built target location_msgs__rosidl_typesupport_fastrtps_c__pyext
[1.317s] [100%] Built target location_msgs__rosidl_typesupport_introspection_c__pyext
[1.317s] [100%] Built target location_msgs__rosidl_typesupport_c__pyext
[1.325s] Invoked command in '/home/x650/UAV/ROS2/build/location_msgs' returned '0': CMAKE_PREFIX_PATH=/opt/ros/humble /usr/bin/cmake --build /home/x650/UAV/ROS2/build/location_msgs -- -j16 -l16
[1.503s] Invoking command in '/home/x650/UAV/ROS2/build/location_msgs': CMAKE_PREFIX_PATH=/opt/ros/humble /usr/bin/cmake --install /home/x650/UAV/ROS2/build/location_msgs
[1.514s] -- Install configuration: ""
[1.514s] -- Up-to-date: /home/x650/UAV/ROS2/install/location_msgs/share/ament_index/resource_index/rosidl_interfaces/location_msgs
[1.515s] -- Up-to-date: /home/x650/UAV/ROS2/install/location_msgs/include/location_msgs/location_msgs
[1.515s] -- Up-to-date: /home/x650/UAV/ROS2/install/location_msgs/include/location_msgs/location_msgs/msg
[1.515s] -- Up-to-date: /home/x650/UAV/ROS2/install/location_msgs/include/location_msgs/location_msgs/msg/defect_box.h
[1.516s] -- Up-to-date: /home/x650/UAV/ROS2/install/location_msgs/include/location_msgs/location_msgs/msg/pixel_point.h
[1.516s] -- Up-to-date: /home/x650/UAV/ROS2/install/location_msgs/include/location_msgs/location_msgs/msg/yaw.h
[1.516s] -- Up-to-date: /home/x650/UAV/ROS2/install/location_msgs/include/location_msgs/location_msgs/msg/detail
[1.516s] -- Up-to-date: /home/x650/UAV/ROS2/install/location_msgs/include/location_msgs/location_msgs/msg/detail/defects__type_support.h
[1.516s] -- Up-to-date: /home/x650/UAV/ROS2/install/location_msgs/include/location_msgs/location_msgs/msg/detail/mix__type_support.h
[1.516s] -- Up-to-date: /home/x650/UAV/ROS2/install/location_msgs/include/location_msgs/location_msgs/msg/detail/mix__functions.h
[1.517s] -- Up-to-date: /home/x650/UAV/ROS2/install/location_msgs/include/location_msgs/location_msgs/msg/detail/defects__functions.h
[1.517s] -- Up-to-date: /home/x650/UAV/ROS2/install/location_msgs/include/location_msgs/location_msgs/msg/detail/pixel_point__functions.h
[1.517s] -- Up-to-date: /home/x650/UAV/ROS2/install/location_msgs/include/location_msgs/location_msgs/msg/detail/pixel_point__type_support.h
[1.517s] -- Up-to-date: /home/x650/UAV/ROS2/install/location_msgs/include/location_msgs/location_msgs/msg/detail/defect_box__struct.h
[1.517s] -- Up-to-date: /home/x650/UAV/ROS2/install/location_msgs/include/location_msgs/location_msgs/msg/detail/mix__struct.h
[1.517s] -- Up-to-date: /home/x650/UAV/ROS2/install/location_msgs/include/location_msgs/location_msgs/msg/detail/defect_box__functions.h
[1.518s] -- Up-to-date: /home/x650/UAV/ROS2/install/location_msgs/include/location_msgs/location_msgs/msg/detail/defect_box__functions.c
[1.518s] -- Up-to-date: /home/x650/UAV/ROS2/install/location_msgs/include/location_msgs/location_msgs/msg/detail/defects__functions.c
[1.518s] -- Up-to-date: /home/x650/UAV/ROS2/install/location_msgs/include/location_msgs/location_msgs/msg/detail/defect_box__type_support.h
[1.518s] -- Up-to-date: /home/x650/UAV/ROS2/install/location_msgs/include/location_msgs/location_msgs/msg/detail/yaw__type_support.h
[1.518s] -- Up-to-date: /home/x650/UAV/ROS2/install/location_msgs/include/location_msgs/location_msgs/msg/detail/yaw__struct.h
[1.518s] -- Up-to-date: /home/x650/UAV/ROS2/install/location_msgs/include/location_msgs/location_msgs/msg/detail/mix__functions.c
[1.518s] -- Up-to-date: /home/x650/UAV/ROS2/install/location_msgs/include/location_msgs/location_msgs/msg/detail/yaw__functions.h
[1.519s] -- Up-to-date: /home/x650/UAV/ROS2/install/location_msgs/include/location_msgs/location_msgs/msg/detail/yaw__functions.c
[1.519s] -- Up-to-date: /home/x650/UAV/ROS2/install/location_msgs/include/location_msgs/location_msgs/msg/detail/defects__struct.h
[1.519s] -- Up-to-date: /home/x650/UAV/ROS2/install/location_msgs/include/location_msgs/location_msgs/msg/detail/pixel_point__functions.c
[1.519s] -- Up-to-date: /home/x650/UAV/ROS2/install/location_msgs/include/location_msgs/location_msgs/msg/detail/pixel_point__struct.h
[1.519s] -- Up-to-date: /home/x650/UAV/ROS2/install/location_msgs/include/location_msgs/location_msgs/msg/defects.h
[1.519s] -- Up-to-date: /home/x650/UAV/ROS2/install/location_msgs/include/location_msgs/location_msgs/msg/mix.h
[1.519s] -- Up-to-date: /home/x650/UAV/ROS2/install/location_msgs/include/location_msgs/location_msgs/msg/rosidl_generator_c__visibility_control.h
[1.520s] -- Up-to-date: /home/x650/UAV/ROS2/install/location_msgs/share/location_msgs/environment/library_path.sh
[1.520s] -- Up-to-date: /home/x650/UAV/ROS2/install/location_msgs/share/location_msgs/environment/library_path.dsv
[1.520s] -- Up-to-date: /home/x650/UAV/ROS2/install/location_msgs/lib/liblocation_msgs__rosidl_generator_c.so
[1.520s] -- Up-to-date: /home/x650/UAV/ROS2/install/location_msgs/include/location_msgs/location_msgs
[1.520s] -- Up-to-date: /home/x650/UAV/ROS2/install/location_msgs/include/location_msgs/location_msgs/msg
[1.520s] -- Up-to-date: /home/x650/UAV/ROS2/install/location_msgs/include/location_msgs/location_msgs/msg/detail
[1.520s] -- Up-to-date: /home/x650/UAV/ROS2/install/location_msgs/include/location_msgs/location_msgs/msg/detail/yaw__rosidl_typesupport_fastrtps_c.h
[1.520s] -- Up-to-date: /home/x650/UAV/ROS2/install/location_msgs/include/location_msgs/location_msgs/msg/detail/pixel_point__rosidl_typesupport_fastrtps_c.h
[1.521s] -- Up-to-date: /home/x650/UAV/ROS2/install/location_msgs/include/location_msgs/location_msgs/msg/detail/mix__rosidl_typesupport_fastrtps_c.h
[1.521s] -- Up-to-date: /home/x650/UAV/ROS2/install/location_msgs/include/location_msgs/location_msgs/msg/detail/defect_box__rosidl_typesupport_fastrtps_c.h
[1.521s] -- Up-to-date: /home/x650/UAV/ROS2/install/location_msgs/include/location_msgs/location_msgs/msg/detail/defects__rosidl_typesupport_fastrtps_c.h
[1.521s] -- Up-to-date: /home/x650/UAV/ROS2/install/location_msgs/include/location_msgs/location_msgs/msg/rosidl_typesupport_fastrtps_c__visibility_control.h
[1.521s] -- Installing: /home/x650/UAV/ROS2/install/location_msgs/lib/liblocation_msgs__rosidl_typesupport_fastrtps_c.so
[1.522s] -- Set runtime path of "/home/x650/UAV/ROS2/install/location_msgs/lib/liblocation_msgs__rosidl_typesupport_fastrtps_c.so" to ""
[1.522s] -- Up-to-date: /home/x650/UAV/ROS2/install/location_msgs/include/location_msgs/location_msgs
[1.522s] -- Up-to-date: /home/x650/UAV/ROS2/install/location_msgs/include/location_msgs/location_msgs/msg
[1.522s] -- Up-to-date: /home/x650/UAV/ROS2/install/location_msgs/include/location_msgs/location_msgs/msg/rosidl_typesupport_introspection_c__visibility_control.h
[1.522s] -- Up-to-date: /home/x650/UAV/ROS2/install/location_msgs/include/location_msgs/location_msgs/msg/detail
[1.522s] -- Up-to-date: /home/x650/UAV/ROS2/install/location_msgs/include/location_msgs/location_msgs/msg/detail/defects__rosidl_typesupport_introspection_c.h
[1.523s] -- Up-to-date: /home/x650/UAV/ROS2/install/location_msgs/include/location_msgs/location_msgs/msg/detail/yaw__type_support.c
[1.523s] -- Up-to-date: /home/x650/UAV/ROS2/install/location_msgs/include/location_msgs/location_msgs/msg/detail/defects__type_support.c
[1.523s] -- Up-to-date: /home/x650/UAV/ROS2/install/location_msgs/include/location_msgs/location_msgs/msg/detail/pixel_point__type_support.c
[1.523s] -- Up-to-date: /home/x650/UAV/ROS2/install/location_msgs/include/location_msgs/location_msgs/msg/detail/pixel_point__rosidl_typesupport_introspection_c.h
[1.523s] -- Up-to-date: /home/x650/UAV/ROS2/install/location_msgs/include/location_msgs/location_msgs/msg/detail/yaw__rosidl_typesupport_introspection_c.h
[1.523s] -- Up-to-date: /home/x650/UAV/ROS2/install/location_msgs/include/location_msgs/location_msgs/msg/detail/mix__type_support.c
[1.523s] -- Up-to-date: /home/x650/UAV/ROS2/install/location_msgs/include/location_msgs/location_msgs/msg/detail/mix__rosidl_typesupport_introspection_c.h
[1.523s] -- Up-to-date: /home/x650/UAV/ROS2/install/location_msgs/include/location_msgs/location_msgs/msg/detail/defect_box__type_support.c
[1.523s] -- Up-to-date: /home/x650/UAV/ROS2/install/location_msgs/include/location_msgs/location_msgs/msg/detail/defect_box__rosidl_typesupport_introspection_c.h
[1.524s] -- Up-to-date: /home/x650/UAV/ROS2/install/location_msgs/lib/liblocation_msgs__rosidl_typesupport_introspection_c.so
[1.524s] -- Up-to-date: /home/x650/UAV/ROS2/install/location_msgs/lib/liblocation_msgs__rosidl_typesupport_c.so
[1.524s] -- Up-to-date: /home/x650/UAV/ROS2/install/location_msgs/include/location_msgs/location_msgs
[1.524s] -- Up-to-date: /home/x650/UAV/ROS2/install/location_msgs/include/location_msgs/location_msgs/msg
[1.524s] -- Up-to-date: /home/x650/UAV/ROS2/install/location_msgs/include/location_msgs/location_msgs/msg/detail
[1.524s] -- Up-to-date: /home/x650/UAV/ROS2/install/location_msgs/include/location_msgs/location_msgs/msg/detail/defect_box__builder.hpp
[1.524s] -- Up-to-date: /home/x650/UAV/ROS2/install/location_msgs/include/location_msgs/location_msgs/msg/detail/yaw__struct.hpp
[1.524s] -- Up-to-date: /home/x650/UAV/ROS2/install/location_msgs/include/location_msgs/location_msgs/msg/detail/pixel_point__traits.hpp
[1.524s] -- Up-to-date: /home/x650/UAV/ROS2/install/location_msgs/include/location_msgs/location_msgs/msg/detail/yaw__traits.hpp
[1.524s] -- Up-to-date: /home/x650/UAV/ROS2/install/location_msgs/include/location_msgs/location_msgs/msg/detail/yaw__builder.hpp
[1.524s] -- Up-to-date: /home/x650/UAV/ROS2/install/location_msgs/include/location_msgs/location_msgs/msg/detail/defects__builder.hpp
[1.524s] -- Up-to-date: /home/x650/UAV/ROS2/install/location_msgs/include/location_msgs/location_msgs/msg/detail/mix__builder.hpp
[1.524s] -- Up-to-date: /home/x650/UAV/ROS2/install/location_msgs/include/location_msgs/location_msgs/msg/detail/mix__struct.hpp
[1.524s] -- Up-to-date: /home/x650/UAV/ROS2/install/location_msgs/include/location_msgs/location_msgs/msg/detail/defects__struct.hpp
[1.524s] -- Up-to-date: /home/x650/UAV/ROS2/install/location_msgs/include/location_msgs/location_msgs/msg/detail/pixel_point__struct.hpp
[1.524s] -- Up-to-date: /home/x650/UAV/ROS2/install/location_msgs/include/location_msgs/location_msgs/msg/detail/mix__traits.hpp
[1.524s] -- Up-to-date: /home/x650/UAV/ROS2/install/location_msgs/include/location_msgs/location_msgs/msg/detail/pixel_point__builder.hpp
[1.524s] -- Up-to-date: /home/x650/UAV/ROS2/install/location_msgs/include/location_msgs/location_msgs/msg/detail/defects__traits.hpp
[1.525s] -- Up-to-date: /home/x650/UAV/ROS2/install/location_msgs/include/location_msgs/location_msgs/msg/detail/defect_box__struct.hpp
[1.525s] -- Up-to-date: /home/x650/UAV/ROS2/install/location_msgs/include/location_msgs/location_msgs/msg/detail/defect_box__traits.hpp
[1.525s] -- Up-to-date: /home/x650/UAV/ROS2/install/location_msgs/include/location_msgs/location_msgs/msg/defect_box.hpp
[1.525s] -- Up-to-date: /home/x650/UAV/ROS2/install/location_msgs/include/location_msgs/location_msgs/msg/mix.hpp
[1.525s] -- Up-to-date: /home/x650/UAV/ROS2/install/location_msgs/include/location_msgs/location_msgs/msg/pixel_point.hpp
[1.525s] -- Up-to-date: /home/x650/UAV/ROS2/install/location_msgs/include/location_msgs/location_msgs/msg/yaw.hpp
[1.525s] -- Up-to-date: /home/x650/UAV/ROS2/install/location_msgs/include/location_msgs/location_msgs/msg/defects.hpp
[1.525s] -- Up-to-date: /home/x650/UAV/ROS2/install/location_msgs/include/location_msgs/location_msgs
[1.525s] -- Up-to-date: /home/x650/UAV/ROS2/install/location_msgs/include/location_msgs/location_msgs/msg
[1.525s] -- Up-to-date: /home/x650/UAV/ROS2/install/location_msgs/include/location_msgs/location_msgs/msg/detail
[1.525s] -- Up-to-date: /home/x650/UAV/ROS2/install/location_msgs/include/location_msgs/location_msgs/msg/detail/pixel_point__rosidl_typesupport_fastrtps_cpp.hpp
[1.525s] -- Up-to-date: /home/x650/UAV/ROS2/install/location_msgs/include/location_msgs/location_msgs/msg/detail/defects__rosidl_typesupport_fastrtps_cpp.hpp
[1.525s] -- Up-to-date: /home/x650/UAV/ROS2/install/location_msgs/include/location_msgs/location_msgs/msg/detail/mix__rosidl_typesupport_fastrtps_cpp.hpp
[1.525s] -- Up-to-date: /home/x650/UAV/ROS2/install/location_msgs/include/location_msgs/location_msgs/msg/detail/defect_box__rosidl_typesupport_fastrtps_cpp.hpp
[1.525s] -- Up-to-date: /home/x650/UAV/ROS2/install/location_msgs/include/location_msgs/location_msgs/msg/detail/yaw__rosidl_typesupport_fastrtps_cpp.hpp
[1.525s] -- Up-to-date: /home/x650/UAV/ROS2/install/location_msgs/include/location_msgs/location_msgs/msg/detail/dds_fastrtps
[1.525s] -- Up-to-date: /home/x650/UAV/ROS2/install/location_msgs/include/location_msgs/location_msgs/msg/rosidl_typesupport_fastrtps_cpp__visibility_control.h
[1.525s] -- Installing: /home/x650/UAV/ROS2/install/location_msgs/lib/liblocation_msgs__rosidl_typesupport_fastrtps_cpp.so
[1.525s] -- Set runtime path of "/home/x650/UAV/ROS2/install/location_msgs/lib/liblocation_msgs__rosidl_typesupport_fastrtps_cpp.so" to ""
[1.525s] -- Up-to-date: /home/x650/UAV/ROS2/install/location_msgs/include/location_msgs/location_msgs
[1.525s] -- Up-to-date: /home/x650/UAV/ROS2/install/location_msgs/include/location_msgs/location_msgs/msg
[1.525s] -- Up-to-date: /home/x650/UAV/ROS2/install/location_msgs/include/location_msgs/location_msgs/msg/detail
[1.525s] -- Up-to-date: /home/x650/UAV/ROS2/install/location_msgs/include/location_msgs/location_msgs/msg/detail/defect_box__rosidl_typesupport_introspection_cpp.hpp
[1.526s] -- Up-to-date: /home/x650/UAV/ROS2/install/location_msgs/include/location_msgs/location_msgs/msg/detail/defect_box__type_support.cpp
[1.526s] -- Up-to-date: /home/x650/UAV/ROS2/install/location_msgs/include/location_msgs/location_msgs/msg/detail/mix__rosidl_typesupport_introspection_cpp.hpp
[1.526s] -- Up-to-date: /home/x650/UAV/ROS2/install/location_msgs/include/location_msgs/location_msgs/msg/detail/yaw__rosidl_typesupport_introspection_cpp.hpp
[1.526s] -- Up-to-date: /home/x650/UAV/ROS2/install/location_msgs/include/location_msgs/location_msgs/msg/detail/yaw__type_support.cpp
[1.526s] -- Up-to-date: /home/x650/UAV/ROS2/install/location_msgs/include/location_msgs/location_msgs/msg/detail/pixel_point__type_support.cpp
[1.526s] -- Up-to-date: /home/x650/UAV/ROS2/install/location_msgs/include/location_msgs/location_msgs/msg/detail/defects__rosidl_typesupport_introspection_cpp.hpp
[1.526s] -- Up-to-date: /home/x650/UAV/ROS2/install/location_msgs/include/location_msgs/location_msgs/msg/detail/pixel_point__rosidl_typesupport_introspection_cpp.hpp
[1.526s] -- Up-to-date: /home/x650/UAV/ROS2/install/location_msgs/include/location_msgs/location_msgs/msg/detail/defects__type_support.cpp
[1.526s] -- Up-to-date: /home/x650/UAV/ROS2/install/location_msgs/include/location_msgs/location_msgs/msg/detail/mix__type_support.cpp
[1.526s] -- Installing: /home/x650/UAV/ROS2/install/location_msgs/lib/liblocation_msgs__rosidl_typesupport_introspection_cpp.so
[1.526s] -- Set runtime path of "/home/x650/UAV/ROS2/install/location_msgs/lib/liblocation_msgs__rosidl_typesupport_introspection_cpp.so" to ""
[1.526s] -- Installing: /home/x650/UAV/ROS2/install/location_msgs/lib/liblocation_msgs__rosidl_typesupport_cpp.so
[1.526s] -- Set runtime path of "/home/x650/UAV/ROS2/install/location_msgs/lib/liblocation_msgs__rosidl_typesupport_cpp.so" to ""
[1.526s] -- Up-to-date: /home/x650/UAV/ROS2/install/location_msgs/share/location_msgs/environment/pythonpath.sh
[1.526s] -- Up-to-date: /home/x650/UAV/ROS2/install/location_msgs/share/location_msgs/environment/pythonpath.dsv
[1.526s] -- Up-to-date: /home/x650/UAV/ROS2/install/location_msgs/local/lib/python3.10/dist-packages/location_msgs-2.0.0-py3.10.egg-info
[1.526s] -- Installing: /home/x650/UAV/ROS2/install/location_msgs/local/lib/python3.10/dist-packages/location_msgs-2.0.0-py3.10.egg-info/dependency_links.txt
[1.526s] -- Installing: /home/x650/UAV/ROS2/install/location_msgs/local/lib/python3.10/dist-packages/location_msgs-2.0.0-py3.10.egg-info/PKG-INFO
[1.526s] -- Installing: /home/x650/UAV/ROS2/install/location_msgs/local/lib/python3.10/dist-packages/location_msgs-2.0.0-py3.10.egg-info/top_level.txt
[1.526s] -- Installing: /home/x650/UAV/ROS2/install/location_msgs/local/lib/python3.10/dist-packages/location_msgs-2.0.0-py3.10.egg-info/SOURCES.txt
[1.526s] -- Up-to-date: /home/x650/UAV/ROS2/install/location_msgs/local/lib/python3.10/dist-packages/location_msgs
[1.526s] -- Installing: /home/x650/UAV/ROS2/install/location_msgs/local/lib/python3.10/dist-packages/location_msgs/location_msgs_s__rosidl_typesupport_c.cpython-310-x86_64-linux-gnu.so
[1.526s] -- Up-to-date: /home/x650/UAV/ROS2/install/location_msgs/local/lib/python3.10/dist-packages/location_msgs/_location_msgs_s.ep.rosidl_typesupport_fastrtps_c.c
[1.527s] -- Installing: /home/x650/UAV/ROS2/install/location_msgs/local/lib/python3.10/dist-packages/location_msgs/location_msgs_s__rosidl_typesupport_introspection_c.cpython-310-x86_64-linux-gnu.so
[1.527s] -- Installing: /home/x650/UAV/ROS2/install/location_msgs/local/lib/python3.10/dist-packages/location_msgs/liblocation_msgs__rosidl_generator_py.so
[1.527s] -- Installing: /home/x650/UAV/ROS2/install/location_msgs/local/lib/python3.10/dist-packages/location_msgs/location_msgs_s__rosidl_typesupport_fastrtps_c.cpython-310-x86_64-linux-gnu.so
[1.527s] -- Up-to-date: /home/x650/UAV/ROS2/install/location_msgs/local/lib/python3.10/dist-packages/location_msgs/_location_msgs_s.ep.rosidl_typesupport_c.c
[1.527s] -- Up-to-date: /home/x650/UAV/ROS2/install/location_msgs/local/lib/python3.10/dist-packages/location_msgs/_location_msgs_s.ep.rosidl_typesupport_introspection_c.c
[1.527s] -- Up-to-date: /home/x650/UAV/ROS2/install/location_msgs/local/lib/python3.10/dist-packages/location_msgs/__init__.py
[1.527s] -- Up-to-date: /home/x650/UAV/ROS2/install/location_msgs/local/lib/python3.10/dist-packages/location_msgs/msg
[1.527s] -- Up-to-date: /home/x650/UAV/ROS2/install/location_msgs/local/lib/python3.10/dist-packages/location_msgs/msg/_yaw_s.c
[1.527s] -- Up-to-date: /home/x650/UAV/ROS2/install/location_msgs/local/lib/python3.10/dist-packages/location_msgs/msg/_pixel_point_s.c
[1.527s] -- Up-to-date: /home/x650/UAV/ROS2/install/location_msgs/local/lib/python3.10/dist-packages/location_msgs/msg/_defect_box_s.c
[1.527s] -- Up-to-date: /home/x650/UAV/ROS2/install/location_msgs/local/lib/python3.10/dist-packages/location_msgs/msg/_pixel_point.py
[1.527s] -- Up-to-date: /home/x650/UAV/ROS2/install/location_msgs/local/lib/python3.10/dist-packages/location_msgs/msg/__init__.py
[1.527s] -- Up-to-date: /home/x650/UAV/ROS2/install/location_msgs/local/lib/python3.10/dist-packages/location_msgs/msg/_yaw.py
[1.527s] -- Up-to-date: /home/x650/UAV/ROS2/install/location_msgs/local/lib/python3.10/dist-packages/location_msgs/msg/_mix.py
[1.527s] -- Up-to-date: /home/x650/UAV/ROS2/install/location_msgs/local/lib/python3.10/dist-packages/location_msgs/msg/_mix_s.c
[1.527s] -- Up-to-date: /home/x650/UAV/ROS2/install/location_msgs/local/lib/python3.10/dist-packages/location_msgs/msg/_defects.py
[1.527s] -- Up-to-date: /home/x650/UAV/ROS2/install/location_msgs/local/lib/python3.10/dist-packages/location_msgs/msg/_defects_s.c
[1.527s] -- Up-to-date: /home/x650/UAV/ROS2/install/location_msgs/local/lib/python3.10/dist-packages/location_msgs/msg/_defect_box.py
[1.550s] Listing '/home/x650/UAV/ROS2/install/location_msgs/local/lib/python3.10/dist-packages/location_msgs'...
[1.550s] Listing '/home/x650/UAV/ROS2/install/location_msgs/local/lib/python3.10/dist-packages/location_msgs/msg'...
[1.553s] -- Installing: /home/x650/UAV/ROS2/install/location_msgs/local/lib/python3.10/dist-packages/location_msgs/location_msgs_s__rosidl_typesupport_fastrtps_c.cpython-310-x86_64-linux-gnu.so
[1.553s] -- Set runtime path of "/home/x650/UAV/ROS2/install/location_msgs/local/lib/python3.10/dist-packages/location_msgs/location_msgs_s__rosidl_typesupport_fastrtps_c.cpython-310-x86_64-linux-gnu.so" to ""
[1.553s] -- Installing: /home/x650/UAV/ROS2/install/location_msgs/local/lib/python3.10/dist-packages/location_msgs/location_msgs_s__rosidl_typesupport_introspection_c.cpython-310-x86_64-linux-gnu.so
[1.554s] -- Set runtime path of "/home/x650/UAV/ROS2/install/location_msgs/local/lib/python3.10/dist-packages/location_msgs/location_msgs_s__rosidl_typesupport_introspection_c.cpython-310-x86_64-linux-gnu.so" to ""
[1.554s] -- Installing: /home/x650/UAV/ROS2/install/location_msgs/local/lib/python3.10/dist-packages/location_msgs/location_msgs_s__rosidl_typesupport_c.cpython-310-x86_64-linux-gnu.so
[1.554s] -- Set runtime path of "/home/x650/UAV/ROS2/install/location_msgs/local/lib/python3.10/dist-packages/location_msgs/location_msgs_s__rosidl_typesupport_c.cpython-310-x86_64-linux-gnu.so" to ""
[1.554s] -- Installing: /home/x650/UAV/ROS2/install/location_msgs/lib/liblocation_msgs__rosidl_generator_py.so
[1.554s] -- Set runtime path of "/home/x650/UAV/ROS2/install/location_msgs/lib/liblocation_msgs__rosidl_generator_py.so" to ""
[1.555s] -- Up-to-date: /home/x650/UAV/ROS2/install/location_msgs/share/location_msgs/msg/Mix.idl
[1.555s] -- Up-to-date: /home/x650/UAV/ROS2/install/location_msgs/share/location_msgs/msg/PixelPoint.idl
[1.555s] -- Up-to-date: /home/x650/UAV/ROS2/install/location_msgs/share/location_msgs/msg/DefectBox.idl
[1.555s] -- Up-to-date: /home/x650/UAV/ROS2/install/location_msgs/share/location_msgs/msg/Defects.idl
[1.555s] -- Up-to-date: /home/x650/UAV/ROS2/install/location_msgs/share/location_msgs/msg/Yaw.idl
[1.555s] -- Up-to-date: /home/x650/UAV/ROS2/install/location_msgs/share/location_msgs/msg/Mix.msg
[1.555s] -- Up-to-date: /home/x650/UAV/ROS2/install/location_msgs/share/location_msgs/msg/PixelPoint.msg
[1.555s] -- Up-to-date: /home/x650/UAV/ROS2/install/location_msgs/share/location_msgs/msg/DefectBox.msg
[1.555s] -- Up-to-date: /home/x650/UAV/ROS2/install/location_msgs/share/location_msgs/msg/Defects.msg
[1.555s] -- Up-to-date: /home/x650/UAV/ROS2/install/location_msgs/share/location_msgs/msg/Yaw.msg
[1.555s] -- Up-to-date: /home/x650/UAV/ROS2/install/location_msgs/share/ament_index/resource_index/package_run_dependencies/location_msgs
[1.555s] -- Up-to-date: /home/x650/UAV/ROS2/install/location_msgs/share/ament_index/resource_index/parent_prefix_path/location_msgs
[1.555s] -- Up-to-date: /home/x650/UAV/ROS2/install/location_msgs/share/location_msgs/environment/ament_prefix_path.sh
[1.555s] -- Up-to-date: /home/x650/UAV/ROS2/install/location_msgs/share/location_msgs/environment/ament_prefix_path.dsv
[1.555s] -- Up-to-date: /home/x650/UAV/ROS2/install/location_msgs/share/location_msgs/environment/path.sh
[1.555s] -- Up-to-date: /home/x650/UAV/ROS2/install/location_msgs/share/location_msgs/environment/path.dsv
[1.555s] -- Up-to-date: /home/x650/UAV/ROS2/install/location_msgs/share/location_msgs/local_setup.bash
[1.555s] -- Up-to-date: /home/x650/UAV/ROS2/install/location_msgs/share/location_msgs/local_setup.sh
[1.555s] -- Up-to-date: /home/x650/UAV/ROS2/install/location_msgs/share/location_msgs/local_setup.zsh
[1.555s] -- Up-to-date: /home/x650/UAV/ROS2/install/location_msgs/share/location_msgs/local_setup.dsv
[1.555s] -- Installing: /home/x650/UAV/ROS2/install/location_msgs/share/location_msgs/package.dsv
[1.555s] -- Up-to-date: /home/x650/UAV/ROS2/install/location_msgs/share/ament_index/resource_index/packages/location_msgs
[1.555s] -- Up-to-date: /home/x650/UAV/ROS2/install/location_msgs/share/location_msgs/cmake/export_location_msgs__rosidl_generator_cExport.cmake
[1.555s] -- Up-to-date: /home/x650/UAV/ROS2/install/location_msgs/share/location_msgs/cmake/export_location_msgs__rosidl_generator_cExport-noconfig.cmake
[1.556s] -- Up-to-date: /home/x650/UAV/ROS2/install/location_msgs/share/location_msgs/cmake/export_location_msgs__rosidl_typesupport_fastrtps_cExport.cmake
[1.556s] -- Up-to-date: /home/x650/UAV/ROS2/install/location_msgs/share/location_msgs/cmake/export_location_msgs__rosidl_typesupport_fastrtps_cExport-noconfig.cmake
[1.556s] -- Up-to-date: /home/x650/UAV/ROS2/install/location_msgs/share/location_msgs/cmake/location_msgs__rosidl_typesupport_introspection_cExport.cmake
[1.556s] -- Up-to-date: /home/x650/UAV/ROS2/install/location_msgs/share/location_msgs/cmake/location_msgs__rosidl_typesupport_introspection_cExport-noconfig.cmake
[1.556s] -- Up-to-date: /home/x650/UAV/ROS2/install/location_msgs/share/location_msgs/cmake/location_msgs__rosidl_typesupport_cExport.cmake
[1.556s] -- Up-to-date: /home/x650/UAV/ROS2/install/location_msgs/share/location_msgs/cmake/location_msgs__rosidl_typesupport_cExport-noconfig.cmake
[1.557s] -- Up-to-date: /home/x650/UAV/ROS2/install/location_msgs/share/location_msgs/cmake/export_location_msgs__rosidl_generator_cppExport.cmake
[1.557s] -- Up-to-date: /home/x650/UAV/ROS2/install/location_msgs/share/location_msgs/cmake/export_location_msgs__rosidl_typesupport_fastrtps_cppExport.cmake
[1.557s] -- Up-to-date: /home/x650/UAV/ROS2/install/location_msgs/share/location_msgs/cmake/export_location_msgs__rosidl_typesupport_fastrtps_cppExport-noconfig.cmake
[1.557s] -- Up-to-date: /home/x650/UAV/ROS2/install/location_msgs/share/location_msgs/cmake/location_msgs__rosidl_typesupport_introspection_cppExport.cmake
[1.557s] -- Up-to-date: /home/x650/UAV/ROS2/install/location_msgs/share/location_msgs/cmake/location_msgs__rosidl_typesupport_introspection_cppExport-noconfig.cmake
[1.558s] -- Up-to-date: /home/x650/UAV/ROS2/install/location_msgs/share/location_msgs/cmake/location_msgs__rosidl_typesupport_cppExport.cmake
[1.558s] -- Up-to-date: /home/x650/UAV/ROS2/install/location_msgs/share/location_msgs/cmake/location_msgs__rosidl_typesupport_cppExport-noconfig.cmake
[1.558s] -- Up-to-date: /home/x650/UAV/ROS2/install/location_msgs/share/location_msgs/cmake/export_location_msgs__rosidl_generator_pyExport.cmake
[1.558s] -- Up-to-date: /home/x650/UAV/ROS2/install/location_msgs/share/location_msgs/cmake/export_location_msgs__rosidl_generator_pyExport-noconfig.cmake
[1.558s] -- Up-to-date: /home/x650/UAV/ROS2/install/location_msgs/share/location_msgs/cmake/rosidl_cmake-extras.cmake
[1.558s] -- Up-to-date: /home/x650/UAV/ROS2/install/location_msgs/share/location_msgs/cmake/ament_cmake_export_dependencies-extras.cmake
[1.558s] -- Up-to-date: /home/x650/UAV/ROS2/install/location_msgs/share/location_msgs/cmake/ament_cmake_export_include_directories-extras.cmake
[1.558s] -- Up-to-date: /home/x650/UAV/ROS2/install/location_msgs/share/location_msgs/cmake/ament_cmake_export_libraries-extras.cmake
[1.558s] -- Up-to-date: /home/x650/UAV/ROS2/install/location_msgs/share/location_msgs/cmake/ament_cmake_export_targets-extras.cmake
[1.558s] -- Up-to-date: /home/x650/UAV/ROS2/install/location_msgs/share/location_msgs/cmake/rosidl_cmake_export_typesupport_targets-extras.cmake
[1.558s] -- Up-to-date: /home/x650/UAV/ROS2/install/location_msgs/share/location_msgs/cmake/rosidl_cmake_export_typesupport_libraries-extras.cmake
[1.558s] -- Up-to-date: /home/x650/UAV/ROS2/install/location_msgs/share/location_msgs/cmake/location_msgsConfig.cmake
[1.558s] -- Up-to-date: /home/x650/UAV/ROS2/install/location_msgs/share/location_msgs/cmake/location_msgsConfig-version.cmake
[1.558s] -- Up-to-date: /home/x650/UAV/ROS2/install/location_msgs/share/location_msgs/package.xml
[1.560s] Invoked command in '/home/x650/UAV/ROS2/build/location_msgs' returned '0': CMAKE_PREFIX_PATH=/opt/ros/humble /usr/bin/cmake --install /home/x650/UAV/ROS2/build/location_msgs
