[0.185s] DEBUG:colcon:Command line arguments: ['/usr/bin/colcon', 'build']
[0.185s] DEBUG:colcon:Parsed command line arguments: Namespace(allow_overriding=[], ament_cmake_args=None, base_paths=['.'], build_base='build', catkin_cmake_args=None, catkin_skip_building_tests=False, cmake_args=None, cmake_clean_cache=False, cmake_clean_first=False, cmake_force_configure=False, cmake_target=None, cmake_target_skip_unavailable=False, continue_on_error=False, event_handlers=None, executor='parallel', ignore_user_meta=False, install_base='install', log_base=None, log_level=None, main=<bound method BuildVerb.main of <colcon_core.verb.build.BuildVerb object at 0x7ff5e6f3e8b0>>, merge_install=False, metas=['./colcon.meta'], mixin=None, mixin_files=None, mixin_verb=('build',), packages_above=None, packages_above_and_dependencies=None, packages_above_depth=None, packages_end=None, packages_ignore=None, packages_ignore_regex=None, packages_select=None, packages_select_build_failed=False, packages_select_by_dep=None, packages_select_regex=None, packages_select_test_failures=False, packages_skip=None, packages_skip_build_finished=False, packages_skip_by_dep=None, packages_skip_regex=None, packages_skip_test_passed=False, packages_skip_up_to=None, packages_start=None, packages_up_to=None, packages_up_to_regex=None, parallel_workers=8, paths=None, symlink_install=False, test_result_base=None, verb_extension=<colcon_core.verb.build.BuildVerb object at 0x7ff5e6f3e8b0>, verb_name='build', verb_parser=<colcon_mixin.mixin.mixin_argument.MixinArgumentDecorator object at 0x7ff5e6e7e790>)
[0.305s] Level 1:colcon.colcon_core.package_discovery:discover_packages(colcon_meta) check parameters
[0.305s] Level 1:colcon.colcon_core.package_discovery:discover_packages(recursive) check parameters
[0.305s] Level 1:colcon.colcon_core.package_discovery:discover_packages(ignore) check parameters
[0.305s] Level 1:colcon.colcon_core.package_discovery:discover_packages(path) check parameters
[0.305s] Level 1:colcon.colcon_core.package_discovery:discover_packages(colcon_meta) discover
[0.305s] Level 1:colcon.colcon_core.package_discovery:discover_packages(recursive) discover
[0.305s] INFO:colcon.colcon_core.package_discovery:Crawling recursively for packages in '/home/xs/UAV/ROS2'
[0.305s] Level 1:colcon.colcon_core.package_identification:_identify(.) by extensions ['ignore', 'ignore_ament_install']
[0.305s] Level 1:colcon.colcon_core.package_identification:_identify(.) by extension 'ignore'
[0.305s] Level 1:colcon.colcon_core.package_identification:_identify(.) by extension 'ignore_ament_install'
[0.305s] Level 1:colcon.colcon_core.package_identification:_identify(.) by extensions ['colcon_pkg']
[0.305s] Level 1:colcon.colcon_core.package_identification:_identify(.) by extension 'colcon_pkg'
[0.305s] Level 1:colcon.colcon_core.package_identification:_identify(.) by extensions ['colcon_meta']
[0.305s] Level 1:colcon.colcon_core.package_identification:_identify(.) by extension 'colcon_meta'
[0.305s] Level 1:colcon.colcon_core.package_identification:_identify(.) by extensions ['ros']
[0.305s] Level 1:colcon.colcon_core.package_identification:_identify(.) by extension 'ros'
[0.315s] Level 1:colcon.colcon_core.package_identification:_identify(.) by extensions ['cmake', 'python']
[0.315s] Level 1:colcon.colcon_core.package_identification:_identify(.) by extension 'cmake'
[0.315s] Level 1:colcon.colcon_core.package_identification:_identify(.) by extension 'python'
[0.315s] Level 1:colcon.colcon_core.package_identification:_identify(.) by extensions ['python_setup_py']
[0.315s] Level 1:colcon.colcon_core.package_identification:_identify(.) by extension 'python_setup_py'
[0.315s] Level 1:colcon.colcon_core.package_identification:_identify(build) by extensions ['ignore', 'ignore_ament_install']
[0.315s] Level 1:colcon.colcon_core.package_identification:_identify(build) by extension 'ignore'
[0.315s] Level 1:colcon.colcon_core.package_identification:_identify(build) ignored
[0.315s] Level 1:colcon.colcon_core.package_identification:_identify(ctrl_relayer) by extensions ['ignore', 'ignore_ament_install']
[0.315s] Level 1:colcon.colcon_core.package_identification:_identify(ctrl_relayer) by extension 'ignore'
[0.315s] Level 1:colcon.colcon_core.package_identification:_identify(ctrl_relayer) by extension 'ignore_ament_install'
[0.315s] Level 1:colcon.colcon_core.package_identification:_identify(ctrl_relayer) by extensions ['colcon_pkg']
[0.315s] Level 1:colcon.colcon_core.package_identification:_identify(ctrl_relayer) by extension 'colcon_pkg'
[0.315s] Level 1:colcon.colcon_core.package_identification:_identify(ctrl_relayer) by extensions ['colcon_meta']
[0.315s] Level 1:colcon.colcon_core.package_identification:_identify(ctrl_relayer) by extension 'colcon_meta'
[0.315s] Level 1:colcon.colcon_core.package_identification:_identify(ctrl_relayer) by extensions ['ros']
[0.315s] Level 1:colcon.colcon_core.package_identification:_identify(ctrl_relayer) by extension 'ros'
[0.318s] DEBUG:colcon.colcon_core.package_identification:Package 'ctrl_relayer' with type 'ros.ament_python' and name 'ctrl_relayer'
[0.319s] Level 1:colcon.colcon_core.package_identification:_identify(gps_handler) by extensions ['ignore', 'ignore_ament_install']
[0.319s] Level 1:colcon.colcon_core.package_identification:_identify(gps_handler) by extension 'ignore'
[0.319s] Level 1:colcon.colcon_core.package_identification:_identify(gps_handler) by extension 'ignore_ament_install'
[0.319s] Level 1:colcon.colcon_core.package_identification:_identify(gps_handler) by extensions ['colcon_pkg']
[0.319s] Level 1:colcon.colcon_core.package_identification:_identify(gps_handler) by extension 'colcon_pkg'
[0.319s] Level 1:colcon.colcon_core.package_identification:_identify(gps_handler) by extensions ['colcon_meta']
[0.319s] Level 1:colcon.colcon_core.package_identification:_identify(gps_handler) by extension 'colcon_meta'
[0.319s] Level 1:colcon.colcon_core.package_identification:_identify(gps_handler) by extensions ['ros']
[0.319s] Level 1:colcon.colcon_core.package_identification:_identify(gps_handler) by extension 'ros'
[0.320s] DEBUG:colcon.colcon_core.package_identification:Package 'gps_handler' with type 'ros.ament_python' and name 'gps_handler'
[0.320s] Level 1:colcon.colcon_core.package_identification:_identify(install) by extensions ['ignore', 'ignore_ament_install']
[0.321s] Level 1:colcon.colcon_core.package_identification:_identify(install) by extension 'ignore'
[0.321s] Level 1:colcon.colcon_core.package_identification:_identify(install) ignored
[0.321s] Level 1:colcon.colcon_core.package_identification:_identify(log) by extensions ['ignore', 'ignore_ament_install']
[0.321s] Level 1:colcon.colcon_core.package_identification:_identify(log) by extension 'ignore'
[0.321s] Level 1:colcon.colcon_core.package_identification:_identify(log) ignored
[0.321s] Level 1:colcon.colcon_core.package_identification:_identify(nmea_msgs) by extensions ['ignore', 'ignore_ament_install']
[0.321s] Level 1:colcon.colcon_core.package_identification:_identify(nmea_msgs) by extension 'ignore'
[0.321s] Level 1:colcon.colcon_core.package_identification:_identify(nmea_msgs) by extension 'ignore_ament_install'
[0.321s] Level 1:colcon.colcon_core.package_identification:_identify(nmea_msgs) by extensions ['colcon_pkg']
[0.321s] Level 1:colcon.colcon_core.package_identification:_identify(nmea_msgs) by extension 'colcon_pkg'
[0.321s] Level 1:colcon.colcon_core.package_identification:_identify(nmea_msgs) by extensions ['colcon_meta']
[0.321s] Level 1:colcon.colcon_core.package_identification:_identify(nmea_msgs) by extension 'colcon_meta'
[0.321s] Level 1:colcon.colcon_core.package_identification:_identify(nmea_msgs) by extensions ['ros']
[0.321s] Level 1:colcon.colcon_core.package_identification:_identify(nmea_msgs) by extension 'ros'
[0.322s] DEBUG:colcon.colcon_core.package_identification:Package 'nmea_msgs' with type 'ros.ament_cmake' and name 'nmea_msgs'
[0.322s] Level 1:colcon.colcon_core.package_identification:_identify(object_detector) by extensions ['ignore', 'ignore_ament_install']
[0.322s] Level 1:colcon.colcon_core.package_identification:_identify(object_detector) by extension 'ignore'
[0.322s] Level 1:colcon.colcon_core.package_identification:_identify(object_detector) by extension 'ignore_ament_install'
[0.322s] Level 1:colcon.colcon_core.package_identification:_identify(object_detector) by extensions ['colcon_pkg']
[0.322s] Level 1:colcon.colcon_core.package_identification:_identify(object_detector) by extension 'colcon_pkg'
[0.323s] Level 1:colcon.colcon_core.package_identification:_identify(object_detector) by extensions ['colcon_meta']
[0.323s] Level 1:colcon.colcon_core.package_identification:_identify(object_detector) by extension 'colcon_meta'
[0.323s] Level 1:colcon.colcon_core.package_identification:_identify(object_detector) by extensions ['ros']
[0.323s] Level 1:colcon.colcon_core.package_identification:_identify(object_detector) by extension 'ros'
[0.323s] DEBUG:colcon.colcon_core.package_identification:Package 'object_detector' with type 'ros.ament_python' and name 'object_detector'
[0.324s] Level 1:colcon.colcon_core.package_identification:_identify(tf_converter) by extensions ['ignore', 'ignore_ament_install']
[0.324s] Level 1:colcon.colcon_core.package_identification:_identify(tf_converter) by extension 'ignore'
[0.324s] Level 1:colcon.colcon_core.package_identification:_identify(tf_converter) by extension 'ignore_ament_install'
[0.324s] Level 1:colcon.colcon_core.package_identification:_identify(tf_converter) by extensions ['colcon_pkg']
[0.324s] Level 1:colcon.colcon_core.package_identification:_identify(tf_converter) by extension 'colcon_pkg'
[0.324s] Level 1:colcon.colcon_core.package_identification:_identify(tf_converter) by extensions ['colcon_meta']
[0.324s] Level 1:colcon.colcon_core.package_identification:_identify(tf_converter) by extension 'colcon_meta'
[0.324s] Level 1:colcon.colcon_core.package_identification:_identify(tf_converter) by extensions ['ros']
[0.324s] Level 1:colcon.colcon_core.package_identification:_identify(tf_converter) by extension 'ros'
[0.325s] DEBUG:colcon.colcon_core.package_identification:Package 'tf_converter' with type 'ros.ament_python' and name 'tf_converter'
[0.325s] Level 1:colcon.colcon_core.package_discovery:discover_packages(recursive) using defaults
[0.325s] Level 1:colcon.colcon_core.package_discovery:discover_packages(ignore) discover
[0.325s] Level 1:colcon.colcon_core.package_discovery:discover_packages(ignore) using defaults
[0.325s] Level 1:colcon.colcon_core.package_discovery:discover_packages(path) discover
[0.325s] Level 1:colcon.colcon_core.package_discovery:discover_packages(path) using defaults
[0.347s] Level 1:colcon.colcon_core.package_discovery:discover_packages(prefix_path) check parameters
[0.347s] Level 1:colcon.colcon_core.package_discovery:discover_packages(prefix_path) discover
[0.349s] DEBUG:colcon.colcon_installed_package_information.package_discovery:Found 269 installed packages in /opt/ros/galactic
[0.350s] Level 1:colcon.colcon_core.package_discovery:discover_packages(prefix_path) using defaults
[0.393s] Level 5:colcon.colcon_core.verb:set package 'ctrl_relayer' build argument 'cmake_args' from command line to 'None'
[0.393s] Level 5:colcon.colcon_core.verb:set package 'ctrl_relayer' build argument 'cmake_target' from command line to 'None'
[0.393s] Level 5:colcon.colcon_core.verb:set package 'ctrl_relayer' build argument 'cmake_target_skip_unavailable' from command line to 'False'
[0.393s] Level 5:colcon.colcon_core.verb:set package 'ctrl_relayer' build argument 'cmake_clean_cache' from command line to 'False'
[0.393s] Level 5:colcon.colcon_core.verb:set package 'ctrl_relayer' build argument 'cmake_clean_first' from command line to 'False'
[0.393s] Level 5:colcon.colcon_core.verb:set package 'ctrl_relayer' build argument 'cmake_force_configure' from command line to 'False'
[0.393s] Level 5:colcon.colcon_core.verb:set package 'ctrl_relayer' build argument 'ament_cmake_args' from command line to 'None'
[0.393s] Level 5:colcon.colcon_core.verb:set package 'ctrl_relayer' build argument 'catkin_cmake_args' from command line to 'None'
[0.393s] Level 5:colcon.colcon_core.verb:set package 'ctrl_relayer' build argument 'catkin_skip_building_tests' from command line to 'False'
[0.393s] DEBUG:colcon.colcon_core.verb:Building package 'ctrl_relayer' with the following arguments: {'ament_cmake_args': None, 'build_base': '/home/xs/UAV/ROS2/build/ctrl_relayer', 'catkin_cmake_args': None, 'catkin_skip_building_tests': False, 'cmake_args': None, 'cmake_clean_cache': False, 'cmake_clean_first': False, 'cmake_force_configure': False, 'cmake_target': None, 'cmake_target_skip_unavailable': False, 'install_base': '/home/xs/UAV/ROS2/install/ctrl_relayer', 'merge_install': False, 'path': '/home/xs/UAV/ROS2/ctrl_relayer', 'symlink_install': False, 'test_result_base': None}
[0.394s] Level 5:colcon.colcon_core.verb:set package 'nmea_msgs' build argument 'cmake_args' from command line to 'None'
[0.394s] Level 5:colcon.colcon_core.verb:set package 'nmea_msgs' build argument 'cmake_target' from command line to 'None'
[0.394s] Level 5:colcon.colcon_core.verb:set package 'nmea_msgs' build argument 'cmake_target_skip_unavailable' from command line to 'False'
[0.394s] Level 5:colcon.colcon_core.verb:set package 'nmea_msgs' build argument 'cmake_clean_cache' from command line to 'False'
[0.394s] Level 5:colcon.colcon_core.verb:set package 'nmea_msgs' build argument 'cmake_clean_first' from command line to 'False'
[0.394s] Level 5:colcon.colcon_core.verb:set package 'nmea_msgs' build argument 'cmake_force_configure' from command line to 'False'
[0.394s] Level 5:colcon.colcon_core.verb:set package 'nmea_msgs' build argument 'ament_cmake_args' from command line to 'None'
[0.394s] Level 5:colcon.colcon_core.verb:set package 'nmea_msgs' build argument 'catkin_cmake_args' from command line to 'None'
[0.394s] Level 5:colcon.colcon_core.verb:set package 'nmea_msgs' build argument 'catkin_skip_building_tests' from command line to 'False'
[0.394s] DEBUG:colcon.colcon_core.verb:Building package 'nmea_msgs' with the following arguments: {'ament_cmake_args': None, 'build_base': '/home/xs/UAV/ROS2/build/nmea_msgs', 'catkin_cmake_args': None, 'catkin_skip_building_tests': False, 'cmake_args': None, 'cmake_clean_cache': False, 'cmake_clean_first': False, 'cmake_force_configure': False, 'cmake_target': None, 'cmake_target_skip_unavailable': False, 'install_base': '/home/xs/UAV/ROS2/install/nmea_msgs', 'merge_install': False, 'path': '/home/xs/UAV/ROS2/nmea_msgs', 'symlink_install': False, 'test_result_base': None}
[0.394s] Level 5:colcon.colcon_core.verb:set package 'object_detector' build argument 'cmake_args' from command line to 'None'
[0.394s] Level 5:colcon.colcon_core.verb:set package 'object_detector' build argument 'cmake_target' from command line to 'None'
[0.394s] Level 5:colcon.colcon_core.verb:set package 'object_detector' build argument 'cmake_target_skip_unavailable' from command line to 'False'
[0.394s] Level 5:colcon.colcon_core.verb:set package 'object_detector' build argument 'cmake_clean_cache' from command line to 'False'
[0.394s] Level 5:colcon.colcon_core.verb:set package 'object_detector' build argument 'cmake_clean_first' from command line to 'False'
[0.394s] Level 5:colcon.colcon_core.verb:set package 'object_detector' build argument 'cmake_force_configure' from command line to 'False'
[0.394s] Level 5:colcon.colcon_core.verb:set package 'object_detector' build argument 'ament_cmake_args' from command line to 'None'
[0.394s] Level 5:colcon.colcon_core.verb:set package 'object_detector' build argument 'catkin_cmake_args' from command line to 'None'
[0.394s] Level 5:colcon.colcon_core.verb:set package 'object_detector' build argument 'catkin_skip_building_tests' from command line to 'False'
[0.394s] DEBUG:colcon.colcon_core.verb:Building package 'object_detector' with the following arguments: {'ament_cmake_args': None, 'build_base': '/home/xs/UAV/ROS2/build/object_detector', 'catkin_cmake_args': None, 'catkin_skip_building_tests': False, 'cmake_args': None, 'cmake_clean_cache': False, 'cmake_clean_first': False, 'cmake_force_configure': False, 'cmake_target': None, 'cmake_target_skip_unavailable': False, 'install_base': '/home/xs/UAV/ROS2/install/object_detector', 'merge_install': False, 'path': '/home/xs/UAV/ROS2/object_detector', 'symlink_install': False, 'test_result_base': None}
[0.395s] Level 5:colcon.colcon_core.verb:set package 'tf_converter' build argument 'cmake_args' from command line to 'None'
[0.395s] Level 5:colcon.colcon_core.verb:set package 'tf_converter' build argument 'cmake_target' from command line to 'None'
[0.395s] Level 5:colcon.colcon_core.verb:set package 'tf_converter' build argument 'cmake_target_skip_unavailable' from command line to 'False'
[0.395s] Level 5:colcon.colcon_core.verb:set package 'tf_converter' build argument 'cmake_clean_cache' from command line to 'False'
[0.395s] Level 5:colcon.colcon_core.verb:set package 'tf_converter' build argument 'cmake_clean_first' from command line to 'False'
[0.395s] Level 5:colcon.colcon_core.verb:set package 'tf_converter' build argument 'cmake_force_configure' from command line to 'False'
[0.395s] Level 5:colcon.colcon_core.verb:set package 'tf_converter' build argument 'ament_cmake_args' from command line to 'None'
[0.395s] Level 5:colcon.colcon_core.verb:set package 'tf_converter' build argument 'catkin_cmake_args' from command line to 'None'
[0.395s] Level 5:colcon.colcon_core.verb:set package 'tf_converter' build argument 'catkin_skip_building_tests' from command line to 'False'
[0.395s] DEBUG:colcon.colcon_core.verb:Building package 'tf_converter' with the following arguments: {'ament_cmake_args': None, 'build_base': '/home/xs/UAV/ROS2/build/tf_converter', 'catkin_cmake_args': None, 'catkin_skip_building_tests': False, 'cmake_args': None, 'cmake_clean_cache': False, 'cmake_clean_first': False, 'cmake_force_configure': False, 'cmake_target': None, 'cmake_target_skip_unavailable': False, 'install_base': '/home/xs/UAV/ROS2/install/tf_converter', 'merge_install': False, 'path': '/home/xs/UAV/ROS2/tf_converter', 'symlink_install': False, 'test_result_base': None}
[0.395s] Level 5:colcon.colcon_core.verb:set package 'gps_handler' build argument 'cmake_args' from command line to 'None'
[0.395s] Level 5:colcon.colcon_core.verb:set package 'gps_handler' build argument 'cmake_target' from command line to 'None'
[0.395s] Level 5:colcon.colcon_core.verb:set package 'gps_handler' build argument 'cmake_target_skip_unavailable' from command line to 'False'
[0.395s] Level 5:colcon.colcon_core.verb:set package 'gps_handler' build argument 'cmake_clean_cache' from command line to 'False'
[0.395s] Level 5:colcon.colcon_core.verb:set package 'gps_handler' build argument 'cmake_clean_first' from command line to 'False'
[0.395s] Level 5:colcon.colcon_core.verb:set package 'gps_handler' build argument 'cmake_force_configure' from command line to 'False'
[0.395s] Level 5:colcon.colcon_core.verb:set package 'gps_handler' build argument 'ament_cmake_args' from command line to 'None'
[0.395s] Level 5:colcon.colcon_core.verb:set package 'gps_handler' build argument 'catkin_cmake_args' from command line to 'None'
[0.395s] Level 5:colcon.colcon_core.verb:set package 'gps_handler' build argument 'catkin_skip_building_tests' from command line to 'False'
[0.395s] DEBUG:colcon.colcon_core.verb:Building package 'gps_handler' with the following arguments: {'ament_cmake_args': None, 'build_base': '/home/xs/UAV/ROS2/build/gps_handler', 'catkin_cmake_args': None, 'catkin_skip_building_tests': False, 'cmake_args': None, 'cmake_clean_cache': False, 'cmake_clean_first': False, 'cmake_force_configure': False, 'cmake_target': None, 'cmake_target_skip_unavailable': False, 'install_base': '/home/xs/UAV/ROS2/install/gps_handler', 'merge_install': False, 'path': '/home/xs/UAV/ROS2/gps_handler', 'symlink_install': False, 'test_result_base': None}
[0.395s] INFO:colcon.colcon_core.executor:Executing jobs using 'parallel' executor
[0.396s] DEBUG:colcon.colcon_parallel_executor.executor.parallel:run_until_complete
[0.396s] INFO:colcon.colcon_ros.task.ament_cmake.build:Building ROS package in '/home/xs/UAV/ROS2/nmea_msgs' with build type 'ament_cmake'
[0.396s] INFO:colcon.colcon_cmake.task.cmake.build:Building CMake package in '/home/xs/UAV/ROS2/nmea_msgs'
[0.398s] INFO:colcon.colcon_core.plugin_system:Skipping extension 'colcon_core.shell.bat': Not used on non-Windows systems
[0.398s] INFO:colcon.colcon_core.shell:Skip shell extension 'powershell' for command environment: Not usable outside of PowerShell
[0.398s] DEBUG:colcon.colcon_core.shell:Skip shell extension 'dsv' for command environment
[0.401s] INFO:colcon.colcon_ros.task.ament_python.build:Building ROS package in '/home/xs/UAV/ROS2/ctrl_relayer' with build type 'ament_python'
[0.402s] Level 1:colcon.colcon_core.shell:create_environment_hook('ctrl_relayer', 'ament_prefix_path')
[0.402s] INFO:colcon.colcon_core.shell:Creating environment hook '/home/xs/UAV/ROS2/install/ctrl_relayer/share/ctrl_relayer/hook/ament_prefix_path.ps1'
[0.403s] INFO:colcon.colcon_core.shell:Creating environment descriptor '/home/xs/UAV/ROS2/install/ctrl_relayer/share/ctrl_relayer/hook/ament_prefix_path.dsv'
[0.403s] INFO:colcon.colcon_core.shell:Creating environment hook '/home/xs/UAV/ROS2/install/ctrl_relayer/share/ctrl_relayer/hook/ament_prefix_path.sh'
[0.404s] INFO:colcon.colcon_core.shell:Skip shell extension 'powershell' for command environment: Not usable outside of PowerShell
[0.404s] DEBUG:colcon.colcon_core.shell:Skip shell extension 'dsv' for command environment
[0.407s] INFO:colcon.colcon_ros.task.ament_python.build:Building ROS package in '/home/xs/UAV/ROS2/object_detector' with build type 'ament_python'
[0.408s] Level 1:colcon.colcon_core.shell:create_environment_hook('object_detector', 'ament_prefix_path')
[0.408s] INFO:colcon.colcon_core.shell:Creating environment hook '/home/xs/UAV/ROS2/install/object_detector/share/object_detector/hook/ament_prefix_path.ps1'
[0.409s] INFO:colcon.colcon_core.shell:Creating environment descriptor '/home/xs/UAV/ROS2/install/object_detector/share/object_detector/hook/ament_prefix_path.dsv'
[0.409s] INFO:colcon.colcon_core.shell:Creating environment hook '/home/xs/UAV/ROS2/install/object_detector/share/object_detector/hook/ament_prefix_path.sh'
[0.410s] INFO:colcon.colcon_core.shell:Skip shell extension 'powershell' for command environment: Not usable outside of PowerShell
[0.410s] DEBUG:colcon.colcon_core.shell:Skip shell extension 'dsv' for command environment
[0.412s] INFO:colcon.colcon_ros.task.ament_python.build:Building ROS package in '/home/xs/UAV/ROS2/tf_converter' with build type 'ament_python'
[0.413s] Level 1:colcon.colcon_core.shell:create_environment_hook('tf_converter', 'ament_prefix_path')
[0.414s] INFO:colcon.colcon_core.shell:Creating environment hook '/home/xs/UAV/ROS2/install/tf_converter/share/tf_converter/hook/ament_prefix_path.ps1'
[0.414s] INFO:colcon.colcon_core.shell:Creating environment descriptor '/home/xs/UAV/ROS2/install/tf_converter/share/tf_converter/hook/ament_prefix_path.dsv'
[0.415s] INFO:colcon.colcon_core.shell:Creating environment hook '/home/xs/UAV/ROS2/install/tf_converter/share/tf_converter/hook/ament_prefix_path.sh'
[0.415s] INFO:colcon.colcon_core.shell:Skip shell extension 'powershell' for command environment: Not usable outside of PowerShell
[0.415s] DEBUG:colcon.colcon_core.shell:Skip shell extension 'dsv' for command environment
[0.424s] DEBUG:colcon.colcon_core.event_handler.log_command:Invoking command in '/home/xs/UAV/ROS2/build/nmea_msgs': CMAKE_PREFIX_PATH=/opt/ros/galactic /usr/bin/cmake --build /home/xs/UAV/ROS2/build/nmea_msgs -- -j8 -l8
[0.654s] INFO:colcon.colcon_core.task.python.build:Building Python package in '/home/xs/UAV/ROS2/ctrl_relayer'
[0.655s] INFO:colcon.colcon_core.shell:Skip shell extension 'powershell' for command environment: Not usable outside of PowerShell
[0.655s] DEBUG:colcon.colcon_core.shell:Skip shell extension 'dsv' for command environment
[0.830s] INFO:colcon.colcon_core.task.python.build:Building Python package in '/home/xs/UAV/ROS2/object_detector'
[0.831s] INFO:colcon.colcon_core.shell:Skip shell extension 'powershell' for command environment: Not usable outside of PowerShell
[0.831s] DEBUG:colcon.colcon_core.shell:Skip shell extension 'dsv' for command environment
[1.018s] INFO:colcon.colcon_core.task.python.build:Building Python package in '/home/xs/UAV/ROS2/tf_converter'
[1.018s] INFO:colcon.colcon_core.shell:Skip shell extension 'powershell' for command environment: Not usable outside of PowerShell
[1.018s] DEBUG:colcon.colcon_core.shell:Skip shell extension 'dsv' for command environment
[1.026s] DEBUG:colcon.colcon_core.event_handler.log_command:Invoked command in '/home/xs/UAV/ROS2/build/nmea_msgs' returned '0': CMAKE_PREFIX_PATH=/opt/ros/galactic /usr/bin/cmake --build /home/xs/UAV/ROS2/build/nmea_msgs -- -j8 -l8
[1.153s] DEBUG:colcon.colcon_core.event_handler.log_command:Invoking command in '/home/xs/UAV/ROS2/build/nmea_msgs': CMAKE_PREFIX_PATH=/opt/ros/galactic /usr/bin/cmake --install /home/xs/UAV/ROS2/build/nmea_msgs
[1.202s] Level 1:colcon.colcon_core.environment:create_environment_scripts_only(nmea_msgs)
[1.204s] DEBUG:colcon.colcon_core.event_handler.log_command:Invoked command in '/home/xs/UAV/ROS2/build/nmea_msgs' returned '0': CMAKE_PREFIX_PATH=/opt/ros/galactic /usr/bin/cmake --install /home/xs/UAV/ROS2/build/nmea_msgs
[1.205s] Level 1:colcon.colcon_core.environment:checking '/home/xs/UAV/ROS2/install/nmea_msgs' for CMake module files
[1.206s] Level 1:colcon.colcon_core.environment:checking '/home/xs/UAV/ROS2/install/nmea_msgs' for CMake config files
[1.207s] Level 1:colcon.colcon_core.shell:create_environment_hook('nmea_msgs', 'cmake_prefix_path')
[1.207s] INFO:colcon.colcon_core.shell:Creating environment hook '/home/xs/UAV/ROS2/install/nmea_msgs/share/nmea_msgs/hook/cmake_prefix_path.ps1'
[1.207s] INFO:colcon.colcon_core.shell:Creating environment descriptor '/home/xs/UAV/ROS2/install/nmea_msgs/share/nmea_msgs/hook/cmake_prefix_path.dsv'
[1.207s] INFO:colcon.colcon_core.shell:Creating environment hook '/home/xs/UAV/ROS2/install/nmea_msgs/share/nmea_msgs/hook/cmake_prefix_path.sh'
[1.208s] Level 1:colcon.colcon_core.environment:checking '/home/xs/UAV/ROS2/install/nmea_msgs/lib'
[1.208s] Level 1:colcon.colcon_core.shell:create_environment_hook('nmea_msgs', 'ld_library_path_lib')
[1.208s] INFO:colcon.colcon_core.shell:Creating environment hook '/home/xs/UAV/ROS2/install/nmea_msgs/share/nmea_msgs/hook/ld_library_path_lib.ps1'
[1.209s] INFO:colcon.colcon_core.shell:Creating environment descriptor '/home/xs/UAV/ROS2/install/nmea_msgs/share/nmea_msgs/hook/ld_library_path_lib.dsv'
[1.209s] INFO:colcon.colcon_core.shell:Creating environment hook '/home/xs/UAV/ROS2/install/nmea_msgs/share/nmea_msgs/hook/ld_library_path_lib.sh'
[1.210s] Level 1:colcon.colcon_core.environment:checking '/home/xs/UAV/ROS2/install/nmea_msgs/bin'
[1.210s] Level 1:colcon.colcon_core.environment:checking '/home/xs/UAV/ROS2/install/nmea_msgs/lib/pkgconfig/nmea_msgs.pc'
[1.210s] Level 1:colcon.colcon_core.environment:checking '/home/xs/UAV/ROS2/install/nmea_msgs/lib/python3.8/site-packages'
[1.210s] Level 1:colcon.colcon_core.shell:create_environment_hook('nmea_msgs', 'pythonpath')
[1.210s] INFO:colcon.colcon_core.shell:Creating environment hook '/home/xs/UAV/ROS2/install/nmea_msgs/share/nmea_msgs/hook/pythonpath.ps1'
[1.210s] INFO:colcon.colcon_core.shell:Creating environment descriptor '/home/xs/UAV/ROS2/install/nmea_msgs/share/nmea_msgs/hook/pythonpath.dsv'
[1.211s] INFO:colcon.colcon_core.shell:Creating environment hook '/home/xs/UAV/ROS2/install/nmea_msgs/share/nmea_msgs/hook/pythonpath.sh'
[1.211s] Level 1:colcon.colcon_core.environment:checking '/home/xs/UAV/ROS2/install/nmea_msgs/bin'
[1.211s] INFO:colcon.colcon_core.shell:Creating package script '/home/xs/UAV/ROS2/install/nmea_msgs/share/nmea_msgs/package.ps1'
[1.212s] INFO:colcon.colcon_core.shell:Creating package descriptor '/home/xs/UAV/ROS2/install/nmea_msgs/share/nmea_msgs/package.dsv'
[1.212s] INFO:colcon.colcon_core.shell:Creating package script '/home/xs/UAV/ROS2/install/nmea_msgs/share/nmea_msgs/package.sh'
[1.213s] INFO:colcon.colcon_core.shell:Creating package script '/home/xs/UAV/ROS2/install/nmea_msgs/share/nmea_msgs/package.bash'
[1.214s] INFO:colcon.colcon_core.shell:Creating package script '/home/xs/UAV/ROS2/install/nmea_msgs/share/nmea_msgs/package.zsh'
[1.215s] Level 1:colcon.colcon_core.environment:create_file_with_runtime_dependencies(/home/xs/UAV/ROS2/install/nmea_msgs/share/colcon-core/packages/nmea_msgs)
[1.383s] Level 1:colcon.colcon_core.environment:create_environment_scripts_only(nmea_msgs)
[1.384s] Level 1:colcon.colcon_core.environment:checking '/home/xs/UAV/ROS2/install/nmea_msgs' for CMake module files
[1.384s] Level 1:colcon.colcon_core.environment:checking '/home/xs/UAV/ROS2/install/nmea_msgs' for CMake config files
[1.385s] Level 1:colcon.colcon_core.shell:create_environment_hook('nmea_msgs', 'cmake_prefix_path')
[1.385s] INFO:colcon.colcon_core.shell:Creating environment hook '/home/xs/UAV/ROS2/install/nmea_msgs/share/nmea_msgs/hook/cmake_prefix_path.ps1'
[1.386s] INFO:colcon.colcon_core.shell:Creating environment descriptor '/home/xs/UAV/ROS2/install/nmea_msgs/share/nmea_msgs/hook/cmake_prefix_path.dsv'
[1.386s] INFO:colcon.colcon_core.shell:Creating environment hook '/home/xs/UAV/ROS2/install/nmea_msgs/share/nmea_msgs/hook/cmake_prefix_path.sh'
[1.387s] Level 1:colcon.colcon_core.environment:checking '/home/xs/UAV/ROS2/install/nmea_msgs/lib'
[1.387s] Level 1:colcon.colcon_core.shell:create_environment_hook('nmea_msgs', 'ld_library_path_lib')
[1.387s] INFO:colcon.colcon_core.shell:Creating environment hook '/home/xs/UAV/ROS2/install/nmea_msgs/share/nmea_msgs/hook/ld_library_path_lib.ps1'
[1.388s] INFO:colcon.colcon_core.shell:Creating environment descriptor '/home/xs/UAV/ROS2/install/nmea_msgs/share/nmea_msgs/hook/ld_library_path_lib.dsv'
[1.388s] INFO:colcon.colcon_core.shell:Creating environment hook '/home/xs/UAV/ROS2/install/nmea_msgs/share/nmea_msgs/hook/ld_library_path_lib.sh'
[1.388s] Level 1:colcon.colcon_core.environment:checking '/home/xs/UAV/ROS2/install/nmea_msgs/bin'
[1.389s] Level 1:colcon.colcon_core.environment:checking '/home/xs/UAV/ROS2/install/nmea_msgs/lib/pkgconfig/nmea_msgs.pc'
[1.389s] Level 1:colcon.colcon_core.environment:checking '/home/xs/UAV/ROS2/install/nmea_msgs/lib/python3.8/site-packages'
[1.389s] Level 1:colcon.colcon_core.shell:create_environment_hook('nmea_msgs', 'pythonpath')
[1.389s] INFO:colcon.colcon_core.shell:Creating environment hook '/home/xs/UAV/ROS2/install/nmea_msgs/share/nmea_msgs/hook/pythonpath.ps1'
[1.390s] INFO:colcon.colcon_core.shell:Creating environment descriptor '/home/xs/UAV/ROS2/install/nmea_msgs/share/nmea_msgs/hook/pythonpath.dsv'
[1.390s] INFO:colcon.colcon_core.shell:Creating environment hook '/home/xs/UAV/ROS2/install/nmea_msgs/share/nmea_msgs/hook/pythonpath.sh'
[1.390s] Level 1:colcon.colcon_core.environment:checking '/home/xs/UAV/ROS2/install/nmea_msgs/bin'
[1.391s] INFO:colcon.colcon_core.shell:Creating package script '/home/xs/UAV/ROS2/install/nmea_msgs/share/nmea_msgs/package.ps1'
[1.391s] INFO:colcon.colcon_core.shell:Creating package descriptor '/home/xs/UAV/ROS2/install/nmea_msgs/share/nmea_msgs/package.dsv'
[1.392s] INFO:colcon.colcon_core.shell:Creating package script '/home/xs/UAV/ROS2/install/nmea_msgs/share/nmea_msgs/package.sh'
[1.393s] INFO:colcon.colcon_core.shell:Creating package script '/home/xs/UAV/ROS2/install/nmea_msgs/share/nmea_msgs/package.bash'
[1.393s] INFO:colcon.colcon_core.shell:Creating package script '/home/xs/UAV/ROS2/install/nmea_msgs/share/nmea_msgs/package.zsh'
[1.393s] Level 1:colcon.colcon_core.environment:create_file_with_runtime_dependencies(/home/xs/UAV/ROS2/install/nmea_msgs/share/colcon-core/packages/nmea_msgs)
[1.394s] INFO:colcon.colcon_ros.task.ament_python.build:Building ROS package in '/home/xs/UAV/ROS2/gps_handler' with build type 'ament_python'
[1.394s] Level 1:colcon.colcon_core.shell:create_environment_hook('gps_handler', 'ament_prefix_path')
[1.394s] INFO:colcon.colcon_core.shell:Creating environment hook '/home/xs/UAV/ROS2/install/gps_handler/share/gps_handler/hook/ament_prefix_path.ps1'
[1.395s] INFO:colcon.colcon_core.shell:Creating environment descriptor '/home/xs/UAV/ROS2/install/gps_handler/share/gps_handler/hook/ament_prefix_path.dsv'
[1.396s] INFO:colcon.colcon_core.shell:Creating environment hook '/home/xs/UAV/ROS2/install/gps_handler/share/gps_handler/hook/ament_prefix_path.sh'
[1.396s] INFO:colcon.colcon_core.shell:Skip shell extension 'powershell' for command environment: Not usable outside of PowerShell
[1.396s] DEBUG:colcon.colcon_core.shell:Skip shell extension 'dsv' for command environment
[1.607s] INFO:colcon.colcon_core.task.python.build:Building Python package in '/home/xs/UAV/ROS2/gps_handler'
[1.607s] INFO:colcon.colcon_core.shell:Skip shell extension 'powershell' for command environment: Not usable outside of PowerShell
[1.607s] DEBUG:colcon.colcon_core.shell:Skip shell extension 'dsv' for command environment
[1.616s] DEBUG:colcon.colcon_core.event_handler.log_command:Invoking command in '/home/xs/UAV/ROS2/ctrl_relayer': PYTHONPATH=/home/xs/UAV/ROS2/build/ctrl_relayer/prefix_override:/home/xs/UAV/ROS2/install/ctrl_relayer/lib/python3.8/site-packages:${PYTHONPATH} /usr/bin/python3 -W ignore:setup.py install is deprecated setup.py egg_info --egg-base ../build/ctrl_relayer build --build-base /home/xs/UAV/ROS2/build/ctrl_relayer/build install --record /home/xs/UAV/ROS2/build/ctrl_relayer/install.log --single-version-externally-managed install_data
[1.618s] DEBUG:colcon.colcon_core.event_handler.log_command:Invoking command in '/home/xs/UAV/ROS2/object_detector': PYTHONPATH=/home/xs/UAV/ROS2/build/object_detector/prefix_override:/home/xs/UAV/ROS2/install/object_detector/lib/python3.8/site-packages:${PYTHONPATH} /usr/bin/python3 -W ignore:setup.py install is deprecated setup.py egg_info --egg-base ../build/object_detector build --build-base /home/xs/UAV/ROS2/build/object_detector/build install --record /home/xs/UAV/ROS2/build/object_detector/install.log --single-version-externally-managed install_data
[1.622s] DEBUG:colcon.colcon_core.event_handler.log_command:Invoking command in '/home/xs/UAV/ROS2/tf_converter': PYTHONPATH=/home/xs/UAV/ROS2/build/tf_converter/prefix_override:/home/xs/UAV/ROS2/install/tf_converter/lib/python3.8/site-packages:${PYTHONPATH} /usr/bin/python3 -W ignore:setup.py install is deprecated setup.py egg_info --egg-base ../build/tf_converter build --build-base /home/xs/UAV/ROS2/build/tf_converter/build install --record /home/xs/UAV/ROS2/build/tf_converter/install.log --single-version-externally-managed install_data
[1.864s] Level 1:colcon.colcon_core.environment:checking '/home/xs/UAV/ROS2/install/object_detector' for CMake module files
[1.865s] DEBUG:colcon.colcon_core.event_handler.log_command:Invoked command in '/home/xs/UAV/ROS2/object_detector' returned '0': PYTHONPATH=/home/xs/UAV/ROS2/build/object_detector/prefix_override:/home/xs/UAV/ROS2/install/object_detector/lib/python3.8/site-packages:${PYTHONPATH} /usr/bin/python3 -W ignore:setup.py install is deprecated setup.py egg_info --egg-base ../build/object_detector build --build-base /home/xs/UAV/ROS2/build/object_detector/build install --record /home/xs/UAV/ROS2/build/object_detector/install.log --single-version-externally-managed install_data
[1.865s] Level 1:colcon.colcon_core.environment:checking '/home/xs/UAV/ROS2/install/object_detector' for CMake config files
[1.865s] Level 1:colcon.colcon_core.environment:checking '/home/xs/UAV/ROS2/install/object_detector/lib'
[1.865s] Level 1:colcon.colcon_core.environment:checking '/home/xs/UAV/ROS2/install/object_detector/bin'
[1.865s] Level 1:colcon.colcon_core.environment:checking '/home/xs/UAV/ROS2/install/object_detector/lib/pkgconfig/object_detector.pc'
[1.866s] Level 1:colcon.colcon_core.environment:checking '/home/xs/UAV/ROS2/install/object_detector/lib/python3.8/site-packages'
[1.866s] Level 1:colcon.colcon_core.shell:create_environment_hook('object_detector', 'pythonpath')
[1.866s] INFO:colcon.colcon_core.shell:Creating environment hook '/home/xs/UAV/ROS2/install/object_detector/share/object_detector/hook/pythonpath.ps1'
[1.866s] INFO:colcon.colcon_core.shell:Creating environment descriptor '/home/xs/UAV/ROS2/install/object_detector/share/object_detector/hook/pythonpath.dsv'
[1.867s] INFO:colcon.colcon_core.shell:Creating environment hook '/home/xs/UAV/ROS2/install/object_detector/share/object_detector/hook/pythonpath.sh'
[1.867s] Level 1:colcon.colcon_core.environment:checking '/home/xs/UAV/ROS2/install/object_detector/bin'
[1.867s] Level 1:colcon.colcon_core.environment:create_environment_scripts_only(object_detector)
[1.868s] INFO:colcon.colcon_core.shell:Creating package script '/home/xs/UAV/ROS2/install/object_detector/share/object_detector/package.ps1'
[1.868s] INFO:colcon.colcon_core.shell:Creating package descriptor '/home/xs/UAV/ROS2/install/object_detector/share/object_detector/package.dsv'
[1.868s] INFO:colcon.colcon_core.shell:Creating package script '/home/xs/UAV/ROS2/install/object_detector/share/object_detector/package.sh'
[1.869s] INFO:colcon.colcon_core.shell:Creating package script '/home/xs/UAV/ROS2/install/object_detector/share/object_detector/package.bash'
[1.869s] INFO:colcon.colcon_core.shell:Creating package script '/home/xs/UAV/ROS2/install/object_detector/share/object_detector/package.zsh'
[1.869s] Level 1:colcon.colcon_core.environment:create_file_with_runtime_dependencies(/home/xs/UAV/ROS2/install/object_detector/share/colcon-core/packages/object_detector)
[1.938s] Level 1:colcon.colcon_core.environment:checking '/home/xs/UAV/ROS2/install/tf_converter' for CMake module files
[1.938s] DEBUG:colcon.colcon_core.event_handler.log_command:Invoked command in '/home/xs/UAV/ROS2/tf_converter' returned '0': PYTHONPATH=/home/xs/UAV/ROS2/build/tf_converter/prefix_override:/home/xs/UAV/ROS2/install/tf_converter/lib/python3.8/site-packages:${PYTHONPATH} /usr/bin/python3 -W ignore:setup.py install is deprecated setup.py egg_info --egg-base ../build/tf_converter build --build-base /home/xs/UAV/ROS2/build/tf_converter/build install --record /home/xs/UAV/ROS2/build/tf_converter/install.log --single-version-externally-managed install_data
[1.938s] Level 1:colcon.colcon_core.environment:checking '/home/xs/UAV/ROS2/install/tf_converter' for CMake config files
[1.939s] Level 1:colcon.colcon_core.environment:checking '/home/xs/UAV/ROS2/install/tf_converter/lib'
[1.939s] Level 1:colcon.colcon_core.environment:checking '/home/xs/UAV/ROS2/install/tf_converter/bin'
[1.939s] Level 1:colcon.colcon_core.environment:checking '/home/xs/UAV/ROS2/install/tf_converter/lib/pkgconfig/tf_converter.pc'
[1.939s] Level 1:colcon.colcon_core.environment:checking '/home/xs/UAV/ROS2/install/tf_converter/lib/python3.8/site-packages'
[1.939s] Level 1:colcon.colcon_core.shell:create_environment_hook('tf_converter', 'pythonpath')
[1.940s] INFO:colcon.colcon_core.shell:Creating environment hook '/home/xs/UAV/ROS2/install/tf_converter/share/tf_converter/hook/pythonpath.ps1'
[1.940s] INFO:colcon.colcon_core.shell:Creating environment descriptor '/home/xs/UAV/ROS2/install/tf_converter/share/tf_converter/hook/pythonpath.dsv'
[1.940s] INFO:colcon.colcon_core.shell:Creating environment hook '/home/xs/UAV/ROS2/install/tf_converter/share/tf_converter/hook/pythonpath.sh'
[1.941s] Level 1:colcon.colcon_core.environment:checking '/home/xs/UAV/ROS2/install/tf_converter/bin'
[1.941s] Level 1:colcon.colcon_core.environment:create_environment_scripts_only(tf_converter)
[1.941s] INFO:colcon.colcon_core.shell:Creating package script '/home/xs/UAV/ROS2/install/tf_converter/share/tf_converter/package.ps1'
[1.942s] INFO:colcon.colcon_core.shell:Creating package descriptor '/home/xs/UAV/ROS2/install/tf_converter/share/tf_converter/package.dsv'
[1.942s] INFO:colcon.colcon_core.shell:Creating package script '/home/xs/UAV/ROS2/install/tf_converter/share/tf_converter/package.sh'
[1.943s] INFO:colcon.colcon_core.shell:Creating package script '/home/xs/UAV/ROS2/install/tf_converter/share/tf_converter/package.bash'
[1.943s] INFO:colcon.colcon_core.shell:Creating package script '/home/xs/UAV/ROS2/install/tf_converter/share/tf_converter/package.zsh'
[1.943s] Level 1:colcon.colcon_core.environment:create_file_with_runtime_dependencies(/home/xs/UAV/ROS2/install/tf_converter/share/colcon-core/packages/tf_converter)
[1.982s] Level 1:colcon.colcon_core.environment:checking '/home/xs/UAV/ROS2/install/ctrl_relayer' for CMake module files
[1.983s] DEBUG:colcon.colcon_core.event_handler.log_command:Invoked command in '/home/xs/UAV/ROS2/ctrl_relayer' returned '0': PYTHONPATH=/home/xs/UAV/ROS2/build/ctrl_relayer/prefix_override:/home/xs/UAV/ROS2/install/ctrl_relayer/lib/python3.8/site-packages:${PYTHONPATH} /usr/bin/python3 -W ignore:setup.py install is deprecated setup.py egg_info --egg-base ../build/ctrl_relayer build --build-base /home/xs/UAV/ROS2/build/ctrl_relayer/build install --record /home/xs/UAV/ROS2/build/ctrl_relayer/install.log --single-version-externally-managed install_data
[1.983s] Level 1:colcon.colcon_core.environment:checking '/home/xs/UAV/ROS2/install/ctrl_relayer' for CMake config files
[1.983s] Level 1:colcon.colcon_core.environment:checking '/home/xs/UAV/ROS2/install/ctrl_relayer/lib'
[1.983s] Level 1:colcon.colcon_core.environment:checking '/home/xs/UAV/ROS2/install/ctrl_relayer/bin'
[1.983s] Level 1:colcon.colcon_core.environment:checking '/home/xs/UAV/ROS2/install/ctrl_relayer/lib/pkgconfig/ctrl_relayer.pc'
[1.984s] Level 1:colcon.colcon_core.environment:checking '/home/xs/UAV/ROS2/install/ctrl_relayer/lib/python3.8/site-packages'
[1.984s] Level 1:colcon.colcon_core.shell:create_environment_hook('ctrl_relayer', 'pythonpath')
[1.984s] INFO:colcon.colcon_core.shell:Creating environment hook '/home/xs/UAV/ROS2/install/ctrl_relayer/share/ctrl_relayer/hook/pythonpath.ps1'
[1.984s] INFO:colcon.colcon_core.shell:Creating environment descriptor '/home/xs/UAV/ROS2/install/ctrl_relayer/share/ctrl_relayer/hook/pythonpath.dsv'
[1.984s] INFO:colcon.colcon_core.shell:Creating environment hook '/home/xs/UAV/ROS2/install/ctrl_relayer/share/ctrl_relayer/hook/pythonpath.sh'
[1.985s] Level 1:colcon.colcon_core.environment:checking '/home/xs/UAV/ROS2/install/ctrl_relayer/bin'
[1.985s] Level 1:colcon.colcon_core.environment:create_environment_scripts_only(ctrl_relayer)
[1.985s] INFO:colcon.colcon_core.shell:Creating package script '/home/xs/UAV/ROS2/install/ctrl_relayer/share/ctrl_relayer/package.ps1'
[1.985s] INFO:colcon.colcon_core.shell:Creating package descriptor '/home/xs/UAV/ROS2/install/ctrl_relayer/share/ctrl_relayer/package.dsv'
[1.985s] INFO:colcon.colcon_core.shell:Creating package script '/home/xs/UAV/ROS2/install/ctrl_relayer/share/ctrl_relayer/package.sh'
[1.986s] INFO:colcon.colcon_core.shell:Creating package script '/home/xs/UAV/ROS2/install/ctrl_relayer/share/ctrl_relayer/package.bash'
[1.986s] INFO:colcon.colcon_core.shell:Creating package script '/home/xs/UAV/ROS2/install/ctrl_relayer/share/ctrl_relayer/package.zsh'
[1.986s] Level 1:colcon.colcon_core.environment:create_file_with_runtime_dependencies(/home/xs/UAV/ROS2/install/ctrl_relayer/share/colcon-core/packages/ctrl_relayer)
[2.079s] DEBUG:colcon.colcon_core.event_handler.log_command:Invoking command in '/home/xs/UAV/ROS2/gps_handler': AMENT_PREFIX_PATH=/home/xs/UAV/ROS2/install/nmea_msgs:${AMENT_PREFIX_PATH} CMAKE_PREFIX_PATH=/home/xs/UAV/ROS2/install/nmea_msgs LD_LIBRARY_PATH=/home/xs/UAV/ROS2/install/nmea_msgs/lib:${LD_LIBRARY_PATH} PYTHONPATH=/home/xs/UAV/ROS2/build/gps_handler/prefix_override:/home/xs/UAV/ROS2/install/gps_handler/lib/python3.8/site-packages:/home/xs/UAV/ROS2/install/nmea_msgs/lib/python3.8/site-packages:${PYTHONPATH} /usr/bin/python3 -W ignore:setup.py install is deprecated setup.py egg_info --egg-base ../build/gps_handler build --build-base /home/xs/UAV/ROS2/build/gps_handler/build install --record /home/xs/UAV/ROS2/build/gps_handler/install.log --single-version-externally-managed install_data
[2.292s] Level 1:colcon.colcon_core.environment:checking '/home/xs/UAV/ROS2/install/gps_handler' for CMake module files
[2.292s] DEBUG:colcon.colcon_core.event_handler.log_command:Invoked command in '/home/xs/UAV/ROS2/gps_handler' returned '0': AMENT_PREFIX_PATH=/home/xs/UAV/ROS2/install/nmea_msgs:${AMENT_PREFIX_PATH} CMAKE_PREFIX_PATH=/home/xs/UAV/ROS2/install/nmea_msgs LD_LIBRARY_PATH=/home/xs/UAV/ROS2/install/nmea_msgs/lib:${LD_LIBRARY_PATH} PYTHONPATH=/home/xs/UAV/ROS2/build/gps_handler/prefix_override:/home/xs/UAV/ROS2/install/gps_handler/lib/python3.8/site-packages:/home/xs/UAV/ROS2/install/nmea_msgs/lib/python3.8/site-packages:${PYTHONPATH} /usr/bin/python3 -W ignore:setup.py install is deprecated setup.py egg_info --egg-base ../build/gps_handler build --build-base /home/xs/UAV/ROS2/build/gps_handler/build install --record /home/xs/UAV/ROS2/build/gps_handler/install.log --single-version-externally-managed install_data
[2.292s] Level 1:colcon.colcon_core.environment:checking '/home/xs/UAV/ROS2/install/gps_handler' for CMake config files
[2.293s] Level 1:colcon.colcon_core.environment:checking '/home/xs/UAV/ROS2/install/gps_handler/lib'
[2.293s] Level 1:colcon.colcon_core.environment:checking '/home/xs/UAV/ROS2/install/gps_handler/bin'
[2.293s] Level 1:colcon.colcon_core.environment:checking '/home/xs/UAV/ROS2/install/gps_handler/lib/pkgconfig/gps_handler.pc'
[2.293s] Level 1:colcon.colcon_core.environment:checking '/home/xs/UAV/ROS2/install/gps_handler/lib/python3.8/site-packages'
[2.293s] Level 1:colcon.colcon_core.shell:create_environment_hook('gps_handler', 'pythonpath')
[2.293s] INFO:colcon.colcon_core.shell:Creating environment hook '/home/xs/UAV/ROS2/install/gps_handler/share/gps_handler/hook/pythonpath.ps1'
[2.294s] INFO:colcon.colcon_core.shell:Creating environment descriptor '/home/xs/UAV/ROS2/install/gps_handler/share/gps_handler/hook/pythonpath.dsv'
[2.294s] INFO:colcon.colcon_core.shell:Creating environment hook '/home/xs/UAV/ROS2/install/gps_handler/share/gps_handler/hook/pythonpath.sh'
[2.295s] Level 1:colcon.colcon_core.environment:checking '/home/xs/UAV/ROS2/install/gps_handler/bin'
[2.295s] Level 1:colcon.colcon_core.environment:create_environment_scripts_only(gps_handler)
[2.296s] INFO:colcon.colcon_core.shell:Creating package script '/home/xs/UAV/ROS2/install/gps_handler/share/gps_handler/package.ps1'
[2.296s] INFO:colcon.colcon_core.shell:Creating package descriptor '/home/xs/UAV/ROS2/install/gps_handler/share/gps_handler/package.dsv'
[2.296s] INFO:colcon.colcon_core.shell:Creating package script '/home/xs/UAV/ROS2/install/gps_handler/share/gps_handler/package.sh'
[2.297s] INFO:colcon.colcon_core.shell:Creating package script '/home/xs/UAV/ROS2/install/gps_handler/share/gps_handler/package.bash'
[2.297s] INFO:colcon.colcon_core.shell:Creating package script '/home/xs/UAV/ROS2/install/gps_handler/share/gps_handler/package.zsh'
[2.297s] Level 1:colcon.colcon_core.environment:create_file_with_runtime_dependencies(/home/xs/UAV/ROS2/install/gps_handler/share/colcon-core/packages/gps_handler)
[2.297s] DEBUG:colcon.colcon_parallel_executor.executor.parallel:closing loop
[2.297s] DEBUG:colcon.colcon_parallel_executor.executor.parallel:loop closed
[2.298s] DEBUG:colcon.colcon_parallel_executor.executor.parallel:run_until_complete finished with '0'
[2.298s] DEBUG:colcon.colcon_core.event_reactor:joining thread
[2.302s] INFO:colcon.colcon_core.plugin_system:Skipping extension 'colcon_notification.desktop_notification.terminal_notifier': Not used on non-Darwin systems
[2.302s] INFO:colcon.colcon_core.plugin_system:Skipping extension 'colcon_notification.desktop_notification.win32': Not used on non-Windows systems
[2.302s] INFO:colcon.colcon_notification.desktop_notification:Sending desktop notification using 'notify2'
[2.303s] DEBUG:colcon.colcon_notification.desktop_notification.notify2:Failed to initialize notify2: org.freedesktop.DBus.Error.ServiceUnknown: The name org.freedesktop.Notifications was not provided by any .service files
[2.303s] DEBUG:colcon.colcon_core.event_reactor:joined thread
[2.303s] INFO:colcon.colcon_core.shell:Creating prefix script '/home/xs/UAV/ROS2/install/local_setup.ps1'
[2.304s] INFO:colcon.colcon_core.shell:Creating prefix util module '/home/xs/UAV/ROS2/install/_local_setup_util_ps1.py'
[2.305s] INFO:colcon.colcon_core.shell:Creating prefix chain script '/home/xs/UAV/ROS2/install/setup.ps1'
[2.305s] INFO:colcon.colcon_core.shell:Creating prefix script '/home/xs/UAV/ROS2/install/local_setup.sh'
[2.306s] INFO:colcon.colcon_core.shell:Creating prefix util module '/home/xs/UAV/ROS2/install/_local_setup_util_sh.py'
[2.306s] INFO:colcon.colcon_core.shell:Creating prefix chain script '/home/xs/UAV/ROS2/install/setup.sh'
[2.306s] INFO:colcon.colcon_core.shell:Creating prefix script '/home/xs/UAV/ROS2/install/local_setup.bash'
[2.307s] INFO:colcon.colcon_core.shell:Creating prefix chain script '/home/xs/UAV/ROS2/install/setup.bash'
[2.307s] INFO:colcon.colcon_core.shell:Creating prefix script '/home/xs/UAV/ROS2/install/local_setup.zsh'
[2.308s] INFO:colcon.colcon_core.shell:Creating prefix chain script '/home/xs/UAV/ROS2/install/setup.zsh'
