/home/ccl/UAV/ROS2/install/gps_handler/lib/python3.8/site-packages/gps_handler/__init__.py
/home/ccl/UAV/ROS2/install/gps_handler/lib/python3.8/site-packages/gps_handler/parser.py
/home/ccl/UAV/ROS2/install/gps_handler/lib/python3.8/site-packages/gps_handler/checksum_utils.py
/home/ccl/UAV/ROS2/install/gps_handler/lib/python3.8/site-packages/gps_handler/driver.py
/home/ccl/UAV/ROS2/install/gps_handler/lib/python3.8/site-packages/gps_handler/nodes/nmea_serial_driver.py
/home/ccl/UAV/ROS2/install/gps_handler/lib/python3.8/site-packages/gps_handler/nodes/__init__.py
/home/ccl/UAV/ROS2/install/gps_handler/lib/python3.8/site-packages/gps_handler/nodes/gps_path.py
/home/ccl/UAV/ROS2/install/gps_handler/lib/python3.8/site-packages/gps_handler/__pycache__/__init__.cpython-38.pyc
/home/ccl/UAV/ROS2/install/gps_handler/lib/python3.8/site-packages/gps_handler/__pycache__/parser.cpython-38.pyc
/home/ccl/UAV/ROS2/install/gps_handler/lib/python3.8/site-packages/gps_handler/__pycache__/checksum_utils.cpython-38.pyc
/home/ccl/UAV/ROS2/install/gps_handler/lib/python3.8/site-packages/gps_handler/__pycache__/driver.cpython-38.pyc
/home/ccl/UAV/ROS2/install/gps_handler/lib/python3.8/site-packages/gps_handler/nodes/__pycache__/nmea_serial_driver.cpython-38.pyc
/home/ccl/UAV/ROS2/install/gps_handler/lib/python3.8/site-packages/gps_handler/nodes/__pycache__/__init__.cpython-38.pyc
/home/ccl/UAV/ROS2/install/gps_handler/lib/python3.8/site-packages/gps_handler/nodes/__pycache__/gps_path.cpython-38.pyc
/home/ccl/UAV/ROS2/install/gps_handler/share/ament_index/resource_index/packages/gps_handler
/home/ccl/UAV/ROS2/install/gps_handler/share/gps_handler/package.xml
/home/ccl/UAV/ROS2/install/gps_handler/share/gps_handler/launch/gps_handler.launch.py
/home/ccl/UAV/ROS2/install/gps_handler/share/gps_handler/config/gps_handler.yaml
/home/ccl/UAV/ROS2/install/gps_handler/lib/python3.8/site-packages/gps_handler-2.0.0-py3.8.egg-info/top_level.txt
/home/ccl/UAV/ROS2/install/gps_handler/lib/python3.8/site-packages/gps_handler-2.0.0-py3.8.egg-info/zip-safe
/home/ccl/UAV/ROS2/install/gps_handler/lib/python3.8/site-packages/gps_handler-2.0.0-py3.8.egg-info/SOURCES.txt
/home/ccl/UAV/ROS2/install/gps_handler/lib/python3.8/site-packages/gps_handler-2.0.0-py3.8.egg-info/entry_points.txt
/home/ccl/UAV/ROS2/install/gps_handler/lib/python3.8/site-packages/gps_handler-2.0.0-py3.8.egg-info/dependency_links.txt
/home/ccl/UAV/ROS2/install/gps_handler/lib/python3.8/site-packages/gps_handler-2.0.0-py3.8.egg-info/PKG-INFO
/home/ccl/UAV/ROS2/install/gps_handler/lib/python3.8/site-packages/gps_handler-2.0.0-py3.8.egg-info/requires.txt
/home/ccl/UAV/ROS2/install/gps_handler/lib/gps_handler/nmea_serial_driver
