running egg_info
creating ../build/uav_patrol/uav_patrol.egg-info
writing ../build/uav_patrol/uav_patrol.egg-info/PKG-INFO
writing dependency_links to ../build/uav_patrol/uav_patrol.egg-info/dependency_links.txt
writing entry points to ../build/uav_patrol/uav_patrol.egg-info/entry_points.txt
writing requirements to ../build/uav_patrol/uav_patrol.egg-info/requires.txt
writing top-level names to ../build/uav_patrol/uav_patrol.egg-info/top_level.txt
writing manifest file '../build/uav_patrol/uav_patrol.egg-info/SOURCES.txt'
reading manifest file '../build/uav_patrol/uav_patrol.egg-info/SOURCES.txt'
writing manifest file '../build/uav_patrol/uav_patrol.egg-info/SOURCES.txt'
running build
running build_py
creating /home/xs/UAV/ROS2/build/uav_patrol/build
creating /home/xs/UAV/ROS2/build/uav_patrol/build/lib
creating /home/xs/UAV/ROS2/build/uav_patrol/build/lib/uav_patrol
copying uav_patrol/__init__.py -> /home/xs/UAV/ROS2/build/uav_patrol/build/lib/uav_patrol
creating /home/xs/UAV/ROS2/build/uav_patrol/build/lib/uav_patrol/ctrl_relayer
copying uav_patrol/ctrl_relayer/cmd_subscriber.py -> /home/xs/UAV/ROS2/build/uav_patrol/build/lib/uav_patrol/ctrl_relayer
copying uav_patrol/ctrl_relayer/__init__.py -> /home/xs/UAV/ROS2/build/uav_patrol/build/lib/uav_patrol/ctrl_relayer
creating /home/xs/UAV/ROS2/build/uav_patrol/build/lib/uav_patrol/gps_handler
copying uav_patrol/gps_handler/gps_simulator.py -> /home/xs/UAV/ROS2/build/uav_patrol/build/lib/uav_patrol/gps_handler
copying uav_patrol/gps_handler/__init__.py -> /home/xs/UAV/ROS2/build/uav_patrol/build/lib/uav_patrol/gps_handler
copying uav_patrol/gps_handler/parser.py -> /home/xs/UAV/ROS2/build/uav_patrol/build/lib/uav_patrol/gps_handler
copying uav_patrol/gps_handler/checksum_utils.py -> /home/xs/UAV/ROS2/build/uav_patrol/build/lib/uav_patrol/gps_handler
copying uav_patrol/gps_handler/driver.py -> /home/xs/UAV/ROS2/build/uav_patrol/build/lib/uav_patrol/gps_handler
creating /home/xs/UAV/ROS2/build/uav_patrol/build/lib/uav_patrol/gps_handler/nodes
copying uav_patrol/gps_handler/nodes/nmea_serial_driver.py -> /home/xs/UAV/ROS2/build/uav_patrol/build/lib/uav_patrol/gps_handler/nodes
copying uav_patrol/gps_handler/nodes/__init__.py -> /home/xs/UAV/ROS2/build/uav_patrol/build/lib/uav_patrol/gps_handler/nodes
copying uav_patrol/gps_handler/nodes/gps_path.py -> /home/xs/UAV/ROS2/build/uav_patrol/build/lib/uav_patrol/gps_handler/nodes
creating /home/xs/UAV/ROS2/build/uav_patrol/build/lib/uav_patrol/object_detector
copying uav_patrol/object_detector/dft_publisher.py -> /home/xs/UAV/ROS2/build/uav_patrol/build/lib/uav_patrol/object_detector
copying uav_patrol/object_detector/__init__.py -> /home/xs/UAV/ROS2/build/uav_patrol/build/lib/uav_patrol/object_detector
creating /home/xs/UAV/ROS2/build/uav_patrol/build/lib/uav_patrol/tf_converter
copying uav_patrol/tf_converter/world2uav_broadcaster.py -> /home/xs/UAV/ROS2/build/uav_patrol/build/lib/uav_patrol/tf_converter
copying uav_patrol/tf_converter/__init__.py -> /home/xs/UAV/ROS2/build/uav_patrol/build/lib/uav_patrol/tf_converter
copying uav_patrol/tf_converter/uav2cam_broadcaster.py -> /home/xs/UAV/ROS2/build/uav_patrol/build/lib/uav_patrol/tf_converter
copying uav_patrol/tf_converter/tf_converter.py -> /home/xs/UAV/ROS2/build/uav_patrol/build/lib/uav_patrol/tf_converter
running install
running install_lib
creating /home/xs/UAV/ROS2/install/uav_patrol/lib/python3.8/site-packages/uav_patrol
creating /home/xs/UAV/ROS2/install/uav_patrol/lib/python3.8/site-packages/uav_patrol/gps_handler
creating /home/xs/UAV/ROS2/install/uav_patrol/lib/python3.8/site-packages/uav_patrol/gps_handler/nodes
copying /home/xs/UAV/ROS2/build/uav_patrol/build/lib/uav_patrol/gps_handler/nodes/nmea_serial_driver.py -> /home/xs/UAV/ROS2/install/uav_patrol/lib/python3.8/site-packages/uav_patrol/gps_handler/nodes
copying /home/xs/UAV/ROS2/build/uav_patrol/build/lib/uav_patrol/gps_handler/nodes/__init__.py -> /home/xs/UAV/ROS2/install/uav_patrol/lib/python3.8/site-packages/uav_patrol/gps_handler/nodes
copying /home/xs/UAV/ROS2/build/uav_patrol/build/lib/uav_patrol/gps_handler/nodes/gps_path.py -> /home/xs/UAV/ROS2/install/uav_patrol/lib/python3.8/site-packages/uav_patrol/gps_handler/nodes
copying /home/xs/UAV/ROS2/build/uav_patrol/build/lib/uav_patrol/gps_handler/gps_simulator.py -> /home/xs/UAV/ROS2/install/uav_patrol/lib/python3.8/site-packages/uav_patrol/gps_handler
copying /home/xs/UAV/ROS2/build/uav_patrol/build/lib/uav_patrol/gps_handler/__init__.py -> /home/xs/UAV/ROS2/install/uav_patrol/lib/python3.8/site-packages/uav_patrol/gps_handler
copying /home/xs/UAV/ROS2/build/uav_patrol/build/lib/uav_patrol/gps_handler/parser.py -> /home/xs/UAV/ROS2/install/uav_patrol/lib/python3.8/site-packages/uav_patrol/gps_handler
copying /home/xs/UAV/ROS2/build/uav_patrol/build/lib/uav_patrol/gps_handler/checksum_utils.py -> /home/xs/UAV/ROS2/install/uav_patrol/lib/python3.8/site-packages/uav_patrol/gps_handler
copying /home/xs/UAV/ROS2/build/uav_patrol/build/lib/uav_patrol/gps_handler/driver.py -> /home/xs/UAV/ROS2/install/uav_patrol/lib/python3.8/site-packages/uav_patrol/gps_handler
copying /home/xs/UAV/ROS2/build/uav_patrol/build/lib/uav_patrol/__init__.py -> /home/xs/UAV/ROS2/install/uav_patrol/lib/python3.8/site-packages/uav_patrol
creating /home/xs/UAV/ROS2/install/uav_patrol/lib/python3.8/site-packages/uav_patrol/ctrl_relayer
copying /home/xs/UAV/ROS2/build/uav_patrol/build/lib/uav_patrol/ctrl_relayer/cmd_subscriber.py -> /home/xs/UAV/ROS2/install/uav_patrol/lib/python3.8/site-packages/uav_patrol/ctrl_relayer
copying /home/xs/UAV/ROS2/build/uav_patrol/build/lib/uav_patrol/ctrl_relayer/__init__.py -> /home/xs/UAV/ROS2/install/uav_patrol/lib/python3.8/site-packages/uav_patrol/ctrl_relayer
creating /home/xs/UAV/ROS2/install/uav_patrol/lib/python3.8/site-packages/uav_patrol/tf_converter
copying /home/xs/UAV/ROS2/build/uav_patrol/build/lib/uav_patrol/tf_converter/world2uav_broadcaster.py -> /home/xs/UAV/ROS2/install/uav_patrol/lib/python3.8/site-packages/uav_patrol/tf_converter
copying /home/xs/UAV/ROS2/build/uav_patrol/build/lib/uav_patrol/tf_converter/__init__.py -> /home/xs/UAV/ROS2/install/uav_patrol/lib/python3.8/site-packages/uav_patrol/tf_converter
copying /home/xs/UAV/ROS2/build/uav_patrol/build/lib/uav_patrol/tf_converter/uav2cam_broadcaster.py -> /home/xs/UAV/ROS2/install/uav_patrol/lib/python3.8/site-packages/uav_patrol/tf_converter
copying /home/xs/UAV/ROS2/build/uav_patrol/build/lib/uav_patrol/tf_converter/tf_converter.py -> /home/xs/UAV/ROS2/install/uav_patrol/lib/python3.8/site-packages/uav_patrol/tf_converter
creating /home/xs/UAV/ROS2/install/uav_patrol/lib/python3.8/site-packages/uav_patrol/object_detector
copying /home/xs/UAV/ROS2/build/uav_patrol/build/lib/uav_patrol/object_detector/dft_publisher.py -> /home/xs/UAV/ROS2/install/uav_patrol/lib/python3.8/site-packages/uav_patrol/object_detector
copying /home/xs/UAV/ROS2/build/uav_patrol/build/lib/uav_patrol/object_detector/__init__.py -> /home/xs/UAV/ROS2/install/uav_patrol/lib/python3.8/site-packages/uav_patrol/object_detector
byte-compiling /home/xs/UAV/ROS2/install/uav_patrol/lib/python3.8/site-packages/uav_patrol/gps_handler/nodes/nmea_serial_driver.py to nmea_serial_driver.cpython-38.pyc
byte-compiling /home/xs/UAV/ROS2/install/uav_patrol/lib/python3.8/site-packages/uav_patrol/gps_handler/nodes/__init__.py to __init__.cpython-38.pyc
byte-compiling /home/xs/UAV/ROS2/install/uav_patrol/lib/python3.8/site-packages/uav_patrol/gps_handler/nodes/gps_path.py to gps_path.cpython-38.pyc
byte-compiling /home/xs/UAV/ROS2/install/uav_patrol/lib/python3.8/site-packages/uav_patrol/gps_handler/gps_simulator.py to gps_simulator.cpython-38.pyc
byte-compiling /home/xs/UAV/ROS2/install/uav_patrol/lib/python3.8/site-packages/uav_patrol/gps_handler/__init__.py to __init__.cpython-38.pyc
byte-compiling /home/xs/UAV/ROS2/install/uav_patrol/lib/python3.8/site-packages/uav_patrol/gps_handler/parser.py to parser.cpython-38.pyc
byte-compiling /home/xs/UAV/ROS2/install/uav_patrol/lib/python3.8/site-packages/uav_patrol/gps_handler/checksum_utils.py to checksum_utils.cpython-38.pyc
byte-compiling /home/xs/UAV/ROS2/install/uav_patrol/lib/python3.8/site-packages/uav_patrol/gps_handler/driver.py to driver.cpython-38.pyc
byte-compiling /home/xs/UAV/ROS2/install/uav_patrol/lib/python3.8/site-packages/uav_patrol/__init__.py to __init__.cpython-38.pyc
byte-compiling /home/xs/UAV/ROS2/install/uav_patrol/lib/python3.8/site-packages/uav_patrol/ctrl_relayer/cmd_subscriber.py to cmd_subscriber.cpython-38.pyc
byte-compiling /home/xs/UAV/ROS2/install/uav_patrol/lib/python3.8/site-packages/uav_patrol/ctrl_relayer/__init__.py to __init__.cpython-38.pyc
byte-compiling /home/xs/UAV/ROS2/install/uav_patrol/lib/python3.8/site-packages/uav_patrol/tf_converter/world2uav_broadcaster.py to world2uav_broadcaster.cpython-38.pyc
byte-compiling /home/xs/UAV/ROS2/install/uav_patrol/lib/python3.8/site-packages/uav_patrol/tf_converter/__init__.py to __init__.cpython-38.pyc
byte-compiling /home/xs/UAV/ROS2/install/uav_patrol/lib/python3.8/site-packages/uav_patrol/tf_converter/uav2cam_broadcaster.py to uav2cam_broadcaster.cpython-38.pyc
byte-compiling /home/xs/UAV/ROS2/install/uav_patrol/lib/python3.8/site-packages/uav_patrol/tf_converter/tf_converter.py to tf_converter.cpython-38.pyc
byte-compiling /home/xs/UAV/ROS2/install/uav_patrol/lib/python3.8/site-packages/uav_patrol/object_detector/dft_publisher.py to dft_publisher.cpython-38.pyc
byte-compiling /home/xs/UAV/ROS2/install/uav_patrol/lib/python3.8/site-packages/uav_patrol/object_detector/__init__.py to __init__.cpython-38.pyc
running install_data
creating /home/xs/UAV/ROS2/install/uav_patrol/share/ament_index
creating /home/xs/UAV/ROS2/install/uav_patrol/share/ament_index/resource_index
creating /home/xs/UAV/ROS2/install/uav_patrol/share/ament_index/resource_index/packages
copying resource/uav_patrol -> /home/xs/UAV/ROS2/install/uav_patrol/share/ament_index/resource_index/packages
copying package.xml -> /home/xs/UAV/ROS2/install/uav_patrol/share/uav_patrol
copying launch/uav_patrol.launch.py -> /home/xs/UAV/ROS2/install/uav_patrol/share/uav_patrol
running install_egg_info
Copying ../build/uav_patrol/uav_patrol.egg-info to /home/xs/UAV/ROS2/install/uav_patrol/lib/python3.8/site-packages/uav_patrol-0.0.0-py3.8.egg-info
running install_scripts
Installing cmd_subscriber script to /home/xs/UAV/ROS2/install/uav_patrol/lib/uav_patrol
Installing dft_publisher script to /home/xs/UAV/ROS2/install/uav_patrol/lib/uav_patrol
Installing gps_simulator script to /home/xs/UAV/ROS2/install/uav_patrol/lib/uav_patrol
Installing nmea_serial_driver script to /home/xs/UAV/ROS2/install/uav_patrol/lib/uav_patrol
Installing tf_converter script to /home/xs/UAV/ROS2/install/uav_patrol/lib/uav_patrol
Installing uav2cam_broadcaster script to /home/xs/UAV/ROS2/install/uav_patrol/lib/uav_patrol
writing list of installed files to '/home/xs/UAV/ROS2/build/uav_patrol/install.log'
