[0.839s] Invoking command in '/home/x650/UAV/ROS2/uav_patrol': AMENT_PREFIX_PATH=/home/x650/UAV/ROS2/install/location_msgs:${AMENT_PREFIX_PATH} CMAKE_PREFIX_PATH=/home/x650/UAV/ROS2/install/location_msgs LD_LIBRARY_PATH=/home/x650/UAV/ROS2/install/location_msgs/lib:${LD_LIBRARY_PATH} PYTHONPATH=/home/x650/UAV/ROS2/build/uav_patrol/prefix_override:/usr/lib/python3/dist-packages/colcon_core/task/python/colcon_distutils_commands:/home/x650/UAV/ROS2/install/uav_patrol/lib/python3.10/site-packages:/home/x650/UAV/ROS2/install/location_msgs/local/lib/python3.10/dist-packages:${PYTHONPATH} /usr/bin/python3 -W ignore:setup.py install is deprecated setup.py egg_info --egg-base ../build/uav_patrol build --build-base /home/x650/UAV/ROS2/build/uav_patrol/build install --record /home/x650/UAV/ROS2/build/uav_patrol/install.log --single-version-externally-managed install_data
[1.028s] running egg_info
[1.040s] writing ../build/uav_patrol/uav_patrol.egg-info/PKG-INFO
[1.041s] writing dependency_links to ../build/uav_patrol/uav_patrol.egg-info/dependency_links.txt
[1.041s] writing entry points to ../build/uav_patrol/uav_patrol.egg-info/entry_points.txt
[1.041s] writing requirements to ../build/uav_patrol/uav_patrol.egg-info/requires.txt
[1.041s] writing top-level names to ../build/uav_patrol/uav_patrol.egg-info/top_level.txt
[1.063s] reading manifest file '../build/uav_patrol/uav_patrol.egg-info/SOURCES.txt'
[1.064s] writing manifest file '../build/uav_patrol/uav_patrol.egg-info/SOURCES.txt'
[1.064s] running build
[1.064s] running build_py
[1.065s] copying uav_patrol/yolo_detector/__init__.py -> /home/x650/UAV/ROS2/build/uav_patrol/build/lib/uav_patrol/yolo_detector
[1.065s] copying uav_patrol/yolo_detector/yolo_detector.py -> /home/x650/UAV/ROS2/build/uav_patrol/build/lib/uav_patrol/yolo_detector
[1.065s] creating /home/x650/UAV/ROS2/build/uav_patrol/build/lib/uav_patrol/drone_controller
[1.065s] copying uav_patrol/drone_controller/__init__.py -> /home/x650/UAV/ROS2/build/uav_patrol/build/lib/uav_patrol/drone_controller
[1.065s] copying uav_patrol/drone_controller/drone_controller.py -> /home/x650/UAV/ROS2/build/uav_patrol/build/lib/uav_patrol/drone_controller
[1.065s] copying uav_patrol/gps_simulator/gps_simulator.py -> /home/x650/UAV/ROS2/build/uav_patrol/build/lib/uav_patrol/gps_simulator
[1.065s] copying uav_patrol/gps_simulator/__init__.py -> /home/x650/UAV/ROS2/build/uav_patrol/build/lib/uav_patrol/gps_simulator
[1.065s] copying uav_patrol/tf_converter/tf_converter.py -> /home/x650/UAV/ROS2/build/uav_patrol/build/lib/uav_patrol/tf_converter
[1.066s] running install
[1.071s] running install_lib
[1.081s] creating /home/x650/UAV/ROS2/install/uav_patrol/lib/python3.10/site-packages/uav_patrol/drone_controller
[1.081s] copying /home/x650/UAV/ROS2/build/uav_patrol/build/lib/uav_patrol/drone_controller/__init__.py -> /home/x650/UAV/ROS2/install/uav_patrol/lib/python3.10/site-packages/uav_patrol/drone_controller
[1.081s] copying /home/x650/UAV/ROS2/build/uav_patrol/build/lib/uav_patrol/drone_controller/drone_controller.py -> /home/x650/UAV/ROS2/install/uav_patrol/lib/python3.10/site-packages/uav_patrol/drone_controller
[1.082s] byte-compiling /home/x650/UAV/ROS2/install/uav_patrol/lib/python3.10/site-packages/uav_patrol/drone_controller/__init__.py to __init__.cpython-310.pyc
[1.082s] byte-compiling /home/x650/UAV/ROS2/install/uav_patrol/lib/python3.10/site-packages/uav_patrol/drone_controller/drone_controller.py to drone_controller.cpython-310.pyc
[1.083s] running install_data
[1.083s] copying launch/uav_patrol.launch.py -> /home/x650/UAV/ROS2/install/uav_patrol/share/uav_patrol
[1.083s] running install_egg_info
[1.096s] removing '/home/x650/UAV/ROS2/install/uav_patrol/lib/python3.10/site-packages/uav_patrol-0.0.0-py3.10.egg-info' (and everything under it)
[1.097s] Copying ../build/uav_patrol/uav_patrol.egg-info to /home/x650/UAV/ROS2/install/uav_patrol/lib/python3.10/site-packages/uav_patrol-0.0.0-py3.10.egg-info
[1.097s] running install_scripts
[1.191s] Installing drone_cntroller script to /home/x650/UAV/ROS2/install/uav_patrol/lib/uav_patrol
[1.192s] Installing gps_simulator script to /home/x650/UAV/ROS2/install/uav_patrol/lib/uav_patrol
[1.192s] Installing tf_converter script to /home/x650/UAV/ROS2/install/uav_patrol/lib/uav_patrol
[1.192s] Installing uav2cam_broadcaster script to /home/x650/UAV/ROS2/install/uav_patrol/lib/uav_patrol
[1.192s] Installing yolo_detector script to /home/x650/UAV/ROS2/install/uav_patrol/lib/uav_patrol
[1.192s] writing list of installed files to '/home/x650/UAV/ROS2/build/uav_patrol/install.log'
[1.237s] Invoked command in '/home/x650/UAV/ROS2/uav_patrol' returned '0': AMENT_PREFIX_PATH=/home/x650/UAV/ROS2/install/location_msgs:${AMENT_PREFIX_PATH} CMAKE_PREFIX_PATH=/home/x650/UAV/ROS2/install/location_msgs LD_LIBRARY_PATH=/home/x650/UAV/ROS2/install/location_msgs/lib:${LD_LIBRARY_PATH} PYTHONPATH=/home/x650/UAV/ROS2/build/uav_patrol/prefix_override:/usr/lib/python3/dist-packages/colcon_core/task/python/colcon_distutils_commands:/home/x650/UAV/ROS2/install/uav_patrol/lib/python3.10/site-packages:/home/x650/UAV/ROS2/install/location_msgs/local/lib/python3.10/dist-packages:${PYTHONPATH} /usr/bin/python3 -W ignore:setup.py install is deprecated setup.py egg_info --egg-base ../build/uav_patrol build --build-base /home/x650/UAV/ROS2/build/uav_patrol/build install --record /home/x650/UAV/ROS2/build/uav_patrol/install.log --single-version-externally-managed install_data
