[0.023s] Invoking command in '/home/xs/UAV/ROS2/build/nmea_msgs': CMAKE_PREFIX_PATH=${CMAKE_PREFIX_PATH}:/home/xs/UAV/ROS2/install/tf_converter:/home/xs/UAV/ROS2/install/object_detector:/home/xs/UAV/ROS2/install/gps_handler:/home/xs/UAV/ROS2/install/ctrl_relayer:/opt/ros/galactic /usr/bin/cmake --build /home/xs/UAV/ROS2/build/nmea_msgs -- -j8 -l8
[0.355s] -- Found ament_cmake: 1.1.6 (/opt/ros/galactic/share/ament_cmake/cmake)
[0.355s] -- Found PythonInterp: /usr/bin/python3 (found suitable version "3.8.10", minimum required is "3") 
[0.355s] -- Using PYTHON_EXECUTABLE: /usr/bin/python3
[0.355s] -- Found rosidl_default_generators: 1.1.1 (/opt/ros/galactic/share/rosidl_default_generators/cmake)
[0.355s] -- Using all available rosidl_typesupport_c: rosidl_typesupport_fastrtps_c;rosidl_typesupport_introspection_c
[0.355s] -- Found rosidl_adapter: 2.2.3 (/opt/ros/galactic/share/rosidl_adapter/cmake)
[0.357s] -- Using all available rosidl_typesupport_cpp: rosidl_typesupport_fastrtps_cpp;rosidl_typesupport_introspection_cpp
[0.357s] -- Found std_msgs: 2.2.4 (/opt/ros/galactic/share/std_msgs/cmake)
[0.357s] -- Found PythonInterp: /usr/bin/python3 (found version "3.8.10") 
[0.391s] -- Found ament_cmake_ros: 0.9.2 (/opt/ros/galactic/share/ament_cmake_ros/cmake)
[0.506s] -- Using all available rosidl_typesupport_c: rosidl_typesupport_fastrtps_c;rosidl_typesupport_introspection_c
[0.556s] -- Using all available rosidl_typesupport_cpp: rosidl_typesupport_fastrtps_cpp;rosidl_typesupport_introspection_cpp
[0.576s] -- Found PythonInterp: /usr/bin/python3 (found suitable version "3.8.10", minimum required is "3.5") 
[0.576s] -- Found python_cmake_module: 0.8.1 (/opt/ros/galactic/share/python_cmake_module/cmake)
[0.594s] -- Using PYTHON_EXECUTABLE: /usr/bin/python3
[0.594s] -- Using PYTHON_INCLUDE_DIRS: /usr/include/python3.8
[0.594s] -- Using PYTHON_LIBRARIES: /usr/lib/x86_64-linux-gnu/libpython3.8.so
[0.627s] -- Configuring done
[0.672s] -- Generating done
[0.674s] -- Build files have been written to: /home/xs/UAV/ROS2/build/nmea_msgs
[0.693s] [35m[1mScanning dependencies of target nmea_msgs__cpp[0m
[0.695s] [  1%] [34m[1mGenerating C code for ROS interfaces[0m
[0.701s] [  2%] [34m[1mGenerating C++ code for ROS interfaces[0m
[1.331s] [  2%] Built target nmea_msgs__cpp
[1.339s] [  5%] [34m[1mGenerating C++ type support dispatch for ROS interfaces[0m
[1.339s] [  5%] [34m[1mGenerating C++ type support for eProsima Fast-RTPS[0m
[1.339s] [  5%] [34m[1mGenerating C++ introspection for ROS interfaces[0m
[1.511s] [35m[1mScanning dependencies of target nmea_msgs__rosidl_generator_c[0m
[1.524s] [  6%] [32mBuilding C object CMakeFiles/nmea_msgs__rosidl_generator_c.dir/rosidl_generator_c/nmea_msgs/msg/detail/defect_box__functions.c.o[0m
[1.526s] [  7%] [32mBuilding C object CMakeFiles/nmea_msgs__rosidl_generator_c.dir/rosidl_generator_c/nmea_msgs/msg/detail/sentence__functions.c.o[0m
[1.527s] [  8%] [32mBuilding C object CMakeFiles/nmea_msgs__rosidl_generator_c.dir/rosidl_generator_c/nmea_msgs/msg/detail/pixel_point__functions.c.o[0m
[1.530s] [  9%] [32mBuilding C object CMakeFiles/nmea_msgs__rosidl_generator_c.dir/rosidl_generator_c/nmea_msgs/msg/detail/gpgga__functions.c.o[0m
[1.533s] [ 10%] [32mBuilding C object CMakeFiles/nmea_msgs__rosidl_generator_c.dir/rosidl_generator_c/nmea_msgs/msg/detail/gpgsa__functions.c.o[0m
[1.575s] [ 11%] [32mBuilding C object CMakeFiles/nmea_msgs__rosidl_generator_c.dir/rosidl_generator_c/nmea_msgs/msg/detail/gpgst__functions.c.o[0m
[1.578s] [ 12%] [32mBuilding C object CMakeFiles/nmea_msgs__rosidl_generator_c.dir/rosidl_generator_c/nmea_msgs/msg/detail/gpgsv__functions.c.o[0m
[1.580s] [ 13%] [32mBuilding C object CMakeFiles/nmea_msgs__rosidl_generator_c.dir/rosidl_generator_c/nmea_msgs/msg/detail/gpgsv_satellite__functions.c.o[0m
[1.587s] [ 14%] [32mBuilding C object CMakeFiles/nmea_msgs__rosidl_generator_c.dir/rosidl_generator_c/nmea_msgs/msg/detail/gprmc__functions.c.o[0m
[1.639s] [ 15%] [32m[1mLinking C shared library libnmea_msgs__rosidl_generator_c.so[0m
[1.666s] [ 15%] Built target nmea_msgs__rosidl_generator_c
[1.675s] [ 16%] [34m[1mGenerating C introspection for ROS interfaces[0m
[1.677s] [ 17%] [34m[1mGenerating C type support dispatch for ROS interfaces[0m
[1.881s] [35m[1mScanning dependencies of target nmea_msgs__rosidl_typesupport_cpp[0m
[1.893s] [ 20%] [32mBuilding CXX object CMakeFiles/nmea_msgs__rosidl_typesupport_cpp.dir/rosidl_typesupport_cpp/nmea_msgs/msg/pixel_point__type_support.cpp.o[0m
[1.893s] [ 20%] [32mBuilding CXX object CMakeFiles/nmea_msgs__rosidl_typesupport_cpp.dir/rosidl_typesupport_cpp/nmea_msgs/msg/defect_box__type_support.cpp.o[0m
[1.893s] [ 21%] [32mBuilding CXX object CMakeFiles/nmea_msgs__rosidl_typesupport_cpp.dir/rosidl_typesupport_cpp/nmea_msgs/msg/sentence__type_support.cpp.o[0m
[1.919s] [ 22%] [32mBuilding CXX object CMakeFiles/nmea_msgs__rosidl_typesupport_cpp.dir/rosidl_typesupport_cpp/nmea_msgs/msg/gpgga__type_support.cpp.o[0m
[2.079s] [35m[1mScanning dependencies of target nmea_msgs__rosidl_typesupport_introspection_cpp[0m
[2.138s] [ 23%] [32mBuilding CXX object CMakeFiles/nmea_msgs__rosidl_typesupport_introspection_cpp.dir/rosidl_typesupport_introspection_cpp/nmea_msgs/msg/detail/pixel_point__type_support.cpp.o[0m
[2.209s] [ 25%] [32mBuilding CXX object CMakeFiles/nmea_msgs__rosidl_typesupport_cpp.dir/rosidl_typesupport_cpp/nmea_msgs/msg/gpgsa__type_support.cpp.o[0m
[2.209s] [ 25%] [32mBuilding CXX object CMakeFiles/nmea_msgs__rosidl_typesupport_cpp.dir/rosidl_typesupport_cpp/nmea_msgs/msg/gpgst__type_support.cpp.o[0m
[2.234s] [ 26%] [32mBuilding CXX object CMakeFiles/nmea_msgs__rosidl_typesupport_cpp.dir/rosidl_typesupport_cpp/nmea_msgs/msg/gpgsv__type_support.cpp.o[0m
[2.264s] [ 27%] [32mBuilding CXX object CMakeFiles/nmea_msgs__rosidl_typesupport_cpp.dir/rosidl_typesupport_cpp/nmea_msgs/msg/gpgsv_satellite__type_support.cpp.o[0m
[2.314s] [35m[1mScanning dependencies of target nmea_msgs__rosidl_typesupport_fastrtps_cpp[0m
[2.378s] [ 28%] [32mBuilding CXX object CMakeFiles/nmea_msgs__rosidl_typesupport_fastrtps_cpp.dir/rosidl_typesupport_fastrtps_cpp/nmea_msgs/msg/detail/dds_fastrtps/pixel_point__type_support.cpp.o[0m
[2.465s] [ 29%] [32mBuilding CXX object CMakeFiles/nmea_msgs__rosidl_typesupport_introspection_cpp.dir/rosidl_typesupport_introspection_cpp/nmea_msgs/msg/detail/defect_box__type_support.cpp.o[0m
[2.514s] [35m[1mScanning dependencies of target nmea_msgs__rosidl_typesupport_c[0m
[2.529s] [ 30%] [32mBuilding CXX object CMakeFiles/nmea_msgs__rosidl_typesupport_c.dir/rosidl_typesupport_c/nmea_msgs/msg/pixel_point__type_support.cpp.o[0m
[2.544s] [ 31%] [32mBuilding CXX object CMakeFiles/nmea_msgs__rosidl_typesupport_c.dir/rosidl_typesupport_c/nmea_msgs/msg/defect_box__type_support.cpp.o[0m
[2.554s] [ 32%] [32mBuilding CXX object CMakeFiles/nmea_msgs__rosidl_typesupport_cpp.dir/rosidl_typesupport_cpp/nmea_msgs/msg/gprmc__type_support.cpp.o[0m
[2.561s] [ 33%] [32mBuilding CXX object CMakeFiles/nmea_msgs__rosidl_typesupport_c.dir/rosidl_typesupport_c/nmea_msgs/msg/sentence__type_support.cpp.o[0m
[2.571s] [35m[1mScanning dependencies of target nmea_msgs__rosidl_typesupport_introspection_c[0m
[2.583s] [ 34%] [32mBuilding CXX object CMakeFiles/nmea_msgs__rosidl_typesupport_c.dir/rosidl_typesupport_c/nmea_msgs/msg/gpgga__type_support.cpp.o[0m
[2.590s] [ 36%] [32mBuilding CXX object CMakeFiles/nmea_msgs__rosidl_typesupport_c.dir/rosidl_typesupport_c/nmea_msgs/msg/gpgsa__type_support.cpp.o[0m
[2.591s] [ 36%] [32mBuilding CXX object CMakeFiles/nmea_msgs__rosidl_typesupport_c.dir/rosidl_typesupport_c/nmea_msgs/msg/gpgst__type_support.cpp.o[0m
[2.593s] [ 37%] [32mBuilding C object CMakeFiles/nmea_msgs__rosidl_typesupport_introspection_c.dir/rosidl_typesupport_introspection_c/nmea_msgs/msg/detail/pixel_point__type_support.c.o[0m
[2.601s] [ 38%] [32mBuilding C object CMakeFiles/nmea_msgs__rosidl_typesupport_introspection_c.dir/rosidl_typesupport_introspection_c/nmea_msgs/msg/detail/defect_box__type_support.c.o[0m
[2.623s] [ 41%] [32mBuilding CXX object CMakeFiles/nmea_msgs__rosidl_typesupport_c.dir/rosidl_typesupport_c/nmea_msgs/msg/gpgsv_satellite__type_support.cpp.o[0m
[2.624s] [ 41%] [32mBuilding CXX object CMakeFiles/nmea_msgs__rosidl_typesupport_c.dir/rosidl_typesupport_c/nmea_msgs/msg/gpgsv__type_support.cpp.o[0m
[2.633s] [ 42%] [32mBuilding CXX object CMakeFiles/nmea_msgs__rosidl_typesupport_c.dir/rosidl_typesupport_c/nmea_msgs/msg/gprmc__type_support.cpp.o[0m
[2.642s] [ 43%] [32mBuilding C object CMakeFiles/nmea_msgs__rosidl_typesupport_introspection_c.dir/rosidl_typesupport_introspection_c/nmea_msgs/msg/detail/sentence__type_support.c.o[0m
[2.644s] [ 44%] [32mBuilding C object CMakeFiles/nmea_msgs__rosidl_typesupport_introspection_c.dir/rosidl_typesupport_introspection_c/nmea_msgs/msg/detail/gpgga__type_support.c.o[0m
[2.658s] [ 45%] [32mBuilding C object CMakeFiles/nmea_msgs__rosidl_typesupport_introspection_c.dir/rosidl_typesupport_introspection_c/nmea_msgs/msg/detail/gpgsa__type_support.c.o[0m
[2.667s] [ 46%] [32mBuilding C object CMakeFiles/nmea_msgs__rosidl_typesupport_introspection_c.dir/rosidl_typesupport_introspection_c/nmea_msgs/msg/detail/gpgst__type_support.c.o[0m
[2.667s] [ 47%] [32m[1mLinking CXX shared library libnmea_msgs__rosidl_typesupport_c.so[0m
[2.682s] [ 49%] [32mBuilding C object CMakeFiles/nmea_msgs__rosidl_typesupport_introspection_c.dir/rosidl_typesupport_introspection_c/nmea_msgs/msg/detail/gpgsv__type_support.c.o[0m
[2.682s] [ 49%] [32mBuilding C object CMakeFiles/nmea_msgs__rosidl_typesupport_introspection_c.dir/rosidl_typesupport_introspection_c/nmea_msgs/msg/detail/gpgsv_satellite__type_support.c.o[0m
[2.706s] [ 50%] [32mBuilding CXX object CMakeFiles/nmea_msgs__rosidl_typesupport_fastrtps_cpp.dir/rosidl_typesupport_fastrtps_cpp/nmea_msgs/msg/detail/dds_fastrtps/defect_box__type_support.cpp.o[0m
[2.712s] [ 51%] [32mBuilding C object CMakeFiles/nmea_msgs__rosidl_typesupport_introspection_c.dir/rosidl_typesupport_introspection_c/nmea_msgs/msg/detail/gprmc__type_support.c.o[0m
[2.718s] [ 51%] Built target nmea_msgs__rosidl_typesupport_c
[2.720s] [ 52%] [32mBuilding CXX object CMakeFiles/nmea_msgs__rosidl_typesupport_fastrtps_cpp.dir/rosidl_typesupport_fastrtps_cpp/nmea_msgs/msg/detail/dds_fastrtps/sentence__type_support.cpp.o[0m
[2.727s] [ 53%] [32mBuilding CXX object CMakeFiles/nmea_msgs__rosidl_typesupport_fastrtps_cpp.dir/rosidl_typesupport_fastrtps_cpp/nmea_msgs/msg/detail/dds_fastrtps/gpgga__type_support.cpp.o[0m
[2.730s] [ 54%] [32mBuilding CXX object CMakeFiles/nmea_msgs__rosidl_typesupport_fastrtps_cpp.dir/rosidl_typesupport_fastrtps_cpp/nmea_msgs/msg/detail/dds_fastrtps/gpgsa__type_support.cpp.o[0m
[2.758s] [ 55%] [32m[1mLinking C shared library libnmea_msgs__rosidl_typesupport_introspection_c.so[0m
[2.791s] [ 56%] [32mBuilding CXX object CMakeFiles/nmea_msgs__rosidl_typesupport_introspection_cpp.dir/rosidl_typesupport_introspection_cpp/nmea_msgs/msg/detail/sentence__type_support.cpp.o[0m
[2.791s] [ 56%] Built target nmea_msgs__rosidl_typesupport_introspection_c
[2.801s] [ 57%] [32mBuilding CXX object CMakeFiles/nmea_msgs__rosidl_typesupport_fastrtps_cpp.dir/rosidl_typesupport_fastrtps_cpp/nmea_msgs/msg/detail/dds_fastrtps/gpgst__type_support.cpp.o[0m
[2.844s] [ 58%] [32mBuilding CXX object CMakeFiles/nmea_msgs__rosidl_typesupport_fastrtps_cpp.dir/rosidl_typesupport_fastrtps_cpp/nmea_msgs/msg/detail/dds_fastrtps/gpgsv__type_support.cpp.o[0m
[2.867s] [ 60%] [32m[1mLinking CXX shared library libnmea_msgs__rosidl_typesupport_cpp.so[0m
[2.922s] [ 60%] Built target nmea_msgs__rosidl_typesupport_cpp
[2.932s] [ 61%] [32mBuilding CXX object CMakeFiles/nmea_msgs__rosidl_typesupport_fastrtps_cpp.dir/rosidl_typesupport_fastrtps_cpp/nmea_msgs/msg/detail/dds_fastrtps/gpgsv_satellite__type_support.cpp.o[0m
[3.117s] [ 62%] [32mBuilding CXX object CMakeFiles/nmea_msgs__rosidl_typesupport_introspection_cpp.dir/rosidl_typesupport_introspection_cpp/nmea_msgs/msg/detail/gpgga__type_support.cpp.o[0m
[3.179s] [ 63%] [32mBuilding CXX object CMakeFiles/nmea_msgs__rosidl_typesupport_fastrtps_cpp.dir/rosidl_typesupport_fastrtps_cpp/nmea_msgs/msg/detail/dds_fastrtps/gprmc__type_support.cpp.o[0m
[3.204s] [ 64%] [32mBuilding CXX object CMakeFiles/nmea_msgs__rosidl_typesupport_introspection_cpp.dir/rosidl_typesupport_introspection_cpp/nmea_msgs/msg/detail/gpgsa__type_support.cpp.o[0m
[3.224s] [ 65%] [32mBuilding CXX object CMakeFiles/nmea_msgs__rosidl_typesupport_introspection_cpp.dir/rosidl_typesupport_introspection_cpp/nmea_msgs/msg/detail/gpgst__type_support.cpp.o[0m
[3.277s] [ 66%] [32mBuilding CXX object CMakeFiles/nmea_msgs__rosidl_typesupport_introspection_cpp.dir/rosidl_typesupport_introspection_cpp/nmea_msgs/msg/detail/gpgsv__type_support.cpp.o[0m
[3.289s] [ 67%] [32mBuilding CXX object CMakeFiles/nmea_msgs__rosidl_typesupport_introspection_cpp.dir/rosidl_typesupport_introspection_cpp/nmea_msgs/msg/detail/gpgsv_satellite__type_support.cpp.o[0m
[3.374s] [ 68%] [32mBuilding CXX object CMakeFiles/nmea_msgs__rosidl_typesupport_introspection_cpp.dir/rosidl_typesupport_introspection_cpp/nmea_msgs/msg/detail/gprmc__type_support.cpp.o[0m
[3.619s] [ 69%] [32m[1mLinking CXX shared library libnmea_msgs__rosidl_typesupport_fastrtps_cpp.so[0m
[3.643s] [ 70%] [32m[1mLinking CXX shared library libnmea_msgs__rosidl_typesupport_introspection_cpp.so[0m
[3.691s] [ 70%] Built target nmea_msgs__rosidl_typesupport_fastrtps_cpp
[3.700s] [ 71%] [34m[1mGenerating C type support for eProsima Fast-RTPS[0m
[3.703s] [ 71%] Built target nmea_msgs__rosidl_typesupport_introspection_cpp
[4.185s] [35m[1mScanning dependencies of target nmea_msgs__rosidl_typesupport_fastrtps_c[0m
[4.203s] [ 72%] [32mBuilding CXX object CMakeFiles/nmea_msgs__rosidl_typesupport_fastrtps_c.dir/rosidl_typesupport_fastrtps_c/nmea_msgs/msg/detail/sentence__type_support_c.cpp.o[0m
[4.204s] [ 74%] [32mBuilding CXX object CMakeFiles/nmea_msgs__rosidl_typesupport_fastrtps_c.dir/rosidl_typesupport_fastrtps_c/nmea_msgs/msg/detail/pixel_point__type_support_c.cpp.o[0m
[4.204s] [ 75%] [32mBuilding CXX object CMakeFiles/nmea_msgs__rosidl_typesupport_fastrtps_c.dir/rosidl_typesupport_fastrtps_c/nmea_msgs/msg/detail/gpgga__type_support_c.cpp.o[0m
[4.204s] [ 74%] [32mBuilding CXX object CMakeFiles/nmea_msgs__rosidl_typesupport_fastrtps_c.dir/rosidl_typesupport_fastrtps_c/nmea_msgs/msg/detail/defect_box__type_support_c.cpp.o[0m
[4.204s] [ 76%] [32mBuilding CXX object CMakeFiles/nmea_msgs__rosidl_typesupport_fastrtps_c.dir/rosidl_typesupport_fastrtps_c/nmea_msgs/msg/detail/gpgsa__type_support_c.cpp.o[0m
[4.204s] [ 77%] [32mBuilding CXX object CMakeFiles/nmea_msgs__rosidl_typesupport_fastrtps_c.dir/rosidl_typesupport_fastrtps_c/nmea_msgs/msg/detail/gpgst__type_support_c.cpp.o[0m
[4.209s] [ 78%] [32mBuilding CXX object CMakeFiles/nmea_msgs__rosidl_typesupport_fastrtps_c.dir/rosidl_typesupport_fastrtps_c/nmea_msgs/msg/detail/gpgsv_satellite__type_support_c.cpp.o[0m
[4.212s] [ 80%] [32mBuilding CXX object CMakeFiles/nmea_msgs__rosidl_typesupport_fastrtps_c.dir/rosidl_typesupport_fastrtps_c/nmea_msgs/msg/detail/gpgsv__type_support_c.cpp.o[0m
[4.592s] [ 81%] [32mBuilding CXX object CMakeFiles/nmea_msgs__rosidl_typesupport_fastrtps_c.dir/rosidl_typesupport_fastrtps_c/nmea_msgs/msg/detail/gprmc__type_support_c.cpp.o[0m
[4.818s] [ 82%] [32m[1mLinking CXX shared library libnmea_msgs__rosidl_typesupport_fastrtps_c.so[0m
[4.879s] [ 82%] Built target nmea_msgs__rosidl_typesupport_fastrtps_c
[4.893s] [ 82%] Built target nmea_msgs
[4.901s] [35m[1mScanning dependencies of target nmea_msgs__py[0m
[4.908s] [ 83%] [34m[1mGenerating Python code for ROS interfaces[0m
[5.937s] [ 83%] Built target nmea_msgs__py
[5.946s] [35m[1mScanning dependencies of target nmea_msgs__python[0m
[5.972s] [ 84%] [32mBuilding C object CMakeFiles/nmea_msgs__python.dir/rosidl_generator_py/nmea_msgs/msg/_gpgst_s.c.o[0m
[5.972s] [ 85%] [32mBuilding C object CMakeFiles/nmea_msgs__python.dir/rosidl_generator_py/nmea_msgs/msg/_pixel_point_s.c.o[0m
[5.972s] [ 86%] [32mBuilding C object CMakeFiles/nmea_msgs__python.dir/rosidl_generator_py/nmea_msgs/msg/_defect_box_s.c.o[0m
[5.972s] [ 87%] [32mBuilding C object CMakeFiles/nmea_msgs__python.dir/rosidl_generator_py/nmea_msgs/msg/_gpgga_s.c.o[0m
[5.972s] [ 88%] [32mBuilding C object CMakeFiles/nmea_msgs__python.dir/rosidl_generator_py/nmea_msgs/msg/_sentence_s.c.o[0m
[5.973s] [ 89%] [32mBuilding C object CMakeFiles/nmea_msgs__python.dir/rosidl_generator_py/nmea_msgs/msg/_gpgsa_s.c.o[0m
[5.980s] [ 91%] [32mBuilding C object CMakeFiles/nmea_msgs__python.dir/rosidl_generator_py/nmea_msgs/msg/_gpgsv_satellite_s.c.o[0m
[5.980s] [ 91%] [32mBuilding C object CMakeFiles/nmea_msgs__python.dir/rosidl_generator_py/nmea_msgs/msg/_gpgsv_s.c.o[0m
[6.078s] [ 92%] [32mBuilding C object CMakeFiles/nmea_msgs__python.dir/rosidl_generator_py/nmea_msgs/msg/_gprmc_s.c.o[0m
[6.146s] [ 93%] [32m[1mLinking C shared library rosidl_generator_py/nmea_msgs/libnmea_msgs__python.so[0m
[6.175s] [ 93%] Built target nmea_msgs__python
[6.183s] [35m[1mScanning dependencies of target nmea_msgs__rosidl_typesupport_introspection_c__pyext[0m
[6.183s] [35m[1mScanning dependencies of target nmea_msgs__rosidl_typesupport_c__pyext[0m
[6.183s] [35m[1mScanning dependencies of target nmea_msgs__rosidl_typesupport_fastrtps_c__pyext[0m
[6.196s] [ 94%] [32mBuilding C object CMakeFiles/nmea_msgs__rosidl_typesupport_fastrtps_c__pyext.dir/rosidl_generator_py/nmea_msgs/_nmea_msgs_s.ep.rosidl_typesupport_fastrtps_c.c.o[0m
[6.196s] [ 95%] [32mBuilding C object CMakeFiles/nmea_msgs__rosidl_typesupport_introspection_c__pyext.dir/rosidl_generator_py/nmea_msgs/_nmea_msgs_s.ep.rosidl_typesupport_introspection_c.c.o[0m
[6.198s] [ 96%] [32mBuilding C object CMakeFiles/nmea_msgs__rosidl_typesupport_c__pyext.dir/rosidl_generator_py/nmea_msgs/_nmea_msgs_s.ep.rosidl_typesupport_c.c.o[0m
[6.268s] [ 97%] [32m[1mLinking C shared library rosidl_generator_py/nmea_msgs/nmea_msgs_s__rosidl_typesupport_introspection_c.cpython-38-x86_64-linux-gnu.so[0m
[6.268s] [100%] [32m[1mLinking CXX shared library rosidl_generator_py/nmea_msgs/nmea_msgs_s__rosidl_typesupport_fastrtps_c.cpython-38-x86_64-linux-gnu.so[0m
[6.268s] [100%] [32m[1mLinking C shared library rosidl_generator_py/nmea_msgs/nmea_msgs_s__rosidl_typesupport_c.cpython-38-x86_64-linux-gnu.so[0m
[6.295s] [100%] Built target nmea_msgs__rosidl_typesupport_c__pyext
[6.295s] [100%] Built target nmea_msgs__rosidl_typesupport_introspection_c__pyext
[6.317s] [100%] Built target nmea_msgs__rosidl_typesupport_fastrtps_c__pyext
[6.325s] Invoked command in '/home/xs/UAV/ROS2/build/nmea_msgs' returned '0': CMAKE_PREFIX_PATH=${CMAKE_PREFIX_PATH}:/home/xs/UAV/ROS2/install/tf_converter:/home/xs/UAV/ROS2/install/object_detector:/home/xs/UAV/ROS2/install/gps_handler:/home/xs/UAV/ROS2/install/ctrl_relayer:/opt/ros/galactic /usr/bin/cmake --build /home/xs/UAV/ROS2/build/nmea_msgs -- -j8 -l8
[6.437s] Invoking command in '/home/xs/UAV/ROS2/build/nmea_msgs': CMAKE_PREFIX_PATH=${CMAKE_PREFIX_PATH}:/home/xs/UAV/ROS2/install/tf_converter:/home/xs/UAV/ROS2/install/object_detector:/home/xs/UAV/ROS2/install/gps_handler:/home/xs/UAV/ROS2/install/ctrl_relayer:/opt/ros/galactic /usr/bin/cmake --install /home/xs/UAV/ROS2/build/nmea_msgs
[6.443s] -- Install configuration: ""
[6.444s] -- Installing: /home/xs/UAV/ROS2/install/nmea_msgs/share/ament_index/resource_index/rosidl_interfaces/nmea_msgs
[6.444s] -- Up-to-date: /home/xs/UAV/ROS2/install/nmea_msgs/include/nmea_msgs
[6.444s] -- Up-to-date: /home/xs/UAV/ROS2/install/nmea_msgs/include/nmea_msgs/msg
[6.444s] -- Installing: /home/xs/UAV/ROS2/install/nmea_msgs/include/nmea_msgs/msg/gpgsv.h
[6.444s] -- Installing: /home/xs/UAV/ROS2/install/nmea_msgs/include/nmea_msgs/msg/gpgga.h
[6.444s] -- Installing: /home/xs/UAV/ROS2/install/nmea_msgs/include/nmea_msgs/msg/defect_box.h
[6.444s] -- Installing: /home/xs/UAV/ROS2/install/nmea_msgs/include/nmea_msgs/msg/gpgst.h
[6.444s] -- Installing: /home/xs/UAV/ROS2/install/nmea_msgs/include/nmea_msgs/msg/gprmc.h
[6.444s] -- Installing: /home/xs/UAV/ROS2/install/nmea_msgs/include/nmea_msgs/msg/sentence.h
[6.444s] -- Up-to-date: /home/xs/UAV/ROS2/install/nmea_msgs/include/nmea_msgs/msg/detail
[6.444s] -- Installing: /home/xs/UAV/ROS2/install/nmea_msgs/include/nmea_msgs/msg/detail/gpgsv_satellite__struct.h
[6.444s] -- Installing: /home/xs/UAV/ROS2/install/nmea_msgs/include/nmea_msgs/msg/detail/gpgst__struct.h
[6.444s] -- Installing: /home/xs/UAV/ROS2/install/nmea_msgs/include/nmea_msgs/msg/detail/gpgsv_satellite__functions.h
[6.444s] -- Installing: /home/xs/UAV/ROS2/install/nmea_msgs/include/nmea_msgs/msg/detail/defect_box__functions.c
[6.444s] -- Installing: /home/xs/UAV/ROS2/install/nmea_msgs/include/nmea_msgs/msg/detail/gprmc__functions.c
[6.444s] -- Installing: /home/xs/UAV/ROS2/install/nmea_msgs/include/nmea_msgs/msg/detail/gpgsa__functions.h
[6.444s] -- Installing: /home/xs/UAV/ROS2/install/nmea_msgs/include/nmea_msgs/msg/detail/gpgsv__functions.h
[6.445s] -- Installing: /home/xs/UAV/ROS2/install/nmea_msgs/include/nmea_msgs/msg/detail/pixel_point__struct.h
[6.445s] -- Installing: /home/xs/UAV/ROS2/install/nmea_msgs/include/nmea_msgs/msg/detail/gpgsv__type_support.h
[6.445s] -- Installing: /home/xs/UAV/ROS2/install/nmea_msgs/include/nmea_msgs/msg/detail/defect_box__type_support.h
[6.445s] -- Installing: /home/xs/UAV/ROS2/install/nmea_msgs/include/nmea_msgs/msg/detail/pixel_point__functions.h
[6.445s] -- Installing: /home/xs/UAV/ROS2/install/nmea_msgs/include/nmea_msgs/msg/detail/pixel_point__type_support.h
[6.445s] -- Installing: /home/xs/UAV/ROS2/install/nmea_msgs/include/nmea_msgs/msg/detail/gpgga__type_support.h
[6.445s] -- Installing: /home/xs/UAV/ROS2/install/nmea_msgs/include/nmea_msgs/msg/detail/gpgga__struct.h
[6.445s] -- Installing: /home/xs/UAV/ROS2/install/nmea_msgs/include/nmea_msgs/msg/detail/gpgst__type_support.h
[6.445s] -- Installing: /home/xs/UAV/ROS2/install/nmea_msgs/include/nmea_msgs/msg/detail/gpgsv_satellite__type_support.h
[6.445s] -- Installing: /home/xs/UAV/ROS2/install/nmea_msgs/include/nmea_msgs/msg/detail/gpgga__functions.h
[6.445s] -- Installing: /home/xs/UAV/ROS2/install/nmea_msgs/include/nmea_msgs/msg/detail/gpgsa__struct.h
[6.445s] -- Installing: /home/xs/UAV/ROS2/install/nmea_msgs/include/nmea_msgs/msg/detail/gprmc__functions.h
[6.445s] -- Installing: /home/xs/UAV/ROS2/install/nmea_msgs/include/nmea_msgs/msg/detail/gpgsv__struct.h
[6.445s] -- Installing: /home/xs/UAV/ROS2/install/nmea_msgs/include/nmea_msgs/msg/detail/sentence__struct.h
[6.445s] -- Installing: /home/xs/UAV/ROS2/install/nmea_msgs/include/nmea_msgs/msg/detail/gprmc__struct.h
[6.445s] -- Installing: /home/xs/UAV/ROS2/install/nmea_msgs/include/nmea_msgs/msg/detail/sentence__type_support.h
[6.445s] -- Installing: /home/xs/UAV/ROS2/install/nmea_msgs/include/nmea_msgs/msg/detail/gpgsv_satellite__functions.c
[6.445s] -- Installing: /home/xs/UAV/ROS2/install/nmea_msgs/include/nmea_msgs/msg/detail/gpgsa__type_support.h
[6.445s] -- Installing: /home/xs/UAV/ROS2/install/nmea_msgs/include/nmea_msgs/msg/detail/gpgsa__functions.c
[6.445s] -- Installing: /home/xs/UAV/ROS2/install/nmea_msgs/include/nmea_msgs/msg/detail/pixel_point__functions.c
[6.445s] -- Installing: /home/xs/UAV/ROS2/install/nmea_msgs/include/nmea_msgs/msg/detail/defect_box__struct.h
[6.445s] -- Installing: /home/xs/UAV/ROS2/install/nmea_msgs/include/nmea_msgs/msg/detail/gpgst__functions.c
[6.446s] -- Installing: /home/xs/UAV/ROS2/install/nmea_msgs/include/nmea_msgs/msg/detail/gpgsv__functions.c
[6.446s] -- Installing: /home/xs/UAV/ROS2/install/nmea_msgs/include/nmea_msgs/msg/detail/gprmc__type_support.h
[6.446s] -- Installing: /home/xs/UAV/ROS2/install/nmea_msgs/include/nmea_msgs/msg/detail/gpgst__functions.h
[6.446s] -- Installing: /home/xs/UAV/ROS2/install/nmea_msgs/include/nmea_msgs/msg/detail/sentence__functions.h
[6.446s] -- Installing: /home/xs/UAV/ROS2/install/nmea_msgs/include/nmea_msgs/msg/detail/sentence__functions.c
[6.446s] -- Installing: /home/xs/UAV/ROS2/install/nmea_msgs/include/nmea_msgs/msg/detail/gpgga__functions.c
[6.446s] -- Installing: /home/xs/UAV/ROS2/install/nmea_msgs/include/nmea_msgs/msg/detail/defect_box__functions.h
[6.446s] -- Installing: /home/xs/UAV/ROS2/install/nmea_msgs/include/nmea_msgs/msg/gpgsa.h
[6.446s] -- Installing: /home/xs/UAV/ROS2/install/nmea_msgs/include/nmea_msgs/msg/gpgsv_satellite.h
[6.446s] -- Up-to-date: /home/xs/UAV/ROS2/install/nmea_msgs/include/nmea_msgs/msg/rosidl_generator_c__visibility_control.h
[6.446s] -- Installing: /home/xs/UAV/ROS2/install/nmea_msgs/include/nmea_msgs/msg/pixel_point.h
[6.446s] -- Up-to-date: /home/xs/UAV/ROS2/install/nmea_msgs/share/nmea_msgs/environment/library_path.sh
[6.446s] -- Installing: /home/xs/UAV/ROS2/install/nmea_msgs/share/nmea_msgs/environment/library_path.dsv
[6.446s] -- Installing: /home/xs/UAV/ROS2/install/nmea_msgs/lib/libnmea_msgs__rosidl_generator_c.so
[6.446s] -- Set runtime path of "/home/xs/UAV/ROS2/install/nmea_msgs/lib/libnmea_msgs__rosidl_generator_c.so" to ""
[6.446s] -- Up-to-date: /home/xs/UAV/ROS2/install/nmea_msgs/include/nmea_msgs
[6.447s] -- Up-to-date: /home/xs/UAV/ROS2/install/nmea_msgs/include/nmea_msgs/msg
[6.447s] -- Up-to-date: /home/xs/UAV/ROS2/install/nmea_msgs/include/nmea_msgs/msg/detail
[6.447s] -- Installing: /home/xs/UAV/ROS2/install/nmea_msgs/include/nmea_msgs/msg/detail/defect_box__rosidl_typesupport_fastrtps_c.h
[6.447s] -- Installing: /home/xs/UAV/ROS2/install/nmea_msgs/include/nmea_msgs/msg/detail/gpgga__rosidl_typesupport_fastrtps_c.h
[6.447s] -- Installing: /home/xs/UAV/ROS2/install/nmea_msgs/include/nmea_msgs/msg/detail/gpgst__rosidl_typesupport_fastrtps_c.h
[6.447s] -- Installing: /home/xs/UAV/ROS2/install/nmea_msgs/include/nmea_msgs/msg/detail/gpgsv_satellite__rosidl_typesupport_fastrtps_c.h
[6.447s] -- Installing: /home/xs/UAV/ROS2/install/nmea_msgs/include/nmea_msgs/msg/detail/gpgsv__rosidl_typesupport_fastrtps_c.h
[6.447s] -- Installing: /home/xs/UAV/ROS2/install/nmea_msgs/include/nmea_msgs/msg/detail/gpgsa__rosidl_typesupport_fastrtps_c.h
[6.447s] -- Installing: /home/xs/UAV/ROS2/install/nmea_msgs/include/nmea_msgs/msg/detail/sentence__rosidl_typesupport_fastrtps_c.h
[6.447s] -- Installing: /home/xs/UAV/ROS2/install/nmea_msgs/include/nmea_msgs/msg/detail/gprmc__rosidl_typesupport_fastrtps_c.h
[6.447s] -- Installing: /home/xs/UAV/ROS2/install/nmea_msgs/include/nmea_msgs/msg/detail/pixel_point__rosidl_typesupport_fastrtps_c.h
[6.447s] -- Up-to-date: /home/xs/UAV/ROS2/install/nmea_msgs/include/nmea_msgs/msg/rosidl_typesupport_fastrtps_c__visibility_control.h
[6.447s] -- Installing: /home/xs/UAV/ROS2/install/nmea_msgs/lib/libnmea_msgs__rosidl_typesupport_fastrtps_c.so
[6.447s] -- Set runtime path of "/home/xs/UAV/ROS2/install/nmea_msgs/lib/libnmea_msgs__rosidl_typesupport_fastrtps_c.so" to ""
[6.447s] -- Up-to-date: /home/xs/UAV/ROS2/install/nmea_msgs/include/nmea_msgs
[6.447s] -- Up-to-date: /home/xs/UAV/ROS2/install/nmea_msgs/include/nmea_msgs/msg
[6.447s] -- Up-to-date: /home/xs/UAV/ROS2/install/nmea_msgs/include/nmea_msgs/msg/detail
[6.447s] -- Installing: /home/xs/UAV/ROS2/install/nmea_msgs/include/nmea_msgs/msg/detail/gpgsa__rosidl_typesupport_fastrtps_cpp.hpp
[6.447s] -- Installing: /home/xs/UAV/ROS2/install/nmea_msgs/include/nmea_msgs/msg/detail/defect_box__rosidl_typesupport_fastrtps_cpp.hpp
[6.447s] -- Installing: /home/xs/UAV/ROS2/install/nmea_msgs/include/nmea_msgs/msg/detail/gpgsv_satellite__rosidl_typesupport_fastrtps_cpp.hpp
[6.448s] -- Installing: /home/xs/UAV/ROS2/install/nmea_msgs/include/nmea_msgs/msg/detail/gprmc__rosidl_typesupport_fastrtps_cpp.hpp
[6.448s] -- Installing: /home/xs/UAV/ROS2/install/nmea_msgs/include/nmea_msgs/msg/detail/gpgsv__rosidl_typesupport_fastrtps_cpp.hpp
[6.448s] -- Installing: /home/xs/UAV/ROS2/install/nmea_msgs/include/nmea_msgs/msg/detail/pixel_point__rosidl_typesupport_fastrtps_cpp.hpp
[6.448s] -- Installing: /home/xs/UAV/ROS2/install/nmea_msgs/include/nmea_msgs/msg/detail/gpgga__rosidl_typesupport_fastrtps_cpp.hpp
[6.448s] -- Installing: /home/xs/UAV/ROS2/install/nmea_msgs/include/nmea_msgs/msg/detail/gpgst__rosidl_typesupport_fastrtps_cpp.hpp
[6.448s] -- Installing: /home/xs/UAV/ROS2/install/nmea_msgs/include/nmea_msgs/msg/detail/sentence__rosidl_typesupport_fastrtps_cpp.hpp
[6.448s] -- Up-to-date: /home/xs/UAV/ROS2/install/nmea_msgs/include/nmea_msgs/msg/detail/dds_fastrtps
[6.448s] -- Up-to-date: /home/xs/UAV/ROS2/install/nmea_msgs/include/nmea_msgs/msg/rosidl_typesupport_fastrtps_cpp__visibility_control.h
[6.448s] -- Installing: /home/xs/UAV/ROS2/install/nmea_msgs/lib/libnmea_msgs__rosidl_typesupport_fastrtps_cpp.so
[6.448s] -- Set runtime path of "/home/xs/UAV/ROS2/install/nmea_msgs/lib/libnmea_msgs__rosidl_typesupport_fastrtps_cpp.so" to ""
[6.448s] -- Up-to-date: /home/xs/UAV/ROS2/install/nmea_msgs/include/nmea_msgs
[6.448s] -- Up-to-date: /home/xs/UAV/ROS2/install/nmea_msgs/include/nmea_msgs/msg
[6.448s] -- Up-to-date: /home/xs/UAV/ROS2/install/nmea_msgs/include/nmea_msgs/msg/rosidl_typesupport_introspection_c__visibility_control.h
[6.448s] -- Up-to-date: /home/xs/UAV/ROS2/install/nmea_msgs/include/nmea_msgs/msg/detail
[6.448s] -- Installing: /home/xs/UAV/ROS2/install/nmea_msgs/include/nmea_msgs/msg/detail/gpgsv__rosidl_typesupport_introspection_c.h
[6.448s] -- Installing: /home/xs/UAV/ROS2/install/nmea_msgs/include/nmea_msgs/msg/detail/gpgsv_satellite__type_support.c
[6.449s] -- Installing: /home/xs/UAV/ROS2/install/nmea_msgs/include/nmea_msgs/msg/detail/defect_box__type_support.c
[6.449s] -- Installing: /home/xs/UAV/ROS2/install/nmea_msgs/include/nmea_msgs/msg/detail/gpgga__type_support.c
[6.449s] -- Installing: /home/xs/UAV/ROS2/install/nmea_msgs/include/nmea_msgs/msg/detail/pixel_point__type_support.c
[6.449s] -- Installing: /home/xs/UAV/ROS2/install/nmea_msgs/include/nmea_msgs/msg/detail/gpgsv__type_support.c
[6.449s] -- Installing: /home/xs/UAV/ROS2/install/nmea_msgs/include/nmea_msgs/msg/detail/gpgsa__rosidl_typesupport_introspection_c.h
[6.449s] -- Installing: /home/xs/UAV/ROS2/install/nmea_msgs/include/nmea_msgs/msg/detail/sentence__rosidl_typesupport_introspection_c.h
[6.449s] -- Installing: /home/xs/UAV/ROS2/install/nmea_msgs/include/nmea_msgs/msg/detail/gpgst__type_support.c
[6.449s] -- Installing: /home/xs/UAV/ROS2/install/nmea_msgs/include/nmea_msgs/msg/detail/defect_box__rosidl_typesupport_introspection_c.h
[6.449s] -- Installing: /home/xs/UAV/ROS2/install/nmea_msgs/include/nmea_msgs/msg/detail/gpgga__rosidl_typesupport_introspection_c.h
[6.449s] -- Installing: /home/xs/UAV/ROS2/install/nmea_msgs/include/nmea_msgs/msg/detail/gpgsv_satellite__rosidl_typesupport_introspection_c.h
[6.449s] -- Installing: /home/xs/UAV/ROS2/install/nmea_msgs/include/nmea_msgs/msg/detail/sentence__type_support.c
[6.449s] -- Installing: /home/xs/UAV/ROS2/install/nmea_msgs/include/nmea_msgs/msg/detail/gpgst__rosidl_typesupport_introspection_c.h
[6.449s] -- Installing: /home/xs/UAV/ROS2/install/nmea_msgs/include/nmea_msgs/msg/detail/pixel_point__rosidl_typesupport_introspection_c.h
[6.449s] -- Installing: /home/xs/UAV/ROS2/install/nmea_msgs/include/nmea_msgs/msg/detail/gprmc__rosidl_typesupport_introspection_c.h
[6.449s] -- Installing: /home/xs/UAV/ROS2/install/nmea_msgs/include/nmea_msgs/msg/detail/gprmc__type_support.c
[6.449s] -- Installing: /home/xs/UAV/ROS2/install/nmea_msgs/include/nmea_msgs/msg/detail/gpgsa__type_support.c
[6.449s] -- Installing: /home/xs/UAV/ROS2/install/nmea_msgs/lib/libnmea_msgs__rosidl_typesupport_introspection_c.so
[6.450s] -- Set runtime path of "/home/xs/UAV/ROS2/install/nmea_msgs/lib/libnmea_msgs__rosidl_typesupport_introspection_c.so" to ""
[6.450s] -- Installing: /home/xs/UAV/ROS2/install/nmea_msgs/lib/libnmea_msgs__rosidl_typesupport_c.so
[6.450s] -- Set runtime path of "/home/xs/UAV/ROS2/install/nmea_msgs/lib/libnmea_msgs__rosidl_typesupport_c.so" to ""
[6.450s] -- Up-to-date: /home/xs/UAV/ROS2/install/nmea_msgs/include/nmea_msgs
[6.450s] -- Up-to-date: /home/xs/UAV/ROS2/install/nmea_msgs/include/nmea_msgs/msg
[6.450s] -- Installing: /home/xs/UAV/ROS2/install/nmea_msgs/include/nmea_msgs/msg/pixel_point.hpp
[6.450s] -- Installing: /home/xs/UAV/ROS2/install/nmea_msgs/include/nmea_msgs/msg/gpgsv_satellite.hpp
[6.450s] -- Installing: /home/xs/UAV/ROS2/install/nmea_msgs/include/nmea_msgs/msg/defect_box.hpp
[6.450s] -- Installing: /home/xs/UAV/ROS2/install/nmea_msgs/include/nmea_msgs/msg/gpgst.hpp
[6.450s] -- Up-to-date: /home/xs/UAV/ROS2/install/nmea_msgs/include/nmea_msgs/msg/detail
[6.450s] -- Installing: /home/xs/UAV/ROS2/install/nmea_msgs/include/nmea_msgs/msg/detail/gpgsa__builder.hpp
[6.450s] -- Installing: /home/xs/UAV/ROS2/install/nmea_msgs/include/nmea_msgs/msg/detail/pixel_point__builder.hpp
[6.450s] -- Installing: /home/xs/UAV/ROS2/install/nmea_msgs/include/nmea_msgs/msg/detail/sentence__struct.hpp
[6.451s] -- Installing: /home/xs/UAV/ROS2/install/nmea_msgs/include/nmea_msgs/msg/detail/gpgsv__struct.hpp
[6.451s] -- Installing: /home/xs/UAV/ROS2/install/nmea_msgs/include/nmea_msgs/msg/detail/gpgst__struct.hpp
[6.451s] -- Installing: /home/xs/UAV/ROS2/install/nmea_msgs/include/nmea_msgs/msg/detail/defect_box__traits.hpp
[6.451s] -- Installing: /home/xs/UAV/ROS2/install/nmea_msgs/include/nmea_msgs/msg/detail/gpgsv__builder.hpp
[6.451s] -- Installing: /home/xs/UAV/ROS2/install/nmea_msgs/include/nmea_msgs/msg/detail/defect_box__builder.hpp
[6.451s] -- Installing: /home/xs/UAV/ROS2/install/nmea_msgs/include/nmea_msgs/msg/detail/gpgst__builder.hpp
[6.451s] -- Installing: /home/xs/UAV/ROS2/install/nmea_msgs/include/nmea_msgs/msg/detail/gpgga__struct.hpp
[6.451s] -- Installing: /home/xs/UAV/ROS2/install/nmea_msgs/include/nmea_msgs/msg/detail/gpgst__traits.hpp
[6.451s] -- Installing: /home/xs/UAV/ROS2/install/nmea_msgs/include/nmea_msgs/msg/detail/gpgsv_satellite__builder.hpp
[6.451s] -- Installing: /home/xs/UAV/ROS2/install/nmea_msgs/include/nmea_msgs/msg/detail/pixel_point__traits.hpp
[6.451s] -- Installing: /home/xs/UAV/ROS2/install/nmea_msgs/include/nmea_msgs/msg/detail/pixel_point__struct.hpp
[6.451s] -- Installing: /home/xs/UAV/ROS2/install/nmea_msgs/include/nmea_msgs/msg/detail/defect_box__struct.hpp
[6.451s] -- Installing: /home/xs/UAV/ROS2/install/nmea_msgs/include/nmea_msgs/msg/detail/gpgsv__traits.hpp
[6.451s] -- Installing: /home/xs/UAV/ROS2/install/nmea_msgs/include/nmea_msgs/msg/detail/gprmc__struct.hpp
[6.451s] -- Installing: /home/xs/UAV/ROS2/install/nmea_msgs/include/nmea_msgs/msg/detail/gpgsa__traits.hpp
[6.451s] -- Installing: /home/xs/UAV/ROS2/install/nmea_msgs/include/nmea_msgs/msg/detail/gpgga__builder.hpp
[6.451s] -- Installing: /home/xs/UAV/ROS2/install/nmea_msgs/include/nmea_msgs/msg/detail/sentence__builder.hpp
[6.451s] -- Installing: /home/xs/UAV/ROS2/install/nmea_msgs/include/nmea_msgs/msg/detail/gprmc__traits.hpp
[6.451s] -- Installing: /home/xs/UAV/ROS2/install/nmea_msgs/include/nmea_msgs/msg/detail/gpgsa__struct.hpp
[6.452s] -- Installing: /home/xs/UAV/ROS2/install/nmea_msgs/include/nmea_msgs/msg/detail/gpgga__traits.hpp
[6.452s] -- Installing: /home/xs/UAV/ROS2/install/nmea_msgs/include/nmea_msgs/msg/detail/gpgsv_satellite__traits.hpp
[6.452s] -- Installing: /home/xs/UAV/ROS2/install/nmea_msgs/include/nmea_msgs/msg/detail/sentence__traits.hpp
[6.452s] -- Installing: /home/xs/UAV/ROS2/install/nmea_msgs/include/nmea_msgs/msg/detail/gpgsv_satellite__struct.hpp
[6.452s] -- Installing: /home/xs/UAV/ROS2/install/nmea_msgs/include/nmea_msgs/msg/detail/gprmc__builder.hpp
[6.452s] -- Installing: /home/xs/UAV/ROS2/install/nmea_msgs/include/nmea_msgs/msg/gpgsv.hpp
[6.452s] -- Installing: /home/xs/UAV/ROS2/install/nmea_msgs/include/nmea_msgs/msg/sentence.hpp
[6.452s] -- Installing: /home/xs/UAV/ROS2/install/nmea_msgs/include/nmea_msgs/msg/gpgga.hpp
[6.452s] -- Installing: /home/xs/UAV/ROS2/install/nmea_msgs/include/nmea_msgs/msg/gprmc.hpp
[6.452s] -- Installing: /home/xs/UAV/ROS2/install/nmea_msgs/include/nmea_msgs/msg/gpgsa.hpp
[6.452s] -- Up-to-date: /home/xs/UAV/ROS2/install/nmea_msgs/include/nmea_msgs
[6.452s] -- Up-to-date: /home/xs/UAV/ROS2/install/nmea_msgs/include/nmea_msgs/msg
[6.452s] -- Up-to-date: /home/xs/UAV/ROS2/install/nmea_msgs/include/nmea_msgs/msg/detail
[6.452s] -- Installing: /home/xs/UAV/ROS2/install/nmea_msgs/include/nmea_msgs/msg/detail/sentence__type_support.cpp
[6.452s] -- Installing: /home/xs/UAV/ROS2/install/nmea_msgs/include/nmea_msgs/msg/detail/pixel_point__type_support.cpp
[6.452s] -- Installing: /home/xs/UAV/ROS2/install/nmea_msgs/include/nmea_msgs/msg/detail/sentence__rosidl_typesupport_introspection_cpp.hpp
[6.452s] -- Installing: /home/xs/UAV/ROS2/install/nmea_msgs/include/nmea_msgs/msg/detail/pixel_point__rosidl_typesupport_introspection_cpp.hpp
[6.452s] -- Installing: /home/xs/UAV/ROS2/install/nmea_msgs/include/nmea_msgs/msg/detail/defect_box__type_support.cpp
[6.452s] -- Installing: /home/xs/UAV/ROS2/install/nmea_msgs/include/nmea_msgs/msg/detail/gpgga__type_support.cpp
[6.453s] -- Installing: /home/xs/UAV/ROS2/install/nmea_msgs/include/nmea_msgs/msg/detail/gpgsv__rosidl_typesupport_introspection_cpp.hpp
[6.453s] -- Installing: /home/xs/UAV/ROS2/install/nmea_msgs/include/nmea_msgs/msg/detail/defect_box__rosidl_typesupport_introspection_cpp.hpp
[6.453s] -- Installing: /home/xs/UAV/ROS2/install/nmea_msgs/include/nmea_msgs/msg/detail/gprmc__type_support.cpp
[6.453s] -- Installing: /home/xs/UAV/ROS2/install/nmea_msgs/include/nmea_msgs/msg/detail/gpgsv__type_support.cpp
[6.453s] -- Installing: /home/xs/UAV/ROS2/install/nmea_msgs/include/nmea_msgs/msg/detail/gpgst__type_support.cpp
[6.453s] -- Installing: /home/xs/UAV/ROS2/install/nmea_msgs/include/nmea_msgs/msg/detail/gpgsa__type_support.cpp
[6.453s] -- Installing: /home/xs/UAV/ROS2/install/nmea_msgs/include/nmea_msgs/msg/detail/gpgga__rosidl_typesupport_introspection_cpp.hpp
[6.453s] -- Installing: /home/xs/UAV/ROS2/install/nmea_msgs/include/nmea_msgs/msg/detail/gpgsv_satellite__type_support.cpp
[6.453s] -- Installing: /home/xs/UAV/ROS2/install/nmea_msgs/include/nmea_msgs/msg/detail/gprmc__rosidl_typesupport_introspection_cpp.hpp
[6.453s] -- Installing: /home/xs/UAV/ROS2/install/nmea_msgs/include/nmea_msgs/msg/detail/gpgsv_satellite__rosidl_typesupport_introspection_cpp.hpp
[6.453s] -- Installing: /home/xs/UAV/ROS2/install/nmea_msgs/include/nmea_msgs/msg/detail/gpgsa__rosidl_typesupport_introspection_cpp.hpp
[6.453s] -- Installing: /home/xs/UAV/ROS2/install/nmea_msgs/include/nmea_msgs/msg/detail/gpgst__rosidl_typesupport_introspection_cpp.hpp
[6.453s] -- Installing: /home/xs/UAV/ROS2/install/nmea_msgs/lib/libnmea_msgs__rosidl_typesupport_introspection_cpp.so
[6.454s] -- Set runtime path of "/home/xs/UAV/ROS2/install/nmea_msgs/lib/libnmea_msgs__rosidl_typesupport_introspection_cpp.so" to ""
[6.454s] -- Installing: /home/xs/UAV/ROS2/install/nmea_msgs/lib/libnmea_msgs__rosidl_typesupport_cpp.so
[6.454s] -- Set runtime path of "/home/xs/UAV/ROS2/install/nmea_msgs/lib/libnmea_msgs__rosidl_typesupport_cpp.so" to ""
[6.454s] -- Up-to-date: /home/xs/UAV/ROS2/install/nmea_msgs/share/nmea_msgs/environment/pythonpath.sh
[6.454s] -- Installing: /home/xs/UAV/ROS2/install/nmea_msgs/share/nmea_msgs/environment/pythonpath.dsv
[6.454s] -- Installing: /home/xs/UAV/ROS2/install/nmea_msgs/lib/python3.8/site-packages/nmea_msgs/__init__.py
[6.476s] Compiling '/home/xs/UAV/ROS2/install/nmea_msgs/lib/python3.8/site-packages/nmea_msgs/__init__.py'...
[6.479s] -- Up-to-date: /home/xs/UAV/ROS2/install/nmea_msgs/lib/python3.8/site-packages/nmea_msgs/msg
[6.479s] -- Installing: /home/xs/UAV/ROS2/install/nmea_msgs/lib/python3.8/site-packages/nmea_msgs/msg/_gpgsv_s.c
[6.479s] -- Installing: /home/xs/UAV/ROS2/install/nmea_msgs/lib/python3.8/site-packages/nmea_msgs/msg/_sentence_s.c
[6.479s] -- Installing: /home/xs/UAV/ROS2/install/nmea_msgs/lib/python3.8/site-packages/nmea_msgs/msg/_gpgsv.py
[6.479s] -- Installing: /home/xs/UAV/ROS2/install/nmea_msgs/lib/python3.8/site-packages/nmea_msgs/msg/_gpgsa_s.c
[6.479s] -- Installing: /home/xs/UAV/ROS2/install/nmea_msgs/lib/python3.8/site-packages/nmea_msgs/msg/_gpgst.py
[6.479s] -- Installing: /home/xs/UAV/ROS2/install/nmea_msgs/lib/python3.8/site-packages/nmea_msgs/msg/_gprmc.py
[6.479s] -- Installing: /home/xs/UAV/ROS2/install/nmea_msgs/lib/python3.8/site-packages/nmea_msgs/msg/_gpgga_s.c
[6.480s] -- Installing: /home/xs/UAV/ROS2/install/nmea_msgs/lib/python3.8/site-packages/nmea_msgs/msg/_gpgsa.py
[6.480s] -- Installing: /home/xs/UAV/ROS2/install/nmea_msgs/lib/python3.8/site-packages/nmea_msgs/msg/_defect_box_s.c
[6.480s] -- Installing: /home/xs/UAV/ROS2/install/nmea_msgs/lib/python3.8/site-packages/nmea_msgs/msg/_gpgga.py
[6.480s] -- Installing: /home/xs/UAV/ROS2/install/nmea_msgs/lib/python3.8/site-packages/nmea_msgs/msg/_pixel_point_s.c
[6.480s] -- Installing: /home/xs/UAV/ROS2/install/nmea_msgs/lib/python3.8/site-packages/nmea_msgs/msg/__init__.py
[6.480s] -- Installing: /home/xs/UAV/ROS2/install/nmea_msgs/lib/python3.8/site-packages/nmea_msgs/msg/_gprmc_s.c
[6.480s] -- Installing: /home/xs/UAV/ROS2/install/nmea_msgs/lib/python3.8/site-packages/nmea_msgs/msg/_defect_box.py
[6.480s] -- Installing: /home/xs/UAV/ROS2/install/nmea_msgs/lib/python3.8/site-packages/nmea_msgs/msg/_gpgsv_satellite_s.c
[6.480s] -- Installing: /home/xs/UAV/ROS2/install/nmea_msgs/lib/python3.8/site-packages/nmea_msgs/msg/_sentence.py
[6.480s] -- Installing: /home/xs/UAV/ROS2/install/nmea_msgs/lib/python3.8/site-packages/nmea_msgs/msg/_pixel_point.py
[6.480s] -- Installing: /home/xs/UAV/ROS2/install/nmea_msgs/lib/python3.8/site-packages/nmea_msgs/msg/_gpgsv_satellite.py
[6.480s] -- Installing: /home/xs/UAV/ROS2/install/nmea_msgs/lib/python3.8/site-packages/nmea_msgs/msg/_gpgst_s.c
[6.480s] -- Installing: /home/xs/UAV/ROS2/install/nmea_msgs/lib/python3.8/site-packages/nmea_msgs/nmea_msgs_s__rosidl_typesupport_fastrtps_c.cpython-38-x86_64-linux-gnu.so
[6.481s] -- Set runtime path of "/home/xs/UAV/ROS2/install/nmea_msgs/lib/python3.8/site-packages/nmea_msgs/nmea_msgs_s__rosidl_typesupport_fastrtps_c.cpython-38-x86_64-linux-gnu.so" to ""
[6.481s] -- Installing: /home/xs/UAV/ROS2/install/nmea_msgs/lib/python3.8/site-packages/nmea_msgs/nmea_msgs_s__rosidl_typesupport_introspection_c.cpython-38-x86_64-linux-gnu.so
[6.481s] -- Set runtime path of "/home/xs/UAV/ROS2/install/nmea_msgs/lib/python3.8/site-packages/nmea_msgs/nmea_msgs_s__rosidl_typesupport_introspection_c.cpython-38-x86_64-linux-gnu.so" to ""
[6.481s] -- Installing: /home/xs/UAV/ROS2/install/nmea_msgs/lib/python3.8/site-packages/nmea_msgs/nmea_msgs_s__rosidl_typesupport_c.cpython-38-x86_64-linux-gnu.so
[6.482s] -- Set runtime path of "/home/xs/UAV/ROS2/install/nmea_msgs/lib/python3.8/site-packages/nmea_msgs/nmea_msgs_s__rosidl_typesupport_c.cpython-38-x86_64-linux-gnu.so" to ""
[6.482s] -- Installing: /home/xs/UAV/ROS2/install/nmea_msgs/lib/libnmea_msgs__python.so
[6.482s] -- Set runtime path of "/home/xs/UAV/ROS2/install/nmea_msgs/lib/libnmea_msgs__python.so" to ""
[6.482s] -- Installing: /home/xs/UAV/ROS2/install/nmea_msgs/share/nmea_msgs/msg/PixelPoint.idl
[6.482s] -- Installing: /home/xs/UAV/ROS2/install/nmea_msgs/share/nmea_msgs/msg/DefectBox.idl
[6.482s] -- Up-to-date: /home/xs/UAV/ROS2/install/nmea_msgs/share/nmea_msgs/msg/Sentence.idl
[6.482s] -- Up-to-date: /home/xs/UAV/ROS2/install/nmea_msgs/share/nmea_msgs/msg/Gpgga.idl
[6.482s] -- Up-to-date: /home/xs/UAV/ROS2/install/nmea_msgs/share/nmea_msgs/msg/Gpgsa.idl
[6.482s] -- Up-to-date: /home/xs/UAV/ROS2/install/nmea_msgs/share/nmea_msgs/msg/Gpgst.idl
[6.482s] -- Up-to-date: /home/xs/UAV/ROS2/install/nmea_msgs/share/nmea_msgs/msg/Gpgsv.idl
[6.482s] -- Up-to-date: /home/xs/UAV/ROS2/install/nmea_msgs/share/nmea_msgs/msg/GpgsvSatellite.idl
[6.482s] -- Up-to-date: /home/xs/UAV/ROS2/install/nmea_msgs/share/nmea_msgs/msg/Gprmc.idl
[6.482s] -- Installing: /home/xs/UAV/ROS2/install/nmea_msgs/share/nmea_msgs/msg/PixelPoint.msg
[6.482s] -- Installing: /home/xs/UAV/ROS2/install/nmea_msgs/share/nmea_msgs/msg/DefectBox.msg
[6.483s] -- Up-to-date: /home/xs/UAV/ROS2/install/nmea_msgs/share/nmea_msgs/msg/Sentence.msg
[6.483s] -- Up-to-date: /home/xs/UAV/ROS2/install/nmea_msgs/share/nmea_msgs/msg/Gpgga.msg
[6.483s] -- Up-to-date: /home/xs/UAV/ROS2/install/nmea_msgs/share/nmea_msgs/msg/Gpgsa.msg
[6.483s] -- Up-to-date: /home/xs/UAV/ROS2/install/nmea_msgs/share/nmea_msgs/msg/Gpgst.msg
[6.483s] -- Up-to-date: /home/xs/UAV/ROS2/install/nmea_msgs/share/nmea_msgs/msg/Gpgsv.msg
[6.483s] -- Up-to-date: /home/xs/UAV/ROS2/install/nmea_msgs/share/nmea_msgs/msg/GpgsvSatellite.msg
[6.483s] -- Up-to-date: /home/xs/UAV/ROS2/install/nmea_msgs/share/nmea_msgs/msg/Gprmc.msg
[6.483s] -- Up-to-date: /home/xs/UAV/ROS2/install/nmea_msgs/share/ament_index/resource_index/package_run_dependencies/nmea_msgs
[6.483s] -- Installing: /home/xs/UAV/ROS2/install/nmea_msgs/share/ament_index/resource_index/parent_prefix_path/nmea_msgs
[6.483s] -- Up-to-date: /home/xs/UAV/ROS2/install/nmea_msgs/share/nmea_msgs/environment/ament_prefix_path.sh
[6.483s] -- Installing: /home/xs/UAV/ROS2/install/nmea_msgs/share/nmea_msgs/environment/ament_prefix_path.dsv
[6.483s] -- Up-to-date: /home/xs/UAV/ROS2/install/nmea_msgs/share/nmea_msgs/environment/path.sh
[6.483s] -- Installing: /home/xs/UAV/ROS2/install/nmea_msgs/share/nmea_msgs/environment/path.dsv
[6.483s] -- Up-to-date: /home/xs/UAV/ROS2/install/nmea_msgs/share/nmea_msgs/local_setup.bash
[6.483s] -- Up-to-date: /home/xs/UAV/ROS2/install/nmea_msgs/share/nmea_msgs/local_setup.sh
[6.483s] -- Up-to-date: /home/xs/UAV/ROS2/install/nmea_msgs/share/nmea_msgs/local_setup.zsh
[6.483s] -- Installing: /home/xs/UAV/ROS2/install/nmea_msgs/share/nmea_msgs/local_setup.dsv
[6.483s] -- Installing: /home/xs/UAV/ROS2/install/nmea_msgs/share/nmea_msgs/package.dsv
[6.483s] -- Up-to-date: /home/xs/UAV/ROS2/install/nmea_msgs/share/ament_index/resource_index/packages/nmea_msgs
[6.483s] -- Up-to-date: /home/xs/UAV/ROS2/install/nmea_msgs/share/nmea_msgs/cmake/nmea_msgs__rosidl_generator_cExport.cmake
[6.484s] -- Installing: /home/xs/UAV/ROS2/install/nmea_msgs/share/nmea_msgs/cmake/nmea_msgs__rosidl_generator_cExport-noconfig.cmake
[6.484s] -- Up-to-date: /home/xs/UAV/ROS2/install/nmea_msgs/share/nmea_msgs/cmake/nmea_msgs__rosidl_typesupport_introspection_cExport.cmake
[6.484s] -- Installing: /home/xs/UAV/ROS2/install/nmea_msgs/share/nmea_msgs/cmake/nmea_msgs__rosidl_typesupport_introspection_cExport-noconfig.cmake
[6.484s] -- Up-to-date: /home/xs/UAV/ROS2/install/nmea_msgs/share/nmea_msgs/cmake/nmea_msgs__rosidl_typesupport_cExport.cmake
[6.484s] -- Installing: /home/xs/UAV/ROS2/install/nmea_msgs/share/nmea_msgs/cmake/nmea_msgs__rosidl_typesupport_cExport-noconfig.cmake
[6.484s] -- Up-to-date: /home/xs/UAV/ROS2/install/nmea_msgs/share/nmea_msgs/cmake/nmea_msgs__rosidl_generator_cppExport.cmake
[6.484s] -- Up-to-date: /home/xs/UAV/ROS2/install/nmea_msgs/share/nmea_msgs/cmake/nmea_msgs__rosidl_typesupport_introspection_cppExport.cmake
[6.484s] -- Installing: /home/xs/UAV/ROS2/install/nmea_msgs/share/nmea_msgs/cmake/nmea_msgs__rosidl_typesupport_introspection_cppExport-noconfig.cmake
[6.484s] -- Up-to-date: /home/xs/UAV/ROS2/install/nmea_msgs/share/nmea_msgs/cmake/nmea_msgs__rosidl_typesupport_cppExport.cmake
[6.484s] -- Installing: /home/xs/UAV/ROS2/install/nmea_msgs/share/nmea_msgs/cmake/nmea_msgs__rosidl_typesupport_cppExport-noconfig.cmake
[6.484s] -- Installing: /home/xs/UAV/ROS2/install/nmea_msgs/share/nmea_msgs/cmake/rosidl_cmake-extras.cmake
[6.484s] -- Up-to-date: /home/xs/UAV/ROS2/install/nmea_msgs/share/nmea_msgs/cmake/ament_cmake_export_dependencies-extras.cmake
[6.484s] -- Up-to-date: /home/xs/UAV/ROS2/install/nmea_msgs/share/nmea_msgs/cmake/ament_cmake_export_libraries-extras.cmake
[6.485s] -- Up-to-date: /home/xs/UAV/ROS2/install/nmea_msgs/share/nmea_msgs/cmake/ament_cmake_export_targets-extras.cmake
[6.485s] -- Up-to-date: /home/xs/UAV/ROS2/install/nmea_msgs/share/nmea_msgs/cmake/ament_cmake_export_include_directories-extras.cmake
[6.485s] -- Up-to-date: /home/xs/UAV/ROS2/install/nmea_msgs/share/nmea_msgs/cmake/rosidl_cmake_export_typesupport_libraries-extras.cmake
[6.485s] -- Up-to-date: /home/xs/UAV/ROS2/install/nmea_msgs/share/nmea_msgs/cmake/rosidl_cmake_export_typesupport_targets-extras.cmake
[6.485s] -- Up-to-date: /home/xs/UAV/ROS2/install/nmea_msgs/share/nmea_msgs/cmake/nmea_msgsConfig.cmake
[6.485s] -- Up-to-date: /home/xs/UAV/ROS2/install/nmea_msgs/share/nmea_msgs/cmake/nmea_msgsConfig-version.cmake
[6.485s] -- Up-to-date: /home/xs/UAV/ROS2/install/nmea_msgs/share/nmea_msgs/package.xml
[6.487s] Invoked command in '/home/xs/UAV/ROS2/build/nmea_msgs' returned '0': CMAKE_PREFIX_PATH=${CMAKE_PREFIX_PATH}:/home/xs/UAV/ROS2/install/tf_converter:/home/xs/UAV/ROS2/install/object_detector:/home/xs/UAV/ROS2/install/gps_handler:/home/xs/UAV/ROS2/install/ctrl_relayer:/opt/ros/galactic /usr/bin/cmake --install /home/xs/UAV/ROS2/build/nmea_msgs
