/home/ccl/UAV/ROS2/install/object_detector/lib/python3.8/site-packages/object_detector/dft_publisher.py
/home/ccl/UAV/ROS2/install/object_detector/lib/python3.8/site-packages/object_detector/__init__.py
/home/ccl/UAV/ROS2/install/object_detector/lib/python3.8/site-packages/object_detector/yolov5/export.py
/home/ccl/UAV/ROS2/install/object_detector/lib/python3.8/site-packages/object_detector/yolov5/train.py
/home/ccl/UAV/ROS2/install/object_detector/lib/python3.8/site-packages/object_detector/yolov5/hubconf.py
/home/ccl/UAV/ROS2/install/object_detector/lib/python3.8/site-packages/object_detector/yolov5/val.py
/home/ccl/UAV/ROS2/install/object_detector/lib/python3.8/site-packages/object_detector/yolov5/__init__.py
/home/ccl/UAV/ROS2/install/object_detector/lib/python3.8/site-packages/object_detector/yolov5/detect.py
/home/ccl/UAV/ROS2/install/object_detector/lib/python3.8/site-packages/object_detector/yolov5/benchmarks.py
/home/ccl/UAV/ROS2/install/object_detector/lib/python3.8/site-packages/object_detector/__pycache__/dft_publisher.cpython-38.pyc
/home/ccl/UAV/ROS2/install/object_detector/lib/python3.8/site-packages/object_detector/__pycache__/__init__.cpython-38.pyc
/home/ccl/UAV/ROS2/install/object_detector/lib/python3.8/site-packages/object_detector/yolov5/__pycache__/export.cpython-38.pyc
/home/ccl/UAV/ROS2/install/object_detector/lib/python3.8/site-packages/object_detector/yolov5/__pycache__/train.cpython-38.pyc
/home/ccl/UAV/ROS2/install/object_detector/lib/python3.8/site-packages/object_detector/yolov5/__pycache__/hubconf.cpython-38.pyc
/home/ccl/UAV/ROS2/install/object_detector/lib/python3.8/site-packages/object_detector/yolov5/__pycache__/val.cpython-38.pyc
/home/ccl/UAV/ROS2/install/object_detector/lib/python3.8/site-packages/object_detector/yolov5/__pycache__/__init__.cpython-38.pyc
/home/ccl/UAV/ROS2/install/object_detector/lib/python3.8/site-packages/object_detector/yolov5/__pycache__/detect.cpython-38.pyc
/home/ccl/UAV/ROS2/install/object_detector/lib/python3.8/site-packages/object_detector/yolov5/__pycache__/benchmarks.cpython-38.pyc
/home/ccl/UAV/ROS2/install/object_detector/share/ament_index/resource_index/packages/object_detector
/home/ccl/UAV/ROS2/install/object_detector/share/object_detector/package.xml
/home/ccl/UAV/ROS2/install/object_detector/lib/python3.8/site-packages/object_detector-0.0.0-py3.8.egg-info/top_level.txt
/home/ccl/UAV/ROS2/install/object_detector/lib/python3.8/site-packages/object_detector-0.0.0-py3.8.egg-info/zip-safe
/home/ccl/UAV/ROS2/install/object_detector/lib/python3.8/site-packages/object_detector-0.0.0-py3.8.egg-info/SOURCES.txt
/home/ccl/UAV/ROS2/install/object_detector/lib/python3.8/site-packages/object_detector-0.0.0-py3.8.egg-info/entry_points.txt
/home/ccl/UAV/ROS2/install/object_detector/lib/python3.8/site-packages/object_detector-0.0.0-py3.8.egg-info/dependency_links.txt
/home/ccl/UAV/ROS2/install/object_detector/lib/python3.8/site-packages/object_detector-0.0.0-py3.8.egg-info/PKG-INFO
/home/ccl/UAV/ROS2/install/object_detector/lib/python3.8/site-packages/object_detector-0.0.0-py3.8.egg-info/requires.txt
/home/ccl/UAV/ROS2/install/object_detector/lib/object_detector/dft_publisher
