[1.845s] Invoking command in '/home/ccl/UAV/ROS2/object_detector': PYTHONPATH=/home/ccl/UAV/ROS2/build/object_detector/prefix_override:/home/ccl/UAV/ROS2/install/object_detector/lib/python3.8/site-packages:${PYTHONPATH} /usr/bin/python3 -W ignore:setup.py install is deprecated setup.py egg_info --egg-base ../build/object_detector build --build-base /home/ccl/UAV/ROS2/build/object_detector/build install --record /home/ccl/UAV/ROS2/build/object_detector/install.log --single-version-externally-managed install_data
[2.205s] running egg_info
[2.230s] writing ../build/object_detector/object_detector.egg-info/PKG-INFO
[2.230s] writing dependency_links to ../build/object_detector/object_detector.egg-info/dependency_links.txt
[2.231s] writing entry points to ../build/object_detector/object_detector.egg-info/entry_points.txt
[2.231s] writing requirements to ../build/object_detector/object_detector.egg-info/requires.txt
[2.232s] writing top-level names to ../build/object_detector/object_detector.egg-info/top_level.txt
[2.449s] reading manifest file '../build/object_detector/object_detector.egg-info/SOURCES.txt'
[2.451s] writing manifest file '../build/object_detector/object_detector.egg-info/SOURCES.txt'
[2.452s] running build
[2.452s] running build_py
[2.453s] copying object_detector/dft_publisher.py -> /home/ccl/UAV/ROS2/build/object_detector/build/lib/object_detector
[2.453s] copying object_detector/__init__.py -> /home/ccl/UAV/ROS2/build/object_detector/build/lib/object_detector
[2.453s] running install
[2.456s] running install_lib
[2.486s] running install_data
[2.487s] copying resource/object_detector -> /home/ccl/UAV/ROS2/install/object_detector/share/ament_index/resource_index/packages
[2.488s] copying package.xml -> /home/ccl/UAV/ROS2/install/object_detector/share/object_detector
[2.490s] running install_egg_info
[2.511s] removing '/home/ccl/UAV/ROS2/install/object_detector/lib/python3.8/site-packages/object_detector-0.0.0-py3.8.egg-info' (and everything under it)
[2.511s] Copying ../build/object_detector/object_detector.egg-info to /home/ccl/UAV/ROS2/install/object_detector/lib/python3.8/site-packages/object_detector-0.0.0-py3.8.egg-info
[2.515s] running install_scripts
[2.583s] Installing dft_publisher script to /home/ccl/UAV/ROS2/install/object_detector/lib/object_detector
[2.583s] writing list of installed files to '/home/ccl/UAV/ROS2/build/object_detector/install.log'
[2.610s] Invoked command in '/home/ccl/UAV/ROS2/object_detector' returned '0': PYTHONPATH=/home/ccl/UAV/ROS2/build/object_detector/prefix_override:/home/ccl/UAV/ROS2/install/object_detector/lib/python3.8/site-packages:${PYTHONPATH} /usr/bin/python3 -W ignore:setup.py install is deprecated setup.py egg_info --egg-base ../build/object_detector build --build-base /home/ccl/UAV/ROS2/build/object_detector/build install --record /home/ccl/UAV/ROS2/build/object_detector/install.log --single-version-externally-managed install_data
