[0.021s] Invoking command in '/home/xs/UAV/ROS2/build/nmea_msgs': CMAKE_PREFIX_PATH=${CMAKE_PREFIX_PATH}:/home/xs/UAV/ROS2/install/tf_converter:/home/xs/UAV/ROS2/install/object_detector:/home/xs/UAV/ROS2/install/gps_handler:/home/xs/UAV/ROS2/install/ctrl_relayer:/opt/ros/galactic /usr/bin/cmake /home/xs/UAV/ROS2/location_msgs -DCMAKE_INSTALL_PREFIX=/home/xs/UAV/ROS2/install/nmea_msgs
[0.558s] -- The C compiler identification is GNU 9.4.0
[0.559s] -- The CXX compiler identification is GNU 9.4.0
[0.559s] -- Check for working C compiler: /usr/bin/cc
[0.559s] -- Check for working C compiler: /usr/bin/cc -- works
[0.559s] -- Detecting C compiler ABI info
[0.559s] -- Detecting C compiler ABI info - done
[0.559s] -- Detecting C compile features
[0.559s] -- Detecting C compile features - done
[0.559s] -- Check for working CXX compiler: /usr/bin/c++
[0.559s] -- Check for working CXX compiler: /usr/bin/c++ -- works
[0.559s] -- Detecting CXX compiler ABI info
[0.559s] -- Detecting CXX compiler ABI info - done
[0.559s] -- Detecting CXX compile features
[0.559s] -- Detecting CXX compile features - done
[0.559s] -- Found ament_cmake: 1.1.6 (/opt/ros/galactic/share/ament_cmake/cmake)
[0.559s] -- Found PythonInterp: /usr/bin/python3 (found suitable version "3.8.10", minimum required is "3") 
[0.559s] -- Using PYTHON_EXECUTABLE: /usr/bin/python3
[0.559s] -- Found rosidl_default_generators: 1.1.1 (/opt/ros/galactic/share/rosidl_default_generators/cmake)
[0.559s] -- Using all available rosidl_typesupport_c: rosidl_typesupport_fastrtps_c;rosidl_typesupport_introspection_c
[0.559s] -- Found rosidl_adapter: 2.2.3 (/opt/ros/galactic/share/rosidl_adapter/cmake)
[0.559s] -- Found OpenSSL: /usr/lib/x86_64-linux-gnu/libcrypto.so (found version "1.1.1f")  
[0.559s] -- Found FastRTPS: /opt/ros/galactic/include  
[0.559s] -- Using all available rosidl_typesupport_cpp: rosidl_typesupport_fastrtps_cpp;rosidl_typesupport_introspection_cpp
[0.574s] -- Found std_msgs: 2.2.4 (/opt/ros/galactic/share/std_msgs/cmake)
[0.599s] -- Found sensor_msgs: 2.2.4 (/opt/ros/galactic/share/sensor_msgs/cmake)
[0.707s] -- Found PythonInterp: /usr/bin/python3 (found version "3.8.10") 
[0.865s] -- Found ament_cmake_ros: 0.9.2 (/opt/ros/galactic/share/ament_cmake_ros/cmake)
[1.093s] -- Using all available rosidl_typesupport_c: rosidl_typesupport_fastrtps_c;rosidl_typesupport_introspection_c
[1.203s] -- Using all available rosidl_typesupport_cpp: rosidl_typesupport_fastrtps_cpp;rosidl_typesupport_introspection_cpp
[1.223s] -- Found PythonInterp: /usr/bin/python3 (found suitable version "3.8.10", minimum required is "3.5") 
[1.223s] -- Found python_cmake_module: 0.8.1 (/opt/ros/galactic/share/python_cmake_module/cmake)
[1.244s] -- Found PythonLibs: /usr/lib/x86_64-linux-gnu/libpython3.8.so (found suitable version "3.8.10", minimum required is "3.5") 
[1.244s] -- Using PYTHON_EXECUTABLE: /usr/bin/python3
[1.244s] -- Using PYTHON_INCLUDE_DIRS: /usr/include/python3.8
[1.244s] -- Using PYTHON_LIBRARIES: /usr/lib/x86_64-linux-gnu/libpython3.8.so
[1.260s] -- Found PythonExtra: .so  
[1.329s] -- Configuring done
[1.373s] -- Generating done
[1.374s] -- Build files have been written to: /home/xs/UAV/ROS2/build/nmea_msgs
[1.380s] Invoked command in '/home/xs/UAV/ROS2/build/nmea_msgs' returned '0': CMAKE_PREFIX_PATH=${CMAKE_PREFIX_PATH}:/home/xs/UAV/ROS2/install/tf_converter:/home/xs/UAV/ROS2/install/object_detector:/home/xs/UAV/ROS2/install/gps_handler:/home/xs/UAV/ROS2/install/ctrl_relayer:/opt/ros/galactic /usr/bin/cmake /home/xs/UAV/ROS2/location_msgs -DCMAKE_INSTALL_PREFIX=/home/xs/UAV/ROS2/install/nmea_msgs
[1.382s] Invoking command in '/home/xs/UAV/ROS2/build/nmea_msgs': CMAKE_PREFIX_PATH=${CMAKE_PREFIX_PATH}:/home/xs/UAV/ROS2/install/tf_converter:/home/xs/UAV/ROS2/install/object_detector:/home/xs/UAV/ROS2/install/gps_handler:/home/xs/UAV/ROS2/install/ctrl_relayer:/opt/ros/galactic /usr/bin/cmake --build /home/xs/UAV/ROS2/build/nmea_msgs -- -j8 -l8
[1.410s] [  1%] [34m[1mGenerating C code for ROS interfaces[0m
[1.410s] [35m[1mScanning dependencies of target nmea_msgs__cpp[0m
[1.418s] [  3%] [34m[1mGenerating C++ code for ROS interfaces[0m
[1.651s] [  3%] Built target nmea_msgs__cpp
[1.663s] [  5%] [34m[1mGenerating C++ type support dispatch for ROS interfaces[0m
[1.667s] [  9%] [34m[1mGenerating C++ introspection for ROS interfaces[0m
[1.668s] [  9%] [34m[1mGenerating C++ type support for eProsima Fast-RTPS[0m
[1.689s] [35m[1mScanning dependencies of target nmea_msgs__rosidl_generator_c[0m
[1.702s] [ 16%] [32mBuilding C object CMakeFiles/nmea_msgs__rosidl_generator_c.dir/rosidl_generator_c/nmea_msgs/msg/detail/defects__functions.c.o[0m
[1.702s] [ 16%] [32mBuilding C object CMakeFiles/nmea_msgs__rosidl_generator_c.dir/rosidl_generator_c/nmea_msgs/msg/detail/gps_fix__functions.c.o[0m
[1.702s] [ 16%] [32mBuilding C object CMakeFiles/nmea_msgs__rosidl_generator_c.dir/rosidl_generator_c/nmea_msgs/msg/detail/pixel_point__functions.c.o[0m
[1.702s] [ 16%] [32mBuilding C object CMakeFiles/nmea_msgs__rosidl_generator_c.dir/rosidl_generator_c/nmea_msgs/msg/detail/defect_box__functions.c.o[0m
[1.751s] [ 18%] [32m[1mLinking C shared library libnmea_msgs__rosidl_generator_c.so[0m
[1.780s] [ 18%] Built target nmea_msgs__rosidl_generator_c
[1.788s] [ 20%] [34m[1mGenerating C introspection for ROS interfaces[0m
[1.791s] [ 21%] [34m[1mGenerating C type support dispatch for ROS interfaces[0m
[1.874s] [35m[1mScanning dependencies of target nmea_msgs__rosidl_typesupport_cpp[0m
[1.887s] [ 25%] [32mBuilding CXX object CMakeFiles/nmea_msgs__rosidl_typesupport_cpp.dir/rosidl_typesupport_cpp/nmea_msgs/msg/pixel_point__type_support.cpp.o[0m
[1.887s] [ 25%] [32mBuilding CXX object CMakeFiles/nmea_msgs__rosidl_typesupport_cpp.dir/rosidl_typesupport_cpp/nmea_msgs/msg/gps_fix__type_support.cpp.o[0m
[1.888s] [ 27%] [32mBuilding CXX object CMakeFiles/nmea_msgs__rosidl_typesupport_cpp.dir/rosidl_typesupport_cpp/nmea_msgs/msg/defects__type_support.cpp.o[0m
[1.896s] [ 29%] [32mBuilding CXX object CMakeFiles/nmea_msgs__rosidl_typesupport_cpp.dir/rosidl_typesupport_cpp/nmea_msgs/msg/defect_box__type_support.cpp.o[0m
[1.961s] [35m[1mScanning dependencies of target nmea_msgs__rosidl_typesupport_introspection_cpp[0m
[1.999s] [ 30%] [32mBuilding CXX object CMakeFiles/nmea_msgs__rosidl_typesupport_introspection_cpp.dir/rosidl_typesupport_introspection_cpp/nmea_msgs/msg/detail/gps_fix__type_support.cpp.o[0m
[2.081s] [35m[1mScanning dependencies of target nmea_msgs__rosidl_typesupport_fastrtps_cpp[0m
[2.107s] [ 32%] [32mBuilding CXX object CMakeFiles/nmea_msgs__rosidl_typesupport_fastrtps_cpp.dir/rosidl_typesupport_fastrtps_cpp/nmea_msgs/msg/detail/dds_fastrtps/gps_fix__type_support.cpp.o[0m
[2.147s] [35m[1mScanning dependencies of target nmea_msgs__rosidl_typesupport_c[0m
[2.159s] [35m[1mScanning dependencies of target nmea_msgs__rosidl_typesupport_introspection_c[0m
[2.178s] [ 34%] [32mBuilding CXX object CMakeFiles/nmea_msgs__rosidl_typesupport_c.dir/rosidl_typesupport_c/nmea_msgs/msg/gps_fix__type_support.cpp.o[0m
[2.187s] [ 36%] [32mBuilding C object CMakeFiles/nmea_msgs__rosidl_typesupport_introspection_c.dir/rosidl_typesupport_introspection_c/nmea_msgs/msg/detail/gps_fix__type_support.c.o[0m
[2.216s] [ 38%] [32mBuilding C object CMakeFiles/nmea_msgs__rosidl_typesupport_introspection_c.dir/rosidl_typesupport_introspection_c/nmea_msgs/msg/detail/pixel_point__type_support.c.o[0m
[2.221s] [ 40%] [32mBuilding CXX object CMakeFiles/nmea_msgs__rosidl_typesupport_fastrtps_cpp.dir/rosidl_typesupport_fastrtps_cpp/nmea_msgs/msg/detail/dds_fastrtps/pixel_point__type_support.cpp.o[0m
[2.222s] [ 41%] [32mBuilding CXX object CMakeFiles/nmea_msgs__rosidl_typesupport_fastrtps_cpp.dir/rosidl_typesupport_fastrtps_cpp/nmea_msgs/msg/detail/dds_fastrtps/defect_box__type_support.cpp.o[0m
[2.233s] [ 43%] [32mBuilding CXX object CMakeFiles/nmea_msgs__rosidl_typesupport_c.dir/rosidl_typesupport_c/nmea_msgs/msg/pixel_point__type_support.cpp.o[0m
[2.233s] [ 45%] [32mBuilding C object CMakeFiles/nmea_msgs__rosidl_typesupport_introspection_c.dir/rosidl_typesupport_introspection_c/nmea_msgs/msg/detail/defect_box__type_support.c.o[0m
[2.240s] [ 47%] [32m[1mLinking CXX shared library libnmea_msgs__rosidl_typesupport_cpp.so[0m
[2.254s] [ 49%] [32mBuilding C object CMakeFiles/nmea_msgs__rosidl_typesupport_introspection_c.dir/rosidl_typesupport_introspection_c/nmea_msgs/msg/detail/defects__type_support.c.o[0m
[2.271s] [ 50%] [32mBuilding CXX object CMakeFiles/nmea_msgs__rosidl_typesupport_c.dir/rosidl_typesupport_c/nmea_msgs/msg/defect_box__type_support.cpp.o[0m
[2.280s] [ 52%] [32mBuilding CXX object CMakeFiles/nmea_msgs__rosidl_typesupport_fastrtps_cpp.dir/rosidl_typesupport_fastrtps_cpp/nmea_msgs/msg/detail/dds_fastrtps/defects__type_support.cpp.o[0m
[2.288s] [ 52%] Built target nmea_msgs__rosidl_typesupport_cpp
[2.299s] [ 54%] [32mBuilding CXX object CMakeFiles/nmea_msgs__rosidl_typesupport_introspection_cpp.dir/rosidl_typesupport_introspection_cpp/nmea_msgs/msg/detail/pixel_point__type_support.cpp.o[0m
[2.306s] [ 56%] [32mBuilding CXX object CMakeFiles/nmea_msgs__rosidl_typesupport_c.dir/rosidl_typesupport_c/nmea_msgs/msg/defects__type_support.cpp.o[0m
[2.319s] [ 58%] [32m[1mLinking C shared library libnmea_msgs__rosidl_typesupport_introspection_c.so[0m
[2.338s] [ 60%] [32m[1mLinking CXX shared library libnmea_msgs__rosidl_typesupport_c.so[0m
[2.339s] [ 61%] [32mBuilding CXX object CMakeFiles/nmea_msgs__rosidl_typesupport_introspection_cpp.dir/rosidl_typesupport_introspection_cpp/nmea_msgs/msg/detail/defect_box__type_support.cpp.o[0m
[2.357s] [ 61%] Built target nmea_msgs__rosidl_typesupport_introspection_c
[2.368s] [ 63%] [32mBuilding CXX object CMakeFiles/nmea_msgs__rosidl_typesupport_introspection_cpp.dir/rosidl_typesupport_introspection_cpp/nmea_msgs/msg/detail/defects__type_support.cpp.o[0m
[2.391s] [ 63%] Built target nmea_msgs__rosidl_typesupport_c
[2.671s] [ 65%] [32m[1mLinking CXX shared library libnmea_msgs__rosidl_typesupport_introspection_cpp.so[0m
[2.716s] [ 67%] [32m[1mLinking CXX shared library libnmea_msgs__rosidl_typesupport_fastrtps_cpp.so[0m
[2.726s] [ 67%] Built target nmea_msgs__rosidl_typesupport_introspection_cpp
[2.780s] [ 67%] Built target nmea_msgs__rosidl_typesupport_fastrtps_cpp
[2.787s] [ 69%] [34m[1mGenerating C type support for eProsima Fast-RTPS[0m
[2.988s] [35m[1mScanning dependencies of target nmea_msgs__rosidl_typesupport_fastrtps_c[0m
[3.002s] [ 76%] [32mBuilding CXX object CMakeFiles/nmea_msgs__rosidl_typesupport_fastrtps_c.dir/rosidl_typesupport_fastrtps_c/nmea_msgs/msg/detail/pixel_point__type_support_c.cpp.o[0m
[3.002s] [ 76%] [32mBuilding CXX object CMakeFiles/nmea_msgs__rosidl_typesupport_fastrtps_c.dir/rosidl_typesupport_fastrtps_c/nmea_msgs/msg/detail/defects__type_support_c.cpp.o[0m
[3.002s] [ 76%] [32mBuilding CXX object CMakeFiles/nmea_msgs__rosidl_typesupport_fastrtps_c.dir/rosidl_typesupport_fastrtps_c/nmea_msgs/msg/detail/defect_box__type_support_c.cpp.o[0m
[3.002s] [ 76%] [32mBuilding CXX object CMakeFiles/nmea_msgs__rosidl_typesupport_fastrtps_c.dir/rosidl_typesupport_fastrtps_c/nmea_msgs/msg/detail/gps_fix__type_support_c.cpp.o[0m
[3.244s] [ 78%] [32m[1mLinking CXX shared library libnmea_msgs__rosidl_typesupport_fastrtps_c.so[0m
[3.307s] [ 78%] Built target nmea_msgs__rosidl_typesupport_fastrtps_c
[3.313s] [35m[1mScanning dependencies of target nmea_msgs[0m
[3.321s] [ 78%] Built target nmea_msgs
[3.328s] [35m[1mScanning dependencies of target nmea_msgs__py[0m
[3.338s] [ 80%] [34m[1mGenerating Python code for ROS interfaces[0m
[3.759s] [ 80%] Built target nmea_msgs__py
[3.766s] [35m[1mScanning dependencies of target nmea_msgs__python[0m
[3.788s] [ 85%] [32mBuilding C object CMakeFiles/nmea_msgs__python.dir/rosidl_generator_py/nmea_msgs/msg/_defect_box_s.c.o[0m
[3.788s] [ 85%] [32mBuilding C object CMakeFiles/nmea_msgs__python.dir/rosidl_generator_py/nmea_msgs/msg/_gps_fix_s.c.o[0m
[3.788s] [ 85%] [32mBuilding C object CMakeFiles/nmea_msgs__python.dir/rosidl_generator_py/nmea_msgs/msg/_pixel_point_s.c.o[0m
[3.788s] [ 87%] [32mBuilding C object CMakeFiles/nmea_msgs__python.dir/rosidl_generator_py/nmea_msgs/msg/_defects_s.c.o[0m
[3.871s] [ 89%] [32m[1mLinking C shared library rosidl_generator_py/nmea_msgs/libnmea_msgs__python.so[0m
[3.902s] [ 89%] Built target nmea_msgs__python
[3.910s] [35m[1mScanning dependencies of target nmea_msgs__rosidl_typesupport_introspection_c__pyext[0m
[3.910s] [35m[1mScanning dependencies of target nmea_msgs__rosidl_typesupport_c__pyext[0m
[3.910s] [35m[1mScanning dependencies of target nmea_msgs__rosidl_typesupport_fastrtps_c__pyext[0m
[3.924s] [ 92%] [32mBuilding C object CMakeFiles/nmea_msgs__rosidl_typesupport_fastrtps_c__pyext.dir/rosidl_generator_py/nmea_msgs/_nmea_msgs_s.ep.rosidl_typesupport_fastrtps_c.c.o[0m
[3.924s] [ 92%] [32mBuilding C object CMakeFiles/nmea_msgs__rosidl_typesupport_c__pyext.dir/rosidl_generator_py/nmea_msgs/_nmea_msgs_s.ep.rosidl_typesupport_c.c.o[0m
[3.925s] [ 94%] [32mBuilding C object CMakeFiles/nmea_msgs__rosidl_typesupport_introspection_c__pyext.dir/rosidl_generator_py/nmea_msgs/_nmea_msgs_s.ep.rosidl_typesupport_introspection_c.c.o[0m
[3.986s] [100%] [32m[1mLinking CXX shared library rosidl_generator_py/nmea_msgs/nmea_msgs_s__rosidl_typesupport_fastrtps_c.cpython-38-x86_64-linux-gnu.so[0m
[3.986s] [100%] [32m[1mLinking C shared library rosidl_generator_py/nmea_msgs/nmea_msgs_s__rosidl_typesupport_c.cpython-38-x86_64-linux-gnu.so[0m
[3.986s] [100%] [32m[1mLinking C shared library rosidl_generator_py/nmea_msgs/nmea_msgs_s__rosidl_typesupport_introspection_c.cpython-38-x86_64-linux-gnu.so[0m
[4.015s] [100%] Built target nmea_msgs__rosidl_typesupport_introspection_c__pyext
[4.016s] [100%] Built target nmea_msgs__rosidl_typesupport_c__pyext
[4.036s] [100%] Built target nmea_msgs__rosidl_typesupport_fastrtps_c__pyext
[4.046s] Invoked command in '/home/xs/UAV/ROS2/build/nmea_msgs' returned '0': CMAKE_PREFIX_PATH=${CMAKE_PREFIX_PATH}:/home/xs/UAV/ROS2/install/tf_converter:/home/xs/UAV/ROS2/install/object_detector:/home/xs/UAV/ROS2/install/gps_handler:/home/xs/UAV/ROS2/install/ctrl_relayer:/opt/ros/galactic /usr/bin/cmake --build /home/xs/UAV/ROS2/build/nmea_msgs -- -j8 -l8
[4.104s] Invoking command in '/home/xs/UAV/ROS2/build/nmea_msgs': CMAKE_PREFIX_PATH=${CMAKE_PREFIX_PATH}:/home/xs/UAV/ROS2/install/tf_converter:/home/xs/UAV/ROS2/install/object_detector:/home/xs/UAV/ROS2/install/gps_handler:/home/xs/UAV/ROS2/install/ctrl_relayer:/opt/ros/galactic /usr/bin/cmake --install /home/xs/UAV/ROS2/build/nmea_msgs
[4.110s] -- Install configuration: ""
[4.110s] -- Installing: /home/xs/UAV/ROS2/install/nmea_msgs/share/ament_index/resource_index/rosidl_interfaces/nmea_msgs
[4.110s] -- Installing: /home/xs/UAV/ROS2/install/nmea_msgs/include/nmea_msgs
[4.110s] -- Installing: /home/xs/UAV/ROS2/install/nmea_msgs/include/nmea_msgs/msg
[4.110s] -- Installing: /home/xs/UAV/ROS2/install/nmea_msgs/include/nmea_msgs/msg/defect_box.h
[4.110s] -- Installing: /home/xs/UAV/ROS2/install/nmea_msgs/include/nmea_msgs/msg/defects.h
[4.110s] -- Installing: /home/xs/UAV/ROS2/install/nmea_msgs/include/nmea_msgs/msg/detail
[4.110s] -- Installing: /home/xs/UAV/ROS2/install/nmea_msgs/include/nmea_msgs/msg/detail/defect_box__functions.c
[4.110s] -- Installing: /home/xs/UAV/ROS2/install/nmea_msgs/include/nmea_msgs/msg/detail/gps_fix__type_support.h
[4.110s] -- Installing: /home/xs/UAV/ROS2/install/nmea_msgs/include/nmea_msgs/msg/detail/gps_fix__struct.h
[4.110s] -- Installing: /home/xs/UAV/ROS2/install/nmea_msgs/include/nmea_msgs/msg/detail/pixel_point__struct.h
[4.110s] -- Installing: /home/xs/UAV/ROS2/install/nmea_msgs/include/nmea_msgs/msg/detail/defects__struct.h
[4.110s] -- Installing: /home/xs/UAV/ROS2/install/nmea_msgs/include/nmea_msgs/msg/detail/gps_fix__functions.h
[4.111s] -- Installing: /home/xs/UAV/ROS2/install/nmea_msgs/include/nmea_msgs/msg/detail/defect_box__type_support.h
[4.111s] -- Installing: /home/xs/UAV/ROS2/install/nmea_msgs/include/nmea_msgs/msg/detail/pixel_point__functions.h
[4.111s] -- Installing: /home/xs/UAV/ROS2/install/nmea_msgs/include/nmea_msgs/msg/detail/pixel_point__type_support.h
[4.111s] -- Installing: /home/xs/UAV/ROS2/install/nmea_msgs/include/nmea_msgs/msg/detail/defects__functions.c
[4.111s] -- Installing: /home/xs/UAV/ROS2/install/nmea_msgs/include/nmea_msgs/msg/detail/defects__functions.h
[4.111s] -- Installing: /home/xs/UAV/ROS2/install/nmea_msgs/include/nmea_msgs/msg/detail/gps_fix__functions.c
[4.111s] -- Installing: /home/xs/UAV/ROS2/install/nmea_msgs/include/nmea_msgs/msg/detail/pixel_point__functions.c
[4.111s] -- Installing: /home/xs/UAV/ROS2/install/nmea_msgs/include/nmea_msgs/msg/detail/defect_box__struct.h
[4.111s] -- Installing: /home/xs/UAV/ROS2/install/nmea_msgs/include/nmea_msgs/msg/detail/defects__type_support.h
[4.111s] -- Installing: /home/xs/UAV/ROS2/install/nmea_msgs/include/nmea_msgs/msg/detail/defect_box__functions.h
[4.111s] -- Installing: /home/xs/UAV/ROS2/install/nmea_msgs/include/nmea_msgs/msg/rosidl_generator_c__visibility_control.h
[4.111s] -- Installing: /home/xs/UAV/ROS2/install/nmea_msgs/include/nmea_msgs/msg/gps_fix.h
[4.111s] -- Installing: /home/xs/UAV/ROS2/install/nmea_msgs/include/nmea_msgs/msg/pixel_point.h
[4.111s] -- Installing: /home/xs/UAV/ROS2/install/nmea_msgs/share/nmea_msgs/environment/library_path.sh
[4.111s] -- Installing: /home/xs/UAV/ROS2/install/nmea_msgs/share/nmea_msgs/environment/library_path.dsv
[4.111s] -- Installing: /home/xs/UAV/ROS2/install/nmea_msgs/lib/libnmea_msgs__rosidl_generator_c.so
[4.111s] -- Set runtime path of "/home/xs/UAV/ROS2/install/nmea_msgs/lib/libnmea_msgs__rosidl_generator_c.so" to ""
[4.111s] -- Up-to-date: /home/xs/UAV/ROS2/install/nmea_msgs/include/nmea_msgs
[4.112s] -- Up-to-date: /home/xs/UAV/ROS2/install/nmea_msgs/include/nmea_msgs/msg
[4.112s] -- Up-to-date: /home/xs/UAV/ROS2/install/nmea_msgs/include/nmea_msgs/msg/detail
[4.112s] -- Installing: /home/xs/UAV/ROS2/install/nmea_msgs/include/nmea_msgs/msg/detail/defects__rosidl_typesupport_fastrtps_c.h
[4.112s] -- Installing: /home/xs/UAV/ROS2/install/nmea_msgs/include/nmea_msgs/msg/detail/defect_box__rosidl_typesupport_fastrtps_c.h
[4.112s] -- Installing: /home/xs/UAV/ROS2/install/nmea_msgs/include/nmea_msgs/msg/detail/pixel_point__rosidl_typesupport_fastrtps_c.h
[4.112s] -- Installing: /home/xs/UAV/ROS2/install/nmea_msgs/include/nmea_msgs/msg/detail/gps_fix__rosidl_typesupport_fastrtps_c.h
[4.112s] -- Installing: /home/xs/UAV/ROS2/install/nmea_msgs/include/nmea_msgs/msg/rosidl_typesupport_fastrtps_c__visibility_control.h
[4.112s] -- Installing: /home/xs/UAV/ROS2/install/nmea_msgs/lib/libnmea_msgs__rosidl_typesupport_fastrtps_c.so
[4.112s] -- Set runtime path of "/home/xs/UAV/ROS2/install/nmea_msgs/lib/libnmea_msgs__rosidl_typesupport_fastrtps_c.so" to ""
[4.112s] -- Up-to-date: /home/xs/UAV/ROS2/install/nmea_msgs/include/nmea_msgs
[4.112s] -- Up-to-date: /home/xs/UAV/ROS2/install/nmea_msgs/include/nmea_msgs/msg
[4.112s] -- Up-to-date: /home/xs/UAV/ROS2/install/nmea_msgs/include/nmea_msgs/msg/detail
[4.112s] -- Installing: /home/xs/UAV/ROS2/install/nmea_msgs/include/nmea_msgs/msg/detail/defect_box__rosidl_typesupport_fastrtps_cpp.hpp
[4.112s] -- Installing: /home/xs/UAV/ROS2/install/nmea_msgs/include/nmea_msgs/msg/detail/pixel_point__rosidl_typesupport_fastrtps_cpp.hpp
[4.112s] -- Installing: /home/xs/UAV/ROS2/install/nmea_msgs/include/nmea_msgs/msg/detail/gps_fix__rosidl_typesupport_fastrtps_cpp.hpp
[4.112s] -- Installing: /home/xs/UAV/ROS2/install/nmea_msgs/include/nmea_msgs/msg/detail/defects__rosidl_typesupport_fastrtps_cpp.hpp
[4.112s] -- Installing: /home/xs/UAV/ROS2/install/nmea_msgs/include/nmea_msgs/msg/detail/dds_fastrtps
[4.112s] -- Installing: /home/xs/UAV/ROS2/install/nmea_msgs/include/nmea_msgs/msg/rosidl_typesupport_fastrtps_cpp__visibility_control.h
[4.112s] -- Installing: /home/xs/UAV/ROS2/install/nmea_msgs/lib/libnmea_msgs__rosidl_typesupport_fastrtps_cpp.so
[4.113s] -- Set runtime path of "/home/xs/UAV/ROS2/install/nmea_msgs/lib/libnmea_msgs__rosidl_typesupport_fastrtps_cpp.so" to ""
[4.113s] -- Up-to-date: /home/xs/UAV/ROS2/install/nmea_msgs/include/nmea_msgs
[4.113s] -- Up-to-date: /home/xs/UAV/ROS2/install/nmea_msgs/include/nmea_msgs/msg
[4.113s] -- Installing: /home/xs/UAV/ROS2/install/nmea_msgs/include/nmea_msgs/msg/rosidl_typesupport_introspection_c__visibility_control.h
[4.113s] -- Up-to-date: /home/xs/UAV/ROS2/install/nmea_msgs/include/nmea_msgs/msg/detail
[4.113s] -- Installing: /home/xs/UAV/ROS2/install/nmea_msgs/include/nmea_msgs/msg/detail/defect_box__type_support.c
[4.113s] -- Installing: /home/xs/UAV/ROS2/install/nmea_msgs/include/nmea_msgs/msg/detail/pixel_point__type_support.c
[4.113s] -- Installing: /home/xs/UAV/ROS2/install/nmea_msgs/include/nmea_msgs/msg/detail/gps_fix__rosidl_typesupport_introspection_c.h
[4.113s] -- Installing: /home/xs/UAV/ROS2/install/nmea_msgs/include/nmea_msgs/msg/detail/defect_box__rosidl_typesupport_introspection_c.h
[4.113s] -- Installing: /home/xs/UAV/ROS2/install/nmea_msgs/include/nmea_msgs/msg/detail/defects__type_support.c
[4.114s] -- Installing: /home/xs/UAV/ROS2/install/nmea_msgs/include/nmea_msgs/msg/detail/defects__rosidl_typesupport_introspection_c.h
[4.114s] -- Installing: /home/xs/UAV/ROS2/install/nmea_msgs/include/nmea_msgs/msg/detail/pixel_point__rosidl_typesupport_introspection_c.h
[4.114s] -- Installing: /home/xs/UAV/ROS2/install/nmea_msgs/include/nmea_msgs/msg/detail/gps_fix__type_support.c
[4.114s] -- Installing: /home/xs/UAV/ROS2/install/nmea_msgs/lib/libnmea_msgs__rosidl_typesupport_introspection_c.so
[4.114s] -- Set runtime path of "/home/xs/UAV/ROS2/install/nmea_msgs/lib/libnmea_msgs__rosidl_typesupport_introspection_c.so" to ""
[4.114s] -- Installing: /home/xs/UAV/ROS2/install/nmea_msgs/lib/libnmea_msgs__rosidl_typesupport_c.so
[4.114s] -- Set runtime path of "/home/xs/UAV/ROS2/install/nmea_msgs/lib/libnmea_msgs__rosidl_typesupport_c.so" to ""
[4.114s] -- Up-to-date: /home/xs/UAV/ROS2/install/nmea_msgs/include/nmea_msgs
[4.114s] -- Up-to-date: /home/xs/UAV/ROS2/install/nmea_msgs/include/nmea_msgs/msg
[4.114s] -- Installing: /home/xs/UAV/ROS2/install/nmea_msgs/include/nmea_msgs/msg/pixel_point.hpp
[4.114s] -- Installing: /home/xs/UAV/ROS2/install/nmea_msgs/include/nmea_msgs/msg/defects.hpp
[4.114s] -- Installing: /home/xs/UAV/ROS2/install/nmea_msgs/include/nmea_msgs/msg/defect_box.hpp
[4.114s] -- Up-to-date: /home/xs/UAV/ROS2/install/nmea_msgs/include/nmea_msgs/msg/detail
[4.114s] -- Installing: /home/xs/UAV/ROS2/install/nmea_msgs/include/nmea_msgs/msg/detail/pixel_point__builder.hpp
[4.114s] -- Installing: /home/xs/UAV/ROS2/install/nmea_msgs/include/nmea_msgs/msg/detail/defect_box__traits.hpp
[4.114s] -- Installing: /home/xs/UAV/ROS2/install/nmea_msgs/include/nmea_msgs/msg/detail/defect_box__builder.hpp
[4.114s] -- Installing: /home/xs/UAV/ROS2/install/nmea_msgs/include/nmea_msgs/msg/detail/gps_fix__struct.hpp
[4.114s] -- Installing: /home/xs/UAV/ROS2/install/nmea_msgs/include/nmea_msgs/msg/detail/pixel_point__traits.hpp
[4.115s] -- Installing: /home/xs/UAV/ROS2/install/nmea_msgs/include/nmea_msgs/msg/detail/pixel_point__struct.hpp
[4.115s] -- Installing: /home/xs/UAV/ROS2/install/nmea_msgs/include/nmea_msgs/msg/detail/defect_box__struct.hpp
[4.115s] -- Installing: /home/xs/UAV/ROS2/install/nmea_msgs/include/nmea_msgs/msg/detail/defects__traits.hpp
[4.115s] -- Installing: /home/xs/UAV/ROS2/install/nmea_msgs/include/nmea_msgs/msg/detail/defects__struct.hpp
[4.115s] -- Installing: /home/xs/UAV/ROS2/install/nmea_msgs/include/nmea_msgs/msg/detail/gps_fix__traits.hpp
[4.115s] -- Installing: /home/xs/UAV/ROS2/install/nmea_msgs/include/nmea_msgs/msg/detail/gps_fix__builder.hpp
[4.115s] -- Installing: /home/xs/UAV/ROS2/install/nmea_msgs/include/nmea_msgs/msg/detail/defects__builder.hpp
[4.115s] -- Installing: /home/xs/UAV/ROS2/install/nmea_msgs/include/nmea_msgs/msg/gps_fix.hpp
[4.115s] -- Up-to-date: /home/xs/UAV/ROS2/install/nmea_msgs/include/nmea_msgs
[4.115s] -- Up-to-date: /home/xs/UAV/ROS2/install/nmea_msgs/include/nmea_msgs/msg
[4.115s] -- Up-to-date: /home/xs/UAV/ROS2/install/nmea_msgs/include/nmea_msgs/msg/detail
[4.115s] -- Installing: /home/xs/UAV/ROS2/install/nmea_msgs/include/nmea_msgs/msg/detail/gps_fix__type_support.cpp
[4.115s] -- Installing: /home/xs/UAV/ROS2/install/nmea_msgs/include/nmea_msgs/msg/detail/pixel_point__type_support.cpp
[4.115s] -- Installing: /home/xs/UAV/ROS2/install/nmea_msgs/include/nmea_msgs/msg/detail/pixel_point__rosidl_typesupport_introspection_cpp.hpp
[4.115s] -- Installing: /home/xs/UAV/ROS2/install/nmea_msgs/include/nmea_msgs/msg/detail/defect_box__type_support.cpp
[4.115s] -- Installing: /home/xs/UAV/ROS2/install/nmea_msgs/include/nmea_msgs/msg/detail/gps_fix__rosidl_typesupport_introspection_cpp.hpp
[4.115s] -- Installing: /home/xs/UAV/ROS2/install/nmea_msgs/include/nmea_msgs/msg/detail/defect_box__rosidl_typesupport_introspection_cpp.hpp
[4.115s] -- Installing: /home/xs/UAV/ROS2/install/nmea_msgs/include/nmea_msgs/msg/detail/defects__type_support.cpp
[4.115s] -- Installing: /home/xs/UAV/ROS2/install/nmea_msgs/include/nmea_msgs/msg/detail/defects__rosidl_typesupport_introspection_cpp.hpp
[4.115s] -- Installing: /home/xs/UAV/ROS2/install/nmea_msgs/lib/libnmea_msgs__rosidl_typesupport_introspection_cpp.so
[4.116s] -- Set runtime path of "/home/xs/UAV/ROS2/install/nmea_msgs/lib/libnmea_msgs__rosidl_typesupport_introspection_cpp.so" to ""
[4.116s] -- Installing: /home/xs/UAV/ROS2/install/nmea_msgs/lib/libnmea_msgs__rosidl_typesupport_cpp.so
[4.116s] -- Set runtime path of "/home/xs/UAV/ROS2/install/nmea_msgs/lib/libnmea_msgs__rosidl_typesupport_cpp.so" to ""
[4.116s] -- Installing: /home/xs/UAV/ROS2/install/nmea_msgs/share/nmea_msgs/environment/pythonpath.sh
[4.116s] -- Installing: /home/xs/UAV/ROS2/install/nmea_msgs/share/nmea_msgs/environment/pythonpath.dsv
[4.116s] -- Installing: /home/xs/UAV/ROS2/install/nmea_msgs/lib/python3.8/site-packages/nmea_msgs/__init__.py
[4.137s] Compiling '/home/xs/UAV/ROS2/install/nmea_msgs/lib/python3.8/site-packages/nmea_msgs/__init__.py'...
[4.140s] -- Installing: /home/xs/UAV/ROS2/install/nmea_msgs/lib/python3.8/site-packages/nmea_msgs/msg
[4.141s] -- Installing: /home/xs/UAV/ROS2/install/nmea_msgs/lib/python3.8/site-packages/nmea_msgs/msg/_gps_fix.py
[4.141s] -- Installing: /home/xs/UAV/ROS2/install/nmea_msgs/lib/python3.8/site-packages/nmea_msgs/msg/_defect_box_s.c
[4.141s] -- Installing: /home/xs/UAV/ROS2/install/nmea_msgs/lib/python3.8/site-packages/nmea_msgs/msg/_pixel_point_s.c
[4.141s] -- Installing: /home/xs/UAV/ROS2/install/nmea_msgs/lib/python3.8/site-packages/nmea_msgs/msg/__init__.py
[4.141s] -- Installing: /home/xs/UAV/ROS2/install/nmea_msgs/lib/python3.8/site-packages/nmea_msgs/msg/_defects_s.c
[4.141s] -- Installing: /home/xs/UAV/ROS2/install/nmea_msgs/lib/python3.8/site-packages/nmea_msgs/msg/_defect_box.py
[4.141s] -- Installing: /home/xs/UAV/ROS2/install/nmea_msgs/lib/python3.8/site-packages/nmea_msgs/msg/_defects.py
[4.141s] -- Installing: /home/xs/UAV/ROS2/install/nmea_msgs/lib/python3.8/site-packages/nmea_msgs/msg/_pixel_point.py
[4.141s] -- Installing: /home/xs/UAV/ROS2/install/nmea_msgs/lib/python3.8/site-packages/nmea_msgs/msg/_gps_fix_s.c
[4.141s] -- Installing: /home/xs/UAV/ROS2/install/nmea_msgs/lib/python3.8/site-packages/nmea_msgs/nmea_msgs_s__rosidl_typesupport_fastrtps_c.cpython-38-x86_64-linux-gnu.so
[4.141s] -- Set runtime path of "/home/xs/UAV/ROS2/install/nmea_msgs/lib/python3.8/site-packages/nmea_msgs/nmea_msgs_s__rosidl_typesupport_fastrtps_c.cpython-38-x86_64-linux-gnu.so" to ""
[4.141s] -- Installing: /home/xs/UAV/ROS2/install/nmea_msgs/lib/python3.8/site-packages/nmea_msgs/nmea_msgs_s__rosidl_typesupport_introspection_c.cpython-38-x86_64-linux-gnu.so
[4.142s] -- Set runtime path of "/home/xs/UAV/ROS2/install/nmea_msgs/lib/python3.8/site-packages/nmea_msgs/nmea_msgs_s__rosidl_typesupport_introspection_c.cpython-38-x86_64-linux-gnu.so" to ""
[4.142s] -- Installing: /home/xs/UAV/ROS2/install/nmea_msgs/lib/python3.8/site-packages/nmea_msgs/nmea_msgs_s__rosidl_typesupport_c.cpython-38-x86_64-linux-gnu.so
[4.142s] -- Set runtime path of "/home/xs/UAV/ROS2/install/nmea_msgs/lib/python3.8/site-packages/nmea_msgs/nmea_msgs_s__rosidl_typesupport_c.cpython-38-x86_64-linux-gnu.so" to ""
[4.142s] -- Installing: /home/xs/UAV/ROS2/install/nmea_msgs/lib/libnmea_msgs__python.so
[4.142s] -- Set runtime path of "/home/xs/UAV/ROS2/install/nmea_msgs/lib/libnmea_msgs__python.so" to ""
[4.142s] -- Installing: /home/xs/UAV/ROS2/install/nmea_msgs/share/nmea_msgs/msg/GpsFix.idl
[4.142s] -- Installing: /home/xs/UAV/ROS2/install/nmea_msgs/share/nmea_msgs/msg/PixelPoint.idl
[4.142s] -- Installing: /home/xs/UAV/ROS2/install/nmea_msgs/share/nmea_msgs/msg/DefectBox.idl
[4.143s] -- Installing: /home/xs/UAV/ROS2/install/nmea_msgs/share/nmea_msgs/msg/Defects.idl
[4.143s] -- Installing: /home/xs/UAV/ROS2/install/nmea_msgs/share/nmea_msgs/msg/GpsFix.msg
[4.143s] -- Installing: /home/xs/UAV/ROS2/install/nmea_msgs/share/nmea_msgs/msg/PixelPoint.msg
[4.143s] -- Installing: /home/xs/UAV/ROS2/install/nmea_msgs/share/nmea_msgs/msg/DefectBox.msg
[4.143s] -- Installing: /home/xs/UAV/ROS2/install/nmea_msgs/share/nmea_msgs/msg/Defects.msg
[4.143s] -- Installing: /home/xs/UAV/ROS2/install/nmea_msgs/share/ament_index/resource_index/package_run_dependencies/nmea_msgs
[4.143s] -- Installing: /home/xs/UAV/ROS2/install/nmea_msgs/share/ament_index/resource_index/parent_prefix_path/nmea_msgs
[4.143s] -- Installing: /home/xs/UAV/ROS2/install/nmea_msgs/share/nmea_msgs/environment/ament_prefix_path.sh
[4.143s] -- Installing: /home/xs/UAV/ROS2/install/nmea_msgs/share/nmea_msgs/environment/ament_prefix_path.dsv
[4.143s] -- Installing: /home/xs/UAV/ROS2/install/nmea_msgs/share/nmea_msgs/environment/path.sh
[4.143s] -- Installing: /home/xs/UAV/ROS2/install/nmea_msgs/share/nmea_msgs/environment/path.dsv
[4.143s] -- Installing: /home/xs/UAV/ROS2/install/nmea_msgs/share/nmea_msgs/local_setup.bash
[4.143s] -- Installing: /home/xs/UAV/ROS2/install/nmea_msgs/share/nmea_msgs/local_setup.sh
[4.143s] -- Installing: /home/xs/UAV/ROS2/install/nmea_msgs/share/nmea_msgs/local_setup.zsh
[4.143s] -- Installing: /home/xs/UAV/ROS2/install/nmea_msgs/share/nmea_msgs/local_setup.dsv
[4.144s] -- Installing: /home/xs/UAV/ROS2/install/nmea_msgs/share/nmea_msgs/package.dsv
[4.144s] -- Installing: /home/xs/UAV/ROS2/install/nmea_msgs/share/ament_index/resource_index/packages/nmea_msgs
[4.144s] -- Installing: /home/xs/UAV/ROS2/install/nmea_msgs/share/nmea_msgs/cmake/nmea_msgs__rosidl_generator_cExport.cmake
[4.144s] -- Installing: /home/xs/UAV/ROS2/install/nmea_msgs/share/nmea_msgs/cmake/nmea_msgs__rosidl_generator_cExport-noconfig.cmake
[4.144s] -- Installing: /home/xs/UAV/ROS2/install/nmea_msgs/share/nmea_msgs/cmake/nmea_msgs__rosidl_typesupport_introspection_cExport.cmake
[4.144s] -- Installing: /home/xs/UAV/ROS2/install/nmea_msgs/share/nmea_msgs/cmake/nmea_msgs__rosidl_typesupport_introspection_cExport-noconfig.cmake
[4.144s] -- Installing: /home/xs/UAV/ROS2/install/nmea_msgs/share/nmea_msgs/cmake/nmea_msgs__rosidl_typesupport_cExport.cmake
[4.144s] -- Installing: /home/xs/UAV/ROS2/install/nmea_msgs/share/nmea_msgs/cmake/nmea_msgs__rosidl_typesupport_cExport-noconfig.cmake
[4.144s] -- Installing: /home/xs/UAV/ROS2/install/nmea_msgs/share/nmea_msgs/cmake/nmea_msgs__rosidl_generator_cppExport.cmake
[4.144s] -- Installing: /home/xs/UAV/ROS2/install/nmea_msgs/share/nmea_msgs/cmake/nmea_msgs__rosidl_typesupport_introspection_cppExport.cmake
[4.145s] -- Installing: /home/xs/UAV/ROS2/install/nmea_msgs/share/nmea_msgs/cmake/nmea_msgs__rosidl_typesupport_introspection_cppExport-noconfig.cmake
[4.145s] -- Installing: /home/xs/UAV/ROS2/install/nmea_msgs/share/nmea_msgs/cmake/nmea_msgs__rosidl_typesupport_cppExport.cmake
[4.145s] -- Installing: /home/xs/UAV/ROS2/install/nmea_msgs/share/nmea_msgs/cmake/nmea_msgs__rosidl_typesupport_cppExport-noconfig.cmake
[4.145s] -- Installing: /home/xs/UAV/ROS2/install/nmea_msgs/share/nmea_msgs/cmake/rosidl_cmake-extras.cmake
[4.145s] -- Installing: /home/xs/UAV/ROS2/install/nmea_msgs/share/nmea_msgs/cmake/ament_cmake_export_dependencies-extras.cmake
[4.145s] -- Installing: /home/xs/UAV/ROS2/install/nmea_msgs/share/nmea_msgs/cmake/ament_cmake_export_libraries-extras.cmake
[4.145s] -- Installing: /home/xs/UAV/ROS2/install/nmea_msgs/share/nmea_msgs/cmake/ament_cmake_export_targets-extras.cmake
[4.145s] -- Installing: /home/xs/UAV/ROS2/install/nmea_msgs/share/nmea_msgs/cmake/ament_cmake_export_include_directories-extras.cmake
[4.145s] -- Installing: /home/xs/UAV/ROS2/install/nmea_msgs/share/nmea_msgs/cmake/rosidl_cmake_export_typesupport_libraries-extras.cmake
[4.145s] -- Installing: /home/xs/UAV/ROS2/install/nmea_msgs/share/nmea_msgs/cmake/rosidl_cmake_export_typesupport_targets-extras.cmake
[4.145s] -- Installing: /home/xs/UAV/ROS2/install/nmea_msgs/share/nmea_msgs/cmake/nmea_msgsConfig.cmake
[4.145s] -- Installing: /home/xs/UAV/ROS2/install/nmea_msgs/share/nmea_msgs/cmake/nmea_msgsConfig-version.cmake
[4.145s] -- Installing: /home/xs/UAV/ROS2/install/nmea_msgs/share/nmea_msgs/package.xml
[4.147s] Invoked command in '/home/xs/UAV/ROS2/build/nmea_msgs' returned '0': CMAKE_PREFIX_PATH=${CMAKE_PREFIX_PATH}:/home/xs/UAV/ROS2/install/tf_converter:/home/xs/UAV/ROS2/install/object_detector:/home/xs/UAV/ROS2/install/gps_handler:/home/xs/UAV/ROS2/install/ctrl_relayer:/opt/ros/galactic /usr/bin/cmake --install /home/xs/UAV/ROS2/build/nmea_msgs
