[0.077s] Invoking command in '/home/ccl/UAV/ROS2/build/nmea_msgs': CMAKE_PREFIX_PATH=${CMAKE_PREFIX_PATH}:/home/ccl/UAV/ROS2/install/tf_converter:/home/ccl/UAV/ROS2/install/object_detector:/home/ccl/UAV/ROS2/install/gps_handler:/home/ccl/UAV/ROS2/install/ctrl_relayer:/home/ccl/UAV/ROS2/install/cmd_handler:/opt/ros/galactic /usr/bin/cmake --build /home/ccl/UAV/ROS2/build/nmea_msgs -- -j8 -l8
[0.639s] [  1%] Built target nmea_msgs__cpp
[0.640s] [ 12%] Built target nmea_msgs__rosidl_generator_c
[0.640s] [ 24%] Built target nmea_msgs__rosidl_typesupport_cpp
[0.640s] [ 35%] Built target nmea_msgs__rosidl_typesupport_introspection_cpp
[0.640s] [ 46%] Built target nmea_msgs__rosidl_typesupport_c
[0.640s] [ 58%] Built target nmea_msgs__rosidl_typesupport_introspection_c
[0.640s] [ 69%] Built target nmea_msgs__rosidl_typesupport_fastrtps_cpp
[0.640s] [ 81%] Built target nmea_msgs__rosidl_typesupport_fastrtps_c
[0.640s] [ 81%] Built target nmea_msgs
[0.640s] [ 82%] Built target nmea_msgs__py
[0.641s] [ 92%] Built target nmea_msgs__python
[0.641s] [ 94%] Built target nmea_msgs__rosidl_typesupport_introspection_c__pyext
[0.641s] [ 97%] Built target nmea_msgs__rosidl_typesupport_fastrtps_c__pyext
[0.641s] [100%] Built target nmea_msgs__rosidl_typesupport_c__pyext
[0.901s] Invoked command in '/home/ccl/UAV/ROS2/build/nmea_msgs' returned '0': CMAKE_PREFIX_PATH=${CMAKE_PREFIX_PATH}:/home/ccl/UAV/ROS2/install/tf_converter:/home/ccl/UAV/ROS2/install/object_detector:/home/ccl/UAV/ROS2/install/gps_handler:/home/ccl/UAV/ROS2/install/ctrl_relayer:/home/ccl/UAV/ROS2/install/cmd_handler:/opt/ros/galactic /usr/bin/cmake --build /home/ccl/UAV/ROS2/build/nmea_msgs -- -j8 -l8
[1.463s] Invoking command in '/home/ccl/UAV/ROS2/build/nmea_msgs': CMAKE_PREFIX_PATH=${CMAKE_PREFIX_PATH}:/home/ccl/UAV/ROS2/install/tf_converter:/home/ccl/UAV/ROS2/install/object_detector:/home/ccl/UAV/ROS2/install/gps_handler:/home/ccl/UAV/ROS2/install/ctrl_relayer:/home/ccl/UAV/ROS2/install/cmd_handler:/opt/ros/galactic /usr/bin/cmake --install /home/ccl/UAV/ROS2/build/nmea_msgs
[1.477s] -- Install configuration: ""
[1.478s] -- Up-to-date: /home/ccl/UAV/ROS2/install/nmea_msgs/share/ament_index/resource_index/rosidl_interfaces/nmea_msgs
[1.478s] -- Up-to-date: /home/ccl/UAV/ROS2/install/nmea_msgs/include/nmea_msgs
[1.478s] -- Up-to-date: /home/ccl/UAV/ROS2/install/nmea_msgs/include/nmea_msgs/msg
[1.478s] -- Up-to-date: /home/ccl/UAV/ROS2/install/nmea_msgs/include/nmea_msgs/msg/gpgst.h
[1.478s] -- Up-to-date: /home/ccl/UAV/ROS2/install/nmea_msgs/include/nmea_msgs/msg/gpgsv_satellite.h
[1.478s] -- Up-to-date: /home/ccl/UAV/ROS2/install/nmea_msgs/include/nmea_msgs/msg/sentence.h
[1.479s] -- Up-to-date: /home/ccl/UAV/ROS2/install/nmea_msgs/include/nmea_msgs/msg/detail
[1.480s] -- Up-to-date: /home/ccl/UAV/ROS2/install/nmea_msgs/include/nmea_msgs/msg/detail/gpgsa__functions.h
[1.480s] -- Up-to-date: /home/ccl/UAV/ROS2/install/nmea_msgs/include/nmea_msgs/msg/detail/gpgsa__struct.h
[1.480s] -- Up-to-date: /home/ccl/UAV/ROS2/install/nmea_msgs/include/nmea_msgs/msg/detail/sentence__functions.h
[1.480s] -- Up-to-date: /home/ccl/UAV/ROS2/install/nmea_msgs/include/nmea_msgs/msg/detail/sentence__functions.c
[1.480s] -- Up-to-date: /home/ccl/UAV/ROS2/install/nmea_msgs/include/nmea_msgs/msg/detail/gpgsv_satellite__functions.h
[1.480s] -- Up-to-date: /home/ccl/UAV/ROS2/install/nmea_msgs/include/nmea_msgs/msg/detail/gpgsv__functions.h
[1.481s] -- Up-to-date: /home/ccl/UAV/ROS2/install/nmea_msgs/include/nmea_msgs/msg/detail/gprmc__type_support.h
[1.481s] -- Up-to-date: /home/ccl/UAV/ROS2/install/nmea_msgs/include/nmea_msgs/msg/detail/gpgga__functions.h
[1.481s] -- Up-to-date: /home/ccl/UAV/ROS2/install/nmea_msgs/include/nmea_msgs/msg/detail/gpgsv__struct.h
[1.481s] -- Up-to-date: /home/ccl/UAV/ROS2/install/nmea_msgs/include/nmea_msgs/msg/detail/gpgsv__type_support.h
[1.481s] -- Up-to-date: /home/ccl/UAV/ROS2/install/nmea_msgs/include/nmea_msgs/msg/detail/gpgga__struct.h
[1.481s] -- Up-to-date: /home/ccl/UAV/ROS2/install/nmea_msgs/include/nmea_msgs/msg/detail/gprmc__struct.h
[1.483s] -- Up-to-date: /home/ccl/UAV/ROS2/install/nmea_msgs/include/nmea_msgs/msg/detail/gprmc__functions.c
[1.483s] -- Up-to-date: /home/ccl/UAV/ROS2/install/nmea_msgs/include/nmea_msgs/msg/detail/gpgsv_satellite__struct.h
[1.483s] -- Up-to-date: /home/ccl/UAV/ROS2/install/nmea_msgs/include/nmea_msgs/msg/detail/gpgst__functions.h
[1.484s] -- Up-to-date: /home/ccl/UAV/ROS2/install/nmea_msgs/include/nmea_msgs/msg/detail/gprmc__functions.h
[1.484s] -- Up-to-date: /home/ccl/UAV/ROS2/install/nmea_msgs/include/nmea_msgs/msg/detail/gpgga__type_support.h
[1.485s] -- Up-to-date: /home/ccl/UAV/ROS2/install/nmea_msgs/include/nmea_msgs/msg/detail/gpgsv__functions.c
[1.485s] -- Up-to-date: /home/ccl/UAV/ROS2/install/nmea_msgs/include/nmea_msgs/msg/detail/gpgst__type_support.h
[1.486s] -- Up-to-date: /home/ccl/UAV/ROS2/install/nmea_msgs/include/nmea_msgs/msg/detail/sentence__struct.h
[1.486s] -- Up-to-date: /home/ccl/UAV/ROS2/install/nmea_msgs/include/nmea_msgs/msg/detail/gpgst__functions.c
[1.486s] -- Up-to-date: /home/ccl/UAV/ROS2/install/nmea_msgs/include/nmea_msgs/msg/detail/gpgsa__functions.c
[1.486s] -- Up-to-date: /home/ccl/UAV/ROS2/install/nmea_msgs/include/nmea_msgs/msg/detail/gpgsa__type_support.h
[1.487s] -- Up-to-date: /home/ccl/UAV/ROS2/install/nmea_msgs/include/nmea_msgs/msg/detail/sentence__type_support.h
[1.487s] -- Up-to-date: /home/ccl/UAV/ROS2/install/nmea_msgs/include/nmea_msgs/msg/detail/gpgsv_satellite__functions.c
[1.488s] -- Up-to-date: /home/ccl/UAV/ROS2/install/nmea_msgs/include/nmea_msgs/msg/detail/gpgsv_satellite__type_support.h
[1.488s] -- Up-to-date: /home/ccl/UAV/ROS2/install/nmea_msgs/include/nmea_msgs/msg/detail/gpgga__functions.c
[1.488s] -- Up-to-date: /home/ccl/UAV/ROS2/install/nmea_msgs/include/nmea_msgs/msg/detail/gpgst__struct.h
[1.489s] -- Up-to-date: /home/ccl/UAV/ROS2/install/nmea_msgs/include/nmea_msgs/msg/gpgsv.h
[1.489s] -- Up-to-date: /home/ccl/UAV/ROS2/install/nmea_msgs/include/nmea_msgs/msg/gpgsa.h
[1.489s] -- Up-to-date: /home/ccl/UAV/ROS2/install/nmea_msgs/include/nmea_msgs/msg/rosidl_generator_c__visibility_control.h
[1.489s] -- Up-to-date: /home/ccl/UAV/ROS2/install/nmea_msgs/include/nmea_msgs/msg/gprmc.h
[1.489s] -- Up-to-date: /home/ccl/UAV/ROS2/install/nmea_msgs/include/nmea_msgs/msg/gpgga.h
[1.489s] -- Up-to-date: /home/ccl/UAV/ROS2/install/nmea_msgs/share/nmea_msgs/environment/library_path.sh
[1.490s] -- Up-to-date: /home/ccl/UAV/ROS2/install/nmea_msgs/share/nmea_msgs/environment/library_path.dsv
[1.490s] -- Up-to-date: /home/ccl/UAV/ROS2/install/nmea_msgs/lib/libnmea_msgs__rosidl_generator_c.so
[1.491s] -- Up-to-date: /home/ccl/UAV/ROS2/install/nmea_msgs/include/nmea_msgs
[1.491s] -- Up-to-date: /home/ccl/UAV/ROS2/install/nmea_msgs/include/nmea_msgs/msg
[1.491s] -- Up-to-date: /home/ccl/UAV/ROS2/install/nmea_msgs/include/nmea_msgs/msg/rosidl_typesupport_fastrtps_c__visibility_control.h
[1.491s] -- Up-to-date: /home/ccl/UAV/ROS2/install/nmea_msgs/include/nmea_msgs/msg/detail
[1.491s] -- Up-to-date: /home/ccl/UAV/ROS2/install/nmea_msgs/include/nmea_msgs/msg/detail/gpgsa__rosidl_typesupport_fastrtps_c.h
[1.491s] -- Up-to-date: /home/ccl/UAV/ROS2/install/nmea_msgs/include/nmea_msgs/msg/detail/gprmc__rosidl_typesupport_fastrtps_c.h
[1.491s] -- Up-to-date: /home/ccl/UAV/ROS2/install/nmea_msgs/include/nmea_msgs/msg/detail/gpgst__rosidl_typesupport_fastrtps_c.h
[1.491s] -- Up-to-date: /home/ccl/UAV/ROS2/install/nmea_msgs/include/nmea_msgs/msg/detail/gpgga__rosidl_typesupport_fastrtps_c.h
[1.491s] -- Up-to-date: /home/ccl/UAV/ROS2/install/nmea_msgs/include/nmea_msgs/msg/detail/gpgsv_satellite__rosidl_typesupport_fastrtps_c.h
[1.492s] -- Up-to-date: /home/ccl/UAV/ROS2/install/nmea_msgs/include/nmea_msgs/msg/detail/sentence__rosidl_typesupport_fastrtps_c.h
[1.492s] -- Up-to-date: /home/ccl/UAV/ROS2/install/nmea_msgs/include/nmea_msgs/msg/detail/gpgsv__rosidl_typesupport_fastrtps_c.h
[1.492s] -- Up-to-date: /home/ccl/UAV/ROS2/install/nmea_msgs/lib/libnmea_msgs__rosidl_typesupport_fastrtps_c.so
[1.492s] -- Up-to-date: /home/ccl/UAV/ROS2/install/nmea_msgs/include/nmea_msgs
[1.492s] -- Up-to-date: /home/ccl/UAV/ROS2/install/nmea_msgs/include/nmea_msgs/msg
[1.492s] -- Up-to-date: /home/ccl/UAV/ROS2/install/nmea_msgs/include/nmea_msgs/msg/detail
[1.492s] -- Up-to-date: /home/ccl/UAV/ROS2/install/nmea_msgs/include/nmea_msgs/msg/detail/gpgsv__rosidl_typesupport_fastrtps_cpp.hpp
[1.493s] -- Up-to-date: /home/ccl/UAV/ROS2/install/nmea_msgs/include/nmea_msgs/msg/detail/gprmc__rosidl_typesupport_fastrtps_cpp.hpp
[1.493s] -- Up-to-date: /home/ccl/UAV/ROS2/install/nmea_msgs/include/nmea_msgs/msg/detail/gpgst__rosidl_typesupport_fastrtps_cpp.hpp
[1.493s] -- Up-to-date: /home/ccl/UAV/ROS2/install/nmea_msgs/include/nmea_msgs/msg/detail/dds_fastrtps
[1.494s] -- Up-to-date: /home/ccl/UAV/ROS2/install/nmea_msgs/include/nmea_msgs/msg/detail/gpgga__rosidl_typesupport_fastrtps_cpp.hpp
[1.494s] -- Up-to-date: /home/ccl/UAV/ROS2/install/nmea_msgs/include/nmea_msgs/msg/detail/sentence__rosidl_typesupport_fastrtps_cpp.hpp
[1.494s] -- Up-to-date: /home/ccl/UAV/ROS2/install/nmea_msgs/include/nmea_msgs/msg/detail/gpgsa__rosidl_typesupport_fastrtps_cpp.hpp
[1.495s] -- Up-to-date: /home/ccl/UAV/ROS2/install/nmea_msgs/include/nmea_msgs/msg/detail/gpgsv_satellite__rosidl_typesupport_fastrtps_cpp.hpp
[1.495s] -- Up-to-date: /home/ccl/UAV/ROS2/install/nmea_msgs/include/nmea_msgs/msg/rosidl_typesupport_fastrtps_cpp__visibility_control.h
[1.497s] -- Up-to-date: /home/ccl/UAV/ROS2/install/nmea_msgs/lib/libnmea_msgs__rosidl_typesupport_fastrtps_cpp.so
[1.500s] -- Up-to-date: /home/ccl/UAV/ROS2/install/nmea_msgs/include/nmea_msgs
[1.500s] -- Up-to-date: /home/ccl/UAV/ROS2/install/nmea_msgs/include/nmea_msgs/msg
[1.500s] -- Up-to-date: /home/ccl/UAV/ROS2/install/nmea_msgs/include/nmea_msgs/msg/rosidl_typesupport_introspection_c__visibility_control.h
[1.500s] -- Up-to-date: /home/ccl/UAV/ROS2/install/nmea_msgs/include/nmea_msgs/msg/detail
[1.501s] -- Up-to-date: /home/ccl/UAV/ROS2/install/nmea_msgs/include/nmea_msgs/msg/detail/sentence__type_support.c
[1.501s] -- Up-to-date: /home/ccl/UAV/ROS2/install/nmea_msgs/include/nmea_msgs/msg/detail/sentence__rosidl_typesupport_introspection_c.h
[1.501s] -- Up-to-date: /home/ccl/UAV/ROS2/install/nmea_msgs/include/nmea_msgs/msg/detail/gpgsv__rosidl_typesupport_introspection_c.h
[1.502s] -- Up-to-date: /home/ccl/UAV/ROS2/install/nmea_msgs/include/nmea_msgs/msg/detail/gpgst__rosidl_typesupport_introspection_c.h
[1.502s] -- Up-to-date: /home/ccl/UAV/ROS2/install/nmea_msgs/include/nmea_msgs/msg/detail/gpgst__type_support.c
[1.502s] -- Up-to-date: /home/ccl/UAV/ROS2/install/nmea_msgs/include/nmea_msgs/msg/detail/gpgga__rosidl_typesupport_introspection_c.h
[1.503s] -- Up-to-date: /home/ccl/UAV/ROS2/install/nmea_msgs/include/nmea_msgs/msg/detail/gprmc__rosidl_typesupport_introspection_c.h
[1.503s] -- Up-to-date: /home/ccl/UAV/ROS2/install/nmea_msgs/include/nmea_msgs/msg/detail/gpgsa__rosidl_typesupport_introspection_c.h
[1.503s] -- Up-to-date: /home/ccl/UAV/ROS2/install/nmea_msgs/include/nmea_msgs/msg/detail/gpgsa__type_support.c
[1.504s] -- Up-to-date: /home/ccl/UAV/ROS2/install/nmea_msgs/include/nmea_msgs/msg/detail/gpgsv_satellite__type_support.c
[1.504s] -- Up-to-date: /home/ccl/UAV/ROS2/install/nmea_msgs/include/nmea_msgs/msg/detail/gprmc__type_support.c
[1.504s] -- Up-to-date: /home/ccl/UAV/ROS2/install/nmea_msgs/include/nmea_msgs/msg/detail/gpgsv_satellite__rosidl_typesupport_introspection_c.h
[1.504s] -- Up-to-date: /home/ccl/UAV/ROS2/install/nmea_msgs/include/nmea_msgs/msg/detail/gpgga__type_support.c
[1.505s] -- Up-to-date: /home/ccl/UAV/ROS2/install/nmea_msgs/include/nmea_msgs/msg/detail/gpgsv__type_support.c
[1.506s] -- Up-to-date: /home/ccl/UAV/ROS2/install/nmea_msgs/lib/libnmea_msgs__rosidl_typesupport_introspection_c.so
[1.508s] -- Up-to-date: /home/ccl/UAV/ROS2/install/nmea_msgs/lib/libnmea_msgs__rosidl_typesupport_c.so
[1.509s] -- Up-to-date: /home/ccl/UAV/ROS2/install/nmea_msgs/include/nmea_msgs
[1.509s] -- Up-to-date: /home/ccl/UAV/ROS2/install/nmea_msgs/include/nmea_msgs/msg
[1.510s] -- Up-to-date: /home/ccl/UAV/ROS2/install/nmea_msgs/include/nmea_msgs/msg/sentence.hpp
[1.512s] -- Up-to-date: /home/ccl/UAV/ROS2/install/nmea_msgs/include/nmea_msgs/msg/gpgsv_satellite.hpp
[1.513s] -- Up-to-date: /home/ccl/UAV/ROS2/install/nmea_msgs/include/nmea_msgs/msg/gpgsa.hpp
[1.513s] -- Up-to-date: /home/ccl/UAV/ROS2/install/nmea_msgs/include/nmea_msgs/msg/gprmc.hpp
[1.513s] -- Up-to-date: /home/ccl/UAV/ROS2/install/nmea_msgs/include/nmea_msgs/msg/detail
[1.513s] -- Up-to-date: /home/ccl/UAV/ROS2/install/nmea_msgs/include/nmea_msgs/msg/detail/sentence__traits.hpp
[1.513s] -- Up-to-date: /home/ccl/UAV/ROS2/install/nmea_msgs/include/nmea_msgs/msg/detail/gpgsv__traits.hpp
[1.513s] -- Up-to-date: /home/ccl/UAV/ROS2/install/nmea_msgs/include/nmea_msgs/msg/detail/gprmc__builder.hpp
[1.514s] -- Up-to-date: /home/ccl/UAV/ROS2/install/nmea_msgs/include/nmea_msgs/msg/detail/sentence__struct.hpp
[1.514s] -- Up-to-date: /home/ccl/UAV/ROS2/install/nmea_msgs/include/nmea_msgs/msg/detail/gpgga__traits.hpp
[1.514s] -- Up-to-date: /home/ccl/UAV/ROS2/install/nmea_msgs/include/nmea_msgs/msg/detail/gprmc__struct.hpp
[1.515s] -- Up-to-date: /home/ccl/UAV/ROS2/install/nmea_msgs/include/nmea_msgs/msg/detail/gpgsa__traits.hpp
[1.515s] -- Up-to-date: /home/ccl/UAV/ROS2/install/nmea_msgs/include/nmea_msgs/msg/detail/gprmc__traits.hpp
[1.515s] -- Up-to-date: /home/ccl/UAV/ROS2/install/nmea_msgs/include/nmea_msgs/msg/detail/gpgst__traits.hpp
[1.515s] -- Up-to-date: /home/ccl/UAV/ROS2/install/nmea_msgs/include/nmea_msgs/msg/detail/gpgsv_satellite__struct.hpp
[1.516s] -- Up-to-date: /home/ccl/UAV/ROS2/install/nmea_msgs/include/nmea_msgs/msg/detail/gpgsv_satellite__traits.hpp
[1.516s] -- Up-to-date: /home/ccl/UAV/ROS2/install/nmea_msgs/include/nmea_msgs/msg/detail/gpgsv__struct.hpp
[1.516s] -- Up-to-date: /home/ccl/UAV/ROS2/install/nmea_msgs/include/nmea_msgs/msg/detail/sentence__builder.hpp
[1.516s] -- Up-to-date: /home/ccl/UAV/ROS2/install/nmea_msgs/include/nmea_msgs/msg/detail/gpgst__builder.hpp
[1.518s] -- Up-to-date: /home/ccl/UAV/ROS2/install/nmea_msgs/include/nmea_msgs/msg/detail/gpgsv__builder.hpp
[1.518s] -- Up-to-date: /home/ccl/UAV/ROS2/install/nmea_msgs/include/nmea_msgs/msg/detail/gpgsa__struct.hpp
[1.518s] -- Up-to-date: /home/ccl/UAV/ROS2/install/nmea_msgs/include/nmea_msgs/msg/detail/gpgga__struct.hpp
[1.521s] -- Up-to-date: /home/ccl/UAV/ROS2/install/nmea_msgs/include/nmea_msgs/msg/detail/gpgsa__builder.hpp
[1.522s] -- Up-to-date: /home/ccl/UAV/ROS2/install/nmea_msgs/include/nmea_msgs/msg/detail/gpgst__struct.hpp
[1.522s] -- Up-to-date: /home/ccl/UAV/ROS2/install/nmea_msgs/include/nmea_msgs/msg/detail/gpgsv_satellite__builder.hpp
[1.522s] -- Up-to-date: /home/ccl/UAV/ROS2/install/nmea_msgs/include/nmea_msgs/msg/detail/gpgga__builder.hpp
[1.522s] -- Up-to-date: /home/ccl/UAV/ROS2/install/nmea_msgs/include/nmea_msgs/msg/gpgsv.hpp
[1.522s] -- Up-to-date: /home/ccl/UAV/ROS2/install/nmea_msgs/include/nmea_msgs/msg/gpgga.hpp
[1.522s] -- Up-to-date: /home/ccl/UAV/ROS2/install/nmea_msgs/include/nmea_msgs/msg/gpgst.hpp
[1.522s] -- Up-to-date: /home/ccl/UAV/ROS2/install/nmea_msgs/include/nmea_msgs
[1.522s] -- Up-to-date: /home/ccl/UAV/ROS2/install/nmea_msgs/include/nmea_msgs/msg
[1.523s] -- Up-to-date: /home/ccl/UAV/ROS2/install/nmea_msgs/include/nmea_msgs/msg/detail
[1.523s] -- Up-to-date: /home/ccl/UAV/ROS2/install/nmea_msgs/include/nmea_msgs/msg/detail/gpgst__type_support.cpp
[1.523s] -- Up-to-date: /home/ccl/UAV/ROS2/install/nmea_msgs/include/nmea_msgs/msg/detail/gpgst__rosidl_typesupport_introspection_cpp.hpp
[1.523s] -- Up-to-date: /home/ccl/UAV/ROS2/install/nmea_msgs/include/nmea_msgs/msg/detail/gprmc__type_support.cpp
[1.523s] -- Up-to-date: /home/ccl/UAV/ROS2/install/nmea_msgs/include/nmea_msgs/msg/detail/gpgsv__type_support.cpp
[1.523s] -- Up-to-date: /home/ccl/UAV/ROS2/install/nmea_msgs/include/nmea_msgs/msg/detail/gpgsa__rosidl_typesupport_introspection_cpp.hpp
[1.523s] -- Up-to-date: /home/ccl/UAV/ROS2/install/nmea_msgs/include/nmea_msgs/msg/detail/sentence__type_support.cpp
[1.523s] -- Up-to-date: /home/ccl/UAV/ROS2/install/nmea_msgs/include/nmea_msgs/msg/detail/gpgsv_satellite__rosidl_typesupport_introspection_cpp.hpp
[1.524s] -- Up-to-date: /home/ccl/UAV/ROS2/install/nmea_msgs/include/nmea_msgs/msg/detail/sentence__rosidl_typesupport_introspection_cpp.hpp
[1.524s] -- Up-to-date: /home/ccl/UAV/ROS2/install/nmea_msgs/include/nmea_msgs/msg/detail/gpgga__type_support.cpp
[1.524s] -- Up-to-date: /home/ccl/UAV/ROS2/install/nmea_msgs/include/nmea_msgs/msg/detail/gpgga__rosidl_typesupport_introspection_cpp.hpp
[1.524s] -- Up-to-date: /home/ccl/UAV/ROS2/install/nmea_msgs/include/nmea_msgs/msg/detail/gprmc__rosidl_typesupport_introspection_cpp.hpp
[1.524s] -- Up-to-date: /home/ccl/UAV/ROS2/install/nmea_msgs/include/nmea_msgs/msg/detail/gpgsv_satellite__type_support.cpp
[1.524s] -- Up-to-date: /home/ccl/UAV/ROS2/install/nmea_msgs/include/nmea_msgs/msg/detail/gpgsv__rosidl_typesupport_introspection_cpp.hpp
[1.524s] -- Up-to-date: /home/ccl/UAV/ROS2/install/nmea_msgs/include/nmea_msgs/msg/detail/gpgsa__type_support.cpp
[1.524s] -- Up-to-date: /home/ccl/UAV/ROS2/install/nmea_msgs/lib/libnmea_msgs__rosidl_typesupport_introspection_cpp.so
[1.524s] -- Up-to-date: /home/ccl/UAV/ROS2/install/nmea_msgs/lib/libnmea_msgs__rosidl_typesupport_cpp.so
[1.525s] -- Up-to-date: /home/ccl/UAV/ROS2/install/nmea_msgs/share/nmea_msgs/environment/pythonpath.sh
[1.525s] -- Up-to-date: /home/ccl/UAV/ROS2/install/nmea_msgs/share/nmea_msgs/environment/pythonpath.dsv
[1.525s] -- Up-to-date: /home/ccl/UAV/ROS2/install/nmea_msgs/lib/python3.8/site-packages/nmea_msgs/__init__.py
[1.621s] -- Up-to-date: /home/ccl/UAV/ROS2/install/nmea_msgs/lib/python3.8/site-packages/nmea_msgs/msg
[1.622s] -- Up-to-date: /home/ccl/UAV/ROS2/install/nmea_msgs/lib/python3.8/site-packages/nmea_msgs/msg/_gpgsv_satellite_s.c
[1.622s] -- Up-to-date: /home/ccl/UAV/ROS2/install/nmea_msgs/lib/python3.8/site-packages/nmea_msgs/msg/_gpgst.py
[1.622s] -- Up-to-date: /home/ccl/UAV/ROS2/install/nmea_msgs/lib/python3.8/site-packages/nmea_msgs/msg/_gpgsv.py
[1.623s] -- Up-to-date: /home/ccl/UAV/ROS2/install/nmea_msgs/lib/python3.8/site-packages/nmea_msgs/msg/__init__.py
[1.623s] -- Up-to-date: /home/ccl/UAV/ROS2/install/nmea_msgs/lib/python3.8/site-packages/nmea_msgs/msg/_gpgga_s.c
[1.623s] -- Up-to-date: /home/ccl/UAV/ROS2/install/nmea_msgs/lib/python3.8/site-packages/nmea_msgs/msg/_gpgsv_satellite.py
[1.623s] -- Up-to-date: /home/ccl/UAV/ROS2/install/nmea_msgs/lib/python3.8/site-packages/nmea_msgs/msg/_gpgsv_s.c
[1.623s] -- Up-to-date: /home/ccl/UAV/ROS2/install/nmea_msgs/lib/python3.8/site-packages/nmea_msgs/msg/_sentence_s.c
[1.623s] -- Up-to-date: /home/ccl/UAV/ROS2/install/nmea_msgs/lib/python3.8/site-packages/nmea_msgs/msg/_sentence.py
[1.623s] -- Up-to-date: /home/ccl/UAV/ROS2/install/nmea_msgs/lib/python3.8/site-packages/nmea_msgs/msg/_gprmc.py
[1.623s] -- Up-to-date: /home/ccl/UAV/ROS2/install/nmea_msgs/lib/python3.8/site-packages/nmea_msgs/msg/_gpgsa.py
[1.624s] -- Up-to-date: /home/ccl/UAV/ROS2/install/nmea_msgs/lib/python3.8/site-packages/nmea_msgs/msg/_gprmc_s.c
[1.624s] -- Up-to-date: /home/ccl/UAV/ROS2/install/nmea_msgs/lib/python3.8/site-packages/nmea_msgs/msg/_gpgsa_s.c
[1.625s] -- Up-to-date: /home/ccl/UAV/ROS2/install/nmea_msgs/lib/python3.8/site-packages/nmea_msgs/msg/_gpgst_s.c
[1.625s] -- Up-to-date: /home/ccl/UAV/ROS2/install/nmea_msgs/lib/python3.8/site-packages/nmea_msgs/msg/_gpgga.py
[1.625s] -- Up-to-date: /home/ccl/UAV/ROS2/install/nmea_msgs/lib/python3.8/site-packages/nmea_msgs/nmea_msgs_s__rosidl_typesupport_fastrtps_c.cpython-38-x86_64-linux-gnu.so
[1.626s] -- Up-to-date: /home/ccl/UAV/ROS2/install/nmea_msgs/lib/python3.8/site-packages/nmea_msgs/nmea_msgs_s__rosidl_typesupport_introspection_c.cpython-38-x86_64-linux-gnu.so
[1.626s] -- Up-to-date: /home/ccl/UAV/ROS2/install/nmea_msgs/lib/python3.8/site-packages/nmea_msgs/nmea_msgs_s__rosidl_typesupport_c.cpython-38-x86_64-linux-gnu.so
[1.627s] -- Up-to-date: /home/ccl/UAV/ROS2/install/nmea_msgs/lib/libnmea_msgs__python.so
[1.630s] -- Up-to-date: /home/ccl/UAV/ROS2/install/nmea_msgs/share/nmea_msgs/msg/Sentence.idl
[1.632s] -- Up-to-date: /home/ccl/UAV/ROS2/install/nmea_msgs/share/nmea_msgs/msg/Gpgga.idl
[1.635s] -- Up-to-date: /home/ccl/UAV/ROS2/install/nmea_msgs/share/nmea_msgs/msg/Gpgsa.idl
[1.635s] -- Up-to-date: /home/ccl/UAV/ROS2/install/nmea_msgs/share/nmea_msgs/msg/Gpgst.idl
[1.636s] -- Up-to-date: /home/ccl/UAV/ROS2/install/nmea_msgs/share/nmea_msgs/msg/Gpgsv.idl
[1.636s] -- Up-to-date: /home/ccl/UAV/ROS2/install/nmea_msgs/share/nmea_msgs/msg/GpgsvSatellite.idl
[1.636s] -- Up-to-date: /home/ccl/UAV/ROS2/install/nmea_msgs/share/nmea_msgs/msg/Gprmc.idl
[1.637s] -- Up-to-date: /home/ccl/UAV/ROS2/install/nmea_msgs/share/nmea_msgs/msg/Sentence.msg
[1.638s] -- Up-to-date: /home/ccl/UAV/ROS2/install/nmea_msgs/share/nmea_msgs/msg/Gpgga.msg
[1.638s] -- Up-to-date: /home/ccl/UAV/ROS2/install/nmea_msgs/share/nmea_msgs/msg/Gpgsa.msg
[1.639s] -- Up-to-date: /home/ccl/UAV/ROS2/install/nmea_msgs/share/nmea_msgs/msg/Gpgst.msg
[1.639s] -- Up-to-date: /home/ccl/UAV/ROS2/install/nmea_msgs/share/nmea_msgs/msg/Gpgsv.msg
[1.639s] -- Up-to-date: /home/ccl/UAV/ROS2/install/nmea_msgs/share/nmea_msgs/msg/GpgsvSatellite.msg
[1.641s] -- Up-to-date: /home/ccl/UAV/ROS2/install/nmea_msgs/share/nmea_msgs/msg/Gprmc.msg
[1.641s] -- Up-to-date: /home/ccl/UAV/ROS2/install/nmea_msgs/share/ament_index/resource_index/package_run_dependencies/nmea_msgs
[1.641s] -- Up-to-date: /home/ccl/UAV/ROS2/install/nmea_msgs/share/ament_index/resource_index/parent_prefix_path/nmea_msgs
[1.642s] -- Up-to-date: /home/ccl/UAV/ROS2/install/nmea_msgs/share/nmea_msgs/environment/ament_prefix_path.sh
[1.642s] -- Up-to-date: /home/ccl/UAV/ROS2/install/nmea_msgs/share/nmea_msgs/environment/ament_prefix_path.dsv
[1.643s] -- Up-to-date: /home/ccl/UAV/ROS2/install/nmea_msgs/share/nmea_msgs/environment/path.sh
[1.643s] -- Up-to-date: /home/ccl/UAV/ROS2/install/nmea_msgs/share/nmea_msgs/environment/path.dsv
[1.644s] -- Up-to-date: /home/ccl/UAV/ROS2/install/nmea_msgs/share/nmea_msgs/local_setup.bash
[1.646s] -- Up-to-date: /home/ccl/UAV/ROS2/install/nmea_msgs/share/nmea_msgs/local_setup.sh
[1.647s] -- Up-to-date: /home/ccl/UAV/ROS2/install/nmea_msgs/share/nmea_msgs/local_setup.zsh
[1.647s] -- Up-to-date: /home/ccl/UAV/ROS2/install/nmea_msgs/share/nmea_msgs/local_setup.dsv
[1.647s] -- Installing: /home/ccl/UAV/ROS2/install/nmea_msgs/share/nmea_msgs/package.dsv
[1.648s] -- Up-to-date: /home/ccl/UAV/ROS2/install/nmea_msgs/share/ament_index/resource_index/packages/nmea_msgs
[1.648s] -- Up-to-date: /home/ccl/UAV/ROS2/install/nmea_msgs/share/nmea_msgs/cmake/nmea_msgs__rosidl_generator_cExport.cmake
[1.648s] -- Up-to-date: /home/ccl/UAV/ROS2/install/nmea_msgs/share/nmea_msgs/cmake/nmea_msgs__rosidl_generator_cExport-noconfig.cmake
[1.649s] -- Up-to-date: /home/ccl/UAV/ROS2/install/nmea_msgs/share/nmea_msgs/cmake/nmea_msgs__rosidl_typesupport_introspection_cExport.cmake
[1.649s] -- Up-to-date: /home/ccl/UAV/ROS2/install/nmea_msgs/share/nmea_msgs/cmake/nmea_msgs__rosidl_typesupport_introspection_cExport-noconfig.cmake
[1.649s] -- Up-to-date: /home/ccl/UAV/ROS2/install/nmea_msgs/share/nmea_msgs/cmake/nmea_msgs__rosidl_typesupport_cExport.cmake
[1.652s] -- Up-to-date: /home/ccl/UAV/ROS2/install/nmea_msgs/share/nmea_msgs/cmake/nmea_msgs__rosidl_typesupport_cExport-noconfig.cmake
[1.652s] -- Up-to-date: /home/ccl/UAV/ROS2/install/nmea_msgs/share/nmea_msgs/cmake/nmea_msgs__rosidl_generator_cppExport.cmake
[1.653s] -- Up-to-date: /home/ccl/UAV/ROS2/install/nmea_msgs/share/nmea_msgs/cmake/nmea_msgs__rosidl_typesupport_introspection_cppExport.cmake
[1.653s] -- Up-to-date: /home/ccl/UAV/ROS2/install/nmea_msgs/share/nmea_msgs/cmake/nmea_msgs__rosidl_typesupport_introspection_cppExport-noconfig.cmake
[1.653s] -- Up-to-date: /home/ccl/UAV/ROS2/install/nmea_msgs/share/nmea_msgs/cmake/nmea_msgs__rosidl_typesupport_cppExport.cmake
[1.654s] -- Up-to-date: /home/ccl/UAV/ROS2/install/nmea_msgs/share/nmea_msgs/cmake/nmea_msgs__rosidl_typesupport_cppExport-noconfig.cmake
[1.656s] -- Up-to-date: /home/ccl/UAV/ROS2/install/nmea_msgs/share/nmea_msgs/cmake/rosidl_cmake-extras.cmake
[1.658s] -- Up-to-date: /home/ccl/UAV/ROS2/install/nmea_msgs/share/nmea_msgs/cmake/ament_cmake_export_dependencies-extras.cmake
[1.658s] -- Up-to-date: /home/ccl/UAV/ROS2/install/nmea_msgs/share/nmea_msgs/cmake/ament_cmake_export_libraries-extras.cmake
[1.659s] -- Up-to-date: /home/ccl/UAV/ROS2/install/nmea_msgs/share/nmea_msgs/cmake/ament_cmake_export_targets-extras.cmake
[1.659s] -- Up-to-date: /home/ccl/UAV/ROS2/install/nmea_msgs/share/nmea_msgs/cmake/ament_cmake_export_include_directories-extras.cmake
[1.671s] -- Up-to-date: /home/ccl/UAV/ROS2/install/nmea_msgs/share/nmea_msgs/cmake/rosidl_cmake_export_typesupport_libraries-extras.cmake
[1.672s] -- Up-to-date: /home/ccl/UAV/ROS2/install/nmea_msgs/share/nmea_msgs/cmake/rosidl_cmake_export_typesupport_targets-extras.cmake
[1.673s] -- Up-to-date: /home/ccl/UAV/ROS2/install/nmea_msgs/share/nmea_msgs/cmake/nmea_msgsConfig.cmake
[1.673s] -- Up-to-date: /home/ccl/UAV/ROS2/install/nmea_msgs/share/nmea_msgs/cmake/nmea_msgsConfig-version.cmake
[1.674s] -- Up-to-date: /home/ccl/UAV/ROS2/install/nmea_msgs/share/nmea_msgs/package.xml
[1.674s] Invoked command in '/home/ccl/UAV/ROS2/build/nmea_msgs' returned '0': CMAKE_PREFIX_PATH=${CMAKE_PREFIX_PATH}:/home/ccl/UAV/ROS2/install/tf_converter:/home/ccl/UAV/ROS2/install/object_detector:/home/ccl/UAV/ROS2/install/gps_handler:/home/ccl/UAV/ROS2/install/ctrl_relayer:/home/ccl/UAV/ROS2/install/cmd_handler:/opt/ros/galactic /usr/bin/cmake --install /home/ccl/UAV/ROS2/build/nmea_msgs
