[0.509s] Invoking command in '/home/xs/UAV/ROS2/uav_patrol': PYTHONPATH=/home/xs/UAV/ROS2/build/uav_patrol/prefix_override:/home/xs/UAV/ROS2/install/uav_patrol/lib/python3.8/site-packages:/home/xs/UAV/ROS2/install/location_msgs/lib/python3.8/site-packages:/home/xs/UAV/ROS2/install/uav_patrol/lib/python3.8/site-packages:/opt/ros/galactic/lib/python3.8/site-packages /usr/bin/python3 -W ignore:setup.py install is deprecated setup.py egg_info --egg-base ../build/uav_patrol build --build-base /home/xs/UAV/ROS2/build/uav_patrol/build install --record /home/xs/UAV/ROS2/build/uav_patrol/install.log --single-version-externally-managed install_data
[0.671s] running egg_info
[0.671s] writing ../build/uav_patrol/uav_patrol.egg-info/PKG-INFO
[0.672s] writing dependency_links to ../build/uav_patrol/uav_patrol.egg-info/dependency_links.txt
[0.672s] writing entry points to ../build/uav_patrol/uav_patrol.egg-info/entry_points.txt
[0.672s] writing requirements to ../build/uav_patrol/uav_patrol.egg-info/requires.txt
[0.672s] writing top-level names to ../build/uav_patrol/uav_patrol.egg-info/top_level.txt
[0.698s] reading manifest file '../build/uav_patrol/uav_patrol.egg-info/SOURCES.txt'
[0.699s] writing manifest file '../build/uav_patrol/uav_patrol.egg-info/SOURCES.txt'
[0.699s] running build
[0.699s] running build_py
[0.699s] copying uav_patrol/ctrl_relayer/cmd_subscriber.py -> /home/xs/UAV/ROS2/build/uav_patrol/build/lib/uav_patrol/ctrl_relayer
[0.701s] running install
[0.701s] running install_lib
[0.703s] copying /home/xs/UAV/ROS2/build/uav_patrol/build/lib/uav_patrol/ctrl_relayer/cmd_subscriber.py -> /home/xs/UAV/ROS2/install/uav_patrol/lib/python3.8/site-packages/uav_patrol/ctrl_relayer
[0.703s] byte-compiling /home/xs/UAV/ROS2/install/uav_patrol/lib/python3.8/site-packages/uav_patrol/ctrl_relayer/cmd_subscriber.py to cmd_subscriber.cpython-38.pyc
[0.705s] running install_data
[0.705s] running install_egg_info
[0.707s] removing '/home/xs/UAV/ROS2/install/uav_patrol/lib/python3.8/site-packages/uav_patrol-0.0.0-py3.8.egg-info' (and everything under it)
[0.707s] Copying ../build/uav_patrol/uav_patrol.egg-info to /home/xs/UAV/ROS2/install/uav_patrol/lib/python3.8/site-packages/uav_patrol-0.0.0-py3.8.egg-info
[0.707s] running install_scripts
[0.721s] Installing cmd_subscriber script to /home/xs/UAV/ROS2/install/uav_patrol/lib/uav_patrol
[0.721s] Installing dft_publisher script to /home/xs/UAV/ROS2/install/uav_patrol/lib/uav_patrol
[0.721s] Installing gps_handler script to /home/xs/UAV/ROS2/install/uav_patrol/lib/uav_patrol
[0.721s] Installing gps_simulator script to /home/xs/UAV/ROS2/install/uav_patrol/lib/uav_patrol
[0.721s] Installing nmea_serial_driver script to /home/xs/UAV/ROS2/install/uav_patrol/lib/uav_patrol
[0.721s] Installing tf_converter script to /home/xs/UAV/ROS2/install/uav_patrol/lib/uav_patrol
[0.722s] Installing uav2cam_broadcaster script to /home/xs/UAV/ROS2/install/uav_patrol/lib/uav_patrol
[0.722s] writing list of installed files to '/home/xs/UAV/ROS2/build/uav_patrol/install.log'
[0.743s] Invoked command in '/home/xs/UAV/ROS2/uav_patrol' returned '0': PYTHONPATH=/home/xs/UAV/ROS2/build/uav_patrol/prefix_override:/home/xs/UAV/ROS2/install/uav_patrol/lib/python3.8/site-packages:/home/xs/UAV/ROS2/install/location_msgs/lib/python3.8/site-packages:/home/xs/UAV/ROS2/install/uav_patrol/lib/python3.8/site-packages:/opt/ros/galactic/lib/python3.8/site-packages /usr/bin/python3 -W ignore:setup.py install is deprecated setup.py egg_info --egg-base ../build/uav_patrol build --build-base /home/xs/UAV/ROS2/build/uav_patrol/build install --record /home/xs/UAV/ROS2/build/uav_patrol/install.log --single-version-externally-managed install_data
