[1.019s] Invoking command in '/home/xs/UAV/ROS2/object_detector': PYTHONPATH=/home/xs/UAV/ROS2/build/object_detector/prefix_override:/home/xs/UAV/ROS2/install/object_detector/lib/python3.8/site-packages:${PYTHONPATH} /usr/bin/python3 -W ignore:setup.py install is deprecated setup.py egg_info --egg-base ../build/object_detector build --build-base /home/xs/UAV/ROS2/build/object_detector/build install --record /home/xs/UAV/ROS2/build/object_detector/install.log --single-version-externally-managed install_data
[1.186s] running egg_info
[1.186s] writing ../build/object_detector/object_detector.egg-info/PKG-INFO
[1.187s] writing dependency_links to ../build/object_detector/object_detector.egg-info/dependency_links.txt
[1.187s] writing entry points to ../build/object_detector/object_detector.egg-info/entry_points.txt
[1.187s] writing requirements to ../build/object_detector/object_detector.egg-info/requires.txt
[1.187s] writing top-level names to ../build/object_detector/object_detector.egg-info/top_level.txt
[1.212s] reading manifest file '../build/object_detector/object_detector.egg-info/SOURCES.txt'
[1.213s] writing manifest file '../build/object_detector/object_detector.egg-info/SOURCES.txt'
[1.213s] running build
[1.213s] running build_py
[1.213s] copying object_detector/dft_publisher.py -> /home/xs/UAV/ROS2/build/object_detector/build/lib/object_detector
[1.213s] running install
[1.214s] running install_lib
[1.215s] copying /home/xs/UAV/ROS2/build/object_detector/build/lib/object_detector/dft_publisher.py -> /home/xs/UAV/ROS2/install/object_detector/lib/python3.8/site-packages/object_detector
[1.215s] byte-compiling /home/xs/UAV/ROS2/install/object_detector/lib/python3.8/site-packages/object_detector/dft_publisher.py to dft_publisher.cpython-38.pyc
[1.217s] running install_data
[1.217s] running install_egg_info
[1.218s] removing '/home/xs/UAV/ROS2/install/object_detector/lib/python3.8/site-packages/object_detector-0.0.0-py3.8.egg-info' (and everything under it)
[1.218s] Copying ../build/object_detector/object_detector.egg-info to /home/xs/UAV/ROS2/install/object_detector/lib/python3.8/site-packages/object_detector-0.0.0-py3.8.egg-info
[1.219s] running install_scripts
[1.233s] Installing dft_publisher script to /home/xs/UAV/ROS2/install/object_detector/lib/object_detector
[1.233s] writing list of installed files to '/home/xs/UAV/ROS2/build/object_detector/install.log'
[1.260s] Invoked command in '/home/xs/UAV/ROS2/object_detector' returned '0': PYTHONPATH=/home/xs/UAV/ROS2/build/object_detector/prefix_override:/home/xs/UAV/ROS2/install/object_detector/lib/python3.8/site-packages:${PYTHONPATH} /usr/bin/python3 -W ignore:setup.py install is deprecated setup.py egg_info --egg-base ../build/object_detector build --build-base /home/xs/UAV/ROS2/build/object_detector/build install --record /home/xs/UAV/ROS2/build/object_detector/install.log --single-version-externally-managed install_data
