[0.147s] DEBUG:colcon:Command line arguments: ['/usr/bin/colcon', 'build']
[0.147s] DEBUG:colcon:Parsed command line arguments: Namespace(allow_overriding=[], ament_cmake_args=None, base_paths=['.'], build_base='build', catkin_cmake_args=None, catkin_skip_building_tests=False, cmake_args=None, cmake_clean_cache=False, cmake_clean_first=False, cmake_force_configure=False, cmake_target=None, cmake_target_skip_unavailable=False, continue_on_error=False, event_handlers=None, executor='parallel', ignore_user_meta=False, install_base='install', log_base=None, log_level=None, main=<bound method BuildVerb.main of <colcon_core.verb.build.BuildVerb object at 0x7f2444346bb0>>, merge_install=False, metas=['./colcon.meta'], mixin=None, mixin_files=None, mixin_verb=('build',), packages_above=None, packages_above_and_dependencies=None, packages_above_depth=None, packages_end=None, packages_ignore=None, packages_ignore_regex=None, packages_select=None, packages_select_build_failed=False, packages_select_by_dep=None, packages_select_regex=None, packages_select_test_failures=False, packages_skip=None, packages_skip_build_finished=False, packages_skip_by_dep=None, packages_skip_regex=None, packages_skip_test_passed=False, packages_skip_up_to=None, packages_start=None, packages_up_to=None, packages_up_to_regex=None, parallel_workers=8, paths=None, symlink_install=False, test_result_base=None, verb_extension=<colcon_core.verb.build.BuildVerb object at 0x7f2444346bb0>, verb_name='build', verb_parser=<colcon_mixin.mixin.mixin_argument.MixinArgumentDecorator object at 0x7f24443527c0>)
[0.256s] Level 1:colcon.colcon_core.package_discovery:discover_packages(colcon_meta) check parameters
[0.256s] Level 1:colcon.colcon_core.package_discovery:discover_packages(recursive) check parameters
[0.256s] Level 1:colcon.colcon_core.package_discovery:discover_packages(ignore) check parameters
[0.256s] Level 1:colcon.colcon_core.package_discovery:discover_packages(path) check parameters
[0.256s] Level 1:colcon.colcon_core.package_discovery:discover_packages(colcon_meta) discover
[0.256s] Level 1:colcon.colcon_core.package_discovery:discover_packages(recursive) discover
[0.256s] INFO:colcon.colcon_core.package_discovery:Crawling recursively for packages in '/home/xs/UAV/ROS2'
[0.256s] Level 1:colcon.colcon_core.package_identification:_identify(.) by extensions ['ignore', 'ignore_ament_install']
[0.256s] Level 1:colcon.colcon_core.package_identification:_identify(.) by extension 'ignore'
[0.256s] Level 1:colcon.colcon_core.package_identification:_identify(.) by extension 'ignore_ament_install'
[0.256s] Level 1:colcon.colcon_core.package_identification:_identify(.) by extensions ['colcon_pkg']
[0.256s] Level 1:colcon.colcon_core.package_identification:_identify(.) by extension 'colcon_pkg'
[0.256s] Level 1:colcon.colcon_core.package_identification:_identify(.) by extensions ['colcon_meta']
[0.256s] Level 1:colcon.colcon_core.package_identification:_identify(.) by extension 'colcon_meta'
[0.256s] Level 1:colcon.colcon_core.package_identification:_identify(.) by extensions ['ros']
[0.256s] Level 1:colcon.colcon_core.package_identification:_identify(.) by extension 'ros'
[0.264s] Level 1:colcon.colcon_core.package_identification:_identify(.) by extensions ['cmake', 'python']
[0.264s] Level 1:colcon.colcon_core.package_identification:_identify(.) by extension 'cmake'
[0.264s] Level 1:colcon.colcon_core.package_identification:_identify(.) by extension 'python'
[0.264s] Level 1:colcon.colcon_core.package_identification:_identify(.) by extensions ['python_setup_py']
[0.264s] Level 1:colcon.colcon_core.package_identification:_identify(.) by extension 'python_setup_py'
[0.264s] Level 1:colcon.colcon_core.package_identification:_identify(build) by extensions ['ignore', 'ignore_ament_install']
[0.264s] Level 1:colcon.colcon_core.package_identification:_identify(build) by extension 'ignore'
[0.264s] Level 1:colcon.colcon_core.package_identification:_identify(build) ignored
[0.264s] Level 1:colcon.colcon_core.package_identification:_identify(ctrl_relayer) by extensions ['ignore', 'ignore_ament_install']
[0.264s] Level 1:colcon.colcon_core.package_identification:_identify(ctrl_relayer) by extension 'ignore'
[0.264s] Level 1:colcon.colcon_core.package_identification:_identify(ctrl_relayer) by extension 'ignore_ament_install'
[0.264s] Level 1:colcon.colcon_core.package_identification:_identify(ctrl_relayer) by extensions ['colcon_pkg']
[0.264s] Level 1:colcon.colcon_core.package_identification:_identify(ctrl_relayer) by extension 'colcon_pkg'
[0.264s] Level 1:colcon.colcon_core.package_identification:_identify(ctrl_relayer) by extensions ['colcon_meta']
[0.264s] Level 1:colcon.colcon_core.package_identification:_identify(ctrl_relayer) by extension 'colcon_meta'
[0.264s] Level 1:colcon.colcon_core.package_identification:_identify(ctrl_relayer) by extensions ['ros']
[0.264s] Level 1:colcon.colcon_core.package_identification:_identify(ctrl_relayer) by extension 'ros'
[0.266s] DEBUG:colcon.colcon_core.package_identification:Package 'ctrl_relayer' with type 'ros.ament_python' and name 'ctrl_relayer'
[0.266s] Level 1:colcon.colcon_core.package_identification:_identify(gps_handler) by extensions ['ignore', 'ignore_ament_install']
[0.266s] Level 1:colcon.colcon_core.package_identification:_identify(gps_handler) by extension 'ignore'
[0.266s] Level 1:colcon.colcon_core.package_identification:_identify(gps_handler) by extension 'ignore_ament_install'
[0.266s] Level 1:colcon.colcon_core.package_identification:_identify(gps_handler) by extensions ['colcon_pkg']
[0.266s] Level 1:colcon.colcon_core.package_identification:_identify(gps_handler) by extension 'colcon_pkg'
[0.266s] Level 1:colcon.colcon_core.package_identification:_identify(gps_handler) by extensions ['colcon_meta']
[0.266s] Level 1:colcon.colcon_core.package_identification:_identify(gps_handler) by extension 'colcon_meta'
[0.266s] Level 1:colcon.colcon_core.package_identification:_identify(gps_handler) by extensions ['ros']
[0.266s] Level 1:colcon.colcon_core.package_identification:_identify(gps_handler) by extension 'ros'
[0.267s] DEBUG:colcon.colcon_core.package_identification:Package 'gps_handler' with type 'ros.ament_python' and name 'gps_handler'
[0.267s] Level 1:colcon.colcon_core.package_identification:_identify(install) by extensions ['ignore', 'ignore_ament_install']
[0.267s] Level 1:colcon.colcon_core.package_identification:_identify(install) by extension 'ignore'
[0.267s] Level 1:colcon.colcon_core.package_identification:_identify(install) ignored
[0.267s] Level 1:colcon.colcon_core.package_identification:_identify(location_msgs) by extensions ['ignore', 'ignore_ament_install']
[0.267s] Level 1:colcon.colcon_core.package_identification:_identify(location_msgs) by extension 'ignore'
[0.267s] Level 1:colcon.colcon_core.package_identification:_identify(location_msgs) by extension 'ignore_ament_install'
[0.267s] Level 1:colcon.colcon_core.package_identification:_identify(location_msgs) by extensions ['colcon_pkg']
[0.267s] Level 1:colcon.colcon_core.package_identification:_identify(location_msgs) by extension 'colcon_pkg'
[0.267s] Level 1:colcon.colcon_core.package_identification:_identify(location_msgs) by extensions ['colcon_meta']
[0.267s] Level 1:colcon.colcon_core.package_identification:_identify(location_msgs) by extension 'colcon_meta'
[0.267s] Level 1:colcon.colcon_core.package_identification:_identify(location_msgs) by extensions ['ros']
[0.267s] Level 1:colcon.colcon_core.package_identification:_identify(location_msgs) by extension 'ros'
[0.268s] DEBUG:colcon.colcon_core.package_identification:Package 'location_msgs' with type 'ros.ament_cmake' and name 'nmea_msgs'
[0.268s] Level 1:colcon.colcon_core.package_identification:_identify(log) by extensions ['ignore', 'ignore_ament_install']
[0.268s] Level 1:colcon.colcon_core.package_identification:_identify(log) by extension 'ignore'
[0.268s] Level 1:colcon.colcon_core.package_identification:_identify(log) ignored
[0.268s] Level 1:colcon.colcon_core.package_identification:_identify(object_detector) by extensions ['ignore', 'ignore_ament_install']
[0.268s] Level 1:colcon.colcon_core.package_identification:_identify(object_detector) by extension 'ignore'
[0.268s] Level 1:colcon.colcon_core.package_identification:_identify(object_detector) by extension 'ignore_ament_install'
[0.268s] Level 1:colcon.colcon_core.package_identification:_identify(object_detector) by extensions ['colcon_pkg']
[0.268s] Level 1:colcon.colcon_core.package_identification:_identify(object_detector) by extension 'colcon_pkg'
[0.268s] Level 1:colcon.colcon_core.package_identification:_identify(object_detector) by extensions ['colcon_meta']
[0.268s] Level 1:colcon.colcon_core.package_identification:_identify(object_detector) by extension 'colcon_meta'
[0.269s] Level 1:colcon.colcon_core.package_identification:_identify(object_detector) by extensions ['ros']
[0.269s] Level 1:colcon.colcon_core.package_identification:_identify(object_detector) by extension 'ros'
[0.269s] DEBUG:colcon.colcon_core.package_identification:Package 'object_detector' with type 'ros.ament_python' and name 'object_detector'
[0.269s] Level 1:colcon.colcon_core.package_identification:_identify(tf_converter) by extensions ['ignore', 'ignore_ament_install']
[0.269s] Level 1:colcon.colcon_core.package_identification:_identify(tf_converter) by extension 'ignore'
[0.269s] Level 1:colcon.colcon_core.package_identification:_identify(tf_converter) by extension 'ignore_ament_install'
[0.269s] Level 1:colcon.colcon_core.package_identification:_identify(tf_converter) by extensions ['colcon_pkg']
[0.269s] Level 1:colcon.colcon_core.package_identification:_identify(tf_converter) by extension 'colcon_pkg'
[0.269s] Level 1:colcon.colcon_core.package_identification:_identify(tf_converter) by extensions ['colcon_meta']
[0.269s] Level 1:colcon.colcon_core.package_identification:_identify(tf_converter) by extension 'colcon_meta'
[0.269s] Level 1:colcon.colcon_core.package_identification:_identify(tf_converter) by extensions ['ros']
[0.269s] Level 1:colcon.colcon_core.package_identification:_identify(tf_converter) by extension 'ros'
[0.270s] DEBUG:colcon.colcon_core.package_identification:Package 'tf_converter' with type 'ros.ament_python' and name 'tf_converter'
[0.270s] Level 1:colcon.colcon_core.package_discovery:discover_packages(recursive) using defaults
[0.270s] Level 1:colcon.colcon_core.package_discovery:discover_packages(ignore) discover
[0.270s] Level 1:colcon.colcon_core.package_discovery:discover_packages(ignore) using defaults
[0.270s] Level 1:colcon.colcon_core.package_discovery:discover_packages(path) discover
[0.270s] Level 1:colcon.colcon_core.package_discovery:discover_packages(path) using defaults
[0.289s] Level 1:colcon.colcon_core.package_discovery:discover_packages(prefix_path) check parameters
[0.289s] Level 1:colcon.colcon_core.package_discovery:discover_packages(prefix_path) discover
[0.290s] WARNING:colcon.colcon_ros.prefix_path.ament:The path '/home/xs/UAV/ROS2/install/tf_converter' in the environment variable AMENT_PREFIX_PATH doesn't exist
[0.290s] WARNING:colcon.colcon_ros.prefix_path.ament:The path '/home/xs/UAV/ROS2/install/object_detector' in the environment variable AMENT_PREFIX_PATH doesn't exist
[0.290s] WARNING:colcon.colcon_ros.prefix_path.ament:The path '/home/xs/UAV/ROS2/install/gps_handler' in the environment variable AMENT_PREFIX_PATH doesn't exist
[0.290s] WARNING:colcon.colcon_ros.prefix_path.ament:The path '/home/xs/UAV/ROS2/install/nmea_msgs' in the environment variable AMENT_PREFIX_PATH doesn't exist
[0.290s] WARNING:colcon.colcon_ros.prefix_path.ament:The path '/home/xs/UAV/ROS2/install/ctrl_relayer' in the environment variable AMENT_PREFIX_PATH doesn't exist
[0.290s] WARNING:colcon.colcon_ros.prefix_path.catkin:The path '/home/xs/UAV/ROS2/install/nmea_msgs' in the environment variable CMAKE_PREFIX_PATH doesn't exist
[0.290s] DEBUG:colcon.colcon_installed_package_information.package_discovery:Found 0 installed packages in /home/xs/UAV/ROS2/install
[0.291s] DEBUG:colcon.colcon_installed_package_information.package_discovery:Found 270 installed packages in /opt/ros/galactic
[0.292s] Level 1:colcon.colcon_core.package_discovery:discover_packages(prefix_path) using defaults
[0.331s] Level 5:colcon.colcon_core.verb:set package 'ctrl_relayer' build argument 'cmake_args' from command line to 'None'
[0.331s] Level 5:colcon.colcon_core.verb:set package 'ctrl_relayer' build argument 'cmake_target' from command line to 'None'
[0.331s] Level 5:colcon.colcon_core.verb:set package 'ctrl_relayer' build argument 'cmake_target_skip_unavailable' from command line to 'False'
[0.331s] Level 5:colcon.colcon_core.verb:set package 'ctrl_relayer' build argument 'cmake_clean_cache' from command line to 'False'
[0.331s] Level 5:colcon.colcon_core.verb:set package 'ctrl_relayer' build argument 'cmake_clean_first' from command line to 'False'
[0.331s] Level 5:colcon.colcon_core.verb:set package 'ctrl_relayer' build argument 'cmake_force_configure' from command line to 'False'
[0.331s] Level 5:colcon.colcon_core.verb:set package 'ctrl_relayer' build argument 'ament_cmake_args' from command line to 'None'
[0.331s] Level 5:colcon.colcon_core.verb:set package 'ctrl_relayer' build argument 'catkin_cmake_args' from command line to 'None'
[0.331s] Level 5:colcon.colcon_core.verb:set package 'ctrl_relayer' build argument 'catkin_skip_building_tests' from command line to 'False'
[0.331s] DEBUG:colcon.colcon_core.verb:Building package 'ctrl_relayer' with the following arguments: {'ament_cmake_args': None, 'build_base': '/home/xs/UAV/ROS2/build/ctrl_relayer', 'catkin_cmake_args': None, 'catkin_skip_building_tests': False, 'cmake_args': None, 'cmake_clean_cache': False, 'cmake_clean_first': False, 'cmake_force_configure': False, 'cmake_target': None, 'cmake_target_skip_unavailable': False, 'install_base': '/home/xs/UAV/ROS2/install/ctrl_relayer', 'merge_install': False, 'path': '/home/xs/UAV/ROS2/ctrl_relayer', 'symlink_install': False, 'test_result_base': None}
[0.331s] Level 5:colcon.colcon_core.verb:set package 'gps_handler' build argument 'cmake_args' from command line to 'None'
[0.331s] Level 5:colcon.colcon_core.verb:set package 'gps_handler' build argument 'cmake_target' from command line to 'None'
[0.331s] Level 5:colcon.colcon_core.verb:set package 'gps_handler' build argument 'cmake_target_skip_unavailable' from command line to 'False'
[0.331s] Level 5:colcon.colcon_core.verb:set package 'gps_handler' build argument 'cmake_clean_cache' from command line to 'False'
[0.331s] Level 5:colcon.colcon_core.verb:set package 'gps_handler' build argument 'cmake_clean_first' from command line to 'False'
[0.331s] Level 5:colcon.colcon_core.verb:set package 'gps_handler' build argument 'cmake_force_configure' from command line to 'False'
[0.331s] Level 5:colcon.colcon_core.verb:set package 'gps_handler' build argument 'ament_cmake_args' from command line to 'None'
[0.331s] Level 5:colcon.colcon_core.verb:set package 'gps_handler' build argument 'catkin_cmake_args' from command line to 'None'
[0.331s] Level 5:colcon.colcon_core.verb:set package 'gps_handler' build argument 'catkin_skip_building_tests' from command line to 'False'
[0.331s] DEBUG:colcon.colcon_core.verb:Building package 'gps_handler' with the following arguments: {'ament_cmake_args': None, 'build_base': '/home/xs/UAV/ROS2/build/gps_handler', 'catkin_cmake_args': None, 'catkin_skip_building_tests': False, 'cmake_args': None, 'cmake_clean_cache': False, 'cmake_clean_first': False, 'cmake_force_configure': False, 'cmake_target': None, 'cmake_target_skip_unavailable': False, 'install_base': '/home/xs/UAV/ROS2/install/gps_handler', 'merge_install': False, 'path': '/home/xs/UAV/ROS2/gps_handler', 'symlink_install': False, 'test_result_base': None}
[0.331s] Level 5:colcon.colcon_core.verb:set package 'nmea_msgs' build argument 'cmake_args' from command line to 'None'
[0.331s] Level 5:colcon.colcon_core.verb:set package 'nmea_msgs' build argument 'cmake_target' from command line to 'None'
[0.331s] Level 5:colcon.colcon_core.verb:set package 'nmea_msgs' build argument 'cmake_target_skip_unavailable' from command line to 'False'
[0.331s] Level 5:colcon.colcon_core.verb:set package 'nmea_msgs' build argument 'cmake_clean_cache' from command line to 'False'
[0.332s] Level 5:colcon.colcon_core.verb:set package 'nmea_msgs' build argument 'cmake_clean_first' from command line to 'False'
[0.332s] Level 5:colcon.colcon_core.verb:set package 'nmea_msgs' build argument 'cmake_force_configure' from command line to 'False'
[0.332s] Level 5:colcon.colcon_core.verb:set package 'nmea_msgs' build argument 'ament_cmake_args' from command line to 'None'
[0.332s] Level 5:colcon.colcon_core.verb:set package 'nmea_msgs' build argument 'catkin_cmake_args' from command line to 'None'
[0.332s] Level 5:colcon.colcon_core.verb:set package 'nmea_msgs' build argument 'catkin_skip_building_tests' from command line to 'False'
[0.332s] DEBUG:colcon.colcon_core.verb:Building package 'nmea_msgs' with the following arguments: {'ament_cmake_args': None, 'build_base': '/home/xs/UAV/ROS2/build/nmea_msgs', 'catkin_cmake_args': None, 'catkin_skip_building_tests': False, 'cmake_args': None, 'cmake_clean_cache': False, 'cmake_clean_first': False, 'cmake_force_configure': False, 'cmake_target': None, 'cmake_target_skip_unavailable': False, 'install_base': '/home/xs/UAV/ROS2/install/nmea_msgs', 'merge_install': False, 'path': '/home/xs/UAV/ROS2/location_msgs', 'symlink_install': False, 'test_result_base': None}
[0.332s] Level 5:colcon.colcon_core.verb:set package 'tf_converter' build argument 'cmake_args' from command line to 'None'
[0.332s] Level 5:colcon.colcon_core.verb:set package 'tf_converter' build argument 'cmake_target' from command line to 'None'
[0.332s] Level 5:colcon.colcon_core.verb:set package 'tf_converter' build argument 'cmake_target_skip_unavailable' from command line to 'False'
[0.332s] Level 5:colcon.colcon_core.verb:set package 'tf_converter' build argument 'cmake_clean_cache' from command line to 'False'
[0.332s] Level 5:colcon.colcon_core.verb:set package 'tf_converter' build argument 'cmake_clean_first' from command line to 'False'
[0.332s] Level 5:colcon.colcon_core.verb:set package 'tf_converter' build argument 'cmake_force_configure' from command line to 'False'
[0.332s] Level 5:colcon.colcon_core.verb:set package 'tf_converter' build argument 'ament_cmake_args' from command line to 'None'
[0.332s] Level 5:colcon.colcon_core.verb:set package 'tf_converter' build argument 'catkin_cmake_args' from command line to 'None'
[0.332s] Level 5:colcon.colcon_core.verb:set package 'tf_converter' build argument 'catkin_skip_building_tests' from command line to 'False'
[0.332s] DEBUG:colcon.colcon_core.verb:Building package 'tf_converter' with the following arguments: {'ament_cmake_args': None, 'build_base': '/home/xs/UAV/ROS2/build/tf_converter', 'catkin_cmake_args': None, 'catkin_skip_building_tests': False, 'cmake_args': None, 'cmake_clean_cache': False, 'cmake_clean_first': False, 'cmake_force_configure': False, 'cmake_target': None, 'cmake_target_skip_unavailable': False, 'install_base': '/home/xs/UAV/ROS2/install/tf_converter', 'merge_install': False, 'path': '/home/xs/UAV/ROS2/tf_converter', 'symlink_install': False, 'test_result_base': None}
[0.332s] Level 5:colcon.colcon_core.verb:set package 'object_detector' build argument 'cmake_args' from command line to 'None'
[0.332s] Level 5:colcon.colcon_core.verb:set package 'object_detector' build argument 'cmake_target' from command line to 'None'
[0.332s] Level 5:colcon.colcon_core.verb:set package 'object_detector' build argument 'cmake_target_skip_unavailable' from command line to 'False'
[0.332s] Level 5:colcon.colcon_core.verb:set package 'object_detector' build argument 'cmake_clean_cache' from command line to 'False'
[0.332s] Level 5:colcon.colcon_core.verb:set package 'object_detector' build argument 'cmake_clean_first' from command line to 'False'
[0.332s] Level 5:colcon.colcon_core.verb:set package 'object_detector' build argument 'cmake_force_configure' from command line to 'False'
[0.332s] Level 5:colcon.colcon_core.verb:set package 'object_detector' build argument 'ament_cmake_args' from command line to 'None'
[0.332s] Level 5:colcon.colcon_core.verb:set package 'object_detector' build argument 'catkin_cmake_args' from command line to 'None'
[0.332s] Level 5:colcon.colcon_core.verb:set package 'object_detector' build argument 'catkin_skip_building_tests' from command line to 'False'
[0.332s] DEBUG:colcon.colcon_core.verb:Building package 'object_detector' with the following arguments: {'ament_cmake_args': None, 'build_base': '/home/xs/UAV/ROS2/build/object_detector', 'catkin_cmake_args': None, 'catkin_skip_building_tests': False, 'cmake_args': None, 'cmake_clean_cache': False, 'cmake_clean_first': False, 'cmake_force_configure': False, 'cmake_target': None, 'cmake_target_skip_unavailable': False, 'install_base': '/home/xs/UAV/ROS2/install/object_detector', 'merge_install': False, 'path': '/home/xs/UAV/ROS2/object_detector', 'symlink_install': False, 'test_result_base': None}
[0.332s] INFO:colcon.colcon_core.executor:Executing jobs using 'parallel' executor
[0.333s] DEBUG:colcon.colcon_parallel_executor.executor.parallel:run_until_complete
[0.333s] INFO:colcon.colcon_ros.task.ament_cmake.build:Building ROS package in '/home/xs/UAV/ROS2/location_msgs' with build type 'ament_cmake'
[0.333s] INFO:colcon.colcon_cmake.task.cmake.build:Building CMake package in '/home/xs/UAV/ROS2/location_msgs'
[0.335s] INFO:colcon.colcon_core.plugin_system:Skipping extension 'colcon_core.shell.bat': Not used on non-Windows systems
[0.335s] INFO:colcon.colcon_core.shell:Skip shell extension 'powershell' for command environment: Not usable outside of PowerShell
[0.335s] DEBUG:colcon.colcon_core.shell:Skip shell extension 'dsv' for command environment
[0.338s] INFO:colcon.colcon_ros.task.ament_python.build:Building ROS package in '/home/xs/UAV/ROS2/ctrl_relayer' with build type 'ament_python'
[0.338s] Level 1:colcon.colcon_core.shell:create_environment_hook('ctrl_relayer', 'ament_prefix_path')
[0.338s] INFO:colcon.colcon_core.shell:Creating environment hook '/home/xs/UAV/ROS2/install/ctrl_relayer/share/ctrl_relayer/hook/ament_prefix_path.ps1'
[0.339s] INFO:colcon.colcon_core.shell:Creating environment descriptor '/home/xs/UAV/ROS2/install/ctrl_relayer/share/ctrl_relayer/hook/ament_prefix_path.dsv'
[0.339s] INFO:colcon.colcon_core.shell:Creating environment hook '/home/xs/UAV/ROS2/install/ctrl_relayer/share/ctrl_relayer/hook/ament_prefix_path.sh'
[0.340s] INFO:colcon.colcon_core.shell:Skip shell extension 'powershell' for command environment: Not usable outside of PowerShell
[0.340s] DEBUG:colcon.colcon_core.shell:Skip shell extension 'dsv' for command environment
[0.343s] INFO:colcon.colcon_ros.task.ament_python.build:Building ROS package in '/home/xs/UAV/ROS2/gps_handler' with build type 'ament_python'
[0.343s] Level 1:colcon.colcon_core.shell:create_environment_hook('gps_handler', 'ament_prefix_path')
[0.343s] INFO:colcon.colcon_core.shell:Creating environment hook '/home/xs/UAV/ROS2/install/gps_handler/share/gps_handler/hook/ament_prefix_path.ps1'
[0.344s] INFO:colcon.colcon_core.shell:Creating environment descriptor '/home/xs/UAV/ROS2/install/gps_handler/share/gps_handler/hook/ament_prefix_path.dsv'
[0.344s] INFO:colcon.colcon_core.shell:Creating environment hook '/home/xs/UAV/ROS2/install/gps_handler/share/gps_handler/hook/ament_prefix_path.sh'
[0.344s] INFO:colcon.colcon_core.shell:Skip shell extension 'powershell' for command environment: Not usable outside of PowerShell
[0.344s] DEBUG:colcon.colcon_core.shell:Skip shell extension 'dsv' for command environment
[0.347s] INFO:colcon.colcon_ros.task.ament_python.build:Building ROS package in '/home/xs/UAV/ROS2/tf_converter' with build type 'ament_python'
[0.347s] Level 1:colcon.colcon_core.shell:create_environment_hook('tf_converter', 'ament_prefix_path')
[0.347s] INFO:colcon.colcon_core.shell:Creating environment hook '/home/xs/UAV/ROS2/install/tf_converter/share/tf_converter/hook/ament_prefix_path.ps1'
[0.348s] INFO:colcon.colcon_core.shell:Creating environment descriptor '/home/xs/UAV/ROS2/install/tf_converter/share/tf_converter/hook/ament_prefix_path.dsv'
[0.348s] INFO:colcon.colcon_core.shell:Creating environment hook '/home/xs/UAV/ROS2/install/tf_converter/share/tf_converter/hook/ament_prefix_path.sh'
[0.348s] INFO:colcon.colcon_core.shell:Skip shell extension 'powershell' for command environment: Not usable outside of PowerShell
[0.348s] DEBUG:colcon.colcon_core.shell:Skip shell extension 'dsv' for command environment
[0.355s] DEBUG:colcon.colcon_core.event_handler.log_command:Invoking command in '/home/xs/UAV/ROS2/build/nmea_msgs': CMAKE_PREFIX_PATH=${CMAKE_PREFIX_PATH}:/home/xs/UAV/ROS2/install/tf_converter:/home/xs/UAV/ROS2/install/object_detector:/home/xs/UAV/ROS2/install/gps_handler:/home/xs/UAV/ROS2/install/ctrl_relayer:/opt/ros/galactic /usr/bin/cmake /home/xs/UAV/ROS2/location_msgs -DCMAKE_INSTALL_PREFIX=/home/xs/UAV/ROS2/install/nmea_msgs
[0.527s] INFO:colcon.colcon_core.task.python.build:Building Python package in '/home/xs/UAV/ROS2/ctrl_relayer'
[0.528s] INFO:colcon.colcon_core.shell:Skip shell extension 'powershell' for command environment: Not usable outside of PowerShell
[0.528s] DEBUG:colcon.colcon_core.shell:Skip shell extension 'dsv' for command environment
[0.720s] INFO:colcon.colcon_core.task.python.build:Building Python package in '/home/xs/UAV/ROS2/gps_handler'
[0.721s] INFO:colcon.colcon_core.shell:Skip shell extension 'powershell' for command environment: Not usable outside of PowerShell
[0.721s] DEBUG:colcon.colcon_core.shell:Skip shell extension 'dsv' for command environment
[0.887s] INFO:colcon.colcon_core.task.python.build:Building Python package in '/home/xs/UAV/ROS2/tf_converter'
[0.887s] INFO:colcon.colcon_core.shell:Skip shell extension 'powershell' for command environment: Not usable outside of PowerShell
[0.887s] DEBUG:colcon.colcon_core.shell:Skip shell extension 'dsv' for command environment
[1.231s] DEBUG:colcon.colcon_core.event_handler.log_command:Invoking command in '/home/xs/UAV/ROS2/ctrl_relayer': PYTHONPATH=/home/xs/UAV/ROS2/build/ctrl_relayer/prefix_override:/home/xs/UAV/ROS2/install/ctrl_relayer/lib/python3.8/site-packages:${PYTHONPATH} /usr/bin/python3 -W ignore:setup.py install is deprecated setup.py egg_info --egg-base ../build/ctrl_relayer build --build-base /home/xs/UAV/ROS2/build/ctrl_relayer/build install --record /home/xs/UAV/ROS2/build/ctrl_relayer/install.log --single-version-externally-managed install_data
[1.249s] DEBUG:colcon.colcon_core.event_handler.log_command:Invoking command in '/home/xs/UAV/ROS2/tf_converter': PYTHONPATH=/home/xs/UAV/ROS2/build/tf_converter/prefix_override:/home/xs/UAV/ROS2/install/tf_converter/lib/python3.8/site-packages:${PYTHONPATH} /usr/bin/python3 -W ignore:setup.py install is deprecated setup.py egg_info --egg-base ../build/tf_converter build --build-base /home/xs/UAV/ROS2/build/tf_converter/build install --record /home/xs/UAV/ROS2/build/tf_converter/install.log --single-version-externally-managed install_data
[1.253s] DEBUG:colcon.colcon_core.event_handler.log_command:Invoking command in '/home/xs/UAV/ROS2/gps_handler': PYTHONPATH=/home/xs/UAV/ROS2/build/gps_handler/prefix_override:/home/xs/UAV/ROS2/install/gps_handler/lib/python3.8/site-packages:${PYTHONPATH} /usr/bin/python3 -W ignore:setup.py install is deprecated setup.py egg_info --egg-base ../build/gps_handler build --build-base /home/xs/UAV/ROS2/build/gps_handler/build install --record /home/xs/UAV/ROS2/build/gps_handler/install.log --single-version-externally-managed install_data
[1.466s] DEBUG:colcon.colcon_core.event_handler.log_command:Invoked command in '/home/xs/UAV/ROS2/ctrl_relayer' returned '0': PYTHONPATH=/home/xs/UAV/ROS2/build/ctrl_relayer/prefix_override:/home/xs/UAV/ROS2/install/ctrl_relayer/lib/python3.8/site-packages:${PYTHONPATH} /usr/bin/python3 -W ignore:setup.py install is deprecated setup.py egg_info --egg-base ../build/ctrl_relayer build --build-base /home/xs/UAV/ROS2/build/ctrl_relayer/build install --record /home/xs/UAV/ROS2/build/ctrl_relayer/install.log --single-version-externally-managed install_data
[1.468s] Level 1:colcon.colcon_core.environment:checking '/home/xs/UAV/ROS2/install/ctrl_relayer' for CMake module files
[1.469s] Level 1:colcon.colcon_core.environment:checking '/home/xs/UAV/ROS2/install/ctrl_relayer' for CMake config files
[1.469s] Level 1:colcon.colcon_core.environment:checking '/home/xs/UAV/ROS2/install/ctrl_relayer/lib'
[1.470s] Level 1:colcon.colcon_core.environment:checking '/home/xs/UAV/ROS2/install/ctrl_relayer/bin'
[1.470s] Level 1:colcon.colcon_core.environment:checking '/home/xs/UAV/ROS2/install/ctrl_relayer/lib/pkgconfig/ctrl_relayer.pc'
[1.470s] Level 1:colcon.colcon_core.environment:checking '/home/xs/UAV/ROS2/install/ctrl_relayer/lib/python3.8/site-packages'
[1.470s] Level 1:colcon.colcon_core.shell:create_environment_hook('ctrl_relayer', 'pythonpath')
[1.470s] INFO:colcon.colcon_core.shell:Creating environment hook '/home/xs/UAV/ROS2/install/ctrl_relayer/share/ctrl_relayer/hook/pythonpath.ps1'
[1.471s] INFO:colcon.colcon_core.shell:Creating environment descriptor '/home/xs/UAV/ROS2/install/ctrl_relayer/share/ctrl_relayer/hook/pythonpath.dsv'
[1.471s] INFO:colcon.colcon_core.shell:Creating environment hook '/home/xs/UAV/ROS2/install/ctrl_relayer/share/ctrl_relayer/hook/pythonpath.sh'
[1.472s] Level 1:colcon.colcon_core.environment:checking '/home/xs/UAV/ROS2/install/ctrl_relayer/bin'
[1.472s] Level 1:colcon.colcon_core.environment:create_environment_scripts_only(ctrl_relayer)
[1.472s] INFO:colcon.colcon_core.shell:Creating package script '/home/xs/UAV/ROS2/install/ctrl_relayer/share/ctrl_relayer/package.ps1'
[1.473s] INFO:colcon.colcon_core.shell:Creating package descriptor '/home/xs/UAV/ROS2/install/ctrl_relayer/share/ctrl_relayer/package.dsv'
[1.474s] INFO:colcon.colcon_core.shell:Creating package script '/home/xs/UAV/ROS2/install/ctrl_relayer/share/ctrl_relayer/package.sh'
[1.475s] INFO:colcon.colcon_core.shell:Creating package script '/home/xs/UAV/ROS2/install/ctrl_relayer/share/ctrl_relayer/package.bash'
[1.475s] INFO:colcon.colcon_core.shell:Creating package script '/home/xs/UAV/ROS2/install/ctrl_relayer/share/ctrl_relayer/package.zsh'
[1.476s] Level 1:colcon.colcon_core.environment:create_file_with_runtime_dependencies(/home/xs/UAV/ROS2/install/ctrl_relayer/share/colcon-core/packages/ctrl_relayer)
[1.482s] Level 1:colcon.colcon_core.environment:checking '/home/xs/UAV/ROS2/install/tf_converter' for CMake module files
[1.482s] DEBUG:colcon.colcon_core.event_handler.log_command:Invoked command in '/home/xs/UAV/ROS2/tf_converter' returned '0': PYTHONPATH=/home/xs/UAV/ROS2/build/tf_converter/prefix_override:/home/xs/UAV/ROS2/install/tf_converter/lib/python3.8/site-packages:${PYTHONPATH} /usr/bin/python3 -W ignore:setup.py install is deprecated setup.py egg_info --egg-base ../build/tf_converter build --build-base /home/xs/UAV/ROS2/build/tf_converter/build install --record /home/xs/UAV/ROS2/build/tf_converter/install.log --single-version-externally-managed install_data
[1.482s] Level 1:colcon.colcon_core.environment:checking '/home/xs/UAV/ROS2/install/tf_converter' for CMake config files
[1.483s] Level 1:colcon.colcon_core.environment:checking '/home/xs/UAV/ROS2/install/tf_converter/lib'
[1.483s] Level 1:colcon.colcon_core.environment:checking '/home/xs/UAV/ROS2/install/tf_converter/bin'
[1.483s] Level 1:colcon.colcon_core.environment:checking '/home/xs/UAV/ROS2/install/tf_converter/lib/pkgconfig/tf_converter.pc'
[1.483s] Level 1:colcon.colcon_core.environment:checking '/home/xs/UAV/ROS2/install/tf_converter/lib/python3.8/site-packages'
[1.483s] Level 1:colcon.colcon_core.shell:create_environment_hook('tf_converter', 'pythonpath')
[1.483s] INFO:colcon.colcon_core.shell:Creating environment hook '/home/xs/UAV/ROS2/install/tf_converter/share/tf_converter/hook/pythonpath.ps1'
[1.484s] INFO:colcon.colcon_core.shell:Creating environment descriptor '/home/xs/UAV/ROS2/install/tf_converter/share/tf_converter/hook/pythonpath.dsv'
[1.484s] INFO:colcon.colcon_core.shell:Creating environment hook '/home/xs/UAV/ROS2/install/tf_converter/share/tf_converter/hook/pythonpath.sh'
[1.484s] Level 1:colcon.colcon_core.environment:checking '/home/xs/UAV/ROS2/install/tf_converter/bin'
[1.484s] Level 1:colcon.colcon_core.environment:create_environment_scripts_only(tf_converter)
[1.484s] INFO:colcon.colcon_core.shell:Creating package script '/home/xs/UAV/ROS2/install/tf_converter/share/tf_converter/package.ps1'
[1.485s] INFO:colcon.colcon_core.shell:Creating package descriptor '/home/xs/UAV/ROS2/install/tf_converter/share/tf_converter/package.dsv'
[1.485s] INFO:colcon.colcon_core.shell:Creating package script '/home/xs/UAV/ROS2/install/tf_converter/share/tf_converter/package.sh'
[1.485s] INFO:colcon.colcon_core.shell:Creating package script '/home/xs/UAV/ROS2/install/tf_converter/share/tf_converter/package.bash'
[1.485s] INFO:colcon.colcon_core.shell:Creating package script '/home/xs/UAV/ROS2/install/tf_converter/share/tf_converter/package.zsh'
[1.485s] Level 1:colcon.colcon_core.environment:create_file_with_runtime_dependencies(/home/xs/UAV/ROS2/install/tf_converter/share/colcon-core/packages/tf_converter)
[1.495s] Level 1:colcon.colcon_core.environment:checking '/home/xs/UAV/ROS2/install/gps_handler' for CMake module files
[1.495s] DEBUG:colcon.colcon_core.event_handler.log_command:Invoked command in '/home/xs/UAV/ROS2/gps_handler' returned '0': PYTHONPATH=/home/xs/UAV/ROS2/build/gps_handler/prefix_override:/home/xs/UAV/ROS2/install/gps_handler/lib/python3.8/site-packages:${PYTHONPATH} /usr/bin/python3 -W ignore:setup.py install is deprecated setup.py egg_info --egg-base ../build/gps_handler build --build-base /home/xs/UAV/ROS2/build/gps_handler/build install --record /home/xs/UAV/ROS2/build/gps_handler/install.log --single-version-externally-managed install_data
[1.495s] Level 1:colcon.colcon_core.environment:checking '/home/xs/UAV/ROS2/install/gps_handler' for CMake config files
[1.496s] Level 1:colcon.colcon_core.environment:checking '/home/xs/UAV/ROS2/install/gps_handler/lib'
[1.496s] Level 1:colcon.colcon_core.environment:checking '/home/xs/UAV/ROS2/install/gps_handler/bin'
[1.496s] Level 1:colcon.colcon_core.environment:checking '/home/xs/UAV/ROS2/install/gps_handler/lib/pkgconfig/gps_handler.pc'
[1.496s] Level 1:colcon.colcon_core.environment:checking '/home/xs/UAV/ROS2/install/gps_handler/lib/python3.8/site-packages'
[1.496s] Level 1:colcon.colcon_core.shell:create_environment_hook('gps_handler', 'pythonpath')
[1.496s] INFO:colcon.colcon_core.shell:Creating environment hook '/home/xs/UAV/ROS2/install/gps_handler/share/gps_handler/hook/pythonpath.ps1'
[1.496s] INFO:colcon.colcon_core.shell:Creating environment descriptor '/home/xs/UAV/ROS2/install/gps_handler/share/gps_handler/hook/pythonpath.dsv'
[1.497s] INFO:colcon.colcon_core.shell:Creating environment hook '/home/xs/UAV/ROS2/install/gps_handler/share/gps_handler/hook/pythonpath.sh'
[1.497s] Level 1:colcon.colcon_core.environment:checking '/home/xs/UAV/ROS2/install/gps_handler/bin'
[1.497s] Level 1:colcon.colcon_core.environment:create_environment_scripts_only(gps_handler)
[1.497s] INFO:colcon.colcon_core.shell:Creating package script '/home/xs/UAV/ROS2/install/gps_handler/share/gps_handler/package.ps1'
[1.497s] INFO:colcon.colcon_core.shell:Creating package descriptor '/home/xs/UAV/ROS2/install/gps_handler/share/gps_handler/package.dsv'
[1.498s] INFO:colcon.colcon_core.shell:Creating package script '/home/xs/UAV/ROS2/install/gps_handler/share/gps_handler/package.sh'
[1.498s] INFO:colcon.colcon_core.shell:Creating package script '/home/xs/UAV/ROS2/install/gps_handler/share/gps_handler/package.bash'
[1.498s] INFO:colcon.colcon_core.shell:Creating package script '/home/xs/UAV/ROS2/install/gps_handler/share/gps_handler/package.zsh'
[1.498s] Level 1:colcon.colcon_core.environment:create_file_with_runtime_dependencies(/home/xs/UAV/ROS2/install/gps_handler/share/colcon-core/packages/gps_handler)
[1.714s] DEBUG:colcon.colcon_core.event_handler.log_command:Invoked command in '/home/xs/UAV/ROS2/build/nmea_msgs' returned '0': CMAKE_PREFIX_PATH=${CMAKE_PREFIX_PATH}:/home/xs/UAV/ROS2/install/tf_converter:/home/xs/UAV/ROS2/install/object_detector:/home/xs/UAV/ROS2/install/gps_handler:/home/xs/UAV/ROS2/install/ctrl_relayer:/opt/ros/galactic /usr/bin/cmake /home/xs/UAV/ROS2/location_msgs -DCMAKE_INSTALL_PREFIX=/home/xs/UAV/ROS2/install/nmea_msgs
[1.716s] DEBUG:colcon.colcon_core.event_handler.log_command:Invoking command in '/home/xs/UAV/ROS2/build/nmea_msgs': CMAKE_PREFIX_PATH=${CMAKE_PREFIX_PATH}:/home/xs/UAV/ROS2/install/tf_converter:/home/xs/UAV/ROS2/install/object_detector:/home/xs/UAV/ROS2/install/gps_handler:/home/xs/UAV/ROS2/install/ctrl_relayer:/opt/ros/galactic /usr/bin/cmake --build /home/xs/UAV/ROS2/build/nmea_msgs -- -j8 -l8
[4.380s] DEBUG:colcon.colcon_core.event_handler.log_command:Invoked command in '/home/xs/UAV/ROS2/build/nmea_msgs' returned '0': CMAKE_PREFIX_PATH=${CMAKE_PREFIX_PATH}:/home/xs/UAV/ROS2/install/tf_converter:/home/xs/UAV/ROS2/install/object_detector:/home/xs/UAV/ROS2/install/gps_handler:/home/xs/UAV/ROS2/install/ctrl_relayer:/opt/ros/galactic /usr/bin/cmake --build /home/xs/UAV/ROS2/build/nmea_msgs -- -j8 -l8
[4.438s] DEBUG:colcon.colcon_core.event_handler.log_command:Invoking command in '/home/xs/UAV/ROS2/build/nmea_msgs': CMAKE_PREFIX_PATH=${CMAKE_PREFIX_PATH}:/home/xs/UAV/ROS2/install/tf_converter:/home/xs/UAV/ROS2/install/object_detector:/home/xs/UAV/ROS2/install/gps_handler:/home/xs/UAV/ROS2/install/ctrl_relayer:/opt/ros/galactic /usr/bin/cmake --install /home/xs/UAV/ROS2/build/nmea_msgs
[4.481s] Level 1:colcon.colcon_core.environment:create_environment_scripts_only(nmea_msgs)
[4.481s] DEBUG:colcon.colcon_core.event_handler.log_command:Invoked command in '/home/xs/UAV/ROS2/build/nmea_msgs' returned '0': CMAKE_PREFIX_PATH=${CMAKE_PREFIX_PATH}:/home/xs/UAV/ROS2/install/tf_converter:/home/xs/UAV/ROS2/install/object_detector:/home/xs/UAV/ROS2/install/gps_handler:/home/xs/UAV/ROS2/install/ctrl_relayer:/opt/ros/galactic /usr/bin/cmake --install /home/xs/UAV/ROS2/build/nmea_msgs
[4.481s] Level 1:colcon.colcon_core.environment:checking '/home/xs/UAV/ROS2/install/nmea_msgs' for CMake module files
[4.482s] Level 1:colcon.colcon_core.environment:checking '/home/xs/UAV/ROS2/install/nmea_msgs' for CMake config files
[4.482s] Level 1:colcon.colcon_core.shell:create_environment_hook('nmea_msgs', 'cmake_prefix_path')
[4.482s] INFO:colcon.colcon_core.shell:Creating environment hook '/home/xs/UAV/ROS2/install/nmea_msgs/share/nmea_msgs/hook/cmake_prefix_path.ps1'
[4.482s] INFO:colcon.colcon_core.shell:Creating environment descriptor '/home/xs/UAV/ROS2/install/nmea_msgs/share/nmea_msgs/hook/cmake_prefix_path.dsv'
[4.483s] INFO:colcon.colcon_core.shell:Creating environment hook '/home/xs/UAV/ROS2/install/nmea_msgs/share/nmea_msgs/hook/cmake_prefix_path.sh'
[4.483s] Level 1:colcon.colcon_core.environment:checking '/home/xs/UAV/ROS2/install/nmea_msgs/lib'
[4.483s] Level 1:colcon.colcon_core.shell:create_environment_hook('nmea_msgs', 'ld_library_path_lib')
[4.483s] INFO:colcon.colcon_core.shell:Creating environment hook '/home/xs/UAV/ROS2/install/nmea_msgs/share/nmea_msgs/hook/ld_library_path_lib.ps1'
[4.483s] INFO:colcon.colcon_core.shell:Creating environment descriptor '/home/xs/UAV/ROS2/install/nmea_msgs/share/nmea_msgs/hook/ld_library_path_lib.dsv'
[4.483s] INFO:colcon.colcon_core.shell:Creating environment hook '/home/xs/UAV/ROS2/install/nmea_msgs/share/nmea_msgs/hook/ld_library_path_lib.sh'
[4.484s] Level 1:colcon.colcon_core.environment:checking '/home/xs/UAV/ROS2/install/nmea_msgs/bin'
[4.484s] Level 1:colcon.colcon_core.environment:checking '/home/xs/UAV/ROS2/install/nmea_msgs/lib/pkgconfig/nmea_msgs.pc'
[4.484s] Level 1:colcon.colcon_core.environment:checking '/home/xs/UAV/ROS2/install/nmea_msgs/lib/python3.8/site-packages'
[4.484s] Level 1:colcon.colcon_core.shell:create_environment_hook('nmea_msgs', 'pythonpath')
[4.484s] INFO:colcon.colcon_core.shell:Creating environment hook '/home/xs/UAV/ROS2/install/nmea_msgs/share/nmea_msgs/hook/pythonpath.ps1'
[4.484s] INFO:colcon.colcon_core.shell:Creating environment descriptor '/home/xs/UAV/ROS2/install/nmea_msgs/share/nmea_msgs/hook/pythonpath.dsv'
[4.484s] INFO:colcon.colcon_core.shell:Creating environment hook '/home/xs/UAV/ROS2/install/nmea_msgs/share/nmea_msgs/hook/pythonpath.sh'
[4.485s] Level 1:colcon.colcon_core.environment:checking '/home/xs/UAV/ROS2/install/nmea_msgs/bin'
[4.485s] INFO:colcon.colcon_core.shell:Creating package script '/home/xs/UAV/ROS2/install/nmea_msgs/share/nmea_msgs/package.ps1'
[4.485s] INFO:colcon.colcon_core.shell:Creating package descriptor '/home/xs/UAV/ROS2/install/nmea_msgs/share/nmea_msgs/package.dsv'
[4.485s] INFO:colcon.colcon_core.shell:Creating package script '/home/xs/UAV/ROS2/install/nmea_msgs/share/nmea_msgs/package.sh'
[4.486s] INFO:colcon.colcon_core.shell:Creating package script '/home/xs/UAV/ROS2/install/nmea_msgs/share/nmea_msgs/package.bash'
[4.486s] INFO:colcon.colcon_core.shell:Creating package script '/home/xs/UAV/ROS2/install/nmea_msgs/share/nmea_msgs/package.zsh'
[4.486s] Level 1:colcon.colcon_core.environment:create_file_with_runtime_dependencies(/home/xs/UAV/ROS2/install/nmea_msgs/share/colcon-core/packages/nmea_msgs)
[4.542s] Level 1:colcon.colcon_core.environment:create_environment_scripts_only(nmea_msgs)
[4.542s] Level 1:colcon.colcon_core.environment:checking '/home/xs/UAV/ROS2/install/nmea_msgs' for CMake module files
[4.543s] Level 1:colcon.colcon_core.environment:checking '/home/xs/UAV/ROS2/install/nmea_msgs' for CMake config files
[4.543s] Level 1:colcon.colcon_core.shell:create_environment_hook('nmea_msgs', 'cmake_prefix_path')
[4.543s] INFO:colcon.colcon_core.shell:Creating environment hook '/home/xs/UAV/ROS2/install/nmea_msgs/share/nmea_msgs/hook/cmake_prefix_path.ps1'
[4.544s] INFO:colcon.colcon_core.shell:Creating environment descriptor '/home/xs/UAV/ROS2/install/nmea_msgs/share/nmea_msgs/hook/cmake_prefix_path.dsv'
[4.544s] INFO:colcon.colcon_core.shell:Creating environment hook '/home/xs/UAV/ROS2/install/nmea_msgs/share/nmea_msgs/hook/cmake_prefix_path.sh'
[4.544s] Level 1:colcon.colcon_core.environment:checking '/home/xs/UAV/ROS2/install/nmea_msgs/lib'
[4.544s] Level 1:colcon.colcon_core.shell:create_environment_hook('nmea_msgs', 'ld_library_path_lib')
[4.545s] INFO:colcon.colcon_core.shell:Creating environment hook '/home/xs/UAV/ROS2/install/nmea_msgs/share/nmea_msgs/hook/ld_library_path_lib.ps1'
[4.545s] INFO:colcon.colcon_core.shell:Creating environment descriptor '/home/xs/UAV/ROS2/install/nmea_msgs/share/nmea_msgs/hook/ld_library_path_lib.dsv'
[4.545s] INFO:colcon.colcon_core.shell:Creating environment hook '/home/xs/UAV/ROS2/install/nmea_msgs/share/nmea_msgs/hook/ld_library_path_lib.sh'
[4.545s] Level 1:colcon.colcon_core.environment:checking '/home/xs/UAV/ROS2/install/nmea_msgs/bin'
[4.545s] Level 1:colcon.colcon_core.environment:checking '/home/xs/UAV/ROS2/install/nmea_msgs/lib/pkgconfig/nmea_msgs.pc'
[4.545s] Level 1:colcon.colcon_core.environment:checking '/home/xs/UAV/ROS2/install/nmea_msgs/lib/python3.8/site-packages'
[4.545s] Level 1:colcon.colcon_core.shell:create_environment_hook('nmea_msgs', 'pythonpath')
[4.546s] INFO:colcon.colcon_core.shell:Creating environment hook '/home/xs/UAV/ROS2/install/nmea_msgs/share/nmea_msgs/hook/pythonpath.ps1'
[4.546s] INFO:colcon.colcon_core.shell:Creating environment descriptor '/home/xs/UAV/ROS2/install/nmea_msgs/share/nmea_msgs/hook/pythonpath.dsv'
[4.546s] INFO:colcon.colcon_core.shell:Creating environment hook '/home/xs/UAV/ROS2/install/nmea_msgs/share/nmea_msgs/hook/pythonpath.sh'
[4.546s] Level 1:colcon.colcon_core.environment:checking '/home/xs/UAV/ROS2/install/nmea_msgs/bin'
[4.546s] INFO:colcon.colcon_core.shell:Creating package script '/home/xs/UAV/ROS2/install/nmea_msgs/share/nmea_msgs/package.ps1'
[4.547s] INFO:colcon.colcon_core.shell:Creating package descriptor '/home/xs/UAV/ROS2/install/nmea_msgs/share/nmea_msgs/package.dsv'
[4.547s] INFO:colcon.colcon_core.shell:Creating package script '/home/xs/UAV/ROS2/install/nmea_msgs/share/nmea_msgs/package.sh'
[4.547s] INFO:colcon.colcon_core.shell:Creating package script '/home/xs/UAV/ROS2/install/nmea_msgs/share/nmea_msgs/package.bash'
[4.548s] INFO:colcon.colcon_core.shell:Creating package script '/home/xs/UAV/ROS2/install/nmea_msgs/share/nmea_msgs/package.zsh'
[4.548s] Level 1:colcon.colcon_core.environment:create_file_with_runtime_dependencies(/home/xs/UAV/ROS2/install/nmea_msgs/share/colcon-core/packages/nmea_msgs)
[4.548s] INFO:colcon.colcon_ros.task.ament_python.build:Building ROS package in '/home/xs/UAV/ROS2/object_detector' with build type 'ament_python'
[4.548s] Level 1:colcon.colcon_core.shell:create_environment_hook('object_detector', 'ament_prefix_path')
[4.549s] INFO:colcon.colcon_core.shell:Creating environment hook '/home/xs/UAV/ROS2/install/object_detector/share/object_detector/hook/ament_prefix_path.ps1'
[4.549s] INFO:colcon.colcon_core.shell:Creating environment descriptor '/home/xs/UAV/ROS2/install/object_detector/share/object_detector/hook/ament_prefix_path.dsv'
[4.549s] INFO:colcon.colcon_core.shell:Creating environment hook '/home/xs/UAV/ROS2/install/object_detector/share/object_detector/hook/ament_prefix_path.sh'
[4.550s] INFO:colcon.colcon_core.shell:Skip shell extension 'powershell' for command environment: Not usable outside of PowerShell
[4.550s] DEBUG:colcon.colcon_core.shell:Skip shell extension 'dsv' for command environment
[4.716s] INFO:colcon.colcon_core.task.python.build:Building Python package in '/home/xs/UAV/ROS2/object_detector'
[4.716s] INFO:colcon.colcon_core.shell:Skip shell extension 'powershell' for command environment: Not usable outside of PowerShell
[4.716s] DEBUG:colcon.colcon_core.shell:Skip shell extension 'dsv' for command environment
[5.008s] DEBUG:colcon.colcon_core.event_handler.log_command:Invoking command in '/home/xs/UAV/ROS2/object_detector': PYTHONPATH=/home/xs/UAV/ROS2/build/object_detector/prefix_override:/home/xs/UAV/ROS2/install/object_detector/lib/python3.8/site-packages:/home/xs/UAV/ROS2/install/nmea_msgs/lib/python3.8/site-packages:/home/xs/UAV/ROS2/install/tf_converter/lib/python3.8/site-packages:/home/xs/UAV/ROS2/install/object_detector/lib/python3.8/site-packages:/home/xs/UAV/ROS2/install/gps_handler/lib/python3.8/site-packages:/home/xs/UAV/ROS2/install/ctrl_relayer/lib/python3.8/site-packages:/opt/ros/galactic/lib/python3.8/site-packages /usr/bin/python3 -W ignore:setup.py install is deprecated setup.py egg_info --egg-base ../build/object_detector build --build-base /home/xs/UAV/ROS2/build/object_detector/build install --record /home/xs/UAV/ROS2/build/object_detector/install.log --single-version-externally-managed install_data
[5.211s] Level 1:colcon.colcon_core.environment:checking '/home/xs/UAV/ROS2/install/object_detector' for CMake module files
[5.211s] DEBUG:colcon.colcon_core.event_handler.log_command:Invoked command in '/home/xs/UAV/ROS2/object_detector' returned '0': PYTHONPATH=/home/xs/UAV/ROS2/build/object_detector/prefix_override:/home/xs/UAV/ROS2/install/object_detector/lib/python3.8/site-packages:/home/xs/UAV/ROS2/install/nmea_msgs/lib/python3.8/site-packages:/home/xs/UAV/ROS2/install/tf_converter/lib/python3.8/site-packages:/home/xs/UAV/ROS2/install/object_detector/lib/python3.8/site-packages:/home/xs/UAV/ROS2/install/gps_handler/lib/python3.8/site-packages:/home/xs/UAV/ROS2/install/ctrl_relayer/lib/python3.8/site-packages:/opt/ros/galactic/lib/python3.8/site-packages /usr/bin/python3 -W ignore:setup.py install is deprecated setup.py egg_info --egg-base ../build/object_detector build --build-base /home/xs/UAV/ROS2/build/object_detector/build install --record /home/xs/UAV/ROS2/build/object_detector/install.log --single-version-externally-managed install_data
[5.211s] Level 1:colcon.colcon_core.environment:checking '/home/xs/UAV/ROS2/install/object_detector' for CMake config files
[5.212s] Level 1:colcon.colcon_core.environment:checking '/home/xs/UAV/ROS2/install/object_detector/lib'
[5.212s] Level 1:colcon.colcon_core.environment:checking '/home/xs/UAV/ROS2/install/object_detector/bin'
[5.212s] Level 1:colcon.colcon_core.environment:checking '/home/xs/UAV/ROS2/install/object_detector/lib/pkgconfig/object_detector.pc'
[5.212s] Level 1:colcon.colcon_core.environment:checking '/home/xs/UAV/ROS2/install/object_detector/lib/python3.8/site-packages'
[5.212s] Level 1:colcon.colcon_core.shell:create_environment_hook('object_detector', 'pythonpath')
[5.212s] INFO:colcon.colcon_core.shell:Creating environment hook '/home/xs/UAV/ROS2/install/object_detector/share/object_detector/hook/pythonpath.ps1'
[5.213s] INFO:colcon.colcon_core.shell:Creating environment descriptor '/home/xs/UAV/ROS2/install/object_detector/share/object_detector/hook/pythonpath.dsv'
[5.213s] INFO:colcon.colcon_core.shell:Creating environment hook '/home/xs/UAV/ROS2/install/object_detector/share/object_detector/hook/pythonpath.sh'
[5.213s] Level 1:colcon.colcon_core.environment:checking '/home/xs/UAV/ROS2/install/object_detector/bin'
[5.213s] Level 1:colcon.colcon_core.environment:create_environment_scripts_only(object_detector)
[5.213s] INFO:colcon.colcon_core.shell:Creating package script '/home/xs/UAV/ROS2/install/object_detector/share/object_detector/package.ps1'
[5.213s] INFO:colcon.colcon_core.shell:Creating package descriptor '/home/xs/UAV/ROS2/install/object_detector/share/object_detector/package.dsv'
[5.214s] INFO:colcon.colcon_core.shell:Creating package script '/home/xs/UAV/ROS2/install/object_detector/share/object_detector/package.sh'
[5.214s] INFO:colcon.colcon_core.shell:Creating package script '/home/xs/UAV/ROS2/install/object_detector/share/object_detector/package.bash'
[5.214s] INFO:colcon.colcon_core.shell:Creating package script '/home/xs/UAV/ROS2/install/object_detector/share/object_detector/package.zsh'
[5.214s] Level 1:colcon.colcon_core.environment:create_file_with_runtime_dependencies(/home/xs/UAV/ROS2/install/object_detector/share/colcon-core/packages/object_detector)
[5.214s] DEBUG:colcon.colcon_parallel_executor.executor.parallel:closing loop
[5.215s] DEBUG:colcon.colcon_parallel_executor.executor.parallel:loop closed
[5.215s] DEBUG:colcon.colcon_parallel_executor.executor.parallel:run_until_complete finished with '0'
[5.215s] DEBUG:colcon.colcon_core.event_reactor:joining thread
[5.219s] INFO:colcon.colcon_core.plugin_system:Skipping extension 'colcon_notification.desktop_notification.terminal_notifier': Not used on non-Darwin systems
[5.219s] INFO:colcon.colcon_core.plugin_system:Skipping extension 'colcon_notification.desktop_notification.win32': Not used on non-Windows systems
[5.219s] INFO:colcon.colcon_notification.desktop_notification:Sending desktop notification using 'notify2'
[5.220s] DEBUG:colcon.colcon_notification.desktop_notification.notify2:Failed to initialize notify2: org.freedesktop.DBus.Error.ServiceUnknown: The name org.freedesktop.Notifications was not provided by any .service files
[5.220s] DEBUG:colcon.colcon_core.event_reactor:joined thread
[5.220s] INFO:colcon.colcon_core.shell:Creating prefix script '/home/xs/UAV/ROS2/install/local_setup.ps1'
[5.221s] INFO:colcon.colcon_core.shell:Creating prefix util module '/home/xs/UAV/ROS2/install/_local_setup_util_ps1.py'
[5.222s] INFO:colcon.colcon_core.shell:Creating prefix chain script '/home/xs/UAV/ROS2/install/setup.ps1'
[5.223s] INFO:colcon.colcon_core.shell:Creating prefix script '/home/xs/UAV/ROS2/install/local_setup.sh'
[5.223s] INFO:colcon.colcon_core.shell:Creating prefix util module '/home/xs/UAV/ROS2/install/_local_setup_util_sh.py'
[5.223s] INFO:colcon.colcon_core.shell:Creating prefix chain script '/home/xs/UAV/ROS2/install/setup.sh'
[5.224s] INFO:colcon.colcon_core.shell:Creating prefix script '/home/xs/UAV/ROS2/install/local_setup.bash'
[5.224s] INFO:colcon.colcon_core.shell:Creating prefix chain script '/home/xs/UAV/ROS2/install/setup.bash'
[5.225s] INFO:colcon.colcon_core.shell:Creating prefix script '/home/xs/UAV/ROS2/install/local_setup.zsh'
[5.225s] INFO:colcon.colcon_core.shell:Creating prefix chain script '/home/xs/UAV/ROS2/install/setup.zsh'
