[0.009s] Invoking command in '/home/x650/UAV/ROS2/build/location_msgs': CMAKE_PREFIX_PATH=${CMAKE_PREFIX_PATH}:/home/x650/UAV/ROS2/install/uav_patrol:/opt/ros/humble /usr/bin/cmake /home/x650/UAV/ROS2/location_msgs -DCMAKE_INSTALL_PREFIX=/home/x650/UAV/ROS2/install/location_msgs
[0.110s] -- The C compiler identification is GNU 11.4.0
[0.204s] -- The CXX compiler identification is GNU 11.4.0
[0.211s] -- Detecting C compiler ABI info
[0.289s] -- Detecting C compiler ABI info - done
[0.295s] -- Check for working C compiler: /usr/bin/cc - skipped
[0.296s] -- Detecting C compile features
[0.296s] -- Detecting C compile features - done
[0.299s] -- Detecting CXX compiler ABI info
[0.385s] -- Detecting CXX compiler ABI info - done
[0.391s] -- Check for working CXX compiler: /usr/bin/c++ - skipped
[0.391s] -- Detecting CXX compile features
[0.392s] -- Detecting CXX compile features - done
[0.395s] -- Found ament_cmake: 1.3.9 (/opt/ros/humble/share/ament_cmake/cmake)
[0.662s] -- Found Python3: /usr/bin/python3 (found version "3.10.12") found components: Interpreter 
[0.726s] -- Found rosidl_default_generators: 1.2.0 (/opt/ros/humble/share/rosidl_default_generators/cmake)
[0.729s] -- Using all available rosidl_typesupport_c: rosidl_typesupport_fastrtps_c;rosidl_typesupport_introspection_c
[0.733s] -- Found rosidl_adapter: 3.1.5 (/opt/ros/humble/share/rosidl_adapter/cmake)
[0.765s] -- Using all available rosidl_typesupport_cpp: rosidl_typesupport_fastrtps_cpp;rosidl_typesupport_introspection_cpp
[0.793s] -- Found std_msgs: 4.2.4 (/opt/ros/humble/share/std_msgs/cmake)
[0.843s] -- Found sensor_msgs: 4.2.4 (/opt/ros/humble/share/sensor_msgs/cmake)
[1.161s] -- Found ament_cmake_ros: 0.10.0 (/opt/ros/humble/share/ament_cmake_ros/cmake)
[1.364s] -- Using all available rosidl_typesupport_c: rosidl_typesupport_fastrtps_c;rosidl_typesupport_introspection_c
[1.615s] -- Using all available rosidl_typesupport_cpp: rosidl_typesupport_fastrtps_cpp;rosidl_typesupport_introspection_cpp
[1.631s] -- Found PythonInterp: /usr/bin/python3 (found suitable version "3.10.12", minimum required is "3.6") 
[1.632s] -- Found python_cmake_module: 0.10.0 (/opt/ros/humble/share/python_cmake_module/cmake)
[1.651s] -- Found PythonLibs: /usr/lib/x86_64-linux-gnu/libpython3.10.so (found suitable version "3.10.12", minimum required is "3.5") 
[1.651s] -- Using PYTHON_EXECUTABLE: /usr/bin/python3
[1.651s] -- Using PYTHON_INCLUDE_DIRS: /usr/include/python3.10
[1.651s] -- Using PYTHON_LIBRARIES: /usr/lib/x86_64-linux-gnu/libpython3.10.so
[1.666s] -- Found PythonExtra: .so  
[1.722s] -- Configuring done
[1.756s] -- Generating done
[1.758s] -- Build files have been written to: /home/x650/UAV/ROS2/build/location_msgs
[1.764s] Invoked command in '/home/x650/UAV/ROS2/build/location_msgs' returned '0': CMAKE_PREFIX_PATH=${CMAKE_PREFIX_PATH}:/home/x650/UAV/ROS2/install/uav_patrol:/opt/ros/humble /usr/bin/cmake /home/x650/UAV/ROS2/location_msgs -DCMAKE_INSTALL_PREFIX=/home/x650/UAV/ROS2/install/location_msgs
[1.765s] Invoking command in '/home/x650/UAV/ROS2/build/location_msgs': CMAKE_PREFIX_PATH=${CMAKE_PREFIX_PATH}:/home/x650/UAV/ROS2/install/uav_patrol:/opt/ros/humble /usr/bin/cmake --build /home/x650/UAV/ROS2/build/location_msgs -- -j16 -l16
[1.803s] [  1%] [34m[1mGenerating C code for ROS interfaces[0m
[1.818s] [  3%] [34m[1mGenerating C++ code for ROS interfaces[0m
[1.824s] [  3%] Built target ament_cmake_python_copy_location_msgs
[1.964s] running egg_info
[1.965s] creating location_msgs.egg-info
[1.973s] writing location_msgs.egg-info/PKG-INFO
[1.973s] writing dependency_links to location_msgs.egg-info/dependency_links.txt
[1.973s] writing top-level names to location_msgs.egg-info/top_level.txt
[1.973s] writing manifest file 'location_msgs.egg-info/SOURCES.txt'
[1.999s] reading manifest file 'location_msgs.egg-info/SOURCES.txt'
[2.000s] writing manifest file 'location_msgs.egg-info/SOURCES.txt'
[2.020s] [  3%] Built target ament_cmake_python_build_location_msgs_egg
[2.091s] [  3%] Built target location_msgs__cpp
[2.100s] [  4%] [34m[1mGenerating C++ type support dispatch for ROS interfaces[0m
[2.100s] [  6%] [34m[1mGenerating C++ type support for eProsima Fast-RTPS[0m
[2.100s] [  7%] [34m[1mGenerating C++ introspection for ROS interfaces[0m
[2.113s] [ 11%] [32mBuilding C object CMakeFiles/location_msgs__rosidl_generator_c.dir/rosidl_generator_c/location_msgs/msg/detail/pixel_point__functions.c.o[0m
[2.113s] [ 11%] [32mBuilding C object CMakeFiles/location_msgs__rosidl_generator_c.dir/rosidl_generator_c/location_msgs/msg/detail/mix__functions.c.o[0m
[2.113s] [ 12%] [32mBuilding C object CMakeFiles/location_msgs__rosidl_generator_c.dir/rosidl_generator_c/location_msgs/msg/detail/defect_box__functions.c.o[0m
[2.115s] [ 14%] [32mBuilding C object CMakeFiles/location_msgs__rosidl_generator_c.dir/rosidl_generator_c/location_msgs/msg/detail/defects__functions.c.o[0m
[2.115s] [ 15%] [32mBuilding C object CMakeFiles/location_msgs__rosidl_generator_c.dir/rosidl_generator_c/location_msgs/msg/detail/yaw__functions.c.o[0m
[2.165s] [ 17%] [32m[1mLinking C shared library liblocation_msgs__rosidl_generator_c.so[0m
[2.192s] [ 17%] Built target location_msgs__rosidl_generator_c
[2.199s] [ 19%] [34m[1mGenerating C type support for eProsima Fast-RTPS[0m
[2.199s] [ 20%] [34m[1mGenerating C type support dispatch for ROS interfaces[0m
[2.199s] [ 22%] [34m[1mGenerating C introspection for ROS interfaces[0m
[2.329s] [ 23%] [32mBuilding CXX object CMakeFiles/location_msgs__rosidl_typesupport_cpp.dir/rosidl_typesupport_cpp/location_msgs/msg/mix__type_support.cpp.o[0m
[2.329s] [ 25%] [32mBuilding CXX object CMakeFiles/location_msgs__rosidl_typesupport_cpp.dir/rosidl_typesupport_cpp/location_msgs/msg/yaw__type_support.cpp.o[0m
[2.330s] [ 26%] [32mBuilding CXX object CMakeFiles/location_msgs__rosidl_typesupport_cpp.dir/rosidl_typesupport_cpp/location_msgs/msg/defect_box__type_support.cpp.o[0m
[2.330s] [ 28%] [32mBuilding CXX object CMakeFiles/location_msgs__rosidl_typesupport_cpp.dir/rosidl_typesupport_cpp/location_msgs/msg/pixel_point__type_support.cpp.o[0m
[2.331s] [ 30%] [32mBuilding CXX object CMakeFiles/location_msgs__rosidl_typesupport_cpp.dir/rosidl_typesupport_cpp/location_msgs/msg/defects__type_support.cpp.o[0m
[2.368s] [ 31%] [32mBuilding CXX object CMakeFiles/location_msgs__rosidl_typesupport_introspection_cpp.dir/rosidl_typesupport_introspection_cpp/location_msgs/msg/detail/yaw__type_support.cpp.o[0m
[2.368s] [ 36%] [32mBuilding CXX object CMakeFiles/location_msgs__rosidl_typesupport_introspection_cpp.dir/rosidl_typesupport_introspection_cpp/location_msgs/msg/detail/pixel_point__type_support.cpp.o[0m
[2.368s] [ 36%] [32mBuilding CXX object CMakeFiles/location_msgs__rosidl_typesupport_introspection_cpp.dir/rosidl_typesupport_introspection_cpp/location_msgs/msg/detail/defects__type_support.cpp.o[0m
[2.368s] [ 36%] [32mBuilding CXX object CMakeFiles/location_msgs__rosidl_typesupport_introspection_cpp.dir/rosidl_typesupport_introspection_cpp/location_msgs/msg/detail/mix__type_support.cpp.o[0m
[2.372s] [ 38%] [32mBuilding CXX object CMakeFiles/location_msgs__rosidl_typesupport_introspection_cpp.dir/rosidl_typesupport_introspection_cpp/location_msgs/msg/detail/defect_box__type_support.cpp.o[0m
[2.444s] [ 39%] [32mBuilding CXX object CMakeFiles/location_msgs__rosidl_typesupport_fastrtps_cpp.dir/rosidl_typesupport_fastrtps_cpp/location_msgs/msg/detail/dds_fastrtps/defect_box__type_support.cpp.o[0m
[2.445s] [ 41%] [32mBuilding CXX object CMakeFiles/location_msgs__rosidl_typesupport_fastrtps_cpp.dir/rosidl_typesupport_fastrtps_cpp/location_msgs/msg/detail/dds_fastrtps/pixel_point__type_support.cpp.o[0m
[2.445s] [ 42%] [32mBuilding CXX object CMakeFiles/location_msgs__rosidl_typesupport_fastrtps_cpp.dir/rosidl_typesupport_fastrtps_cpp/location_msgs/msg/detail/dds_fastrtps/mix__type_support.cpp.o[0m
[2.527s] [ 44%] [32mBuilding CXX object CMakeFiles/location_msgs__rosidl_typesupport_c.dir/rosidl_typesupport_c/location_msgs/msg/mix__type_support.cpp.o[0m
[2.639s] [ 46%] [32mBuilding CXX object CMakeFiles/location_msgs__rosidl_typesupport_c.dir/rosidl_typesupport_c/location_msgs/msg/pixel_point__type_support.cpp.o[0m
[2.714s] [ 47%] [32mBuilding C object CMakeFiles/location_msgs__rosidl_typesupport_introspection_c.dir/rosidl_typesupport_introspection_c/location_msgs/msg/detail/mix__type_support.c.o[0m
[2.718s] [ 49%] [32mBuilding CXX object CMakeFiles/location_msgs__rosidl_typesupport_c.dir/rosidl_typesupport_c/location_msgs/msg/defect_box__type_support.cpp.o[0m
[2.745s] [ 50%] [32mBuilding C object CMakeFiles/location_msgs__rosidl_typesupport_introspection_c.dir/rosidl_typesupport_introspection_c/location_msgs/msg/detail/pixel_point__type_support.c.o[0m
[2.745s] [ 52%] [32mBuilding C object CMakeFiles/location_msgs__rosidl_typesupport_introspection_c.dir/rosidl_typesupport_introspection_c/location_msgs/msg/detail/defect_box__type_support.c.o[0m
[2.765s] [ 53%] [32mBuilding CXX object CMakeFiles/location_msgs__rosidl_typesupport_fastrtps_c.dir/rosidl_typesupport_fastrtps_c/location_msgs/msg/detail/mix__type_support_c.cpp.o[0m
[2.771s] [ 55%] [32mBuilding CXX object CMakeFiles/location_msgs__rosidl_typesupport_fastrtps_c.dir/rosidl_typesupport_fastrtps_c/location_msgs/msg/detail/pixel_point__type_support_c.cpp.o[0m
[2.773s] [ 57%] [32mBuilding CXX object CMakeFiles/location_msgs__rosidl_typesupport_fastrtps_c.dir/rosidl_typesupport_fastrtps_c/location_msgs/msg/detail/defect_box__type_support_c.cpp.o[0m
[2.774s] [ 58%] [32mBuilding CXX object CMakeFiles/location_msgs__rosidl_typesupport_c.dir/rosidl_typesupport_c/location_msgs/msg/defects__type_support.cpp.o[0m
[2.784s] [ 60%] [32m[1mLinking CXX shared library liblocation_msgs__rosidl_typesupport_cpp.so[0m
[2.788s] [ 61%] [32mBuilding C object CMakeFiles/location_msgs__rosidl_typesupport_introspection_c.dir/rosidl_typesupport_introspection_c/location_msgs/msg/detail/defects__type_support.c.o[0m
[2.789s] [ 63%] [32mBuilding CXX object CMakeFiles/location_msgs__rosidl_typesupport_fastrtps_cpp.dir/rosidl_typesupport_fastrtps_cpp/location_msgs/msg/detail/dds_fastrtps/defects__type_support.cpp.o[0m
[2.793s] [ 65%] [32mBuilding CXX object CMakeFiles/location_msgs__rosidl_typesupport_fastrtps_c.dir/rosidl_typesupport_fastrtps_c/location_msgs/msg/detail/defects__type_support_c.cpp.o[0m
[2.829s] [ 66%] [32mBuilding CXX object CMakeFiles/location_msgs__rosidl_typesupport_c.dir/rosidl_typesupport_c/location_msgs/msg/yaw__type_support.cpp.o[0m
[2.858s] [ 66%] Built target location_msgs__rosidl_typesupport_cpp
[2.878s] [ 68%] [32mBuilding CXX object CMakeFiles/location_msgs__rosidl_typesupport_fastrtps_c.dir/rosidl_typesupport_fastrtps_c/location_msgs/msg/detail/yaw__type_support_c.cpp.o[0m
[2.889s] [ 69%] [32m[1mLinking CXX shared library liblocation_msgs__rosidl_typesupport_c.so[0m
[2.912s] [ 71%] [32mBuilding C object CMakeFiles/location_msgs__rosidl_typesupport_introspection_c.dir/rosidl_typesupport_introspection_c/location_msgs/msg/detail/yaw__type_support.c.o[0m
[2.932s] [ 73%] [32mBuilding CXX object CMakeFiles/location_msgs__rosidl_typesupport_fastrtps_cpp.dir/rosidl_typesupport_fastrtps_cpp/location_msgs/msg/detail/dds_fastrtps/yaw__type_support.cpp.o[0m
[2.960s] [ 73%] Built target location_msgs__rosidl_typesupport_c
[2.974s] [ 74%] [32m[1mLinking C shared library liblocation_msgs__rosidl_typesupport_introspection_c.so[0m
[2.981s] [ 76%] [32m[1mLinking CXX shared library liblocation_msgs__rosidl_typesupport_introspection_cpp.so[0m
[3.018s] [ 76%] Built target location_msgs__rosidl_typesupport_introspection_c
[3.086s] [ 76%] Built target location_msgs__rosidl_typesupport_introspection_cpp
[3.201s] [ 77%] [32m[1mLinking CXX shared library liblocation_msgs__rosidl_typesupport_fastrtps_c.so[0m
[3.255s] [ 77%] Built target location_msgs__rosidl_typesupport_fastrtps_c
[3.256s] [ 79%] [32m[1mLinking CXX shared library liblocation_msgs__rosidl_typesupport_fastrtps_cpp.so[0m
[3.305s] [ 79%] Built target location_msgs__rosidl_typesupport_fastrtps_cpp
[3.319s] [ 79%] Built target location_msgs
[3.338s] [ 80%] [34m[1mGenerating Python code for ROS interfaces[0m
[3.710s] [ 80%] Built target location_msgs__py
[3.729s] [ 82%] [32mBuilding C object CMakeFiles/location_msgs__rosidl_generator_py.dir/rosidl_generator_py/location_msgs/msg/_mix_s.c.o[0m
[3.729s] [ 87%] [32mBuilding C object CMakeFiles/location_msgs__rosidl_generator_py.dir/rosidl_generator_py/location_msgs/msg/_defect_box_s.c.o[0m
[3.729s] [ 87%] [32mBuilding C object CMakeFiles/location_msgs__rosidl_generator_py.dir/rosidl_generator_py/location_msgs/msg/_defects_s.c.o[0m
[3.729s] [ 87%] [32mBuilding C object CMakeFiles/location_msgs__rosidl_generator_py.dir/rosidl_generator_py/location_msgs/msg/_pixel_point_s.c.o[0m
[3.729s] [ 88%] [32mBuilding C object CMakeFiles/location_msgs__rosidl_generator_py.dir/rosidl_generator_py/location_msgs/msg/_yaw_s.c.o[0m
[3.833s] [ 90%] [32m[1mLinking C shared library rosidl_generator_py/location_msgs/liblocation_msgs__rosidl_generator_py.so[0m
[3.875s] [ 90%] Built target location_msgs__rosidl_generator_py
[3.900s] [ 95%] [32mBuilding C object CMakeFiles/location_msgs__rosidl_typesupport_fastrtps_c__pyext.dir/rosidl_generator_py/location_msgs/_location_msgs_s.ep.rosidl_typesupport_fastrtps_c.c.o[0m
[3.900s] [ 95%] [32mBuilding C object CMakeFiles/location_msgs__rosidl_typesupport_c__pyext.dir/rosidl_generator_py/location_msgs/_location_msgs_s.ep.rosidl_typesupport_c.c.o[0m
[3.900s] [ 95%] [32mBuilding C object CMakeFiles/location_msgs__rosidl_typesupport_introspection_c__pyext.dir/rosidl_generator_py/location_msgs/_location_msgs_s.ep.rosidl_typesupport_introspection_c.c.o[0m
[3.975s] [ 96%] [32m[1mLinking C shared library rosidl_generator_py/location_msgs/location_msgs_s__rosidl_typesupport_introspection_c.cpython-310-x86_64-linux-gnu.so[0m
[3.977s] [ 98%] [32m[1mLinking C shared library rosidl_generator_py/location_msgs/location_msgs_s__rosidl_typesupport_fastrtps_c.cpython-310-x86_64-linux-gnu.so[0m
[3.978s] [100%] [32m[1mLinking C shared library rosidl_generator_py/location_msgs/location_msgs_s__rosidl_typesupport_c.cpython-310-x86_64-linux-gnu.so[0m
[4.012s] [100%] Built target location_msgs__rosidl_typesupport_c__pyext
[4.013s] [100%] Built target location_msgs__rosidl_typesupport_fastrtps_c__pyext
[4.016s] [100%] Built target location_msgs__rosidl_typesupport_introspection_c__pyext
[4.025s] Invoked command in '/home/x650/UAV/ROS2/build/location_msgs' returned '0': CMAKE_PREFIX_PATH=${CMAKE_PREFIX_PATH}:/home/x650/UAV/ROS2/install/uav_patrol:/opt/ros/humble /usr/bin/cmake --build /home/x650/UAV/ROS2/build/location_msgs -- -j16 -l16
[4.161s] Invoking command in '/home/x650/UAV/ROS2/build/location_msgs': CMAKE_PREFIX_PATH=${CMAKE_PREFIX_PATH}:/home/x650/UAV/ROS2/install/uav_patrol:/opt/ros/humble /usr/bin/cmake --install /home/x650/UAV/ROS2/build/location_msgs
[4.172s] -- Install configuration: ""
[4.172s] -- Installing: /home/x650/UAV/ROS2/install/location_msgs/share/ament_index/resource_index/rosidl_interfaces/location_msgs
[4.172s] -- Installing: /home/x650/UAV/ROS2/install/location_msgs/include/location_msgs/location_msgs
[4.173s] -- Installing: /home/x650/UAV/ROS2/install/location_msgs/include/location_msgs/location_msgs/msg
[4.173s] -- Installing: /home/x650/UAV/ROS2/install/location_msgs/include/location_msgs/location_msgs/msg/defect_box.h
[4.173s] -- Installing: /home/x650/UAV/ROS2/install/location_msgs/include/location_msgs/location_msgs/msg/pixel_point.h
[4.173s] -- Installing: /home/x650/UAV/ROS2/install/location_msgs/include/location_msgs/location_msgs/msg/yaw.h
[4.173s] -- Installing: /home/x650/UAV/ROS2/install/location_msgs/include/location_msgs/location_msgs/msg/detail
[4.173s] -- Installing: /home/x650/UAV/ROS2/install/location_msgs/include/location_msgs/location_msgs/msg/detail/defects__type_support.h
[4.173s] -- Installing: /home/x650/UAV/ROS2/install/location_msgs/include/location_msgs/location_msgs/msg/detail/mix__type_support.h
[4.173s] -- Installing: /home/x650/UAV/ROS2/install/location_msgs/include/location_msgs/location_msgs/msg/detail/mix__functions.h
[4.173s] -- Installing: /home/x650/UAV/ROS2/install/location_msgs/include/location_msgs/location_msgs/msg/detail/defects__functions.h
[4.173s] -- Installing: /home/x650/UAV/ROS2/install/location_msgs/include/location_msgs/location_msgs/msg/detail/pixel_point__functions.h
[4.174s] -- Installing: /home/x650/UAV/ROS2/install/location_msgs/include/location_msgs/location_msgs/msg/detail/pixel_point__type_support.h
[4.174s] -- Installing: /home/x650/UAV/ROS2/install/location_msgs/include/location_msgs/location_msgs/msg/detail/defect_box__struct.h
[4.174s] -- Installing: /home/x650/UAV/ROS2/install/location_msgs/include/location_msgs/location_msgs/msg/detail/mix__struct.h
[4.174s] -- Installing: /home/x650/UAV/ROS2/install/location_msgs/include/location_msgs/location_msgs/msg/detail/defect_box__functions.h
[4.174s] -- Installing: /home/x650/UAV/ROS2/install/location_msgs/include/location_msgs/location_msgs/msg/detail/defect_box__functions.c
[4.174s] -- Installing: /home/x650/UAV/ROS2/install/location_msgs/include/location_msgs/location_msgs/msg/detail/defects__functions.c
[4.174s] -- Installing: /home/x650/UAV/ROS2/install/location_msgs/include/location_msgs/location_msgs/msg/detail/defect_box__type_support.h
[4.174s] -- Installing: /home/x650/UAV/ROS2/install/location_msgs/include/location_msgs/location_msgs/msg/detail/yaw__type_support.h
[4.175s] -- Installing: /home/x650/UAV/ROS2/install/location_msgs/include/location_msgs/location_msgs/msg/detail/yaw__struct.h
[4.175s] -- Installing: /home/x650/UAV/ROS2/install/location_msgs/include/location_msgs/location_msgs/msg/detail/mix__functions.c
[4.175s] -- Installing: /home/x650/UAV/ROS2/install/location_msgs/include/location_msgs/location_msgs/msg/detail/yaw__functions.h
[4.175s] -- Installing: /home/x650/UAV/ROS2/install/location_msgs/include/location_msgs/location_msgs/msg/detail/yaw__functions.c
[4.175s] -- Installing: /home/x650/UAV/ROS2/install/location_msgs/include/location_msgs/location_msgs/msg/detail/defects__struct.h
[4.176s] -- Installing: /home/x650/UAV/ROS2/install/location_msgs/include/location_msgs/location_msgs/msg/detail/pixel_point__functions.c
[4.176s] -- Installing: /home/x650/UAV/ROS2/install/location_msgs/include/location_msgs/location_msgs/msg/detail/pixel_point__struct.h
[4.176s] -- Installing: /home/x650/UAV/ROS2/install/location_msgs/include/location_msgs/location_msgs/msg/defects.h
[4.176s] -- Installing: /home/x650/UAV/ROS2/install/location_msgs/include/location_msgs/location_msgs/msg/mix.h
[4.176s] -- Installing: /home/x650/UAV/ROS2/install/location_msgs/include/location_msgs/location_msgs/msg/rosidl_generator_c__visibility_control.h
[4.176s] -- Installing: /home/x650/UAV/ROS2/install/location_msgs/share/location_msgs/environment/library_path.sh
[4.176s] -- Installing: /home/x650/UAV/ROS2/install/location_msgs/share/location_msgs/environment/library_path.dsv
[4.177s] -- Installing: /home/x650/UAV/ROS2/install/location_msgs/lib/liblocation_msgs__rosidl_generator_c.so
[4.177s] -- Set runtime path of "/home/x650/UAV/ROS2/install/location_msgs/lib/liblocation_msgs__rosidl_generator_c.so" to ""
[4.177s] -- Up-to-date: /home/x650/UAV/ROS2/install/location_msgs/include/location_msgs/location_msgs
[4.177s] -- Up-to-date: /home/x650/UAV/ROS2/install/location_msgs/include/location_msgs/location_msgs/msg
[4.177s] -- Up-to-date: /home/x650/UAV/ROS2/install/location_msgs/include/location_msgs/location_msgs/msg/detail
[4.178s] -- Installing: /home/x650/UAV/ROS2/install/location_msgs/include/location_msgs/location_msgs/msg/detail/yaw__rosidl_typesupport_fastrtps_c.h
[4.178s] -- Installing: /home/x650/UAV/ROS2/install/location_msgs/include/location_msgs/location_msgs/msg/detail/pixel_point__rosidl_typesupport_fastrtps_c.h
[4.178s] -- Installing: /home/x650/UAV/ROS2/install/location_msgs/include/location_msgs/location_msgs/msg/detail/mix__rosidl_typesupport_fastrtps_c.h
[4.178s] -- Installing: /home/x650/UAV/ROS2/install/location_msgs/include/location_msgs/location_msgs/msg/detail/defect_box__rosidl_typesupport_fastrtps_c.h
[4.178s] -- Installing: /home/x650/UAV/ROS2/install/location_msgs/include/location_msgs/location_msgs/msg/detail/defects__rosidl_typesupport_fastrtps_c.h
[4.178s] -- Installing: /home/x650/UAV/ROS2/install/location_msgs/include/location_msgs/location_msgs/msg/rosidl_typesupport_fastrtps_c__visibility_control.h
[4.178s] -- Installing: /home/x650/UAV/ROS2/install/location_msgs/lib/liblocation_msgs__rosidl_typesupport_fastrtps_c.so
[4.178s] -- Set runtime path of "/home/x650/UAV/ROS2/install/location_msgs/lib/liblocation_msgs__rosidl_typesupport_fastrtps_c.so" to ""
[4.178s] -- Up-to-date: /home/x650/UAV/ROS2/install/location_msgs/include/location_msgs/location_msgs
[4.179s] -- Up-to-date: /home/x650/UAV/ROS2/install/location_msgs/include/location_msgs/location_msgs/msg
[4.179s] -- Installing: /home/x650/UAV/ROS2/install/location_msgs/include/location_msgs/location_msgs/msg/rosidl_typesupport_introspection_c__visibility_control.h
[4.179s] -- Up-to-date: /home/x650/UAV/ROS2/install/location_msgs/include/location_msgs/location_msgs/msg/detail
[4.179s] -- Installing: /home/x650/UAV/ROS2/install/location_msgs/include/location_msgs/location_msgs/msg/detail/defects__rosidl_typesupport_introspection_c.h
[4.179s] -- Installing: /home/x650/UAV/ROS2/install/location_msgs/include/location_msgs/location_msgs/msg/detail/yaw__type_support.c
[4.179s] -- Installing: /home/x650/UAV/ROS2/install/location_msgs/include/location_msgs/location_msgs/msg/detail/defects__type_support.c
[4.179s] -- Installing: /home/x650/UAV/ROS2/install/location_msgs/include/location_msgs/location_msgs/msg/detail/pixel_point__type_support.c
[4.179s] -- Installing: /home/x650/UAV/ROS2/install/location_msgs/include/location_msgs/location_msgs/msg/detail/pixel_point__rosidl_typesupport_introspection_c.h
[4.179s] -- Installing: /home/x650/UAV/ROS2/install/location_msgs/include/location_msgs/location_msgs/msg/detail/yaw__rosidl_typesupport_introspection_c.h
[4.179s] -- Installing: /home/x650/UAV/ROS2/install/location_msgs/include/location_msgs/location_msgs/msg/detail/mix__type_support.c
[4.180s] -- Installing: /home/x650/UAV/ROS2/install/location_msgs/include/location_msgs/location_msgs/msg/detail/mix__rosidl_typesupport_introspection_c.h
[4.180s] -- Installing: /home/x650/UAV/ROS2/install/location_msgs/include/location_msgs/location_msgs/msg/detail/defect_box__type_support.c
[4.180s] -- Installing: /home/x650/UAV/ROS2/install/location_msgs/include/location_msgs/location_msgs/msg/detail/defect_box__rosidl_typesupport_introspection_c.h
[4.180s] -- Installing: /home/x650/UAV/ROS2/install/location_msgs/lib/liblocation_msgs__rosidl_typesupport_introspection_c.so
[4.180s] -- Set runtime path of "/home/x650/UAV/ROS2/install/location_msgs/lib/liblocation_msgs__rosidl_typesupport_introspection_c.so" to ""
[4.180s] -- Installing: /home/x650/UAV/ROS2/install/location_msgs/lib/liblocation_msgs__rosidl_typesupport_c.so
[4.181s] -- Set runtime path of "/home/x650/UAV/ROS2/install/location_msgs/lib/liblocation_msgs__rosidl_typesupport_c.so" to ""
[4.181s] -- Up-to-date: /home/x650/UAV/ROS2/install/location_msgs/include/location_msgs/location_msgs
[4.181s] -- Up-to-date: /home/x650/UAV/ROS2/install/location_msgs/include/location_msgs/location_msgs/msg
[4.181s] -- Up-to-date: /home/x650/UAV/ROS2/install/location_msgs/include/location_msgs/location_msgs/msg/detail
[4.181s] -- Installing: /home/x650/UAV/ROS2/install/location_msgs/include/location_msgs/location_msgs/msg/detail/defect_box__builder.hpp
[4.181s] -- Installing: /home/x650/UAV/ROS2/install/location_msgs/include/location_msgs/location_msgs/msg/detail/yaw__struct.hpp
[4.181s] -- Installing: /home/x650/UAV/ROS2/install/location_msgs/include/location_msgs/location_msgs/msg/detail/pixel_point__traits.hpp
[4.181s] -- Installing: /home/x650/UAV/ROS2/install/location_msgs/include/location_msgs/location_msgs/msg/detail/yaw__traits.hpp
[4.181s] -- Installing: /home/x650/UAV/ROS2/install/location_msgs/include/location_msgs/location_msgs/msg/detail/yaw__builder.hpp
[4.182s] -- Installing: /home/x650/UAV/ROS2/install/location_msgs/include/location_msgs/location_msgs/msg/detail/defects__builder.hpp
[4.182s] -- Installing: /home/x650/UAV/ROS2/install/location_msgs/include/location_msgs/location_msgs/msg/detail/mix__builder.hpp
[4.182s] -- Installing: /home/x650/UAV/ROS2/install/location_msgs/include/location_msgs/location_msgs/msg/detail/mix__struct.hpp
[4.182s] -- Installing: /home/x650/UAV/ROS2/install/location_msgs/include/location_msgs/location_msgs/msg/detail/defects__struct.hpp
[4.182s] -- Installing: /home/x650/UAV/ROS2/install/location_msgs/include/location_msgs/location_msgs/msg/detail/pixel_point__struct.hpp
[4.182s] -- Installing: /home/x650/UAV/ROS2/install/location_msgs/include/location_msgs/location_msgs/msg/detail/mix__traits.hpp
[4.182s] -- Installing: /home/x650/UAV/ROS2/install/location_msgs/include/location_msgs/location_msgs/msg/detail/pixel_point__builder.hpp
[4.182s] -- Installing: /home/x650/UAV/ROS2/install/location_msgs/include/location_msgs/location_msgs/msg/detail/defects__traits.hpp
[4.183s] -- Installing: /home/x650/UAV/ROS2/install/location_msgs/include/location_msgs/location_msgs/msg/detail/defect_box__struct.hpp
[4.183s] -- Installing: /home/x650/UAV/ROS2/install/location_msgs/include/location_msgs/location_msgs/msg/detail/defect_box__traits.hpp
[4.183s] -- Installing: /home/x650/UAV/ROS2/install/location_msgs/include/location_msgs/location_msgs/msg/defect_box.hpp
[4.183s] -- Installing: /home/x650/UAV/ROS2/install/location_msgs/include/location_msgs/location_msgs/msg/mix.hpp
[4.183s] -- Installing: /home/x650/UAV/ROS2/install/location_msgs/include/location_msgs/location_msgs/msg/pixel_point.hpp
[4.183s] -- Installing: /home/x650/UAV/ROS2/install/location_msgs/include/location_msgs/location_msgs/msg/yaw.hpp
[4.183s] -- Installing: /home/x650/UAV/ROS2/install/location_msgs/include/location_msgs/location_msgs/msg/defects.hpp
[4.183s] -- Up-to-date: /home/x650/UAV/ROS2/install/location_msgs/include/location_msgs/location_msgs
[4.184s] -- Up-to-date: /home/x650/UAV/ROS2/install/location_msgs/include/location_msgs/location_msgs/msg
[4.184s] -- Up-to-date: /home/x650/UAV/ROS2/install/location_msgs/include/location_msgs/location_msgs/msg/detail
[4.184s] -- Installing: /home/x650/UAV/ROS2/install/location_msgs/include/location_msgs/location_msgs/msg/detail/pixel_point__rosidl_typesupport_fastrtps_cpp.hpp
[4.184s] -- Installing: /home/x650/UAV/ROS2/install/location_msgs/include/location_msgs/location_msgs/msg/detail/defects__rosidl_typesupport_fastrtps_cpp.hpp
[4.184s] -- Installing: /home/x650/UAV/ROS2/install/location_msgs/include/location_msgs/location_msgs/msg/detail/mix__rosidl_typesupport_fastrtps_cpp.hpp
[4.184s] -- Installing: /home/x650/UAV/ROS2/install/location_msgs/include/location_msgs/location_msgs/msg/detail/defect_box__rosidl_typesupport_fastrtps_cpp.hpp
[4.184s] -- Installing: /home/x650/UAV/ROS2/install/location_msgs/include/location_msgs/location_msgs/msg/detail/yaw__rosidl_typesupport_fastrtps_cpp.hpp
[4.184s] -- Installing: /home/x650/UAV/ROS2/install/location_msgs/include/location_msgs/location_msgs/msg/detail/dds_fastrtps
[4.184s] -- Installing: /home/x650/UAV/ROS2/install/location_msgs/include/location_msgs/location_msgs/msg/rosidl_typesupport_fastrtps_cpp__visibility_control.h
[4.184s] -- Installing: /home/x650/UAV/ROS2/install/location_msgs/lib/liblocation_msgs__rosidl_typesupport_fastrtps_cpp.so
[4.185s] -- Set runtime path of "/home/x650/UAV/ROS2/install/location_msgs/lib/liblocation_msgs__rosidl_typesupport_fastrtps_cpp.so" to ""
[4.185s] -- Up-to-date: /home/x650/UAV/ROS2/install/location_msgs/include/location_msgs/location_msgs
[4.185s] -- Up-to-date: /home/x650/UAV/ROS2/install/location_msgs/include/location_msgs/location_msgs/msg
[4.185s] -- Up-to-date: /home/x650/UAV/ROS2/install/location_msgs/include/location_msgs/location_msgs/msg/detail
[4.185s] -- Installing: /home/x650/UAV/ROS2/install/location_msgs/include/location_msgs/location_msgs/msg/detail/defect_box__rosidl_typesupport_introspection_cpp.hpp
[4.185s] -- Installing: /home/x650/UAV/ROS2/install/location_msgs/include/location_msgs/location_msgs/msg/detail/defect_box__type_support.cpp
[4.185s] -- Installing: /home/x650/UAV/ROS2/install/location_msgs/include/location_msgs/location_msgs/msg/detail/mix__rosidl_typesupport_introspection_cpp.hpp
[4.185s] -- Installing: /home/x650/UAV/ROS2/install/location_msgs/include/location_msgs/location_msgs/msg/detail/yaw__rosidl_typesupport_introspection_cpp.hpp
[4.185s] -- Installing: /home/x650/UAV/ROS2/install/location_msgs/include/location_msgs/location_msgs/msg/detail/yaw__type_support.cpp
[4.185s] -- Installing: /home/x650/UAV/ROS2/install/location_msgs/include/location_msgs/location_msgs/msg/detail/pixel_point__type_support.cpp
[4.186s] -- Installing: /home/x650/UAV/ROS2/install/location_msgs/include/location_msgs/location_msgs/msg/detail/defects__rosidl_typesupport_introspection_cpp.hpp
[4.186s] -- Installing: /home/x650/UAV/ROS2/install/location_msgs/include/location_msgs/location_msgs/msg/detail/pixel_point__rosidl_typesupport_introspection_cpp.hpp
[4.186s] -- Installing: /home/x650/UAV/ROS2/install/location_msgs/include/location_msgs/location_msgs/msg/detail/defects__type_support.cpp
[4.186s] -- Installing: /home/x650/UAV/ROS2/install/location_msgs/include/location_msgs/location_msgs/msg/detail/mix__type_support.cpp
[4.186s] -- Installing: /home/x650/UAV/ROS2/install/location_msgs/lib/liblocation_msgs__rosidl_typesupport_introspection_cpp.so
[4.187s] -- Set runtime path of "/home/x650/UAV/ROS2/install/location_msgs/lib/liblocation_msgs__rosidl_typesupport_introspection_cpp.so" to ""
[4.187s] -- Installing: /home/x650/UAV/ROS2/install/location_msgs/lib/liblocation_msgs__rosidl_typesupport_cpp.so
[4.187s] -- Set runtime path of "/home/x650/UAV/ROS2/install/location_msgs/lib/liblocation_msgs__rosidl_typesupport_cpp.so" to ""
[4.187s] -- Installing: /home/x650/UAV/ROS2/install/location_msgs/share/location_msgs/environment/pythonpath.sh
[4.187s] -- Installing: /home/x650/UAV/ROS2/install/location_msgs/share/location_msgs/environment/pythonpath.dsv
[4.187s] -- Installing: /home/x650/UAV/ROS2/install/location_msgs/local/lib/python3.10/dist-packages/location_msgs-2.0.0-py3.10.egg-info
[4.187s] -- Installing: /home/x650/UAV/ROS2/install/location_msgs/local/lib/python3.10/dist-packages/location_msgs-2.0.0-py3.10.egg-info/dependency_links.txt
[4.187s] -- Installing: /home/x650/UAV/ROS2/install/location_msgs/local/lib/python3.10/dist-packages/location_msgs-2.0.0-py3.10.egg-info/PKG-INFO
[4.187s] -- Installing: /home/x650/UAV/ROS2/install/location_msgs/local/lib/python3.10/dist-packages/location_msgs-2.0.0-py3.10.egg-info/top_level.txt
[4.187s] -- Installing: /home/x650/UAV/ROS2/install/location_msgs/local/lib/python3.10/dist-packages/location_msgs-2.0.0-py3.10.egg-info/SOURCES.txt
[4.187s] -- Installing: /home/x650/UAV/ROS2/install/location_msgs/local/lib/python3.10/dist-packages/location_msgs
[4.187s] -- Installing: /home/x650/UAV/ROS2/install/location_msgs/local/lib/python3.10/dist-packages/location_msgs/location_msgs_s__rosidl_typesupport_c.cpython-310-x86_64-linux-gnu.so
[4.188s] -- Installing: /home/x650/UAV/ROS2/install/location_msgs/local/lib/python3.10/dist-packages/location_msgs/_location_msgs_s.ep.rosidl_typesupport_fastrtps_c.c
[4.188s] -- Installing: /home/x650/UAV/ROS2/install/location_msgs/local/lib/python3.10/dist-packages/location_msgs/location_msgs_s__rosidl_typesupport_introspection_c.cpython-310-x86_64-linux-gnu.so
[4.188s] -- Installing: /home/x650/UAV/ROS2/install/location_msgs/local/lib/python3.10/dist-packages/location_msgs/liblocation_msgs__rosidl_generator_py.so
[4.188s] -- Installing: /home/x650/UAV/ROS2/install/location_msgs/local/lib/python3.10/dist-packages/location_msgs/location_msgs_s__rosidl_typesupport_fastrtps_c.cpython-310-x86_64-linux-gnu.so
[4.188s] -- Installing: /home/x650/UAV/ROS2/install/location_msgs/local/lib/python3.10/dist-packages/location_msgs/_location_msgs_s.ep.rosidl_typesupport_c.c
[4.188s] -- Installing: /home/x650/UAV/ROS2/install/location_msgs/local/lib/python3.10/dist-packages/location_msgs/_location_msgs_s.ep.rosidl_typesupport_introspection_c.c
[4.188s] -- Installing: /home/x650/UAV/ROS2/install/location_msgs/local/lib/python3.10/dist-packages/location_msgs/__init__.py
[4.188s] -- Installing: /home/x650/UAV/ROS2/install/location_msgs/local/lib/python3.10/dist-packages/location_msgs/msg
[4.188s] -- Installing: /home/x650/UAV/ROS2/install/location_msgs/local/lib/python3.10/dist-packages/location_msgs/msg/_yaw_s.c
[4.188s] -- Installing: /home/x650/UAV/ROS2/install/location_msgs/local/lib/python3.10/dist-packages/location_msgs/msg/_pixel_point_s.c
[4.188s] -- Installing: /home/x650/UAV/ROS2/install/location_msgs/local/lib/python3.10/dist-packages/location_msgs/msg/_defect_box_s.c
[4.188s] -- Installing: /home/x650/UAV/ROS2/install/location_msgs/local/lib/python3.10/dist-packages/location_msgs/msg/_pixel_point.py
[4.188s] -- Installing: /home/x650/UAV/ROS2/install/location_msgs/local/lib/python3.10/dist-packages/location_msgs/msg/__init__.py
[4.188s] -- Installing: /home/x650/UAV/ROS2/install/location_msgs/local/lib/python3.10/dist-packages/location_msgs/msg/_yaw.py
[4.188s] -- Installing: /home/x650/UAV/ROS2/install/location_msgs/local/lib/python3.10/dist-packages/location_msgs/msg/_mix.py
[4.189s] -- Installing: /home/x650/UAV/ROS2/install/location_msgs/local/lib/python3.10/dist-packages/location_msgs/msg/_mix_s.c
[4.189s] -- Installing: /home/x650/UAV/ROS2/install/location_msgs/local/lib/python3.10/dist-packages/location_msgs/msg/_defects.py
[4.189s] -- Installing: /home/x650/UAV/ROS2/install/location_msgs/local/lib/python3.10/dist-packages/location_msgs/msg/_defects_s.c
[4.189s] -- Installing: /home/x650/UAV/ROS2/install/location_msgs/local/lib/python3.10/dist-packages/location_msgs/msg/_defect_box.py
[4.215s] Listing '/home/x650/UAV/ROS2/install/location_msgs/local/lib/python3.10/dist-packages/location_msgs'...
[4.215s] Compiling '/home/x650/UAV/ROS2/install/location_msgs/local/lib/python3.10/dist-packages/location_msgs/__init__.py'...
[4.215s] Listing '/home/x650/UAV/ROS2/install/location_msgs/local/lib/python3.10/dist-packages/location_msgs/msg'...
[4.216s] Compiling '/home/x650/UAV/ROS2/install/location_msgs/local/lib/python3.10/dist-packages/location_msgs/msg/__init__.py'...
[4.216s] Compiling '/home/x650/UAV/ROS2/install/location_msgs/local/lib/python3.10/dist-packages/location_msgs/msg/_defect_box.py'...
[4.216s] Compiling '/home/x650/UAV/ROS2/install/location_msgs/local/lib/python3.10/dist-packages/location_msgs/msg/_defects.py'...
[4.216s] Compiling '/home/x650/UAV/ROS2/install/location_msgs/local/lib/python3.10/dist-packages/location_msgs/msg/_mix.py'...
[4.216s] Compiling '/home/x650/UAV/ROS2/install/location_msgs/local/lib/python3.10/dist-packages/location_msgs/msg/_pixel_point.py'...
[4.216s] Compiling '/home/x650/UAV/ROS2/install/location_msgs/local/lib/python3.10/dist-packages/location_msgs/msg/_yaw.py'...
[4.220s] -- Installing: /home/x650/UAV/ROS2/install/location_msgs/local/lib/python3.10/dist-packages/location_msgs/location_msgs_s__rosidl_typesupport_fastrtps_c.cpython-310-x86_64-linux-gnu.so
[4.220s] -- Set runtime path of "/home/x650/UAV/ROS2/install/location_msgs/local/lib/python3.10/dist-packages/location_msgs/location_msgs_s__rosidl_typesupport_fastrtps_c.cpython-310-x86_64-linux-gnu.so" to ""
[4.220s] -- Installing: /home/x650/UAV/ROS2/install/location_msgs/local/lib/python3.10/dist-packages/location_msgs/location_msgs_s__rosidl_typesupport_introspection_c.cpython-310-x86_64-linux-gnu.so
[4.220s] -- Set runtime path of "/home/x650/UAV/ROS2/install/location_msgs/local/lib/python3.10/dist-packages/location_msgs/location_msgs_s__rosidl_typesupport_introspection_c.cpython-310-x86_64-linux-gnu.so" to ""
[4.221s] -- Installing: /home/x650/UAV/ROS2/install/location_msgs/local/lib/python3.10/dist-packages/location_msgs/location_msgs_s__rosidl_typesupport_c.cpython-310-x86_64-linux-gnu.so
[4.221s] -- Set runtime path of "/home/x650/UAV/ROS2/install/location_msgs/local/lib/python3.10/dist-packages/location_msgs/location_msgs_s__rosidl_typesupport_c.cpython-310-x86_64-linux-gnu.so" to ""
[4.221s] -- Installing: /home/x650/UAV/ROS2/install/location_msgs/lib/liblocation_msgs__rosidl_generator_py.so
[4.221s] -- Set runtime path of "/home/x650/UAV/ROS2/install/location_msgs/lib/liblocation_msgs__rosidl_generator_py.so" to ""
[4.222s] -- Installing: /home/x650/UAV/ROS2/install/location_msgs/share/location_msgs/msg/Mix.idl
[4.222s] -- Installing: /home/x650/UAV/ROS2/install/location_msgs/share/location_msgs/msg/PixelPoint.idl
[4.222s] -- Installing: /home/x650/UAV/ROS2/install/location_msgs/share/location_msgs/msg/DefectBox.idl
[4.222s] -- Installing: /home/x650/UAV/ROS2/install/location_msgs/share/location_msgs/msg/Defects.idl
[4.222s] -- Installing: /home/x650/UAV/ROS2/install/location_msgs/share/location_msgs/msg/Yaw.idl
[4.222s] -- Installing: /home/x650/UAV/ROS2/install/location_msgs/share/location_msgs/msg/Mix.msg
[4.222s] -- Installing: /home/x650/UAV/ROS2/install/location_msgs/share/location_msgs/msg/PixelPoint.msg
[4.223s] -- Installing: /home/x650/UAV/ROS2/install/location_msgs/share/location_msgs/msg/DefectBox.msg
[4.223s] -- Installing: /home/x650/UAV/ROS2/install/location_msgs/share/location_msgs/msg/Defects.msg
[4.223s] -- Installing: /home/x650/UAV/ROS2/install/location_msgs/share/location_msgs/msg/Yaw.msg
[4.223s] -- Installing: /home/x650/UAV/ROS2/install/location_msgs/share/ament_index/resource_index/package_run_dependencies/location_msgs
[4.223s] -- Installing: /home/x650/UAV/ROS2/install/location_msgs/share/ament_index/resource_index/parent_prefix_path/location_msgs
[4.223s] -- Installing: /home/x650/UAV/ROS2/install/location_msgs/share/location_msgs/environment/ament_prefix_path.sh
[4.223s] -- Installing: /home/x650/UAV/ROS2/install/location_msgs/share/location_msgs/environment/ament_prefix_path.dsv
[4.223s] -- Installing: /home/x650/UAV/ROS2/install/location_msgs/share/location_msgs/environment/path.sh
[4.223s] -- Installing: /home/x650/UAV/ROS2/install/location_msgs/share/location_msgs/environment/path.dsv
[4.223s] -- Installing: /home/x650/UAV/ROS2/install/location_msgs/share/location_msgs/local_setup.bash
[4.223s] -- Installing: /home/x650/UAV/ROS2/install/location_msgs/share/location_msgs/local_setup.sh
[4.224s] -- Installing: /home/x650/UAV/ROS2/install/location_msgs/share/location_msgs/local_setup.zsh
[4.224s] -- Installing: /home/x650/UAV/ROS2/install/location_msgs/share/location_msgs/local_setup.dsv
[4.224s] -- Installing: /home/x650/UAV/ROS2/install/location_msgs/share/location_msgs/package.dsv
[4.224s] -- Installing: /home/x650/UAV/ROS2/install/location_msgs/share/ament_index/resource_index/packages/location_msgs
[4.224s] -- Installing: /home/x650/UAV/ROS2/install/location_msgs/share/location_msgs/cmake/export_location_msgs__rosidl_generator_cExport.cmake
[4.224s] -- Installing: /home/x650/UAV/ROS2/install/location_msgs/share/location_msgs/cmake/export_location_msgs__rosidl_generator_cExport-noconfig.cmake
[4.224s] -- Installing: /home/x650/UAV/ROS2/install/location_msgs/share/location_msgs/cmake/export_location_msgs__rosidl_typesupport_fastrtps_cExport.cmake
[4.224s] -- Installing: /home/x650/UAV/ROS2/install/location_msgs/share/location_msgs/cmake/export_location_msgs__rosidl_typesupport_fastrtps_cExport-noconfig.cmake
[4.224s] -- Installing: /home/x650/UAV/ROS2/install/location_msgs/share/location_msgs/cmake/location_msgs__rosidl_typesupport_introspection_cExport.cmake
[4.224s] -- Installing: /home/x650/UAV/ROS2/install/location_msgs/share/location_msgs/cmake/location_msgs__rosidl_typesupport_introspection_cExport-noconfig.cmake
[4.224s] -- Installing: /home/x650/UAV/ROS2/install/location_msgs/share/location_msgs/cmake/location_msgs__rosidl_typesupport_cExport.cmake
[4.224s] -- Installing: /home/x650/UAV/ROS2/install/location_msgs/share/location_msgs/cmake/location_msgs__rosidl_typesupport_cExport-noconfig.cmake
[4.224s] -- Installing: /home/x650/UAV/ROS2/install/location_msgs/share/location_msgs/cmake/export_location_msgs__rosidl_generator_cppExport.cmake
[4.224s] -- Installing: /home/x650/UAV/ROS2/install/location_msgs/share/location_msgs/cmake/export_location_msgs__rosidl_typesupport_fastrtps_cppExport.cmake
[4.225s] -- Installing: /home/x650/UAV/ROS2/install/location_msgs/share/location_msgs/cmake/export_location_msgs__rosidl_typesupport_fastrtps_cppExport-noconfig.cmake
[4.225s] -- Installing: /home/x650/UAV/ROS2/install/location_msgs/share/location_msgs/cmake/location_msgs__rosidl_typesupport_introspection_cppExport.cmake
[4.225s] -- Installing: /home/x650/UAV/ROS2/install/location_msgs/share/location_msgs/cmake/location_msgs__rosidl_typesupport_introspection_cppExport-noconfig.cmake
[4.225s] -- Installing: /home/x650/UAV/ROS2/install/location_msgs/share/location_msgs/cmake/location_msgs__rosidl_typesupport_cppExport.cmake
[4.225s] -- Installing: /home/x650/UAV/ROS2/install/location_msgs/share/location_msgs/cmake/location_msgs__rosidl_typesupport_cppExport-noconfig.cmake
[4.225s] -- Installing: /home/x650/UAV/ROS2/install/location_msgs/share/location_msgs/cmake/export_location_msgs__rosidl_generator_pyExport.cmake
[4.225s] -- Installing: /home/x650/UAV/ROS2/install/location_msgs/share/location_msgs/cmake/export_location_msgs__rosidl_generator_pyExport-noconfig.cmake
[4.225s] -- Installing: /home/x650/UAV/ROS2/install/location_msgs/share/location_msgs/cmake/rosidl_cmake-extras.cmake
[4.225s] -- Installing: /home/x650/UAV/ROS2/install/location_msgs/share/location_msgs/cmake/ament_cmake_export_dependencies-extras.cmake
[4.225s] -- Installing: /home/x650/UAV/ROS2/install/location_msgs/share/location_msgs/cmake/ament_cmake_export_include_directories-extras.cmake
[4.225s] -- Installing: /home/x650/UAV/ROS2/install/location_msgs/share/location_msgs/cmake/ament_cmake_export_libraries-extras.cmake
[4.225s] -- Installing: /home/x650/UAV/ROS2/install/location_msgs/share/location_msgs/cmake/ament_cmake_export_targets-extras.cmake
[4.225s] -- Installing: /home/x650/UAV/ROS2/install/location_msgs/share/location_msgs/cmake/rosidl_cmake_export_typesupport_targets-extras.cmake
[4.225s] -- Installing: /home/x650/UAV/ROS2/install/location_msgs/share/location_msgs/cmake/rosidl_cmake_export_typesupport_libraries-extras.cmake
[4.226s] -- Installing: /home/x650/UAV/ROS2/install/location_msgs/share/location_msgs/cmake/location_msgsConfig.cmake
[4.226s] -- Installing: /home/x650/UAV/ROS2/install/location_msgs/share/location_msgs/cmake/location_msgsConfig-version.cmake
[4.226s] -- Installing: /home/x650/UAV/ROS2/install/location_msgs/share/location_msgs/package.xml
[4.227s] Invoked command in '/home/x650/UAV/ROS2/build/location_msgs' returned '0': CMAKE_PREFIX_PATH=${CMAKE_PREFIX_PATH}:/home/x650/UAV/ROS2/install/uav_patrol:/opt/ros/humble /usr/bin/cmake --install /home/x650/UAV/ROS2/build/location_msgs
