[0.148s] DEBUG:colcon:Command line arguments: ['/usr/bin/colcon', 'build']
[0.149s] DEBUG:colcon:Parsed command line arguments: Namespace(allow_overriding=[], ament_cmake_args=None, base_paths=['.'], build_base='build', catkin_cmake_args=None, catkin_skip_building_tests=False, cmake_args=None, cmake_clean_cache=False, cmake_clean_first=False, cmake_force_configure=False, cmake_target=None, cmake_target_skip_unavailable=False, continue_on_error=False, event_handlers=None, executor='parallel', ignore_user_meta=False, install_base='install', log_base=None, log_level=None, main=<bound method BuildVerb.main of <colcon_core.verb.build.BuildVerb object at 0x7f2ef9cd8b80>>, merge_install=False, metas=['./colcon.meta'], mixin=None, mixin_files=None, mixin_verb=('build',), packages_above=None, packages_above_and_dependencies=None, packages_above_depth=None, packages_end=None, packages_ignore=None, packages_ignore_regex=None, packages_select=None, packages_select_build_failed=False, packages_select_by_dep=None, packages_select_regex=None, packages_select_test_failures=False, packages_skip=None, packages_skip_build_finished=False, packages_skip_by_dep=None, packages_skip_regex=None, packages_skip_test_passed=False, packages_skip_up_to=None, packages_start=None, packages_up_to=None, packages_up_to_regex=None, parallel_workers=8, paths=None, symlink_install=False, test_result_base=None, verb_extension=<colcon_core.verb.build.BuildVerb object at 0x7f2ef9cd8b80>, verb_name='build', verb_parser=<colcon_mixin.mixin.mixin_argument.MixinArgumentDecorator object at 0x7f2ef9ce0820>)
[0.258s] Level 1:colcon.colcon_core.package_discovery:discover_packages(colcon_meta) check parameters
[0.258s] Level 1:colcon.colcon_core.package_discovery:discover_packages(recursive) check parameters
[0.259s] Level 1:colcon.colcon_core.package_discovery:discover_packages(ignore) check parameters
[0.259s] Level 1:colcon.colcon_core.package_discovery:discover_packages(path) check parameters
[0.259s] Level 1:colcon.colcon_core.package_discovery:discover_packages(colcon_meta) discover
[0.259s] Level 1:colcon.colcon_core.package_discovery:discover_packages(recursive) discover
[0.259s] INFO:colcon.colcon_core.package_discovery:Crawling recursively for packages in '/home/xs/UAV/ROS2'
[0.259s] Level 1:colcon.colcon_core.package_identification:_identify(.) by extensions ['ignore', 'ignore_ament_install']
[0.259s] Level 1:colcon.colcon_core.package_identification:_identify(.) by extension 'ignore'
[0.259s] Level 1:colcon.colcon_core.package_identification:_identify(.) by extension 'ignore_ament_install'
[0.259s] Level 1:colcon.colcon_core.package_identification:_identify(.) by extensions ['colcon_pkg']
[0.259s] Level 1:colcon.colcon_core.package_identification:_identify(.) by extension 'colcon_pkg'
[0.259s] Level 1:colcon.colcon_core.package_identification:_identify(.) by extensions ['colcon_meta']
[0.259s] Level 1:colcon.colcon_core.package_identification:_identify(.) by extension 'colcon_meta'
[0.259s] Level 1:colcon.colcon_core.package_identification:_identify(.) by extensions ['ros']
[0.259s] Level 1:colcon.colcon_core.package_identification:_identify(.) by extension 'ros'
[0.266s] Level 1:colcon.colcon_core.package_identification:_identify(.) by extensions ['cmake', 'python']
[0.266s] Level 1:colcon.colcon_core.package_identification:_identify(.) by extension 'cmake'
[0.266s] Level 1:colcon.colcon_core.package_identification:_identify(.) by extension 'python'
[0.266s] Level 1:colcon.colcon_core.package_identification:_identify(.) by extensions ['python_setup_py']
[0.266s] Level 1:colcon.colcon_core.package_identification:_identify(.) by extension 'python_setup_py'
[0.266s] Level 1:colcon.colcon_core.package_identification:_identify(build) by extensions ['ignore', 'ignore_ament_install']
[0.266s] Level 1:colcon.colcon_core.package_identification:_identify(build) by extension 'ignore'
[0.266s] Level 1:colcon.colcon_core.package_identification:_identify(build) ignored
[0.266s] Level 1:colcon.colcon_core.package_identification:_identify(install) by extensions ['ignore', 'ignore_ament_install']
[0.266s] Level 1:colcon.colcon_core.package_identification:_identify(install) by extension 'ignore'
[0.266s] Level 1:colcon.colcon_core.package_identification:_identify(install) ignored
[0.266s] Level 1:colcon.colcon_core.package_identification:_identify(location_msgs) by extensions ['ignore', 'ignore_ament_install']
[0.266s] Level 1:colcon.colcon_core.package_identification:_identify(location_msgs) by extension 'ignore'
[0.266s] Level 1:colcon.colcon_core.package_identification:_identify(location_msgs) by extension 'ignore_ament_install'
[0.266s] Level 1:colcon.colcon_core.package_identification:_identify(location_msgs) by extensions ['colcon_pkg']
[0.266s] Level 1:colcon.colcon_core.package_identification:_identify(location_msgs) by extension 'colcon_pkg'
[0.267s] Level 1:colcon.colcon_core.package_identification:_identify(location_msgs) by extensions ['colcon_meta']
[0.267s] Level 1:colcon.colcon_core.package_identification:_identify(location_msgs) by extension 'colcon_meta'
[0.267s] Level 1:colcon.colcon_core.package_identification:_identify(location_msgs) by extensions ['ros']
[0.267s] Level 1:colcon.colcon_core.package_identification:_identify(location_msgs) by extension 'ros'
[0.268s] DEBUG:colcon.colcon_core.package_identification:Package 'location_msgs' with type 'ros.ament_cmake' and name 'location_msgs'
[0.268s] Level 1:colcon.colcon_core.package_identification:_identify(log) by extensions ['ignore', 'ignore_ament_install']
[0.268s] Level 1:colcon.colcon_core.package_identification:_identify(log) by extension 'ignore'
[0.268s] Level 1:colcon.colcon_core.package_identification:_identify(log) ignored
[0.269s] Level 1:colcon.colcon_core.package_identification:_identify(uav_patrol) by extensions ['ignore', 'ignore_ament_install']
[0.269s] Level 1:colcon.colcon_core.package_identification:_identify(uav_patrol) by extension 'ignore'
[0.269s] Level 1:colcon.colcon_core.package_identification:_identify(uav_patrol) by extension 'ignore_ament_install'
[0.269s] Level 1:colcon.colcon_core.package_identification:_identify(uav_patrol) by extensions ['colcon_pkg']
[0.269s] Level 1:colcon.colcon_core.package_identification:_identify(uav_patrol) by extension 'colcon_pkg'
[0.269s] Level 1:colcon.colcon_core.package_identification:_identify(uav_patrol) by extensions ['colcon_meta']
[0.269s] Level 1:colcon.colcon_core.package_identification:_identify(uav_patrol) by extension 'colcon_meta'
[0.269s] Level 1:colcon.colcon_core.package_identification:_identify(uav_patrol) by extensions ['ros']
[0.269s] Level 1:colcon.colcon_core.package_identification:_identify(uav_patrol) by extension 'ros'
[0.269s] DEBUG:colcon.colcon_core.package_identification:Package 'uav_patrol' with type 'ros.ament_python' and name 'uav_patrol'
[0.269s] Level 1:colcon.colcon_core.package_identification:_identify(weights) by extensions ['ignore', 'ignore_ament_install']
[0.270s] Level 1:colcon.colcon_core.package_identification:_identify(weights) by extension 'ignore'
[0.270s] Level 1:colcon.colcon_core.package_identification:_identify(weights) by extension 'ignore_ament_install'
[0.270s] Level 1:colcon.colcon_core.package_identification:_identify(weights) by extensions ['colcon_pkg']
[0.270s] Level 1:colcon.colcon_core.package_identification:_identify(weights) by extension 'colcon_pkg'
[0.270s] Level 1:colcon.colcon_core.package_identification:_identify(weights) by extensions ['colcon_meta']
[0.270s] Level 1:colcon.colcon_core.package_identification:_identify(weights) by extension 'colcon_meta'
[0.270s] Level 1:colcon.colcon_core.package_identification:_identify(weights) by extensions ['ros']
[0.270s] Level 1:colcon.colcon_core.package_identification:_identify(weights) by extension 'ros'
[0.270s] Level 1:colcon.colcon_core.package_identification:_identify(weights) by extensions ['cmake', 'python']
[0.270s] Level 1:colcon.colcon_core.package_identification:_identify(weights) by extension 'cmake'
[0.270s] Level 1:colcon.colcon_core.package_identification:_identify(weights) by extension 'python'
[0.270s] Level 1:colcon.colcon_core.package_identification:_identify(weights) by extensions ['python_setup_py']
[0.270s] Level 1:colcon.colcon_core.package_identification:_identify(weights) by extension 'python_setup_py'
[0.270s] Level 1:colcon.colcon_core.package_discovery:discover_packages(recursive) using defaults
[0.270s] Level 1:colcon.colcon_core.package_discovery:discover_packages(ignore) discover
[0.270s] Level 1:colcon.colcon_core.package_discovery:discover_packages(ignore) using defaults
[0.270s] Level 1:colcon.colcon_core.package_discovery:discover_packages(path) discover
[0.270s] Level 1:colcon.colcon_core.package_discovery:discover_packages(path) using defaults
[0.288s] Level 1:colcon.colcon_core.package_discovery:discover_packages(prefix_path) check parameters
[0.288s] Level 1:colcon.colcon_core.package_discovery:discover_packages(prefix_path) discover
[0.290s] DEBUG:colcon.colcon_installed_package_information.package_discovery:Found 277 installed packages in /opt/ros/galactic
[0.291s] Level 1:colcon.colcon_core.package_discovery:discover_packages(prefix_path) using defaults
[0.329s] Level 5:colcon.colcon_core.verb:set package 'location_msgs' build argument 'cmake_args' from command line to 'None'
[0.329s] Level 5:colcon.colcon_core.verb:set package 'location_msgs' build argument 'cmake_target' from command line to 'None'
[0.329s] Level 5:colcon.colcon_core.verb:set package 'location_msgs' build argument 'cmake_target_skip_unavailable' from command line to 'False'
[0.329s] Level 5:colcon.colcon_core.verb:set package 'location_msgs' build argument 'cmake_clean_cache' from command line to 'False'
[0.329s] Level 5:colcon.colcon_core.verb:set package 'location_msgs' build argument 'cmake_clean_first' from command line to 'False'
[0.329s] Level 5:colcon.colcon_core.verb:set package 'location_msgs' build argument 'cmake_force_configure' from command line to 'False'
[0.329s] Level 5:colcon.colcon_core.verb:set package 'location_msgs' build argument 'ament_cmake_args' from command line to 'None'
[0.329s] Level 5:colcon.colcon_core.verb:set package 'location_msgs' build argument 'catkin_cmake_args' from command line to 'None'
[0.329s] Level 5:colcon.colcon_core.verb:set package 'location_msgs' build argument 'catkin_skip_building_tests' from command line to 'False'
[0.329s] DEBUG:colcon.colcon_core.verb:Building package 'location_msgs' with the following arguments: {'ament_cmake_args': None, 'build_base': '/home/xs/UAV/ROS2/build/location_msgs', 'catkin_cmake_args': None, 'catkin_skip_building_tests': False, 'cmake_args': None, 'cmake_clean_cache': False, 'cmake_clean_first': False, 'cmake_force_configure': False, 'cmake_target': None, 'cmake_target_skip_unavailable': False, 'install_base': '/home/xs/UAV/ROS2/install/location_msgs', 'merge_install': False, 'path': '/home/xs/UAV/ROS2/location_msgs', 'symlink_install': False, 'test_result_base': None}
[0.330s] Level 5:colcon.colcon_core.verb:set package 'uav_patrol' build argument 'cmake_args' from command line to 'None'
[0.330s] Level 5:colcon.colcon_core.verb:set package 'uav_patrol' build argument 'cmake_target' from command line to 'None'
[0.330s] Level 5:colcon.colcon_core.verb:set package 'uav_patrol' build argument 'cmake_target_skip_unavailable' from command line to 'False'
[0.330s] Level 5:colcon.colcon_core.verb:set package 'uav_patrol' build argument 'cmake_clean_cache' from command line to 'False'
[0.330s] Level 5:colcon.colcon_core.verb:set package 'uav_patrol' build argument 'cmake_clean_first' from command line to 'False'
[0.330s] Level 5:colcon.colcon_core.verb:set package 'uav_patrol' build argument 'cmake_force_configure' from command line to 'False'
[0.330s] Level 5:colcon.colcon_core.verb:set package 'uav_patrol' build argument 'ament_cmake_args' from command line to 'None'
[0.330s] Level 5:colcon.colcon_core.verb:set package 'uav_patrol' build argument 'catkin_cmake_args' from command line to 'None'
[0.330s] Level 5:colcon.colcon_core.verb:set package 'uav_patrol' build argument 'catkin_skip_building_tests' from command line to 'False'
[0.330s] DEBUG:colcon.colcon_core.verb:Building package 'uav_patrol' with the following arguments: {'ament_cmake_args': None, 'build_base': '/home/xs/UAV/ROS2/build/uav_patrol', 'catkin_cmake_args': None, 'catkin_skip_building_tests': False, 'cmake_args': None, 'cmake_clean_cache': False, 'cmake_clean_first': False, 'cmake_force_configure': False, 'cmake_target': None, 'cmake_target_skip_unavailable': False, 'install_base': '/home/xs/UAV/ROS2/install/uav_patrol', 'merge_install': False, 'path': '/home/xs/UAV/ROS2/uav_patrol', 'symlink_install': False, 'test_result_base': None}
[0.330s] INFO:colcon.colcon_core.executor:Executing jobs using 'parallel' executor
[0.331s] DEBUG:colcon.colcon_parallel_executor.executor.parallel:run_until_complete
[0.331s] INFO:colcon.colcon_ros.task.ament_cmake.build:Building ROS package in '/home/xs/UAV/ROS2/location_msgs' with build type 'ament_cmake'
[0.331s] INFO:colcon.colcon_cmake.task.cmake.build:Building CMake package in '/home/xs/UAV/ROS2/location_msgs'
[0.332s] INFO:colcon.colcon_core.plugin_system:Skipping extension 'colcon_core.shell.bat': Not used on non-Windows systems
[0.332s] INFO:colcon.colcon_core.shell:Skip shell extension 'powershell' for command environment: Not usable outside of PowerShell
[0.332s] DEBUG:colcon.colcon_core.shell:Skip shell extension 'dsv' for command environment
[0.339s] DEBUG:colcon.colcon_core.event_handler.log_command:Invoking command in '/home/xs/UAV/ROS2/build/location_msgs': CMAKE_PREFIX_PATH=/opt/ros/galactic /usr/bin/cmake /home/xs/UAV/ROS2/location_msgs -DCMAKE_INSTALL_PREFIX=/home/xs/UAV/ROS2/install/location_msgs
[1.803s] DEBUG:colcon.colcon_core.event_handler.log_command:Invoked command in '/home/xs/UAV/ROS2/build/location_msgs' returned '0': CMAKE_PREFIX_PATH=/opt/ros/galactic /usr/bin/cmake /home/xs/UAV/ROS2/location_msgs -DCMAKE_INSTALL_PREFIX=/home/xs/UAV/ROS2/install/location_msgs
[1.804s] DEBUG:colcon.colcon_core.event_handler.log_command:Invoking command in '/home/xs/UAV/ROS2/build/location_msgs': CMAKE_PREFIX_PATH=/opt/ros/galactic /usr/bin/cmake --build /home/xs/UAV/ROS2/build/location_msgs -- -j8 -l8
[4.882s] DEBUG:colcon.colcon_core.event_handler.log_command:Invoked command in '/home/xs/UAV/ROS2/build/location_msgs' returned '0': CMAKE_PREFIX_PATH=/opt/ros/galactic /usr/bin/cmake --build /home/xs/UAV/ROS2/build/location_msgs -- -j8 -l8
[4.947s] DEBUG:colcon.colcon_core.event_handler.log_command:Invoking command in '/home/xs/UAV/ROS2/build/location_msgs': CMAKE_PREFIX_PATH=/opt/ros/galactic /usr/bin/cmake --install /home/xs/UAV/ROS2/build/location_msgs
[4.992s] Level 1:colcon.colcon_core.environment:create_environment_scripts_only(location_msgs)
[4.992s] DEBUG:colcon.colcon_core.event_handler.log_command:Invoked command in '/home/xs/UAV/ROS2/build/location_msgs' returned '0': CMAKE_PREFIX_PATH=/opt/ros/galactic /usr/bin/cmake --install /home/xs/UAV/ROS2/build/location_msgs
[4.994s] Level 1:colcon.colcon_core.environment:checking '/home/xs/UAV/ROS2/install/location_msgs' for CMake module files
[4.994s] Level 1:colcon.colcon_core.environment:checking '/home/xs/UAV/ROS2/install/location_msgs' for CMake config files
[4.994s] Level 1:colcon.colcon_core.shell:create_environment_hook('location_msgs', 'cmake_prefix_path')
[4.994s] INFO:colcon.colcon_core.shell:Creating environment hook '/home/xs/UAV/ROS2/install/location_msgs/share/location_msgs/hook/cmake_prefix_path.ps1'
[4.995s] INFO:colcon.colcon_core.shell:Creating environment descriptor '/home/xs/UAV/ROS2/install/location_msgs/share/location_msgs/hook/cmake_prefix_path.dsv'
[4.995s] INFO:colcon.colcon_core.shell:Creating environment hook '/home/xs/UAV/ROS2/install/location_msgs/share/location_msgs/hook/cmake_prefix_path.sh'
[4.996s] Level 1:colcon.colcon_core.environment:checking '/home/xs/UAV/ROS2/install/location_msgs/lib'
[4.996s] Level 1:colcon.colcon_core.shell:create_environment_hook('location_msgs', 'ld_library_path_lib')
[4.996s] INFO:colcon.colcon_core.shell:Creating environment hook '/home/xs/UAV/ROS2/install/location_msgs/share/location_msgs/hook/ld_library_path_lib.ps1'
[4.996s] INFO:colcon.colcon_core.shell:Creating environment descriptor '/home/xs/UAV/ROS2/install/location_msgs/share/location_msgs/hook/ld_library_path_lib.dsv'
[4.996s] INFO:colcon.colcon_core.shell:Creating environment hook '/home/xs/UAV/ROS2/install/location_msgs/share/location_msgs/hook/ld_library_path_lib.sh'
[4.997s] Level 1:colcon.colcon_core.environment:checking '/home/xs/UAV/ROS2/install/location_msgs/bin'
[4.997s] Level 1:colcon.colcon_core.environment:checking '/home/xs/UAV/ROS2/install/location_msgs/lib/pkgconfig/location_msgs.pc'
[4.997s] Level 1:colcon.colcon_core.environment:checking '/home/xs/UAV/ROS2/install/location_msgs/lib/python3.8/site-packages'
[4.997s] Level 1:colcon.colcon_core.shell:create_environment_hook('location_msgs', 'pythonpath')
[4.997s] INFO:colcon.colcon_core.shell:Creating environment hook '/home/xs/UAV/ROS2/install/location_msgs/share/location_msgs/hook/pythonpath.ps1'
[4.997s] INFO:colcon.colcon_core.shell:Creating environment descriptor '/home/xs/UAV/ROS2/install/location_msgs/share/location_msgs/hook/pythonpath.dsv'
[4.997s] INFO:colcon.colcon_core.shell:Creating environment hook '/home/xs/UAV/ROS2/install/location_msgs/share/location_msgs/hook/pythonpath.sh'
[4.998s] Level 1:colcon.colcon_core.environment:checking '/home/xs/UAV/ROS2/install/location_msgs/bin'
[4.998s] INFO:colcon.colcon_core.shell:Creating package script '/home/xs/UAV/ROS2/install/location_msgs/share/location_msgs/package.ps1'
[4.998s] INFO:colcon.colcon_core.shell:Creating package descriptor '/home/xs/UAV/ROS2/install/location_msgs/share/location_msgs/package.dsv'
[4.999s] INFO:colcon.colcon_core.shell:Creating package script '/home/xs/UAV/ROS2/install/location_msgs/share/location_msgs/package.sh'
[4.999s] INFO:colcon.colcon_core.shell:Creating package script '/home/xs/UAV/ROS2/install/location_msgs/share/location_msgs/package.bash'
[5.000s] INFO:colcon.colcon_core.shell:Creating package script '/home/xs/UAV/ROS2/install/location_msgs/share/location_msgs/package.zsh'
[5.000s] Level 1:colcon.colcon_core.environment:create_file_with_runtime_dependencies(/home/xs/UAV/ROS2/install/location_msgs/share/colcon-core/packages/location_msgs)
[5.060s] Level 1:colcon.colcon_core.environment:create_environment_scripts_only(location_msgs)
[5.060s] Level 1:colcon.colcon_core.environment:checking '/home/xs/UAV/ROS2/install/location_msgs' for CMake module files
[5.061s] Level 1:colcon.colcon_core.environment:checking '/home/xs/UAV/ROS2/install/location_msgs' for CMake config files
[5.061s] Level 1:colcon.colcon_core.shell:create_environment_hook('location_msgs', 'cmake_prefix_path')
[5.061s] INFO:colcon.colcon_core.shell:Creating environment hook '/home/xs/UAV/ROS2/install/location_msgs/share/location_msgs/hook/cmake_prefix_path.ps1'
[5.062s] INFO:colcon.colcon_core.shell:Creating environment descriptor '/home/xs/UAV/ROS2/install/location_msgs/share/location_msgs/hook/cmake_prefix_path.dsv'
[5.062s] INFO:colcon.colcon_core.shell:Creating environment hook '/home/xs/UAV/ROS2/install/location_msgs/share/location_msgs/hook/cmake_prefix_path.sh'
[5.062s] Level 1:colcon.colcon_core.environment:checking '/home/xs/UAV/ROS2/install/location_msgs/lib'
[5.062s] Level 1:colcon.colcon_core.shell:create_environment_hook('location_msgs', 'ld_library_path_lib')
[5.063s] INFO:colcon.colcon_core.shell:Creating environment hook '/home/xs/UAV/ROS2/install/location_msgs/share/location_msgs/hook/ld_library_path_lib.ps1'
[5.063s] INFO:colcon.colcon_core.shell:Creating environment descriptor '/home/xs/UAV/ROS2/install/location_msgs/share/location_msgs/hook/ld_library_path_lib.dsv'
[5.063s] INFO:colcon.colcon_core.shell:Creating environment hook '/home/xs/UAV/ROS2/install/location_msgs/share/location_msgs/hook/ld_library_path_lib.sh'
[5.063s] Level 1:colcon.colcon_core.environment:checking '/home/xs/UAV/ROS2/install/location_msgs/bin'
[5.063s] Level 1:colcon.colcon_core.environment:checking '/home/xs/UAV/ROS2/install/location_msgs/lib/pkgconfig/location_msgs.pc'
[5.063s] Level 1:colcon.colcon_core.environment:checking '/home/xs/UAV/ROS2/install/location_msgs/lib/python3.8/site-packages'
[5.063s] Level 1:colcon.colcon_core.shell:create_environment_hook('location_msgs', 'pythonpath')
[5.064s] INFO:colcon.colcon_core.shell:Creating environment hook '/home/xs/UAV/ROS2/install/location_msgs/share/location_msgs/hook/pythonpath.ps1'
[5.064s] INFO:colcon.colcon_core.shell:Creating environment descriptor '/home/xs/UAV/ROS2/install/location_msgs/share/location_msgs/hook/pythonpath.dsv'
[5.064s] INFO:colcon.colcon_core.shell:Creating environment hook '/home/xs/UAV/ROS2/install/location_msgs/share/location_msgs/hook/pythonpath.sh'
[5.064s] Level 1:colcon.colcon_core.environment:checking '/home/xs/UAV/ROS2/install/location_msgs/bin'
[5.064s] INFO:colcon.colcon_core.shell:Creating package script '/home/xs/UAV/ROS2/install/location_msgs/share/location_msgs/package.ps1'
[5.065s] INFO:colcon.colcon_core.shell:Creating package descriptor '/home/xs/UAV/ROS2/install/location_msgs/share/location_msgs/package.dsv'
[5.065s] INFO:colcon.colcon_core.shell:Creating package script '/home/xs/UAV/ROS2/install/location_msgs/share/location_msgs/package.sh'
[5.065s] INFO:colcon.colcon_core.shell:Creating package script '/home/xs/UAV/ROS2/install/location_msgs/share/location_msgs/package.bash'
[5.066s] INFO:colcon.colcon_core.shell:Creating package script '/home/xs/UAV/ROS2/install/location_msgs/share/location_msgs/package.zsh'
[5.066s] Level 1:colcon.colcon_core.environment:create_file_with_runtime_dependencies(/home/xs/UAV/ROS2/install/location_msgs/share/colcon-core/packages/location_msgs)
[5.066s] INFO:colcon.colcon_ros.task.ament_python.build:Building ROS package in '/home/xs/UAV/ROS2/uav_patrol' with build type 'ament_python'
[5.066s] Level 1:colcon.colcon_core.shell:create_environment_hook('uav_patrol', 'ament_prefix_path')
[5.066s] INFO:colcon.colcon_core.shell:Creating environment hook '/home/xs/UAV/ROS2/install/uav_patrol/share/uav_patrol/hook/ament_prefix_path.ps1'
[5.067s] INFO:colcon.colcon_core.shell:Creating environment descriptor '/home/xs/UAV/ROS2/install/uav_patrol/share/uav_patrol/hook/ament_prefix_path.dsv'
[5.067s] INFO:colcon.colcon_core.shell:Creating environment hook '/home/xs/UAV/ROS2/install/uav_patrol/share/uav_patrol/hook/ament_prefix_path.sh'
[5.067s] INFO:colcon.colcon_core.shell:Skip shell extension 'powershell' for command environment: Not usable outside of PowerShell
[5.067s] DEBUG:colcon.colcon_core.shell:Skip shell extension 'dsv' for command environment
[5.230s] INFO:colcon.colcon_core.task.python.build:Building Python package in '/home/xs/UAV/ROS2/uav_patrol'
[5.231s] INFO:colcon.colcon_core.shell:Skip shell extension 'powershell' for command environment: Not usable outside of PowerShell
[5.231s] DEBUG:colcon.colcon_core.shell:Skip shell extension 'dsv' for command environment
[5.544s] DEBUG:colcon.colcon_core.event_handler.log_command:Invoking command in '/home/xs/UAV/ROS2/uav_patrol': AMENT_PREFIX_PATH=/home/xs/UAV/ROS2/install/location_msgs:${AMENT_PREFIX_PATH} CMAKE_PREFIX_PATH=/home/xs/UAV/ROS2/install/location_msgs LD_LIBRARY_PATH=/home/xs/UAV/ROS2/install/location_msgs/lib:${LD_LIBRARY_PATH} PYTHONPATH=/home/xs/UAV/ROS2/build/uav_patrol/prefix_override:/home/xs/UAV/ROS2/install/uav_patrol/lib/python3.8/site-packages:/home/xs/UAV/ROS2/install/location_msgs/lib/python3.8/site-packages:${PYTHONPATH} /usr/bin/python3 -W ignore:setup.py install is deprecated setup.py egg_info --egg-base ../build/uav_patrol build --build-base /home/xs/UAV/ROS2/build/uav_patrol/build install --record /home/xs/UAV/ROS2/build/uav_patrol/install.log --single-version-externally-managed install_data
[5.772s] Level 1:colcon.colcon_core.environment:checking '/home/xs/UAV/ROS2/install/uav_patrol' for CMake module files
[5.772s] DEBUG:colcon.colcon_core.event_handler.log_command:Invoked command in '/home/xs/UAV/ROS2/uav_patrol' returned '0': AMENT_PREFIX_PATH=/home/xs/UAV/ROS2/install/location_msgs:${AMENT_PREFIX_PATH} CMAKE_PREFIX_PATH=/home/xs/UAV/ROS2/install/location_msgs LD_LIBRARY_PATH=/home/xs/UAV/ROS2/install/location_msgs/lib:${LD_LIBRARY_PATH} PYTHONPATH=/home/xs/UAV/ROS2/build/uav_patrol/prefix_override:/home/xs/UAV/ROS2/install/uav_patrol/lib/python3.8/site-packages:/home/xs/UAV/ROS2/install/location_msgs/lib/python3.8/site-packages:${PYTHONPATH} /usr/bin/python3 -W ignore:setup.py install is deprecated setup.py egg_info --egg-base ../build/uav_patrol build --build-base /home/xs/UAV/ROS2/build/uav_patrol/build install --record /home/xs/UAV/ROS2/build/uav_patrol/install.log --single-version-externally-managed install_data
[5.772s] Level 1:colcon.colcon_core.environment:checking '/home/xs/UAV/ROS2/install/uav_patrol' for CMake config files
[5.773s] Level 1:colcon.colcon_core.environment:checking '/home/xs/UAV/ROS2/install/uav_patrol/lib'
[5.773s] Level 1:colcon.colcon_core.environment:checking '/home/xs/UAV/ROS2/install/uav_patrol/bin'
[5.773s] Level 1:colcon.colcon_core.environment:checking '/home/xs/UAV/ROS2/install/uav_patrol/lib/pkgconfig/uav_patrol.pc'
[5.773s] Level 1:colcon.colcon_core.environment:checking '/home/xs/UAV/ROS2/install/uav_patrol/lib/python3.8/site-packages'
[5.773s] Level 1:colcon.colcon_core.shell:create_environment_hook('uav_patrol', 'pythonpath')
[5.773s] INFO:colcon.colcon_core.shell:Creating environment hook '/home/xs/UAV/ROS2/install/uav_patrol/share/uav_patrol/hook/pythonpath.ps1'
[5.774s] INFO:colcon.colcon_core.shell:Creating environment descriptor '/home/xs/UAV/ROS2/install/uav_patrol/share/uav_patrol/hook/pythonpath.dsv'
[5.774s] INFO:colcon.colcon_core.shell:Creating environment hook '/home/xs/UAV/ROS2/install/uav_patrol/share/uav_patrol/hook/pythonpath.sh'
[5.774s] Level 1:colcon.colcon_core.environment:checking '/home/xs/UAV/ROS2/install/uav_patrol/bin'
[5.774s] Level 1:colcon.colcon_core.environment:create_environment_scripts_only(uav_patrol)
[5.774s] INFO:colcon.colcon_core.shell:Creating package script '/home/xs/UAV/ROS2/install/uav_patrol/share/uav_patrol/package.ps1'
[5.775s] INFO:colcon.colcon_core.shell:Creating package descriptor '/home/xs/UAV/ROS2/install/uav_patrol/share/uav_patrol/package.dsv'
[5.775s] INFO:colcon.colcon_core.shell:Creating package script '/home/xs/UAV/ROS2/install/uav_patrol/share/uav_patrol/package.sh'
[5.775s] INFO:colcon.colcon_core.shell:Creating package script '/home/xs/UAV/ROS2/install/uav_patrol/share/uav_patrol/package.bash'
[5.775s] INFO:colcon.colcon_core.shell:Creating package script '/home/xs/UAV/ROS2/install/uav_patrol/share/uav_patrol/package.zsh'
[5.775s] Level 1:colcon.colcon_core.environment:create_file_with_runtime_dependencies(/home/xs/UAV/ROS2/install/uav_patrol/share/colcon-core/packages/uav_patrol)
[5.775s] DEBUG:colcon.colcon_parallel_executor.executor.parallel:closing loop
[5.776s] DEBUG:colcon.colcon_parallel_executor.executor.parallel:loop closed
[5.776s] DEBUG:colcon.colcon_parallel_executor.executor.parallel:run_until_complete finished with '0'
[5.776s] DEBUG:colcon.colcon_core.event_reactor:joining thread
[5.779s] INFO:colcon.colcon_core.plugin_system:Skipping extension 'colcon_notification.desktop_notification.terminal_notifier': Not used on non-Darwin systems
[5.780s] INFO:colcon.colcon_core.plugin_system:Skipping extension 'colcon_notification.desktop_notification.win32': Not used on non-Windows systems
[5.780s] INFO:colcon.colcon_notification.desktop_notification:Sending desktop notification using 'notify2'
[5.787s] DEBUG:colcon.colcon_core.event_reactor:joined thread
[5.787s] INFO:colcon.colcon_core.shell:Creating prefix script '/home/xs/UAV/ROS2/install/local_setup.ps1'
[5.788s] INFO:colcon.colcon_core.shell:Creating prefix util module '/home/xs/UAV/ROS2/install/_local_setup_util_ps1.py'
[5.790s] INFO:colcon.colcon_core.shell:Creating prefix chain script '/home/xs/UAV/ROS2/install/setup.ps1'
[5.790s] INFO:colcon.colcon_core.shell:Creating prefix script '/home/xs/UAV/ROS2/install/local_setup.sh'
[5.791s] INFO:colcon.colcon_core.shell:Creating prefix util module '/home/xs/UAV/ROS2/install/_local_setup_util_sh.py'
[5.791s] INFO:colcon.colcon_core.shell:Creating prefix chain script '/home/xs/UAV/ROS2/install/setup.sh'
[5.792s] INFO:colcon.colcon_core.shell:Creating prefix script '/home/xs/UAV/ROS2/install/local_setup.bash'
[5.792s] INFO:colcon.colcon_core.shell:Creating prefix chain script '/home/xs/UAV/ROS2/install/setup.bash'
[5.792s] INFO:colcon.colcon_core.shell:Creating prefix script '/home/xs/UAV/ROS2/install/local_setup.zsh'
[5.792s] INFO:colcon.colcon_core.shell:Creating prefix chain script '/home/xs/UAV/ROS2/install/setup.zsh'
