[0.858s] Invoking command in '/home/xs/UAV/ROS2/ctrl_relayer': PYTHONPATH=/home/xs/UAV/ROS2/build/ctrl_relayer/prefix_override:/home/xs/UAV/ROS2/install/ctrl_relayer/lib/python3.8/site-packages:${PYTHONPATH} /usr/bin/python3 -W ignore:setup.py install is deprecated setup.py egg_info --egg-base ../build/ctrl_relayer build --build-base /home/xs/UAV/ROS2/build/ctrl_relayer/build install --record /home/xs/UAV/ROS2/build/ctrl_relayer/install.log --single-version-externally-managed install_data
[1.025s] running egg_info
[1.025s] creating ../build/ctrl_relayer/ctrl_relayer.egg-info
[1.025s] writing ../build/ctrl_relayer/ctrl_relayer.egg-info/PKG-INFO
[1.026s] writing dependency_links to ../build/ctrl_relayer/ctrl_relayer.egg-info/dependency_links.txt
[1.026s] writing entry points to ../build/ctrl_relayer/ctrl_relayer.egg-info/entry_points.txt
[1.026s] writing requirements to ../build/ctrl_relayer/ctrl_relayer.egg-info/requires.txt
[1.026s] writing top-level names to ../build/ctrl_relayer/ctrl_relayer.egg-info/top_level.txt
[1.028s] writing manifest file '../build/ctrl_relayer/ctrl_relayer.egg-info/SOURCES.txt'
[1.067s] reading manifest file '../build/ctrl_relayer/ctrl_relayer.egg-info/SOURCES.txt'
[1.068s] writing manifest file '../build/ctrl_relayer/ctrl_relayer.egg-info/SOURCES.txt'
[1.068s] running build
[1.068s] running build_py
[1.068s] creating /home/xs/UAV/ROS2/build/ctrl_relayer/build
[1.068s] creating /home/xs/UAV/ROS2/build/ctrl_relayer/build/lib
[1.068s] creating /home/xs/UAV/ROS2/build/ctrl_relayer/build/lib/ctrl_relayer
[1.068s] copying ctrl_relayer/__init__.py -> /home/xs/UAV/ROS2/build/ctrl_relayer/build/lib/ctrl_relayer
[1.068s] copying ctrl_relayer/cmd_subscriber.py -> /home/xs/UAV/ROS2/build/ctrl_relayer/build/lib/ctrl_relayer
[1.068s] running install
[1.069s] running install_lib
[1.070s] creating /home/xs/UAV/ROS2/install/ctrl_relayer/lib/python3.8/site-packages/ctrl_relayer
[1.070s] copying /home/xs/UAV/ROS2/build/ctrl_relayer/build/lib/ctrl_relayer/__init__.py -> /home/xs/UAV/ROS2/install/ctrl_relayer/lib/python3.8/site-packages/ctrl_relayer
[1.070s] copying /home/xs/UAV/ROS2/build/ctrl_relayer/build/lib/ctrl_relayer/cmd_subscriber.py -> /home/xs/UAV/ROS2/install/ctrl_relayer/lib/python3.8/site-packages/ctrl_relayer
[1.070s] byte-compiling /home/xs/UAV/ROS2/install/ctrl_relayer/lib/python3.8/site-packages/ctrl_relayer/__init__.py to __init__.cpython-38.pyc
[1.071s] byte-compiling /home/xs/UAV/ROS2/install/ctrl_relayer/lib/python3.8/site-packages/ctrl_relayer/cmd_subscriber.py to cmd_subscriber.cpython-38.pyc
[1.071s] running install_data
[1.072s] creating /home/xs/UAV/ROS2/install/ctrl_relayer/share/ament_index
[1.072s] creating /home/xs/UAV/ROS2/install/ctrl_relayer/share/ament_index/resource_index
[1.072s] creating /home/xs/UAV/ROS2/install/ctrl_relayer/share/ament_index/resource_index/packages
[1.072s] copying resource/ctrl_relayer -> /home/xs/UAV/ROS2/install/ctrl_relayer/share/ament_index/resource_index/packages
[1.072s] copying package.xml -> /home/xs/UAV/ROS2/install/ctrl_relayer/share/ctrl_relayer
[1.072s] copying launch/ctrl_relayer.launch.py -> /home/xs/UAV/ROS2/install/ctrl_relayer/share/ctrl_relayer
[1.072s] running install_egg_info
[1.073s] Copying ../build/ctrl_relayer/ctrl_relayer.egg-info to /home/xs/UAV/ROS2/install/ctrl_relayer/lib/python3.8/site-packages/ctrl_relayer-0.0.0-py3.8.egg-info
[1.074s] running install_scripts
[1.087s] Installing cmd_subscriber script to /home/xs/UAV/ROS2/install/ctrl_relayer/lib/ctrl_relayer
[1.088s] writing list of installed files to '/home/xs/UAV/ROS2/build/ctrl_relayer/install.log'
[1.107s] Invoked command in '/home/xs/UAV/ROS2/ctrl_relayer' returned '0': PYTHONPATH=/home/xs/UAV/ROS2/build/ctrl_relayer/prefix_override:/home/xs/UAV/ROS2/install/ctrl_relayer/lib/python3.8/site-packages:${PYTHONPATH} /usr/bin/python3 -W ignore:setup.py install is deprecated setup.py egg_info --egg-base ../build/ctrl_relayer build --build-base /home/xs/UAV/ROS2/build/ctrl_relayer/build install --record /home/xs/UAV/ROS2/build/ctrl_relayer/install.log --single-version-externally-managed install_data
