[0.501s] Invoking command in '/home/x650/UAV/ROS2/uav_patrol': PYTHONPATH=/home/x650/UAV/ROS2/build/uav_patrol/prefix_override:/usr/lib/python3/dist-packages/colcon_core/task/python/colcon_distutils_commands:/home/x650/UAV/ROS2/install/uav_patrol/lib/python3.10/site-packages:${PYTHONPATH} /usr/bin/python3 -W ignore:setup.py install is deprecated setup.py egg_info --egg-base ../build/uav_patrol build --build-base /home/x650/UAV/ROS2/build/uav_patrol/build install --record /home/x650/UAV/ROS2/build/uav_patrol/install.log --single-version-externally-managed install_data
[0.662s] running egg_info
[0.670s] writing ../build/uav_patrol/uav_patrol.egg-info/PKG-INFO
[0.670s] writing dependency_links to ../build/uav_patrol/uav_patrol.egg-info/dependency_links.txt
[0.670s] writing entry points to ../build/uav_patrol/uav_patrol.egg-info/entry_points.txt
[0.671s] writing requirements to ../build/uav_patrol/uav_patrol.egg-info/requires.txt
[0.671s] writing top-level names to ../build/uav_patrol/uav_patrol.egg-info/top_level.txt
[0.690s] reading manifest file '../build/uav_patrol/uav_patrol.egg-info/SOURCES.txt'
[0.690s] writing manifest file '../build/uav_patrol/uav_patrol.egg-info/SOURCES.txt'
[0.691s] running build
[0.691s] running build_py
[0.691s] copying uav_patrol/yolo_detector/__init__.py -> /home/x650/UAV/ROS2/build/uav_patrol/build/lib/uav_patrol/yolo_detector
[0.691s] copying uav_patrol/yolo_detector/yolo_detector.py -> /home/x650/UAV/ROS2/build/uav_patrol/build/lib/uav_patrol/yolo_detector
[0.691s] copying uav_patrol/drone_controller/__init__.py -> /home/x650/UAV/ROS2/build/uav_patrol/build/lib/uav_patrol/drone_controller
[0.691s] copying uav_patrol/drone_controller/drone_controller_2.py -> /home/x650/UAV/ROS2/build/uav_patrol/build/lib/uav_patrol/drone_controller
[0.691s] copying uav_patrol/drone_controller/drone_controller_3.py -> /home/x650/UAV/ROS2/build/uav_patrol/build/lib/uav_patrol/drone_controller
[0.691s] copying uav_patrol/drone_controller/drone_controller.py -> /home/x650/UAV/ROS2/build/uav_patrol/build/lib/uav_patrol/drone_controller
[0.691s] copying uav_patrol/gps_simulator/gps_simulator.py -> /home/x650/UAV/ROS2/build/uav_patrol/build/lib/uav_patrol/gps_simulator
[0.691s] copying uav_patrol/gps_simulator/__init__.py -> /home/x650/UAV/ROS2/build/uav_patrol/build/lib/uav_patrol/gps_simulator
[0.692s] copying uav_patrol/tf_converter/tf_converter.py -> /home/x650/UAV/ROS2/build/uav_patrol/build/lib/uav_patrol/tf_converter
[0.692s] copying uav_patrol/usb_cam/opencv_test.py -> /home/x650/UAV/ROS2/build/uav_patrol/build/lib/uav_patrol/usb_cam
[0.692s] copying uav_patrol/usb_cam/usb_cam_test.py -> /home/x650/UAV/ROS2/build/uav_patrol/build/lib/uav_patrol/usb_cam
[0.692s] running install
[0.695s] running install_lib
[0.704s] copying /home/x650/UAV/ROS2/build/uav_patrol/build/lib/uav_patrol/drone_controller/drone_controller_2.py -> /home/x650/UAV/ROS2/install/uav_patrol/lib/python3.10/site-packages/uav_patrol/drone_controller
[0.705s] byte-compiling /home/x650/UAV/ROS2/install/uav_patrol/lib/python3.10/site-packages/uav_patrol/drone_controller/drone_controller_2.py to drone_controller_2.cpython-310.pyc
[0.706s] running install_data
[0.706s] copying launch/uav_patrol.launch.py -> /home/x650/UAV/ROS2/install/uav_patrol/share/uav_patrol
[0.706s] running install_egg_info
[0.715s] removing '/home/x650/UAV/ROS2/install/uav_patrol/lib/python3.10/site-packages/uav_patrol-0.0.0-py3.10.egg-info' (and everything under it)
[0.715s] Copying ../build/uav_patrol/uav_patrol.egg-info to /home/x650/UAV/ROS2/install/uav_patrol/lib/python3.10/site-packages/uav_patrol-0.0.0-py3.10.egg-info
[0.716s] running install_scripts
[0.793s] Installing drone_controller script to /home/x650/UAV/ROS2/install/uav_patrol/lib/uav_patrol
[0.793s] Installing drone_controller_2 script to /home/x650/UAV/ROS2/install/uav_patrol/lib/uav_patrol
[0.793s] Installing drone_controller_3 script to /home/x650/UAV/ROS2/install/uav_patrol/lib/uav_patrol
[0.793s] Installing gps_simulator script to /home/x650/UAV/ROS2/install/uav_patrol/lib/uav_patrol
[0.793s] Installing opencv_test script to /home/x650/UAV/ROS2/install/uav_patrol/lib/uav_patrol
[0.793s] Installing tf_converter script to /home/x650/UAV/ROS2/install/uav_patrol/lib/uav_patrol
[0.793s] Installing uav2cam_broadcaster script to /home/x650/UAV/ROS2/install/uav_patrol/lib/uav_patrol
[0.793s] Installing usb_cam_test script to /home/x650/UAV/ROS2/install/uav_patrol/lib/uav_patrol
[0.793s] Installing yolo_detector script to /home/x650/UAV/ROS2/install/uav_patrol/lib/uav_patrol
[0.794s] writing list of installed files to '/home/x650/UAV/ROS2/build/uav_patrol/install.log'
[0.811s] Invoked command in '/home/x650/UAV/ROS2/uav_patrol' returned '0': PYTHONPATH=/home/x650/UAV/ROS2/build/uav_patrol/prefix_override:/usr/lib/python3/dist-packages/colcon_core/task/python/colcon_distutils_commands:/home/x650/UAV/ROS2/install/uav_patrol/lib/python3.10/site-packages:${PYTHONPATH} /usr/bin/python3 -W ignore:setup.py install is deprecated setup.py egg_info --egg-base ../build/uav_patrol build --build-base /home/x650/UAV/ROS2/build/uav_patrol/build install --record /home/x650/UAV/ROS2/build/uav_patrol/install.log --single-version-externally-managed install_data
