[0.027s] Invoking command in '/home/xs/UAV/ROS2/build/nmea_msgs': CMAKE_PREFIX_PATH=/opt/ros/galactic /usr/bin/cmake --build /home/xs/UAV/ROS2/build/nmea_msgs -- -j8 -l8
[0.626s] [  0%] Built target nmea_msgs__cpp
[0.626s] [ 12%] Built target nmea_msgs__rosidl_generator_c
[0.627s] [ 24%] Built target nmea_msgs__rosidl_typesupport_cpp
[0.627s] [ 36%] Built target nmea_msgs__rosidl_typesupport_introspection_c
[0.628s] [ 59%] Built target nmea_msgs__rosidl_typesupport_fastrtps_cpp
[0.628s] [ 59%] Built target nmea_msgs__rosidl_typesupport_introspection_cpp
[0.628s] [ 71%] Built target nmea_msgs__rosidl_typesupport_c
[0.628s] [ 83%] Built target nmea_msgs__rosidl_typesupport_fastrtps_c
[0.628s] [ 83%] Built target nmea_msgs
[0.628s] [ 84%] Built target nmea_msgs__py
[0.628s] [ 95%] Built target nmea_msgs__python
[0.628s] [ 96%] Built target nmea_msgs__rosidl_typesupport_c__pyext
[0.629s] [ 98%] Built target nmea_msgs__rosidl_typesupport_fastrtps_c__pyext
[0.629s] [100%] Built target nmea_msgs__rosidl_typesupport_introspection_c__pyext
[0.629s] Invoked command in '/home/xs/UAV/ROS2/build/nmea_msgs' returned '0': CMAKE_PREFIX_PATH=/opt/ros/galactic /usr/bin/cmake --build /home/xs/UAV/ROS2/build/nmea_msgs -- -j8 -l8
[0.756s] Invoking command in '/home/xs/UAV/ROS2/build/nmea_msgs': CMAKE_PREFIX_PATH=/opt/ros/galactic /usr/bin/cmake --install /home/xs/UAV/ROS2/build/nmea_msgs
[0.764s] -- Install configuration: ""
[0.764s] -- Up-to-date: /home/xs/UAV/ROS2/install/nmea_msgs/share/ament_index/resource_index/rosidl_interfaces/nmea_msgs
[0.764s] -- Up-to-date: /home/xs/UAV/ROS2/install/nmea_msgs/include/nmea_msgs
[0.764s] -- Up-to-date: /home/xs/UAV/ROS2/install/nmea_msgs/include/nmea_msgs/msg
[0.765s] -- Up-to-date: /home/xs/UAV/ROS2/install/nmea_msgs/include/nmea_msgs/msg/gpgsv.h
[0.765s] -- Up-to-date: /home/xs/UAV/ROS2/install/nmea_msgs/include/nmea_msgs/msg/gpgga.h
[0.765s] -- Up-to-date: /home/xs/UAV/ROS2/install/nmea_msgs/include/nmea_msgs/msg/defect_box.h
[0.765s] -- Up-to-date: /home/xs/UAV/ROS2/install/nmea_msgs/include/nmea_msgs/msg/gpgst.h
[0.765s] -- Up-to-date: /home/xs/UAV/ROS2/install/nmea_msgs/include/nmea_msgs/msg/gprmc.h
[0.765s] -- Up-to-date: /home/xs/UAV/ROS2/install/nmea_msgs/include/nmea_msgs/msg/defects.h
[0.765s] -- Up-to-date: /home/xs/UAV/ROS2/install/nmea_msgs/include/nmea_msgs/msg/sentence.h
[0.765s] -- Up-to-date: /home/xs/UAV/ROS2/install/nmea_msgs/include/nmea_msgs/msg/detail
[0.766s] -- Up-to-date: /home/xs/UAV/ROS2/install/nmea_msgs/include/nmea_msgs/msg/detail/gpgsv_satellite__struct.h
[0.766s] -- Up-to-date: /home/xs/UAV/ROS2/install/nmea_msgs/include/nmea_msgs/msg/detail/gpgst__struct.h
[0.766s] -- Up-to-date: /home/xs/UAV/ROS2/install/nmea_msgs/include/nmea_msgs/msg/detail/gpgsv_satellite__functions.h
[0.766s] -- Up-to-date: /home/xs/UAV/ROS2/install/nmea_msgs/include/nmea_msgs/msg/detail/defect_box__functions.c
[0.766s] -- Up-to-date: /home/xs/UAV/ROS2/install/nmea_msgs/include/nmea_msgs/msg/detail/gprmc__functions.c
[0.766s] -- Up-to-date: /home/xs/UAV/ROS2/install/nmea_msgs/include/nmea_msgs/msg/detail/gps_fix__type_support.h
[0.766s] -- Up-to-date: /home/xs/UAV/ROS2/install/nmea_msgs/include/nmea_msgs/msg/detail/gpgsa__functions.h
[0.766s] -- Up-to-date: /home/xs/UAV/ROS2/install/nmea_msgs/include/nmea_msgs/msg/detail/gps_fix__struct.h
[0.766s] -- Up-to-date: /home/xs/UAV/ROS2/install/nmea_msgs/include/nmea_msgs/msg/detail/gpgsv__functions.h
[0.766s] -- Up-to-date: /home/xs/UAV/ROS2/install/nmea_msgs/include/nmea_msgs/msg/detail/pixel_point__struct.h
[0.766s] -- Up-to-date: /home/xs/UAV/ROS2/install/nmea_msgs/include/nmea_msgs/msg/detail/gpgsv__type_support.h
[0.766s] -- Up-to-date: /home/xs/UAV/ROS2/install/nmea_msgs/include/nmea_msgs/msg/detail/defects__struct.h
[0.767s] -- Up-to-date: /home/xs/UAV/ROS2/install/nmea_msgs/include/nmea_msgs/msg/detail/gps_fix__functions.h
[0.767s] -- Up-to-date: /home/xs/UAV/ROS2/install/nmea_msgs/include/nmea_msgs/msg/detail/defect_box__type_support.h
[0.767s] -- Up-to-date: /home/xs/UAV/ROS2/install/nmea_msgs/include/nmea_msgs/msg/detail/pixel_point__functions.h
[0.767s] -- Up-to-date: /home/xs/UAV/ROS2/install/nmea_msgs/include/nmea_msgs/msg/detail/pixel_point__type_support.h
[0.767s] -- Up-to-date: /home/xs/UAV/ROS2/install/nmea_msgs/include/nmea_msgs/msg/detail/gpgga__type_support.h
[0.767s] -- Up-to-date: /home/xs/UAV/ROS2/install/nmea_msgs/include/nmea_msgs/msg/detail/gpgga__struct.h
[0.767s] -- Up-to-date: /home/xs/UAV/ROS2/install/nmea_msgs/include/nmea_msgs/msg/detail/gpgst__type_support.h
[0.767s] -- Up-to-date: /home/xs/UAV/ROS2/install/nmea_msgs/include/nmea_msgs/msg/detail/defects__functions.c
[0.767s] -- Up-to-date: /home/xs/UAV/ROS2/install/nmea_msgs/include/nmea_msgs/msg/detail/gpgsv_satellite__type_support.h
[0.767s] -- Up-to-date: /home/xs/UAV/ROS2/install/nmea_msgs/include/nmea_msgs/msg/detail/defects__functions.h
[0.767s] -- Up-to-date: /home/xs/UAV/ROS2/install/nmea_msgs/include/nmea_msgs/msg/detail/gpgga__functions.h
[0.767s] -- Up-to-date: /home/xs/UAV/ROS2/install/nmea_msgs/include/nmea_msgs/msg/detail/gpgsa__struct.h
[0.767s] -- Up-to-date: /home/xs/UAV/ROS2/install/nmea_msgs/include/nmea_msgs/msg/detail/gprmc__functions.h
[0.770s] -- Up-to-date: /home/xs/UAV/ROS2/install/nmea_msgs/include/nmea_msgs/msg/detail/gpgsv__struct.h
[0.770s] -- Up-to-date: /home/xs/UAV/ROS2/install/nmea_msgs/include/nmea_msgs/msg/detail/sentence__struct.h
[0.770s] -- Up-to-date: /home/xs/UAV/ROS2/install/nmea_msgs/include/nmea_msgs/msg/detail/gprmc__struct.h
[0.770s] -- Up-to-date: /home/xs/UAV/ROS2/install/nmea_msgs/include/nmea_msgs/msg/detail/sentence__type_support.h
[0.771s] -- Up-to-date: /home/xs/UAV/ROS2/install/nmea_msgs/include/nmea_msgs/msg/detail/gpgsv_satellite__functions.c
[0.771s] -- Up-to-date: /home/xs/UAV/ROS2/install/nmea_msgs/include/nmea_msgs/msg/detail/gps_fix__functions.c
[0.771s] -- Up-to-date: /home/xs/UAV/ROS2/install/nmea_msgs/include/nmea_msgs/msg/detail/gpgsa__type_support.h
[0.771s] -- Up-to-date: /home/xs/UAV/ROS2/install/nmea_msgs/include/nmea_msgs/msg/detail/gpgsa__functions.c
[0.771s] -- Up-to-date: /home/xs/UAV/ROS2/install/nmea_msgs/include/nmea_msgs/msg/detail/pixel_point__functions.c
[0.771s] -- Up-to-date: /home/xs/UAV/ROS2/install/nmea_msgs/include/nmea_msgs/msg/detail/defect_box__struct.h
[0.771s] -- Up-to-date: /home/xs/UAV/ROS2/install/nmea_msgs/include/nmea_msgs/msg/detail/gpgst__functions.c
[0.771s] -- Up-to-date: /home/xs/UAV/ROS2/install/nmea_msgs/include/nmea_msgs/msg/detail/defects__type_support.h
[0.771s] -- Up-to-date: /home/xs/UAV/ROS2/install/nmea_msgs/include/nmea_msgs/msg/detail/gpgsv__functions.c
[0.771s] -- Up-to-date: /home/xs/UAV/ROS2/install/nmea_msgs/include/nmea_msgs/msg/detail/gprmc__type_support.h
[0.771s] -- Up-to-date: /home/xs/UAV/ROS2/install/nmea_msgs/include/nmea_msgs/msg/detail/gpgst__functions.h
[0.771s] -- Up-to-date: /home/xs/UAV/ROS2/install/nmea_msgs/include/nmea_msgs/msg/detail/sentence__functions.h
[0.771s] -- Up-to-date: /home/xs/UAV/ROS2/install/nmea_msgs/include/nmea_msgs/msg/detail/sentence__functions.c
[0.771s] -- Up-to-date: /home/xs/UAV/ROS2/install/nmea_msgs/include/nmea_msgs/msg/detail/gpgga__functions.c
[0.772s] -- Up-to-date: /home/xs/UAV/ROS2/install/nmea_msgs/include/nmea_msgs/msg/detail/defect_box__functions.h
[0.772s] -- Up-to-date: /home/xs/UAV/ROS2/install/nmea_msgs/include/nmea_msgs/msg/gpgsa.h
[0.772s] -- Up-to-date: /home/xs/UAV/ROS2/install/nmea_msgs/include/nmea_msgs/msg/gpgsv_satellite.h
[0.772s] -- Up-to-date: /home/xs/UAV/ROS2/install/nmea_msgs/include/nmea_msgs/msg/rosidl_generator_c__visibility_control.h
[0.772s] -- Up-to-date: /home/xs/UAV/ROS2/install/nmea_msgs/include/nmea_msgs/msg/gps_fix.h
[0.772s] -- Up-to-date: /home/xs/UAV/ROS2/install/nmea_msgs/include/nmea_msgs/msg/pixel_point.h
[0.772s] -- Up-to-date: /home/xs/UAV/ROS2/install/nmea_msgs/share/nmea_msgs/environment/library_path.sh
[0.772s] -- Up-to-date: /home/xs/UAV/ROS2/install/nmea_msgs/share/nmea_msgs/environment/library_path.dsv
[0.772s] -- Up-to-date: /home/xs/UAV/ROS2/install/nmea_msgs/lib/libnmea_msgs__rosidl_generator_c.so
[0.772s] -- Up-to-date: /home/xs/UAV/ROS2/install/nmea_msgs/include/nmea_msgs
[0.772s] -- Up-to-date: /home/xs/UAV/ROS2/install/nmea_msgs/include/nmea_msgs/msg
[0.773s] -- Up-to-date: /home/xs/UAV/ROS2/install/nmea_msgs/include/nmea_msgs/msg/detail
[0.773s] -- Up-to-date: /home/xs/UAV/ROS2/install/nmea_msgs/include/nmea_msgs/msg/detail/defects__rosidl_typesupport_fastrtps_c.h
[0.773s] -- Up-to-date: /home/xs/UAV/ROS2/install/nmea_msgs/include/nmea_msgs/msg/detail/defect_box__rosidl_typesupport_fastrtps_c.h
[0.773s] -- Up-to-date: /home/xs/UAV/ROS2/install/nmea_msgs/include/nmea_msgs/msg/detail/gpgga__rosidl_typesupport_fastrtps_c.h
[0.773s] -- Up-to-date: /home/xs/UAV/ROS2/install/nmea_msgs/include/nmea_msgs/msg/detail/gpgst__rosidl_typesupport_fastrtps_c.h
[0.773s] -- Up-to-date: /home/xs/UAV/ROS2/install/nmea_msgs/include/nmea_msgs/msg/detail/gpgsv_satellite__rosidl_typesupport_fastrtps_c.h
[0.773s] -- Up-to-date: /home/xs/UAV/ROS2/install/nmea_msgs/include/nmea_msgs/msg/detail/gpgsv__rosidl_typesupport_fastrtps_c.h
[0.773s] -- Up-to-date: /home/xs/UAV/ROS2/install/nmea_msgs/include/nmea_msgs/msg/detail/gpgsa__rosidl_typesupport_fastrtps_c.h
[0.773s] -- Up-to-date: /home/xs/UAV/ROS2/install/nmea_msgs/include/nmea_msgs/msg/detail/sentence__rosidl_typesupport_fastrtps_c.h
[0.773s] -- Up-to-date: /home/xs/UAV/ROS2/install/nmea_msgs/include/nmea_msgs/msg/detail/gprmc__rosidl_typesupport_fastrtps_c.h
[0.773s] -- Up-to-date: /home/xs/UAV/ROS2/install/nmea_msgs/include/nmea_msgs/msg/detail/pixel_point__rosidl_typesupport_fastrtps_c.h
[0.773s] -- Up-to-date: /home/xs/UAV/ROS2/install/nmea_msgs/include/nmea_msgs/msg/detail/gps_fix__rosidl_typesupport_fastrtps_c.h
[0.773s] -- Up-to-date: /home/xs/UAV/ROS2/install/nmea_msgs/include/nmea_msgs/msg/rosidl_typesupport_fastrtps_c__visibility_control.h
[0.773s] -- Up-to-date: /home/xs/UAV/ROS2/install/nmea_msgs/lib/libnmea_msgs__rosidl_typesupport_fastrtps_c.so
[0.774s] -- Up-to-date: /home/xs/UAV/ROS2/install/nmea_msgs/include/nmea_msgs
[0.774s] -- Up-to-date: /home/xs/UAV/ROS2/install/nmea_msgs/include/nmea_msgs/msg
[0.774s] -- Up-to-date: /home/xs/UAV/ROS2/install/nmea_msgs/include/nmea_msgs/msg/detail
[0.774s] -- Up-to-date: /home/xs/UAV/ROS2/install/nmea_msgs/include/nmea_msgs/msg/detail/gpgsa__rosidl_typesupport_fastrtps_cpp.hpp
[0.774s] -- Up-to-date: /home/xs/UAV/ROS2/install/nmea_msgs/include/nmea_msgs/msg/detail/defect_box__rosidl_typesupport_fastrtps_cpp.hpp
[0.774s] -- Up-to-date: /home/xs/UAV/ROS2/install/nmea_msgs/include/nmea_msgs/msg/detail/gpgsv_satellite__rosidl_typesupport_fastrtps_cpp.hpp
[0.774s] -- Up-to-date: /home/xs/UAV/ROS2/install/nmea_msgs/include/nmea_msgs/msg/detail/gprmc__rosidl_typesupport_fastrtps_cpp.hpp
[0.774s] -- Up-to-date: /home/xs/UAV/ROS2/install/nmea_msgs/include/nmea_msgs/msg/detail/gpgsv__rosidl_typesupport_fastrtps_cpp.hpp
[0.774s] -- Up-to-date: /home/xs/UAV/ROS2/install/nmea_msgs/include/nmea_msgs/msg/detail/pixel_point__rosidl_typesupport_fastrtps_cpp.hpp
[0.774s] -- Up-to-date: /home/xs/UAV/ROS2/install/nmea_msgs/include/nmea_msgs/msg/detail/gps_fix__rosidl_typesupport_fastrtps_cpp.hpp
[0.774s] -- Up-to-date: /home/xs/UAV/ROS2/install/nmea_msgs/include/nmea_msgs/msg/detail/gpgga__rosidl_typesupport_fastrtps_cpp.hpp
[0.774s] -- Up-to-date: /home/xs/UAV/ROS2/install/nmea_msgs/include/nmea_msgs/msg/detail/gpgst__rosidl_typesupport_fastrtps_cpp.hpp
[0.774s] -- Up-to-date: /home/xs/UAV/ROS2/install/nmea_msgs/include/nmea_msgs/msg/detail/sentence__rosidl_typesupport_fastrtps_cpp.hpp
[0.774s] -- Up-to-date: /home/xs/UAV/ROS2/install/nmea_msgs/include/nmea_msgs/msg/detail/defects__rosidl_typesupport_fastrtps_cpp.hpp
[0.775s] -- Up-to-date: /home/xs/UAV/ROS2/install/nmea_msgs/include/nmea_msgs/msg/detail/dds_fastrtps
[0.775s] -- Up-to-date: /home/xs/UAV/ROS2/install/nmea_msgs/include/nmea_msgs/msg/rosidl_typesupport_fastrtps_cpp__visibility_control.h
[0.775s] -- Up-to-date: /home/xs/UAV/ROS2/install/nmea_msgs/lib/libnmea_msgs__rosidl_typesupport_fastrtps_cpp.so
[0.775s] -- Up-to-date: /home/xs/UAV/ROS2/install/nmea_msgs/include/nmea_msgs
[0.775s] -- Up-to-date: /home/xs/UAV/ROS2/install/nmea_msgs/include/nmea_msgs/msg
[0.775s] -- Up-to-date: /home/xs/UAV/ROS2/install/nmea_msgs/include/nmea_msgs/msg/rosidl_typesupport_introspection_c__visibility_control.h
[0.775s] -- Up-to-date: /home/xs/UAV/ROS2/install/nmea_msgs/include/nmea_msgs/msg/detail
[0.775s] -- Up-to-date: /home/xs/UAV/ROS2/install/nmea_msgs/include/nmea_msgs/msg/detail/gpgsv__rosidl_typesupport_introspection_c.h
[0.775s] -- Up-to-date: /home/xs/UAV/ROS2/install/nmea_msgs/include/nmea_msgs/msg/detail/gpgsv_satellite__type_support.c
[0.775s] -- Up-to-date: /home/xs/UAV/ROS2/install/nmea_msgs/include/nmea_msgs/msg/detail/defect_box__type_support.c
[0.775s] -- Up-to-date: /home/xs/UAV/ROS2/install/nmea_msgs/include/nmea_msgs/msg/detail/gpgga__type_support.c
[0.775s] -- Up-to-date: /home/xs/UAV/ROS2/install/nmea_msgs/include/nmea_msgs/msg/detail/pixel_point__type_support.c
[0.775s] -- Up-to-date: /home/xs/UAV/ROS2/install/nmea_msgs/include/nmea_msgs/msg/detail/gpgsv__type_support.c
[0.776s] -- Up-to-date: /home/xs/UAV/ROS2/install/nmea_msgs/include/nmea_msgs/msg/detail/gpgsa__rosidl_typesupport_introspection_c.h
[0.776s] -- Up-to-date: /home/xs/UAV/ROS2/install/nmea_msgs/include/nmea_msgs/msg/detail/sentence__rosidl_typesupport_introspection_c.h
[0.776s] -- Up-to-date: /home/xs/UAV/ROS2/install/nmea_msgs/include/nmea_msgs/msg/detail/gps_fix__rosidl_typesupport_introspection_c.h
[0.776s] -- Up-to-date: /home/xs/UAV/ROS2/install/nmea_msgs/include/nmea_msgs/msg/detail/gpgst__type_support.c
[0.776s] -- Up-to-date: /home/xs/UAV/ROS2/install/nmea_msgs/include/nmea_msgs/msg/detail/defect_box__rosidl_typesupport_introspection_c.h
[0.776s] -- Up-to-date: /home/xs/UAV/ROS2/install/nmea_msgs/include/nmea_msgs/msg/detail/defects__type_support.c
[0.776s] -- Up-to-date: /home/xs/UAV/ROS2/install/nmea_msgs/include/nmea_msgs/msg/detail/gpgga__rosidl_typesupport_introspection_c.h
[0.776s] -- Up-to-date: /home/xs/UAV/ROS2/install/nmea_msgs/include/nmea_msgs/msg/detail/gpgsv_satellite__rosidl_typesupport_introspection_c.h
[0.776s] -- Up-to-date: /home/xs/UAV/ROS2/install/nmea_msgs/include/nmea_msgs/msg/detail/defects__rosidl_typesupport_introspection_c.h
[0.776s] -- Up-to-date: /home/xs/UAV/ROS2/install/nmea_msgs/include/nmea_msgs/msg/detail/sentence__type_support.c
[0.776s] -- Up-to-date: /home/xs/UAV/ROS2/install/nmea_msgs/include/nmea_msgs/msg/detail/gpgst__rosidl_typesupport_introspection_c.h
[0.776s] -- Up-to-date: /home/xs/UAV/ROS2/install/nmea_msgs/include/nmea_msgs/msg/detail/pixel_point__rosidl_typesupport_introspection_c.h
[0.776s] -- Up-to-date: /home/xs/UAV/ROS2/install/nmea_msgs/include/nmea_msgs/msg/detail/gprmc__rosidl_typesupport_introspection_c.h
[0.777s] -- Up-to-date: /home/xs/UAV/ROS2/install/nmea_msgs/include/nmea_msgs/msg/detail/gprmc__type_support.c
[0.777s] -- Up-to-date: /home/xs/UAV/ROS2/install/nmea_msgs/include/nmea_msgs/msg/detail/gps_fix__type_support.c
[0.777s] -- Up-to-date: /home/xs/UAV/ROS2/install/nmea_msgs/include/nmea_msgs/msg/detail/gpgsa__type_support.c
[0.777s] -- Up-to-date: /home/xs/UAV/ROS2/install/nmea_msgs/lib/libnmea_msgs__rosidl_typesupport_introspection_c.so
[0.777s] -- Up-to-date: /home/xs/UAV/ROS2/install/nmea_msgs/lib/libnmea_msgs__rosidl_typesupport_c.so
[0.777s] -- Up-to-date: /home/xs/UAV/ROS2/install/nmea_msgs/include/nmea_msgs
[0.777s] -- Up-to-date: /home/xs/UAV/ROS2/install/nmea_msgs/include/nmea_msgs/msg
[0.777s] -- Up-to-date: /home/xs/UAV/ROS2/install/nmea_msgs/include/nmea_msgs/msg/pixel_point.hpp
[0.777s] -- Up-to-date: /home/xs/UAV/ROS2/install/nmea_msgs/include/nmea_msgs/msg/defects.hpp
[0.777s] -- Up-to-date: /home/xs/UAV/ROS2/install/nmea_msgs/include/nmea_msgs/msg/gpgsv_satellite.hpp
[0.777s] -- Up-to-date: /home/xs/UAV/ROS2/install/nmea_msgs/include/nmea_msgs/msg/defect_box.hpp
[0.777s] -- Up-to-date: /home/xs/UAV/ROS2/install/nmea_msgs/include/nmea_msgs/msg/gpgst.hpp
[0.777s] -- Up-to-date: /home/xs/UAV/ROS2/install/nmea_msgs/include/nmea_msgs/msg/detail
[0.777s] -- Up-to-date: /home/xs/UAV/ROS2/install/nmea_msgs/include/nmea_msgs/msg/detail/gpgsa__builder.hpp
[0.778s] -- Up-to-date: /home/xs/UAV/ROS2/install/nmea_msgs/include/nmea_msgs/msg/detail/pixel_point__builder.hpp
[0.778s] -- Up-to-date: /home/xs/UAV/ROS2/install/nmea_msgs/include/nmea_msgs/msg/detail/sentence__struct.hpp
[0.778s] -- Up-to-date: /home/xs/UAV/ROS2/install/nmea_msgs/include/nmea_msgs/msg/detail/gpgsv__struct.hpp
[0.778s] -- Up-to-date: /home/xs/UAV/ROS2/install/nmea_msgs/include/nmea_msgs/msg/detail/gpgst__struct.hpp
[0.778s] -- Up-to-date: /home/xs/UAV/ROS2/install/nmea_msgs/include/nmea_msgs/msg/detail/defect_box__traits.hpp
[0.778s] -- Up-to-date: /home/xs/UAV/ROS2/install/nmea_msgs/include/nmea_msgs/msg/detail/gpgsv__builder.hpp
[0.778s] -- Up-to-date: /home/xs/UAV/ROS2/install/nmea_msgs/include/nmea_msgs/msg/detail/defect_box__builder.hpp
[0.778s] -- Up-to-date: /home/xs/UAV/ROS2/install/nmea_msgs/include/nmea_msgs/msg/detail/gps_fix__struct.hpp
[0.778s] -- Up-to-date: /home/xs/UAV/ROS2/install/nmea_msgs/include/nmea_msgs/msg/detail/gpgst__builder.hpp
[0.778s] -- Up-to-date: /home/xs/UAV/ROS2/install/nmea_msgs/include/nmea_msgs/msg/detail/gpgga__struct.hpp
[0.778s] -- Up-to-date: /home/xs/UAV/ROS2/install/nmea_msgs/include/nmea_msgs/msg/detail/gpgst__traits.hpp
[0.778s] -- Up-to-date: /home/xs/UAV/ROS2/install/nmea_msgs/include/nmea_msgs/msg/detail/gpgsv_satellite__builder.hpp
[0.778s] -- Up-to-date: /home/xs/UAV/ROS2/install/nmea_msgs/include/nmea_msgs/msg/detail/pixel_point__traits.hpp
[0.779s] -- Up-to-date: /home/xs/UAV/ROS2/install/nmea_msgs/include/nmea_msgs/msg/detail/pixel_point__struct.hpp
[0.779s] -- Up-to-date: /home/xs/UAV/ROS2/install/nmea_msgs/include/nmea_msgs/msg/detail/defect_box__struct.hpp
[0.779s] -- Up-to-date: /home/xs/UAV/ROS2/install/nmea_msgs/include/nmea_msgs/msg/detail/gpgsv__traits.hpp
[0.779s] -- Up-to-date: /home/xs/UAV/ROS2/install/nmea_msgs/include/nmea_msgs/msg/detail/defects__traits.hpp
[0.779s] -- Up-to-date: /home/xs/UAV/ROS2/install/nmea_msgs/include/nmea_msgs/msg/detail/defects__struct.hpp
[0.779s] -- Up-to-date: /home/xs/UAV/ROS2/install/nmea_msgs/include/nmea_msgs/msg/detail/gprmc__struct.hpp
[0.779s] -- Up-to-date: /home/xs/UAV/ROS2/install/nmea_msgs/include/nmea_msgs/msg/detail/gpgsa__traits.hpp
[0.779s] -- Up-to-date: /home/xs/UAV/ROS2/install/nmea_msgs/include/nmea_msgs/msg/detail/gps_fix__traits.hpp
[0.779s] -- Up-to-date: /home/xs/UAV/ROS2/install/nmea_msgs/include/nmea_msgs/msg/detail/gps_fix__builder.hpp
[0.779s] -- Up-to-date: /home/xs/UAV/ROS2/install/nmea_msgs/include/nmea_msgs/msg/detail/gpgga__builder.hpp
[0.779s] -- Up-to-date: /home/xs/UAV/ROS2/install/nmea_msgs/include/nmea_msgs/msg/detail/defects__builder.hpp
[0.779s] -- Up-to-date: /home/xs/UAV/ROS2/install/nmea_msgs/include/nmea_msgs/msg/detail/sentence__builder.hpp
[0.779s] -- Up-to-date: /home/xs/UAV/ROS2/install/nmea_msgs/include/nmea_msgs/msg/detail/gprmc__traits.hpp
[0.779s] -- Up-to-date: /home/xs/UAV/ROS2/install/nmea_msgs/include/nmea_msgs/msg/detail/gpgsa__struct.hpp
[0.780s] -- Up-to-date: /home/xs/UAV/ROS2/install/nmea_msgs/include/nmea_msgs/msg/detail/gpgga__traits.hpp
[0.780s] -- Up-to-date: /home/xs/UAV/ROS2/install/nmea_msgs/include/nmea_msgs/msg/detail/gpgsv_satellite__traits.hpp
[0.780s] -- Up-to-date: /home/xs/UAV/ROS2/install/nmea_msgs/include/nmea_msgs/msg/detail/sentence__traits.hpp
[0.780s] -- Up-to-date: /home/xs/UAV/ROS2/install/nmea_msgs/include/nmea_msgs/msg/detail/gpgsv_satellite__struct.hpp
[0.780s] -- Up-to-date: /home/xs/UAV/ROS2/install/nmea_msgs/include/nmea_msgs/msg/detail/gprmc__builder.hpp
[0.780s] -- Up-to-date: /home/xs/UAV/ROS2/install/nmea_msgs/include/nmea_msgs/msg/gpgsv.hpp
[0.780s] -- Up-to-date: /home/xs/UAV/ROS2/install/nmea_msgs/include/nmea_msgs/msg/gps_fix.hpp
[0.780s] -- Up-to-date: /home/xs/UAV/ROS2/install/nmea_msgs/include/nmea_msgs/msg/sentence.hpp
[0.780s] -- Up-to-date: /home/xs/UAV/ROS2/install/nmea_msgs/include/nmea_msgs/msg/gpgga.hpp
[0.780s] -- Up-to-date: /home/xs/UAV/ROS2/install/nmea_msgs/include/nmea_msgs/msg/gprmc.hpp
[0.780s] -- Up-to-date: /home/xs/UAV/ROS2/install/nmea_msgs/include/nmea_msgs/msg/gpgsa.hpp
[0.780s] -- Up-to-date: /home/xs/UAV/ROS2/install/nmea_msgs/include/nmea_msgs
[0.780s] -- Up-to-date: /home/xs/UAV/ROS2/install/nmea_msgs/include/nmea_msgs/msg
[0.781s] -- Up-to-date: /home/xs/UAV/ROS2/install/nmea_msgs/include/nmea_msgs/msg/detail
[0.781s] -- Up-to-date: /home/xs/UAV/ROS2/install/nmea_msgs/include/nmea_msgs/msg/detail/gps_fix__type_support.cpp
[0.781s] -- Up-to-date: /home/xs/UAV/ROS2/install/nmea_msgs/include/nmea_msgs/msg/detail/sentence__type_support.cpp
[0.781s] -- Up-to-date: /home/xs/UAV/ROS2/install/nmea_msgs/include/nmea_msgs/msg/detail/pixel_point__type_support.cpp
[0.781s] -- Up-to-date: /home/xs/UAV/ROS2/install/nmea_msgs/include/nmea_msgs/msg/detail/sentence__rosidl_typesupport_introspection_cpp.hpp
[0.781s] -- Up-to-date: /home/xs/UAV/ROS2/install/nmea_msgs/include/nmea_msgs/msg/detail/pixel_point__rosidl_typesupport_introspection_cpp.hpp
[0.781s] -- Up-to-date: /home/xs/UAV/ROS2/install/nmea_msgs/include/nmea_msgs/msg/detail/defect_box__type_support.cpp
[0.781s] -- Up-to-date: /home/xs/UAV/ROS2/install/nmea_msgs/include/nmea_msgs/msg/detail/gpgga__type_support.cpp
[0.781s] -- Up-to-date: /home/xs/UAV/ROS2/install/nmea_msgs/include/nmea_msgs/msg/detail/gpgsv__rosidl_typesupport_introspection_cpp.hpp
[0.781s] -- Up-to-date: /home/xs/UAV/ROS2/install/nmea_msgs/include/nmea_msgs/msg/detail/gps_fix__rosidl_typesupport_introspection_cpp.hpp
[0.781s] -- Up-to-date: /home/xs/UAV/ROS2/install/nmea_msgs/include/nmea_msgs/msg/detail/defect_box__rosidl_typesupport_introspection_cpp.hpp
[0.781s] -- Up-to-date: /home/xs/UAV/ROS2/install/nmea_msgs/include/nmea_msgs/msg/detail/gprmc__type_support.cpp
[0.781s] -- Up-to-date: /home/xs/UAV/ROS2/install/nmea_msgs/include/nmea_msgs/msg/detail/gpgsv__type_support.cpp
[0.781s] -- Up-to-date: /home/xs/UAV/ROS2/install/nmea_msgs/include/nmea_msgs/msg/detail/gpgst__type_support.cpp
[0.782s] -- Up-to-date: /home/xs/UAV/ROS2/install/nmea_msgs/include/nmea_msgs/msg/detail/gpgsa__type_support.cpp
[0.782s] -- Up-to-date: /home/xs/UAV/ROS2/install/nmea_msgs/include/nmea_msgs/msg/detail/gpgga__rosidl_typesupport_introspection_cpp.hpp
[0.782s] -- Up-to-date: /home/xs/UAV/ROS2/install/nmea_msgs/include/nmea_msgs/msg/detail/gpgsv_satellite__type_support.cpp
[0.782s] -- Up-to-date: /home/xs/UAV/ROS2/install/nmea_msgs/include/nmea_msgs/msg/detail/gprmc__rosidl_typesupport_introspection_cpp.hpp
[0.782s] -- Up-to-date: /home/xs/UAV/ROS2/install/nmea_msgs/include/nmea_msgs/msg/detail/gpgsv_satellite__rosidl_typesupport_introspection_cpp.hpp
[0.782s] -- Up-to-date: /home/xs/UAV/ROS2/install/nmea_msgs/include/nmea_msgs/msg/detail/defects__type_support.cpp
[0.782s] -- Up-to-date: /home/xs/UAV/ROS2/install/nmea_msgs/include/nmea_msgs/msg/detail/gpgsa__rosidl_typesupport_introspection_cpp.hpp
[0.782s] -- Up-to-date: /home/xs/UAV/ROS2/install/nmea_msgs/include/nmea_msgs/msg/detail/defects__rosidl_typesupport_introspection_cpp.hpp
[0.782s] -- Up-to-date: /home/xs/UAV/ROS2/install/nmea_msgs/include/nmea_msgs/msg/detail/gpgst__rosidl_typesupport_introspection_cpp.hpp
[0.782s] -- Up-to-date: /home/xs/UAV/ROS2/install/nmea_msgs/lib/libnmea_msgs__rosidl_typesupport_introspection_cpp.so
[0.782s] -- Up-to-date: /home/xs/UAV/ROS2/install/nmea_msgs/lib/libnmea_msgs__rosidl_typesupport_cpp.so
[0.782s] -- Up-to-date: /home/xs/UAV/ROS2/install/nmea_msgs/share/nmea_msgs/environment/pythonpath.sh
[0.782s] -- Up-to-date: /home/xs/UAV/ROS2/install/nmea_msgs/share/nmea_msgs/environment/pythonpath.dsv
[0.783s] -- Up-to-date: /home/xs/UAV/ROS2/install/nmea_msgs/lib/python3.8/site-packages/nmea_msgs/__init__.py
[0.799s] -- Up-to-date: /home/xs/UAV/ROS2/install/nmea_msgs/lib/python3.8/site-packages/nmea_msgs/msg
[0.799s] -- Up-to-date: /home/xs/UAV/ROS2/install/nmea_msgs/lib/python3.8/site-packages/nmea_msgs/msg/_gpgsv_s.c
[0.799s] -- Up-to-date: /home/xs/UAV/ROS2/install/nmea_msgs/lib/python3.8/site-packages/nmea_msgs/msg/_sentence_s.c
[0.799s] -- Up-to-date: /home/xs/UAV/ROS2/install/nmea_msgs/lib/python3.8/site-packages/nmea_msgs/msg/_gpgsv.py
[0.799s] -- Up-to-date: /home/xs/UAV/ROS2/install/nmea_msgs/lib/python3.8/site-packages/nmea_msgs/msg/_gpgsa_s.c
[0.799s] -- Up-to-date: /home/xs/UAV/ROS2/install/nmea_msgs/lib/python3.8/site-packages/nmea_msgs/msg/_gps_fix.py
[0.799s] -- Up-to-date: /home/xs/UAV/ROS2/install/nmea_msgs/lib/python3.8/site-packages/nmea_msgs/msg/_gpgst.py
[0.799s] -- Up-to-date: /home/xs/UAV/ROS2/install/nmea_msgs/lib/python3.8/site-packages/nmea_msgs/msg/_gprmc.py
[0.799s] -- Up-to-date: /home/xs/UAV/ROS2/install/nmea_msgs/lib/python3.8/site-packages/nmea_msgs/msg/_gpgga_s.c
[0.799s] -- Up-to-date: /home/xs/UAV/ROS2/install/nmea_msgs/lib/python3.8/site-packages/nmea_msgs/msg/_gpgsa.py
[0.800s] -- Up-to-date: /home/xs/UAV/ROS2/install/nmea_msgs/lib/python3.8/site-packages/nmea_msgs/msg/_defect_box_s.c
[0.800s] -- Up-to-date: /home/xs/UAV/ROS2/install/nmea_msgs/lib/python3.8/site-packages/nmea_msgs/msg/_gpgga.py
[0.800s] -- Up-to-date: /home/xs/UAV/ROS2/install/nmea_msgs/lib/python3.8/site-packages/nmea_msgs/msg/_pixel_point_s.c
[0.800s] -- Up-to-date: /home/xs/UAV/ROS2/install/nmea_msgs/lib/python3.8/site-packages/nmea_msgs/msg/__init__.py
[0.800s] -- Up-to-date: /home/xs/UAV/ROS2/install/nmea_msgs/lib/python3.8/site-packages/nmea_msgs/msg/_defects_s.c
[0.800s] -- Up-to-date: /home/xs/UAV/ROS2/install/nmea_msgs/lib/python3.8/site-packages/nmea_msgs/msg/_gprmc_s.c
[0.800s] -- Up-to-date: /home/xs/UAV/ROS2/install/nmea_msgs/lib/python3.8/site-packages/nmea_msgs/msg/_defect_box.py
[0.800s] -- Up-to-date: /home/xs/UAV/ROS2/install/nmea_msgs/lib/python3.8/site-packages/nmea_msgs/msg/_gpgsv_satellite_s.c
[0.800s] -- Up-to-date: /home/xs/UAV/ROS2/install/nmea_msgs/lib/python3.8/site-packages/nmea_msgs/msg/_sentence.py
[0.800s] -- Up-to-date: /home/xs/UAV/ROS2/install/nmea_msgs/lib/python3.8/site-packages/nmea_msgs/msg/_defects.py
[0.800s] -- Up-to-date: /home/xs/UAV/ROS2/install/nmea_msgs/lib/python3.8/site-packages/nmea_msgs/msg/_pixel_point.py
[0.800s] -- Up-to-date: /home/xs/UAV/ROS2/install/nmea_msgs/lib/python3.8/site-packages/nmea_msgs/msg/_gpgsv_satellite.py
[0.801s] -- Up-to-date: /home/xs/UAV/ROS2/install/nmea_msgs/lib/python3.8/site-packages/nmea_msgs/msg/_gps_fix_s.c
[0.801s] -- Up-to-date: /home/xs/UAV/ROS2/install/nmea_msgs/lib/python3.8/site-packages/nmea_msgs/msg/_gpgst_s.c
[0.801s] -- Up-to-date: /home/xs/UAV/ROS2/install/nmea_msgs/lib/python3.8/site-packages/nmea_msgs/nmea_msgs_s__rosidl_typesupport_fastrtps_c.cpython-38-x86_64-linux-gnu.so
[0.801s] -- Up-to-date: /home/xs/UAV/ROS2/install/nmea_msgs/lib/python3.8/site-packages/nmea_msgs/nmea_msgs_s__rosidl_typesupport_introspection_c.cpython-38-x86_64-linux-gnu.so
[0.801s] -- Up-to-date: /home/xs/UAV/ROS2/install/nmea_msgs/lib/python3.8/site-packages/nmea_msgs/nmea_msgs_s__rosidl_typesupport_c.cpython-38-x86_64-linux-gnu.so
[0.801s] -- Up-to-date: /home/xs/UAV/ROS2/install/nmea_msgs/lib/libnmea_msgs__python.so
[0.801s] -- Up-to-date: /home/xs/UAV/ROS2/install/nmea_msgs/share/nmea_msgs/msg/GpsFix.idl
[0.802s] -- Up-to-date: /home/xs/UAV/ROS2/install/nmea_msgs/share/nmea_msgs/msg/PixelPoint.idl
[0.802s] -- Up-to-date: /home/xs/UAV/ROS2/install/nmea_msgs/share/nmea_msgs/msg/DefectBox.idl
[0.802s] -- Up-to-date: /home/xs/UAV/ROS2/install/nmea_msgs/share/nmea_msgs/msg/Defects.idl
[0.802s] -- Up-to-date: /home/xs/UAV/ROS2/install/nmea_msgs/share/nmea_msgs/msg/Sentence.idl
[0.802s] -- Up-to-date: /home/xs/UAV/ROS2/install/nmea_msgs/share/nmea_msgs/msg/Gpgga.idl
[0.802s] -- Up-to-date: /home/xs/UAV/ROS2/install/nmea_msgs/share/nmea_msgs/msg/Gpgsa.idl
[0.802s] -- Up-to-date: /home/xs/UAV/ROS2/install/nmea_msgs/share/nmea_msgs/msg/Gpgst.idl
[0.802s] -- Up-to-date: /home/xs/UAV/ROS2/install/nmea_msgs/share/nmea_msgs/msg/Gpgsv.idl
[0.802s] -- Up-to-date: /home/xs/UAV/ROS2/install/nmea_msgs/share/nmea_msgs/msg/GpgsvSatellite.idl
[0.802s] -- Up-to-date: /home/xs/UAV/ROS2/install/nmea_msgs/share/nmea_msgs/msg/Gprmc.idl
[0.803s] -- Up-to-date: /home/xs/UAV/ROS2/install/nmea_msgs/share/nmea_msgs/msg/GpsFix.msg
[0.803s] -- Up-to-date: /home/xs/UAV/ROS2/install/nmea_msgs/share/nmea_msgs/msg/PixelPoint.msg
[0.803s] -- Up-to-date: /home/xs/UAV/ROS2/install/nmea_msgs/share/nmea_msgs/msg/DefectBox.msg
[0.803s] -- Up-to-date: /home/xs/UAV/ROS2/install/nmea_msgs/share/nmea_msgs/msg/Defects.msg
[0.803s] -- Up-to-date: /home/xs/UAV/ROS2/install/nmea_msgs/share/nmea_msgs/msg/Sentence.msg
[0.803s] -- Up-to-date: /home/xs/UAV/ROS2/install/nmea_msgs/share/nmea_msgs/msg/Gpgga.msg
[0.803s] -- Up-to-date: /home/xs/UAV/ROS2/install/nmea_msgs/share/nmea_msgs/msg/Gpgsa.msg
[0.803s] -- Up-to-date: /home/xs/UAV/ROS2/install/nmea_msgs/share/nmea_msgs/msg/Gpgst.msg
[0.803s] -- Up-to-date: /home/xs/UAV/ROS2/install/nmea_msgs/share/nmea_msgs/msg/Gpgsv.msg
[0.803s] -- Up-to-date: /home/xs/UAV/ROS2/install/nmea_msgs/share/nmea_msgs/msg/GpgsvSatellite.msg
[0.804s] -- Up-to-date: /home/xs/UAV/ROS2/install/nmea_msgs/share/nmea_msgs/msg/Gprmc.msg
[0.804s] -- Up-to-date: /home/xs/UAV/ROS2/install/nmea_msgs/share/ament_index/resource_index/package_run_dependencies/nmea_msgs
[0.804s] -- Up-to-date: /home/xs/UAV/ROS2/install/nmea_msgs/share/ament_index/resource_index/parent_prefix_path/nmea_msgs
[0.804s] -- Up-to-date: /home/xs/UAV/ROS2/install/nmea_msgs/share/nmea_msgs/environment/ament_prefix_path.sh
[0.804s] -- Up-to-date: /home/xs/UAV/ROS2/install/nmea_msgs/share/nmea_msgs/environment/ament_prefix_path.dsv
[0.804s] -- Up-to-date: /home/xs/UAV/ROS2/install/nmea_msgs/share/nmea_msgs/environment/path.sh
[0.804s] -- Up-to-date: /home/xs/UAV/ROS2/install/nmea_msgs/share/nmea_msgs/environment/path.dsv
[0.804s] -- Up-to-date: /home/xs/UAV/ROS2/install/nmea_msgs/share/nmea_msgs/local_setup.bash
[0.804s] -- Up-to-date: /home/xs/UAV/ROS2/install/nmea_msgs/share/nmea_msgs/local_setup.sh
[0.804s] -- Up-to-date: /home/xs/UAV/ROS2/install/nmea_msgs/share/nmea_msgs/local_setup.zsh
[0.805s] -- Up-to-date: /home/xs/UAV/ROS2/install/nmea_msgs/share/nmea_msgs/local_setup.dsv
[0.805s] -- Installing: /home/xs/UAV/ROS2/install/nmea_msgs/share/nmea_msgs/package.dsv
[0.805s] -- Up-to-date: /home/xs/UAV/ROS2/install/nmea_msgs/share/ament_index/resource_index/packages/nmea_msgs
[0.805s] -- Up-to-date: /home/xs/UAV/ROS2/install/nmea_msgs/share/nmea_msgs/cmake/nmea_msgs__rosidl_generator_cExport.cmake
[0.806s] -- Up-to-date: /home/xs/UAV/ROS2/install/nmea_msgs/share/nmea_msgs/cmake/nmea_msgs__rosidl_generator_cExport-noconfig.cmake
[0.806s] -- Up-to-date: /home/xs/UAV/ROS2/install/nmea_msgs/share/nmea_msgs/cmake/nmea_msgs__rosidl_typesupport_introspection_cExport.cmake
[0.806s] -- Up-to-date: /home/xs/UAV/ROS2/install/nmea_msgs/share/nmea_msgs/cmake/nmea_msgs__rosidl_typesupport_introspection_cExport-noconfig.cmake
[0.806s] -- Up-to-date: /home/xs/UAV/ROS2/install/nmea_msgs/share/nmea_msgs/cmake/nmea_msgs__rosidl_typesupport_cExport.cmake
[0.806s] -- Up-to-date: /home/xs/UAV/ROS2/install/nmea_msgs/share/nmea_msgs/cmake/nmea_msgs__rosidl_typesupport_cExport-noconfig.cmake
[0.806s] -- Up-to-date: /home/xs/UAV/ROS2/install/nmea_msgs/share/nmea_msgs/cmake/nmea_msgs__rosidl_generator_cppExport.cmake
[0.806s] -- Up-to-date: /home/xs/UAV/ROS2/install/nmea_msgs/share/nmea_msgs/cmake/nmea_msgs__rosidl_typesupport_introspection_cppExport.cmake
[0.806s] -- Up-to-date: /home/xs/UAV/ROS2/install/nmea_msgs/share/nmea_msgs/cmake/nmea_msgs__rosidl_typesupport_introspection_cppExport-noconfig.cmake
[0.806s] -- Up-to-date: /home/xs/UAV/ROS2/install/nmea_msgs/share/nmea_msgs/cmake/nmea_msgs__rosidl_typesupport_cppExport.cmake
[0.806s] -- Up-to-date: /home/xs/UAV/ROS2/install/nmea_msgs/share/nmea_msgs/cmake/nmea_msgs__rosidl_typesupport_cppExport-noconfig.cmake
[0.806s] -- Up-to-date: /home/xs/UAV/ROS2/install/nmea_msgs/share/nmea_msgs/cmake/rosidl_cmake-extras.cmake
[0.806s] -- Up-to-date: /home/xs/UAV/ROS2/install/nmea_msgs/share/nmea_msgs/cmake/ament_cmake_export_dependencies-extras.cmake
[0.806s] -- Up-to-date: /home/xs/UAV/ROS2/install/nmea_msgs/share/nmea_msgs/cmake/ament_cmake_export_libraries-extras.cmake
[0.806s] -- Up-to-date: /home/xs/UAV/ROS2/install/nmea_msgs/share/nmea_msgs/cmake/ament_cmake_export_targets-extras.cmake
[0.806s] -- Up-to-date: /home/xs/UAV/ROS2/install/nmea_msgs/share/nmea_msgs/cmake/ament_cmake_export_include_directories-extras.cmake
[0.806s] -- Up-to-date: /home/xs/UAV/ROS2/install/nmea_msgs/share/nmea_msgs/cmake/rosidl_cmake_export_typesupport_libraries-extras.cmake
[0.806s] -- Up-to-date: /home/xs/UAV/ROS2/install/nmea_msgs/share/nmea_msgs/cmake/rosidl_cmake_export_typesupport_targets-extras.cmake
[0.807s] -- Up-to-date: /home/xs/UAV/ROS2/install/nmea_msgs/share/nmea_msgs/cmake/nmea_msgsConfig.cmake
[0.807s] -- Up-to-date: /home/xs/UAV/ROS2/install/nmea_msgs/share/nmea_msgs/cmake/nmea_msgsConfig-version.cmake
[0.807s] -- Up-to-date: /home/xs/UAV/ROS2/install/nmea_msgs/share/nmea_msgs/package.xml
[0.807s] Invoked command in '/home/xs/UAV/ROS2/build/nmea_msgs' returned '0': CMAKE_PREFIX_PATH=/opt/ros/galactic /usr/bin/cmake --install /home/xs/UAV/ROS2/build/nmea_msgs
