[1.815s] Invoking command in '/home/ccl/UAV/ROS2/tf_converter': PYTHONPATH=/home/ccl/UAV/ROS2/build/tf_converter/prefix_override:/home/ccl/UAV/ROS2/install/tf_converter/lib/python3.8/site-packages:${PYTHONPATH} /usr/bin/python3 -W ignore:setup.py install is deprecated setup.py egg_info --egg-base ../build/tf_converter build --build-base /home/ccl/UAV/ROS2/build/tf_converter/build install --record /home/ccl/UAV/ROS2/build/tf_converter/install.log --single-version-externally-managed install_data
[2.161s] running egg_info
[2.187s] writing ../build/tf_converter/tf_converter.egg-info/PKG-INFO
[2.188s] writing dependency_links to ../build/tf_converter/tf_converter.egg-info/dependency_links.txt
[2.188s] writing requirements to ../build/tf_converter/tf_converter.egg-info/requires.txt
[2.189s] writing top-level names to ../build/tf_converter/tf_converter.egg-info/top_level.txt
[2.417s] reading manifest file '../build/tf_converter/tf_converter.egg-info/SOURCES.txt'
[2.418s] writing manifest file '../build/tf_converter/tf_converter.egg-info/SOURCES.txt'
[2.418s] running build
[2.418s] running build_py
[2.419s] copying tf_converter/__init__.py -> /home/ccl/UAV/ROS2/build/tf_converter/build/lib/tf_converter
[2.419s] running install
[2.422s] running install_lib
[2.449s] running install_data
[2.458s] copying resource/tf_converter -> /home/ccl/UAV/ROS2/install/tf_converter/share/ament_index/resource_index/packages
[2.458s] copying package.xml -> /home/ccl/UAV/ROS2/install/tf_converter/share/tf_converter
[2.459s] running install_egg_info
[2.480s] removing '/home/ccl/UAV/ROS2/install/tf_converter/lib/python3.8/site-packages/tf_converter-0.0.0-py3.8.egg-info' (and everything under it)
[2.481s] Copying ../build/tf_converter/tf_converter.egg-info to /home/ccl/UAV/ROS2/install/tf_converter/lib/python3.8/site-packages/tf_converter-0.0.0-py3.8.egg-info
[2.481s] running install_scripts
[2.550s] writing list of installed files to '/home/ccl/UAV/ROS2/build/tf_converter/install.log'
[2.577s] Invoked command in '/home/ccl/UAV/ROS2/tf_converter' returned '0': PYTHONPATH=/home/ccl/UAV/ROS2/build/tf_converter/prefix_override:/home/ccl/UAV/ROS2/install/tf_converter/lib/python3.8/site-packages:${PYTHONPATH} /usr/bin/python3 -W ignore:setup.py install is deprecated setup.py egg_info --egg-base ../build/tf_converter build --build-base /home/ccl/UAV/ROS2/build/tf_converter/build install --record /home/ccl/UAV/ROS2/build/tf_converter/install.log --single-version-externally-managed install_data
