running egg_info
writing ../build/uav_patrol/uav_patrol.egg-info/PKG-INFO
writing dependency_links to ../build/uav_patrol/uav_patrol.egg-info/dependency_links.txt
writing entry points to ../build/uav_patrol/uav_patrol.egg-info/entry_points.txt
writing requirements to ../build/uav_patrol/uav_patrol.egg-info/requires.txt
writing top-level names to ../build/uav_patrol/uav_patrol.egg-info/top_level.txt
reading manifest file '../build/uav_patrol/uav_patrol.egg-info/SOURCES.txt'
writing manifest file '../build/uav_patrol/uav_patrol.egg-info/SOURCES.txt'
running build
running build_py
copying uav_patrol/__init__.py -> /home/xs/UAV/ROS2/build/uav_patrol/build/lib/uav_patrol
copying uav_patrol/ctrl_relayer/cmd_subscriber.py -> /home/xs/UAV/ROS2/build/uav_patrol/build/lib/uav_patrol/ctrl_relayer
copying uav_patrol/ctrl_relayer/__init__.py -> /home/xs/UAV/ROS2/build/uav_patrol/build/lib/uav_patrol/ctrl_relayer
copying uav_patrol/gps_handler/gps_simulator.py -> /home/xs/UAV/ROS2/build/uav_patrol/build/lib/uav_patrol/gps_handler
copying uav_patrol/gps_handler/__init__.py -> /home/xs/UAV/ROS2/build/uav_patrol/build/lib/uav_patrol/gps_handler
copying uav_patrol/gps_handler/parser.py -> /home/xs/UAV/ROS2/build/uav_patrol/build/lib/uav_patrol/gps_handler
copying uav_patrol/gps_handler/checksum_utils.py -> /home/xs/UAV/ROS2/build/uav_patrol/build/lib/uav_patrol/gps_handler
copying uav_patrol/gps_handler/driver.py -> /home/xs/UAV/ROS2/build/uav_patrol/build/lib/uav_patrol/gps_handler
copying uav_patrol/gps_handler/nodes/nmea_serial_driver.py -> /home/xs/UAV/ROS2/build/uav_patrol/build/lib/uav_patrol/gps_handler/nodes
copying uav_patrol/gps_handler/nodes/__init__.py -> /home/xs/UAV/ROS2/build/uav_patrol/build/lib/uav_patrol/gps_handler/nodes
copying uav_patrol/gps_handler/nodes/gps_path.py -> /home/xs/UAV/ROS2/build/uav_patrol/build/lib/uav_patrol/gps_handler/nodes
copying uav_patrol/object_detector/dft_publisher.py -> /home/xs/UAV/ROS2/build/uav_patrol/build/lib/uav_patrol/object_detector
copying uav_patrol/object_detector/__init__.py -> /home/xs/UAV/ROS2/build/uav_patrol/build/lib/uav_patrol/object_detector
copying uav_patrol/tf_converter/world2uav_broadcaster.py -> /home/xs/UAV/ROS2/build/uav_patrol/build/lib/uav_patrol/tf_converter
copying uav_patrol/tf_converter/__init__.py -> /home/xs/UAV/ROS2/build/uav_patrol/build/lib/uav_patrol/tf_converter
copying uav_patrol/tf_converter/uav2cam_broadcaster.py -> /home/xs/UAV/ROS2/build/uav_patrol/build/lib/uav_patrol/tf_converter
copying uav_patrol/tf_converter/tf_converter.py -> /home/xs/UAV/ROS2/build/uav_patrol/build/lib/uav_patrol/tf_converter
running install
running install_lib
running install_data
copying resource/uav_patrol -> /home/xs/UAV/ROS2/install/uav_patrol/share/ament_index/resource_index/packages
copying package.xml -> /home/xs/UAV/ROS2/install/uav_patrol/share/uav_patrol
copying launch/uav_patrol.launch.py -> /home/xs/UAV/ROS2/install/uav_patrol/share/uav_patrol
running install_egg_info
removing '/home/xs/UAV/ROS2/install/uav_patrol/lib/python3.8/site-packages/uav_patrol-0.0.0-py3.8.egg-info' (and everything under it)
Copying ../build/uav_patrol/uav_patrol.egg-info to /home/xs/UAV/ROS2/install/uav_patrol/lib/python3.8/site-packages/uav_patrol-0.0.0-py3.8.egg-info
running install_scripts
Installing cmd_subscriber script to /home/xs/UAV/ROS2/install/uav_patrol/lib/uav_patrol
Installing dft_publisher script to /home/xs/UAV/ROS2/install/uav_patrol/lib/uav_patrol
Installing gps_simulator script to /home/xs/UAV/ROS2/install/uav_patrol/lib/uav_patrol
Installing nmea_serial_driver script to /home/xs/UAV/ROS2/install/uav_patrol/lib/uav_patrol
Installing tf_converter script to /home/xs/UAV/ROS2/install/uav_patrol/lib/uav_patrol
Installing uav2cam_broadcaster script to /home/xs/UAV/ROS2/install/uav_patrol/lib/uav_patrol
writing list of installed files to '/home/xs/UAV/ROS2/build/uav_patrol/install.log'
