-- Found ament_cmake: 1.1.6 (/opt/ros/galactic/share/ament_cmake/cmake)
-- Found PythonInterp: /usr/bin/python3 (found suitable version "3.8.10", minimum required is "3") 
-- Using PYTHON_EXECUTABLE: /usr/bin/python3
-- Found rosidl_default_generators: 1.1.1 (/opt/ros/galactic/share/rosidl_default_generators/cmake)
-- Using all available rosidl_typesupport_c: rosidl_typesupport_fastrtps_c;rosidl_typesupport_introspection_c
-- Found rosidl_adapter: 2.2.3 (/opt/ros/galactic/share/rosidl_adapter/cmake)
-- Using all available rosidl_typesupport_cpp: rosidl_typesupport_fastrtps_cpp;rosidl_typesupport_introspection_cpp
-- Found std_msgs: 2.2.4 (/opt/ros/galactic/share/std_msgs/cmake)
-- Found PythonInterp: /usr/bin/python3 (found version "3.8.10") 
-- Found ament_cmake_ros: 0.9.2 (/opt/ros/galactic/share/ament_cmake_ros/cmake)
-- Using all available rosidl_typesupport_c: rosidl_typesupport_fastrtps_c;rosidl_typesupport_introspection_c
-- Using all available rosidl_typesupport_cpp: rosidl_typesupport_fastrtps_cpp;rosidl_typesupport_introspection_cpp
-- Found PythonInterp: /usr/bin/python3 (found suitable version "3.8.10", minimum required is "3.5") 
-- Found python_cmake_module: 0.8.1 (/opt/ros/galactic/share/python_cmake_module/cmake)
-- Using PYTHON_EXECUTABLE: /usr/bin/python3
-- Using PYTHON_INCLUDE_DIRS: /usr/include/python3.8
-- Using PYTHON_LIBRARIES: /usr/lib/x86_64-linux-gnu/libpython3.8.so
-- Configuring done
-- Generating done
-- Build files have been written to: /home/xs/UAV/ROS2/build/nmea_msgs
[35m[1mScanning dependencies of target nmea_msgs__cpp[0m
[  1%] [34m[1mGenerating C code for ROS interfaces[0m
[  1%] [34m[1mGenerating C++ code for ROS interfaces[0m
[35m[1mScanning dependencies of target nmea_msgs__rosidl_generator_c[0m
[  2%] [32mBuilding C object CMakeFiles/nmea_msgs__rosidl_generator_c.dir/rosidl_generator_c/nmea_msgs/msg/detail/pixel_point__functions.c.o[0m
[  3%] [32mBuilding C object CMakeFiles/nmea_msgs__rosidl_generator_c.dir/rosidl_generator_c/nmea_msgs/msg/detail/gps_fix__functions.c.o[0m
[  4%] [32mBuilding C object CMakeFiles/nmea_msgs__rosidl_generator_c.dir/rosidl_generator_c/nmea_msgs/msg/detail/defect_box__functions.c.o[0m
[  5%] [32mBuilding C object CMakeFiles/nmea_msgs__rosidl_generator_c.dir/rosidl_generator_c/nmea_msgs/msg/detail/sentence__functions.c.o[0m
In file included from [01m[K/home/xs/UAV/ROS2/build/nmea_msgs/rosidl_generator_c/nmea_msgs/msg/detail/gps_fix__functions.h:19[m[K,
                 from [01m[K/home/xs/UAV/ROS2/build/nmea_msgs/rosidl_generator_c/nmea_msgs/msg/detail/gps_fix__functions.c:4[m[K:
[01m[K/home/xs/UAV/ROS2/build/nmea_msgs/rosidl_generator_c/nmea_msgs/msg/detail/gps_fix__struct.h:22:10:[m[K [01;31m[Kfatal error: [m[Knmea_msgs/msg/detail/nav_sat_fix__struct.h: æ²¡æœ‰é‚£ä¸ªæ–‡ä»¶æˆ–ç›®å½•
   22 | #include [01;31m[K"nmea_msgs/msg/detail/nav_sat_fix__struct.h"[m[K
      |          [01;31m[K^~~~~~~~~~~~~~~~~~~~~~~~~~~~~~~~~~~~~~~~~~~~[m[K
compilation terminated.
make[2]: *** [CMakeFiles/nmea_msgs__rosidl_generator_c.dir/build.make:268ï¼šCMakeFiles/nmea_msgs__rosidl_generator_c.dir/rosidl_generator_c/nmea_msgs/msg/detail/gps_fix__functions.c.o] é”™è¯¯ 1
make[2]: *** æ­£åœ¨ç­‰å¾…æœªå®Œæˆçš„ä»»åŠ¡....
[  6%] [32mBuilding C object CMakeFiles/nmea_msgs__rosidl_generator_c.dir/rosidl_generator_c/nmea_msgs/msg/detail/gpgga__functions.c.o[0m
[  7%] [32mBuilding C object CMakeFiles/nmea_msgs__rosidl_generator_c.dir/rosidl_generator_c/nmea_msgs/msg/detail/gpgsa__functions.c.o[0m
[  8%] [32mBuilding C object CMakeFiles/nmea_msgs__rosidl_generator_c.dir/rosidl_generator_c/nmea_msgs/msg/detail/gpgst__functions.c.o[0m
[  8%] Built target nmea_msgs__cpp
[  9%] [34m[1mGenerating C++ type support for eProsima Fast-RTPS[0m
[ 10%] [34m[1mGenerating C++ type support dispatch for ROS interfaces[0m
[ 11%] [34m[1mGenerating C++ introspection for ROS interfaces[0m
make[1]: *** [CMakeFiles/Makefile2:327ï¼šCMakeFiles/nmea_msgs__rosidl_generator_c.dir/all] é”™è¯¯ 2
make[1]: *** æ­£åœ¨ç­‰å¾…æœªå®Œæˆçš„ä»»åŠ¡....
[35m[1mScanning dependencies of target nmea_msgs__rosidl_typesupport_cpp[0m
[ 12%] [32mBuilding CXX object CMakeFiles/nmea_msgs__rosidl_typesupport_cpp.dir/rosidl_typesupport_cpp/nmea_msgs/msg/pixel_point__type_support.cpp.o[0m
[ 13%] [32mBuilding CXX object CMakeFiles/nmea_msgs__rosidl_typesupport_cpp.dir/rosidl_typesupport_cpp/nmea_msgs/msg/sentence__type_support.cpp.o[0m
[ 15%] [32mBuilding CXX object CMakeFiles/nmea_msgs__rosidl_typesupport_cpp.dir/rosidl_typesupport_cpp/nmea_msgs/msg/gps_fix__type_support.cpp.o[0m
[ 15%] [32mBuilding CXX object CMakeFiles/nmea_msgs__rosidl_typesupport_cpp.dir/rosidl_typesupport_cpp/nmea_msgs/msg/defect_box__type_support.cpp.o[0m
[ 16%] [32mBuilding CXX object CMakeFiles/nmea_msgs__rosidl_typesupport_cpp.dir/rosidl_typesupport_cpp/nmea_msgs/msg/gpgsa__type_support.cpp.o[0m
[ 17%] [32mBuilding CXX object CMakeFiles/nmea_msgs__rosidl_typesupport_cpp.dir/rosidl_typesupport_cpp/nmea_msgs/msg/gpgga__type_support.cpp.o[0m
In file included from [01m[K/home/xs/UAV/ROS2/build/nmea_msgs/rosidl_typesupport_cpp/nmea_msgs/msg/gps_fix__type_support.cpp:7[m[K:
[01m[K/home/xs/UAV/ROS2/build/nmea_msgs/rosidl_generator_cpp/nmea_msgs/msg/detail/gps_fix__struct.hpp:19:10:[m[K [01;31m[Kfatal error: [m[Knmea_msgs/msg/detail/nav_sat_fix__struct.hpp: æ²¡æœ‰é‚£ä¸ªæ–‡ä»¶æˆ–ç›®å½•
   19 | #include [01;31m[K"nmea_msgs/msg/detail/nav_sat_fix__struct.hpp"[m[K
      |          [01;31m[K^~~~~~~~~~~~~~~~~~~~~~~~~~~~~~~~~~~~~~~~~~~~~~[m[K
compilation terminated.
make[2]: *** [CMakeFiles/nmea_msgs__rosidl_typesupport_cpp.dir/build.make:141ï¼šCMakeFiles/nmea_msgs__rosidl_typesupport_cpp.dir/rosidl_typesupport_cpp/nmea_msgs/msg/gps_fix__type_support.cpp.o] é”™è¯¯ 1
make[2]: *** æ­£åœ¨ç­‰å¾…æœªå®Œæˆçš„ä»»åŠ¡....
[35m[1mScanning dependencies of target nmea_msgs__rosidl_typesupport_introspection_cpp[0m
[ 18%] [32mBuilding CXX object CMakeFiles/nmea_msgs__rosidl_typesupport_introspection_cpp.dir/rosidl_typesupport_introspection_cpp/nmea_msgs/msg/detail/gps_fix__type_support.cpp.o[0m
[ 19%] [32mBuilding CXX object CMakeFiles/nmea_msgs__rosidl_typesupport_introspection_cpp.dir/rosidl_typesupport_introspection_cpp/nmea_msgs/msg/detail/pixel_point__type_support.cpp.o[0m
In file included from [01m[K/home/xs/UAV/ROS2/build/nmea_msgs/rosidl_typesupport_introspection_cpp/nmea_msgs/msg/detail/gps_fix__type_support.cpp:12[m[K:
[01m[K/home/xs/UAV/ROS2/build/nmea_msgs/rosidl_generator_cpp/nmea_msgs/msg/detail/gps_fix__struct.hpp:19:10:[m[K [01;31m[Kfatal error: [m[Knmea_msgs/msg/detail/nav_sat_fix__struct.hpp: æ²¡æœ‰é‚£ä¸ªæ–‡ä»¶æˆ–ç›®å½•
   19 | #include [01;31m[K"nmea_msgs/msg/detail/nav_sat_fix__struct.hpp"[m[K
      |          [01;31m[K^~~~~~~~~~~~~~~~~~~~~~~~~~~~~~~~~~~~~~~~~~~~~~[m[K
compilation terminated.
make[2]: *** [CMakeFiles/nmea_msgs__rosidl_typesupport_introspection_cpp.dir/build.make:173ï¼šCMakeFiles/nmea_msgs__rosidl_typesupport_introspection_cpp.dir/rosidl_typesupport_introspection_cpp/nmea_msgs/msg/detail/gps_fix__type_support.cpp.o] é”™è¯¯ 1
make[2]: *** æ­£åœ¨ç­‰å¾…æœªå®Œæˆçš„ä»»åŠ¡....
[35m[1mScanning dependencies of target nmea_msgs__rosidl_typesupport_fastrtps_cpp[0m
[ 22%] [32mBuilding CXX object CMakeFiles/nmea_msgs__rosidl_typesupport_fastrtps_cpp.dir/rosidl_typesupport_fastrtps_cpp/nmea_msgs/msg/detail/dds_fastrtps/sentence__type_support.cpp.o[0m
[ 22%] [32mBuilding CXX object CMakeFiles/nmea_msgs__rosidl_typesupport_fastrtps_cpp.dir/rosidl_typesupport_fastrtps_cpp/nmea_msgs/msg/detail/dds_fastrtps/gps_fix__type_support.cpp.o[0m
[ 22%] [32mBuilding CXX object CMakeFiles/nmea_msgs__rosidl_typesupport_fastrtps_cpp.dir/rosidl_typesupport_fastrtps_cpp/nmea_msgs/msg/detail/dds_fastrtps/defect_box__type_support.cpp.o[0m
[ 22%] [32mBuilding CXX object CMakeFiles/nmea_msgs__rosidl_typesupport_fastrtps_cpp.dir/rosidl_typesupport_fastrtps_cpp/nmea_msgs/msg/detail/dds_fastrtps/pixel_point__type_support.cpp.o[0m
[ 23%] [32mBuilding CXX object CMakeFiles/nmea_msgs__rosidl_typesupport_fastrtps_cpp.dir/rosidl_typesupport_fastrtps_cpp/nmea_msgs/msg/detail/dds_fastrtps/gpgga__type_support.cpp.o[0m
[ 24%] [32mBuilding CXX object CMakeFiles/nmea_msgs__rosidl_typesupport_fastrtps_cpp.dir/rosidl_typesupport_fastrtps_cpp/nmea_msgs/msg/detail/dds_fastrtps/gpgsa__type_support.cpp.o[0m
make[1]: *** [CMakeFiles/Makefile2:239ï¼šCMakeFiles/nmea_msgs__rosidl_typesupport_cpp.dir/all] é”™è¯¯ 2
[ 25%] [32mBuilding CXX object CMakeFiles/nmea_msgs__rosidl_typesupport_fastrtps_cpp.dir/rosidl_typesupport_fastrtps_cpp/nmea_msgs/msg/detail/dds_fastrtps/gpgst__type_support.cpp.o[0m
In file included from [01m[K/home/xs/UAV/ROS2/build/nmea_msgs/rosidl_typesupport_fastrtps_cpp/nmea_msgs/msg/detail/gps_fix__rosidl_typesupport_fastrtps_cpp.hpp:11[m[K,
                 from [01m[K/home/xs/UAV/ROS2/build/nmea_msgs/rosidl_typesupport_fastrtps_cpp/nmea_msgs/msg/detail/dds_fastrtps/gps_fix__type_support.cpp:4[m[K:
[01m[K/home/xs/UAV/ROS2/build/nmea_msgs/rosidl_generator_cpp/nmea_msgs/msg/detail/gps_fix__struct.hpp:19:10:[m[K [01;31m[Kfatal error: [m[Knmea_msgs/msg/detail/nav_sat_fix__struct.hpp: æ²¡æœ‰é‚£ä¸ªæ–‡ä»¶æˆ–ç›®å½•
   19 | #include [01;31m[K"nmea_msgs/msg/detail/nav_sat_fix__struct.hpp"[m[K
      |          [01;31m[K^~~~~~~~~~~~~~~~~~~~~~~~~~~~~~~~~~~~~~~~~~~~~~[m[K
compilation terminated.
make[2]: *** [CMakeFiles/nmea_msgs__rosidl_typesupport_fastrtps_cpp.dir/build.make:173ï¼šCMakeFiles/nmea_msgs__rosidl_typesupport_fastrtps_cpp.dir/rosidl_typesupport_fastrtps_cpp/nmea_msgs/msg/detail/dds_fastrtps/gps_fix__type_support.cpp.o] é”™è¯¯ 1
make[2]: *** æ­£åœ¨ç­‰å¾…æœªå®Œæˆçš„ä»»åŠ¡....
make[1]: *** [CMakeFiles/Makefile2:383ï¼šCMakeFiles/nmea_msgs__rosidl_typesupport_introspection_cpp.dir/all] é”™è¯¯ 2
make[1]: *** [CMakeFiles/Makefile2:410ï¼šCMakeFiles/nmea_msgs__rosidl_typesupport_fastrtps_cpp.dir/all] é”™è¯¯ 2
make: *** [Makefile:141ï¼šall] é”™è¯¯ 2
