[0.458s] Invoking command in '/home/xs/UAV/ROS2/object_detector': PYTHONPATH=/home/xs/UAV/ROS2/build/object_detector/prefix_override:/home/xs/UAV/ROS2/install/object_detector/lib/python3.8/site-packages:/home/xs/UAV/ROS2/install/nmea_msgs/lib/python3.8/site-packages:/home/xs/UAV/ROS2/install/tf_converter/lib/python3.8/site-packages:/home/xs/UAV/ROS2/install/object_detector/lib/python3.8/site-packages:/home/xs/UAV/ROS2/install/gps_handler/lib/python3.8/site-packages:/home/xs/UAV/ROS2/install/ctrl_relayer/lib/python3.8/site-packages:/opt/ros/galactic/lib/python3.8/site-packages /usr/bin/python3 -W ignore:setup.py install is deprecated setup.py egg_info --egg-base ../build/object_detector build --build-base /home/xs/UAV/ROS2/build/object_detector/build install --record /home/xs/UAV/ROS2/build/object_detector/install.log --single-version-externally-managed install_data
[0.606s] running egg_info
[0.606s] creating ../build/object_detector/object_detector.egg-info
[0.606s] writing ../build/object_detector/object_detector.egg-info/PKG-INFO
[0.606s] writing dependency_links to ../build/object_detector/object_detector.egg-info/dependency_links.txt
[0.606s] writing entry points to ../build/object_detector/object_detector.egg-info/entry_points.txt
[0.607s] writing requirements to ../build/object_detector/object_detector.egg-info/requires.txt
[0.607s] writing top-level names to ../build/object_detector/object_detector.egg-info/top_level.txt
[0.607s] writing manifest file '../build/object_detector/object_detector.egg-info/SOURCES.txt'
[0.630s] reading manifest file '../build/object_detector/object_detector.egg-info/SOURCES.txt'
[0.630s] writing manifest file '../build/object_detector/object_detector.egg-info/SOURCES.txt'
[0.630s] running build
[0.630s] running build_py
[0.630s] creating /home/xs/UAV/ROS2/build/object_detector/build
[0.630s] creating /home/xs/UAV/ROS2/build/object_detector/build/lib
[0.630s] creating /home/xs/UAV/ROS2/build/object_detector/build/lib/object_detector
[0.630s] copying object_detector/dft_publisher.py -> /home/xs/UAV/ROS2/build/object_detector/build/lib/object_detector
[0.631s] copying object_detector/__init__.py -> /home/xs/UAV/ROS2/build/object_detector/build/lib/object_detector
[0.631s] running install
[0.631s] running install_lib
[0.632s] creating /home/xs/UAV/ROS2/install/object_detector/lib/python3.8/site-packages/object_detector
[0.632s] copying /home/xs/UAV/ROS2/build/object_detector/build/lib/object_detector/dft_publisher.py -> /home/xs/UAV/ROS2/install/object_detector/lib/python3.8/site-packages/object_detector
[0.632s] copying /home/xs/UAV/ROS2/build/object_detector/build/lib/object_detector/__init__.py -> /home/xs/UAV/ROS2/install/object_detector/lib/python3.8/site-packages/object_detector
[0.632s] byte-compiling /home/xs/UAV/ROS2/install/object_detector/lib/python3.8/site-packages/object_detector/dft_publisher.py to dft_publisher.cpython-38.pyc
[0.634s] byte-compiling /home/xs/UAV/ROS2/install/object_detector/lib/python3.8/site-packages/object_detector/__init__.py to __init__.cpython-38.pyc
[0.634s] running install_data
[0.634s] creating /home/xs/UAV/ROS2/install/object_detector/share/ament_index
[0.634s] creating /home/xs/UAV/ROS2/install/object_detector/share/ament_index/resource_index
[0.634s] creating /home/xs/UAV/ROS2/install/object_detector/share/ament_index/resource_index/packages
[0.634s] copying resource/object_detector -> /home/xs/UAV/ROS2/install/object_detector/share/ament_index/resource_index/packages
[0.634s] copying package.xml -> /home/xs/UAV/ROS2/install/object_detector/share/object_detector
[0.634s] creating /home/xs/UAV/ROS2/install/object_detector/share/object_detector/launch
[0.634s] copying launch/object_detector.launch.py -> /home/xs/UAV/ROS2/install/object_detector/share/object_detector/launch
[0.634s] running install_egg_info
[0.635s] Copying ../build/object_detector/object_detector.egg-info to /home/xs/UAV/ROS2/install/object_detector/lib/python3.8/site-packages/object_detector-0.0.0-py3.8.egg-info
[0.636s] running install_scripts
[0.647s] Installing dft_publisher script to /home/xs/UAV/ROS2/install/object_detector/lib/object_detector
[0.647s] writing list of installed files to '/home/xs/UAV/ROS2/build/object_detector/install.log'
[0.662s] Invoked command in '/home/xs/UAV/ROS2/object_detector' returned '0': PYTHONPATH=/home/xs/UAV/ROS2/build/object_detector/prefix_override:/home/xs/UAV/ROS2/install/object_detector/lib/python3.8/site-packages:/home/xs/UAV/ROS2/install/nmea_msgs/lib/python3.8/site-packages:/home/xs/UAV/ROS2/install/tf_converter/lib/python3.8/site-packages:/home/xs/UAV/ROS2/install/object_detector/lib/python3.8/site-packages:/home/xs/UAV/ROS2/install/gps_handler/lib/python3.8/site-packages:/home/xs/UAV/ROS2/install/ctrl_relayer/lib/python3.8/site-packages:/opt/ros/galactic/lib/python3.8/site-packages /usr/bin/python3 -W ignore:setup.py install is deprecated setup.py egg_info --egg-base ../build/object_detector build --build-base /home/xs/UAV/ROS2/build/object_detector/build install --record /home/xs/UAV/ROS2/build/object_detector/install.log --single-version-externally-managed install_data
