In file included from [01m[K/home/xs/UAV/ROS2/build/nmea_msgs/rosidl_generator_c/nmea_msgs/msg/detail/gps_fix__functions.h:19[m[K,
                 from [01m[K/home/xs/UAV/ROS2/build/nmea_msgs/rosidl_generator_c/nmea_msgs/msg/detail/gps_fix__functions.c:4[m[K:
[01m[K/home/xs/UAV/ROS2/build/nmea_msgs/rosidl_generator_c/nmea_msgs/msg/detail/gps_fix__struct.h:22:10:[m[K [01;31m[Kfatal error: [m[Knmea_msgs/msg/detail/nav_sat_fix__struct.h: æ²¡æœ‰é‚£ä¸ªæ–‡ä»¶æˆ–ç›®å½•
   22 | #include [01;31m[K"nmea_msgs/msg/detail/nav_sat_fix__struct.h"[m[K
      |          [01;31m[K^~~~~~~~~~~~~~~~~~~~~~~~~~~~~~~~~~~~~~~~~~~~[m[K
compilation terminated.
make[2]: *** [CMakeFiles/nmea_msgs__rosidl_generator_c.dir/build.make:325ï¼šCMakeFiles/nmea_msgs__rosidl_generator_c.dir/rosidl_generator_c/nmea_msgs/msg/detail/gps_fix__functions.c.o] é”™è¯¯ 1
make[1]: *** [CMakeFiles/Makefile2:327ï¼šCMakeFiles/nmea_msgs__rosidl_generator_c.dir/all] é”™è¯¯ 2
make[1]: *** æ­£åœ¨ç­‰å¾…æœªå®Œæˆçš„ä»»åŠ¡....
In file included from [01m[K/home/xs/UAV/ROS2/build/nmea_msgs/rosidl_typesupport_introspection_cpp/nmea_msgs/msg/detail/gps_fix__type_support.cpp:12[m[K:
[01m[K/home/xs/UAV/ROS2/build/nmea_msgs/rosidl_generator_cpp/nmea_msgs/msg/detail/gps_fix__struct.hpp:19:10:[m[K [01;31m[Kfatal error: [m[Knmea_msgs/msg/detail/nav_sat_fix__struct.hpp: æ²¡æœ‰é‚£ä¸ªæ–‡ä»¶æˆ–ç›®å½•
   19 | #include [01;31m[K"nmea_msgs/msg/detail/nav_sat_fix__struct.hpp"[m[K
      |          [01;31m[K^~~~~~~~~~~~~~~~~~~~~~~~~~~~~~~~~~~~~~~~~~~~~~[m[K
compilation terminated.
make[2]: *** [CMakeFiles/nmea_msgs__rosidl_typesupport_introspection_cpp.dir/build.make:230ï¼šCMakeFiles/nmea_msgs__rosidl_typesupport_introspection_cpp.dir/rosidl_typesupport_introspection_cpp/nmea_msgs/msg/detail/gps_fix__type_support.cpp.o] é”™è¯¯ 1
make[2]: *** æ­£åœ¨ç­‰å¾…æœªå®Œæˆçš„ä»»åŠ¡....
In file included from [01m[K/home/xs/UAV/ROS2/build/nmea_msgs/rosidl_typesupport_fastrtps_cpp/nmea_msgs/msg/detail/gps_fix__rosidl_typesupport_fastrtps_cpp.hpp:11[m[K,
                 from [01m[K/home/xs/UAV/ROS2/build/nmea_msgs/rosidl_typesupport_fastrtps_cpp/nmea_msgs/msg/detail/dds_fastrtps/gps_fix__type_support.cpp:4[m[K:
[01m[K/home/xs/UAV/ROS2/build/nmea_msgs/rosidl_generator_cpp/nmea_msgs/msg/detail/gps_fix__struct.hpp:19:10:[m[K [01;31m[Kfatal error: [m[Knmea_msgs/msg/detail/nav_sat_fix__struct.hpp: æ²¡æœ‰é‚£ä¸ªæ–‡ä»¶æˆ–ç›®å½•
   19 | #include [01;31m[K"nmea_msgs/msg/detail/nav_sat_fix__struct.hpp"[m[K
      |          [01;31m[K^~~~~~~~~~~~~~~~~~~~~~~~~~~~~~~~~~~~~~~~~~~~~~[m[K
compilation terminated.
make[2]: *** [CMakeFiles/nmea_msgs__rosidl_typesupport_fastrtps_cpp.dir/build.make:230ï¼šCMakeFiles/nmea_msgs__rosidl_typesupport_fastrtps_cpp.dir/rosidl_typesupport_fastrtps_cpp/nmea_msgs/msg/detail/dds_fastrtps/gps_fix__type_support.cpp.o] é”™è¯¯ 1
make[1]: *** [CMakeFiles/Makefile2:410ï¼šCMakeFiles/nmea_msgs__rosidl_typesupport_fastrtps_cpp.dir/all] é”™è¯¯ 2
In file included from [01m[K/home/xs/UAV/ROS2/build/nmea_msgs/rosidl_typesupport_cpp/nmea_msgs/msg/gps_fix__type_support.cpp:7[m[K:
[01m[K/home/xs/UAV/ROS2/build/nmea_msgs/rosidl_generator_cpp/nmea_msgs/msg/detail/gps_fix__struct.hpp:19:10:[m[K [01;31m[Kfatal error: [m[Knmea_msgs/msg/detail/nav_sat_fix__struct.hpp: æ²¡æœ‰é‚£ä¸ªæ–‡ä»¶æˆ–ç›®å½•
   19 | #include [01;31m[K"nmea_msgs/msg/detail/nav_sat_fix__struct.hpp"[m[K
      |          [01;31m[K^~~~~~~~~~~~~~~~~~~~~~~~~~~~~~~~~~~~~~~~~~~~~~[m[K
compilation terminated.
make[2]: *** [CMakeFiles/nmea_msgs__rosidl_typesupport_cpp.dir/build.make:198ï¼šCMakeFiles/nmea_msgs__rosidl_typesupport_cpp.dir/rosidl_typesupport_cpp/nmea_msgs/msg/gps_fix__type_support.cpp.o] é”™è¯¯ 1
make[1]: *** [CMakeFiles/Makefile2:239ï¼šCMakeFiles/nmea_msgs__rosidl_typesupport_cpp.dir/all] é”™è¯¯ 2
make[1]: *** [CMakeFiles/Makefile2:383ï¼šCMakeFiles/nmea_msgs__rosidl_typesupport_introspection_cpp.dir/all] é”™è¯¯ 2
make: *** [Makefile:141ï¼šall] é”™è¯¯ 2
