[0.879s] Invoking command in '/home/xs/UAV/ROS2/tf_converter': PYTHONPATH=/home/xs/UAV/ROS2/build/tf_converter/prefix_override:/home/xs/UAV/ROS2/install/tf_converter/lib/python3.8/site-packages:${PYTHONPATH} /usr/bin/python3 -W ignore:setup.py install is deprecated setup.py egg_info --egg-base ../build/tf_converter build --build-base /home/xs/UAV/ROS2/build/tf_converter/build install --record /home/xs/UAV/ROS2/build/tf_converter/install.log --single-version-externally-managed install_data
[1.075s] running egg_info
[1.076s] writing ../build/tf_converter/tf_converter.egg-info/PKG-INFO
[1.076s] writing dependency_links to ../build/tf_converter/tf_converter.egg-info/dependency_links.txt
[1.076s] writing entry points to ../build/tf_converter/tf_converter.egg-info/entry_points.txt
[1.076s] writing requirements to ../build/tf_converter/tf_converter.egg-info/requires.txt
[1.076s] writing top-level names to ../build/tf_converter/tf_converter.egg-info/top_level.txt
[1.122s] reading manifest file '../build/tf_converter/tf_converter.egg-info/SOURCES.txt'
[1.123s] writing manifest file '../build/tf_converter/tf_converter.egg-info/SOURCES.txt'
[1.123s] running build
[1.123s] running build_py
[1.123s] copying tf_converter/tf_converter.py -> /home/xs/UAV/ROS2/build/tf_converter/build/lib/tf_converter
[1.123s] running install
[1.124s] running install_lib
[1.125s] copying /home/xs/UAV/ROS2/build/tf_converter/build/lib/tf_converter/tf_converter.py -> /home/xs/UAV/ROS2/install/tf_converter/lib/python3.8/site-packages/tf_converter
[1.126s] byte-compiling /home/xs/UAV/ROS2/install/tf_converter/lib/python3.8/site-packages/tf_converter/tf_converter.py to tf_converter.cpython-38.pyc
[1.128s] running install_data
[1.128s] running install_egg_info
[1.131s] removing '/home/xs/UAV/ROS2/install/tf_converter/lib/python3.8/site-packages/tf_converter-0.0.0-py3.8.egg-info' (and everything under it)
[1.131s] Copying ../build/tf_converter/tf_converter.egg-info to /home/xs/UAV/ROS2/install/tf_converter/lib/python3.8/site-packages/tf_converter-0.0.0-py3.8.egg-info
[1.132s] running install_scripts
[1.152s] writing list of installed files to '/home/xs/UAV/ROS2/build/tf_converter/install.log'
[1.169s] Invoked command in '/home/xs/UAV/ROS2/tf_converter' returned '0': PYTHONPATH=/home/xs/UAV/ROS2/build/tf_converter/prefix_override:/home/xs/UAV/ROS2/install/tf_converter/lib/python3.8/site-packages:${PYTHONPATH} /usr/bin/python3 -W ignore:setup.py install is deprecated setup.py egg_info --egg-base ../build/tf_converter build --build-base /home/xs/UAV/ROS2/build/tf_converter/build install --record /home/xs/UAV/ROS2/build/tf_converter/install.log --single-version-externally-managed install_data
