[1.858s] Invoking command in '/home/ccl/UAV/ROS2/object_detector': PYTHONPATH=/home/ccl/UAV/ROS2/build/object_detector/prefix_override:/home/ccl/UAV/ROS2/install/object_detector/lib/python3.8/site-packages:${PYTHONPATH} /usr/bin/python3 -W ignore:setup.py install is deprecated setup.py egg_info --egg-base ../build/object_detector build --build-base /home/ccl/UAV/ROS2/build/object_detector/build install --record /home/ccl/UAV/ROS2/build/object_detector/install.log --single-version-externally-managed install_data
[2.223s] running egg_info
[2.249s] writing ../build/object_detector/object_detector.egg-info/PKG-INFO
[2.249s] writing dependency_links to ../build/object_detector/object_detector.egg-info/dependency_links.txt
[2.250s] writing entry points to ../build/object_detector/object_detector.egg-info/entry_points.txt
[2.250s] writing requirements to ../build/object_detector/object_detector.egg-info/requires.txt
[2.251s] writing top-level names to ../build/object_detector/object_detector.egg-info/top_level.txt
[2.472s] reading manifest file '../build/object_detector/object_detector.egg-info/SOURCES.txt'
[2.474s] writing manifest file '../build/object_detector/object_detector.egg-info/SOURCES.txt'
[2.475s] running build
[2.475s] running build_py
[2.475s] copying object_detector/dft_publisher.py -> /home/ccl/UAV/ROS2/build/object_detector/build/lib/object_detector
[2.476s] copying object_detector/__init__.py -> /home/ccl/UAV/ROS2/build/object_detector/build/lib/object_detector
[2.476s] running install
[2.479s] running install_lib
[2.509s] running install_data
[2.509s] copying resource/object_detector -> /home/ccl/UAV/ROS2/install/object_detector/share/ament_index/resource_index/packages
[2.509s] copying package.xml -> /home/ccl/UAV/ROS2/install/object_detector/share/object_detector
[2.509s] running install_egg_info
[2.537s] removing '/home/ccl/UAV/ROS2/install/object_detector/lib/python3.8/site-packages/object_detector-0.0.0-py3.8.egg-info' (and everything under it)
[2.538s] Copying ../build/object_detector/object_detector.egg-info to /home/ccl/UAV/ROS2/install/object_detector/lib/python3.8/site-packages/object_detector-0.0.0-py3.8.egg-info
[2.539s] running install_scripts
[2.609s] Installing dft_publisher script to /home/ccl/UAV/ROS2/install/object_detector/lib/object_detector
[2.609s] writing list of installed files to '/home/ccl/UAV/ROS2/build/object_detector/install.log'
[2.629s] Invoked command in '/home/ccl/UAV/ROS2/object_detector' returned '0': PYTHONPATH=/home/ccl/UAV/ROS2/build/object_detector/prefix_override:/home/ccl/UAV/ROS2/install/object_detector/lib/python3.8/site-packages:${PYTHONPATH} /usr/bin/python3 -W ignore:setup.py install is deprecated setup.py egg_info --egg-base ../build/object_detector build --build-base /home/ccl/UAV/ROS2/build/object_detector/build install --record /home/ccl/UAV/ROS2/build/object_detector/install.log --single-version-externally-managed install_data
