running egg_info
writing ../build/tf_converter/tf_converter.egg-info/PKG-INFO
writing dependency_links to ../build/tf_converter/tf_converter.egg-info/dependency_links.txt
writing entry points to ../build/tf_converter/tf_converter.egg-info/entry_points.txt
writing requirements to ../build/tf_converter/tf_converter.egg-info/requires.txt
writing top-level names to ../build/tf_converter/tf_converter.egg-info/top_level.txt
reading manifest file '../build/tf_converter/tf_converter.egg-info/SOURCES.txt'
writing manifest file '../build/tf_converter/tf_converter.egg-info/SOURCES.txt'
running build
running build_py
running install
running install_lib
running install_data
copying launch/tf_converter.launch.py -> /home/xs/UAV/ROS2/install/tf_converter/share/tf_converter/launch
running install_egg_info
removing '/home/xs/UAV/ROS2/install/tf_converter/lib/python3.8/site-packages/tf_converter-0.0.0-py3.8.egg-info' (and everything under it)
Copying ../build/tf_converter/tf_converter.egg-info to /home/xs/UAV/ROS2/install/tf_converter/lib/python3.8/site-packages/tf_converter-0.0.0-py3.8.egg-info
running install_scripts
Installing tf_converter script to /home/xs/UAV/ROS2/install/tf_converter/lib/tf_converter
Installing uav2cam_broadcaster script to /home/xs/UAV/ROS2/install/tf_converter/lib/tf_converter
writing list of installed files to '/home/xs/UAV/ROS2/build/tf_converter/install.log'
