[0.025s] Invoking command in '/home/xs/UAV/ROS2/build/nmea_msgs': CMAKE_PREFIX_PATH=${CMAKE_PREFIX_PATH}:/home/xs/UAV/ROS2/install/tf_converter:/home/xs/UAV/ROS2/install/object_detector:/home/xs/UAV/ROS2/install/gps_handler:/home/xs/UAV/ROS2/install/ctrl_relayer:/opt/ros/galactic /usr/bin/cmake --build /home/xs/UAV/ROS2/build/nmea_msgs -- -j8 -l8
[0.529s] -- Found ament_cmake: 1.1.6 (/opt/ros/galactic/share/ament_cmake/cmake)
[0.529s] -- Found PythonInterp: /usr/bin/python3 (found suitable version "3.8.10", minimum required is "3") 
[0.530s] -- Using PYTHON_EXECUTABLE: /usr/bin/python3
[0.530s] -- Found rosidl_default_generators: 1.1.1 (/opt/ros/galactic/share/rosidl_default_generators/cmake)
[0.531s] -- Using all available rosidl_typesupport_c: rosidl_typesupport_fastrtps_c;rosidl_typesupport_introspection_c
[0.531s] -- Found rosidl_adapter: 2.2.3 (/opt/ros/galactic/share/rosidl_adapter/cmake)
[0.531s] -- Using all available rosidl_typesupport_cpp: rosidl_typesupport_fastrtps_cpp;rosidl_typesupport_introspection_cpp
[0.531s] -- Found std_msgs: 2.2.4 (/opt/ros/galactic/share/std_msgs/cmake)
[0.531s] -- Found sensor_msgs: 2.2.4 (/opt/ros/galactic/share/sensor_msgs/cmake)
[0.532s] -- Found PythonInterp: /usr/bin/python3 (found version "3.8.10") 
[0.533s] -- Found ament_cmake_ros: 0.9.2 (/opt/ros/galactic/share/ament_cmake_ros/cmake)
[0.722s] -- Using all available rosidl_typesupport_c: rosidl_typesupport_fastrtps_c;rosidl_typesupport_introspection_c
[0.838s] -- Using all available rosidl_typesupport_cpp: rosidl_typesupport_fastrtps_cpp;rosidl_typesupport_introspection_cpp
[0.862s] -- Found PythonInterp: /usr/bin/python3 (found suitable version "3.8.10", minimum required is "3.5") 
[0.862s] -- Found python_cmake_module: 0.8.1 (/opt/ros/galactic/share/python_cmake_module/cmake)
[0.886s] -- Using PYTHON_EXECUTABLE: /usr/bin/python3
[0.886s] -- Using PYTHON_INCLUDE_DIRS: /usr/include/python3.8
[0.886s] -- Using PYTHON_LIBRARIES: /usr/lib/x86_64-linux-gnu/libpython3.8.so
[0.943s] -- Configuring done
[1.000s] -- Generating done
[1.002s] -- Build files have been written to: /home/xs/UAV/ROS2/build/nmea_msgs
[1.034s] [  0%] Built target nmea_msgs__cpp
[1.037s] [  1%] [32mBuilding C object CMakeFiles/nmea_msgs__rosidl_generator_c.dir/rosidl_generator_c/nmea_msgs/msg/detail/gps_fix__functions.c.o[0m
[1.050s] In file included from [01m[K/home/xs/UAV/ROS2/build/nmea_msgs/rosidl_generator_c/nmea_msgs/msg/detail/gps_fix__functions.h:19[m[K,
[1.050s]                  from [01m[K/home/xs/UAV/ROS2/build/nmea_msgs/rosidl_generator_c/nmea_msgs/msg/detail/gps_fix__functions.c:4[m[K:
[1.050s] [01m[K/home/xs/UAV/ROS2/build/nmea_msgs/rosidl_generator_c/nmea_msgs/msg/detail/gps_fix__struct.h:22:10:[m[K [01;31m[Kfatal error: [m[Knmea_msgs/msg/detail/nav_sat_fix__struct.h: æ²¡æœ‰é‚£ä¸ªæ–‡ä»¶æˆ–ç›®å½•
[1.050s]    22 | #include [01;31m[K"nmea_msgs/msg/detail/nav_sat_fix__struct.h"[m[K
[1.050s]       |          [01;31m[K^~~~~~~~~~~~~~~~~~~~~~~~~~~~~~~~~~~~~~~~~~~~[m[K
[1.050s] compilation terminated.
[1.052s] make[2]: *** [CMakeFiles/nmea_msgs__rosidl_generator_c.dir/build.make:325ï¼šCMakeFiles/nmea_msgs__rosidl_generator_c.dir/rosidl_generator_c/nmea_msgs/msg/detail/gps_fix__functions.c.o] é”™è¯¯ 1
[1.053s] make[1]: *** [CMakeFiles/Makefile2:327ï¼šCMakeFiles/nmea_msgs__rosidl_generator_c.dir/all] é”™è¯¯ 2
[1.053s] make[1]: *** æ­£åœ¨ç­‰å¾…æœªå®Œæˆçš„ä»»åŠ¡....
[1.060s] [  2%] [32mBuilding CXX object CMakeFiles/nmea_msgs__rosidl_typesupport_cpp.dir/rosidl_typesupport_cpp/nmea_msgs/msg/gps_fix__type_support.cpp.o[0m
[1.060s] [  3%] [32mBuilding CXX object CMakeFiles/nmea_msgs__rosidl_typesupport_fastrtps_cpp.dir/rosidl_typesupport_fastrtps_cpp/nmea_msgs/msg/detail/dds_fastrtps/gps_fix__type_support.cpp.o[0m
[1.062s] [  4%] [32mBuilding CXX object CMakeFiles/nmea_msgs__rosidl_typesupport_introspection_cpp.dir/rosidl_typesupport_introspection_cpp/nmea_msgs/msg/detail/gpgst__type_support.cpp.o[0m
[1.062s] [  5%] [32mBuilding CXX object CMakeFiles/nmea_msgs__rosidl_typesupport_introspection_cpp.dir/rosidl_typesupport_introspection_cpp/nmea_msgs/msg/detail/gpgga__type_support.cpp.o[0m
[1.063s] [  6%] [32mBuilding CXX object CMakeFiles/nmea_msgs__rosidl_typesupport_introspection_cpp.dir/rosidl_typesupport_introspection_cpp/nmea_msgs/msg/detail/gps_fix__type_support.cpp.o[0m
[1.068s] [  7%] [32mBuilding CXX object CMakeFiles/nmea_msgs__rosidl_typesupport_cpp.dir/rosidl_typesupport_cpp/nmea_msgs/msg/gpgsv_satellite__type_support.cpp.o[0m
[1.069s] [  8%] [32mBuilding CXX object CMakeFiles/nmea_msgs__rosidl_typesupport_introspection_cpp.dir/rosidl_typesupport_introspection_cpp/nmea_msgs/msg/detail/gpgsa__type_support.cpp.o[0m
[1.070s] [  9%] [32mBuilding CXX object CMakeFiles/nmea_msgs__rosidl_typesupport_cpp.dir/rosidl_typesupport_cpp/nmea_msgs/msg/gprmc__type_support.cpp.o[0m
[1.122s] In file included from [01m[K/home/xs/UAV/ROS2/build/nmea_msgs/rosidl_typesupport_introspection_cpp/nmea_msgs/msg/detail/gps_fix__type_support.cpp:12[m[K:
[1.122s] [01m[K/home/xs/UAV/ROS2/build/nmea_msgs/rosidl_generator_cpp/nmea_msgs/msg/detail/gps_fix__struct.hpp:19:10:[m[K [01;31m[Kfatal error: [m[Knmea_msgs/msg/detail/nav_sat_fix__struct.hpp: æ²¡æœ‰é‚£ä¸ªæ–‡ä»¶æˆ–ç›®å½•
[1.122s]    19 | #include [01;31m[K"nmea_msgs/msg/detail/nav_sat_fix__struct.hpp"[m[K
[1.123s]       |          [01;31m[K^~~~~~~~~~~~~~~~~~~~~~~~~~~~~~~~~~~~~~~~~~~~~~[m[K
[1.123s] compilation terminated.
[1.123s] In file included from [01m[K/home/xs/UAV/ROS2/build/nmea_msgs/rosidl_typesupport_cpp/nmea_msgs/msg/gps_fix__type_support.cpp:7[m[K:
[1.123s] [01m[K/home/xs/UAV/ROS2/build/nmea_msgs/rosidl_generator_cpp/nmea_msgs/msg/detail/gps_fix__struct.hpp:19:10:[m[K [01;31m[Kfatal error: [m[Knmea_msgs/msg/detail/nav_sat_fix__struct.hpp: æ²¡æœ‰é‚£ä¸ªæ–‡ä»¶æˆ–ç›®å½•
[1.123s]    19 | #include [01;31m[K"nmea_msgs/msg/detail/nav_sat_fix__struct.hpp"[m[K
[1.123s]       |          [01;31m[K^~~~~~~~~~~~~~~~~~~~~~~~~~~~~~~~~~~~~~~~~~~~~~[m[K
[1.123s] compilation terminated.
[1.123s] make[2]: *** [CMakeFiles/nmea_msgs__rosidl_typesupport_cpp.dir/build.make:198ï¼šCMakeFiles/nmea_msgs__rosidl_typesupport_cpp.dir/rosidl_typesupport_cpp/nmea_msgs/msg/gps_fix__type_support.cpp.o] é”™è¯¯ 1
[1.123s] make[2]: *** æ­£åœ¨ç­‰å¾…æœªå®Œæˆçš„ä»»åŠ¡....
[1.124s] make[2]: *** [CMakeFiles/nmea_msgs__rosidl_typesupport_introspection_cpp.dir/build.make:230ï¼šCMakeFiles/nmea_msgs__rosidl_typesupport_introspection_cpp.dir/rosidl_typesupport_introspection_cpp/nmea_msgs/msg/detail/gps_fix__type_support.cpp.o] é”™è¯¯ 1
[1.124s] make[2]: *** æ­£åœ¨ç­‰å¾…æœªå®Œæˆçš„ä»»åŠ¡....
[1.137s] In file included from [01m[K/home/xs/UAV/ROS2/build/nmea_msgs/rosidl_typesupport_fastrtps_cpp/nmea_msgs/msg/detail/gps_fix__rosidl_typesupport_fastrtps_cpp.hpp:11[m[K,
[1.138s]                  from [01m[K/home/xs/UAV/ROS2/build/nmea_msgs/rosidl_typesupport_fastrtps_cpp/nmea_msgs/msg/detail/dds_fastrtps/gps_fix__type_support.cpp:4[m[K:
[1.138s] [01m[K/home/xs/UAV/ROS2/build/nmea_msgs/rosidl_generator_cpp/nmea_msgs/msg/detail/gps_fix__struct.hpp:19:10:[m[K [01;31m[Kfatal error: [m[Knmea_msgs/msg/detail/nav_sat_fix__struct.hpp: æ²¡æœ‰é‚£ä¸ªæ–‡ä»¶æˆ–ç›®å½•
[1.138s]    19 | #include [01;31m[K"nmea_msgs/msg/detail/nav_sat_fix__struct.hpp"[m[K
[1.138s]       |          [01;31m[K^~~~~~~~~~~~~~~~~~~~~~~~~~~~~~~~~~~~~~~~~~~~~~[m[K
[1.138s] compilation terminated.
[1.139s] make[2]: *** [CMakeFiles/nmea_msgs__rosidl_typesupport_fastrtps_cpp.dir/build.make:230ï¼šCMakeFiles/nmea_msgs__rosidl_typesupport_fastrtps_cpp.dir/rosidl_typesupport_fastrtps_cpp/nmea_msgs/msg/detail/dds_fastrtps/gps_fix__type_support.cpp.o] é”™è¯¯ 1
[1.139s] make[2]: *** æ­£åœ¨ç­‰å¾…æœªå®Œæˆçš„ä»»åŠ¡....
[1.153s] [ 10%] [32mBuilding CXX object CMakeFiles/nmea_msgs__rosidl_typesupport_fastrtps_cpp.dir/rosidl_typesupport_fastrtps_cpp/nmea_msgs/msg/detail/dds_fastrtps/gprmc__type_support.cpp.o[0m
[1.430s] make[1]: *** [CMakeFiles/Makefile2:239ï¼šCMakeFiles/nmea_msgs__rosidl_typesupport_cpp.dir/all] é”™è¯¯ 2
[1.442s] make[1]: *** [CMakeFiles/Makefile2:383ï¼šCMakeFiles/nmea_msgs__rosidl_typesupport_introspection_cpp.dir/all] é”™è¯¯ 2
[1.525s] make[1]: *** [CMakeFiles/Makefile2:410ï¼šCMakeFiles/nmea_msgs__rosidl_typesupport_fastrtps_cpp.dir/all] é”™è¯¯ 2
[1.525s] make: *** [Makefile:141ï¼šall] é”™è¯¯ 2
[1.527s] Invoked command in '/home/xs/UAV/ROS2/build/nmea_msgs' returned '2': CMAKE_PREFIX_PATH=${CMAKE_PREFIX_PATH}:/home/xs/UAV/ROS2/install/tf_converter:/home/xs/UAV/ROS2/install/object_detector:/home/xs/UAV/ROS2/install/gps_handler:/home/xs/UAV/ROS2/install/ctrl_relayer:/opt/ros/galactic /usr/bin/cmake --build /home/xs/UAV/ROS2/build/nmea_msgs -- -j8 -l8
