[0.127s] DEBUG:colcon:Command line arguments: ['/usr/bin/colcon', 'build']
[0.127s] DEBUG:colcon:Parsed command line arguments: Namespace(log_base=None, log_level=None, verb_name='build', build_base='build', install_base='install', merge_install=False, symlink_install=False, test_result_base=None, continue_on_error=False, executor='parallel', parallel_workers=16, event_handlers=None, ignore_user_meta=False, metas=['./colcon.meta'], base_paths=['.'], packages_ignore=None, packages_ignore_regex=None, paths=None, packages_up_to=None, packages_up_to_regex=None, packages_above=None, packages_above_and_dependencies=None, packages_above_depth=None, packages_select_by_dep=None, packages_skip_by_dep=None, packages_skip_up_to=None, packages_select_build_failed=False, packages_skip_build_finished=False, packages_select_test_failures=False, packages_skip_test_passed=False, packages_select=None, packages_skip=None, packages_select_regex=None, packages_skip_regex=None, packages_start=None, packages_end=None, allow_overriding=[], cmake_args=None, cmake_target=None, cmake_target_skip_unavailable=False, cmake_clean_cache=False, cmake_clean_first=False, cmake_force_configure=False, ament_cmake_args=None, catkin_cmake_args=None, catkin_skip_building_tests=False, verb_parser=<colcon_defaults.argument_parser.defaults.DefaultArgumentsDecorator object at 0x763465a29390>, verb_extension=<colcon_core.verb.build.BuildVerb object at 0x763465b8eb00>, main=<bound method BuildVerb.main of <colcon_core.verb.build.BuildVerb object at 0x763465b8eb00>>)
[0.193s] Level 1:colcon.colcon_core.package_discovery:discover_packages(colcon_meta) check parameters
[0.193s] Level 1:colcon.colcon_core.package_discovery:discover_packages(recursive) check parameters
[0.193s] Level 1:colcon.colcon_core.package_discovery:discover_packages(ignore) check parameters
[0.193s] Level 1:colcon.colcon_core.package_discovery:discover_packages(path) check parameters
[0.193s] Level 1:colcon.colcon_core.package_discovery:discover_packages(colcon_meta) discover
[0.193s] Level 1:colcon.colcon_core.package_discovery:discover_packages(recursive) discover
[0.193s] INFO:colcon.colcon_core.package_discovery:Crawling recursively for packages in '/home/x650/UAV/ROS2'
[0.193s] Level 1:colcon.colcon_core.package_identification:_identify(.) by extensions ['ignore', 'ignore_ament_install']
[0.193s] Level 1:colcon.colcon_core.package_identification:_identify(.) by extension 'ignore'
[0.193s] Level 1:colcon.colcon_core.package_identification:_identify(.) by extension 'ignore_ament_install'
[0.193s] Level 1:colcon.colcon_core.package_identification:_identify(.) by extensions ['colcon_pkg']
[0.193s] Level 1:colcon.colcon_core.package_identification:_identify(.) by extension 'colcon_pkg'
[0.193s] Level 1:colcon.colcon_core.package_identification:_identify(.) by extensions ['colcon_meta']
[0.193s] Level 1:colcon.colcon_core.package_identification:_identify(.) by extension 'colcon_meta'
[0.193s] Level 1:colcon.colcon_core.package_identification:_identify(.) by extensions ['ros']
[0.194s] Level 1:colcon.colcon_core.package_identification:_identify(.) by extension 'ros'
[0.219s] Level 1:colcon.colcon_core.package_identification:_identify(.) by extensions ['cmake', 'python']
[0.219s] Level 1:colcon.colcon_core.package_identification:_identify(.) by extension 'cmake'
[0.219s] Level 1:colcon.colcon_core.package_identification:_identify(.) by extension 'python'
[0.219s] Level 1:colcon.colcon_core.package_identification:_identify(.) by extensions ['python_setup_py']
[0.220s] Level 1:colcon.colcon_core.package_identification:_identify(.) by extension 'python_setup_py'
[0.220s] Level 1:colcon.colcon_core.package_identification:_identify(build) by extensions ['ignore', 'ignore_ament_install']
[0.220s] Level 1:colcon.colcon_core.package_identification:_identify(build) by extension 'ignore'
[0.220s] Level 1:colcon.colcon_core.package_identification:_identify(build) ignored
[0.221s] Level 1:colcon.colcon_core.package_identification:_identify(install) by extensions ['ignore', 'ignore_ament_install']
[0.221s] Level 1:colcon.colcon_core.package_identification:_identify(install) by extension 'ignore'
[0.221s] Level 1:colcon.colcon_core.package_identification:_identify(install) ignored
[0.221s] Level 1:colcon.colcon_core.package_identification:_identify(location_msgs) by extensions ['ignore', 'ignore_ament_install']
[0.221s] Level 1:colcon.colcon_core.package_identification:_identify(location_msgs) by extension 'ignore'
[0.221s] Level 1:colcon.colcon_core.package_identification:_identify(location_msgs) by extension 'ignore_ament_install'
[0.221s] Level 1:colcon.colcon_core.package_identification:_identify(location_msgs) by extensions ['colcon_pkg']
[0.221s] Level 1:colcon.colcon_core.package_identification:_identify(location_msgs) by extension 'colcon_pkg'
[0.221s] Level 1:colcon.colcon_core.package_identification:_identify(location_msgs) by extensions ['colcon_meta']
[0.221s] Level 1:colcon.colcon_core.package_identification:_identify(location_msgs) by extension 'colcon_meta'
[0.221s] Level 1:colcon.colcon_core.package_identification:_identify(location_msgs) by extensions ['ros']
[0.222s] Level 1:colcon.colcon_core.package_identification:_identify(location_msgs) by extension 'ros'
[0.227s] DEBUG:colcon.colcon_core.package_identification:Package 'location_msgs' with type 'ros.ament_cmake' and name 'location_msgs'
[0.227s] Level 1:colcon.colcon_core.package_identification:_identify(log) by extensions ['ignore', 'ignore_ament_install']
[0.227s] Level 1:colcon.colcon_core.package_identification:_identify(log) by extension 'ignore'
[0.228s] Level 1:colcon.colcon_core.package_identification:_identify(log) ignored
[0.228s] Level 1:colcon.colcon_core.package_identification:_identify(uav_patrol) by extensions ['ignore', 'ignore_ament_install']
[0.228s] Level 1:colcon.colcon_core.package_identification:_identify(uav_patrol) by extension 'ignore'
[0.228s] Level 1:colcon.colcon_core.package_identification:_identify(uav_patrol) by extension 'ignore_ament_install'
[0.228s] Level 1:colcon.colcon_core.package_identification:_identify(uav_patrol) by extensions ['colcon_pkg']
[0.228s] Level 1:colcon.colcon_core.package_identification:_identify(uav_patrol) by extension 'colcon_pkg'
[0.228s] Level 1:colcon.colcon_core.package_identification:_identify(uav_patrol) by extensions ['colcon_meta']
[0.228s] Level 1:colcon.colcon_core.package_identification:_identify(uav_patrol) by extension 'colcon_meta'
[0.228s] Level 1:colcon.colcon_core.package_identification:_identify(uav_patrol) by extensions ['ros']
[0.228s] Level 1:colcon.colcon_core.package_identification:_identify(uav_patrol) by extension 'ros'
[0.231s] DEBUG:colcon.colcon_core.package_identification:Package 'uav_patrol' with type 'ros.ament_python' and name 'uav_patrol'
[0.231s] Level 1:colcon.colcon_core.package_identification:_identify(weights) by extensions ['ignore', 'ignore_ament_install']
[0.232s] Level 1:colcon.colcon_core.package_identification:_identify(weights) by extension 'ignore'
[0.232s] Level 1:colcon.colcon_core.package_identification:_identify(weights) by extension 'ignore_ament_install'
[0.232s] Level 1:colcon.colcon_core.package_identification:_identify(weights) by extensions ['colcon_pkg']
[0.232s] Level 1:colcon.colcon_core.package_identification:_identify(weights) by extension 'colcon_pkg'
[0.232s] Level 1:colcon.colcon_core.package_identification:_identify(weights) by extensions ['colcon_meta']
[0.232s] Level 1:colcon.colcon_core.package_identification:_identify(weights) by extension 'colcon_meta'
[0.232s] Level 1:colcon.colcon_core.package_identification:_identify(weights) by extensions ['ros']
[0.232s] Level 1:colcon.colcon_core.package_identification:_identify(weights) by extension 'ros'
[0.232s] Level 1:colcon.colcon_core.package_identification:_identify(weights) by extensions ['cmake', 'python']
[0.232s] Level 1:colcon.colcon_core.package_identification:_identify(weights) by extension 'cmake'
[0.232s] Level 1:colcon.colcon_core.package_identification:_identify(weights) by extension 'python'
[0.232s] Level 1:colcon.colcon_core.package_identification:_identify(weights) by extensions ['python_setup_py']
[0.232s] Level 1:colcon.colcon_core.package_identification:_identify(weights) by extension 'python_setup_py'
[0.232s] Level 1:colcon.colcon_core.package_discovery:discover_packages(recursive) using defaults
[0.233s] Level 1:colcon.colcon_core.package_discovery:discover_packages(ignore) discover
[0.233s] Level 1:colcon.colcon_core.package_discovery:discover_packages(ignore) using defaults
[0.233s] Level 1:colcon.colcon_core.package_discovery:discover_packages(path) discover
[0.233s] Level 1:colcon.colcon_core.package_discovery:discover_packages(path) using defaults
[0.266s] Level 1:colcon.colcon_core.package_discovery:discover_packages(prefix_path) check parameters
[0.267s] Level 1:colcon.colcon_core.package_discovery:discover_packages(prefix_path) discover
[0.269s] DEBUG:colcon.colcon_installed_package_information.package_discovery:Found 2 installed packages in /home/x650/UAV/ROS2/install
[0.270s] DEBUG:colcon.colcon_installed_package_information.package_discovery:Found 277 installed packages in /opt/ros/humble
[0.271s] Level 1:colcon.colcon_core.package_discovery:discover_packages(prefix_path) using defaults
[0.296s] Level 5:colcon.colcon_core.verb:set package 'location_msgs' build argument 'cmake_args' from command line to 'None'
[0.296s] Level 5:colcon.colcon_core.verb:set package 'location_msgs' build argument 'cmake_target' from command line to 'None'
[0.296s] Level 5:colcon.colcon_core.verb:set package 'location_msgs' build argument 'cmake_target_skip_unavailable' from command line to 'False'
[0.296s] Level 5:colcon.colcon_core.verb:set package 'location_msgs' build argument 'cmake_clean_cache' from command line to 'False'
[0.296s] Level 5:colcon.colcon_core.verb:set package 'location_msgs' build argument 'cmake_clean_first' from command line to 'False'
[0.296s] Level 5:colcon.colcon_core.verb:set package 'location_msgs' build argument 'cmake_force_configure' from command line to 'False'
[0.296s] Level 5:colcon.colcon_core.verb:set package 'location_msgs' build argument 'ament_cmake_args' from command line to 'None'
[0.296s] Level 5:colcon.colcon_core.verb:set package 'location_msgs' build argument 'catkin_cmake_args' from command line to 'None'
[0.296s] Level 5:colcon.colcon_core.verb:set package 'location_msgs' build argument 'catkin_skip_building_tests' from command line to 'False'
[0.296s] DEBUG:colcon.colcon_core.verb:Building package 'location_msgs' with the following arguments: {'ament_cmake_args': None, 'build_base': '/home/x650/UAV/ROS2/build/location_msgs', 'catkin_cmake_args': None, 'catkin_skip_building_tests': False, 'cmake_args': None, 'cmake_clean_cache': False, 'cmake_clean_first': False, 'cmake_force_configure': False, 'cmake_target': None, 'cmake_target_skip_unavailable': False, 'install_base': '/home/x650/UAV/ROS2/install/location_msgs', 'merge_install': False, 'path': '/home/x650/UAV/ROS2/location_msgs', 'symlink_install': False, 'test_result_base': None}
[0.296s] Level 5:colcon.colcon_core.verb:set package 'uav_patrol' build argument 'cmake_args' from command line to 'None'
[0.296s] Level 5:colcon.colcon_core.verb:set package 'uav_patrol' build argument 'cmake_target' from command line to 'None'
[0.296s] Level 5:colcon.colcon_core.verb:set package 'uav_patrol' build argument 'cmake_target_skip_unavailable' from command line to 'False'
[0.296s] Level 5:colcon.colcon_core.verb:set package 'uav_patrol' build argument 'cmake_clean_cache' from command line to 'False'
[0.296s] Level 5:colcon.colcon_core.verb:set package 'uav_patrol' build argument 'cmake_clean_first' from command line to 'False'
[0.296s] Level 5:colcon.colcon_core.verb:set package 'uav_patrol' build argument 'cmake_force_configure' from command line to 'False'
[0.296s] Level 5:colcon.colcon_core.verb:set package 'uav_patrol' build argument 'ament_cmake_args' from command line to 'None'
[0.296s] Level 5:colcon.colcon_core.verb:set package 'uav_patrol' build argument 'catkin_cmake_args' from command line to 'None'
[0.296s] Level 5:colcon.colcon_core.verb:set package 'uav_patrol' build argument 'catkin_skip_building_tests' from command line to 'False'
[0.296s] DEBUG:colcon.colcon_core.verb:Building package 'uav_patrol' with the following arguments: {'ament_cmake_args': None, 'build_base': '/home/x650/UAV/ROS2/build/uav_patrol', 'catkin_cmake_args': None, 'catkin_skip_building_tests': False, 'cmake_args': None, 'cmake_clean_cache': False, 'cmake_clean_first': False, 'cmake_force_configure': False, 'cmake_target': None, 'cmake_target_skip_unavailable': False, 'install_base': '/home/x650/UAV/ROS2/install/uav_patrol', 'merge_install': False, 'path': '/home/x650/UAV/ROS2/uav_patrol', 'symlink_install': False, 'test_result_base': None}
[0.296s] INFO:colcon.colcon_core.executor:Executing jobs using 'parallel' executor
[0.297s] DEBUG:colcon.colcon_parallel_executor.executor.parallel:run_until_complete
[0.297s] INFO:colcon.colcon_ros.task.ament_cmake.build:Building ROS package in '/home/x650/UAV/ROS2/location_msgs' with build type 'ament_cmake'
[0.298s] INFO:colcon.colcon_cmake.task.cmake.build:Building CMake package in '/home/x650/UAV/ROS2/location_msgs'
[0.301s] INFO:colcon.colcon_core.plugin_system:Skipping extension 'colcon_core.shell.bat': Not used on non-Windows systems
[0.301s] INFO:colcon.colcon_core.shell:Skip shell extension 'powershell' for command environment: Not usable outside of PowerShell
[0.301s] DEBUG:colcon.colcon_core.shell:Skip shell extension 'dsv' for command environment
[0.309s] DEBUG:colcon.colcon_core.event_handler.log_command:Invoking command in '/home/x650/UAV/ROS2/build/location_msgs': CMAKE_PREFIX_PATH=${CMAKE_PREFIX_PATH}:/home/x650/UAV/ROS2/install/uav_patrol:/opt/ros/humble /usr/bin/cmake --build /home/x650/UAV/ROS2/build/location_msgs -- -j16 -l16
[0.853s] DEBUG:colcon.colcon_core.event_handler.log_command:Invoked command in '/home/x650/UAV/ROS2/build/location_msgs' returned '0': CMAKE_PREFIX_PATH=${CMAKE_PREFIX_PATH}:/home/x650/UAV/ROS2/install/uav_patrol:/opt/ros/humble /usr/bin/cmake --build /home/x650/UAV/ROS2/build/location_msgs -- -j16 -l16
[1.113s] DEBUG:colcon.colcon_core.event_handler.log_command:Invoking command in '/home/x650/UAV/ROS2/build/location_msgs': CMAKE_PREFIX_PATH=${CMAKE_PREFIX_PATH}:/home/x650/UAV/ROS2/install/uav_patrol:/opt/ros/humble /usr/bin/cmake --install /home/x650/UAV/ROS2/build/location_msgs
[1.196s] Level 1:colcon.colcon_core.environment:create_environment_scripts_only(location_msgs)
[1.197s] DEBUG:colcon.colcon_core.event_handler.log_command:Invoked command in '/home/x650/UAV/ROS2/build/location_msgs' returned '0': CMAKE_PREFIX_PATH=${CMAKE_PREFIX_PATH}:/home/x650/UAV/ROS2/install/uav_patrol:/opt/ros/humble /usr/bin/cmake --install /home/x650/UAV/ROS2/build/location_msgs
[1.200s] Level 1:colcon.colcon_core.environment:checking '/home/x650/UAV/ROS2/install/location_msgs' for CMake module files
[1.201s] Level 1:colcon.colcon_core.environment:checking '/home/x650/UAV/ROS2/install/location_msgs' for CMake config files
[1.201s] Level 1:colcon.colcon_core.shell:create_environment_hook('location_msgs', 'cmake_prefix_path')
[1.202s] INFO:colcon.colcon_core.shell:Creating environment hook '/home/x650/UAV/ROS2/install/location_msgs/share/location_msgs/hook/cmake_prefix_path.ps1'
[1.202s] INFO:colcon.colcon_core.shell:Creating environment descriptor '/home/x650/UAV/ROS2/install/location_msgs/share/location_msgs/hook/cmake_prefix_path.dsv'
[1.203s] INFO:colcon.colcon_core.shell:Creating environment hook '/home/x650/UAV/ROS2/install/location_msgs/share/location_msgs/hook/cmake_prefix_path.sh'
[1.203s] Level 1:colcon.colcon_core.environment:checking '/home/x650/UAV/ROS2/install/location_msgs/lib'
[1.203s] Level 1:colcon.colcon_core.shell:create_environment_hook('location_msgs', 'ld_library_path_lib')
[1.203s] INFO:colcon.colcon_core.shell:Creating environment hook '/home/x650/UAV/ROS2/install/location_msgs/share/location_msgs/hook/ld_library_path_lib.ps1'
[1.204s] INFO:colcon.colcon_core.shell:Creating environment descriptor '/home/x650/UAV/ROS2/install/location_msgs/share/location_msgs/hook/ld_library_path_lib.dsv'
[1.204s] INFO:colcon.colcon_core.shell:Creating environment hook '/home/x650/UAV/ROS2/install/location_msgs/share/location_msgs/hook/ld_library_path_lib.sh'
[1.204s] Level 1:colcon.colcon_core.environment:checking '/home/x650/UAV/ROS2/install/location_msgs/bin'
[1.204s] Level 1:colcon.colcon_core.environment:checking '/home/x650/UAV/ROS2/install/location_msgs/lib/pkgconfig/location_msgs.pc'
[1.204s] Level 1:colcon.colcon_core.environment:checking '/home/x650/UAV/ROS2/install/location_msgs/lib/python3.10/site-packages'
[1.204s] Level 1:colcon.colcon_core.environment:checking '/home/x650/UAV/ROS2/install/location_msgs/bin'
[1.205s] INFO:colcon.colcon_core.shell:Creating package script '/home/x650/UAV/ROS2/install/location_msgs/share/location_msgs/package.ps1'
[1.205s] INFO:colcon.colcon_core.shell:Creating package descriptor '/home/x650/UAV/ROS2/install/location_msgs/share/location_msgs/package.dsv'
[1.205s] INFO:colcon.colcon_core.shell:Creating package script '/home/x650/UAV/ROS2/install/location_msgs/share/location_msgs/package.sh'
[1.206s] INFO:colcon.colcon_core.shell:Creating package script '/home/x650/UAV/ROS2/install/location_msgs/share/location_msgs/package.bash'
[1.206s] INFO:colcon.colcon_core.shell:Creating package script '/home/x650/UAV/ROS2/install/location_msgs/share/location_msgs/package.zsh'
[1.207s] Level 1:colcon.colcon_core.environment:create_file_with_runtime_dependencies(/home/x650/UAV/ROS2/install/location_msgs/share/colcon-core/packages/location_msgs)
[1.457s] Level 1:colcon.colcon_core.environment:create_environment_scripts_only(location_msgs)
[1.458s] Level 1:colcon.colcon_core.environment:checking '/home/x650/UAV/ROS2/install/location_msgs' for CMake module files
[1.461s] Level 1:colcon.colcon_core.environment:checking '/home/x650/UAV/ROS2/install/location_msgs' for CMake config files
[1.462s] Level 1:colcon.colcon_core.shell:create_environment_hook('location_msgs', 'cmake_prefix_path')
[1.462s] INFO:colcon.colcon_core.shell:Creating environment hook '/home/x650/UAV/ROS2/install/location_msgs/share/location_msgs/hook/cmake_prefix_path.ps1'
[1.465s] INFO:colcon.colcon_core.shell:Creating environment descriptor '/home/x650/UAV/ROS2/install/location_msgs/share/location_msgs/hook/cmake_prefix_path.dsv'
[1.466s] INFO:colcon.colcon_core.shell:Creating environment hook '/home/x650/UAV/ROS2/install/location_msgs/share/location_msgs/hook/cmake_prefix_path.sh'
[1.468s] Level 1:colcon.colcon_core.environment:checking '/home/x650/UAV/ROS2/install/location_msgs/lib'
[1.469s] Level 1:colcon.colcon_core.shell:create_environment_hook('location_msgs', 'ld_library_path_lib')
[1.469s] INFO:colcon.colcon_core.shell:Creating environment hook '/home/x650/UAV/ROS2/install/location_msgs/share/location_msgs/hook/ld_library_path_lib.ps1'
[1.471s] INFO:colcon.colcon_core.shell:Creating environment descriptor '/home/x650/UAV/ROS2/install/location_msgs/share/location_msgs/hook/ld_library_path_lib.dsv'
[1.472s] INFO:colcon.colcon_core.shell:Creating environment hook '/home/x650/UAV/ROS2/install/location_msgs/share/location_msgs/hook/ld_library_path_lib.sh'
[1.472s] Level 1:colcon.colcon_core.environment:checking '/home/x650/UAV/ROS2/install/location_msgs/bin'
[1.473s] Level 1:colcon.colcon_core.environment:checking '/home/x650/UAV/ROS2/install/location_msgs/lib/pkgconfig/location_msgs.pc'
[1.473s] Level 1:colcon.colcon_core.environment:checking '/home/x650/UAV/ROS2/install/location_msgs/lib/python3.10/site-packages'
[1.474s] Level 1:colcon.colcon_core.environment:checking '/home/x650/UAV/ROS2/install/location_msgs/bin'
[1.474s] INFO:colcon.colcon_core.shell:Creating package script '/home/x650/UAV/ROS2/install/location_msgs/share/location_msgs/package.ps1'
[1.476s] INFO:colcon.colcon_core.shell:Creating package descriptor '/home/x650/UAV/ROS2/install/location_msgs/share/location_msgs/package.dsv'
[1.477s] INFO:colcon.colcon_core.shell:Creating package script '/home/x650/UAV/ROS2/install/location_msgs/share/location_msgs/package.sh'
[1.479s] INFO:colcon.colcon_core.shell:Creating package script '/home/x650/UAV/ROS2/install/location_msgs/share/location_msgs/package.bash'
[1.480s] INFO:colcon.colcon_core.shell:Creating package script '/home/x650/UAV/ROS2/install/location_msgs/share/location_msgs/package.zsh'
[1.481s] Level 1:colcon.colcon_core.environment:create_file_with_runtime_dependencies(/home/x650/UAV/ROS2/install/location_msgs/share/colcon-core/packages/location_msgs)
[1.482s] INFO:colcon.colcon_ros.task.ament_python.build:Building ROS package in '/home/x650/UAV/ROS2/uav_patrol' with build type 'ament_python'
[1.483s] Level 1:colcon.colcon_core.shell:create_environment_hook('uav_patrol', 'ament_prefix_path')
[1.484s] INFO:colcon.colcon_core.shell:Creating environment hook '/home/x650/UAV/ROS2/install/uav_patrol/share/uav_patrol/hook/ament_prefix_path.ps1'
[1.485s] INFO:colcon.colcon_core.shell:Creating environment descriptor '/home/x650/UAV/ROS2/install/uav_patrol/share/uav_patrol/hook/ament_prefix_path.dsv'
[1.487s] INFO:colcon.colcon_core.shell:Creating environment hook '/home/x650/UAV/ROS2/install/uav_patrol/share/uav_patrol/hook/ament_prefix_path.sh'
[1.490s] INFO:colcon.colcon_core.shell:Skip shell extension 'powershell' for command environment: Not usable outside of PowerShell
[1.490s] DEBUG:colcon.colcon_core.shell:Skip shell extension 'dsv' for command environment
[1.738s] INFO:colcon.colcon_core.task.python.build:Building Python package in '/home/x650/UAV/ROS2/uav_patrol'
[1.739s] INFO:colcon.colcon_core.shell:Skip shell extension 'powershell' for command environment: Not usable outside of PowerShell
[1.739s] DEBUG:colcon.colcon_core.shell:Skip shell extension 'dsv' for command environment
[2.231s] DEBUG:colcon.colcon_core.event_handler.log_command:Invoking command in '/home/x650/UAV/ROS2/uav_patrol': PYTHONPATH=/home/x650/UAV/ROS2/build/uav_patrol/prefix_override:/usr/lib/python3/dist-packages/colcon_core/task/python/colcon_distutils_commands:/home/x650/UAV/ROS2/install/uav_patrol/lib/python3.10/site-packages:${PYTHONPATH} /usr/bin/python3 -W ignore:setup.py install is deprecated setup.py egg_info --egg-base ../build/uav_patrol build --build-base /home/x650/UAV/ROS2/build/uav_patrol/build install --record /home/x650/UAV/ROS2/build/uav_patrol/install.log --single-version-externally-managed install_data
[2.773s] Level 1:colcon.colcon_core.environment:checking '/home/x650/UAV/ROS2/install/uav_patrol' for CMake module files
[2.774s] DEBUG:colcon.colcon_core.event_handler.log_command:Invoked command in '/home/x650/UAV/ROS2/uav_patrol' returned '0': PYTHONPATH=/home/x650/UAV/ROS2/build/uav_patrol/prefix_override:/usr/lib/python3/dist-packages/colcon_core/task/python/colcon_distutils_commands:/home/x650/UAV/ROS2/install/uav_patrol/lib/python3.10/site-packages:${PYTHONPATH} /usr/bin/python3 -W ignore:setup.py install is deprecated setup.py egg_info --egg-base ../build/uav_patrol build --build-base /home/x650/UAV/ROS2/build/uav_patrol/build install --record /home/x650/UAV/ROS2/build/uav_patrol/install.log --single-version-externally-managed install_data
[2.774s] Level 1:colcon.colcon_core.environment:checking '/home/x650/UAV/ROS2/install/uav_patrol' for CMake config files
[2.775s] Level 1:colcon.colcon_core.environment:checking '/home/x650/UAV/ROS2/install/uav_patrol/lib'
[2.775s] Level 1:colcon.colcon_core.environment:checking '/home/x650/UAV/ROS2/install/uav_patrol/bin'
[2.775s] Level 1:colcon.colcon_core.environment:checking '/home/x650/UAV/ROS2/install/uav_patrol/lib/pkgconfig/uav_patrol.pc'
[2.775s] Level 1:colcon.colcon_core.environment:checking '/home/x650/UAV/ROS2/install/uav_patrol/lib/python3.10/site-packages'
[2.775s] Level 1:colcon.colcon_core.shell:create_environment_hook('uav_patrol', 'pythonpath')
[2.775s] INFO:colcon.colcon_core.shell:Creating environment hook '/home/x650/UAV/ROS2/install/uav_patrol/share/uav_patrol/hook/pythonpath.ps1'
[2.776s] INFO:colcon.colcon_core.shell:Creating environment descriptor '/home/x650/UAV/ROS2/install/uav_patrol/share/uav_patrol/hook/pythonpath.dsv'
[2.776s] INFO:colcon.colcon_core.shell:Creating environment hook '/home/x650/UAV/ROS2/install/uav_patrol/share/uav_patrol/hook/pythonpath.sh'
[2.776s] Level 1:colcon.colcon_core.environment:checking '/home/x650/UAV/ROS2/install/uav_patrol/bin'
[2.776s] Level 1:colcon.colcon_core.environment:create_environment_scripts_only(uav_patrol)
[2.777s] INFO:colcon.colcon_core.shell:Creating package script '/home/x650/UAV/ROS2/install/uav_patrol/share/uav_patrol/package.ps1'
[2.777s] INFO:colcon.colcon_core.shell:Creating package descriptor '/home/x650/UAV/ROS2/install/uav_patrol/share/uav_patrol/package.dsv'
[2.777s] INFO:colcon.colcon_core.shell:Creating package script '/home/x650/UAV/ROS2/install/uav_patrol/share/uav_patrol/package.sh'
[2.778s] INFO:colcon.colcon_core.shell:Creating package script '/home/x650/UAV/ROS2/install/uav_patrol/share/uav_patrol/package.bash'
[2.778s] INFO:colcon.colcon_core.shell:Creating package script '/home/x650/UAV/ROS2/install/uav_patrol/share/uav_patrol/package.zsh'
[2.779s] Level 1:colcon.colcon_core.environment:create_file_with_runtime_dependencies(/home/x650/UAV/ROS2/install/uav_patrol/share/colcon-core/packages/uav_patrol)
[2.779s] DEBUG:colcon.colcon_parallel_executor.executor.parallel:closing loop
[2.779s] DEBUG:colcon.colcon_parallel_executor.executor.parallel:loop closed
[2.779s] DEBUG:colcon.colcon_parallel_executor.executor.parallel:run_until_complete finished with '0'
[2.779s] DEBUG:colcon.colcon_core.event_reactor:joining thread
[2.789s] INFO:colcon.colcon_core.plugin_system:Skipping extension 'colcon_notification.desktop_notification.terminal_notifier': Not used on non-Darwin systems
[2.789s] INFO:colcon.colcon_core.plugin_system:Skipping extension 'colcon_notification.desktop_notification.win32': Not used on non-Windows systems
[2.789s] INFO:colcon.colcon_notification.desktop_notification:Sending desktop notification using 'notify2'
[2.812s] DEBUG:colcon.colcon_core.event_reactor:joined thread
[2.813s] INFO:colcon.colcon_core.shell:Creating prefix script '/home/x650/UAV/ROS2/install/local_setup.ps1'
[2.814s] INFO:colcon.colcon_core.shell:Creating prefix util module '/home/x650/UAV/ROS2/install/_local_setup_util_ps1.py'
[2.815s] INFO:colcon.colcon_core.shell:Creating prefix chain script '/home/x650/UAV/ROS2/install/setup.ps1'
[2.817s] INFO:colcon.colcon_core.shell:Creating prefix script '/home/x650/UAV/ROS2/install/local_setup.sh'
[2.817s] INFO:colcon.colcon_core.shell:Creating prefix util module '/home/x650/UAV/ROS2/install/_local_setup_util_sh.py'
[2.818s] INFO:colcon.colcon_core.shell:Creating prefix chain script '/home/x650/UAV/ROS2/install/setup.sh'
[2.819s] INFO:colcon.colcon_core.shell:Creating prefix script '/home/x650/UAV/ROS2/install/local_setup.bash'
[2.819s] INFO:colcon.colcon_core.shell:Creating prefix chain script '/home/x650/UAV/ROS2/install/setup.bash'
[2.820s] INFO:colcon.colcon_core.shell:Creating prefix script '/home/x650/UAV/ROS2/install/local_setup.zsh'
[2.821s] INFO:colcon.colcon_core.shell:Creating prefix chain script '/home/x650/UAV/ROS2/install/setup.zsh'
