[0.929s] Invoking command in '/home/xs/UAV/ROS2/gps_handler': PYTHONPATH=/home/xs/UAV/ROS2/build/gps_handler/prefix_override:/home/xs/UAV/ROS2/install/gps_handler/lib/python3.8/site-packages:${PYTHONPATH} /usr/bin/python3 -W ignore:setup.py install is deprecated setup.py egg_info --egg-base ../build/gps_handler build --build-base /home/xs/UAV/ROS2/build/gps_handler/build install --record /home/xs/UAV/ROS2/build/gps_handler/install.log --single-version-externally-managed install_data
[1.095s] running egg_info
[1.096s] writing ../build/gps_handler/gps_handler.egg-info/PKG-INFO
[1.096s] writing dependency_links to ../build/gps_handler/gps_handler.egg-info/dependency_links.txt
[1.096s] writing entry points to ../build/gps_handler/gps_handler.egg-info/entry_points.txt
[1.096s] writing requirements to ../build/gps_handler/gps_handler.egg-info/requires.txt
[1.096s] writing top-level names to ../build/gps_handler/gps_handler.egg-info/top_level.txt
[1.122s] reading manifest file '../build/gps_handler/gps_handler.egg-info/SOURCES.txt'
[1.123s] writing manifest file '../build/gps_handler/gps_handler.egg-info/SOURCES.txt'
[1.123s] running build
[1.123s] running build_py
[1.124s] copying gps_handler/gps_simulator.py -> /home/xs/UAV/ROS2/build/gps_handler/build/lib/gps_handler
[1.124s] running install
[1.125s] running install_lib
[1.126s] copying /home/xs/UAV/ROS2/build/gps_handler/build/lib/gps_handler/gps_simulator.py -> /home/xs/UAV/ROS2/install/gps_handler/lib/python3.8/site-packages/gps_handler
[1.126s] byte-compiling /home/xs/UAV/ROS2/install/gps_handler/lib/python3.8/site-packages/gps_handler/gps_simulator.py to gps_simulator.cpython-38.pyc
[1.128s] running install_data
[1.128s] running install_egg_info
[1.129s] removing '/home/xs/UAV/ROS2/install/gps_handler/lib/python3.8/site-packages/gps_handler-0.0.0-py3.8.egg-info' (and everything under it)
[1.129s] Copying ../build/gps_handler/gps_handler.egg-info to /home/xs/UAV/ROS2/install/gps_handler/lib/python3.8/site-packages/gps_handler-0.0.0-py3.8.egg-info
[1.130s] running install_scripts
[1.143s] Installing gps_simulator script to /home/xs/UAV/ROS2/install/gps_handler/lib/gps_handler
[1.144s] Installing nmea_serial_driver script to /home/xs/UAV/ROS2/install/gps_handler/lib/gps_handler
[1.144s] writing list of installed files to '/home/xs/UAV/ROS2/build/gps_handler/install.log'
[1.180s] Invoked command in '/home/xs/UAV/ROS2/gps_handler' returned '0': PYTHONPATH=/home/xs/UAV/ROS2/build/gps_handler/prefix_override:/home/xs/UAV/ROS2/install/gps_handler/lib/python3.8/site-packages:${PYTHONPATH} /usr/bin/python3 -W ignore:setup.py install is deprecated setup.py egg_info --egg-base ../build/gps_handler build --build-base /home/xs/UAV/ROS2/build/gps_handler/build install --record /home/xs/UAV/ROS2/build/gps_handler/install.log --single-version-externally-managed install_data
