[0.010s] Invoking command in '/home/xs/UAV/ROS2/build/location_msgs': CMAKE_PREFIX_PATH=/opt/ros/galactic /usr/bin/cmake --build /home/xs/UAV/ROS2/build/location_msgs -- -j8 -l8
[0.061s] [  1%] Built target location_msgs__cpp
[0.067s] [ 12%] Built target location_msgs__rosidl_generator_c
[0.081s] [ 23%] Built target location_msgs__rosidl_typesupport_introspection_cpp
[0.082s] [ 34%] Built target location_msgs__rosidl_typesupport_cpp
[0.084s] [ 46%] Built target location_msgs__rosidl_typesupport_fastrtps_cpp
[0.085s] [ 57%] Built target location_msgs__rosidl_typesupport_c
[0.087s] [ 68%] Built target location_msgs__rosidl_typesupport_introspection_c
[0.105s] [ 79%] Built target location_msgs__rosidl_typesupport_fastrtps_c
[0.120s] [ 79%] Built target location_msgs
[0.134s] [ 80%] Built target location_msgs__py
[0.161s] [ 90%] Built target location_msgs__python
[0.182s] [100%] Built target location_msgs__rosidl_typesupport_c__pyext
[0.182s] [100%] Built target location_msgs__rosidl_typesupport_fastrtps_c__pyext
[0.182s] [100%] Built target location_msgs__rosidl_typesupport_introspection_c__pyext
[0.191s] Invoked command in '/home/xs/UAV/ROS2/build/location_msgs' returned '0': CMAKE_PREFIX_PATH=/opt/ros/galactic /usr/bin/cmake --build /home/xs/UAV/ROS2/build/location_msgs -- -j8 -l8
[0.259s] Invoking command in '/home/xs/UAV/ROS2/build/location_msgs': CMAKE_PREFIX_PATH=/opt/ros/galactic /usr/bin/cmake --install /home/xs/UAV/ROS2/build/location_msgs
[0.265s] -- Install configuration: ""
[0.265s] -- Up-to-date: /home/xs/UAV/ROS2/install/location_msgs/share/ament_index/resource_index/rosidl_interfaces/location_msgs
[0.265s] -- Up-to-date: /home/xs/UAV/ROS2/install/location_msgs/include/location_msgs
[0.265s] -- Up-to-date: /home/xs/UAV/ROS2/install/location_msgs/include/location_msgs/msg
[0.265s] -- Up-to-date: /home/xs/UAV/ROS2/install/location_msgs/include/location_msgs/msg/yaw.h
[0.265s] -- Up-to-date: /home/xs/UAV/ROS2/install/location_msgs/include/location_msgs/msg/defect_box.h
[0.265s] -- Up-to-date: /home/xs/UAV/ROS2/install/location_msgs/include/location_msgs/msg/defects.h
[0.265s] -- Up-to-date: /home/xs/UAV/ROS2/install/location_msgs/include/location_msgs/msg/detail
[0.265s] -- Up-to-date: /home/xs/UAV/ROS2/install/location_msgs/include/location_msgs/msg/detail/defect_box__functions.c
[0.265s] -- Up-to-date: /home/xs/UAV/ROS2/install/location_msgs/include/location_msgs/msg/detail/yaw__struct.h
[0.265s] -- Up-to-date: /home/xs/UAV/ROS2/install/location_msgs/include/location_msgs/msg/detail/gps_fix__type_support.h
[0.265s] -- Up-to-date: /home/xs/UAV/ROS2/install/location_msgs/include/location_msgs/msg/detail/yaw__type_support.h
[0.265s] -- Up-to-date: /home/xs/UAV/ROS2/install/location_msgs/include/location_msgs/msg/detail/yaw__functions.h
[0.265s] -- Up-to-date: /home/xs/UAV/ROS2/install/location_msgs/include/location_msgs/msg/detail/gps_fix__struct.h
[0.265s] -- Up-to-date: /home/xs/UAV/ROS2/install/location_msgs/include/location_msgs/msg/detail/pixel_point__struct.h
[0.265s] -- Up-to-date: /home/xs/UAV/ROS2/install/location_msgs/include/location_msgs/msg/detail/defects__struct.h
[0.265s] -- Up-to-date: /home/xs/UAV/ROS2/install/location_msgs/include/location_msgs/msg/detail/gps_fix__functions.h
[0.266s] -- Up-to-date: /home/xs/UAV/ROS2/install/location_msgs/include/location_msgs/msg/detail/defect_box__type_support.h
[0.266s] -- Up-to-date: /home/xs/UAV/ROS2/install/location_msgs/include/location_msgs/msg/detail/yaw__functions.c
[0.266s] -- Up-to-date: /home/xs/UAV/ROS2/install/location_msgs/include/location_msgs/msg/detail/pixel_point__functions.h
[0.266s] -- Up-to-date: /home/xs/UAV/ROS2/install/location_msgs/include/location_msgs/msg/detail/pixel_point__type_support.h
[0.266s] -- Up-to-date: /home/xs/UAV/ROS2/install/location_msgs/include/location_msgs/msg/detail/defects__functions.c
[0.266s] -- Up-to-date: /home/xs/UAV/ROS2/install/location_msgs/include/location_msgs/msg/detail/defects__functions.h
[0.266s] -- Up-to-date: /home/xs/UAV/ROS2/install/location_msgs/include/location_msgs/msg/detail/gps_fix__functions.c
[0.266s] -- Up-to-date: /home/xs/UAV/ROS2/install/location_msgs/include/location_msgs/msg/detail/pixel_point__functions.c
[0.266s] -- Up-to-date: /home/xs/UAV/ROS2/install/location_msgs/include/location_msgs/msg/detail/defect_box__struct.h
[0.266s] -- Up-to-date: /home/xs/UAV/ROS2/install/location_msgs/include/location_msgs/msg/detail/defects__type_support.h
[0.266s] -- Up-to-date: /home/xs/UAV/ROS2/install/location_msgs/include/location_msgs/msg/detail/defect_box__functions.h
[0.266s] -- Up-to-date: /home/xs/UAV/ROS2/install/location_msgs/include/location_msgs/msg/rosidl_generator_c__visibility_control.h
[0.266s] -- Up-to-date: /home/xs/UAV/ROS2/install/location_msgs/include/location_msgs/msg/gps_fix.h
[0.266s] -- Up-to-date: /home/xs/UAV/ROS2/install/location_msgs/include/location_msgs/msg/pixel_point.h
[0.266s] -- Up-to-date: /home/xs/UAV/ROS2/install/location_msgs/share/location_msgs/environment/library_path.sh
[0.266s] -- Up-to-date: /home/xs/UAV/ROS2/install/location_msgs/share/location_msgs/environment/library_path.dsv
[0.266s] -- Up-to-date: /home/xs/UAV/ROS2/install/location_msgs/lib/liblocation_msgs__rosidl_generator_c.so
[0.266s] -- Up-to-date: /home/xs/UAV/ROS2/install/location_msgs/include/location_msgs
[0.267s] -- Up-to-date: /home/xs/UAV/ROS2/install/location_msgs/include/location_msgs/msg
[0.267s] -- Up-to-date: /home/xs/UAV/ROS2/install/location_msgs/include/location_msgs/msg/detail
[0.267s] -- Up-to-date: /home/xs/UAV/ROS2/install/location_msgs/include/location_msgs/msg/detail/defects__rosidl_typesupport_fastrtps_c.h
[0.267s] -- Up-to-date: /home/xs/UAV/ROS2/install/location_msgs/include/location_msgs/msg/detail/defect_box__rosidl_typesupport_fastrtps_c.h
[0.267s] -- Up-to-date: /home/xs/UAV/ROS2/install/location_msgs/include/location_msgs/msg/detail/pixel_point__rosidl_typesupport_fastrtps_c.h
[0.267s] -- Up-to-date: /home/xs/UAV/ROS2/install/location_msgs/include/location_msgs/msg/detail/yaw__rosidl_typesupport_fastrtps_c.h
[0.267s] -- Up-to-date: /home/xs/UAV/ROS2/install/location_msgs/include/location_msgs/msg/detail/gps_fix__rosidl_typesupport_fastrtps_c.h
[0.267s] -- Up-to-date: /home/xs/UAV/ROS2/install/location_msgs/include/location_msgs/msg/rosidl_typesupport_fastrtps_c__visibility_control.h
[0.267s] -- Up-to-date: /home/xs/UAV/ROS2/install/location_msgs/lib/liblocation_msgs__rosidl_typesupport_fastrtps_c.so
[0.267s] -- Up-to-date: /home/xs/UAV/ROS2/install/location_msgs/include/location_msgs
[0.267s] -- Up-to-date: /home/xs/UAV/ROS2/install/location_msgs/include/location_msgs/msg
[0.267s] -- Up-to-date: /home/xs/UAV/ROS2/install/location_msgs/include/location_msgs/msg/detail
[0.267s] -- Up-to-date: /home/xs/UAV/ROS2/install/location_msgs/include/location_msgs/msg/detail/defect_box__rosidl_typesupport_fastrtps_cpp.hpp
[0.267s] -- Up-to-date: /home/xs/UAV/ROS2/install/location_msgs/include/location_msgs/msg/detail/yaw__rosidl_typesupport_fastrtps_cpp.hpp
[0.267s] -- Up-to-date: /home/xs/UAV/ROS2/install/location_msgs/include/location_msgs/msg/detail/pixel_point__rosidl_typesupport_fastrtps_cpp.hpp
[0.267s] -- Up-to-date: /home/xs/UAV/ROS2/install/location_msgs/include/location_msgs/msg/detail/gps_fix__rosidl_typesupport_fastrtps_cpp.hpp
[0.267s] -- Up-to-date: /home/xs/UAV/ROS2/install/location_msgs/include/location_msgs/msg/detail/defects__rosidl_typesupport_fastrtps_cpp.hpp
[0.267s] -- Up-to-date: /home/xs/UAV/ROS2/install/location_msgs/include/location_msgs/msg/detail/dds_fastrtps
[0.267s] -- Up-to-date: /home/xs/UAV/ROS2/install/location_msgs/include/location_msgs/msg/rosidl_typesupport_fastrtps_cpp__visibility_control.h
[0.267s] -- Up-to-date: /home/xs/UAV/ROS2/install/location_msgs/lib/liblocation_msgs__rosidl_typesupport_fastrtps_cpp.so
[0.268s] -- Up-to-date: /home/xs/UAV/ROS2/install/location_msgs/include/location_msgs
[0.268s] -- Up-to-date: /home/xs/UAV/ROS2/install/location_msgs/include/location_msgs/msg
[0.268s] -- Up-to-date: /home/xs/UAV/ROS2/install/location_msgs/include/location_msgs/msg/rosidl_typesupport_introspection_c__visibility_control.h
[0.268s] -- Up-to-date: /home/xs/UAV/ROS2/install/location_msgs/include/location_msgs/msg/detail
[0.268s] -- Up-to-date: /home/xs/UAV/ROS2/install/location_msgs/include/location_msgs/msg/detail/defect_box__type_support.c
[0.268s] -- Up-to-date: /home/xs/UAV/ROS2/install/location_msgs/include/location_msgs/msg/detail/pixel_point__type_support.c
[0.268s] -- Up-to-date: /home/xs/UAV/ROS2/install/location_msgs/include/location_msgs/msg/detail/yaw__rosidl_typesupport_introspection_c.h
[0.268s] -- Up-to-date: /home/xs/UAV/ROS2/install/location_msgs/include/location_msgs/msg/detail/gps_fix__rosidl_typesupport_introspection_c.h
[0.268s] -- Up-to-date: /home/xs/UAV/ROS2/install/location_msgs/include/location_msgs/msg/detail/defect_box__rosidl_typesupport_introspection_c.h
[0.268s] -- Up-to-date: /home/xs/UAV/ROS2/install/location_msgs/include/location_msgs/msg/detail/defects__type_support.c
[0.268s] -- Up-to-date: /home/xs/UAV/ROS2/install/location_msgs/include/location_msgs/msg/detail/yaw__type_support.c
[0.268s] -- Up-to-date: /home/xs/UAV/ROS2/install/location_msgs/include/location_msgs/msg/detail/defects__rosidl_typesupport_introspection_c.h
[0.268s] -- Up-to-date: /home/xs/UAV/ROS2/install/location_msgs/include/location_msgs/msg/detail/pixel_point__rosidl_typesupport_introspection_c.h
[0.268s] -- Up-to-date: /home/xs/UAV/ROS2/install/location_msgs/include/location_msgs/msg/detail/gps_fix__type_support.c
[0.268s] -- Up-to-date: /home/xs/UAV/ROS2/install/location_msgs/lib/liblocation_msgs__rosidl_typesupport_introspection_c.so
[0.268s] -- Up-to-date: /home/xs/UAV/ROS2/install/location_msgs/lib/liblocation_msgs__rosidl_typesupport_c.so
[0.268s] -- Up-to-date: /home/xs/UAV/ROS2/install/location_msgs/include/location_msgs
[0.268s] -- Up-to-date: /home/xs/UAV/ROS2/install/location_msgs/include/location_msgs/msg
[0.268s] -- Up-to-date: /home/xs/UAV/ROS2/install/location_msgs/include/location_msgs/msg/yaw.hpp
[0.269s] -- Up-to-date: /home/xs/UAV/ROS2/install/location_msgs/include/location_msgs/msg/pixel_point.hpp
[0.269s] -- Up-to-date: /home/xs/UAV/ROS2/install/location_msgs/include/location_msgs/msg/defects.hpp
[0.269s] -- Up-to-date: /home/xs/UAV/ROS2/install/location_msgs/include/location_msgs/msg/defect_box.hpp
[0.269s] -- Up-to-date: /home/xs/UAV/ROS2/install/location_msgs/include/location_msgs/msg/detail
[0.269s] -- Up-to-date: /home/xs/UAV/ROS2/install/location_msgs/include/location_msgs/msg/detail/pixel_point__builder.hpp
[0.269s] -- Up-to-date: /home/xs/UAV/ROS2/install/location_msgs/include/location_msgs/msg/detail/defect_box__traits.hpp
[0.269s] -- Up-to-date: /home/xs/UAV/ROS2/install/location_msgs/include/location_msgs/msg/detail/defect_box__builder.hpp
[0.269s] -- Up-to-date: /home/xs/UAV/ROS2/install/location_msgs/include/location_msgs/msg/detail/gps_fix__struct.hpp
[0.269s] -- Up-to-date: /home/xs/UAV/ROS2/install/location_msgs/include/location_msgs/msg/detail/yaw__builder.hpp
[0.269s] -- Up-to-date: /home/xs/UAV/ROS2/install/location_msgs/include/location_msgs/msg/detail/pixel_point__traits.hpp
[0.269s] -- Up-to-date: /home/xs/UAV/ROS2/install/location_msgs/include/location_msgs/msg/detail/pixel_point__struct.hpp
[0.269s] -- Up-to-date: /home/xs/UAV/ROS2/install/location_msgs/include/location_msgs/msg/detail/defect_box__struct.hpp
[0.269s] -- Up-to-date: /home/xs/UAV/ROS2/install/location_msgs/include/location_msgs/msg/detail/defects__traits.hpp
[0.269s] -- Up-to-date: /home/xs/UAV/ROS2/install/location_msgs/include/location_msgs/msg/detail/defects__struct.hpp
[0.269s] -- Up-to-date: /home/xs/UAV/ROS2/install/location_msgs/include/location_msgs/msg/detail/yaw__struct.hpp
[0.269s] -- Up-to-date: /home/xs/UAV/ROS2/install/location_msgs/include/location_msgs/msg/detail/gps_fix__traits.hpp
[0.269s] -- Up-to-date: /home/xs/UAV/ROS2/install/location_msgs/include/location_msgs/msg/detail/gps_fix__builder.hpp
[0.269s] -- Up-to-date: /home/xs/UAV/ROS2/install/location_msgs/include/location_msgs/msg/detail/yaw__traits.hpp
[0.269s] -- Up-to-date: /home/xs/UAV/ROS2/install/location_msgs/include/location_msgs/msg/detail/defects__builder.hpp
[0.269s] -- Up-to-date: /home/xs/UAV/ROS2/install/location_msgs/include/location_msgs/msg/gps_fix.hpp
[0.269s] -- Up-to-date: /home/xs/UAV/ROS2/install/location_msgs/include/location_msgs
[0.269s] -- Up-to-date: /home/xs/UAV/ROS2/install/location_msgs/include/location_msgs/msg
[0.269s] -- Up-to-date: /home/xs/UAV/ROS2/install/location_msgs/include/location_msgs/msg/detail
[0.270s] -- Up-to-date: /home/xs/UAV/ROS2/install/location_msgs/include/location_msgs/msg/detail/gps_fix__type_support.cpp
[0.270s] -- Up-to-date: /home/xs/UAV/ROS2/install/location_msgs/include/location_msgs/msg/detail/pixel_point__type_support.cpp
[0.270s] -- Up-to-date: /home/xs/UAV/ROS2/install/location_msgs/include/location_msgs/msg/detail/pixel_point__rosidl_typesupport_introspection_cpp.hpp
[0.270s] -- Up-to-date: /home/xs/UAV/ROS2/install/location_msgs/include/location_msgs/msg/detail/defect_box__type_support.cpp
[0.270s] -- Up-to-date: /home/xs/UAV/ROS2/install/location_msgs/include/location_msgs/msg/detail/gps_fix__rosidl_typesupport_introspection_cpp.hpp
[0.270s] -- Up-to-date: /home/xs/UAV/ROS2/install/location_msgs/include/location_msgs/msg/detail/defect_box__rosidl_typesupport_introspection_cpp.hpp
[0.270s] -- Up-to-date: /home/xs/UAV/ROS2/install/location_msgs/include/location_msgs/msg/detail/yaw__type_support.cpp
[0.270s] -- Up-to-date: /home/xs/UAV/ROS2/install/location_msgs/include/location_msgs/msg/detail/yaw__rosidl_typesupport_introspection_cpp.hpp
[0.270s] -- Up-to-date: /home/xs/UAV/ROS2/install/location_msgs/include/location_msgs/msg/detail/defects__type_support.cpp
[0.270s] -- Up-to-date: /home/xs/UAV/ROS2/install/location_msgs/include/location_msgs/msg/detail/defects__rosidl_typesupport_introspection_cpp.hpp
[0.270s] -- Up-to-date: /home/xs/UAV/ROS2/install/location_msgs/lib/liblocation_msgs__rosidl_typesupport_introspection_cpp.so
[0.270s] -- Up-to-date: /home/xs/UAV/ROS2/install/location_msgs/lib/liblocation_msgs__rosidl_typesupport_cpp.so
[0.270s] -- Up-to-date: /home/xs/UAV/ROS2/install/location_msgs/share/location_msgs/environment/pythonpath.sh
[0.270s] -- Up-to-date: /home/xs/UAV/ROS2/install/location_msgs/share/location_msgs/environment/pythonpath.dsv
[0.270s] -- Up-to-date: /home/xs/UAV/ROS2/install/location_msgs/lib/python3.8/site-packages/location_msgs/__init__.py
[0.291s] -- Up-to-date: /home/xs/UAV/ROS2/install/location_msgs/lib/python3.8/site-packages/location_msgs/msg
[0.292s] -- Up-to-date: /home/xs/UAV/ROS2/install/location_msgs/lib/python3.8/site-packages/location_msgs/msg/_gps_fix.py
[0.292s] -- Up-to-date: /home/xs/UAV/ROS2/install/location_msgs/lib/python3.8/site-packages/location_msgs/msg/_yaw.py
[0.292s] -- Up-to-date: /home/xs/UAV/ROS2/install/location_msgs/lib/python3.8/site-packages/location_msgs/msg/_defect_box_s.c
[0.292s] -- Up-to-date: /home/xs/UAV/ROS2/install/location_msgs/lib/python3.8/site-packages/location_msgs/msg/_pixel_point_s.c
[0.292s] -- Up-to-date: /home/xs/UAV/ROS2/install/location_msgs/lib/python3.8/site-packages/location_msgs/msg/__init__.py
[0.292s] -- Up-to-date: /home/xs/UAV/ROS2/install/location_msgs/lib/python3.8/site-packages/location_msgs/msg/_defects_s.c
[0.292s] -- Up-to-date: /home/xs/UAV/ROS2/install/location_msgs/lib/python3.8/site-packages/location_msgs/msg/_defect_box.py
[0.292s] -- Up-to-date: /home/xs/UAV/ROS2/install/location_msgs/lib/python3.8/site-packages/location_msgs/msg/_yaw_s.c
[0.292s] -- Up-to-date: /home/xs/UAV/ROS2/install/location_msgs/lib/python3.8/site-packages/location_msgs/msg/_defects.py
[0.292s] -- Up-to-date: /home/xs/UAV/ROS2/install/location_msgs/lib/python3.8/site-packages/location_msgs/msg/_pixel_point.py
[0.292s] -- Up-to-date: /home/xs/UAV/ROS2/install/location_msgs/lib/python3.8/site-packages/location_msgs/msg/_gps_fix_s.c
[0.292s] -- Up-to-date: /home/xs/UAV/ROS2/install/location_msgs/lib/python3.8/site-packages/location_msgs/location_msgs_s__rosidl_typesupport_fastrtps_c.cpython-38-x86_64-linux-gnu.so
[0.292s] -- Up-to-date: /home/xs/UAV/ROS2/install/location_msgs/lib/python3.8/site-packages/location_msgs/location_msgs_s__rosidl_typesupport_introspection_c.cpython-38-x86_64-linux-gnu.so
[0.293s] -- Up-to-date: /home/xs/UAV/ROS2/install/location_msgs/lib/python3.8/site-packages/location_msgs/location_msgs_s__rosidl_typesupport_c.cpython-38-x86_64-linux-gnu.so
[0.293s] -- Up-to-date: /home/xs/UAV/ROS2/install/location_msgs/lib/liblocation_msgs__python.so
[0.293s] -- Up-to-date: /home/xs/UAV/ROS2/install/location_msgs/share/location_msgs/msg/GpsFix.idl
[0.293s] -- Up-to-date: /home/xs/UAV/ROS2/install/location_msgs/share/location_msgs/msg/PixelPoint.idl
[0.293s] -- Up-to-date: /home/xs/UAV/ROS2/install/location_msgs/share/location_msgs/msg/DefectBox.idl
[0.293s] -- Up-to-date: /home/xs/UAV/ROS2/install/location_msgs/share/location_msgs/msg/Defects.idl
[0.293s] -- Up-to-date: /home/xs/UAV/ROS2/install/location_msgs/share/location_msgs/msg/Yaw.idl
[0.293s] -- Up-to-date: /home/xs/UAV/ROS2/install/location_msgs/share/location_msgs/msg/GpsFix.msg
[0.293s] -- Up-to-date: /home/xs/UAV/ROS2/install/location_msgs/share/location_msgs/msg/PixelPoint.msg
[0.293s] -- Up-to-date: /home/xs/UAV/ROS2/install/location_msgs/share/location_msgs/msg/DefectBox.msg
[0.293s] -- Up-to-date: /home/xs/UAV/ROS2/install/location_msgs/share/location_msgs/msg/Defects.msg
[0.293s] -- Up-to-date: /home/xs/UAV/ROS2/install/location_msgs/share/location_msgs/msg/Yaw.msg
[0.294s] -- Up-to-date: /home/xs/UAV/ROS2/install/location_msgs/share/ament_index/resource_index/package_run_dependencies/location_msgs
[0.294s] -- Up-to-date: /home/xs/UAV/ROS2/install/location_msgs/share/ament_index/resource_index/parent_prefix_path/location_msgs
[0.294s] -- Up-to-date: /home/xs/UAV/ROS2/install/location_msgs/share/location_msgs/environment/ament_prefix_path.sh
[0.294s] -- Up-to-date: /home/xs/UAV/ROS2/install/location_msgs/share/location_msgs/environment/ament_prefix_path.dsv
[0.294s] -- Up-to-date: /home/xs/UAV/ROS2/install/location_msgs/share/location_msgs/environment/path.sh
[0.294s] -- Up-to-date: /home/xs/UAV/ROS2/install/location_msgs/share/location_msgs/environment/path.dsv
[0.294s] -- Up-to-date: /home/xs/UAV/ROS2/install/location_msgs/share/location_msgs/local_setup.bash
[0.294s] -- Up-to-date: /home/xs/UAV/ROS2/install/location_msgs/share/location_msgs/local_setup.sh
[0.294s] -- Up-to-date: /home/xs/UAV/ROS2/install/location_msgs/share/location_msgs/local_setup.zsh
[0.294s] -- Up-to-date: /home/xs/UAV/ROS2/install/location_msgs/share/location_msgs/local_setup.dsv
[0.294s] -- Installing: /home/xs/UAV/ROS2/install/location_msgs/share/location_msgs/package.dsv
[0.294s] -- Up-to-date: /home/xs/UAV/ROS2/install/location_msgs/share/ament_index/resource_index/packages/location_msgs
[0.294s] -- Up-to-date: /home/xs/UAV/ROS2/install/location_msgs/share/location_msgs/cmake/location_msgs__rosidl_generator_cExport.cmake
[0.294s] -- Up-to-date: /home/xs/UAV/ROS2/install/location_msgs/share/location_msgs/cmake/location_msgs__rosidl_generator_cExport-noconfig.cmake
[0.294s] -- Up-to-date: /home/xs/UAV/ROS2/install/location_msgs/share/location_msgs/cmake/location_msgs__rosidl_typesupport_introspection_cExport.cmake
[0.294s] -- Up-to-date: /home/xs/UAV/ROS2/install/location_msgs/share/location_msgs/cmake/location_msgs__rosidl_typesupport_introspection_cExport-noconfig.cmake
[0.294s] -- Up-to-date: /home/xs/UAV/ROS2/install/location_msgs/share/location_msgs/cmake/location_msgs__rosidl_typesupport_cExport.cmake
[0.294s] -- Up-to-date: /home/xs/UAV/ROS2/install/location_msgs/share/location_msgs/cmake/location_msgs__rosidl_typesupport_cExport-noconfig.cmake
[0.294s] -- Up-to-date: /home/xs/UAV/ROS2/install/location_msgs/share/location_msgs/cmake/location_msgs__rosidl_generator_cppExport.cmake
[0.294s] -- Up-to-date: /home/xs/UAV/ROS2/install/location_msgs/share/location_msgs/cmake/location_msgs__rosidl_typesupport_introspection_cppExport.cmake
[0.295s] -- Up-to-date: /home/xs/UAV/ROS2/install/location_msgs/share/location_msgs/cmake/location_msgs__rosidl_typesupport_introspection_cppExport-noconfig.cmake
[0.295s] -- Up-to-date: /home/xs/UAV/ROS2/install/location_msgs/share/location_msgs/cmake/location_msgs__rosidl_typesupport_cppExport.cmake
[0.295s] -- Up-to-date: /home/xs/UAV/ROS2/install/location_msgs/share/location_msgs/cmake/location_msgs__rosidl_typesupport_cppExport-noconfig.cmake
[0.295s] -- Up-to-date: /home/xs/UAV/ROS2/install/location_msgs/share/location_msgs/cmake/rosidl_cmake-extras.cmake
[0.295s] -- Up-to-date: /home/xs/UAV/ROS2/install/location_msgs/share/location_msgs/cmake/ament_cmake_export_dependencies-extras.cmake
[0.295s] -- Up-to-date: /home/xs/UAV/ROS2/install/location_msgs/share/location_msgs/cmake/ament_cmake_export_libraries-extras.cmake
[0.295s] -- Up-to-date: /home/xs/UAV/ROS2/install/location_msgs/share/location_msgs/cmake/ament_cmake_export_targets-extras.cmake
[0.295s] -- Up-to-date: /home/xs/UAV/ROS2/install/location_msgs/share/location_msgs/cmake/ament_cmake_export_include_directories-extras.cmake
[0.295s] -- Up-to-date: /home/xs/UAV/ROS2/install/location_msgs/share/location_msgs/cmake/rosidl_cmake_export_typesupport_libraries-extras.cmake
[0.295s] -- Up-to-date: /home/xs/UAV/ROS2/install/location_msgs/share/location_msgs/cmake/rosidl_cmake_export_typesupport_targets-extras.cmake
[0.295s] -- Up-to-date: /home/xs/UAV/ROS2/install/location_msgs/share/location_msgs/cmake/location_msgsConfig.cmake
[0.295s] -- Up-to-date: /home/xs/UAV/ROS2/install/location_msgs/share/location_msgs/cmake/location_msgsConfig-version.cmake
[0.295s] -- Up-to-date: /home/xs/UAV/ROS2/install/location_msgs/share/location_msgs/package.xml
[0.296s] Invoked command in '/home/xs/UAV/ROS2/build/location_msgs' returned '0': CMAKE_PREFIX_PATH=/opt/ros/galactic /usr/bin/cmake --install /home/xs/UAV/ROS2/build/location_msgs
