-- The C compiler identification is GNU 9.4.0
-- The CXX compiler identification is GNU 9.4.0
-- Check for working C compiler: /usr/lib/ccache/cc
-- Check for working C compiler: /usr/lib/ccache/cc -- works
-- Detecting C compiler ABI info
-- Detecting C compiler ABI info - done
-- Detecting C compile features
-- Detecting C compile features - done
-- Check for working CXX compiler: /usr/lib/ccache/c++
-- Check for working CXX compiler: /usr/lib/ccache/c++ -- works
-- Detecting CXX compiler ABI info
-- Detecting CXX compiler ABI info - done
-- Detecting CXX compile features
-- Detecting CXX compile features - done
-- Found ament_cmake: 1.1.6 (/opt/ros/galactic/share/ament_cmake/cmake)
-- Found PythonInterp: /usr/bin/python3 (found suitable version "3.8.10", minimum required is "3") 
-- Using PYTHON_EXECUTABLE: /usr/bin/python3
-- Found rosidl_default_generators: 1.1.1 (/opt/ros/galactic/share/rosidl_default_generators/cmake)
-- Using all available rosidl_typesupport_c: rosidl_typesupport_fastrtps_c;rosidl_typesupport_introspection_c
-- Found rosidl_adapter: 2.2.3 (/opt/ros/galactic/share/rosidl_adapter/cmake)
-- Found OpenSSL: /usr/lib/x86_64-linux-gnu/libcrypto.so (found version "1.1.1f")  
-- Found FastRTPS: /opt/ros/galactic/include  
-- Using all available rosidl_typesupport_cpp: rosidl_typesupport_fastrtps_cpp;rosidl_typesupport_introspection_cpp
-- Found std_msgs: 2.2.4 (/opt/ros/galactic/share/std_msgs/cmake)
-- Found PythonInterp: /usr/bin/python3 (found version "3.8.10") 
-- Found ament_cmake_ros: 0.9.2 (/opt/ros/galactic/share/ament_cmake_ros/cmake)
-- Using all available rosidl_typesupport_c: rosidl_typesupport_fastrtps_c;rosidl_typesupport_introspection_c
-- Using all available rosidl_typesupport_cpp: rosidl_typesupport_fastrtps_cpp;rosidl_typesupport_introspection_cpp
-- Found PythonInterp: /usr/bin/python3 (found suitable version "3.8.10", minimum required is "3.5") 
-- Found python_cmake_module: 0.8.1 (/opt/ros/galactic/share/python_cmake_module/cmake)
-- Found PythonLibs: /usr/lib/x86_64-linux-gnu/libpython3.8.so (found suitable version "3.8.10", minimum required is "3.5") 
-- Using PYTHON_EXECUTABLE: /usr/bin/python3
-- Using PYTHON_INCLUDE_DIRS: /usr/include/python3.8
-- Using PYTHON_LIBRARIES: /usr/lib/x86_64-linux-gnu/libpython3.8.so
-- Found PythonExtra: .so  
-- Configuring done
-- Generating done
-- Build files have been written to: /home/ccl/UAV/ROS2/build/nmea_msgs
[  1%] [34m[1mGenerating C code for ROS interfaces[0m
[35m[1mScanning dependencies of target nmea_msgs__cpp[0m
[  2%] [34m[1mGenerating C++ code for ROS interfaces[0m
[  2%] Built target nmea_msgs__cpp
[35m[1mScanning dependencies of target nmea_msgs__rosidl_generator_c[0m
[  3%] [34m[1mGenerating C++ type support for eProsima Fast-RTPS[0m
[  5%] [34m[1mGenerating C++ type support dispatch for ROS interfaces[0m
[  6%] [34m[1mGenerating C++ introspection for ROS interfaces[0m
[  7%] [32mBuilding C object CMakeFiles/nmea_msgs__rosidl_generator_c.dir/rosidl_generator_c/nmea_msgs/msg/detail/gpgga__functions.c.o[0m
[  8%] [32mBuilding C object CMakeFiles/nmea_msgs__rosidl_generator_c.dir/rosidl_generator_c/nmea_msgs/msg/detail/gpgsv__functions.c.o[0m
[ 10%] [32mBuilding C object CMakeFiles/nmea_msgs__rosidl_generator_c.dir/rosidl_generator_c/nmea_msgs/msg/detail/sentence__functions.c.o[0m
[ 11%] [32mBuilding C object CMakeFiles/nmea_msgs__rosidl_generator_c.dir/rosidl_generator_c/nmea_msgs/msg/detail/gpgsa__functions.c.o[0m
[ 12%] [32mBuilding C object CMakeFiles/nmea_msgs__rosidl_generator_c.dir/rosidl_generator_c/nmea_msgs/msg/detail/gpgst__functions.c.o[0m
[ 13%] [32mBuilding C object CMakeFiles/nmea_msgs__rosidl_generator_c.dir/rosidl_generator_c/nmea_msgs/msg/detail/gprmc__functions.c.o[0m
[ 15%] [32mBuilding C object CMakeFiles/nmea_msgs__rosidl_generator_c.dir/rosidl_generator_c/nmea_msgs/msg/detail/gpgsv_satellite__functions.c.o[0m
[ 16%] [32m[1mLinking C shared library libnmea_msgs__rosidl_generator_c.so[0m
[ 16%] Built target nmea_msgs__rosidl_generator_c
[ 17%] [34m[1mGenerating C type support dispatch for ROS interfaces[0m
[ 18%] [34m[1mGenerating C introspection for ROS interfaces[0m
[35m[1mScanning dependencies of target nmea_msgs__rosidl_typesupport_cpp[0m
[ 20%] [32mBuilding CXX object CMakeFiles/nmea_msgs__rosidl_typesupport_cpp.dir/rosidl_typesupport_cpp/nmea_msgs/msg/sentence__type_support.cpp.o[0m
[ 21%] [32mBuilding CXX object CMakeFiles/nmea_msgs__rosidl_typesupport_cpp.dir/rosidl_typesupport_cpp/nmea_msgs/msg/gpgga__type_support.cpp.o[0m
[ 22%] [32mBuilding CXX object CMakeFiles/nmea_msgs__rosidl_typesupport_cpp.dir/rosidl_typesupport_cpp/nmea_msgs/msg/gpgsa__type_support.cpp.o[0m
[ 24%] [32mBuilding CXX object CMakeFiles/nmea_msgs__rosidl_typesupport_cpp.dir/rosidl_typesupport_cpp/nmea_msgs/msg/gpgst__type_support.cpp.o[0m
[ 25%] [32mBuilding CXX object CMakeFiles/nmea_msgs__rosidl_typesupport_cpp.dir/rosidl_typesupport_cpp/nmea_msgs/msg/gprmc__type_support.cpp.o[0m
[ 26%] [32mBuilding CXX object CMakeFiles/nmea_msgs__rosidl_typesupport_cpp.dir/rosidl_typesupport_cpp/nmea_msgs/msg/gpgsv__type_support.cpp.o[0m
[ 27%] [32mBuilding CXX object CMakeFiles/nmea_msgs__rosidl_typesupport_cpp.dir/rosidl_typesupport_cpp/nmea_msgs/msg/gpgsv_satellite__type_support.cpp.o[0m
[ 29%] [32m[1mLinking CXX shared library libnmea_msgs__rosidl_typesupport_cpp.so[0m
[35m[1mScanning dependencies of target nmea_msgs__rosidl_typesupport_fastrtps_cpp[0m
[35m[1mScanning dependencies of target nmea_msgs__rosidl_typesupport_introspection_cpp[0m
[ 30%] [32mBuilding CXX object CMakeFiles/nmea_msgs__rosidl_typesupport_introspection_cpp.dir/rosidl_typesupport_introspection_cpp/nmea_msgs/msg/detail/sentence__type_support.cpp.o[0m
[ 31%] [32mBuilding CXX object CMakeFiles/nmea_msgs__rosidl_typesupport_introspection_cpp.dir/rosidl_typesupport_introspection_cpp/nmea_msgs/msg/detail/gpgga__type_support.cpp.o[0m
[ 32%] [32mBuilding CXX object CMakeFiles/nmea_msgs__rosidl_typesupport_fastrtps_cpp.dir/rosidl_typesupport_fastrtps_cpp/nmea_msgs/msg/detail/dds_fastrtps/sentence__type_support.cpp.o[0m
[ 34%] [32mBuilding CXX object CMakeFiles/nmea_msgs__rosidl_typesupport_introspection_cpp.dir/rosidl_typesupport_introspection_cpp/nmea_msgs/msg/detail/gpgsa__type_support.cpp.o[0m
[ 35%] [32mBuilding CXX object CMakeFiles/nmea_msgs__rosidl_typesupport_introspection_cpp.dir/rosidl_typesupport_introspection_cpp/nmea_msgs/msg/detail/gpgst__type_support.cpp.o[0m
[35m[1mScanning dependencies of target nmea_msgs__rosidl_typesupport_introspection_c[0m
[ 36%] [32mBuilding CXX object CMakeFiles/nmea_msgs__rosidl_typesupport_introspection_cpp.dir/rosidl_typesupport_introspection_cpp/nmea_msgs/msg/detail/gpgsv__type_support.cpp.o[0m
[ 36%] Built target nmea_msgs__rosidl_typesupport_cpp
[ 37%] [32mBuilding CXX object CMakeFiles/nmea_msgs__rosidl_typesupport_introspection_cpp.dir/rosidl_typesupport_introspection_cpp/nmea_msgs/msg/detail/gpgsv_satellite__type_support.cpp.o[0m
[ 39%] [32mBuilding CXX object CMakeFiles/nmea_msgs__rosidl_typesupport_introspection_cpp.dir/rosidl_typesupport_introspection_cpp/nmea_msgs/msg/detail/gprmc__type_support.cpp.o[0m
[35m[1mScanning dependencies of target nmea_msgs__rosidl_typesupport_c[0m
[ 40%] [32mBuilding CXX object CMakeFiles/nmea_msgs__rosidl_typesupport_fastrtps_cpp.dir/rosidl_typesupport_fastrtps_cpp/nmea_msgs/msg/detail/dds_fastrtps/gpgga__type_support.cpp.o[0m
[ 41%] [32mBuilding CXX object CMakeFiles/nmea_msgs__rosidl_typesupport_fastrtps_cpp.dir/rosidl_typesupport_fastrtps_cpp/nmea_msgs/msg/detail/dds_fastrtps/gpgst__type_support.cpp.o[0m
[ 43%] [32mBuilding CXX object CMakeFiles/nmea_msgs__rosidl_typesupport_fastrtps_cpp.dir/rosidl_typesupport_fastrtps_cpp/nmea_msgs/msg/detail/dds_fastrtps/gpgsa__type_support.cpp.o[0m
[ 44%] [32mBuilding CXX object CMakeFiles/nmea_msgs__rosidl_typesupport_fastrtps_cpp.dir/rosidl_typesupport_fastrtps_cpp/nmea_msgs/msg/detail/dds_fastrtps/gpgsv__type_support.cpp.o[0m
[ 45%] [32mBuilding C object CMakeFiles/nmea_msgs__rosidl_typesupport_introspection_c.dir/rosidl_typesupport_introspection_c/nmea_msgs/msg/detail/sentence__type_support.c.o[0m
[ 46%] [32m[1mLinking CXX shared library libnmea_msgs__rosidl_typesupport_introspection_cpp.so[0m
[ 48%] [32mBuilding CXX object CMakeFiles/nmea_msgs__rosidl_typesupport_c.dir/rosidl_typesupport_c/nmea_msgs/msg/sentence__type_support.cpp.o[0m
[ 49%] [32mBuilding CXX object CMakeFiles/nmea_msgs__rosidl_typesupport_fastrtps_cpp.dir/rosidl_typesupport_fastrtps_cpp/nmea_msgs/msg/detail/dds_fastrtps/gpgsv_satellite__type_support.cpp.o[0m
[ 50%] [32mBuilding C object CMakeFiles/nmea_msgs__rosidl_typesupport_introspection_c.dir/rosidl_typesupport_introspection_c/nmea_msgs/msg/detail/gpgga__type_support.c.o[0m
[ 51%] [32mBuilding CXX object CMakeFiles/nmea_msgs__rosidl_typesupport_c.dir/rosidl_typesupport_c/nmea_msgs/msg/gpgga__type_support.cpp.o[0m
[ 53%] [32mBuilding CXX object CMakeFiles/nmea_msgs__rosidl_typesupport_fastrtps_cpp.dir/rosidl_typesupport_fastrtps_cpp/nmea_msgs/msg/detail/dds_fastrtps/gprmc__type_support.cpp.o[0m
[ 54%] [32mBuilding CXX object CMakeFiles/nmea_msgs__rosidl_typesupport_c.dir/rosidl_typesupport_c/nmea_msgs/msg/gpgsa__type_support.cpp.o[0m
[ 55%] [32mBuilding CXX object CMakeFiles/nmea_msgs__rosidl_typesupport_c.dir/rosidl_typesupport_c/nmea_msgs/msg/gpgsv__type_support.cpp.o[0m
[ 56%] [32mBuilding CXX object CMakeFiles/nmea_msgs__rosidl_typesupport_c.dir/rosidl_typesupport_c/nmea_msgs/msg/gpgst__type_support.cpp.o[0m
[ 58%] [32mBuilding C object CMakeFiles/nmea_msgs__rosidl_typesupport_introspection_c.dir/rosidl_typesupport_introspection_c/nmea_msgs/msg/detail/gpgsa__type_support.c.o[0m
[ 59%] [32mBuilding CXX object CMakeFiles/nmea_msgs__rosidl_typesupport_c.dir/rosidl_typesupport_c/nmea_msgs/msg/gpgsv_satellite__type_support.cpp.o[0m
[ 60%] [32mBuilding C object CMakeFiles/nmea_msgs__rosidl_typesupport_introspection_c.dir/rosidl_typesupport_introspection_c/nmea_msgs/msg/detail/gpgst__type_support.c.o[0m
[ 62%] [32mBuilding CXX object CMakeFiles/nmea_msgs__rosidl_typesupport_c.dir/rosidl_typesupport_c/nmea_msgs/msg/gprmc__type_support.cpp.o[0m
[ 63%] [32mBuilding C object CMakeFiles/nmea_msgs__rosidl_typesupport_introspection_c.dir/rosidl_typesupport_introspection_c/nmea_msgs/msg/detail/gpgsv__type_support.c.o[0m
[ 64%] [32m[1mLinking CXX shared library libnmea_msgs__rosidl_typesupport_fastrtps_cpp.so[0m
[ 65%] [32mBuilding C object CMakeFiles/nmea_msgs__rosidl_typesupport_introspection_c.dir/rosidl_typesupport_introspection_c/nmea_msgs/msg/detail/gprmc__type_support.c.o[0m
[ 67%] [32mBuilding C object CMakeFiles/nmea_msgs__rosidl_typesupport_introspection_c.dir/rosidl_typesupport_introspection_c/nmea_msgs/msg/detail/gpgsv_satellite__type_support.c.o[0m
[ 68%] [32m[1mLinking CXX shared library libnmea_msgs__rosidl_typesupport_c.so[0m
[ 69%] [32m[1mLinking C shared library libnmea_msgs__rosidl_typesupport_introspection_c.so[0m
[ 69%] Built target nmea_msgs__rosidl_typesupport_introspection_cpp
[ 69%] Built target nmea_msgs__rosidl_typesupport_c
[ 69%] Built target nmea_msgs__rosidl_typesupport_introspection_c
[ 69%] Built target nmea_msgs__rosidl_typesupport_fastrtps_cpp
[ 70%] [34m[1mGenerating C type support for eProsima Fast-RTPS[0m
[35m[1mScanning dependencies of target nmea_msgs__rosidl_typesupport_fastrtps_c[0m
[ 72%] [32mBuilding CXX object CMakeFiles/nmea_msgs__rosidl_typesupport_fastrtps_c.dir/rosidl_typesupport_fastrtps_c/nmea_msgs/msg/detail/sentence__type_support_c.cpp.o[0m
[ 73%] [32mBuilding CXX object CMakeFiles/nmea_msgs__rosidl_typesupport_fastrtps_c.dir/rosidl_typesupport_fastrtps_c/nmea_msgs/msg/detail/gpgsv__type_support_c.cpp.o[0m
[ 74%] [32mBuilding CXX object CMakeFiles/nmea_msgs__rosidl_typesupport_fastrtps_c.dir/rosidl_typesupport_fastrtps_c/nmea_msgs/msg/detail/gprmc__type_support_c.cpp.o[0m
[ 75%] [32mBuilding CXX object CMakeFiles/nmea_msgs__rosidl_typesupport_fastrtps_c.dir/rosidl_typesupport_fastrtps_c/nmea_msgs/msg/detail/gpgga__type_support_c.cpp.o[0m
[ 77%] [32mBuilding CXX object CMakeFiles/nmea_msgs__rosidl_typesupport_fastrtps_c.dir/rosidl_typesupport_fastrtps_c/nmea_msgs/msg/detail/gpgst__type_support_c.cpp.o[0m
[ 78%] [32mBuilding CXX object CMakeFiles/nmea_msgs__rosidl_typesupport_fastrtps_c.dir/rosidl_typesupport_fastrtps_c/nmea_msgs/msg/detail/gpgsa__type_support_c.cpp.o[0m
[ 79%] [32mBuilding CXX object CMakeFiles/nmea_msgs__rosidl_typesupport_fastrtps_c.dir/rosidl_typesupport_fastrtps_c/nmea_msgs/msg/detail/gpgsv_satellite__type_support_c.cpp.o[0m
[ 81%] [32m[1mLinking CXX shared library libnmea_msgs__rosidl_typesupport_fastrtps_c.so[0m
[ 81%] Built target nmea_msgs__rosidl_typesupport_fastrtps_c
[35m[1mScanning dependencies of target nmea_msgs[0m
[ 81%] Built target nmea_msgs
[35m[1mScanning dependencies of target nmea_msgs__py[0m
[ 82%] [34m[1mGenerating Python code for ROS interfaces[0m
[ 82%] Built target nmea_msgs__py
[35m[1mScanning dependencies of target nmea_msgs__python[0m
[ 83%] [32mBuilding C object CMakeFiles/nmea_msgs__python.dir/rosidl_generator_py/nmea_msgs/msg/_gpgsa_s.c.o[0m
[ 84%] [32mBuilding C object CMakeFiles/nmea_msgs__python.dir/rosidl_generator_py/nmea_msgs/msg/_gpgst_s.c.o[0m
[ 86%] [32mBuilding C object CMakeFiles/nmea_msgs__python.dir/rosidl_generator_py/nmea_msgs/msg/_sentence_s.c.o[0m
[ 87%] [32mBuilding C object CMakeFiles/nmea_msgs__python.dir/rosidl_generator_py/nmea_msgs/msg/_gpgsv_s.c.o[0m
[ 88%] [32mBuilding C object CMakeFiles/nmea_msgs__python.dir/rosidl_generator_py/nmea_msgs/msg/_gpgsv_satellite_s.c.o[0m
[ 89%] [32mBuilding C object CMakeFiles/nmea_msgs__python.dir/rosidl_generator_py/nmea_msgs/msg/_gpgga_s.c.o[0m
[ 91%] [32mBuilding C object CMakeFiles/nmea_msgs__python.dir/rosidl_generator_py/nmea_msgs/msg/_gprmc_s.c.o[0m
[ 92%] [32m[1mLinking C shared library rosidl_generator_py/nmea_msgs/libnmea_msgs__python.so[0m
[ 92%] Built target nmea_msgs__python
[35m[1mScanning dependencies of target nmea_msgs__rosidl_typesupport_c__pyext[0m
[35m[1mScanning dependencies of target nmea_msgs__rosidl_typesupport_introspection_c__pyext[0m
[35m[1mScanning dependencies of target nmea_msgs__rosidl_typesupport_fastrtps_c__pyext[0m
[ 93%] [32mBuilding C object CMakeFiles/nmea_msgs__rosidl_typesupport_c__pyext.dir/rosidl_generator_py/nmea_msgs/_nmea_msgs_s.ep.rosidl_typesupport_c.c.o[0m
[ 94%] [32mBuilding C object CMakeFiles/nmea_msgs__rosidl_typesupport_introspection_c__pyext.dir/rosidl_generator_py/nmea_msgs/_nmea_msgs_s.ep.rosidl_typesupport_introspection_c.c.o[0m
[ 96%] [32mBuilding C object CMakeFiles/nmea_msgs__rosidl_typesupport_fastrtps_c__pyext.dir/rosidl_generator_py/nmea_msgs/_nmea_msgs_s.ep.rosidl_typesupport_fastrtps_c.c.o[0m
[ 97%] [32m[1mLinking CXX shared library rosidl_generator_py/nmea_msgs/nmea_msgs_s__rosidl_typesupport_fastrtps_c.cpython-38-x86_64-linux-gnu.so[0m
[ 98%] [32m[1mLinking C shared library rosidl_generator_py/nmea_msgs/nmea_msgs_s__rosidl_typesupport_c.cpython-38-x86_64-linux-gnu.so[0m
[100%] [32m[1mLinking C shared library rosidl_generator_py/nmea_msgs/nmea_msgs_s__rosidl_typesupport_introspection_c.cpython-38-x86_64-linux-gnu.so[0m
[100%] Built target nmea_msgs__rosidl_typesupport_c__pyext
[100%] Built target nmea_msgs__rosidl_typesupport_introspection_c__pyext
[100%] Built target nmea_msgs__rosidl_typesupport_fastrtps_c__pyext
-- Install configuration: ""
-- Installing: /home/ccl/UAV/ROS2/install/nmea_msgs/share/ament_index/resource_index/rosidl_interfaces/nmea_msgs
-- Installing: /home/ccl/UAV/ROS2/install/nmea_msgs/include/nmea_msgs
-- Installing: /home/ccl/UAV/ROS2/install/nmea_msgs/include/nmea_msgs/msg
-- Installing: /home/ccl/UAV/ROS2/install/nmea_msgs/include/nmea_msgs/msg/gpgst.h
-- Installing: /home/ccl/UAV/ROS2/install/nmea_msgs/include/nmea_msgs/msg/gpgsv_satellite.h
-- Installing: /home/ccl/UAV/ROS2/install/nmea_msgs/include/nmea_msgs/msg/sentence.h
-- Installing: /home/ccl/UAV/ROS2/install/nmea_msgs/include/nmea_msgs/msg/detail
-- Installing: /home/ccl/UAV/ROS2/install/nmea_msgs/include/nmea_msgs/msg/detail/gpgsa__functions.h
-- Installing: /home/ccl/UAV/ROS2/install/nmea_msgs/include/nmea_msgs/msg/detail/gpgsa__struct.h
-- Installing: /home/ccl/UAV/ROS2/install/nmea_msgs/include/nmea_msgs/msg/detail/sentence__functions.h
-- Installing: /home/ccl/UAV/ROS2/install/nmea_msgs/include/nmea_msgs/msg/detail/sentence__functions.c
-- Installing: /home/ccl/UAV/ROS2/install/nmea_msgs/include/nmea_msgs/msg/detail/gpgsv_satellite__functions.h
-- Installing: /home/ccl/UAV/ROS2/install/nmea_msgs/include/nmea_msgs/msg/detail/gpgsv__functions.h
-- Installing: /home/ccl/UAV/ROS2/install/nmea_msgs/include/nmea_msgs/msg/detail/gprmc__type_support.h
-- Installing: /home/ccl/UAV/ROS2/install/nmea_msgs/include/nmea_msgs/msg/detail/gpgga__functions.h
-- Installing: /home/ccl/UAV/ROS2/install/nmea_msgs/include/nmea_msgs/msg/detail/gpgsv__struct.h
-- Installing: /home/ccl/UAV/ROS2/install/nmea_msgs/include/nmea_msgs/msg/detail/gpgsv__type_support.h
-- Installing: /home/ccl/UAV/ROS2/install/nmea_msgs/include/nmea_msgs/msg/detail/gpgga__struct.h
-- Installing: /home/ccl/UAV/ROS2/install/nmea_msgs/include/nmea_msgs/msg/detail/gprmc__struct.h
-- Installing: /home/ccl/UAV/ROS2/install/nmea_msgs/include/nmea_msgs/msg/detail/gprmc__functions.c
-- Installing: /home/ccl/UAV/ROS2/install/nmea_msgs/include/nmea_msgs/msg/detail/gpgsv_satellite__struct.h
-- Installing: /home/ccl/UAV/ROS2/install/nmea_msgs/include/nmea_msgs/msg/detail/gpgst__functions.h
-- Installing: /home/ccl/UAV/ROS2/install/nmea_msgs/include/nmea_msgs/msg/detail/gprmc__functions.h
-- Installing: /home/ccl/UAV/ROS2/install/nmea_msgs/include/nmea_msgs/msg/detail/gpgga__type_support.h
-- Installing: /home/ccl/UAV/ROS2/install/nmea_msgs/include/nmea_msgs/msg/detail/gpgsv__functions.c
-- Installing: /home/ccl/UAV/ROS2/install/nmea_msgs/include/nmea_msgs/msg/detail/gpgst__type_support.h
-- Installing: /home/ccl/UAV/ROS2/install/nmea_msgs/include/nmea_msgs/msg/detail/sentence__struct.h
-- Installing: /home/ccl/UAV/ROS2/install/nmea_msgs/include/nmea_msgs/msg/detail/gpgst__functions.c
-- Installing: /home/ccl/UAV/ROS2/install/nmea_msgs/include/nmea_msgs/msg/detail/gpgsa__functions.c
-- Installing: /home/ccl/UAV/ROS2/install/nmea_msgs/include/nmea_msgs/msg/detail/gpgsa__type_support.h
-- Installing: /home/ccl/UAV/ROS2/install/nmea_msgs/include/nmea_msgs/msg/detail/sentence__type_support.h
-- Installing: /home/ccl/UAV/ROS2/install/nmea_msgs/include/nmea_msgs/msg/detail/gpgsv_satellite__functions.c
-- Installing: /home/ccl/UAV/ROS2/install/nmea_msgs/include/nmea_msgs/msg/detail/gpgsv_satellite__type_support.h
-- Installing: /home/ccl/UAV/ROS2/install/nmea_msgs/include/nmea_msgs/msg/detail/gpgga__functions.c
-- Installing: /home/ccl/UAV/ROS2/install/nmea_msgs/include/nmea_msgs/msg/detail/gpgst__struct.h
-- Installing: /home/ccl/UAV/ROS2/install/nmea_msgs/include/nmea_msgs/msg/gpgsv.h
-- Installing: /home/ccl/UAV/ROS2/install/nmea_msgs/include/nmea_msgs/msg/gpgsa.h
-- Installing: /home/ccl/UAV/ROS2/install/nmea_msgs/include/nmea_msgs/msg/rosidl_generator_c__visibility_control.h
-- Installing: /home/ccl/UAV/ROS2/install/nmea_msgs/include/nmea_msgs/msg/gprmc.h
-- Installing: /home/ccl/UAV/ROS2/install/nmea_msgs/include/nmea_msgs/msg/gpgga.h
-- Installing: /home/ccl/UAV/ROS2/install/nmea_msgs/share/nmea_msgs/environment/library_path.sh
-- Installing: /home/ccl/UAV/ROS2/install/nmea_msgs/share/nmea_msgs/environment/library_path.dsv
-- Installing: /home/ccl/UAV/ROS2/install/nmea_msgs/lib/libnmea_msgs__rosidl_generator_c.so
-- Set runtime path of "/home/ccl/UAV/ROS2/install/nmea_msgs/lib/libnmea_msgs__rosidl_generator_c.so" to ""
-- Up-to-date: /home/ccl/UAV/ROS2/install/nmea_msgs/include/nmea_msgs
-- Up-to-date: /home/ccl/UAV/ROS2/install/nmea_msgs/include/nmea_msgs/msg
-- Installing: /home/ccl/UAV/ROS2/install/nmea_msgs/include/nmea_msgs/msg/rosidl_typesupport_fastrtps_c__visibility_control.h
-- Up-to-date: /home/ccl/UAV/ROS2/install/nmea_msgs/include/nmea_msgs/msg/detail
-- Installing: /home/ccl/UAV/ROS2/install/nmea_msgs/include/nmea_msgs/msg/detail/gpgsa__rosidl_typesupport_fastrtps_c.h
-- Installing: /home/ccl/UAV/ROS2/install/nmea_msgs/include/nmea_msgs/msg/detail/gprmc__rosidl_typesupport_fastrtps_c.h
-- Installing: /home/ccl/UAV/ROS2/install/nmea_msgs/include/nmea_msgs/msg/detail/gpgst__rosidl_typesupport_fastrtps_c.h
-- Installing: /home/ccl/UAV/ROS2/install/nmea_msgs/include/nmea_msgs/msg/detail/gpgga__rosidl_typesupport_fastrtps_c.h
-- Installing: /home/ccl/UAV/ROS2/install/nmea_msgs/include/nmea_msgs/msg/detail/gpgsv_satellite__rosidl_typesupport_fastrtps_c.h
-- Installing: /home/ccl/UAV/ROS2/install/nmea_msgs/include/nmea_msgs/msg/detail/sentence__rosidl_typesupport_fastrtps_c.h
-- Installing: /home/ccl/UAV/ROS2/install/nmea_msgs/include/nmea_msgs/msg/detail/gpgsv__rosidl_typesupport_fastrtps_c.h
-- Installing: /home/ccl/UAV/ROS2/install/nmea_msgs/lib/libnmea_msgs__rosidl_typesupport_fastrtps_c.so
-- Set runtime path of "/home/ccl/UAV/ROS2/install/nmea_msgs/lib/libnmea_msgs__rosidl_typesupport_fastrtps_c.so" to ""
-- Up-to-date: /home/ccl/UAV/ROS2/install/nmea_msgs/include/nmea_msgs
-- Up-to-date: /home/ccl/UAV/ROS2/install/nmea_msgs/include/nmea_msgs/msg
-- Up-to-date: /home/ccl/UAV/ROS2/install/nmea_msgs/include/nmea_msgs/msg/detail
-- Installing: /home/ccl/UAV/ROS2/install/nmea_msgs/include/nmea_msgs/msg/detail/gpgsv__rosidl_typesupport_fastrtps_cpp.hpp
-- Installing: /home/ccl/UAV/ROS2/install/nmea_msgs/include/nmea_msgs/msg/detail/gprmc__rosidl_typesupport_fastrtps_cpp.hpp
-- Installing: /home/ccl/UAV/ROS2/install/nmea_msgs/include/nmea_msgs/msg/detail/gpgst__rosidl_typesupport_fastrtps_cpp.hpp
-- Installing: /home/ccl/UAV/ROS2/install/nmea_msgs/include/nmea_msgs/msg/detail/dds_fastrtps
-- Installing: /home/ccl/UAV/ROS2/install/nmea_msgs/include/nmea_msgs/msg/detail/gpgga__rosidl_typesupport_fastrtps_cpp.hpp
-- Installing: /home/ccl/UAV/ROS2/install/nmea_msgs/include/nmea_msgs/msg/detail/sentence__rosidl_typesupport_fastrtps_cpp.hpp
-- Installing: /home/ccl/UAV/ROS2/install/nmea_msgs/include/nmea_msgs/msg/detail/gpgsa__rosidl_typesupport_fastrtps_cpp.hpp
-- Installing: /home/ccl/UAV/ROS2/install/nmea_msgs/include/nmea_msgs/msg/detail/gpgsv_satellite__rosidl_typesupport_fastrtps_cpp.hpp
-- Installing: /home/ccl/UAV/ROS2/install/nmea_msgs/include/nmea_msgs/msg/rosidl_typesupport_fastrtps_cpp__visibility_control.h
-- Installing: /home/ccl/UAV/ROS2/install/nmea_msgs/lib/libnmea_msgs__rosidl_typesupport_fastrtps_cpp.so
-- Set runtime path of "/home/ccl/UAV/ROS2/install/nmea_msgs/lib/libnmea_msgs__rosidl_typesupport_fastrtps_cpp.so" to ""
-- Up-to-date: /home/ccl/UAV/ROS2/install/nmea_msgs/include/nmea_msgs
-- Up-to-date: /home/ccl/UAV/ROS2/install/nmea_msgs/include/nmea_msgs/msg
-- Installing: /home/ccl/UAV/ROS2/install/nmea_msgs/include/nmea_msgs/msg/rosidl_typesupport_introspection_c__visibility_control.h
-- Up-to-date: /home/ccl/UAV/ROS2/install/nmea_msgs/include/nmea_msgs/msg/detail
-- Installing: /home/ccl/UAV/ROS2/install/nmea_msgs/include/nmea_msgs/msg/detail/sentence__type_support.c
-- Installing: /home/ccl/UAV/ROS2/install/nmea_msgs/include/nmea_msgs/msg/detail/sentence__rosidl_typesupport_introspection_c.h
-- Installing: /home/ccl/UAV/ROS2/install/nmea_msgs/include/nmea_msgs/msg/detail/gpgsv__rosidl_typesupport_introspection_c.h
-- Installing: /home/ccl/UAV/ROS2/install/nmea_msgs/include/nmea_msgs/msg/detail/gpgst__rosidl_typesupport_introspection_c.h
-- Installing: /home/ccl/UAV/ROS2/install/nmea_msgs/include/nmea_msgs/msg/detail/gpgst__type_support.c
-- Installing: /home/ccl/UAV/ROS2/install/nmea_msgs/include/nmea_msgs/msg/detail/gpgga__rosidl_typesupport_introspection_c.h
-- Installing: /home/ccl/UAV/ROS2/install/nmea_msgs/include/nmea_msgs/msg/detail/gprmc__rosidl_typesupport_introspection_c.h
-- Installing: /home/ccl/UAV/ROS2/install/nmea_msgs/include/nmea_msgs/msg/detail/gpgsa__rosidl_typesupport_introspection_c.h
-- Installing: /home/ccl/UAV/ROS2/install/nmea_msgs/include/nmea_msgs/msg/detail/gpgsa__type_support.c
-- Installing: /home/ccl/UAV/ROS2/install/nmea_msgs/include/nmea_msgs/msg/detail/gpgsv_satellite__type_support.c
-- Installing: /home/ccl/UAV/ROS2/install/nmea_msgs/include/nmea_msgs/msg/detail/gprmc__type_support.c
-- Installing: /home/ccl/UAV/ROS2/install/nmea_msgs/include/nmea_msgs/msg/detail/gpgsv_satellite__rosidl_typesupport_introspection_c.h
-- Installing: /home/ccl/UAV/ROS2/install/nmea_msgs/include/nmea_msgs/msg/detail/gpgga__type_support.c
-- Installing: /home/ccl/UAV/ROS2/install/nmea_msgs/include/nmea_msgs/msg/detail/gpgsv__type_support.c
-- Installing: /home/ccl/UAV/ROS2/install/nmea_msgs/lib/libnmea_msgs__rosidl_typesupport_introspection_c.so
-- Set runtime path of "/home/ccl/UAV/ROS2/install/nmea_msgs/lib/libnmea_msgs__rosidl_typesupport_introspection_c.so" to ""
-- Installing: /home/ccl/UAV/ROS2/install/nmea_msgs/lib/libnmea_msgs__rosidl_typesupport_c.so
-- Set runtime path of "/home/ccl/UAV/ROS2/install/nmea_msgs/lib/libnmea_msgs__rosidl_typesupport_c.so" to ""
-- Up-to-date: /home/ccl/UAV/ROS2/install/nmea_msgs/include/nmea_msgs
-- Up-to-date: /home/ccl/UAV/ROS2/install/nmea_msgs/include/nmea_msgs/msg
-- Installing: /home/ccl/UAV/ROS2/install/nmea_msgs/include/nmea_msgs/msg/sentence.hpp
-- Installing: /home/ccl/UAV/ROS2/install/nmea_msgs/include/nmea_msgs/msg/gpgsv_satellite.hpp
-- Installing: /home/ccl/UAV/ROS2/install/nmea_msgs/include/nmea_msgs/msg/gpgsa.hpp
-- Installing: /home/ccl/UAV/ROS2/install/nmea_msgs/include/nmea_msgs/msg/gprmc.hpp
-- Up-to-date: /home/ccl/UAV/ROS2/install/nmea_msgs/include/nmea_msgs/msg/detail
-- Installing: /home/ccl/UAV/ROS2/install/nmea_msgs/include/nmea_msgs/msg/detail/sentence__traits.hpp
-- Installing: /home/ccl/UAV/ROS2/install/nmea_msgs/include/nmea_msgs/msg/detail/gpgsv__traits.hpp
-- Installing: /home/ccl/UAV/ROS2/install/nmea_msgs/include/nmea_msgs/msg/detail/gprmc__builder.hpp
-- Installing: /home/ccl/UAV/ROS2/install/nmea_msgs/include/nmea_msgs/msg/detail/sentence__struct.hpp
-- Installing: /home/ccl/UAV/ROS2/install/nmea_msgs/include/nmea_msgs/msg/detail/gpgga__traits.hpp
-- Installing: /home/ccl/UAV/ROS2/install/nmea_msgs/include/nmea_msgs/msg/detail/gprmc__struct.hpp
-- Installing: /home/ccl/UAV/ROS2/install/nmea_msgs/include/nmea_msgs/msg/detail/gpgsa__traits.hpp
-- Installing: /home/ccl/UAV/ROS2/install/nmea_msgs/include/nmea_msgs/msg/detail/gprmc__traits.hpp
-- Installing: /home/ccl/UAV/ROS2/install/nmea_msgs/include/nmea_msgs/msg/detail/gpgst__traits.hpp
-- Installing: /home/ccl/UAV/ROS2/install/nmea_msgs/include/nmea_msgs/msg/detail/gpgsv_satellite__struct.hpp
-- Installing: /home/ccl/UAV/ROS2/install/nmea_msgs/include/nmea_msgs/msg/detail/gpgsv_satellite__traits.hpp
-- Installing: /home/ccl/UAV/ROS2/install/nmea_msgs/include/nmea_msgs/msg/detail/gpgsv__struct.hpp
-- Installing: /home/ccl/UAV/ROS2/install/nmea_msgs/include/nmea_msgs/msg/detail/sentence__builder.hpp
-- Installing: /home/ccl/UAV/ROS2/install/nmea_msgs/include/nmea_msgs/msg/detail/gpgst__builder.hpp
-- Installing: /home/ccl/UAV/ROS2/install/nmea_msgs/include/nmea_msgs/msg/detail/gpgsv__builder.hpp
-- Installing: /home/ccl/UAV/ROS2/install/nmea_msgs/include/nmea_msgs/msg/detail/gpgsa__struct.hpp
-- Installing: /home/ccl/UAV/ROS2/install/nmea_msgs/include/nmea_msgs/msg/detail/gpgga__struct.hpp
-- Installing: /home/ccl/UAV/ROS2/install/nmea_msgs/include/nmea_msgs/msg/detail/gpgsa__builder.hpp
-- Installing: /home/ccl/UAV/ROS2/install/nmea_msgs/include/nmea_msgs/msg/detail/gpgst__struct.hpp
-- Installing: /home/ccl/UAV/ROS2/install/nmea_msgs/include/nmea_msgs/msg/detail/gpgsv_satellite__builder.hpp
-- Installing: /home/ccl/UAV/ROS2/install/nmea_msgs/include/nmea_msgs/msg/detail/gpgga__builder.hpp
-- Installing: /home/ccl/UAV/ROS2/install/nmea_msgs/include/nmea_msgs/msg/gpgsv.hpp
-- Installing: /home/ccl/UAV/ROS2/install/nmea_msgs/include/nmea_msgs/msg/gpgga.hpp
-- Installing: /home/ccl/UAV/ROS2/install/nmea_msgs/include/nmea_msgs/msg/gpgst.hpp
-- Up-to-date: /home/ccl/UAV/ROS2/install/nmea_msgs/include/nmea_msgs
-- Up-to-date: /home/ccl/UAV/ROS2/install/nmea_msgs/include/nmea_msgs/msg
-- Up-to-date: /home/ccl/UAV/ROS2/install/nmea_msgs/include/nmea_msgs/msg/detail
-- Installing: /home/ccl/UAV/ROS2/install/nmea_msgs/include/nmea_msgs/msg/detail/gpgst__type_support.cpp
-- Installing: /home/ccl/UAV/ROS2/install/nmea_msgs/include/nmea_msgs/msg/detail/gpgst__rosidl_typesupport_introspection_cpp.hpp
-- Installing: /home/ccl/UAV/ROS2/install/nmea_msgs/include/nmea_msgs/msg/detail/gprmc__type_support.cpp
-- Installing: /home/ccl/UAV/ROS2/install/nmea_msgs/include/nmea_msgs/msg/detail/gpgsv__type_support.cpp
-- Installing: /home/ccl/UAV/ROS2/install/nmea_msgs/include/nmea_msgs/msg/detail/gpgsa__rosidl_typesupport_introspection_cpp.hpp
-- Installing: /home/ccl/UAV/ROS2/install/nmea_msgs/include/nmea_msgs/msg/detail/sentence__type_support.cpp
-- Installing: /home/ccl/UAV/ROS2/install/nmea_msgs/include/nmea_msgs/msg/detail/gpgsv_satellite__rosidl_typesupport_introspection_cpp.hpp
-- Installing: /home/ccl/UAV/ROS2/install/nmea_msgs/include/nmea_msgs/msg/detail/sentence__rosidl_typesupport_introspection_cpp.hpp
-- Installing: /home/ccl/UAV/ROS2/install/nmea_msgs/include/nmea_msgs/msg/detail/gpgga__type_support.cpp
-- Installing: /home/ccl/UAV/ROS2/install/nmea_msgs/include/nmea_msgs/msg/detail/gpgga__rosidl_typesupport_introspection_cpp.hpp
-- Installing: /home/ccl/UAV/ROS2/install/nmea_msgs/include/nmea_msgs/msg/detail/gprmc__rosidl_typesupport_introspection_cpp.hpp
-- Installing: /home/ccl/UAV/ROS2/install/nmea_msgs/include/nmea_msgs/msg/detail/gpgsv_satellite__type_support.cpp
-- Installing: /home/ccl/UAV/ROS2/install/nmea_msgs/include/nmea_msgs/msg/detail/gpgsv__rosidl_typesupport_introspection_cpp.hpp
-- Installing: /home/ccl/UAV/ROS2/install/nmea_msgs/include/nmea_msgs/msg/detail/gpgsa__type_support.cpp
-- Installing: /home/ccl/UAV/ROS2/install/nmea_msgs/lib/libnmea_msgs__rosidl_typesupport_introspection_cpp.so
-- Set runtime path of "/home/ccl/UAV/ROS2/install/nmea_msgs/lib/libnmea_msgs__rosidl_typesupport_introspection_cpp.so" to ""
-- Installing: /home/ccl/UAV/ROS2/install/nmea_msgs/lib/libnmea_msgs__rosidl_typesupport_cpp.so
-- Set runtime path of "/home/ccl/UAV/ROS2/install/nmea_msgs/lib/libnmea_msgs__rosidl_typesupport_cpp.so" to ""
-- Installing: /home/ccl/UAV/ROS2/install/nmea_msgs/share/nmea_msgs/environment/pythonpath.sh
-- Installing: /home/ccl/UAV/ROS2/install/nmea_msgs/share/nmea_msgs/environment/pythonpath.dsv
-- Installing: /home/ccl/UAV/ROS2/install/nmea_msgs/lib/python3.8/site-packages/nmea_msgs/__init__.py
Compiling '/home/ccl/UAV/ROS2/install/nmea_msgs/lib/python3.8/site-packages/nmea_msgs/__init__.py'...
-- Installing: /home/ccl/UAV/ROS2/install/nmea_msgs/lib/python3.8/site-packages/nmea_msgs/msg
-- Installing: /home/ccl/UAV/ROS2/install/nmea_msgs/lib/python3.8/site-packages/nmea_msgs/msg/_gpgsv_satellite_s.c
-- Installing: /home/ccl/UAV/ROS2/install/nmea_msgs/lib/python3.8/site-packages/nmea_msgs/msg/_gpgst.py
-- Installing: /home/ccl/UAV/ROS2/install/nmea_msgs/lib/python3.8/site-packages/nmea_msgs/msg/_gpgsv.py
-- Installing: /home/ccl/UAV/ROS2/install/nmea_msgs/lib/python3.8/site-packages/nmea_msgs/msg/__init__.py
-- Installing: /home/ccl/UAV/ROS2/install/nmea_msgs/lib/python3.8/site-packages/nmea_msgs/msg/_gpgga_s.c
-- Installing: /home/ccl/UAV/ROS2/install/nmea_msgs/lib/python3.8/site-packages/nmea_msgs/msg/_gpgsv_satellite.py
-- Installing: /home/ccl/UAV/ROS2/install/nmea_msgs/lib/python3.8/site-packages/nmea_msgs/msg/_gpgsv_s.c
-- Installing: /home/ccl/UAV/ROS2/install/nmea_msgs/lib/python3.8/site-packages/nmea_msgs/msg/_sentence_s.c
-- Installing: /home/ccl/UAV/ROS2/install/nmea_msgs/lib/python3.8/site-packages/nmea_msgs/msg/_sentence.py
-- Installing: /home/ccl/UAV/ROS2/install/nmea_msgs/lib/python3.8/site-packages/nmea_msgs/msg/_gprmc.py
-- Installing: /home/ccl/UAV/ROS2/install/nmea_msgs/lib/python3.8/site-packages/nmea_msgs/msg/_gpgsa.py
-- Installing: /home/ccl/UAV/ROS2/install/nmea_msgs/lib/python3.8/site-packages/nmea_msgs/msg/_gprmc_s.c
-- Installing: /home/ccl/UAV/ROS2/install/nmea_msgs/lib/python3.8/site-packages/nmea_msgs/msg/_gpgsa_s.c
-- Installing: /home/ccl/UAV/ROS2/install/nmea_msgs/lib/python3.8/site-packages/nmea_msgs/msg/_gpgst_s.c
-- Installing: /home/ccl/UAV/ROS2/install/nmea_msgs/lib/python3.8/site-packages/nmea_msgs/msg/_gpgga.py
-- Installing: /home/ccl/UAV/ROS2/install/nmea_msgs/lib/python3.8/site-packages/nmea_msgs/nmea_msgs_s__rosidl_typesupport_fastrtps_c.cpython-38-x86_64-linux-gnu.so
-- Set runtime path of "/home/ccl/UAV/ROS2/install/nmea_msgs/lib/python3.8/site-packages/nmea_msgs/nmea_msgs_s__rosidl_typesupport_fastrtps_c.cpython-38-x86_64-linux-gnu.so" to ""
-- Installing: /home/ccl/UAV/ROS2/install/nmea_msgs/lib/python3.8/site-packages/nmea_msgs/nmea_msgs_s__rosidl_typesupport_introspection_c.cpython-38-x86_64-linux-gnu.so
-- Set runtime path of "/home/ccl/UAV/ROS2/install/nmea_msgs/lib/python3.8/site-packages/nmea_msgs/nmea_msgs_s__rosidl_typesupport_introspection_c.cpython-38-x86_64-linux-gnu.so" to ""
-- Installing: /home/ccl/UAV/ROS2/install/nmea_msgs/lib/python3.8/site-packages/nmea_msgs/nmea_msgs_s__rosidl_typesupport_c.cpython-38-x86_64-linux-gnu.so
-- Set runtime path of "/home/ccl/UAV/ROS2/install/nmea_msgs/lib/python3.8/site-packages/nmea_msgs/nmea_msgs_s__rosidl_typesupport_c.cpython-38-x86_64-linux-gnu.so" to ""
-- Installing: /home/ccl/UAV/ROS2/install/nmea_msgs/lib/libnmea_msgs__python.so
-- Set runtime path of "/home/ccl/UAV/ROS2/install/nmea_msgs/lib/libnmea_msgs__python.so" to ""
-- Installing: /home/ccl/UAV/ROS2/install/nmea_msgs/share/nmea_msgs/msg/Sentence.idl
-- Installing: /home/ccl/UAV/ROS2/install/nmea_msgs/share/nmea_msgs/msg/Gpgga.idl
-- Installing: /home/ccl/UAV/ROS2/install/nmea_msgs/share/nmea_msgs/msg/Gpgsa.idl
-- Installing: /home/ccl/UAV/ROS2/install/nmea_msgs/share/nmea_msgs/msg/Gpgst.idl
-- Installing: /home/ccl/UAV/ROS2/install/nmea_msgs/share/nmea_msgs/msg/Gpgsv.idl
-- Installing: /home/ccl/UAV/ROS2/install/nmea_msgs/share/nmea_msgs/msg/GpgsvSatellite.idl
-- Installing: /home/ccl/UAV/ROS2/install/nmea_msgs/share/nmea_msgs/msg/Gprmc.idl
-- Installing: /home/ccl/UAV/ROS2/install/nmea_msgs/share/nmea_msgs/msg/Sentence.msg
-- Installing: /home/ccl/UAV/ROS2/install/nmea_msgs/share/nmea_msgs/msg/Gpgga.msg
-- Installing: /home/ccl/UAV/ROS2/install/nmea_msgs/share/nmea_msgs/msg/Gpgsa.msg
-- Installing: /home/ccl/UAV/ROS2/install/nmea_msgs/share/nmea_msgs/msg/Gpgst.msg
-- Installing: /home/ccl/UAV/ROS2/install/nmea_msgs/share/nmea_msgs/msg/Gpgsv.msg
-- Installing: /home/ccl/UAV/ROS2/install/nmea_msgs/share/nmea_msgs/msg/GpgsvSatellite.msg
-- Installing: /home/ccl/UAV/ROS2/install/nmea_msgs/share/nmea_msgs/msg/Gprmc.msg
-- Installing: /home/ccl/UAV/ROS2/install/nmea_msgs/share/ament_index/resource_index/package_run_dependencies/nmea_msgs
-- Installing: /home/ccl/UAV/ROS2/install/nmea_msgs/share/ament_index/resource_index/parent_prefix_path/nmea_msgs
-- Installing: /home/ccl/UAV/ROS2/install/nmea_msgs/share/nmea_msgs/environment/ament_prefix_path.sh
-- Installing: /home/ccl/UAV/ROS2/install/nmea_msgs/share/nmea_msgs/environment/ament_prefix_path.dsv
-- Installing: /home/ccl/UAV/ROS2/install/nmea_msgs/share/nmea_msgs/environment/path.sh
-- Installing: /home/ccl/UAV/ROS2/install/nmea_msgs/share/nmea_msgs/environment/path.dsv
-- Installing: /home/ccl/UAV/ROS2/install/nmea_msgs/share/nmea_msgs/local_setup.bash
-- Installing: /home/ccl/UAV/ROS2/install/nmea_msgs/share/nmea_msgs/local_setup.sh
-- Installing: /home/ccl/UAV/ROS2/install/nmea_msgs/share/nmea_msgs/local_setup.zsh
-- Installing: /home/ccl/UAV/ROS2/install/nmea_msgs/share/nmea_msgs/local_setup.dsv
-- Installing: /home/ccl/UAV/ROS2/install/nmea_msgs/share/nmea_msgs/package.dsv
-- Installing: /home/ccl/UAV/ROS2/install/nmea_msgs/share/ament_index/resource_index/packages/nmea_msgs
-- Installing: /home/ccl/UAV/ROS2/install/nmea_msgs/share/nmea_msgs/cmake/nmea_msgs__rosidl_generator_cExport.cmake
-- Installing: /home/ccl/UAV/ROS2/install/nmea_msgs/share/nmea_msgs/cmake/nmea_msgs__rosidl_generator_cExport-noconfig.cmake
-- Installing: /home/ccl/UAV/ROS2/install/nmea_msgs/share/nmea_msgs/cmake/nmea_msgs__rosidl_typesupport_introspection_cExport.cmake
-- Installing: /home/ccl/UAV/ROS2/install/nmea_msgs/share/nmea_msgs/cmake/nmea_msgs__rosidl_typesupport_introspection_cExport-noconfig.cmake
-- Installing: /home/ccl/UAV/ROS2/install/nmea_msgs/share/nmea_msgs/cmake/nmea_msgs__rosidl_typesupport_cExport.cmake
-- Installing: /home/ccl/UAV/ROS2/install/nmea_msgs/share/nmea_msgs/cmake/nmea_msgs__rosidl_typesupport_cExport-noconfig.cmake
-- Installing: /home/ccl/UAV/ROS2/install/nmea_msgs/share/nmea_msgs/cmake/nmea_msgs__rosidl_generator_cppExport.cmake
-- Installing: /home/ccl/UAV/ROS2/install/nmea_msgs/share/nmea_msgs/cmake/nmea_msgs__rosidl_typesupport_introspection_cppExport.cmake
-- Installing: /home/ccl/UAV/ROS2/install/nmea_msgs/share/nmea_msgs/cmake/nmea_msgs__rosidl_typesupport_introspection_cppExport-noconfig.cmake
-- Installing: /home/ccl/UAV/ROS2/install/nmea_msgs/share/nmea_msgs/cmake/nmea_msgs__rosidl_typesupport_cppExport.cmake
-- Installing: /home/ccl/UAV/ROS2/install/nmea_msgs/share/nmea_msgs/cmake/nmea_msgs__rosidl_typesupport_cppExport-noconfig.cmake
-- Installing: /home/ccl/UAV/ROS2/install/nmea_msgs/share/nmea_msgs/cmake/rosidl_cmake-extras.cmake
-- Installing: /home/ccl/UAV/ROS2/install/nmea_msgs/share/nmea_msgs/cmake/ament_cmake_export_dependencies-extras.cmake
-- Installing: /home/ccl/UAV/ROS2/install/nmea_msgs/share/nmea_msgs/cmake/ament_cmake_export_libraries-extras.cmake
-- Installing: /home/ccl/UAV/ROS2/install/nmea_msgs/share/nmea_msgs/cmake/ament_cmake_export_targets-extras.cmake
-- Installing: /home/ccl/UAV/ROS2/install/nmea_msgs/share/nmea_msgs/cmake/ament_cmake_export_include_directories-extras.cmake
-- Installing: /home/ccl/UAV/ROS2/install/nmea_msgs/share/nmea_msgs/cmake/rosidl_cmake_export_typesupport_libraries-extras.cmake
-- Installing: /home/ccl/UAV/ROS2/install/nmea_msgs/share/nmea_msgs/cmake/rosidl_cmake_export_typesupport_targets-extras.cmake
-- Installing: /home/ccl/UAV/ROS2/install/nmea_msgs/share/nmea_msgs/cmake/nmea_msgsConfig.cmake
-- Installing: /home/ccl/UAV/ROS2/install/nmea_msgs/share/nmea_msgs/cmake/nmea_msgsConfig-version.cmake
-- Installing: /home/ccl/UAV/ROS2/install/nmea_msgs/share/nmea_msgs/package.xml
