[0.089s] Invoking command in '/home/ccl/UAV/ROS2/build/nmea_msgs': CMAKE_PREFIX_PATH=${CMAKE_PREFIX_PATH}:/home/ccl/UAV/ROS2/install/tf_converter:/home/ccl/UAV/ROS2/install/object_detector:/home/ccl/UAV/ROS2/install/gps_handler:/home/ccl/UAV/ROS2/install/ctrl_relayer:/home/ccl/UAV/ROS2/install/cmd_handler:/opt/ros/galactic /usr/bin/cmake /home/ccl/UAV/ROS2/nmea_msgs -DCMAKE_INSTALL_PREFIX=/home/ccl/UAV/ROS2/install/nmea_msgs
[0.714s] -- The C compiler identification is GNU 9.4.0
[0.714s] -- The CXX compiler identification is GNU 9.4.0
[0.714s] -- Check for working C compiler: /usr/lib/ccache/cc
[0.814s] -- Check for working C compiler: /usr/lib/ccache/cc -- works
[0.816s] -- Detecting C compiler ABI info
[0.941s] -- Detecting C compiler ABI info - done
[0.952s] -- Detecting C compile features
[0.953s] -- Detecting C compile features - done
[0.959s] -- Check for working CXX compiler: /usr/lib/ccache/c++
[1.111s] -- Check for working CXX compiler: /usr/lib/ccache/c++ -- works
[1.114s] -- Detecting CXX compiler ABI info
[1.285s] -- Detecting CXX compiler ABI info - done
[1.299s] -- Detecting CXX compile features
[1.299s] -- Detecting CXX compile features - done
[1.310s] -- Found ament_cmake: 1.1.6 (/opt/ros/galactic/share/ament_cmake/cmake)
[1.364s] -- Found PythonInterp: /usr/bin/python3 (found suitable version "3.8.10", minimum required is "3") 
[1.364s] -- Using PYTHON_EXECUTABLE: /usr/bin/python3
[1.555s] -- Found rosidl_default_generators: 1.1.1 (/opt/ros/galactic/share/rosidl_default_generators/cmake)
[1.565s] -- Using all available rosidl_typesupport_c: rosidl_typesupport_fastrtps_c;rosidl_typesupport_introspection_c
[1.582s] -- Found rosidl_adapter: 2.2.3 (/opt/ros/galactic/share/rosidl_adapter/cmake)
[1.962s] -- Found OpenSSL: /usr/lib/x86_64-linux-gnu/libcrypto.so (found version "1.1.1f")  
[2.024s] -- Found FastRTPS: /opt/ros/galactic/include  
[2.195s] -- Using all available rosidl_typesupport_cpp: rosidl_typesupport_fastrtps_cpp;rosidl_typesupport_introspection_cpp
[2.248s] -- Found std_msgs: 2.2.4 (/opt/ros/galactic/share/std_msgs/cmake)
[2.357s] -- Found PythonInterp: /usr/bin/python3 (found version "3.8.10") 
[2.604s] -- Found ament_cmake_ros: 0.9.2 (/opt/ros/galactic/share/ament_cmake_ros/cmake)
[2.916s] -- Using all available rosidl_typesupport_c: rosidl_typesupport_fastrtps_c;rosidl_typesupport_introspection_c
[3.018s] -- Using all available rosidl_typesupport_cpp: rosidl_typesupport_fastrtps_cpp;rosidl_typesupport_introspection_cpp
[3.054s] -- Found PythonInterp: /usr/bin/python3 (found suitable version "3.8.10", minimum required is "3.5") 
[3.058s] -- Found python_cmake_module: 0.8.1 (/opt/ros/galactic/share/python_cmake_module/cmake)
[3.109s] -- Found PythonLibs: /usr/lib/x86_64-linux-gnu/libpython3.8.so (found suitable version "3.8.10", minimum required is "3.5") 
[3.109s] -- Using PYTHON_EXECUTABLE: /usr/bin/python3
[3.109s] -- Using PYTHON_INCLUDE_DIRS: /usr/include/python3.8
[3.110s] -- Using PYTHON_LIBRARIES: /usr/lib/x86_64-linux-gnu/libpython3.8.so
[3.146s] -- Found PythonExtra: .so  
[3.377s] -- Configuring done
[3.524s] -- Generating done
[3.529s] -- Build files have been written to: /home/ccl/UAV/ROS2/build/nmea_msgs
[3.542s] Invoked command in '/home/ccl/UAV/ROS2/build/nmea_msgs' returned '0': CMAKE_PREFIX_PATH=${CMAKE_PREFIX_PATH}:/home/ccl/UAV/ROS2/install/tf_converter:/home/ccl/UAV/ROS2/install/object_detector:/home/ccl/UAV/ROS2/install/gps_handler:/home/ccl/UAV/ROS2/install/ctrl_relayer:/home/ccl/UAV/ROS2/install/cmd_handler:/opt/ros/galactic /usr/bin/cmake /home/ccl/UAV/ROS2/nmea_msgs -DCMAKE_INSTALL_PREFIX=/home/ccl/UAV/ROS2/install/nmea_msgs
[3.547s] Invoking command in '/home/ccl/UAV/ROS2/build/nmea_msgs': CMAKE_PREFIX_PATH=${CMAKE_PREFIX_PATH}:/home/ccl/UAV/ROS2/install/tf_converter:/home/ccl/UAV/ROS2/install/object_detector:/home/ccl/UAV/ROS2/install/gps_handler:/home/ccl/UAV/ROS2/install/ctrl_relayer:/home/ccl/UAV/ROS2/install/cmd_handler:/opt/ros/galactic /usr/bin/cmake --build /home/ccl/UAV/ROS2/build/nmea_msgs -- -j8 -l8
[3.631s] [  1%] [34m[1mGenerating C code for ROS interfaces[0m
[3.632s] [35m[1mScanning dependencies of target nmea_msgs__cpp[0m
[3.656s] [  2%] [34m[1mGenerating C++ code for ROS interfaces[0m
[4.253s] [  2%] Built target nmea_msgs__cpp
[4.276s] [35m[1mScanning dependencies of target nmea_msgs__rosidl_generator_c[0m
[4.278s] [  3%] [34m[1mGenerating C++ type support for eProsima Fast-RTPS[0m
[4.283s] [  5%] [34m[1mGenerating C++ type support dispatch for ROS interfaces[0m
[4.289s] [  6%] [34m[1mGenerating C++ introspection for ROS interfaces[0m
[4.317s] [  7%] [32mBuilding C object CMakeFiles/nmea_msgs__rosidl_generator_c.dir/rosidl_generator_c/nmea_msgs/msg/detail/gpgga__functions.c.o[0m
[4.319s] [  8%] [32mBuilding C object CMakeFiles/nmea_msgs__rosidl_generator_c.dir/rosidl_generator_c/nmea_msgs/msg/detail/gpgsv__functions.c.o[0m
[4.320s] [ 10%] [32mBuilding C object CMakeFiles/nmea_msgs__rosidl_generator_c.dir/rosidl_generator_c/nmea_msgs/msg/detail/sentence__functions.c.o[0m
[4.333s] [ 11%] [32mBuilding C object CMakeFiles/nmea_msgs__rosidl_generator_c.dir/rosidl_generator_c/nmea_msgs/msg/detail/gpgsa__functions.c.o[0m
[4.333s] [ 12%] [32mBuilding C object CMakeFiles/nmea_msgs__rosidl_generator_c.dir/rosidl_generator_c/nmea_msgs/msg/detail/gpgst__functions.c.o[0m
[4.372s] [ 13%] [32mBuilding C object CMakeFiles/nmea_msgs__rosidl_generator_c.dir/rosidl_generator_c/nmea_msgs/msg/detail/gprmc__functions.c.o[0m
[4.375s] [ 15%] [32mBuilding C object CMakeFiles/nmea_msgs__rosidl_generator_c.dir/rosidl_generator_c/nmea_msgs/msg/detail/gpgsv_satellite__functions.c.o[0m
[4.434s] [ 16%] [32m[1mLinking C shared library libnmea_msgs__rosidl_generator_c.so[0m
[4.538s] [ 16%] Built target nmea_msgs__rosidl_generator_c
[4.561s] [ 17%] [34m[1mGenerating C type support dispatch for ROS interfaces[0m
[4.574s] [ 18%] [34m[1mGenerating C introspection for ROS interfaces[0m
[4.741s] [35m[1mScanning dependencies of target nmea_msgs__rosidl_typesupport_cpp[0m
[4.788s] [ 20%] [32mBuilding CXX object CMakeFiles/nmea_msgs__rosidl_typesupport_cpp.dir/rosidl_typesupport_cpp/nmea_msgs/msg/sentence__type_support.cpp.o[0m
[4.809s] [ 21%] [32mBuilding CXX object CMakeFiles/nmea_msgs__rosidl_typesupport_cpp.dir/rosidl_typesupport_cpp/nmea_msgs/msg/gpgga__type_support.cpp.o[0m
[4.827s] [ 22%] [32mBuilding CXX object CMakeFiles/nmea_msgs__rosidl_typesupport_cpp.dir/rosidl_typesupport_cpp/nmea_msgs/msg/gpgsa__type_support.cpp.o[0m
[4.893s] [ 24%] [32mBuilding CXX object CMakeFiles/nmea_msgs__rosidl_typesupport_cpp.dir/rosidl_typesupport_cpp/nmea_msgs/msg/gpgst__type_support.cpp.o[0m
[4.915s] [ 25%] [32mBuilding CXX object CMakeFiles/nmea_msgs__rosidl_typesupport_cpp.dir/rosidl_typesupport_cpp/nmea_msgs/msg/gprmc__type_support.cpp.o[0m
[4.921s] [ 26%] [32mBuilding CXX object CMakeFiles/nmea_msgs__rosidl_typesupport_cpp.dir/rosidl_typesupport_cpp/nmea_msgs/msg/gpgsv__type_support.cpp.o[0m
[4.925s] [ 27%] [32mBuilding CXX object CMakeFiles/nmea_msgs__rosidl_typesupport_cpp.dir/rosidl_typesupport_cpp/nmea_msgs/msg/gpgsv_satellite__type_support.cpp.o[0m
[4.989s] [ 29%] [32m[1mLinking CXX shared library libnmea_msgs__rosidl_typesupport_cpp.so[0m
[4.999s] [35m[1mScanning dependencies of target nmea_msgs__rosidl_typesupport_fastrtps_cpp[0m
[5.009s] [35m[1mScanning dependencies of target nmea_msgs__rosidl_typesupport_introspection_cpp[0m
[5.073s] [ 30%] [32mBuilding CXX object CMakeFiles/nmea_msgs__rosidl_typesupport_introspection_cpp.dir/rosidl_typesupport_introspection_cpp/nmea_msgs/msg/detail/sentence__type_support.cpp.o[0m
[5.074s] [ 31%] [32mBuilding CXX object CMakeFiles/nmea_msgs__rosidl_typesupport_introspection_cpp.dir/rosidl_typesupport_introspection_cpp/nmea_msgs/msg/detail/gpgga__type_support.cpp.o[0m
[5.085s] [ 32%] [32mBuilding CXX object CMakeFiles/nmea_msgs__rosidl_typesupport_fastrtps_cpp.dir/rosidl_typesupport_fastrtps_cpp/nmea_msgs/msg/detail/dds_fastrtps/sentence__type_support.cpp.o[0m
[5.146s] [ 34%] [32mBuilding CXX object CMakeFiles/nmea_msgs__rosidl_typesupport_introspection_cpp.dir/rosidl_typesupport_introspection_cpp/nmea_msgs/msg/detail/gpgsa__type_support.cpp.o[0m
[5.178s] [ 35%] [32mBuilding CXX object CMakeFiles/nmea_msgs__rosidl_typesupport_introspection_cpp.dir/rosidl_typesupport_introspection_cpp/nmea_msgs/msg/detail/gpgst__type_support.cpp.o[0m
[5.184s] [35m[1mScanning dependencies of target nmea_msgs__rosidl_typesupport_introspection_c[0m
[5.187s] [ 36%] [32mBuilding CXX object CMakeFiles/nmea_msgs__rosidl_typesupport_introspection_cpp.dir/rosidl_typesupport_introspection_cpp/nmea_msgs/msg/detail/gpgsv__type_support.cpp.o[0m
[5.202s] [ 36%] Built target nmea_msgs__rosidl_typesupport_cpp
[5.202s] [ 37%] [32mBuilding CXX object CMakeFiles/nmea_msgs__rosidl_typesupport_introspection_cpp.dir/rosidl_typesupport_introspection_cpp/nmea_msgs/msg/detail/gpgsv_satellite__type_support.cpp.o[0m
[5.204s] [ 39%] [32mBuilding CXX object CMakeFiles/nmea_msgs__rosidl_typesupport_introspection_cpp.dir/rosidl_typesupport_introspection_cpp/nmea_msgs/msg/detail/gprmc__type_support.cpp.o[0m
[5.225s] [35m[1mScanning dependencies of target nmea_msgs__rosidl_typesupport_c[0m
[5.230s] [ 40%] [32mBuilding CXX object CMakeFiles/nmea_msgs__rosidl_typesupport_fastrtps_cpp.dir/rosidl_typesupport_fastrtps_cpp/nmea_msgs/msg/detail/dds_fastrtps/gpgga__type_support.cpp.o[0m
[5.233s] [ 41%] [32mBuilding CXX object CMakeFiles/nmea_msgs__rosidl_typesupport_fastrtps_cpp.dir/rosidl_typesupport_fastrtps_cpp/nmea_msgs/msg/detail/dds_fastrtps/gpgst__type_support.cpp.o[0m
[5.233s] [ 43%] [32mBuilding CXX object CMakeFiles/nmea_msgs__rosidl_typesupport_fastrtps_cpp.dir/rosidl_typesupport_fastrtps_cpp/nmea_msgs/msg/detail/dds_fastrtps/gpgsa__type_support.cpp.o[0m
[5.252s] [ 44%] [32mBuilding CXX object CMakeFiles/nmea_msgs__rosidl_typesupport_fastrtps_cpp.dir/rosidl_typesupport_fastrtps_cpp/nmea_msgs/msg/detail/dds_fastrtps/gpgsv__type_support.cpp.o[0m
[5.252s] [ 45%] [32mBuilding C object CMakeFiles/nmea_msgs__rosidl_typesupport_introspection_c.dir/rosidl_typesupport_introspection_c/nmea_msgs/msg/detail/sentence__type_support.c.o[0m
[5.257s] [ 46%] [32m[1mLinking CXX shared library libnmea_msgs__rosidl_typesupport_introspection_cpp.so[0m
[5.274s] [ 48%] [32mBuilding CXX object CMakeFiles/nmea_msgs__rosidl_typesupport_c.dir/rosidl_typesupport_c/nmea_msgs/msg/sentence__type_support.cpp.o[0m
[5.297s] [ 49%] [32mBuilding CXX object CMakeFiles/nmea_msgs__rosidl_typesupport_fastrtps_cpp.dir/rosidl_typesupport_fastrtps_cpp/nmea_msgs/msg/detail/dds_fastrtps/gpgsv_satellite__type_support.cpp.o[0m
[5.312s] [ 50%] [32mBuilding C object CMakeFiles/nmea_msgs__rosidl_typesupport_introspection_c.dir/rosidl_typesupport_introspection_c/nmea_msgs/msg/detail/gpgga__type_support.c.o[0m
[5.321s] [ 51%] [32mBuilding CXX object CMakeFiles/nmea_msgs__rosidl_typesupport_c.dir/rosidl_typesupport_c/nmea_msgs/msg/gpgga__type_support.cpp.o[0m
[5.327s] [ 53%] [32mBuilding CXX object CMakeFiles/nmea_msgs__rosidl_typesupport_fastrtps_cpp.dir/rosidl_typesupport_fastrtps_cpp/nmea_msgs/msg/detail/dds_fastrtps/gprmc__type_support.cpp.o[0m
[5.351s] [ 54%] [32mBuilding CXX object CMakeFiles/nmea_msgs__rosidl_typesupport_c.dir/rosidl_typesupport_c/nmea_msgs/msg/gpgsa__type_support.cpp.o[0m
[5.373s] [ 55%] [32mBuilding CXX object CMakeFiles/nmea_msgs__rosidl_typesupport_c.dir/rosidl_typesupport_c/nmea_msgs/msg/gpgsv__type_support.cpp.o[0m
[5.381s] [ 56%] [32mBuilding CXX object CMakeFiles/nmea_msgs__rosidl_typesupport_c.dir/rosidl_typesupport_c/nmea_msgs/msg/gpgst__type_support.cpp.o[0m
[5.400s] [ 58%] [32mBuilding C object CMakeFiles/nmea_msgs__rosidl_typesupport_introspection_c.dir/rosidl_typesupport_introspection_c/nmea_msgs/msg/detail/gpgsa__type_support.c.o[0m
[5.409s] [ 59%] [32mBuilding CXX object CMakeFiles/nmea_msgs__rosidl_typesupport_c.dir/rosidl_typesupport_c/nmea_msgs/msg/gpgsv_satellite__type_support.cpp.o[0m
[5.411s] [ 60%] [32mBuilding C object CMakeFiles/nmea_msgs__rosidl_typesupport_introspection_c.dir/rosidl_typesupport_introspection_c/nmea_msgs/msg/detail/gpgst__type_support.c.o[0m
[5.418s] [ 62%] [32mBuilding CXX object CMakeFiles/nmea_msgs__rosidl_typesupport_c.dir/rosidl_typesupport_c/nmea_msgs/msg/gprmc__type_support.cpp.o[0m
[5.423s] [ 63%] [32mBuilding C object CMakeFiles/nmea_msgs__rosidl_typesupport_introspection_c.dir/rosidl_typesupport_introspection_c/nmea_msgs/msg/detail/gpgsv__type_support.c.o[0m
[5.427s] [ 64%] [32m[1mLinking CXX shared library libnmea_msgs__rosidl_typesupport_fastrtps_cpp.so[0m
[5.436s] [ 65%] [32mBuilding C object CMakeFiles/nmea_msgs__rosidl_typesupport_introspection_c.dir/rosidl_typesupport_introspection_c/nmea_msgs/msg/detail/gprmc__type_support.c.o[0m
[5.438s] [ 67%] [32mBuilding C object CMakeFiles/nmea_msgs__rosidl_typesupport_introspection_c.dir/rosidl_typesupport_introspection_c/nmea_msgs/msg/detail/gpgsv_satellite__type_support.c.o[0m
[5.443s] [ 68%] [32m[1mLinking CXX shared library libnmea_msgs__rosidl_typesupport_c.so[0m
[5.474s] [ 69%] [32m[1mLinking C shared library libnmea_msgs__rosidl_typesupport_introspection_c.so[0m
[5.515s] [ 69%] Built target nmea_msgs__rosidl_typesupport_introspection_cpp
[5.560s] [ 69%] Built target nmea_msgs__rosidl_typesupport_c
[5.565s] [ 69%] Built target nmea_msgs__rosidl_typesupport_introspection_c
[5.640s] [ 69%] Built target nmea_msgs__rosidl_typesupport_fastrtps_cpp
[5.662s] [ 70%] [34m[1mGenerating C type support for eProsima Fast-RTPS[0m
[6.109s] [35m[1mScanning dependencies of target nmea_msgs__rosidl_typesupport_fastrtps_c[0m
[6.163s] [ 72%] [32mBuilding CXX object CMakeFiles/nmea_msgs__rosidl_typesupport_fastrtps_c.dir/rosidl_typesupport_fastrtps_c/nmea_msgs/msg/detail/sentence__type_support_c.cpp.o[0m
[6.164s] [ 73%] [32mBuilding CXX object CMakeFiles/nmea_msgs__rosidl_typesupport_fastrtps_c.dir/rosidl_typesupport_fastrtps_c/nmea_msgs/msg/detail/gpgsv__type_support_c.cpp.o[0m
[6.164s] [ 74%] [32mBuilding CXX object CMakeFiles/nmea_msgs__rosidl_typesupport_fastrtps_c.dir/rosidl_typesupport_fastrtps_c/nmea_msgs/msg/detail/gprmc__type_support_c.cpp.o[0m
[6.169s] [ 75%] [32mBuilding CXX object CMakeFiles/nmea_msgs__rosidl_typesupport_fastrtps_c.dir/rosidl_typesupport_fastrtps_c/nmea_msgs/msg/detail/gpgga__type_support_c.cpp.o[0m
[6.173s] [ 77%] [32mBuilding CXX object CMakeFiles/nmea_msgs__rosidl_typesupport_fastrtps_c.dir/rosidl_typesupport_fastrtps_c/nmea_msgs/msg/detail/gpgst__type_support_c.cpp.o[0m
[6.175s] [ 78%] [32mBuilding CXX object CMakeFiles/nmea_msgs__rosidl_typesupport_fastrtps_c.dir/rosidl_typesupport_fastrtps_c/nmea_msgs/msg/detail/gpgsa__type_support_c.cpp.o[0m
[6.175s] [ 79%] [32mBuilding CXX object CMakeFiles/nmea_msgs__rosidl_typesupport_fastrtps_c.dir/rosidl_typesupport_fastrtps_c/nmea_msgs/msg/detail/gpgsv_satellite__type_support_c.cpp.o[0m
[6.306s] [ 81%] [32m[1mLinking CXX shared library libnmea_msgs__rosidl_typesupport_fastrtps_c.so[0m
[6.490s] [ 81%] Built target nmea_msgs__rosidl_typesupport_fastrtps_c
[6.511s] [35m[1mScanning dependencies of target nmea_msgs[0m
[6.533s] [ 81%] Built target nmea_msgs
[6.554s] [35m[1mScanning dependencies of target nmea_msgs__py[0m
[6.575s] [ 82%] [34m[1mGenerating Python code for ROS interfaces[0m
[7.444s] [ 82%] Built target nmea_msgs__py
[7.467s] [35m[1mScanning dependencies of target nmea_msgs__python[0m
[7.589s] [ 83%] [32mBuilding C object CMakeFiles/nmea_msgs__python.dir/rosidl_generator_py/nmea_msgs/msg/_gpgsa_s.c.o[0m
[7.589s] [ 84%] [32mBuilding C object CMakeFiles/nmea_msgs__python.dir/rosidl_generator_py/nmea_msgs/msg/_gpgst_s.c.o[0m
[7.592s] [ 86%] [32mBuilding C object CMakeFiles/nmea_msgs__python.dir/rosidl_generator_py/nmea_msgs/msg/_sentence_s.c.o[0m
[7.594s] [ 87%] [32mBuilding C object CMakeFiles/nmea_msgs__python.dir/rosidl_generator_py/nmea_msgs/msg/_gpgsv_s.c.o[0m
[7.601s] [ 88%] [32mBuilding C object CMakeFiles/nmea_msgs__python.dir/rosidl_generator_py/nmea_msgs/msg/_gpgsv_satellite_s.c.o[0m
[7.603s] [ 89%] [32mBuilding C object CMakeFiles/nmea_msgs__python.dir/rosidl_generator_py/nmea_msgs/msg/_gpgga_s.c.o[0m
[7.610s] [ 91%] [32mBuilding C object CMakeFiles/nmea_msgs__python.dir/rosidl_generator_py/nmea_msgs/msg/_gprmc_s.c.o[0m
[7.649s] [ 92%] [32m[1mLinking C shared library rosidl_generator_py/nmea_msgs/libnmea_msgs__python.so[0m
[7.746s] [ 92%] Built target nmea_msgs__python
[7.767s] [35m[1mScanning dependencies of target nmea_msgs__rosidl_typesupport_c__pyext[0m
[7.767s] [35m[1mScanning dependencies of target nmea_msgs__rosidl_typesupport_introspection_c__pyext[0m
[7.767s] [35m[1mScanning dependencies of target nmea_msgs__rosidl_typesupport_fastrtps_c__pyext[0m
[7.820s] [ 93%] [32mBuilding C object CMakeFiles/nmea_msgs__rosidl_typesupport_c__pyext.dir/rosidl_generator_py/nmea_msgs/_nmea_msgs_s.ep.rosidl_typesupport_c.c.o[0m
[7.820s] [ 94%] [32mBuilding C object CMakeFiles/nmea_msgs__rosidl_typesupport_introspection_c__pyext.dir/rosidl_generator_py/nmea_msgs/_nmea_msgs_s.ep.rosidl_typesupport_introspection_c.c.o[0m
[7.820s] [ 96%] [32mBuilding C object CMakeFiles/nmea_msgs__rosidl_typesupport_fastrtps_c__pyext.dir/rosidl_generator_py/nmea_msgs/_nmea_msgs_s.ep.rosidl_typesupport_fastrtps_c.c.o[0m
[7.855s] [ 97%] [32m[1mLinking CXX shared library rosidl_generator_py/nmea_msgs/nmea_msgs_s__rosidl_typesupport_fastrtps_c.cpython-38-x86_64-linux-gnu.so[0m
[7.857s] [ 98%] [32m[1mLinking C shared library rosidl_generator_py/nmea_msgs/nmea_msgs_s__rosidl_typesupport_c.cpython-38-x86_64-linux-gnu.so[0m
[7.874s] [100%] [32m[1mLinking C shared library rosidl_generator_py/nmea_msgs/nmea_msgs_s__rosidl_typesupport_introspection_c.cpython-38-x86_64-linux-gnu.so[0m
[7.951s] [100%] Built target nmea_msgs__rosidl_typesupport_c__pyext
[7.975s] [100%] Built target nmea_msgs__rosidl_typesupport_introspection_c__pyext
[8.010s] [100%] Built target nmea_msgs__rosidl_typesupport_fastrtps_c__pyext
[8.032s] Invoked command in '/home/ccl/UAV/ROS2/build/nmea_msgs' returned '0': CMAKE_PREFIX_PATH=${CMAKE_PREFIX_PATH}:/home/ccl/UAV/ROS2/install/tf_converter:/home/ccl/UAV/ROS2/install/object_detector:/home/ccl/UAV/ROS2/install/gps_handler:/home/ccl/UAV/ROS2/install/ctrl_relayer:/home/ccl/UAV/ROS2/install/cmd_handler:/opt/ros/galactic /usr/bin/cmake --build /home/ccl/UAV/ROS2/build/nmea_msgs -- -j8 -l8
[8.458s] Invoking command in '/home/ccl/UAV/ROS2/build/nmea_msgs': CMAKE_PREFIX_PATH=${CMAKE_PREFIX_PATH}:/home/ccl/UAV/ROS2/install/tf_converter:/home/ccl/UAV/ROS2/install/object_detector:/home/ccl/UAV/ROS2/install/gps_handler:/home/ccl/UAV/ROS2/install/ctrl_relayer:/home/ccl/UAV/ROS2/install/cmd_handler:/opt/ros/galactic /usr/bin/cmake --install /home/ccl/UAV/ROS2/build/nmea_msgs
[8.471s] -- Install configuration: ""
[8.472s] -- Installing: /home/ccl/UAV/ROS2/install/nmea_msgs/share/ament_index/resource_index/rosidl_interfaces/nmea_msgs
[8.472s] -- Installing: /home/ccl/UAV/ROS2/install/nmea_msgs/include/nmea_msgs
[8.472s] -- Installing: /home/ccl/UAV/ROS2/install/nmea_msgs/include/nmea_msgs/msg
[8.473s] -- Installing: /home/ccl/UAV/ROS2/install/nmea_msgs/include/nmea_msgs/msg/gpgst.h
[8.473s] -- Installing: /home/ccl/UAV/ROS2/install/nmea_msgs/include/nmea_msgs/msg/gpgsv_satellite.h
[8.473s] -- Installing: /home/ccl/UAV/ROS2/install/nmea_msgs/include/nmea_msgs/msg/sentence.h
[8.473s] -- Installing: /home/ccl/UAV/ROS2/install/nmea_msgs/include/nmea_msgs/msg/detail
[8.474s] -- Installing: /home/ccl/UAV/ROS2/install/nmea_msgs/include/nmea_msgs/msg/detail/gpgsa__functions.h
[8.474s] -- Installing: /home/ccl/UAV/ROS2/install/nmea_msgs/include/nmea_msgs/msg/detail/gpgsa__struct.h
[8.474s] -- Installing: /home/ccl/UAV/ROS2/install/nmea_msgs/include/nmea_msgs/msg/detail/sentence__functions.h
[8.474s] -- Installing: /home/ccl/UAV/ROS2/install/nmea_msgs/include/nmea_msgs/msg/detail/sentence__functions.c
[8.474s] -- Installing: /home/ccl/UAV/ROS2/install/nmea_msgs/include/nmea_msgs/msg/detail/gpgsv_satellite__functions.h
[8.474s] -- Installing: /home/ccl/UAV/ROS2/install/nmea_msgs/include/nmea_msgs/msg/detail/gpgsv__functions.h
[8.475s] -- Installing: /home/ccl/UAV/ROS2/install/nmea_msgs/include/nmea_msgs/msg/detail/gprmc__type_support.h
[8.475s] -- Installing: /home/ccl/UAV/ROS2/install/nmea_msgs/include/nmea_msgs/msg/detail/gpgga__functions.h
[8.475s] -- Installing: /home/ccl/UAV/ROS2/install/nmea_msgs/include/nmea_msgs/msg/detail/gpgsv__struct.h
[8.475s] -- Installing: /home/ccl/UAV/ROS2/install/nmea_msgs/include/nmea_msgs/msg/detail/gpgsv__type_support.h
[8.476s] -- Installing: /home/ccl/UAV/ROS2/install/nmea_msgs/include/nmea_msgs/msg/detail/gpgga__struct.h
[8.476s] -- Installing: /home/ccl/UAV/ROS2/install/nmea_msgs/include/nmea_msgs/msg/detail/gprmc__struct.h
[8.476s] -- Installing: /home/ccl/UAV/ROS2/install/nmea_msgs/include/nmea_msgs/msg/detail/gprmc__functions.c
[8.476s] -- Installing: /home/ccl/UAV/ROS2/install/nmea_msgs/include/nmea_msgs/msg/detail/gpgsv_satellite__struct.h
[8.477s] -- Installing: /home/ccl/UAV/ROS2/install/nmea_msgs/include/nmea_msgs/msg/detail/gpgst__functions.h
[8.477s] -- Installing: /home/ccl/UAV/ROS2/install/nmea_msgs/include/nmea_msgs/msg/detail/gprmc__functions.h
[8.477s] -- Installing: /home/ccl/UAV/ROS2/install/nmea_msgs/include/nmea_msgs/msg/detail/gpgga__type_support.h
[8.477s] -- Installing: /home/ccl/UAV/ROS2/install/nmea_msgs/include/nmea_msgs/msg/detail/gpgsv__functions.c
[8.478s] -- Installing: /home/ccl/UAV/ROS2/install/nmea_msgs/include/nmea_msgs/msg/detail/gpgst__type_support.h
[8.478s] -- Installing: /home/ccl/UAV/ROS2/install/nmea_msgs/include/nmea_msgs/msg/detail/sentence__struct.h
[8.478s] -- Installing: /home/ccl/UAV/ROS2/install/nmea_msgs/include/nmea_msgs/msg/detail/gpgst__functions.c
[8.479s] -- Installing: /home/ccl/UAV/ROS2/install/nmea_msgs/include/nmea_msgs/msg/detail/gpgsa__functions.c
[8.479s] -- Installing: /home/ccl/UAV/ROS2/install/nmea_msgs/include/nmea_msgs/msg/detail/gpgsa__type_support.h
[8.479s] -- Installing: /home/ccl/UAV/ROS2/install/nmea_msgs/include/nmea_msgs/msg/detail/sentence__type_support.h
[8.479s] -- Installing: /home/ccl/UAV/ROS2/install/nmea_msgs/include/nmea_msgs/msg/detail/gpgsv_satellite__functions.c
[8.480s] -- Installing: /home/ccl/UAV/ROS2/install/nmea_msgs/include/nmea_msgs/msg/detail/gpgsv_satellite__type_support.h
[8.480s] -- Installing: /home/ccl/UAV/ROS2/install/nmea_msgs/include/nmea_msgs/msg/detail/gpgga__functions.c
[8.480s] -- Installing: /home/ccl/UAV/ROS2/install/nmea_msgs/include/nmea_msgs/msg/detail/gpgst__struct.h
[8.481s] -- Installing: /home/ccl/UAV/ROS2/install/nmea_msgs/include/nmea_msgs/msg/gpgsv.h
[8.481s] -- Installing: /home/ccl/UAV/ROS2/install/nmea_msgs/include/nmea_msgs/msg/gpgsa.h
[8.481s] -- Installing: /home/ccl/UAV/ROS2/install/nmea_msgs/include/nmea_msgs/msg/rosidl_generator_c__visibility_control.h
[8.481s] -- Installing: /home/ccl/UAV/ROS2/install/nmea_msgs/include/nmea_msgs/msg/gprmc.h
[8.482s] -- Installing: /home/ccl/UAV/ROS2/install/nmea_msgs/include/nmea_msgs/msg/gpgga.h
[8.482s] -- Installing: /home/ccl/UAV/ROS2/install/nmea_msgs/share/nmea_msgs/environment/library_path.sh
[8.482s] -- Installing: /home/ccl/UAV/ROS2/install/nmea_msgs/share/nmea_msgs/environment/library_path.dsv
[8.483s] -- Installing: /home/ccl/UAV/ROS2/install/nmea_msgs/lib/libnmea_msgs__rosidl_generator_c.so
[8.485s] -- Set runtime path of "/home/ccl/UAV/ROS2/install/nmea_msgs/lib/libnmea_msgs__rosidl_generator_c.so" to ""
[8.485s] -- Up-to-date: /home/ccl/UAV/ROS2/install/nmea_msgs/include/nmea_msgs
[8.485s] -- Up-to-date: /home/ccl/UAV/ROS2/install/nmea_msgs/include/nmea_msgs/msg
[8.486s] -- Installing: /home/ccl/UAV/ROS2/install/nmea_msgs/include/nmea_msgs/msg/rosidl_typesupport_fastrtps_c__visibility_control.h
[8.486s] -- Up-to-date: /home/ccl/UAV/ROS2/install/nmea_msgs/include/nmea_msgs/msg/detail
[8.486s] -- Installing: /home/ccl/UAV/ROS2/install/nmea_msgs/include/nmea_msgs/msg/detail/gpgsa__rosidl_typesupport_fastrtps_c.h
[8.486s] -- Installing: /home/ccl/UAV/ROS2/install/nmea_msgs/include/nmea_msgs/msg/detail/gprmc__rosidl_typesupport_fastrtps_c.h
[8.487s] -- Installing: /home/ccl/UAV/ROS2/install/nmea_msgs/include/nmea_msgs/msg/detail/gpgst__rosidl_typesupport_fastrtps_c.h
[8.487s] -- Installing: /home/ccl/UAV/ROS2/install/nmea_msgs/include/nmea_msgs/msg/detail/gpgga__rosidl_typesupport_fastrtps_c.h
[8.487s] -- Installing: /home/ccl/UAV/ROS2/install/nmea_msgs/include/nmea_msgs/msg/detail/gpgsv_satellite__rosidl_typesupport_fastrtps_c.h
[8.487s] -- Installing: /home/ccl/UAV/ROS2/install/nmea_msgs/include/nmea_msgs/msg/detail/sentence__rosidl_typesupport_fastrtps_c.h
[8.488s] -- Installing: /home/ccl/UAV/ROS2/install/nmea_msgs/include/nmea_msgs/msg/detail/gpgsv__rosidl_typesupport_fastrtps_c.h
[8.488s] -- Installing: /home/ccl/UAV/ROS2/install/nmea_msgs/lib/libnmea_msgs__rosidl_typesupport_fastrtps_c.so
[8.490s] -- Set runtime path of "/home/ccl/UAV/ROS2/install/nmea_msgs/lib/libnmea_msgs__rosidl_typesupport_fastrtps_c.so" to ""
[8.491s] -- Up-to-date: /home/ccl/UAV/ROS2/install/nmea_msgs/include/nmea_msgs
[8.491s] -- Up-to-date: /home/ccl/UAV/ROS2/install/nmea_msgs/include/nmea_msgs/msg
[8.491s] -- Up-to-date: /home/ccl/UAV/ROS2/install/nmea_msgs/include/nmea_msgs/msg/detail
[8.491s] -- Installing: /home/ccl/UAV/ROS2/install/nmea_msgs/include/nmea_msgs/msg/detail/gpgsv__rosidl_typesupport_fastrtps_cpp.hpp
[8.491s] -- Installing: /home/ccl/UAV/ROS2/install/nmea_msgs/include/nmea_msgs/msg/detail/gprmc__rosidl_typesupport_fastrtps_cpp.hpp
[8.491s] -- Installing: /home/ccl/UAV/ROS2/install/nmea_msgs/include/nmea_msgs/msg/detail/gpgst__rosidl_typesupport_fastrtps_cpp.hpp
[8.492s] -- Installing: /home/ccl/UAV/ROS2/install/nmea_msgs/include/nmea_msgs/msg/detail/dds_fastrtps
[8.492s] -- Installing: /home/ccl/UAV/ROS2/install/nmea_msgs/include/nmea_msgs/msg/detail/gpgga__rosidl_typesupport_fastrtps_cpp.hpp
[8.492s] -- Installing: /home/ccl/UAV/ROS2/install/nmea_msgs/include/nmea_msgs/msg/detail/sentence__rosidl_typesupport_fastrtps_cpp.hpp
[8.492s] -- Installing: /home/ccl/UAV/ROS2/install/nmea_msgs/include/nmea_msgs/msg/detail/gpgsa__rosidl_typesupport_fastrtps_cpp.hpp
[8.493s] -- Installing: /home/ccl/UAV/ROS2/install/nmea_msgs/include/nmea_msgs/msg/detail/gpgsv_satellite__rosidl_typesupport_fastrtps_cpp.hpp
[8.493s] -- Installing: /home/ccl/UAV/ROS2/install/nmea_msgs/include/nmea_msgs/msg/rosidl_typesupport_fastrtps_cpp__visibility_control.h
[8.493s] -- Installing: /home/ccl/UAV/ROS2/install/nmea_msgs/lib/libnmea_msgs__rosidl_typesupport_fastrtps_cpp.so
[8.496s] -- Set runtime path of "/home/ccl/UAV/ROS2/install/nmea_msgs/lib/libnmea_msgs__rosidl_typesupport_fastrtps_cpp.so" to ""
[8.496s] -- Up-to-date: /home/ccl/UAV/ROS2/install/nmea_msgs/include/nmea_msgs
[8.496s] -- Up-to-date: /home/ccl/UAV/ROS2/install/nmea_msgs/include/nmea_msgs/msg
[8.496s] -- Installing: /home/ccl/UAV/ROS2/install/nmea_msgs/include/nmea_msgs/msg/rosidl_typesupport_introspection_c__visibility_control.h
[8.496s] -- Up-to-date: /home/ccl/UAV/ROS2/install/nmea_msgs/include/nmea_msgs/msg/detail
[8.496s] -- Installing: /home/ccl/UAV/ROS2/install/nmea_msgs/include/nmea_msgs/msg/detail/sentence__type_support.c
[8.497s] -- Installing: /home/ccl/UAV/ROS2/install/nmea_msgs/include/nmea_msgs/msg/detail/sentence__rosidl_typesupport_introspection_c.h
[8.497s] -- Installing: /home/ccl/UAV/ROS2/install/nmea_msgs/include/nmea_msgs/msg/detail/gpgsv__rosidl_typesupport_introspection_c.h
[8.497s] -- Installing: /home/ccl/UAV/ROS2/install/nmea_msgs/include/nmea_msgs/msg/detail/gpgst__rosidl_typesupport_introspection_c.h
[8.497s] -- Installing: /home/ccl/UAV/ROS2/install/nmea_msgs/include/nmea_msgs/msg/detail/gpgst__type_support.c
[8.498s] -- Installing: /home/ccl/UAV/ROS2/install/nmea_msgs/include/nmea_msgs/msg/detail/gpgga__rosidl_typesupport_introspection_c.h
[8.498s] -- Installing: /home/ccl/UAV/ROS2/install/nmea_msgs/include/nmea_msgs/msg/detail/gprmc__rosidl_typesupport_introspection_c.h
[8.498s] -- Installing: /home/ccl/UAV/ROS2/install/nmea_msgs/include/nmea_msgs/msg/detail/gpgsa__rosidl_typesupport_introspection_c.h
[8.498s] -- Installing: /home/ccl/UAV/ROS2/install/nmea_msgs/include/nmea_msgs/msg/detail/gpgsa__type_support.c
[8.499s] -- Installing: /home/ccl/UAV/ROS2/install/nmea_msgs/include/nmea_msgs/msg/detail/gpgsv_satellite__type_support.c
[8.499s] -- Installing: /home/ccl/UAV/ROS2/install/nmea_msgs/include/nmea_msgs/msg/detail/gprmc__type_support.c
[8.500s] -- Installing: /home/ccl/UAV/ROS2/install/nmea_msgs/include/nmea_msgs/msg/detail/gpgsv_satellite__rosidl_typesupport_introspection_c.h
[8.500s] -- Installing: /home/ccl/UAV/ROS2/install/nmea_msgs/include/nmea_msgs/msg/detail/gpgga__type_support.c
[8.500s] -- Installing: /home/ccl/UAV/ROS2/install/nmea_msgs/include/nmea_msgs/msg/detail/gpgsv__type_support.c
[8.500s] -- Installing: /home/ccl/UAV/ROS2/install/nmea_msgs/lib/libnmea_msgs__rosidl_typesupport_introspection_c.so
[8.502s] -- Set runtime path of "/home/ccl/UAV/ROS2/install/nmea_msgs/lib/libnmea_msgs__rosidl_typesupport_introspection_c.so" to ""
[8.503s] -- Installing: /home/ccl/UAV/ROS2/install/nmea_msgs/lib/libnmea_msgs__rosidl_typesupport_c.so
[8.504s] -- Set runtime path of "/home/ccl/UAV/ROS2/install/nmea_msgs/lib/libnmea_msgs__rosidl_typesupport_c.so" to ""
[8.504s] -- Up-to-date: /home/ccl/UAV/ROS2/install/nmea_msgs/include/nmea_msgs
[8.504s] -- Up-to-date: /home/ccl/UAV/ROS2/install/nmea_msgs/include/nmea_msgs/msg
[8.505s] -- Installing: /home/ccl/UAV/ROS2/install/nmea_msgs/include/nmea_msgs/msg/sentence.hpp
[8.505s] -- Installing: /home/ccl/UAV/ROS2/install/nmea_msgs/include/nmea_msgs/msg/gpgsv_satellite.hpp
[8.505s] -- Installing: /home/ccl/UAV/ROS2/install/nmea_msgs/include/nmea_msgs/msg/gpgsa.hpp
[8.505s] -- Installing: /home/ccl/UAV/ROS2/install/nmea_msgs/include/nmea_msgs/msg/gprmc.hpp
[8.506s] -- Up-to-date: /home/ccl/UAV/ROS2/install/nmea_msgs/include/nmea_msgs/msg/detail
[8.506s] -- Installing: /home/ccl/UAV/ROS2/install/nmea_msgs/include/nmea_msgs/msg/detail/sentence__traits.hpp
[8.506s] -- Installing: /home/ccl/UAV/ROS2/install/nmea_msgs/include/nmea_msgs/msg/detail/gpgsv__traits.hpp
[8.506s] -- Installing: /home/ccl/UAV/ROS2/install/nmea_msgs/include/nmea_msgs/msg/detail/gprmc__builder.hpp
[8.506s] -- Installing: /home/ccl/UAV/ROS2/install/nmea_msgs/include/nmea_msgs/msg/detail/sentence__struct.hpp
[8.507s] -- Installing: /home/ccl/UAV/ROS2/install/nmea_msgs/include/nmea_msgs/msg/detail/gpgga__traits.hpp
[8.507s] -- Installing: /home/ccl/UAV/ROS2/install/nmea_msgs/include/nmea_msgs/msg/detail/gprmc__struct.hpp
[8.507s] -- Installing: /home/ccl/UAV/ROS2/install/nmea_msgs/include/nmea_msgs/msg/detail/gpgsa__traits.hpp
[8.507s] -- Installing: /home/ccl/UAV/ROS2/install/nmea_msgs/include/nmea_msgs/msg/detail/gprmc__traits.hpp
[8.508s] -- Installing: /home/ccl/UAV/ROS2/install/nmea_msgs/include/nmea_msgs/msg/detail/gpgst__traits.hpp
[8.508s] -- Installing: /home/ccl/UAV/ROS2/install/nmea_msgs/include/nmea_msgs/msg/detail/gpgsv_satellite__struct.hpp
[8.508s] -- Installing: /home/ccl/UAV/ROS2/install/nmea_msgs/include/nmea_msgs/msg/detail/gpgsv_satellite__traits.hpp
[8.509s] -- Installing: /home/ccl/UAV/ROS2/install/nmea_msgs/include/nmea_msgs/msg/detail/gpgsv__struct.hpp
[8.509s] -- Installing: /home/ccl/UAV/ROS2/install/nmea_msgs/include/nmea_msgs/msg/detail/sentence__builder.hpp
[8.510s] -- Installing: /home/ccl/UAV/ROS2/install/nmea_msgs/include/nmea_msgs/msg/detail/gpgst__builder.hpp
[8.510s] -- Installing: /home/ccl/UAV/ROS2/install/nmea_msgs/include/nmea_msgs/msg/detail/gpgsv__builder.hpp
[8.510s] -- Installing: /home/ccl/UAV/ROS2/install/nmea_msgs/include/nmea_msgs/msg/detail/gpgsa__struct.hpp
[8.510s] -- Installing: /home/ccl/UAV/ROS2/install/nmea_msgs/include/nmea_msgs/msg/detail/gpgga__struct.hpp
[8.511s] -- Installing: /home/ccl/UAV/ROS2/install/nmea_msgs/include/nmea_msgs/msg/detail/gpgsa__builder.hpp
[8.511s] -- Installing: /home/ccl/UAV/ROS2/install/nmea_msgs/include/nmea_msgs/msg/detail/gpgst__struct.hpp
[8.511s] -- Installing: /home/ccl/UAV/ROS2/install/nmea_msgs/include/nmea_msgs/msg/detail/gpgsv_satellite__builder.hpp
[8.512s] -- Installing: /home/ccl/UAV/ROS2/install/nmea_msgs/include/nmea_msgs/msg/detail/gpgga__builder.hpp
[8.512s] -- Installing: /home/ccl/UAV/ROS2/install/nmea_msgs/include/nmea_msgs/msg/gpgsv.hpp
[8.512s] -- Installing: /home/ccl/UAV/ROS2/install/nmea_msgs/include/nmea_msgs/msg/gpgga.hpp
[8.513s] -- Installing: /home/ccl/UAV/ROS2/install/nmea_msgs/include/nmea_msgs/msg/gpgst.hpp
[8.513s] -- Up-to-date: /home/ccl/UAV/ROS2/install/nmea_msgs/include/nmea_msgs
[8.514s] -- Up-to-date: /home/ccl/UAV/ROS2/install/nmea_msgs/include/nmea_msgs/msg
[8.514s] -- Up-to-date: /home/ccl/UAV/ROS2/install/nmea_msgs/include/nmea_msgs/msg/detail
[8.514s] -- Installing: /home/ccl/UAV/ROS2/install/nmea_msgs/include/nmea_msgs/msg/detail/gpgst__type_support.cpp
[8.514s] -- Installing: /home/ccl/UAV/ROS2/install/nmea_msgs/include/nmea_msgs/msg/detail/gpgst__rosidl_typesupport_introspection_cpp.hpp
[8.514s] -- Installing: /home/ccl/UAV/ROS2/install/nmea_msgs/include/nmea_msgs/msg/detail/gprmc__type_support.cpp
[8.514s] -- Installing: /home/ccl/UAV/ROS2/install/nmea_msgs/include/nmea_msgs/msg/detail/gpgsv__type_support.cpp
[8.515s] -- Installing: /home/ccl/UAV/ROS2/install/nmea_msgs/include/nmea_msgs/msg/detail/gpgsa__rosidl_typesupport_introspection_cpp.hpp
[8.515s] -- Installing: /home/ccl/UAV/ROS2/install/nmea_msgs/include/nmea_msgs/msg/detail/sentence__type_support.cpp
[8.515s] -- Installing: /home/ccl/UAV/ROS2/install/nmea_msgs/include/nmea_msgs/msg/detail/gpgsv_satellite__rosidl_typesupport_introspection_cpp.hpp
[8.515s] -- Installing: /home/ccl/UAV/ROS2/install/nmea_msgs/include/nmea_msgs/msg/detail/sentence__rosidl_typesupport_introspection_cpp.hpp
[8.516s] -- Installing: /home/ccl/UAV/ROS2/install/nmea_msgs/include/nmea_msgs/msg/detail/gpgga__type_support.cpp
[8.516s] -- Installing: /home/ccl/UAV/ROS2/install/nmea_msgs/include/nmea_msgs/msg/detail/gpgga__rosidl_typesupport_introspection_cpp.hpp
[8.516s] -- Installing: /home/ccl/UAV/ROS2/install/nmea_msgs/include/nmea_msgs/msg/detail/gprmc__rosidl_typesupport_introspection_cpp.hpp
[8.517s] -- Installing: /home/ccl/UAV/ROS2/install/nmea_msgs/include/nmea_msgs/msg/detail/gpgsv_satellite__type_support.cpp
[8.517s] -- Installing: /home/ccl/UAV/ROS2/install/nmea_msgs/include/nmea_msgs/msg/detail/gpgsv__rosidl_typesupport_introspection_cpp.hpp
[8.517s] -- Installing: /home/ccl/UAV/ROS2/install/nmea_msgs/include/nmea_msgs/msg/detail/gpgsa__type_support.cpp
[8.518s] -- Installing: /home/ccl/UAV/ROS2/install/nmea_msgs/lib/libnmea_msgs__rosidl_typesupport_introspection_cpp.so
[8.520s] -- Set runtime path of "/home/ccl/UAV/ROS2/install/nmea_msgs/lib/libnmea_msgs__rosidl_typesupport_introspection_cpp.so" to ""
[8.520s] -- Installing: /home/ccl/UAV/ROS2/install/nmea_msgs/lib/libnmea_msgs__rosidl_typesupport_cpp.so
[8.522s] -- Set runtime path of "/home/ccl/UAV/ROS2/install/nmea_msgs/lib/libnmea_msgs__rosidl_typesupport_cpp.so" to ""
[8.522s] -- Installing: /home/ccl/UAV/ROS2/install/nmea_msgs/share/nmea_msgs/environment/pythonpath.sh
[8.522s] -- Installing: /home/ccl/UAV/ROS2/install/nmea_msgs/share/nmea_msgs/environment/pythonpath.dsv
[8.522s] -- Installing: /home/ccl/UAV/ROS2/install/nmea_msgs/lib/python3.8/site-packages/nmea_msgs/__init__.py
[8.566s] Compiling '/home/ccl/UAV/ROS2/install/nmea_msgs/lib/python3.8/site-packages/nmea_msgs/__init__.py'...
[8.569s] -- Installing: /home/ccl/UAV/ROS2/install/nmea_msgs/lib/python3.8/site-packages/nmea_msgs/msg
[8.569s] -- Installing: /home/ccl/UAV/ROS2/install/nmea_msgs/lib/python3.8/site-packages/nmea_msgs/msg/_gpgsv_satellite_s.c
[8.569s] -- Installing: /home/ccl/UAV/ROS2/install/nmea_msgs/lib/python3.8/site-packages/nmea_msgs/msg/_gpgst.py
[8.569s] -- Installing: /home/ccl/UAV/ROS2/install/nmea_msgs/lib/python3.8/site-packages/nmea_msgs/msg/_gpgsv.py
[8.570s] -- Installing: /home/ccl/UAV/ROS2/install/nmea_msgs/lib/python3.8/site-packages/nmea_msgs/msg/__init__.py
[8.570s] -- Installing: /home/ccl/UAV/ROS2/install/nmea_msgs/lib/python3.8/site-packages/nmea_msgs/msg/_gpgga_s.c
[8.570s] -- Installing: /home/ccl/UAV/ROS2/install/nmea_msgs/lib/python3.8/site-packages/nmea_msgs/msg/_gpgsv_satellite.py
[8.570s] -- Installing: /home/ccl/UAV/ROS2/install/nmea_msgs/lib/python3.8/site-packages/nmea_msgs/msg/_gpgsv_s.c
[8.571s] -- Installing: /home/ccl/UAV/ROS2/install/nmea_msgs/lib/python3.8/site-packages/nmea_msgs/msg/_sentence_s.c
[8.571s] -- Installing: /home/ccl/UAV/ROS2/install/nmea_msgs/lib/python3.8/site-packages/nmea_msgs/msg/_sentence.py
[8.571s] -- Installing: /home/ccl/UAV/ROS2/install/nmea_msgs/lib/python3.8/site-packages/nmea_msgs/msg/_gprmc.py
[8.571s] -- Installing: /home/ccl/UAV/ROS2/install/nmea_msgs/lib/python3.8/site-packages/nmea_msgs/msg/_gpgsa.py
[8.572s] -- Installing: /home/ccl/UAV/ROS2/install/nmea_msgs/lib/python3.8/site-packages/nmea_msgs/msg/_gprmc_s.c
[8.572s] -- Installing: /home/ccl/UAV/ROS2/install/nmea_msgs/lib/python3.8/site-packages/nmea_msgs/msg/_gpgsa_s.c
[8.572s] -- Installing: /home/ccl/UAV/ROS2/install/nmea_msgs/lib/python3.8/site-packages/nmea_msgs/msg/_gpgst_s.c
[8.573s] -- Installing: /home/ccl/UAV/ROS2/install/nmea_msgs/lib/python3.8/site-packages/nmea_msgs/msg/_gpgga.py
[8.573s] -- Installing: /home/ccl/UAV/ROS2/install/nmea_msgs/lib/python3.8/site-packages/nmea_msgs/nmea_msgs_s__rosidl_typesupport_fastrtps_c.cpython-38-x86_64-linux-gnu.so
[8.575s] -- Set runtime path of "/home/ccl/UAV/ROS2/install/nmea_msgs/lib/python3.8/site-packages/nmea_msgs/nmea_msgs_s__rosidl_typesupport_fastrtps_c.cpython-38-x86_64-linux-gnu.so" to ""
[8.575s] -- Installing: /home/ccl/UAV/ROS2/install/nmea_msgs/lib/python3.8/site-packages/nmea_msgs/nmea_msgs_s__rosidl_typesupport_introspection_c.cpython-38-x86_64-linux-gnu.so
[8.577s] -- Set runtime path of "/home/ccl/UAV/ROS2/install/nmea_msgs/lib/python3.8/site-packages/nmea_msgs/nmea_msgs_s__rosidl_typesupport_introspection_c.cpython-38-x86_64-linux-gnu.so" to ""
[8.577s] -- Installing: /home/ccl/UAV/ROS2/install/nmea_msgs/lib/python3.8/site-packages/nmea_msgs/nmea_msgs_s__rosidl_typesupport_c.cpython-38-x86_64-linux-gnu.so
[8.579s] -- Set runtime path of "/home/ccl/UAV/ROS2/install/nmea_msgs/lib/python3.8/site-packages/nmea_msgs/nmea_msgs_s__rosidl_typesupport_c.cpython-38-x86_64-linux-gnu.so" to ""
[8.579s] -- Installing: /home/ccl/UAV/ROS2/install/nmea_msgs/lib/libnmea_msgs__python.so
[8.582s] -- Set runtime path of "/home/ccl/UAV/ROS2/install/nmea_msgs/lib/libnmea_msgs__python.so" to ""
[8.582s] -- Installing: /home/ccl/UAV/ROS2/install/nmea_msgs/share/nmea_msgs/msg/Sentence.idl
[8.582s] -- Installing: /home/ccl/UAV/ROS2/install/nmea_msgs/share/nmea_msgs/msg/Gpgga.idl
[8.582s] -- Installing: /home/ccl/UAV/ROS2/install/nmea_msgs/share/nmea_msgs/msg/Gpgsa.idl
[8.583s] -- Installing: /home/ccl/UAV/ROS2/install/nmea_msgs/share/nmea_msgs/msg/Gpgst.idl
[8.583s] -- Installing: /home/ccl/UAV/ROS2/install/nmea_msgs/share/nmea_msgs/msg/Gpgsv.idl
[8.583s] -- Installing: /home/ccl/UAV/ROS2/install/nmea_msgs/share/nmea_msgs/msg/GpgsvSatellite.idl
[8.584s] -- Installing: /home/ccl/UAV/ROS2/install/nmea_msgs/share/nmea_msgs/msg/Gprmc.idl
[8.584s] -- Installing: /home/ccl/UAV/ROS2/install/nmea_msgs/share/nmea_msgs/msg/Sentence.msg
[8.584s] -- Installing: /home/ccl/UAV/ROS2/install/nmea_msgs/share/nmea_msgs/msg/Gpgga.msg
[8.585s] -- Installing: /home/ccl/UAV/ROS2/install/nmea_msgs/share/nmea_msgs/msg/Gpgsa.msg
[8.587s] -- Installing: /home/ccl/UAV/ROS2/install/nmea_msgs/share/nmea_msgs/msg/Gpgst.msg
[8.587s] -- Installing: /home/ccl/UAV/ROS2/install/nmea_msgs/share/nmea_msgs/msg/Gpgsv.msg
[8.587s] -- Installing: /home/ccl/UAV/ROS2/install/nmea_msgs/share/nmea_msgs/msg/GpgsvSatellite.msg
[8.588s] -- Installing: /home/ccl/UAV/ROS2/install/nmea_msgs/share/nmea_msgs/msg/Gprmc.msg
[8.588s] -- Installing: /home/ccl/UAV/ROS2/install/nmea_msgs/share/ament_index/resource_index/package_run_dependencies/nmea_msgs
[8.589s] -- Installing: /home/ccl/UAV/ROS2/install/nmea_msgs/share/ament_index/resource_index/parent_prefix_path/nmea_msgs
[8.589s] -- Installing: /home/ccl/UAV/ROS2/install/nmea_msgs/share/nmea_msgs/environment/ament_prefix_path.sh
[8.590s] -- Installing: /home/ccl/UAV/ROS2/install/nmea_msgs/share/nmea_msgs/environment/ament_prefix_path.dsv
[8.591s] -- Installing: /home/ccl/UAV/ROS2/install/nmea_msgs/share/nmea_msgs/environment/path.sh
[8.591s] -- Installing: /home/ccl/UAV/ROS2/install/nmea_msgs/share/nmea_msgs/environment/path.dsv
[8.591s] -- Installing: /home/ccl/UAV/ROS2/install/nmea_msgs/share/nmea_msgs/local_setup.bash
[8.592s] -- Installing: /home/ccl/UAV/ROS2/install/nmea_msgs/share/nmea_msgs/local_setup.sh
[8.592s] -- Installing: /home/ccl/UAV/ROS2/install/nmea_msgs/share/nmea_msgs/local_setup.zsh
[8.592s] -- Installing: /home/ccl/UAV/ROS2/install/nmea_msgs/share/nmea_msgs/local_setup.dsv
[8.593s] -- Installing: /home/ccl/UAV/ROS2/install/nmea_msgs/share/nmea_msgs/package.dsv
[8.593s] -- Installing: /home/ccl/UAV/ROS2/install/nmea_msgs/share/ament_index/resource_index/packages/nmea_msgs
[8.594s] -- Installing: /home/ccl/UAV/ROS2/install/nmea_msgs/share/nmea_msgs/cmake/nmea_msgs__rosidl_generator_cExport.cmake
[8.594s] -- Installing: /home/ccl/UAV/ROS2/install/nmea_msgs/share/nmea_msgs/cmake/nmea_msgs__rosidl_generator_cExport-noconfig.cmake
[8.594s] -- Installing: /home/ccl/UAV/ROS2/install/nmea_msgs/share/nmea_msgs/cmake/nmea_msgs__rosidl_typesupport_introspection_cExport.cmake
[8.595s] -- Installing: /home/ccl/UAV/ROS2/install/nmea_msgs/share/nmea_msgs/cmake/nmea_msgs__rosidl_typesupport_introspection_cExport-noconfig.cmake
[8.595s] -- Installing: /home/ccl/UAV/ROS2/install/nmea_msgs/share/nmea_msgs/cmake/nmea_msgs__rosidl_typesupport_cExport.cmake
[8.595s] -- Installing: /home/ccl/UAV/ROS2/install/nmea_msgs/share/nmea_msgs/cmake/nmea_msgs__rosidl_typesupport_cExport-noconfig.cmake
[8.596s] -- Installing: /home/ccl/UAV/ROS2/install/nmea_msgs/share/nmea_msgs/cmake/nmea_msgs__rosidl_generator_cppExport.cmake
[8.596s] -- Installing: /home/ccl/UAV/ROS2/install/nmea_msgs/share/nmea_msgs/cmake/nmea_msgs__rosidl_typesupport_introspection_cppExport.cmake
[8.597s] -- Installing: /home/ccl/UAV/ROS2/install/nmea_msgs/share/nmea_msgs/cmake/nmea_msgs__rosidl_typesupport_introspection_cppExport-noconfig.cmake
[8.597s] -- Installing: /home/ccl/UAV/ROS2/install/nmea_msgs/share/nmea_msgs/cmake/nmea_msgs__rosidl_typesupport_cppExport.cmake
[8.597s] -- Installing: /home/ccl/UAV/ROS2/install/nmea_msgs/share/nmea_msgs/cmake/nmea_msgs__rosidl_typesupport_cppExport-noconfig.cmake
[8.598s] -- Installing: /home/ccl/UAV/ROS2/install/nmea_msgs/share/nmea_msgs/cmake/rosidl_cmake-extras.cmake
[8.598s] -- Installing: /home/ccl/UAV/ROS2/install/nmea_msgs/share/nmea_msgs/cmake/ament_cmake_export_dependencies-extras.cmake
[8.598s] -- Installing: /home/ccl/UAV/ROS2/install/nmea_msgs/share/nmea_msgs/cmake/ament_cmake_export_libraries-extras.cmake
[8.599s] -- Installing: /home/ccl/UAV/ROS2/install/nmea_msgs/share/nmea_msgs/cmake/ament_cmake_export_targets-extras.cmake
[8.599s] -- Installing: /home/ccl/UAV/ROS2/install/nmea_msgs/share/nmea_msgs/cmake/ament_cmake_export_include_directories-extras.cmake
[8.599s] -- Installing: /home/ccl/UAV/ROS2/install/nmea_msgs/share/nmea_msgs/cmake/rosidl_cmake_export_typesupport_libraries-extras.cmake
[8.600s] -- Installing: /home/ccl/UAV/ROS2/install/nmea_msgs/share/nmea_msgs/cmake/rosidl_cmake_export_typesupport_targets-extras.cmake
[8.600s] -- Installing: /home/ccl/UAV/ROS2/install/nmea_msgs/share/nmea_msgs/cmake/nmea_msgsConfig.cmake
[8.601s] -- Installing: /home/ccl/UAV/ROS2/install/nmea_msgs/share/nmea_msgs/cmake/nmea_msgsConfig-version.cmake
[8.601s] -- Installing: /home/ccl/UAV/ROS2/install/nmea_msgs/share/nmea_msgs/package.xml
[8.606s] Invoked command in '/home/ccl/UAV/ROS2/build/nmea_msgs' returned '0': CMAKE_PREFIX_PATH=${CMAKE_PREFIX_PATH}:/home/ccl/UAV/ROS2/install/tf_converter:/home/ccl/UAV/ROS2/install/object_detector:/home/ccl/UAV/ROS2/install/gps_handler:/home/ccl/UAV/ROS2/install/ctrl_relayer:/home/ccl/UAV/ROS2/install/cmd_handler:/opt/ros/galactic /usr/bin/cmake --install /home/ccl/UAV/ROS2/build/nmea_msgs
