[1.171s] Invoking command in '/home/ccl/UAV/ROS2/gps_handler': PYTHONPATH=/home/ccl/UAV/ROS2/build/gps_handler/prefix_override:/home/ccl/UAV/ROS2/install/gps_handler/lib/python3.8/site-packages:/home/ccl/UAV/ROS2/install/nmea_msgs/lib/python3.8/site-packages:/home/ccl/UAV/ROS2/install/tf_converter/lib/python3.8/site-packages:/home/ccl/UAV/ROS2/install/object_detector/lib/python3.8/site-packages:/home/ccl/UAV/ROS2/install/gps_handler/lib/python3.8/site-packages:/home/ccl/UAV/ROS2/install/ctrl_relayer/lib/python3.8/site-packages:/home/ccl/UAV/ROS2/install/cmd_handler/lib/python3.8/site-packages:/opt/ros/galactic/lib/python3.8/site-packages /usr/bin/python3 -W ignore:setup.py install is deprecated setup.py egg_info --egg-base ../build/gps_handler build --build-base /home/ccl/UAV/ROS2/build/gps_handler/build install --record /home/ccl/UAV/ROS2/build/gps_handler/install.log --single-version-externally-managed install_data
[1.494s] running egg_info
[1.494s] creating ../build/gps_handler/gps_handler.egg-info
[1.521s] writing ../build/gps_handler/gps_handler.egg-info/PKG-INFO
[1.522s] writing dependency_links to ../build/gps_handler/gps_handler.egg-info/dependency_links.txt
[1.522s] writing entry points to ../build/gps_handler/gps_handler.egg-info/entry_points.txt
[1.523s] writing requirements to ../build/gps_handler/gps_handler.egg-info/requires.txt
[1.523s] writing top-level names to ../build/gps_handler/gps_handler.egg-info/top_level.txt
[1.684s] writing manifest file '../build/gps_handler/gps_handler.egg-info/SOURCES.txt'
[1.735s] reading manifest file '../build/gps_handler/gps_handler.egg-info/SOURCES.txt'
[1.736s] writing manifest file '../build/gps_handler/gps_handler.egg-info/SOURCES.txt'
[1.737s] running build
[1.738s] running build_py
[1.738s] creating /home/ccl/UAV/ROS2/build/gps_handler/build
[1.739s] creating /home/ccl/UAV/ROS2/build/gps_handler/build/lib
[1.739s] creating /home/ccl/UAV/ROS2/build/gps_handler/build/lib/gps_handler
[1.739s] copying gps_handler/__init__.py -> /home/ccl/UAV/ROS2/build/gps_handler/build/lib/gps_handler
[1.740s] copying gps_handler/parser.py -> /home/ccl/UAV/ROS2/build/gps_handler/build/lib/gps_handler
[1.740s] copying gps_handler/checksum_utils.py -> /home/ccl/UAV/ROS2/build/gps_handler/build/lib/gps_handler
[1.740s] copying gps_handler/driver.py -> /home/ccl/UAV/ROS2/build/gps_handler/build/lib/gps_handler
[1.740s] creating /home/ccl/UAV/ROS2/build/gps_handler/build/lib/gps_handler/nodes
[1.740s] copying gps_handler/nodes/nmea_serial_driver.py -> /home/ccl/UAV/ROS2/build/gps_handler/build/lib/gps_handler/nodes
[1.740s] copying gps_handler/nodes/__init__.py -> /home/ccl/UAV/ROS2/build/gps_handler/build/lib/gps_handler/nodes
[1.740s] copying gps_handler/nodes/gps_path.py -> /home/ccl/UAV/ROS2/build/gps_handler/build/lib/gps_handler/nodes
[1.740s] running install
[1.743s] running install_lib
[1.768s] creating /home/ccl/UAV/ROS2/install/gps_handler/lib/python3.8/site-packages/gps_handler
[1.768s] creating /home/ccl/UAV/ROS2/install/gps_handler/lib/python3.8/site-packages/gps_handler/nodes
[1.768s] copying /home/ccl/UAV/ROS2/build/gps_handler/build/lib/gps_handler/nodes/nmea_serial_driver.py -> /home/ccl/UAV/ROS2/install/gps_handler/lib/python3.8/site-packages/gps_handler/nodes
[1.768s] copying /home/ccl/UAV/ROS2/build/gps_handler/build/lib/gps_handler/nodes/__init__.py -> /home/ccl/UAV/ROS2/install/gps_handler/lib/python3.8/site-packages/gps_handler/nodes
[1.768s] copying /home/ccl/UAV/ROS2/build/gps_handler/build/lib/gps_handler/nodes/gps_path.py -> /home/ccl/UAV/ROS2/install/gps_handler/lib/python3.8/site-packages/gps_handler/nodes
[1.769s] copying /home/ccl/UAV/ROS2/build/gps_handler/build/lib/gps_handler/__init__.py -> /home/ccl/UAV/ROS2/install/gps_handler/lib/python3.8/site-packages/gps_handler
[1.769s] copying /home/ccl/UAV/ROS2/build/gps_handler/build/lib/gps_handler/parser.py -> /home/ccl/UAV/ROS2/install/gps_handler/lib/python3.8/site-packages/gps_handler
[1.769s] copying /home/ccl/UAV/ROS2/build/gps_handler/build/lib/gps_handler/checksum_utils.py -> /home/ccl/UAV/ROS2/install/gps_handler/lib/python3.8/site-packages/gps_handler
[1.769s] copying /home/ccl/UAV/ROS2/build/gps_handler/build/lib/gps_handler/driver.py -> /home/ccl/UAV/ROS2/install/gps_handler/lib/python3.8/site-packages/gps_handler
[1.770s] byte-compiling /home/ccl/UAV/ROS2/install/gps_handler/lib/python3.8/site-packages/gps_handler/nodes/nmea_serial_driver.py to nmea_serial_driver.cpython-38.pyc
[1.771s] byte-compiling /home/ccl/UAV/ROS2/install/gps_handler/lib/python3.8/site-packages/gps_handler/nodes/__init__.py to __init__.cpython-38.pyc
[1.771s] byte-compiling /home/ccl/UAV/ROS2/install/gps_handler/lib/python3.8/site-packages/gps_handler/nodes/gps_path.py to gps_path.cpython-38.pyc
[1.772s] byte-compiling /home/ccl/UAV/ROS2/install/gps_handler/lib/python3.8/site-packages/gps_handler/__init__.py to __init__.cpython-38.pyc
[1.773s] byte-compiling /home/ccl/UAV/ROS2/install/gps_handler/lib/python3.8/site-packages/gps_handler/parser.py to parser.cpython-38.pyc
[1.773s] byte-compiling /home/ccl/UAV/ROS2/install/gps_handler/lib/python3.8/site-packages/gps_handler/checksum_utils.py to checksum_utils.cpython-38.pyc
[1.774s] byte-compiling /home/ccl/UAV/ROS2/install/gps_handler/lib/python3.8/site-packages/gps_handler/driver.py to driver.cpython-38.pyc
[1.775s] running install_data
[1.776s] creating /home/ccl/UAV/ROS2/install/gps_handler/share/ament_index
[1.776s] creating /home/ccl/UAV/ROS2/install/gps_handler/share/ament_index/resource_index
[1.776s] creating /home/ccl/UAV/ROS2/install/gps_handler/share/ament_index/resource_index/packages
[1.776s] copying resource/gps_handler -> /home/ccl/UAV/ROS2/install/gps_handler/share/ament_index/resource_index/packages
[1.776s] copying package.xml -> /home/ccl/UAV/ROS2/install/gps_handler/share/gps_handler
[1.776s] creating /home/ccl/UAV/ROS2/install/gps_handler/share/gps_handler/launch
[1.777s] copying launch/gps_handler.launch.py -> /home/ccl/UAV/ROS2/install/gps_handler/share/gps_handler/launch
[1.777s] creating /home/ccl/UAV/ROS2/install/gps_handler/share/gps_handler/config
[1.777s] copying config/gps_handler.yaml -> /home/ccl/UAV/ROS2/install/gps_handler/share/gps_handler/config
[1.777s] running install_egg_info
[1.803s] Copying ../build/gps_handler/gps_handler.egg-info to /home/ccl/UAV/ROS2/install/gps_handler/lib/python3.8/site-packages/gps_handler-2.0.0-py3.8.egg-info
[1.804s] running install_scripts
[1.871s] Installing nmea_serial_driver script to /home/ccl/UAV/ROS2/install/gps_handler/lib/gps_handler
[1.872s] writing list of installed files to '/home/ccl/UAV/ROS2/build/gps_handler/install.log'
[1.891s] Invoked command in '/home/ccl/UAV/ROS2/gps_handler' returned '0': PYTHONPATH=/home/ccl/UAV/ROS2/build/gps_handler/prefix_override:/home/ccl/UAV/ROS2/install/gps_handler/lib/python3.8/site-packages:/home/ccl/UAV/ROS2/install/nmea_msgs/lib/python3.8/site-packages:/home/ccl/UAV/ROS2/install/tf_converter/lib/python3.8/site-packages:/home/ccl/UAV/ROS2/install/object_detector/lib/python3.8/site-packages:/home/ccl/UAV/ROS2/install/gps_handler/lib/python3.8/site-packages:/home/ccl/UAV/ROS2/install/ctrl_relayer/lib/python3.8/site-packages:/home/ccl/UAV/ROS2/install/cmd_handler/lib/python3.8/site-packages:/opt/ros/galactic/lib/python3.8/site-packages /usr/bin/python3 -W ignore:setup.py install is deprecated setup.py egg_info --egg-base ../build/gps_handler build --build-base /home/ccl/UAV/ROS2/build/gps_handler/build install --record /home/ccl/UAV/ROS2/build/gps_handler/install.log --single-version-externally-managed install_data
