[0.874s] Invoking command in '/home/xs/UAV/ROS2/tf_converter': PYTHONPATH=/home/xs/UAV/ROS2/build/tf_converter/prefix_override:/home/xs/UAV/ROS2/install/tf_converter/lib/python3.8/site-packages:${PYTHONPATH} /usr/bin/python3 -W ignore:setup.py install is deprecated setup.py egg_info --egg-base ../build/tf_converter build --build-base /home/xs/UAV/ROS2/build/tf_converter/build install --record /home/xs/UAV/ROS2/build/tf_converter/install.log --single-version-externally-managed install_data
[1.060s] running egg_info
[1.061s] writing ../build/tf_converter/tf_converter.egg-info/PKG-INFO
[1.061s] writing dependency_links to ../build/tf_converter/tf_converter.egg-info/dependency_links.txt
[1.061s] writing entry points to ../build/tf_converter/tf_converter.egg-info/entry_points.txt
[1.061s] writing requirements to ../build/tf_converter/tf_converter.egg-info/requires.txt
[1.061s] writing top-level names to ../build/tf_converter/tf_converter.egg-info/top_level.txt
[1.088s] reading manifest file '../build/tf_converter/tf_converter.egg-info/SOURCES.txt'
[1.089s] writing manifest file '../build/tf_converter/tf_converter.egg-info/SOURCES.txt'
[1.089s] running build
[1.089s] running build_py
[1.089s] copying tf_converter/uav2cam_broadcaster.py -> /home/xs/UAV/ROS2/build/tf_converter/build/lib/tf_converter
[1.089s] copying tf_converter/world2uav_broadcaster.py -> /home/xs/UAV/ROS2/build/tf_converter/build/lib/tf_converter
[1.089s] copying tf_converter/tf_converter.py -> /home/xs/UAV/ROS2/build/tf_converter/build/lib/tf_converter
[1.090s] running install
[1.090s] running install_lib
[1.091s] copying /home/xs/UAV/ROS2/build/tf_converter/build/lib/tf_converter/uav2cam_broadcaster.py -> /home/xs/UAV/ROS2/install/tf_converter/lib/python3.8/site-packages/tf_converter
[1.091s] copying /home/xs/UAV/ROS2/build/tf_converter/build/lib/tf_converter/world2uav_broadcaster.py -> /home/xs/UAV/ROS2/install/tf_converter/lib/python3.8/site-packages/tf_converter
[1.091s] copying /home/xs/UAV/ROS2/build/tf_converter/build/lib/tf_converter/tf_converter.py -> /home/xs/UAV/ROS2/install/tf_converter/lib/python3.8/site-packages/tf_converter
[1.092s] byte-compiling /home/xs/UAV/ROS2/install/tf_converter/lib/python3.8/site-packages/tf_converter/uav2cam_broadcaster.py to uav2cam_broadcaster.cpython-38.pyc
[1.093s] byte-compiling /home/xs/UAV/ROS2/install/tf_converter/lib/python3.8/site-packages/tf_converter/world2uav_broadcaster.py to world2uav_broadcaster.cpython-38.pyc
[1.093s] byte-compiling /home/xs/UAV/ROS2/install/tf_converter/lib/python3.8/site-packages/tf_converter/tf_converter.py to tf_converter.cpython-38.pyc
[1.093s] running install_data
[1.093s]   File "/home/xs/UAV/ROS2/install/tf_converter/lib/python3.8/site-packages/tf_converter/tf_converter.py", line 94
[1.093s]     dft_offset =
[1.094s]                 ^
[1.094s] SyntaxError: invalid syntax
[1.094s] 
[1.094s] running install_egg_info
[1.095s] removing '/home/xs/UAV/ROS2/install/tf_converter/lib/python3.8/site-packages/tf_converter-0.0.0-py3.8.egg-info' (and everything under it)
[1.095s] Copying ../build/tf_converter/tf_converter.egg-info to /home/xs/UAV/ROS2/install/tf_converter/lib/python3.8/site-packages/tf_converter-0.0.0-py3.8.egg-info
[1.096s] running install_scripts
[1.114s] writing list of installed files to '/home/xs/UAV/ROS2/build/tf_converter/install.log'
[1.148s] Invoked command in '/home/xs/UAV/ROS2/tf_converter' returned '0': PYTHONPATH=/home/xs/UAV/ROS2/build/tf_converter/prefix_override:/home/xs/UAV/ROS2/install/tf_converter/lib/python3.8/site-packages:${PYTHONPATH} /usr/bin/python3 -W ignore:setup.py install is deprecated setup.py egg_info --egg-base ../build/tf_converter build --build-base /home/xs/UAV/ROS2/build/tf_converter/build install --record /home/xs/UAV/ROS2/build/tf_converter/install.log --single-version-externally-managed install_data
