[0.476s] Invoking command in '/home/xs/UAV/ROS2/uav_patrol': PYTHONPATH=/home/xs/UAV/ROS2/build/uav_patrol/prefix_override:/home/xs/UAV/ROS2/install/uav_patrol/lib/python3.8/site-packages:/home/xs/UAV/ROS2/install/location_msgs/lib/python3.8/site-packages:/home/xs/UAV/ROS2/install/uav_patrol/lib/python3.8/site-packages:/opt/ros/galactic/lib/python3.8/site-packages /usr/bin/python3 -W ignore:setup.py install is deprecated setup.py egg_info --egg-base ../build/uav_patrol build --build-base /home/xs/UAV/ROS2/build/uav_patrol/build install --record /home/xs/UAV/ROS2/build/uav_patrol/install.log --single-version-externally-managed install_data
[0.630s] running egg_info
[0.631s] writing ../build/uav_patrol/uav_patrol.egg-info/PKG-INFO
[0.631s] writing dependency_links to ../build/uav_patrol/uav_patrol.egg-info/dependency_links.txt
[0.631s] writing entry points to ../build/uav_patrol/uav_patrol.egg-info/entry_points.txt
[0.631s] writing requirements to ../build/uav_patrol/uav_patrol.egg-info/requires.txt
[0.631s] writing top-level names to ../build/uav_patrol/uav_patrol.egg-info/top_level.txt
[0.655s] reading manifest file '../build/uav_patrol/uav_patrol.egg-info/SOURCES.txt'
[0.656s] writing manifest file '../build/uav_patrol/uav_patrol.egg-info/SOURCES.txt'
[0.656s] running build
[0.656s] running build_py
[0.656s] copying uav_patrol/gps_handler/gps_handler.py -> /home/xs/UAV/ROS2/build/uav_patrol/build/lib/uav_patrol/gps_handler
[0.657s] running install
[0.658s] running install_lib
[0.659s] copying /home/xs/UAV/ROS2/build/uav_patrol/build/lib/uav_patrol/gps_handler/gps_handler.py -> /home/xs/UAV/ROS2/install/uav_patrol/lib/python3.8/site-packages/uav_patrol/gps_handler
[0.659s] byte-compiling /home/xs/UAV/ROS2/install/uav_patrol/lib/python3.8/site-packages/uav_patrol/gps_handler/gps_handler.py to gps_handler.cpython-38.pyc
[0.661s] running install_data
[0.661s] running install_egg_info
[0.662s] removing '/home/xs/UAV/ROS2/install/uav_patrol/lib/python3.8/site-packages/uav_patrol-0.0.0-py3.8.egg-info' (and everything under it)
[0.662s] Copying ../build/uav_patrol/uav_patrol.egg-info to /home/xs/UAV/ROS2/install/uav_patrol/lib/python3.8/site-packages/uav_patrol-0.0.0-py3.8.egg-info
[0.663s] running install_scripts
[0.674s] Installing cmd_subscriber script to /home/xs/UAV/ROS2/install/uav_patrol/lib/uav_patrol
[0.674s] Installing dft_publisher script to /home/xs/UAV/ROS2/install/uav_patrol/lib/uav_patrol
[0.674s] Installing gps_handler script to /home/xs/UAV/ROS2/install/uav_patrol/lib/uav_patrol
[0.674s] Installing gps_simulator script to /home/xs/UAV/ROS2/install/uav_patrol/lib/uav_patrol
[0.674s] Installing nmea_serial_driver script to /home/xs/UAV/ROS2/install/uav_patrol/lib/uav_patrol
[0.674s] Installing tf_converter script to /home/xs/UAV/ROS2/install/uav_patrol/lib/uav_patrol
[0.674s] Installing uav2cam_broadcaster script to /home/xs/UAV/ROS2/install/uav_patrol/lib/uav_patrol
[0.675s] writing list of installed files to '/home/xs/UAV/ROS2/build/uav_patrol/install.log'
[0.691s] Invoked command in '/home/xs/UAV/ROS2/uav_patrol' returned '0': PYTHONPATH=/home/xs/UAV/ROS2/build/uav_patrol/prefix_override:/home/xs/UAV/ROS2/install/uav_patrol/lib/python3.8/site-packages:/home/xs/UAV/ROS2/install/location_msgs/lib/python3.8/site-packages:/home/xs/UAV/ROS2/install/uav_patrol/lib/python3.8/site-packages:/opt/ros/galactic/lib/python3.8/site-packages /usr/bin/python3 -W ignore:setup.py install is deprecated setup.py egg_info --egg-base ../build/uav_patrol build --build-base /home/xs/UAV/ROS2/build/uav_patrol/build install --record /home/xs/UAV/ROS2/build/uav_patrol/install.log --single-version-externally-managed install_data
