[0.016s] Invoking command in '/home/x650/UAV/ROS2/build/location_msgs': CMAKE_PREFIX_PATH=${CMAKE_PREFIX_PATH}:/home/x650/UAV/ROS2/install/uav_patrol:/opt/ros/humble /usr/bin/cmake --build /home/x650/UAV/ROS2/build/location_msgs -- -j16 -l16
[0.105s] [  1%] Built target location_msgs__cpp
[0.105s] [ 12%] Built target location_msgs__rosidl_generator_c
[0.126s] [ 12%] Built target ament_cmake_python_copy_location_msgs
[0.167s] [ 23%] Built target location_msgs__rosidl_typesupport_cpp
[0.174s] [ 34%] Built target location_msgs__rosidl_typesupport_introspection_cpp
[0.181s] [ 46%] Built target location_msgs__rosidl_typesupport_fastrtps_cpp
[0.190s] [ 57%] Built target location_msgs__rosidl_typesupport_introspection_c
[0.201s] [ 68%] Built target location_msgs__rosidl_typesupport_c
[0.205s] [ 79%] Built target location_msgs__rosidl_typesupport_fastrtps_c
[0.267s] [ 79%] Built target location_msgs
[0.299s] [ 80%] Built target location_msgs__py
[0.331s] [ 90%] Built target location_msgs__rosidl_generator_py
[0.392s] [ 93%] Built target location_msgs__rosidl_typesupport_c__pyext
[0.393s] [100%] Built target location_msgs__rosidl_typesupport_introspection_c__pyext
[0.393s] [100%] Built target location_msgs__rosidl_typesupport_fastrtps_c__pyext
[0.501s] running egg_info
[0.524s] writing location_msgs.egg-info/PKG-INFO
[0.524s] writing dependency_links to location_msgs.egg-info/dependency_links.txt
[0.525s] writing top-level names to location_msgs.egg-info/top_level.txt
[0.568s] reading manifest file 'location_msgs.egg-info/SOURCES.txt'
[0.570s] writing manifest file 'location_msgs.egg-info/SOURCES.txt'
[0.628s] [100%] Built target ament_cmake_python_build_location_msgs_egg
[0.654s] Invoked command in '/home/x650/UAV/ROS2/build/location_msgs' returned '0': CMAKE_PREFIX_PATH=${CMAKE_PREFIX_PATH}:/home/x650/UAV/ROS2/install/uav_patrol:/opt/ros/humble /usr/bin/cmake --build /home/x650/UAV/ROS2/build/location_msgs -- -j16 -l16
[1.010s] Invoking command in '/home/x650/UAV/ROS2/build/location_msgs': CMAKE_PREFIX_PATH=${CMAKE_PREFIX_PATH}:/home/x650/UAV/ROS2/install/uav_patrol:/opt/ros/humble /usr/bin/cmake --install /home/x650/UAV/ROS2/build/location_msgs
[1.030s] -- Install configuration: ""
[1.031s] -- Up-to-date: /home/x650/UAV/ROS2/install/location_msgs/share/ament_index/resource_index/rosidl_interfaces/location_msgs
[1.031s] -- Up-to-date: /home/x650/UAV/ROS2/install/location_msgs/include/location_msgs/location_msgs
[1.031s] -- Up-to-date: /home/x650/UAV/ROS2/install/location_msgs/include/location_msgs/location_msgs/msg
[1.031s] -- Up-to-date: /home/x650/UAV/ROS2/install/location_msgs/include/location_msgs/location_msgs/msg/defect_box.h
[1.031s] -- Up-to-date: /home/x650/UAV/ROS2/install/location_msgs/include/location_msgs/location_msgs/msg/pixel_point.h
[1.032s] -- Up-to-date: /home/x650/UAV/ROS2/install/location_msgs/include/location_msgs/location_msgs/msg/yaw.h
[1.032s] -- Up-to-date: /home/x650/UAV/ROS2/install/location_msgs/include/location_msgs/location_msgs/msg/detail
[1.032s] -- Up-to-date: /home/x650/UAV/ROS2/install/location_msgs/include/location_msgs/location_msgs/msg/detail/defects__type_support.h
[1.032s] -- Up-to-date: /home/x650/UAV/ROS2/install/location_msgs/include/location_msgs/location_msgs/msg/detail/mix__type_support.h
[1.032s] -- Up-to-date: /home/x650/UAV/ROS2/install/location_msgs/include/location_msgs/location_msgs/msg/detail/mix__functions.h
[1.033s] -- Up-to-date: /home/x650/UAV/ROS2/install/location_msgs/include/location_msgs/location_msgs/msg/detail/defects__functions.h
[1.033s] -- Up-to-date: /home/x650/UAV/ROS2/install/location_msgs/include/location_msgs/location_msgs/msg/detail/pixel_point__functions.h
[1.033s] -- Up-to-date: /home/x650/UAV/ROS2/install/location_msgs/include/location_msgs/location_msgs/msg/detail/pixel_point__type_support.h
[1.033s] -- Up-to-date: /home/x650/UAV/ROS2/install/location_msgs/include/location_msgs/location_msgs/msg/detail/defect_box__struct.h
[1.034s] -- Up-to-date: /home/x650/UAV/ROS2/install/location_msgs/include/location_msgs/location_msgs/msg/detail/mix__struct.h
[1.034s] -- Up-to-date: /home/x650/UAV/ROS2/install/location_msgs/include/location_msgs/location_msgs/msg/detail/defect_box__functions.h
[1.034s] -- Up-to-date: /home/x650/UAV/ROS2/install/location_msgs/include/location_msgs/location_msgs/msg/detail/defect_box__functions.c
[1.034s] -- Up-to-date: /home/x650/UAV/ROS2/install/location_msgs/include/location_msgs/location_msgs/msg/detail/defects__functions.c
[1.034s] -- Up-to-date: /home/x650/UAV/ROS2/install/location_msgs/include/location_msgs/location_msgs/msg/detail/defect_box__type_support.h
[1.034s] -- Up-to-date: /home/x650/UAV/ROS2/install/location_msgs/include/location_msgs/location_msgs/msg/detail/yaw__type_support.h
[1.034s] -- Up-to-date: /home/x650/UAV/ROS2/install/location_msgs/include/location_msgs/location_msgs/msg/detail/yaw__struct.h
[1.035s] -- Up-to-date: /home/x650/UAV/ROS2/install/location_msgs/include/location_msgs/location_msgs/msg/detail/mix__functions.c
[1.035s] -- Up-to-date: /home/x650/UAV/ROS2/install/location_msgs/include/location_msgs/location_msgs/msg/detail/yaw__functions.h
[1.035s] -- Up-to-date: /home/x650/UAV/ROS2/install/location_msgs/include/location_msgs/location_msgs/msg/detail/yaw__functions.c
[1.035s] -- Up-to-date: /home/x650/UAV/ROS2/install/location_msgs/include/location_msgs/location_msgs/msg/detail/defects__struct.h
[1.035s] -- Up-to-date: /home/x650/UAV/ROS2/install/location_msgs/include/location_msgs/location_msgs/msg/detail/pixel_point__functions.c
[1.035s] -- Up-to-date: /home/x650/UAV/ROS2/install/location_msgs/include/location_msgs/location_msgs/msg/detail/pixel_point__struct.h
[1.035s] -- Up-to-date: /home/x650/UAV/ROS2/install/location_msgs/include/location_msgs/location_msgs/msg/defects.h
[1.035s] -- Up-to-date: /home/x650/UAV/ROS2/install/location_msgs/include/location_msgs/location_msgs/msg/mix.h
[1.036s] -- Up-to-date: /home/x650/UAV/ROS2/install/location_msgs/include/location_msgs/location_msgs/msg/rosidl_generator_c__visibility_control.h
[1.036s] -- Up-to-date: /home/x650/UAV/ROS2/install/location_msgs/share/location_msgs/environment/library_path.sh
[1.036s] -- Up-to-date: /home/x650/UAV/ROS2/install/location_msgs/share/location_msgs/environment/library_path.dsv
[1.036s] -- Up-to-date: /home/x650/UAV/ROS2/install/location_msgs/lib/liblocation_msgs__rosidl_generator_c.so
[1.036s] -- Up-to-date: /home/x650/UAV/ROS2/install/location_msgs/include/location_msgs/location_msgs
[1.036s] -- Up-to-date: /home/x650/UAV/ROS2/install/location_msgs/include/location_msgs/location_msgs/msg
[1.036s] -- Up-to-date: /home/x650/UAV/ROS2/install/location_msgs/include/location_msgs/location_msgs/msg/detail
[1.036s] -- Up-to-date: /home/x650/UAV/ROS2/install/location_msgs/include/location_msgs/location_msgs/msg/detail/yaw__rosidl_typesupport_fastrtps_c.h
[1.037s] -- Up-to-date: /home/x650/UAV/ROS2/install/location_msgs/include/location_msgs/location_msgs/msg/detail/pixel_point__rosidl_typesupport_fastrtps_c.h
[1.037s] -- Up-to-date: /home/x650/UAV/ROS2/install/location_msgs/include/location_msgs/location_msgs/msg/detail/mix__rosidl_typesupport_fastrtps_c.h
[1.037s] -- Up-to-date: /home/x650/UAV/ROS2/install/location_msgs/include/location_msgs/location_msgs/msg/detail/defect_box__rosidl_typesupport_fastrtps_c.h
[1.038s] -- Up-to-date: /home/x650/UAV/ROS2/install/location_msgs/include/location_msgs/location_msgs/msg/detail/defects__rosidl_typesupport_fastrtps_c.h
[1.038s] -- Up-to-date: /home/x650/UAV/ROS2/install/location_msgs/include/location_msgs/location_msgs/msg/rosidl_typesupport_fastrtps_c__visibility_control.h
[1.039s] -- Up-to-date: /home/x650/UAV/ROS2/install/location_msgs/lib/liblocation_msgs__rosidl_typesupport_fastrtps_c.so
[1.039s] -- Up-to-date: /home/x650/UAV/ROS2/install/location_msgs/include/location_msgs/location_msgs
[1.039s] -- Up-to-date: /home/x650/UAV/ROS2/install/location_msgs/include/location_msgs/location_msgs/msg
[1.039s] -- Up-to-date: /home/x650/UAV/ROS2/install/location_msgs/include/location_msgs/location_msgs/msg/rosidl_typesupport_introspection_c__visibility_control.h
[1.039s] -- Up-to-date: /home/x650/UAV/ROS2/install/location_msgs/include/location_msgs/location_msgs/msg/detail
[1.040s] -- Up-to-date: /home/x650/UAV/ROS2/install/location_msgs/include/location_msgs/location_msgs/msg/detail/defects__rosidl_typesupport_introspection_c.h
[1.040s] -- Up-to-date: /home/x650/UAV/ROS2/install/location_msgs/include/location_msgs/location_msgs/msg/detail/yaw__type_support.c
[1.041s] -- Up-to-date: /home/x650/UAV/ROS2/install/location_msgs/include/location_msgs/location_msgs/msg/detail/defects__type_support.c
[1.042s] -- Up-to-date: /home/x650/UAV/ROS2/install/location_msgs/include/location_msgs/location_msgs/msg/detail/pixel_point__type_support.c
[1.042s] -- Up-to-date: /home/x650/UAV/ROS2/install/location_msgs/include/location_msgs/location_msgs/msg/detail/pixel_point__rosidl_typesupport_introspection_c.h
[1.043s] -- Up-to-date: /home/x650/UAV/ROS2/install/location_msgs/include/location_msgs/location_msgs/msg/detail/yaw__rosidl_typesupport_introspection_c.h
[1.043s] -- Up-to-date: /home/x650/UAV/ROS2/install/location_msgs/include/location_msgs/location_msgs/msg/detail/mix__type_support.c
[1.043s] -- Up-to-date: /home/x650/UAV/ROS2/install/location_msgs/include/location_msgs/location_msgs/msg/detail/mix__rosidl_typesupport_introspection_c.h
[1.044s] -- Up-to-date: /home/x650/UAV/ROS2/install/location_msgs/include/location_msgs/location_msgs/msg/detail/defect_box__type_support.c
[1.044s] -- Up-to-date: /home/x650/UAV/ROS2/install/location_msgs/include/location_msgs/location_msgs/msg/detail/defect_box__rosidl_typesupport_introspection_c.h
[1.044s] -- Up-to-date: /home/x650/UAV/ROS2/install/location_msgs/lib/liblocation_msgs__rosidl_typesupport_introspection_c.so
[1.045s] -- Up-to-date: /home/x650/UAV/ROS2/install/location_msgs/lib/liblocation_msgs__rosidl_typesupport_c.so
[1.045s] -- Up-to-date: /home/x650/UAV/ROS2/install/location_msgs/include/location_msgs/location_msgs
[1.045s] -- Up-to-date: /home/x650/UAV/ROS2/install/location_msgs/include/location_msgs/location_msgs/msg
[1.046s] -- Up-to-date: /home/x650/UAV/ROS2/install/location_msgs/include/location_msgs/location_msgs/msg/detail
[1.047s] -- Up-to-date: /home/x650/UAV/ROS2/install/location_msgs/include/location_msgs/location_msgs/msg/detail/defect_box__builder.hpp
[1.047s] -- Up-to-date: /home/x650/UAV/ROS2/install/location_msgs/include/location_msgs/location_msgs/msg/detail/yaw__struct.hpp
[1.047s] -- Up-to-date: /home/x650/UAV/ROS2/install/location_msgs/include/location_msgs/location_msgs/msg/detail/pixel_point__traits.hpp
[1.048s] -- Up-to-date: /home/x650/UAV/ROS2/install/location_msgs/include/location_msgs/location_msgs/msg/detail/yaw__traits.hpp
[1.048s] -- Up-to-date: /home/x650/UAV/ROS2/install/location_msgs/include/location_msgs/location_msgs/msg/detail/yaw__builder.hpp
[1.048s] -- Up-to-date: /home/x650/UAV/ROS2/install/location_msgs/include/location_msgs/location_msgs/msg/detail/defects__builder.hpp
[1.048s] -- Up-to-date: /home/x650/UAV/ROS2/install/location_msgs/include/location_msgs/location_msgs/msg/detail/mix__builder.hpp
[1.049s] -- Up-to-date: /home/x650/UAV/ROS2/install/location_msgs/include/location_msgs/location_msgs/msg/detail/mix__struct.hpp
[1.049s] -- Up-to-date: /home/x650/UAV/ROS2/install/location_msgs/include/location_msgs/location_msgs/msg/detail/defects__struct.hpp
[1.049s] -- Up-to-date: /home/x650/UAV/ROS2/install/location_msgs/include/location_msgs/location_msgs/msg/detail/pixel_point__struct.hpp
[1.049s] -- Up-to-date: /home/x650/UAV/ROS2/install/location_msgs/include/location_msgs/location_msgs/msg/detail/mix__traits.hpp
[1.050s] -- Up-to-date: /home/x650/UAV/ROS2/install/location_msgs/include/location_msgs/location_msgs/msg/detail/pixel_point__builder.hpp
[1.050s] -- Up-to-date: /home/x650/UAV/ROS2/install/location_msgs/include/location_msgs/location_msgs/msg/detail/defects__traits.hpp
[1.050s] -- Up-to-date: /home/x650/UAV/ROS2/install/location_msgs/include/location_msgs/location_msgs/msg/detail/defect_box__struct.hpp
[1.050s] -- Up-to-date: /home/x650/UAV/ROS2/install/location_msgs/include/location_msgs/location_msgs/msg/detail/defect_box__traits.hpp
[1.051s] -- Up-to-date: /home/x650/UAV/ROS2/install/location_msgs/include/location_msgs/location_msgs/msg/defect_box.hpp
[1.051s] -- Up-to-date: /home/x650/UAV/ROS2/install/location_msgs/include/location_msgs/location_msgs/msg/mix.hpp
[1.051s] -- Up-to-date: /home/x650/UAV/ROS2/install/location_msgs/include/location_msgs/location_msgs/msg/pixel_point.hpp
[1.051s] -- Up-to-date: /home/x650/UAV/ROS2/install/location_msgs/include/location_msgs/location_msgs/msg/yaw.hpp
[1.051s] -- Up-to-date: /home/x650/UAV/ROS2/install/location_msgs/include/location_msgs/location_msgs/msg/defects.hpp
[1.052s] -- Up-to-date: /home/x650/UAV/ROS2/install/location_msgs/include/location_msgs/location_msgs
[1.052s] -- Up-to-date: /home/x650/UAV/ROS2/install/location_msgs/include/location_msgs/location_msgs/msg
[1.052s] -- Up-to-date: /home/x650/UAV/ROS2/install/location_msgs/include/location_msgs/location_msgs/msg/detail
[1.052s] -- Up-to-date: /home/x650/UAV/ROS2/install/location_msgs/include/location_msgs/location_msgs/msg/detail/pixel_point__rosidl_typesupport_fastrtps_cpp.hpp
[1.053s] -- Up-to-date: /home/x650/UAV/ROS2/install/location_msgs/include/location_msgs/location_msgs/msg/detail/defects__rosidl_typesupport_fastrtps_cpp.hpp
[1.053s] -- Up-to-date: /home/x650/UAV/ROS2/install/location_msgs/include/location_msgs/location_msgs/msg/detail/mix__rosidl_typesupport_fastrtps_cpp.hpp
[1.053s] -- Up-to-date: /home/x650/UAV/ROS2/install/location_msgs/include/location_msgs/location_msgs/msg/detail/defect_box__rosidl_typesupport_fastrtps_cpp.hpp
[1.053s] -- Up-to-date: /home/x650/UAV/ROS2/install/location_msgs/include/location_msgs/location_msgs/msg/detail/yaw__rosidl_typesupport_fastrtps_cpp.hpp
[1.054s] -- Up-to-date: /home/x650/UAV/ROS2/install/location_msgs/include/location_msgs/location_msgs/msg/detail/dds_fastrtps
[1.054s] -- Up-to-date: /home/x650/UAV/ROS2/install/location_msgs/include/location_msgs/location_msgs/msg/rosidl_typesupport_fastrtps_cpp__visibility_control.h
[1.054s] -- Up-to-date: /home/x650/UAV/ROS2/install/location_msgs/lib/liblocation_msgs__rosidl_typesupport_fastrtps_cpp.so
[1.054s] -- Up-to-date: /home/x650/UAV/ROS2/install/location_msgs/include/location_msgs/location_msgs
[1.055s] -- Up-to-date: /home/x650/UAV/ROS2/install/location_msgs/include/location_msgs/location_msgs/msg
[1.055s] -- Up-to-date: /home/x650/UAV/ROS2/install/location_msgs/include/location_msgs/location_msgs/msg/detail
[1.055s] -- Up-to-date: /home/x650/UAV/ROS2/install/location_msgs/include/location_msgs/location_msgs/msg/detail/defect_box__rosidl_typesupport_introspection_cpp.hpp
[1.055s] -- Up-to-date: /home/x650/UAV/ROS2/install/location_msgs/include/location_msgs/location_msgs/msg/detail/defect_box__type_support.cpp
[1.055s] -- Up-to-date: /home/x650/UAV/ROS2/install/location_msgs/include/location_msgs/location_msgs/msg/detail/mix__rosidl_typesupport_introspection_cpp.hpp
[1.055s] -- Up-to-date: /home/x650/UAV/ROS2/install/location_msgs/include/location_msgs/location_msgs/msg/detail/yaw__rosidl_typesupport_introspection_cpp.hpp
[1.055s] -- Up-to-date: /home/x650/UAV/ROS2/install/location_msgs/include/location_msgs/location_msgs/msg/detail/yaw__type_support.cpp
[1.055s] -- Up-to-date: /home/x650/UAV/ROS2/install/location_msgs/include/location_msgs/location_msgs/msg/detail/pixel_point__type_support.cpp
[1.055s] -- Up-to-date: /home/x650/UAV/ROS2/install/location_msgs/include/location_msgs/location_msgs/msg/detail/defects__rosidl_typesupport_introspection_cpp.hpp
[1.056s] -- Up-to-date: /home/x650/UAV/ROS2/install/location_msgs/include/location_msgs/location_msgs/msg/detail/pixel_point__rosidl_typesupport_introspection_cpp.hpp
[1.056s] -- Up-to-date: /home/x650/UAV/ROS2/install/location_msgs/include/location_msgs/location_msgs/msg/detail/defects__type_support.cpp
[1.056s] -- Up-to-date: /home/x650/UAV/ROS2/install/location_msgs/include/location_msgs/location_msgs/msg/detail/mix__type_support.cpp
[1.056s] -- Up-to-date: /home/x650/UAV/ROS2/install/location_msgs/lib/liblocation_msgs__rosidl_typesupport_introspection_cpp.so
[1.056s] -- Up-to-date: /home/x650/UAV/ROS2/install/location_msgs/lib/liblocation_msgs__rosidl_typesupport_cpp.so
[1.056s] -- Up-to-date: /home/x650/UAV/ROS2/install/location_msgs/share/location_msgs/environment/pythonpath.sh
[1.056s] -- Up-to-date: /home/x650/UAV/ROS2/install/location_msgs/share/location_msgs/environment/pythonpath.dsv
[1.056s] -- Up-to-date: /home/x650/UAV/ROS2/install/location_msgs/local/lib/python3.10/dist-packages/location_msgs-2.0.0-py3.10.egg-info
[1.056s] -- Installing: /home/x650/UAV/ROS2/install/location_msgs/local/lib/python3.10/dist-packages/location_msgs-2.0.0-py3.10.egg-info/dependency_links.txt
[1.056s] -- Installing: /home/x650/UAV/ROS2/install/location_msgs/local/lib/python3.10/dist-packages/location_msgs-2.0.0-py3.10.egg-info/PKG-INFO
[1.056s] -- Installing: /home/x650/UAV/ROS2/install/location_msgs/local/lib/python3.10/dist-packages/location_msgs-2.0.0-py3.10.egg-info/top_level.txt
[1.056s] -- Installing: /home/x650/UAV/ROS2/install/location_msgs/local/lib/python3.10/dist-packages/location_msgs-2.0.0-py3.10.egg-info/SOURCES.txt
[1.056s] -- Up-to-date: /home/x650/UAV/ROS2/install/location_msgs/local/lib/python3.10/dist-packages/location_msgs
[1.056s] -- Up-to-date: /home/x650/UAV/ROS2/install/location_msgs/local/lib/python3.10/dist-packages/location_msgs/location_msgs_s__rosidl_typesupport_c.cpython-310-x86_64-linux-gnu.so
[1.057s] -- Up-to-date: /home/x650/UAV/ROS2/install/location_msgs/local/lib/python3.10/dist-packages/location_msgs/_location_msgs_s.ep.rosidl_typesupport_fastrtps_c.c
[1.057s] -- Up-to-date: /home/x650/UAV/ROS2/install/location_msgs/local/lib/python3.10/dist-packages/location_msgs/location_msgs_s__rosidl_typesupport_introspection_c.cpython-310-x86_64-linux-gnu.so
[1.057s] -- Up-to-date: /home/x650/UAV/ROS2/install/location_msgs/local/lib/python3.10/dist-packages/location_msgs/liblocation_msgs__rosidl_generator_py.so
[1.057s] -- Up-to-date: /home/x650/UAV/ROS2/install/location_msgs/local/lib/python3.10/dist-packages/location_msgs/location_msgs_s__rosidl_typesupport_fastrtps_c.cpython-310-x86_64-linux-gnu.so
[1.057s] -- Up-to-date: /home/x650/UAV/ROS2/install/location_msgs/local/lib/python3.10/dist-packages/location_msgs/_location_msgs_s.ep.rosidl_typesupport_c.c
[1.057s] -- Up-to-date: /home/x650/UAV/ROS2/install/location_msgs/local/lib/python3.10/dist-packages/location_msgs/_location_msgs_s.ep.rosidl_typesupport_introspection_c.c
[1.057s] -- Up-to-date: /home/x650/UAV/ROS2/install/location_msgs/local/lib/python3.10/dist-packages/location_msgs/__init__.py
[1.057s] -- Up-to-date: /home/x650/UAV/ROS2/install/location_msgs/local/lib/python3.10/dist-packages/location_msgs/msg
[1.057s] -- Up-to-date: /home/x650/UAV/ROS2/install/location_msgs/local/lib/python3.10/dist-packages/location_msgs/msg/_yaw_s.c
[1.057s] -- Up-to-date: /home/x650/UAV/ROS2/install/location_msgs/local/lib/python3.10/dist-packages/location_msgs/msg/_pixel_point_s.c
[1.057s] -- Up-to-date: /home/x650/UAV/ROS2/install/location_msgs/local/lib/python3.10/dist-packages/location_msgs/msg/_defect_box_s.c
[1.057s] -- Up-to-date: /home/x650/UAV/ROS2/install/location_msgs/local/lib/python3.10/dist-packages/location_msgs/msg/_pixel_point.py
[1.057s] -- Up-to-date: /home/x650/UAV/ROS2/install/location_msgs/local/lib/python3.10/dist-packages/location_msgs/msg/__init__.py
[1.057s] -- Up-to-date: /home/x650/UAV/ROS2/install/location_msgs/local/lib/python3.10/dist-packages/location_msgs/msg/_yaw.py
[1.057s] -- Up-to-date: /home/x650/UAV/ROS2/install/location_msgs/local/lib/python3.10/dist-packages/location_msgs/msg/_mix.py
[1.057s] -- Up-to-date: /home/x650/UAV/ROS2/install/location_msgs/local/lib/python3.10/dist-packages/location_msgs/msg/_mix_s.c
[1.057s] -- Up-to-date: /home/x650/UAV/ROS2/install/location_msgs/local/lib/python3.10/dist-packages/location_msgs/msg/_defects.py
[1.057s] -- Up-to-date: /home/x650/UAV/ROS2/install/location_msgs/local/lib/python3.10/dist-packages/location_msgs/msg/_defects_s.c
[1.057s] -- Up-to-date: /home/x650/UAV/ROS2/install/location_msgs/local/lib/python3.10/dist-packages/location_msgs/msg/_defect_box.py
[1.098s] Listing '/home/x650/UAV/ROS2/install/location_msgs/local/lib/python3.10/dist-packages/location_msgs'...
[1.098s] Listing '/home/x650/UAV/ROS2/install/location_msgs/local/lib/python3.10/dist-packages/location_msgs/msg'...
[1.102s] -- Up-to-date: /home/x650/UAV/ROS2/install/location_msgs/local/lib/python3.10/dist-packages/location_msgs/location_msgs_s__rosidl_typesupport_fastrtps_c.cpython-310-x86_64-linux-gnu.so
[1.102s] -- Up-to-date: /home/x650/UAV/ROS2/install/location_msgs/local/lib/python3.10/dist-packages/location_msgs/location_msgs_s__rosidl_typesupport_introspection_c.cpython-310-x86_64-linux-gnu.so
[1.102s] -- Up-to-date: /home/x650/UAV/ROS2/install/location_msgs/local/lib/python3.10/dist-packages/location_msgs/location_msgs_s__rosidl_typesupport_c.cpython-310-x86_64-linux-gnu.so
[1.103s] -- Up-to-date: /home/x650/UAV/ROS2/install/location_msgs/lib/liblocation_msgs__rosidl_generator_py.so
[1.103s] -- Up-to-date: /home/x650/UAV/ROS2/install/location_msgs/share/location_msgs/msg/Mix.idl
[1.104s] -- Up-to-date: /home/x650/UAV/ROS2/install/location_msgs/share/location_msgs/msg/PixelPoint.idl
[1.104s] -- Up-to-date: /home/x650/UAV/ROS2/install/location_msgs/share/location_msgs/msg/DefectBox.idl
[1.104s] -- Up-to-date: /home/x650/UAV/ROS2/install/location_msgs/share/location_msgs/msg/Defects.idl
[1.104s] -- Up-to-date: /home/x650/UAV/ROS2/install/location_msgs/share/location_msgs/msg/Yaw.idl
[1.104s] -- Up-to-date: /home/x650/UAV/ROS2/install/location_msgs/share/location_msgs/msg/Mix.msg
[1.104s] -- Up-to-date: /home/x650/UAV/ROS2/install/location_msgs/share/location_msgs/msg/PixelPoint.msg
[1.104s] -- Up-to-date: /home/x650/UAV/ROS2/install/location_msgs/share/location_msgs/msg/DefectBox.msg
[1.105s] -- Up-to-date: /home/x650/UAV/ROS2/install/location_msgs/share/location_msgs/msg/Defects.msg
[1.105s] -- Up-to-date: /home/x650/UAV/ROS2/install/location_msgs/share/location_msgs/msg/Yaw.msg
[1.105s] -- Up-to-date: /home/x650/UAV/ROS2/install/location_msgs/share/ament_index/resource_index/package_run_dependencies/location_msgs
[1.105s] -- Up-to-date: /home/x650/UAV/ROS2/install/location_msgs/share/ament_index/resource_index/parent_prefix_path/location_msgs
[1.106s] -- Up-to-date: /home/x650/UAV/ROS2/install/location_msgs/share/location_msgs/environment/ament_prefix_path.sh
[1.106s] -- Up-to-date: /home/x650/UAV/ROS2/install/location_msgs/share/location_msgs/environment/ament_prefix_path.dsv
[1.106s] -- Up-to-date: /home/x650/UAV/ROS2/install/location_msgs/share/location_msgs/environment/path.sh
[1.106s] -- Up-to-date: /home/x650/UAV/ROS2/install/location_msgs/share/location_msgs/environment/path.dsv
[1.106s] -- Up-to-date: /home/x650/UAV/ROS2/install/location_msgs/share/location_msgs/local_setup.bash
[1.106s] -- Up-to-date: /home/x650/UAV/ROS2/install/location_msgs/share/location_msgs/local_setup.sh
[1.106s] -- Up-to-date: /home/x650/UAV/ROS2/install/location_msgs/share/location_msgs/local_setup.zsh
[1.106s] -- Up-to-date: /home/x650/UAV/ROS2/install/location_msgs/share/location_msgs/local_setup.dsv
[1.107s] -- Installing: /home/x650/UAV/ROS2/install/location_msgs/share/location_msgs/package.dsv
[1.107s] -- Up-to-date: /home/x650/UAV/ROS2/install/location_msgs/share/ament_index/resource_index/packages/location_msgs
[1.107s] -- Up-to-date: /home/x650/UAV/ROS2/install/location_msgs/share/location_msgs/cmake/export_location_msgs__rosidl_generator_cExport.cmake
[1.107s] -- Up-to-date: /home/x650/UAV/ROS2/install/location_msgs/share/location_msgs/cmake/export_location_msgs__rosidl_generator_cExport-noconfig.cmake
[1.107s] -- Up-to-date: /home/x650/UAV/ROS2/install/location_msgs/share/location_msgs/cmake/export_location_msgs__rosidl_typesupport_fastrtps_cExport.cmake
[1.107s] -- Up-to-date: /home/x650/UAV/ROS2/install/location_msgs/share/location_msgs/cmake/export_location_msgs__rosidl_typesupport_fastrtps_cExport-noconfig.cmake
[1.107s] -- Up-to-date: /home/x650/UAV/ROS2/install/location_msgs/share/location_msgs/cmake/location_msgs__rosidl_typesupport_introspection_cExport.cmake
[1.107s] -- Up-to-date: /home/x650/UAV/ROS2/install/location_msgs/share/location_msgs/cmake/location_msgs__rosidl_typesupport_introspection_cExport-noconfig.cmake
[1.107s] -- Up-to-date: /home/x650/UAV/ROS2/install/location_msgs/share/location_msgs/cmake/location_msgs__rosidl_typesupport_cExport.cmake
[1.108s] -- Up-to-date: /home/x650/UAV/ROS2/install/location_msgs/share/location_msgs/cmake/location_msgs__rosidl_typesupport_cExport-noconfig.cmake
[1.108s] -- Up-to-date: /home/x650/UAV/ROS2/install/location_msgs/share/location_msgs/cmake/export_location_msgs__rosidl_generator_cppExport.cmake
[1.109s] -- Up-to-date: /home/x650/UAV/ROS2/install/location_msgs/share/location_msgs/cmake/export_location_msgs__rosidl_typesupport_fastrtps_cppExport.cmake
[1.109s] -- Up-to-date: /home/x650/UAV/ROS2/install/location_msgs/share/location_msgs/cmake/export_location_msgs__rosidl_typesupport_fastrtps_cppExport-noconfig.cmake
[1.110s] -- Up-to-date: /home/x650/UAV/ROS2/install/location_msgs/share/location_msgs/cmake/location_msgs__rosidl_typesupport_introspection_cppExport.cmake
[1.110s] -- Up-to-date: /home/x650/UAV/ROS2/install/location_msgs/share/location_msgs/cmake/location_msgs__rosidl_typesupport_introspection_cppExport-noconfig.cmake
[1.110s] -- Up-to-date: /home/x650/UAV/ROS2/install/location_msgs/share/location_msgs/cmake/location_msgs__rosidl_typesupport_cppExport.cmake
[1.110s] -- Up-to-date: /home/x650/UAV/ROS2/install/location_msgs/share/location_msgs/cmake/location_msgs__rosidl_typesupport_cppExport-noconfig.cmake
[1.111s] -- Up-to-date: /home/x650/UAV/ROS2/install/location_msgs/share/location_msgs/cmake/export_location_msgs__rosidl_generator_pyExport.cmake
[1.111s] -- Up-to-date: /home/x650/UAV/ROS2/install/location_msgs/share/location_msgs/cmake/export_location_msgs__rosidl_generator_pyExport-noconfig.cmake
[1.111s] -- Up-to-date: /home/x650/UAV/ROS2/install/location_msgs/share/location_msgs/cmake/rosidl_cmake-extras.cmake
[1.111s] -- Up-to-date: /home/x650/UAV/ROS2/install/location_msgs/share/location_msgs/cmake/ament_cmake_export_dependencies-extras.cmake
[1.112s] -- Up-to-date: /home/x650/UAV/ROS2/install/location_msgs/share/location_msgs/cmake/ament_cmake_export_include_directories-extras.cmake
[1.112s] -- Up-to-date: /home/x650/UAV/ROS2/install/location_msgs/share/location_msgs/cmake/ament_cmake_export_libraries-extras.cmake
[1.112s] -- Up-to-date: /home/x650/UAV/ROS2/install/location_msgs/share/location_msgs/cmake/ament_cmake_export_targets-extras.cmake
[1.113s] -- Up-to-date: /home/x650/UAV/ROS2/install/location_msgs/share/location_msgs/cmake/rosidl_cmake_export_typesupport_targets-extras.cmake
[1.113s] -- Up-to-date: /home/x650/UAV/ROS2/install/location_msgs/share/location_msgs/cmake/rosidl_cmake_export_typesupport_libraries-extras.cmake
[1.113s] -- Up-to-date: /home/x650/UAV/ROS2/install/location_msgs/share/location_msgs/cmake/location_msgsConfig.cmake
[1.113s] -- Up-to-date: /home/x650/UAV/ROS2/install/location_msgs/share/location_msgs/cmake/location_msgsConfig-version.cmake
[1.114s] -- Up-to-date: /home/x650/UAV/ROS2/install/location_msgs/share/location_msgs/package.xml
[1.119s] Invoked command in '/home/x650/UAV/ROS2/build/location_msgs' returned '0': CMAKE_PREFIX_PATH=${CMAKE_PREFIX_PATH}:/home/x650/UAV/ROS2/install/uav_patrol:/opt/ros/humble /usr/bin/cmake --install /home/x650/UAV/ROS2/build/location_msgs
