[1.034s] Invoking command in '/home/xs/UAV/ROS2/ctrl_relayer': PYTHONPATH=/home/xs/UAV/ROS2/build/ctrl_relayer/prefix_override:/home/xs/UAV/ROS2/install/ctrl_relayer/lib/python3.8/site-packages:${PYTHONPATH} /usr/bin/python3 -W ignore:setup.py install is deprecated setup.py egg_info --egg-base ../build/ctrl_relayer build --build-base /home/xs/UAV/ROS2/build/ctrl_relayer/build install --record /home/xs/UAV/ROS2/build/ctrl_relayer/install.log --single-version-externally-managed install_data
[1.204s] running egg_info
[1.205s] writing ../build/ctrl_relayer/ctrl_relayer.egg-info/PKG-INFO
[1.205s] writing dependency_links to ../build/ctrl_relayer/ctrl_relayer.egg-info/dependency_links.txt
[1.205s] writing entry points to ../build/ctrl_relayer/ctrl_relayer.egg-info/entry_points.txt
[1.205s] writing requirements to ../build/ctrl_relayer/ctrl_relayer.egg-info/requires.txt
[1.205s] writing top-level names to ../build/ctrl_relayer/ctrl_relayer.egg-info/top_level.txt
[1.231s] reading manifest file '../build/ctrl_relayer/ctrl_relayer.egg-info/SOURCES.txt'
[1.231s] writing manifest file '../build/ctrl_relayer/ctrl_relayer.egg-info/SOURCES.txt'
[1.231s] running build
[1.231s] running build_py
[1.232s] running install
[1.232s] running install_lib
[1.233s] running install_data
[1.233s] running install_egg_info
[1.235s] removing '/home/xs/UAV/ROS2/install/ctrl_relayer/lib/python3.8/site-packages/ctrl_relayer-0.0.0-py3.8.egg-info' (and everything under it)
[1.235s] Copying ../build/ctrl_relayer/ctrl_relayer.egg-info to /home/xs/UAV/ROS2/install/ctrl_relayer/lib/python3.8/site-packages/ctrl_relayer-0.0.0-py3.8.egg-info
[1.235s] running install_scripts
[1.248s] Installing cmd_subscriber script to /home/xs/UAV/ROS2/install/ctrl_relayer/lib/ctrl_relayer
[1.248s] writing list of installed files to '/home/xs/UAV/ROS2/build/ctrl_relayer/install.log'
[1.280s] Invoked command in '/home/xs/UAV/ROS2/ctrl_relayer' returned '0': PYTHONPATH=/home/xs/UAV/ROS2/build/ctrl_relayer/prefix_override:/home/xs/UAV/ROS2/install/ctrl_relayer/lib/python3.8/site-packages:${PYTHONPATH} /usr/bin/python3 -W ignore:setup.py install is deprecated setup.py egg_info --egg-base ../build/ctrl_relayer build --build-base /home/xs/UAV/ROS2/build/ctrl_relayer/build install --record /home/xs/UAV/ROS2/build/ctrl_relayer/install.log --single-version-externally-managed install_data
