[1.210s] Invoking command in '/home/xs/UAV/ROS2/object_detector': PYTHONPATH=/home/xs/UAV/ROS2/build/object_detector/prefix_override:/home/xs/UAV/ROS2/install/object_detector/lib/python3.8/site-packages:${PYTHONPATH} /usr/bin/python3 -W ignore:setup.py install is deprecated setup.py egg_info --egg-base ../build/object_detector build --build-base /home/xs/UAV/ROS2/build/object_detector/build install --record /home/xs/UAV/ROS2/build/object_detector/install.log --single-version-externally-managed install_data
[1.382s] running egg_info
[1.383s] writing ../build/object_detector/object_detector.egg-info/PKG-INFO
[1.383s] writing dependency_links to ../build/object_detector/object_detector.egg-info/dependency_links.txt
[1.383s] writing entry points to ../build/object_detector/object_detector.egg-info/entry_points.txt
[1.383s] writing requirements to ../build/object_detector/object_detector.egg-info/requires.txt
[1.383s] writing top-level names to ../build/object_detector/object_detector.egg-info/top_level.txt
[1.410s] reading manifest file '../build/object_detector/object_detector.egg-info/SOURCES.txt'
[1.411s] writing manifest file '../build/object_detector/object_detector.egg-info/SOURCES.txt'
[1.411s] running build
[1.411s] running build_py
[1.411s] running install
[1.412s] running install_lib
[1.413s] running install_data
[1.414s] running install_egg_info
[1.415s] removing '/home/xs/UAV/ROS2/install/object_detector/lib/python3.8/site-packages/object_detector-0.0.0-py3.8.egg-info' (and everything under it)
[1.415s] Copying ../build/object_detector/object_detector.egg-info to /home/xs/UAV/ROS2/install/object_detector/lib/python3.8/site-packages/object_detector-0.0.0-py3.8.egg-info
[1.416s] running install_scripts
[1.437s] Installing dft_publisher script to /home/xs/UAV/ROS2/install/object_detector/lib/object_detector
[1.437s] writing list of installed files to '/home/xs/UAV/ROS2/build/object_detector/install.log'
[1.457s] Invoked command in '/home/xs/UAV/ROS2/object_detector' returned '0': PYTHONPATH=/home/xs/UAV/ROS2/build/object_detector/prefix_override:/home/xs/UAV/ROS2/install/object_detector/lib/python3.8/site-packages:${PYTHONPATH} /usr/bin/python3 -W ignore:setup.py install is deprecated setup.py egg_info --egg-base ../build/object_detector build --build-base /home/xs/UAV/ROS2/build/object_detector/build install --record /home/xs/UAV/ROS2/build/object_detector/install.log --single-version-externally-managed install_data
