[0.442s] Invoking command in '/home/xs/UAV/ROS2/gps_handler': AMENT_PREFIX_PATH=/home/xs/UAV/ROS2/install/nmea_msgs:${AMENT_PREFIX_PATH} CMAKE_PREFIX_PATH=/home/xs/UAV/ROS2/install/nmea_msgs LD_LIBRARY_PATH=/home/xs/UAV/ROS2/install/nmea_msgs/lib:${LD_LIBRARY_PATH} PYTHONPATH=/home/xs/UAV/ROS2/build/gps_handler/prefix_override:/home/xs/UAV/ROS2/install/gps_handler/lib/python3.8/site-packages:/home/xs/UAV/ROS2/install/nmea_msgs/lib/python3.8/site-packages:${PYTHONPATH} /usr/bin/python3 -W ignore:setup.py install is deprecated setup.py egg_info --egg-base ../build/gps_handler build --build-base /home/xs/UAV/ROS2/build/gps_handler/build install --record /home/xs/UAV/ROS2/build/gps_handler/install.log --single-version-externally-managed install_data
[0.587s] running egg_info
[0.587s] creating ../build/gps_handler/gps_handler.egg-info
[0.587s] writing ../build/gps_handler/gps_handler.egg-info/PKG-INFO
[0.588s] writing dependency_links to ../build/gps_handler/gps_handler.egg-info/dependency_links.txt
[0.588s] writing entry points to ../build/gps_handler/gps_handler.egg-info/entry_points.txt
[0.588s] writing requirements to ../build/gps_handler/gps_handler.egg-info/requires.txt
[0.588s] writing top-level names to ../build/gps_handler/gps_handler.egg-info/top_level.txt
[0.589s] writing manifest file '../build/gps_handler/gps_handler.egg-info/SOURCES.txt'
[0.610s] reading manifest file '../build/gps_handler/gps_handler.egg-info/SOURCES.txt'
[0.611s] writing manifest file '../build/gps_handler/gps_handler.egg-info/SOURCES.txt'
[0.611s] running build
[0.611s] running build_py
[0.611s] creating /home/xs/UAV/ROS2/build/gps_handler/build
[0.611s] creating /home/xs/UAV/ROS2/build/gps_handler/build/lib
[0.611s] creating /home/xs/UAV/ROS2/build/gps_handler/build/lib/gps_handler
[0.611s] copying gps_handler/checksum_utils.py -> /home/xs/UAV/ROS2/build/gps_handler/build/lib/gps_handler
[0.611s] copying gps_handler/driver.py -> /home/xs/UAV/ROS2/build/gps_handler/build/lib/gps_handler
[0.612s] copying gps_handler/parser.py -> /home/xs/UAV/ROS2/build/gps_handler/build/lib/gps_handler
[0.612s] copying gps_handler/__init__.py -> /home/xs/UAV/ROS2/build/gps_handler/build/lib/gps_handler
[0.612s] creating /home/xs/UAV/ROS2/build/gps_handler/build/lib/gps_handler/nodes
[0.612s] copying gps_handler/nodes/__init__.py -> /home/xs/UAV/ROS2/build/gps_handler/build/lib/gps_handler/nodes
[0.612s] copying gps_handler/nodes/nmea_serial_driver.py -> /home/xs/UAV/ROS2/build/gps_handler/build/lib/gps_handler/nodes
[0.612s] copying gps_handler/nodes/gps_path.py -> /home/xs/UAV/ROS2/build/gps_handler/build/lib/gps_handler/nodes
[0.612s] running install
[0.613s] running install_lib
[0.613s] creating /home/xs/UAV/ROS2/install/gps_handler/lib/python3.8/site-packages/gps_handler
[0.614s] creating /home/xs/UAV/ROS2/install/gps_handler/lib/python3.8/site-packages/gps_handler/nodes
[0.614s] copying /home/xs/UAV/ROS2/build/gps_handler/build/lib/gps_handler/nodes/__init__.py -> /home/xs/UAV/ROS2/install/gps_handler/lib/python3.8/site-packages/gps_handler/nodes
[0.614s] copying /home/xs/UAV/ROS2/build/gps_handler/build/lib/gps_handler/nodes/nmea_serial_driver.py -> /home/xs/UAV/ROS2/install/gps_handler/lib/python3.8/site-packages/gps_handler/nodes
[0.614s] copying /home/xs/UAV/ROS2/build/gps_handler/build/lib/gps_handler/nodes/gps_path.py -> /home/xs/UAV/ROS2/install/gps_handler/lib/python3.8/site-packages/gps_handler/nodes
[0.614s] copying /home/xs/UAV/ROS2/build/gps_handler/build/lib/gps_handler/checksum_utils.py -> /home/xs/UAV/ROS2/install/gps_handler/lib/python3.8/site-packages/gps_handler
[0.614s] copying /home/xs/UAV/ROS2/build/gps_handler/build/lib/gps_handler/driver.py -> /home/xs/UAV/ROS2/install/gps_handler/lib/python3.8/site-packages/gps_handler
[0.614s] copying /home/xs/UAV/ROS2/build/gps_handler/build/lib/gps_handler/parser.py -> /home/xs/UAV/ROS2/install/gps_handler/lib/python3.8/site-packages/gps_handler
[0.614s] copying /home/xs/UAV/ROS2/build/gps_handler/build/lib/gps_handler/__init__.py -> /home/xs/UAV/ROS2/install/gps_handler/lib/python3.8/site-packages/gps_handler
[0.614s] byte-compiling /home/xs/UAV/ROS2/install/gps_handler/lib/python3.8/site-packages/gps_handler/nodes/__init__.py to __init__.cpython-38.pyc
[0.615s] byte-compiling /home/xs/UAV/ROS2/install/gps_handler/lib/python3.8/site-packages/gps_handler/nodes/nmea_serial_driver.py to nmea_serial_driver.cpython-38.pyc
[0.615s] byte-compiling /home/xs/UAV/ROS2/install/gps_handler/lib/python3.8/site-packages/gps_handler/nodes/gps_path.py to gps_path.cpython-38.pyc
[0.616s] byte-compiling /home/xs/UAV/ROS2/install/gps_handler/lib/python3.8/site-packages/gps_handler/checksum_utils.py to checksum_utils.cpython-38.pyc
[0.616s] byte-compiling /home/xs/UAV/ROS2/install/gps_handler/lib/python3.8/site-packages/gps_handler/driver.py to driver.cpython-38.pyc
[0.617s] byte-compiling /home/xs/UAV/ROS2/install/gps_handler/lib/python3.8/site-packages/gps_handler/parser.py to parser.cpython-38.pyc
[0.618s] byte-compiling /home/xs/UAV/ROS2/install/gps_handler/lib/python3.8/site-packages/gps_handler/__init__.py to __init__.cpython-38.pyc
[0.618s] running install_data
[0.618s] creating /home/xs/UAV/ROS2/install/gps_handler/share/ament_index
[0.618s] creating /home/xs/UAV/ROS2/install/gps_handler/share/ament_index/resource_index
[0.618s] creating /home/xs/UAV/ROS2/install/gps_handler/share/ament_index/resource_index/packages
[0.618s] copying resource/gps_handler -> /home/xs/UAV/ROS2/install/gps_handler/share/ament_index/resource_index/packages
[0.618s] copying package.xml -> /home/xs/UAV/ROS2/install/gps_handler/share/gps_handler
[0.618s] creating /home/xs/UAV/ROS2/install/gps_handler/share/gps_handler/launch
[0.618s] copying launch/gps_handler.launch.py -> /home/xs/UAV/ROS2/install/gps_handler/share/gps_handler/launch
[0.618s] creating /home/xs/UAV/ROS2/install/gps_handler/share/gps_handler/config
[0.618s] copying config/gps_handler.yaml -> /home/xs/UAV/ROS2/install/gps_handler/share/gps_handler/config
[0.618s] running install_egg_info
[0.620s] Copying ../build/gps_handler/gps_handler.egg-info to /home/xs/UAV/ROS2/install/gps_handler/lib/python3.8/site-packages/gps_handler-2.0.0-py3.8.egg-info
[0.620s] running install_scripts
[0.631s] Installing nmea_serial_driver script to /home/xs/UAV/ROS2/install/gps_handler/lib/gps_handler
[0.631s] writing list of installed files to '/home/xs/UAV/ROS2/build/gps_handler/install.log'
[0.646s] Invoked command in '/home/xs/UAV/ROS2/gps_handler' returned '0': AMENT_PREFIX_PATH=/home/xs/UAV/ROS2/install/nmea_msgs:${AMENT_PREFIX_PATH} CMAKE_PREFIX_PATH=/home/xs/UAV/ROS2/install/nmea_msgs LD_LIBRARY_PATH=/home/xs/UAV/ROS2/install/nmea_msgs/lib:${LD_LIBRARY_PATH} PYTHONPATH=/home/xs/UAV/ROS2/build/gps_handler/prefix_override:/home/xs/UAV/ROS2/install/gps_handler/lib/python3.8/site-packages:/home/xs/UAV/ROS2/install/nmea_msgs/lib/python3.8/site-packages:${PYTHONPATH} /usr/bin/python3 -W ignore:setup.py install is deprecated setup.py egg_info --egg-base ../build/gps_handler build --build-base /home/xs/UAV/ROS2/build/gps_handler/build install --record /home/xs/UAV/ROS2/build/gps_handler/install.log --single-version-externally-managed install_data
