[0.009s] Invoking command in '/home/xs/UAV/ROS2/build/location_msgs': CMAKE_PREFIX_PATH=/opt/ros/galactic /usr/bin/cmake --build /home/xs/UAV/ROS2/build/location_msgs -- -j8 -l8
[0.039s] -- Found ament_cmake: 1.1.6 (/opt/ros/galactic/share/ament_cmake/cmake)
[0.056s] -- Found PythonInterp: /usr/bin/python3 (found suitable version "3.8.10", minimum required is "3") 
[0.056s] -- Using PYTHON_EXECUTABLE: /usr/bin/python3
[0.103s] -- Found rosidl_default_generators: 1.1.1 (/opt/ros/galactic/share/rosidl_default_generators/cmake)
[0.104s] -- Using all available rosidl_typesupport_c: rosidl_typesupport_fastrtps_c;rosidl_typesupport_introspection_c
[0.108s] -- Found rosidl_adapter: 2.2.3 (/opt/ros/galactic/share/rosidl_adapter/cmake)
[0.205s] -- Using all available rosidl_typesupport_cpp: rosidl_typesupport_fastrtps_cpp;rosidl_typesupport_introspection_cpp
[0.222s] -- Found std_msgs: 2.2.4 (/opt/ros/galactic/share/std_msgs/cmake)
[0.245s] -- Found sensor_msgs: 2.2.4 (/opt/ros/galactic/share/sensor_msgs/cmake)
[0.339s] -- Found PythonInterp: /usr/bin/python3 (found version "3.8.10") 
[0.483s] -- Found ament_cmake_ros: 0.9.2 (/opt/ros/galactic/share/ament_cmake_ros/cmake)
[0.680s] -- Using all available rosidl_typesupport_c: rosidl_typesupport_fastrtps_c;rosidl_typesupport_introspection_c
[0.779s] -- Using all available rosidl_typesupport_cpp: rosidl_typesupport_fastrtps_cpp;rosidl_typesupport_introspection_cpp
[0.797s] -- Found PythonInterp: /usr/bin/python3 (found suitable version "3.8.10", minimum required is "3.5") 
[0.797s] -- Found python_cmake_module: 0.8.1 (/opt/ros/galactic/share/python_cmake_module/cmake)
[0.814s] -- Using PYTHON_EXECUTABLE: /usr/bin/python3
[0.814s] -- Using PYTHON_INCLUDE_DIRS: /usr/include/python3.8
[0.814s] -- Using PYTHON_LIBRARIES: /usr/lib/x86_64-linux-gnu/libpython3.8.so
[0.865s] -- Configuring done
[0.915s] -- Generating done
[0.917s] -- Build files have been written to: /home/xs/UAV/ROS2/build/location_msgs
[0.934s] [35m[1mScanning dependencies of target location_msgs__cpp[0m
[0.935s] [  1%] [34m[1mGenerating C code for ROS interfaces[0m
[0.942s] [  3%] [34m[1mGenerating C++ code for ROS interfaces[0m
[1.202s] [  3%] Built target location_msgs__cpp
[1.213s] [  4%] [34m[1mGenerating C++ type support dispatch for ROS interfaces[0m
[1.217s] [  6%] [34m[1mGenerating C++ introspection for ROS interfaces[0m
[1.222s] [  7%] [34m[1mGenerating C++ type support for eProsima Fast-RTPS[0m
[1.243s] [35m[1mScanning dependencies of target location_msgs__rosidl_generator_c[0m
[1.257s] [ 14%] [32mBuilding C object CMakeFiles/location_msgs__rosidl_generator_c.dir/rosidl_generator_c/location_msgs/msg/detail/defects__functions.c.o[0m
[1.258s] [ 14%] [32mBuilding C object CMakeFiles/location_msgs__rosidl_generator_c.dir/rosidl_generator_c/location_msgs/msg/detail/gps_fix__functions.c.o[0m
[1.258s] [ 14%] [32mBuilding C object CMakeFiles/location_msgs__rosidl_generator_c.dir/rosidl_generator_c/location_msgs/msg/detail/pixel_point__functions.c.o[0m
[1.258s] [ 14%] [32mBuilding C object CMakeFiles/location_msgs__rosidl_generator_c.dir/rosidl_generator_c/location_msgs/msg/detail/defect_box__functions.c.o[0m
[1.258s] [ 15%] [32mBuilding C object CMakeFiles/location_msgs__rosidl_generator_c.dir/rosidl_generator_c/location_msgs/msg/detail/yaw__functions.c.o[0m
[1.327s] [ 17%] [32m[1mLinking C shared library liblocation_msgs__rosidl_generator_c.so[0m
[1.381s] [ 17%] Built target location_msgs__rosidl_generator_c
[1.385s] [ 19%] [34m[1mGenerating C introspection for ROS interfaces[0m
[1.398s] [ 20%] [34m[1mGenerating C type support dispatch for ROS interfaces[0m
[1.528s] [35m[1mScanning dependencies of target location_msgs__rosidl_typesupport_cpp[0m
[1.545s] [ 22%] [32mBuilding CXX object CMakeFiles/location_msgs__rosidl_typesupport_cpp.dir/rosidl_typesupport_cpp/location_msgs/msg/pixel_point__type_support.cpp.o[0m
[1.546s] [ 25%] [32mBuilding CXX object CMakeFiles/location_msgs__rosidl_typesupport_cpp.dir/rosidl_typesupport_cpp/location_msgs/msg/gps_fix__type_support.cpp.o[0m
[1.546s] [ 25%] [32mBuilding CXX object CMakeFiles/location_msgs__rosidl_typesupport_cpp.dir/rosidl_typesupport_cpp/location_msgs/msg/defect_box__type_support.cpp.o[0m
[1.550s] [ 26%] [32mBuilding CXX object CMakeFiles/location_msgs__rosidl_typesupport_cpp.dir/rosidl_typesupport_cpp/location_msgs/msg/defects__type_support.cpp.o[0m
[1.555s] [35m[1mScanning dependencies of target location_msgs__rosidl_typesupport_introspection_cpp[0m
[1.568s] [ 28%] [32mBuilding CXX object CMakeFiles/location_msgs__rosidl_typesupport_introspection_cpp.dir/rosidl_typesupport_introspection_cpp/location_msgs/msg/detail/gps_fix__type_support.cpp.o[0m
[1.635s] [35m[1mScanning dependencies of target location_msgs__rosidl_typesupport_fastrtps_cpp[0m
[1.652s] [ 30%] [32mBuilding CXX object CMakeFiles/location_msgs__rosidl_typesupport_fastrtps_cpp.dir/rosidl_typesupport_fastrtps_cpp/location_msgs/msg/detail/dds_fastrtps/gps_fix__type_support.cpp.o[0m
[1.735s] [35m[1mScanning dependencies of target location_msgs__rosidl_typesupport_c[0m
[1.750s] [ 31%] [32mBuilding CXX object CMakeFiles/location_msgs__rosidl_typesupport_c.dir/rosidl_typesupport_c/location_msgs/msg/gps_fix__type_support.cpp.o[0m
[1.803s] [ 33%] [32mBuilding CXX object CMakeFiles/location_msgs__rosidl_typesupport_c.dir/rosidl_typesupport_c/location_msgs/msg/pixel_point__type_support.cpp.o[0m
[1.836s] [ 34%] [32mBuilding CXX object CMakeFiles/location_msgs__rosidl_typesupport_c.dir/rosidl_typesupport_c/location_msgs/msg/defect_box__type_support.cpp.o[0m
[1.868s] [ 36%] [32mBuilding CXX object CMakeFiles/location_msgs__rosidl_typesupport_c.dir/rosidl_typesupport_c/location_msgs/msg/defects__type_support.cpp.o[0m
[1.877s] [ 39%] [32mBuilding CXX object CMakeFiles/location_msgs__rosidl_typesupport_c.dir/rosidl_typesupport_c/location_msgs/msg/yaw__type_support.cpp.o[0m
[1.877s] [ 39%] [32mBuilding CXX object CMakeFiles/location_msgs__rosidl_typesupport_introspection_cpp.dir/rosidl_typesupport_introspection_cpp/location_msgs/msg/detail/pixel_point__type_support.cpp.o[0m
[1.880s] [35m[1mScanning dependencies of target location_msgs__rosidl_typesupport_introspection_c[0m
[1.889s] [ 41%] [32mBuilding CXX object CMakeFiles/location_msgs__rosidl_typesupport_cpp.dir/rosidl_typesupport_cpp/location_msgs/msg/yaw__type_support.cpp.o[0m
[1.890s] [ 42%] [32mBuilding CXX object CMakeFiles/location_msgs__rosidl_typesupport_introspection_cpp.dir/rosidl_typesupport_introspection_cpp/location_msgs/msg/detail/defect_box__type_support.cpp.o[0m
[1.898s] [ 44%] [32mBuilding C object CMakeFiles/location_msgs__rosidl_typesupport_introspection_c.dir/rosidl_typesupport_introspection_c/location_msgs/msg/detail/gps_fix__type_support.c.o[0m
[1.898s] [ 46%] [32mBuilding C object CMakeFiles/location_msgs__rosidl_typesupport_introspection_c.dir/rosidl_typesupport_introspection_c/location_msgs/msg/detail/pixel_point__type_support.c.o[0m
[1.916s] [ 47%] [32m[1mLinking CXX shared library liblocation_msgs__rosidl_typesupport_c.so[0m
[1.920s] [ 49%] [32mBuilding CXX object CMakeFiles/location_msgs__rosidl_typesupport_introspection_cpp.dir/rosidl_typesupport_introspection_cpp/location_msgs/msg/detail/defects__type_support.cpp.o[0m
[1.932s] [ 50%] [32mBuilding C object CMakeFiles/location_msgs__rosidl_typesupport_introspection_c.dir/rosidl_typesupport_introspection_c/location_msgs/msg/detail/defect_box__type_support.c.o[0m
[1.935s] [ 52%] [32mBuilding C object CMakeFiles/location_msgs__rosidl_typesupport_introspection_c.dir/rosidl_typesupport_introspection_c/location_msgs/msg/detail/defects__type_support.c.o[0m
[1.965s] [ 52%] Built target location_msgs__rosidl_typesupport_c
[1.967s] [ 53%] [32mBuilding CXX object CMakeFiles/location_msgs__rosidl_typesupport_fastrtps_cpp.dir/rosidl_typesupport_fastrtps_cpp/location_msgs/msg/detail/dds_fastrtps/pixel_point__type_support.cpp.o[0m
[1.973s] [ 55%] [32mBuilding C object CMakeFiles/location_msgs__rosidl_typesupport_introspection_c.dir/rosidl_typesupport_introspection_c/location_msgs/msg/detail/yaw__type_support.c.o[0m
[1.974s] [ 57%] [32mBuilding CXX object CMakeFiles/location_msgs__rosidl_typesupport_fastrtps_cpp.dir/rosidl_typesupport_fastrtps_cpp/location_msgs/msg/detail/dds_fastrtps/defect_box__type_support.cpp.o[0m
[2.007s] [ 58%] [32m[1mLinking C shared library liblocation_msgs__rosidl_typesupport_introspection_c.so[0m
[2.043s] [ 58%] Built target location_msgs__rosidl_typesupport_introspection_c
[2.053s] [ 60%] [32mBuilding CXX object CMakeFiles/location_msgs__rosidl_typesupport_fastrtps_cpp.dir/rosidl_typesupport_fastrtps_cpp/location_msgs/msg/detail/dds_fastrtps/defects__type_support.cpp.o[0m
[2.241s] [ 61%] [32mBuilding CXX object CMakeFiles/location_msgs__rosidl_typesupport_introspection_cpp.dir/rosidl_typesupport_introspection_cpp/location_msgs/msg/detail/yaw__type_support.cpp.o[0m
[2.248s] [ 63%] [32mBuilding CXX object CMakeFiles/location_msgs__rosidl_typesupport_fastrtps_cpp.dir/rosidl_typesupport_fastrtps_cpp/location_msgs/msg/detail/dds_fastrtps/yaw__type_support.cpp.o[0m
[2.255s] [ 65%] [32m[1mLinking CXX shared library liblocation_msgs__rosidl_typesupport_cpp.so[0m
[2.292s] [ 65%] Built target location_msgs__rosidl_typesupport_cpp
[2.479s] [ 66%] [32m[1mLinking CXX shared library liblocation_msgs__rosidl_typesupport_introspection_cpp.so[0m
[2.537s] [ 66%] Built target location_msgs__rosidl_typesupport_introspection_cpp
[2.565s] [ 68%] [32m[1mLinking CXX shared library liblocation_msgs__rosidl_typesupport_fastrtps_cpp.so[0m
[2.638s] [ 68%] Built target location_msgs__rosidl_typesupport_fastrtps_cpp
[2.646s] [ 69%] [34m[1mGenerating C type support for eProsima Fast-RTPS[0m
[2.884s] [35m[1mScanning dependencies of target location_msgs__rosidl_typesupport_fastrtps_c[0m
[2.897s] [ 73%] [32mBuilding CXX object CMakeFiles/location_msgs__rosidl_typesupport_fastrtps_c.dir/rosidl_typesupport_fastrtps_c/location_msgs/msg/detail/defect_box__type_support_c.cpp.o[0m
[2.897s] [ 73%] [32mBuilding CXX object CMakeFiles/location_msgs__rosidl_typesupport_fastrtps_c.dir/rosidl_typesupport_fastrtps_c/location_msgs/msg/detail/gps_fix__type_support_c.cpp.o[0m
[2.898s] [ 74%] [32mBuilding CXX object CMakeFiles/location_msgs__rosidl_typesupport_fastrtps_c.dir/rosidl_typesupport_fastrtps_c/location_msgs/msg/detail/pixel_point__type_support_c.cpp.o[0m
[2.898s] [ 76%] [32mBuilding CXX object CMakeFiles/location_msgs__rosidl_typesupport_fastrtps_c.dir/rosidl_typesupport_fastrtps_c/location_msgs/msg/detail/yaw__type_support_c.cpp.o[0m
[2.898s] [ 77%] [32mBuilding CXX object CMakeFiles/location_msgs__rosidl_typesupport_fastrtps_c.dir/rosidl_typesupport_fastrtps_c/location_msgs/msg/detail/defects__type_support_c.cpp.o[0m
[3.224s] [ 79%] [32m[1mLinking CXX shared library liblocation_msgs__rosidl_typesupport_fastrtps_c.so[0m
[3.291s] [ 79%] Built target location_msgs__rosidl_typesupport_fastrtps_c
[3.304s] [ 79%] Built target location_msgs
[3.312s] [35m[1mScanning dependencies of target location_msgs__py[0m
[3.320s] [ 80%] [34m[1mGenerating Python code for ROS interfaces[0m
[3.814s] [ 80%] Built target location_msgs__py
[3.822s] [35m[1mScanning dependencies of target location_msgs__python[0m
[3.837s] [ 82%] [32mBuilding C object CMakeFiles/location_msgs__python.dir/rosidl_generator_py/location_msgs/msg/_pixel_point_s.c.o[0m
[3.837s] [ 84%] [32mBuilding C object CMakeFiles/location_msgs__python.dir/rosidl_generator_py/location_msgs/msg/_yaw_s.c.o[0m
[3.838s] [ 85%] [32mBuilding C object CMakeFiles/location_msgs__python.dir/rosidl_generator_py/location_msgs/msg/_gps_fix_s.c.o[0m
[3.839s] [ 87%] [32mBuilding C object CMakeFiles/location_msgs__python.dir/rosidl_generator_py/location_msgs/msg/_defect_box_s.c.o[0m
[3.839s] [ 88%] [32mBuilding C object CMakeFiles/location_msgs__python.dir/rosidl_generator_py/location_msgs/msg/_defects_s.c.o[0m
[3.928s] [ 90%] [32m[1mLinking C shared library rosidl_generator_py/location_msgs/liblocation_msgs__python.so[0m
[3.960s] [ 90%] Built target location_msgs__python
[3.968s] [35m[1mScanning dependencies of target location_msgs__rosidl_typesupport_c__pyext[0m
[3.968s] [35m[1mScanning dependencies of target location_msgs__rosidl_typesupport_introspection_c__pyext[0m
[3.968s] [35m[1mScanning dependencies of target location_msgs__rosidl_typesupport_fastrtps_c__pyext[0m
[3.979s] [ 92%] [32mBuilding C object CMakeFiles/location_msgs__rosidl_typesupport_c__pyext.dir/rosidl_generator_py/location_msgs/_location_msgs_s.ep.rosidl_typesupport_c.c.o[0m
[3.980s] [ 95%] [32mBuilding C object CMakeFiles/location_msgs__rosidl_typesupport_introspection_c__pyext.dir/rosidl_generator_py/location_msgs/_location_msgs_s.ep.rosidl_typesupport_introspection_c.c.o[0m
[3.980s] [ 95%] [32mBuilding C object CMakeFiles/location_msgs__rosidl_typesupport_fastrtps_c__pyext.dir/rosidl_generator_py/location_msgs/_location_msgs_s.ep.rosidl_typesupport_fastrtps_c.c.o[0m
[4.043s] [ 98%] [32m[1mLinking C shared library rosidl_generator_py/location_msgs/location_msgs_s__rosidl_typesupport_c.cpython-38-x86_64-linux-gnu.so[0m
[4.043s] [ 98%] [32m[1mLinking C shared library rosidl_generator_py/location_msgs/location_msgs_s__rosidl_typesupport_introspection_c.cpython-38-x86_64-linux-gnu.so[0m
[4.044s] [100%] [32m[1mLinking CXX shared library rosidl_generator_py/location_msgs/location_msgs_s__rosidl_typesupport_fastrtps_c.cpython-38-x86_64-linux-gnu.so[0m
[4.072s] [100%] Built target location_msgs__rosidl_typesupport_introspection_c__pyext
[4.072s] [100%] Built target location_msgs__rosidl_typesupport_c__pyext
[4.092s] [100%] Built target location_msgs__rosidl_typesupport_fastrtps_c__pyext
[4.100s] Invoked command in '/home/xs/UAV/ROS2/build/location_msgs' returned '0': CMAKE_PREFIX_PATH=/opt/ros/galactic /usr/bin/cmake --build /home/xs/UAV/ROS2/build/location_msgs -- -j8 -l8
[4.165s] Invoking command in '/home/xs/UAV/ROS2/build/location_msgs': CMAKE_PREFIX_PATH=/opt/ros/galactic /usr/bin/cmake --install /home/xs/UAV/ROS2/build/location_msgs
[4.172s] -- Install configuration: ""
[4.172s] -- Installing: /home/xs/UAV/ROS2/install/location_msgs/share/ament_index/resource_index/rosidl_interfaces/location_msgs
[4.172s] -- Up-to-date: /home/xs/UAV/ROS2/install/location_msgs/include/location_msgs
[4.172s] -- Up-to-date: /home/xs/UAV/ROS2/install/location_msgs/include/location_msgs/msg
[4.172s] -- Installing: /home/xs/UAV/ROS2/install/location_msgs/include/location_msgs/msg/yaw.h
[4.172s] -- Installing: /home/xs/UAV/ROS2/install/location_msgs/include/location_msgs/msg/defect_box.h
[4.172s] -- Installing: /home/xs/UAV/ROS2/install/location_msgs/include/location_msgs/msg/defects.h
[4.172s] -- Up-to-date: /home/xs/UAV/ROS2/install/location_msgs/include/location_msgs/msg/detail
[4.172s] -- Installing: /home/xs/UAV/ROS2/install/location_msgs/include/location_msgs/msg/detail/defect_box__functions.c
[4.172s] -- Installing: /home/xs/UAV/ROS2/install/location_msgs/include/location_msgs/msg/detail/yaw__struct.h
[4.172s] -- Installing: /home/xs/UAV/ROS2/install/location_msgs/include/location_msgs/msg/detail/gps_fix__type_support.h
[4.172s] -- Installing: /home/xs/UAV/ROS2/install/location_msgs/include/location_msgs/msg/detail/yaw__type_support.h
[4.172s] -- Installing: /home/xs/UAV/ROS2/install/location_msgs/include/location_msgs/msg/detail/yaw__functions.h
[4.173s] -- Installing: /home/xs/UAV/ROS2/install/location_msgs/include/location_msgs/msg/detail/gps_fix__struct.h
[4.173s] -- Installing: /home/xs/UAV/ROS2/install/location_msgs/include/location_msgs/msg/detail/pixel_point__struct.h
[4.173s] -- Installing: /home/xs/UAV/ROS2/install/location_msgs/include/location_msgs/msg/detail/defects__struct.h
[4.173s] -- Installing: /home/xs/UAV/ROS2/install/location_msgs/include/location_msgs/msg/detail/gps_fix__functions.h
[4.173s] -- Installing: /home/xs/UAV/ROS2/install/location_msgs/include/location_msgs/msg/detail/defect_box__type_support.h
[4.173s] -- Installing: /home/xs/UAV/ROS2/install/location_msgs/include/location_msgs/msg/detail/yaw__functions.c
[4.173s] -- Installing: /home/xs/UAV/ROS2/install/location_msgs/include/location_msgs/msg/detail/pixel_point__functions.h
[4.173s] -- Installing: /home/xs/UAV/ROS2/install/location_msgs/include/location_msgs/msg/detail/pixel_point__type_support.h
[4.173s] -- Installing: /home/xs/UAV/ROS2/install/location_msgs/include/location_msgs/msg/detail/defects__functions.c
[4.173s] -- Installing: /home/xs/UAV/ROS2/install/location_msgs/include/location_msgs/msg/detail/defects__functions.h
[4.173s] -- Installing: /home/xs/UAV/ROS2/install/location_msgs/include/location_msgs/msg/detail/gps_fix__functions.c
[4.173s] -- Installing: /home/xs/UAV/ROS2/install/location_msgs/include/location_msgs/msg/detail/pixel_point__functions.c
[4.174s] -- Installing: /home/xs/UAV/ROS2/install/location_msgs/include/location_msgs/msg/detail/defect_box__struct.h
[4.174s] -- Installing: /home/xs/UAV/ROS2/install/location_msgs/include/location_msgs/msg/detail/defects__type_support.h
[4.174s] -- Installing: /home/xs/UAV/ROS2/install/location_msgs/include/location_msgs/msg/detail/defect_box__functions.h
[4.174s] -- Up-to-date: /home/xs/UAV/ROS2/install/location_msgs/include/location_msgs/msg/rosidl_generator_c__visibility_control.h
[4.174s] -- Installing: /home/xs/UAV/ROS2/install/location_msgs/include/location_msgs/msg/gps_fix.h
[4.174s] -- Installing: /home/xs/UAV/ROS2/install/location_msgs/include/location_msgs/msg/pixel_point.h
[4.174s] -- Installing: /home/xs/UAV/ROS2/install/location_msgs/share/location_msgs/environment/library_path.sh
[4.174s] -- Installing: /home/xs/UAV/ROS2/install/location_msgs/share/location_msgs/environment/library_path.dsv
[4.174s] -- Installing: /home/xs/UAV/ROS2/install/location_msgs/lib/liblocation_msgs__rosidl_generator_c.so
[4.175s] -- Set runtime path of "/home/xs/UAV/ROS2/install/location_msgs/lib/liblocation_msgs__rosidl_generator_c.so" to ""
[4.175s] -- Up-to-date: /home/xs/UAV/ROS2/install/location_msgs/include/location_msgs
[4.175s] -- Up-to-date: /home/xs/UAV/ROS2/install/location_msgs/include/location_msgs/msg
[4.175s] -- Up-to-date: /home/xs/UAV/ROS2/install/location_msgs/include/location_msgs/msg/detail
[4.175s] -- Installing: /home/xs/UAV/ROS2/install/location_msgs/include/location_msgs/msg/detail/defects__rosidl_typesupport_fastrtps_c.h
[4.175s] -- Installing: /home/xs/UAV/ROS2/install/location_msgs/include/location_msgs/msg/detail/defect_box__rosidl_typesupport_fastrtps_c.h
[4.175s] -- Installing: /home/xs/UAV/ROS2/install/location_msgs/include/location_msgs/msg/detail/pixel_point__rosidl_typesupport_fastrtps_c.h
[4.175s] -- Installing: /home/xs/UAV/ROS2/install/location_msgs/include/location_msgs/msg/detail/yaw__rosidl_typesupport_fastrtps_c.h
[4.175s] -- Installing: /home/xs/UAV/ROS2/install/location_msgs/include/location_msgs/msg/detail/gps_fix__rosidl_typesupport_fastrtps_c.h
[4.175s] -- Up-to-date: /home/xs/UAV/ROS2/install/location_msgs/include/location_msgs/msg/rosidl_typesupport_fastrtps_c__visibility_control.h
[4.175s] -- Installing: /home/xs/UAV/ROS2/install/location_msgs/lib/liblocation_msgs__rosidl_typesupport_fastrtps_c.so
[4.176s] -- Set runtime path of "/home/xs/UAV/ROS2/install/location_msgs/lib/liblocation_msgs__rosidl_typesupport_fastrtps_c.so" to ""
[4.176s] -- Up-to-date: /home/xs/UAV/ROS2/install/location_msgs/include/location_msgs
[4.176s] -- Up-to-date: /home/xs/UAV/ROS2/install/location_msgs/include/location_msgs/msg
[4.176s] -- Up-to-date: /home/xs/UAV/ROS2/install/location_msgs/include/location_msgs/msg/detail
[4.176s] -- Installing: /home/xs/UAV/ROS2/install/location_msgs/include/location_msgs/msg/detail/defect_box__rosidl_typesupport_fastrtps_cpp.hpp
[4.176s] -- Installing: /home/xs/UAV/ROS2/install/location_msgs/include/location_msgs/msg/detail/yaw__rosidl_typesupport_fastrtps_cpp.hpp
[4.176s] -- Installing: /home/xs/UAV/ROS2/install/location_msgs/include/location_msgs/msg/detail/pixel_point__rosidl_typesupport_fastrtps_cpp.hpp
[4.176s] -- Installing: /home/xs/UAV/ROS2/install/location_msgs/include/location_msgs/msg/detail/gps_fix__rosidl_typesupport_fastrtps_cpp.hpp
[4.176s] -- Installing: /home/xs/UAV/ROS2/install/location_msgs/include/location_msgs/msg/detail/defects__rosidl_typesupport_fastrtps_cpp.hpp
[4.176s] -- Installing: /home/xs/UAV/ROS2/install/location_msgs/include/location_msgs/msg/detail/dds_fastrtps
[4.176s] -- Up-to-date: /home/xs/UAV/ROS2/install/location_msgs/include/location_msgs/msg/rosidl_typesupport_fastrtps_cpp__visibility_control.h
[4.176s] -- Installing: /home/xs/UAV/ROS2/install/location_msgs/lib/liblocation_msgs__rosidl_typesupport_fastrtps_cpp.so
[4.177s] -- Set runtime path of "/home/xs/UAV/ROS2/install/location_msgs/lib/liblocation_msgs__rosidl_typesupport_fastrtps_cpp.so" to ""
[4.177s] -- Up-to-date: /home/xs/UAV/ROS2/install/location_msgs/include/location_msgs
[4.177s] -- Up-to-date: /home/xs/UAV/ROS2/install/location_msgs/include/location_msgs/msg
[4.177s] -- Up-to-date: /home/xs/UAV/ROS2/install/location_msgs/include/location_msgs/msg/rosidl_typesupport_introspection_c__visibility_control.h
[4.177s] -- Up-to-date: /home/xs/UAV/ROS2/install/location_msgs/include/location_msgs/msg/detail
[4.177s] -- Installing: /home/xs/UAV/ROS2/install/location_msgs/include/location_msgs/msg/detail/defect_box__type_support.c
[4.177s] -- Installing: /home/xs/UAV/ROS2/install/location_msgs/include/location_msgs/msg/detail/pixel_point__type_support.c
[4.177s] -- Installing: /home/xs/UAV/ROS2/install/location_msgs/include/location_msgs/msg/detail/yaw__rosidl_typesupport_introspection_c.h
[4.177s] -- Installing: /home/xs/UAV/ROS2/install/location_msgs/include/location_msgs/msg/detail/gps_fix__rosidl_typesupport_introspection_c.h
[4.177s] -- Installing: /home/xs/UAV/ROS2/install/location_msgs/include/location_msgs/msg/detail/defect_box__rosidl_typesupport_introspection_c.h
[4.177s] -- Installing: /home/xs/UAV/ROS2/install/location_msgs/include/location_msgs/msg/detail/defects__type_support.c
[4.178s] -- Installing: /home/xs/UAV/ROS2/install/location_msgs/include/location_msgs/msg/detail/yaw__type_support.c
[4.178s] -- Installing: /home/xs/UAV/ROS2/install/location_msgs/include/location_msgs/msg/detail/defects__rosidl_typesupport_introspection_c.h
[4.178s] -- Installing: /home/xs/UAV/ROS2/install/location_msgs/include/location_msgs/msg/detail/pixel_point__rosidl_typesupport_introspection_c.h
[4.178s] -- Installing: /home/xs/UAV/ROS2/install/location_msgs/include/location_msgs/msg/detail/gps_fix__type_support.c
[4.178s] -- Installing: /home/xs/UAV/ROS2/install/location_msgs/lib/liblocation_msgs__rosidl_typesupport_introspection_c.so
[4.178s] -- Set runtime path of "/home/xs/UAV/ROS2/install/location_msgs/lib/liblocation_msgs__rosidl_typesupport_introspection_c.so" to ""
[4.178s] -- Installing: /home/xs/UAV/ROS2/install/location_msgs/lib/liblocation_msgs__rosidl_typesupport_c.so
[4.179s] -- Set runtime path of "/home/xs/UAV/ROS2/install/location_msgs/lib/liblocation_msgs__rosidl_typesupport_c.so" to ""
[4.179s] -- Up-to-date: /home/xs/UAV/ROS2/install/location_msgs/include/location_msgs
[4.179s] -- Up-to-date: /home/xs/UAV/ROS2/install/location_msgs/include/location_msgs/msg
[4.179s] -- Installing: /home/xs/UAV/ROS2/install/location_msgs/include/location_msgs/msg/yaw.hpp
[4.179s] -- Installing: /home/xs/UAV/ROS2/install/location_msgs/include/location_msgs/msg/pixel_point.hpp
[4.179s] -- Installing: /home/xs/UAV/ROS2/install/location_msgs/include/location_msgs/msg/defects.hpp
[4.179s] -- Installing: /home/xs/UAV/ROS2/install/location_msgs/include/location_msgs/msg/defect_box.hpp
[4.179s] -- Up-to-date: /home/xs/UAV/ROS2/install/location_msgs/include/location_msgs/msg/detail
[4.179s] -- Installing: /home/xs/UAV/ROS2/install/location_msgs/include/location_msgs/msg/detail/pixel_point__builder.hpp
[4.179s] -- Installing: /home/xs/UAV/ROS2/install/location_msgs/include/location_msgs/msg/detail/defect_box__traits.hpp
[4.179s] -- Installing: /home/xs/UAV/ROS2/install/location_msgs/include/location_msgs/msg/detail/defect_box__builder.hpp
[4.179s] -- Installing: /home/xs/UAV/ROS2/install/location_msgs/include/location_msgs/msg/detail/gps_fix__struct.hpp
[4.179s] -- Installing: /home/xs/UAV/ROS2/install/location_msgs/include/location_msgs/msg/detail/yaw__builder.hpp
[4.179s] -- Installing: /home/xs/UAV/ROS2/install/location_msgs/include/location_msgs/msg/detail/pixel_point__traits.hpp
[4.180s] -- Installing: /home/xs/UAV/ROS2/install/location_msgs/include/location_msgs/msg/detail/pixel_point__struct.hpp
[4.180s] -- Installing: /home/xs/UAV/ROS2/install/location_msgs/include/location_msgs/msg/detail/defect_box__struct.hpp
[4.180s] -- Installing: /home/xs/UAV/ROS2/install/location_msgs/include/location_msgs/msg/detail/defects__traits.hpp
[4.180s] -- Installing: /home/xs/UAV/ROS2/install/location_msgs/include/location_msgs/msg/detail/defects__struct.hpp
[4.180s] -- Installing: /home/xs/UAV/ROS2/install/location_msgs/include/location_msgs/msg/detail/yaw__struct.hpp
[4.180s] -- Installing: /home/xs/UAV/ROS2/install/location_msgs/include/location_msgs/msg/detail/gps_fix__traits.hpp
[4.180s] -- Installing: /home/xs/UAV/ROS2/install/location_msgs/include/location_msgs/msg/detail/gps_fix__builder.hpp
[4.180s] -- Installing: /home/xs/UAV/ROS2/install/location_msgs/include/location_msgs/msg/detail/yaw__traits.hpp
[4.180s] -- Installing: /home/xs/UAV/ROS2/install/location_msgs/include/location_msgs/msg/detail/defects__builder.hpp
[4.180s] -- Installing: /home/xs/UAV/ROS2/install/location_msgs/include/location_msgs/msg/gps_fix.hpp
[4.180s] -- Up-to-date: /home/xs/UAV/ROS2/install/location_msgs/include/location_msgs
[4.180s] -- Up-to-date: /home/xs/UAV/ROS2/install/location_msgs/include/location_msgs/msg
[4.180s] -- Up-to-date: /home/xs/UAV/ROS2/install/location_msgs/include/location_msgs/msg/detail
[4.180s] -- Installing: /home/xs/UAV/ROS2/install/location_msgs/include/location_msgs/msg/detail/gps_fix__type_support.cpp
[4.181s] -- Installing: /home/xs/UAV/ROS2/install/location_msgs/include/location_msgs/msg/detail/pixel_point__type_support.cpp
[4.181s] -- Installing: /home/xs/UAV/ROS2/install/location_msgs/include/location_msgs/msg/detail/pixel_point__rosidl_typesupport_introspection_cpp.hpp
[4.181s] -- Installing: /home/xs/UAV/ROS2/install/location_msgs/include/location_msgs/msg/detail/defect_box__type_support.cpp
[4.181s] -- Installing: /home/xs/UAV/ROS2/install/location_msgs/include/location_msgs/msg/detail/gps_fix__rosidl_typesupport_introspection_cpp.hpp
[4.181s] -- Installing: /home/xs/UAV/ROS2/install/location_msgs/include/location_msgs/msg/detail/defect_box__rosidl_typesupport_introspection_cpp.hpp
[4.181s] -- Installing: /home/xs/UAV/ROS2/install/location_msgs/include/location_msgs/msg/detail/yaw__type_support.cpp
[4.181s] -- Installing: /home/xs/UAV/ROS2/install/location_msgs/include/location_msgs/msg/detail/yaw__rosidl_typesupport_introspection_cpp.hpp
[4.181s] -- Installing: /home/xs/UAV/ROS2/install/location_msgs/include/location_msgs/msg/detail/defects__type_support.cpp
[4.181s] -- Installing: /home/xs/UAV/ROS2/install/location_msgs/include/location_msgs/msg/detail/defects__rosidl_typesupport_introspection_cpp.hpp
[4.181s] -- Installing: /home/xs/UAV/ROS2/install/location_msgs/lib/liblocation_msgs__rosidl_typesupport_introspection_cpp.so
[4.182s] -- Set runtime path of "/home/xs/UAV/ROS2/install/location_msgs/lib/liblocation_msgs__rosidl_typesupport_introspection_cpp.so" to ""
[4.182s] -- Installing: /home/xs/UAV/ROS2/install/location_msgs/lib/liblocation_msgs__rosidl_typesupport_cpp.so
[4.182s] -- Set runtime path of "/home/xs/UAV/ROS2/install/location_msgs/lib/liblocation_msgs__rosidl_typesupport_cpp.so" to ""
[4.182s] -- Up-to-date: /home/xs/UAV/ROS2/install/location_msgs/share/location_msgs/environment/pythonpath.sh
[4.182s] -- Installing: /home/xs/UAV/ROS2/install/location_msgs/share/location_msgs/environment/pythonpath.dsv
[4.182s] -- Installing: /home/xs/UAV/ROS2/install/location_msgs/lib/python3.8/site-packages/location_msgs/__init__.py
[4.203s] Compiling '/home/xs/UAV/ROS2/install/location_msgs/lib/python3.8/site-packages/location_msgs/__init__.py'...
[4.206s] -- Up-to-date: /home/xs/UAV/ROS2/install/location_msgs/lib/python3.8/site-packages/location_msgs/msg
[4.206s] -- Installing: /home/xs/UAV/ROS2/install/location_msgs/lib/python3.8/site-packages/location_msgs/msg/_gps_fix.py
[4.207s] -- Installing: /home/xs/UAV/ROS2/install/location_msgs/lib/python3.8/site-packages/location_msgs/msg/_yaw.py
[4.207s] -- Installing: /home/xs/UAV/ROS2/install/location_msgs/lib/python3.8/site-packages/location_msgs/msg/_defect_box_s.c
[4.207s] -- Installing: /home/xs/UAV/ROS2/install/location_msgs/lib/python3.8/site-packages/location_msgs/msg/_pixel_point_s.c
[4.207s] -- Installing: /home/xs/UAV/ROS2/install/location_msgs/lib/python3.8/site-packages/location_msgs/msg/__init__.py
[4.207s] -- Installing: /home/xs/UAV/ROS2/install/location_msgs/lib/python3.8/site-packages/location_msgs/msg/_defects_s.c
[4.207s] -- Installing: /home/xs/UAV/ROS2/install/location_msgs/lib/python3.8/site-packages/location_msgs/msg/_defect_box.py
[4.207s] -- Installing: /home/xs/UAV/ROS2/install/location_msgs/lib/python3.8/site-packages/location_msgs/msg/_yaw_s.c
[4.207s] -- Installing: /home/xs/UAV/ROS2/install/location_msgs/lib/python3.8/site-packages/location_msgs/msg/_defects.py
[4.207s] -- Installing: /home/xs/UAV/ROS2/install/location_msgs/lib/python3.8/site-packages/location_msgs/msg/_pixel_point.py
[4.207s] -- Installing: /home/xs/UAV/ROS2/install/location_msgs/lib/python3.8/site-packages/location_msgs/msg/_gps_fix_s.c
[4.207s] -- Installing: /home/xs/UAV/ROS2/install/location_msgs/lib/python3.8/site-packages/location_msgs/location_msgs_s__rosidl_typesupport_fastrtps_c.cpython-38-x86_64-linux-gnu.so
[4.207s] -- Set runtime path of "/home/xs/UAV/ROS2/install/location_msgs/lib/python3.8/site-packages/location_msgs/location_msgs_s__rosidl_typesupport_fastrtps_c.cpython-38-x86_64-linux-gnu.so" to ""
[4.208s] -- Installing: /home/xs/UAV/ROS2/install/location_msgs/lib/python3.8/site-packages/location_msgs/location_msgs_s__rosidl_typesupport_introspection_c.cpython-38-x86_64-linux-gnu.so
[4.208s] -- Set runtime path of "/home/xs/UAV/ROS2/install/location_msgs/lib/python3.8/site-packages/location_msgs/location_msgs_s__rosidl_typesupport_introspection_c.cpython-38-x86_64-linux-gnu.so" to ""
[4.208s] -- Installing: /home/xs/UAV/ROS2/install/location_msgs/lib/python3.8/site-packages/location_msgs/location_msgs_s__rosidl_typesupport_c.cpython-38-x86_64-linux-gnu.so
[4.209s] -- Set runtime path of "/home/xs/UAV/ROS2/install/location_msgs/lib/python3.8/site-packages/location_msgs/location_msgs_s__rosidl_typesupport_c.cpython-38-x86_64-linux-gnu.so" to ""
[4.209s] -- Installing: /home/xs/UAV/ROS2/install/location_msgs/lib/liblocation_msgs__python.so
[4.209s] -- Set runtime path of "/home/xs/UAV/ROS2/install/location_msgs/lib/liblocation_msgs__python.so" to ""
[4.210s] -- Up-to-date: /home/xs/UAV/ROS2/install/location_msgs/share/location_msgs/msg/GpsFix.idl
[4.210s] -- Up-to-date: /home/xs/UAV/ROS2/install/location_msgs/share/location_msgs/msg/PixelPoint.idl
[4.210s] -- Up-to-date: /home/xs/UAV/ROS2/install/location_msgs/share/location_msgs/msg/DefectBox.idl
[4.210s] -- Up-to-date: /home/xs/UAV/ROS2/install/location_msgs/share/location_msgs/msg/Defects.idl
[4.210s] -- Installing: /home/xs/UAV/ROS2/install/location_msgs/share/location_msgs/msg/Yaw.idl
[4.210s] -- Up-to-date: /home/xs/UAV/ROS2/install/location_msgs/share/location_msgs/msg/GpsFix.msg
[4.210s] -- Up-to-date: /home/xs/UAV/ROS2/install/location_msgs/share/location_msgs/msg/PixelPoint.msg
[4.210s] -- Up-to-date: /home/xs/UAV/ROS2/install/location_msgs/share/location_msgs/msg/DefectBox.msg
[4.210s] -- Up-to-date: /home/xs/UAV/ROS2/install/location_msgs/share/location_msgs/msg/Defects.msg
[4.210s] -- Installing: /home/xs/UAV/ROS2/install/location_msgs/share/location_msgs/msg/Yaw.msg
[4.210s] -- Up-to-date: /home/xs/UAV/ROS2/install/location_msgs/share/ament_index/resource_index/package_run_dependencies/location_msgs
[4.210s] -- Installing: /home/xs/UAV/ROS2/install/location_msgs/share/ament_index/resource_index/parent_prefix_path/location_msgs
[4.210s] -- Installing: /home/xs/UAV/ROS2/install/location_msgs/share/location_msgs/environment/ament_prefix_path.sh
[4.210s] -- Installing: /home/xs/UAV/ROS2/install/location_msgs/share/location_msgs/environment/ament_prefix_path.dsv
[4.210s] -- Installing: /home/xs/UAV/ROS2/install/location_msgs/share/location_msgs/environment/path.sh
[4.210s] -- Installing: /home/xs/UAV/ROS2/install/location_msgs/share/location_msgs/environment/path.dsv
[4.211s] -- Up-to-date: /home/xs/UAV/ROS2/install/location_msgs/share/location_msgs/local_setup.bash
[4.211s] -- Up-to-date: /home/xs/UAV/ROS2/install/location_msgs/share/location_msgs/local_setup.sh
[4.211s] -- Up-to-date: /home/xs/UAV/ROS2/install/location_msgs/share/location_msgs/local_setup.zsh
[4.211s] -- Installing: /home/xs/UAV/ROS2/install/location_msgs/share/location_msgs/local_setup.dsv
[4.211s] -- Installing: /home/xs/UAV/ROS2/install/location_msgs/share/location_msgs/package.dsv
[4.211s] -- Up-to-date: /home/xs/UAV/ROS2/install/location_msgs/share/ament_index/resource_index/packages/location_msgs
[4.211s] -- Up-to-date: /home/xs/UAV/ROS2/install/location_msgs/share/location_msgs/cmake/location_msgs__rosidl_generator_cExport.cmake
[4.211s] -- Installing: /home/xs/UAV/ROS2/install/location_msgs/share/location_msgs/cmake/location_msgs__rosidl_generator_cExport-noconfig.cmake
[4.211s] -- Up-to-date: /home/xs/UAV/ROS2/install/location_msgs/share/location_msgs/cmake/location_msgs__rosidl_typesupport_introspection_cExport.cmake
[4.211s] -- Installing: /home/xs/UAV/ROS2/install/location_msgs/share/location_msgs/cmake/location_msgs__rosidl_typesupport_introspection_cExport-noconfig.cmake
[4.212s] -- Up-to-date: /home/xs/UAV/ROS2/install/location_msgs/share/location_msgs/cmake/location_msgs__rosidl_typesupport_cExport.cmake
[4.212s] -- Installing: /home/xs/UAV/ROS2/install/location_msgs/share/location_msgs/cmake/location_msgs__rosidl_typesupport_cExport-noconfig.cmake
[4.212s] -- Up-to-date: /home/xs/UAV/ROS2/install/location_msgs/share/location_msgs/cmake/location_msgs__rosidl_generator_cppExport.cmake
[4.212s] -- Up-to-date: /home/xs/UAV/ROS2/install/location_msgs/share/location_msgs/cmake/location_msgs__rosidl_typesupport_introspection_cppExport.cmake
[4.212s] -- Installing: /home/xs/UAV/ROS2/install/location_msgs/share/location_msgs/cmake/location_msgs__rosidl_typesupport_introspection_cppExport-noconfig.cmake
[4.212s] -- Up-to-date: /home/xs/UAV/ROS2/install/location_msgs/share/location_msgs/cmake/location_msgs__rosidl_typesupport_cppExport.cmake
[4.212s] -- Installing: /home/xs/UAV/ROS2/install/location_msgs/share/location_msgs/cmake/location_msgs__rosidl_typesupport_cppExport-noconfig.cmake
[4.212s] -- Installing: /home/xs/UAV/ROS2/install/location_msgs/share/location_msgs/cmake/rosidl_cmake-extras.cmake
[4.213s] -- Up-to-date: /home/xs/UAV/ROS2/install/location_msgs/share/location_msgs/cmake/ament_cmake_export_dependencies-extras.cmake
[4.213s] -- Up-to-date: /home/xs/UAV/ROS2/install/location_msgs/share/location_msgs/cmake/ament_cmake_export_libraries-extras.cmake
[4.213s] -- Up-to-date: /home/xs/UAV/ROS2/install/location_msgs/share/location_msgs/cmake/ament_cmake_export_targets-extras.cmake
[4.213s] -- Up-to-date: /home/xs/UAV/ROS2/install/location_msgs/share/location_msgs/cmake/ament_cmake_export_include_directories-extras.cmake
[4.213s] -- Up-to-date: /home/xs/UAV/ROS2/install/location_msgs/share/location_msgs/cmake/rosidl_cmake_export_typesupport_libraries-extras.cmake
[4.213s] -- Up-to-date: /home/xs/UAV/ROS2/install/location_msgs/share/location_msgs/cmake/rosidl_cmake_export_typesupport_targets-extras.cmake
[4.213s] -- Up-to-date: /home/xs/UAV/ROS2/install/location_msgs/share/location_msgs/cmake/location_msgsConfig.cmake
[4.213s] -- Up-to-date: /home/xs/UAV/ROS2/install/location_msgs/share/location_msgs/cmake/location_msgsConfig-version.cmake
[4.213s] -- Up-to-date: /home/xs/UAV/ROS2/install/location_msgs/share/location_msgs/package.xml
[4.215s] Invoked command in '/home/xs/UAV/ROS2/build/location_msgs' returned '0': CMAKE_PREFIX_PATH=/opt/ros/galactic /usr/bin/cmake --install /home/xs/UAV/ROS2/build/location_msgs
