[0.455s] Invoking command in '/home/xs/UAV/ROS2/gps_handler': PYTHONPATH=/home/xs/UAV/ROS2/build/gps_handler/prefix_override:/home/xs/UAV/ROS2/install/gps_handler/lib/python3.8/site-packages:/home/xs/UAV/ROS2/install/nmea_msgs/lib/python3.8/site-packages:/home/xs/UAV/ROS2/install/tf_converter/lib/python3.8/site-packages:/home/xs/UAV/ROS2/install/object_detector/lib/python3.8/site-packages:/home/xs/UAV/ROS2/install/gps_handler/lib/python3.8/site-packages:/home/xs/UAV/ROS2/install/ctrl_relayer/lib/python3.8/site-packages:/opt/ros/galactic/lib/python3.8/site-packages /usr/bin/python3 -W ignore:setup.py install is deprecated setup.py egg_info --egg-base ../build/gps_handler build --build-base /home/xs/UAV/ROS2/build/gps_handler/build install --record /home/xs/UAV/ROS2/build/gps_handler/install.log --single-version-externally-managed install_data
[0.605s] running egg_info
[0.606s] writing ../build/gps_handler/gps_handler.egg-info/PKG-INFO
[0.606s] writing dependency_links to ../build/gps_handler/gps_handler.egg-info/dependency_links.txt
[0.606s] writing entry points to ../build/gps_handler/gps_handler.egg-info/entry_points.txt
[0.606s] writing requirements to ../build/gps_handler/gps_handler.egg-info/requires.txt
[0.606s] writing top-level names to ../build/gps_handler/gps_handler.egg-info/top_level.txt
[0.629s] reading manifest file '../build/gps_handler/gps_handler.egg-info/SOURCES.txt'
[0.630s] writing manifest file '../build/gps_handler/gps_handler.egg-info/SOURCES.txt'
[0.630s] running build
[0.630s] running build_py
[0.630s] running install
[0.631s] running install_lib
[0.632s] running install_data
[0.632s] running install_egg_info
[0.633s] removing '/home/xs/UAV/ROS2/install/gps_handler/lib/python3.8/site-packages/gps_handler-2.0.0-py3.8.egg-info' (and everything under it)
[0.633s] Copying ../build/gps_handler/gps_handler.egg-info to /home/xs/UAV/ROS2/install/gps_handler/lib/python3.8/site-packages/gps_handler-2.0.0-py3.8.egg-info
[0.634s] running install_scripts
[0.645s] Installing nmea_serial_driver script to /home/xs/UAV/ROS2/install/gps_handler/lib/gps_handler
[0.645s] writing list of installed files to '/home/xs/UAV/ROS2/build/gps_handler/install.log'
[0.660s] Invoked command in '/home/xs/UAV/ROS2/gps_handler' returned '0': PYTHONPATH=/home/xs/UAV/ROS2/build/gps_handler/prefix_override:/home/xs/UAV/ROS2/install/gps_handler/lib/python3.8/site-packages:/home/xs/UAV/ROS2/install/nmea_msgs/lib/python3.8/site-packages:/home/xs/UAV/ROS2/install/tf_converter/lib/python3.8/site-packages:/home/xs/UAV/ROS2/install/object_detector/lib/python3.8/site-packages:/home/xs/UAV/ROS2/install/gps_handler/lib/python3.8/site-packages:/home/xs/UAV/ROS2/install/ctrl_relayer/lib/python3.8/site-packages:/opt/ros/galactic/lib/python3.8/site-packages /usr/bin/python3 -W ignore:setup.py install is deprecated setup.py egg_info --egg-base ../build/gps_handler build --build-base /home/xs/UAV/ROS2/build/gps_handler/build install --record /home/xs/UAV/ROS2/build/gps_handler/install.log --single-version-externally-managed install_data
