[0.008s] Invoking command in '/home/xs/UAV/ROS2/build/location_msgs': CMAKE_PREFIX_PATH=/opt/ros/galactic /usr/bin/cmake /home/xs/UAV/ROS2/location_msgs -DCMAKE_INSTALL_PREFIX=/home/xs/UAV/ROS2/install/location_msgs
[0.115s] -- The C compiler identification is GNU 9.4.0
[0.203s] -- The CXX compiler identification is GNU 9.4.0
[0.208s] -- Check for working C compiler: /usr/bin/cc
[0.274s] -- Check for working C compiler: /usr/bin/cc -- works
[0.275s] -- Detecting C compiler ABI info
[0.325s] -- Detecting C compiler ABI info - done
[0.334s] -- Detecting C compile features
[0.334s] -- Detecting C compile features - done
[0.336s] -- Check for working CXX compiler: /usr/bin/c++
[0.389s] -- Check for working CXX compiler: /usr/bin/c++ -- works
[0.390s] -- Detecting CXX compiler ABI info
[0.448s] -- Detecting CXX compiler ABI info - done
[0.461s] -- Detecting CXX compile features
[0.462s] -- Detecting CXX compile features - done
[0.467s] -- Found ament_cmake: 1.1.6 (/opt/ros/galactic/share/ament_cmake/cmake)
[0.485s] -- Found PythonInterp: /usr/bin/python3 (found suitable version "3.8.10", minimum required is "3") 
[0.485s] -- Using PYTHON_EXECUTABLE: /usr/bin/python3
[0.546s] -- Found rosidl_default_generators: 1.1.1 (/opt/ros/galactic/share/rosidl_default_generators/cmake)
[0.548s] -- Using all available rosidl_typesupport_c: rosidl_typesupport_fastrtps_c;rosidl_typesupport_introspection_c
[0.554s] -- Found rosidl_adapter: 2.2.3 (/opt/ros/galactic/share/rosidl_adapter/cmake)
[0.623s] -- Found OpenSSL: /usr/lib/x86_64-linux-gnu/libcrypto.so (found version "1.1.1f")  
[0.643s] -- Found FastRTPS: /opt/ros/galactic/include  
[0.700s] -- Using all available rosidl_typesupport_cpp: rosidl_typesupport_fastrtps_cpp;rosidl_typesupport_introspection_cpp
[0.721s] -- Found std_msgs: 2.2.4 (/opt/ros/galactic/share/std_msgs/cmake)
[0.747s] -- Found sensor_msgs: 2.2.4 (/opt/ros/galactic/share/sensor_msgs/cmake)
[0.847s] -- Found PythonInterp: /usr/bin/python3 (found version "3.8.10") 
[0.994s] -- Found ament_cmake_ros: 0.9.2 (/opt/ros/galactic/share/ament_cmake_ros/cmake)
[1.205s] -- Using all available rosidl_typesupport_c: rosidl_typesupport_fastrtps_c;rosidl_typesupport_introspection_c
[1.309s] -- Using all available rosidl_typesupport_cpp: rosidl_typesupport_fastrtps_cpp;rosidl_typesupport_introspection_cpp
[1.328s] -- Found PythonInterp: /usr/bin/python3 (found suitable version "3.8.10", minimum required is "3.5") 
[1.329s] -- Found python_cmake_module: 0.8.1 (/opt/ros/galactic/share/python_cmake_module/cmake)
[1.348s] -- Found PythonLibs: /usr/lib/x86_64-linux-gnu/libpython3.8.so (found suitable version "3.8.10", minimum required is "3.5") 
[1.349s] -- Using PYTHON_EXECUTABLE: /usr/bin/python3
[1.349s] -- Using PYTHON_INCLUDE_DIRS: /usr/include/python3.8
[1.349s] -- Using PYTHON_LIBRARIES: /usr/lib/x86_64-linux-gnu/libpython3.8.so
[1.365s] -- Found PythonExtra: .so  
[1.440s] -- Configuring done
[1.488s] -- Generating done
[1.490s] -- Build files have been written to: /home/xs/UAV/ROS2/build/location_msgs
[1.496s] Invoked command in '/home/xs/UAV/ROS2/build/location_msgs' returned '0': CMAKE_PREFIX_PATH=/opt/ros/galactic /usr/bin/cmake /home/xs/UAV/ROS2/location_msgs -DCMAKE_INSTALL_PREFIX=/home/xs/UAV/ROS2/install/location_msgs
[1.498s] Invoking command in '/home/xs/UAV/ROS2/build/location_msgs': CMAKE_PREFIX_PATH=/opt/ros/galactic /usr/bin/cmake --build /home/xs/UAV/ROS2/build/location_msgs -- -j8 -l8
[1.525s] [35m[1mScanning dependencies of target location_msgs__cpp[0m
[1.526s] [  1%] [34m[1mGenerating C code for ROS interfaces[0m
[1.534s] [  3%] [34m[1mGenerating C++ code for ROS interfaces[0m
[1.787s] [  3%] Built target location_msgs__cpp
[1.798s] [  7%] [34m[1mGenerating C++ introspection for ROS interfaces[0m
[1.798s] [  7%] [34m[1mGenerating C++ type support for eProsima Fast-RTPS[0m
[1.798s] [  9%] [34m[1mGenerating C++ type support dispatch for ROS interfaces[0m
[1.812s] [35m[1mScanning dependencies of target location_msgs__rosidl_generator_c[0m
[1.827s] [ 10%] [32mBuilding C object CMakeFiles/location_msgs__rosidl_generator_c.dir/rosidl_generator_c/location_msgs/msg/detail/gps_fix__functions.c.o[0m
[1.829s] [ 12%] [32mBuilding C object CMakeFiles/location_msgs__rosidl_generator_c.dir/rosidl_generator_c/location_msgs/msg/detail/pixel_point__functions.c.o[0m
[1.829s] [ 14%] [32mBuilding C object CMakeFiles/location_msgs__rosidl_generator_c.dir/rosidl_generator_c/location_msgs/msg/detail/defect_box__functions.c.o[0m
[1.834s] [ 16%] [32mBuilding C object CMakeFiles/location_msgs__rosidl_generator_c.dir/rosidl_generator_c/location_msgs/msg/detail/defects__functions.c.o[0m
[1.879s] [ 18%] [32m[1mLinking C shared library liblocation_msgs__rosidl_generator_c.so[0m
[1.908s] [ 18%] Built target location_msgs__rosidl_generator_c
[1.916s] [ 20%] [34m[1mGenerating C introspection for ROS interfaces[0m
[1.919s] [ 21%] [34m[1mGenerating C type support dispatch for ROS interfaces[0m
[1.994s] [35m[1mScanning dependencies of target location_msgs__rosidl_typesupport_cpp[0m
[2.010s] [ 25%] [32mBuilding CXX object CMakeFiles/location_msgs__rosidl_typesupport_cpp.dir/rosidl_typesupport_cpp/location_msgs/msg/gps_fix__type_support.cpp.o[0m
[2.010s] [ 25%] [32mBuilding CXX object CMakeFiles/location_msgs__rosidl_typesupport_cpp.dir/rosidl_typesupport_cpp/location_msgs/msg/pixel_point__type_support.cpp.o[0m
[2.016s] [ 27%] [32mBuilding CXX object CMakeFiles/location_msgs__rosidl_typesupport_cpp.dir/rosidl_typesupport_cpp/location_msgs/msg/defect_box__type_support.cpp.o[0m
[2.020s] [ 29%] [32mBuilding CXX object CMakeFiles/location_msgs__rosidl_typesupport_cpp.dir/rosidl_typesupport_cpp/location_msgs/msg/defects__type_support.cpp.o[0m
[2.129s] [35m[1mScanning dependencies of target location_msgs__rosidl_typesupport_fastrtps_cpp[0m
[2.153s] [ 30%] [32mBuilding CXX object CMakeFiles/location_msgs__rosidl_typesupport_fastrtps_cpp.dir/rosidl_typesupport_fastrtps_cpp/location_msgs/msg/detail/dds_fastrtps/gps_fix__type_support.cpp.o[0m
[2.171s] [35m[1mScanning dependencies of target location_msgs__rosidl_typesupport_introspection_cpp[0m
[2.205s] [ 32%] [32mBuilding CXX object CMakeFiles/location_msgs__rosidl_typesupport_introspection_cpp.dir/rosidl_typesupport_introspection_cpp/location_msgs/msg/detail/gps_fix__type_support.cpp.o[0m
[2.214s] [35m[1mScanning dependencies of target location_msgs__rosidl_typesupport_c[0m
[2.252s] [ 34%] [32mBuilding CXX object CMakeFiles/location_msgs__rosidl_typesupport_c.dir/rosidl_typesupport_c/location_msgs/msg/gps_fix__type_support.cpp.o[0m
[2.291s] [ 36%] [32mBuilding CXX object CMakeFiles/location_msgs__rosidl_typesupport_c.dir/rosidl_typesupport_c/location_msgs/msg/pixel_point__type_support.cpp.o[0m
[2.323s] [ 38%] [32mBuilding CXX object CMakeFiles/location_msgs__rosidl_typesupport_c.dir/rosidl_typesupport_c/location_msgs/msg/defect_box__type_support.cpp.o[0m
[2.349s] [ 40%] [32mBuilding CXX object CMakeFiles/location_msgs__rosidl_typesupport_introspection_cpp.dir/rosidl_typesupport_introspection_cpp/location_msgs/msg/detail/pixel_point__type_support.cpp.o[0m
[2.358s] [ 41%] [32mBuilding CXX object CMakeFiles/location_msgs__rosidl_typesupport_c.dir/rosidl_typesupport_c/location_msgs/msg/defects__type_support.cpp.o[0m
[2.359s] [35m[1mScanning dependencies of target location_msgs__rosidl_typesupport_introspection_c[0m
[2.367s] [ 43%] [32mBuilding CXX object CMakeFiles/location_msgs__rosidl_typesupport_introspection_cpp.dir/rosidl_typesupport_introspection_cpp/location_msgs/msg/detail/defect_box__type_support.cpp.o[0m
[2.368s] [ 45%] [32mBuilding CXX object CMakeFiles/location_msgs__rosidl_typesupport_introspection_cpp.dir/rosidl_typesupport_introspection_cpp/location_msgs/msg/detail/defects__type_support.cpp.o[0m
[2.385s] [ 47%] [32m[1mLinking CXX shared library liblocation_msgs__rosidl_typesupport_cpp.so[0m
[2.396s] [ 50%] [32m[1mLinking CXX shared library liblocation_msgs__rosidl_typesupport_c.so[0m
[2.396s] [ 50%] [32mBuilding C object CMakeFiles/location_msgs__rosidl_typesupport_introspection_c.dir/rosidl_typesupport_introspection_c/location_msgs/msg/detail/gps_fix__type_support.c.o[0m
[2.435s] [ 50%] Built target location_msgs__rosidl_typesupport_cpp
[2.436s] [ 52%] [32mBuilding C object CMakeFiles/location_msgs__rosidl_typesupport_introspection_c.dir/rosidl_typesupport_introspection_c/location_msgs/msg/detail/pixel_point__type_support.c.o[0m
[2.445s] [ 54%] [32mBuilding C object CMakeFiles/location_msgs__rosidl_typesupport_introspection_c.dir/rosidl_typesupport_introspection_c/location_msgs/msg/detail/defect_box__type_support.c.o[0m
[2.449s] [ 54%] Built target location_msgs__rosidl_typesupport_c
[2.458s] [ 56%] [32mBuilding CXX object CMakeFiles/location_msgs__rosidl_typesupport_fastrtps_cpp.dir/rosidl_typesupport_fastrtps_cpp/location_msgs/msg/detail/dds_fastrtps/pixel_point__type_support.cpp.o[0m
[2.474s] [ 58%] [32mBuilding C object CMakeFiles/location_msgs__rosidl_typesupport_introspection_c.dir/rosidl_typesupport_introspection_c/location_msgs/msg/detail/defects__type_support.c.o[0m
[2.480s] [ 60%] [32mBuilding CXX object CMakeFiles/location_msgs__rosidl_typesupport_fastrtps_cpp.dir/rosidl_typesupport_fastrtps_cpp/location_msgs/msg/detail/dds_fastrtps/defect_box__type_support.cpp.o[0m
[2.512s] [ 61%] [32m[1mLinking C shared library liblocation_msgs__rosidl_typesupport_introspection_c.so[0m
[2.547s] [ 61%] Built target location_msgs__rosidl_typesupport_introspection_c
[2.561s] [ 63%] [32mBuilding CXX object CMakeFiles/location_msgs__rosidl_typesupport_fastrtps_cpp.dir/rosidl_typesupport_fastrtps_cpp/location_msgs/msg/detail/dds_fastrtps/defects__type_support.cpp.o[0m
[2.718s] [ 65%] [32m[1mLinking CXX shared library liblocation_msgs__rosidl_typesupport_introspection_cpp.so[0m
[2.775s] [ 65%] Built target location_msgs__rosidl_typesupport_introspection_cpp
[2.964s] [ 67%] [32m[1mLinking CXX shared library liblocation_msgs__rosidl_typesupport_fastrtps_cpp.so[0m
[3.037s] [ 67%] Built target location_msgs__rosidl_typesupport_fastrtps_cpp
[3.045s] [ 69%] [34m[1mGenerating C type support for eProsima Fast-RTPS[0m
[3.255s] [35m[1mScanning dependencies of target location_msgs__rosidl_typesupport_fastrtps_c[0m
[3.272s] [ 76%] [32mBuilding CXX object CMakeFiles/location_msgs__rosidl_typesupport_fastrtps_c.dir/rosidl_typesupport_fastrtps_c/location_msgs/msg/detail/pixel_point__type_support_c.cpp.o[0m
[3.272s] [ 76%] [32mBuilding CXX object CMakeFiles/location_msgs__rosidl_typesupport_fastrtps_c.dir/rosidl_typesupport_fastrtps_c/location_msgs/msg/detail/gps_fix__type_support_c.cpp.o[0m
[3.272s] [ 76%] [32mBuilding CXX object CMakeFiles/location_msgs__rosidl_typesupport_fastrtps_c.dir/rosidl_typesupport_fastrtps_c/location_msgs/msg/detail/defect_box__type_support_c.cpp.o[0m
[3.272s] [ 76%] [32mBuilding CXX object CMakeFiles/location_msgs__rosidl_typesupport_fastrtps_c.dir/rosidl_typesupport_fastrtps_c/location_msgs/msg/detail/defects__type_support_c.cpp.o[0m
[3.549s] [ 78%] [32m[1mLinking CXX shared library liblocation_msgs__rosidl_typesupport_fastrtps_c.so[0m
[3.629s] [ 78%] Built target location_msgs__rosidl_typesupport_fastrtps_c
[3.636s] [35m[1mScanning dependencies of target location_msgs[0m
[3.643s] [ 78%] Built target location_msgs
[3.650s] [35m[1mScanning dependencies of target location_msgs__py[0m
[3.658s] [ 80%] [34m[1mGenerating Python code for ROS interfaces[0m
[4.092s] [ 80%] Built target location_msgs__py
[4.099s] [35m[1mScanning dependencies of target location_msgs__python[0m
[4.131s] [ 85%] [32mBuilding C object CMakeFiles/location_msgs__python.dir/rosidl_generator_py/location_msgs/msg/_gps_fix_s.c.o[0m
[4.131s] [ 85%] [32mBuilding C object CMakeFiles/location_msgs__python.dir/rosidl_generator_py/location_msgs/msg/_defect_box_s.c.o[0m
[4.131s] [ 85%] [32mBuilding C object CMakeFiles/location_msgs__python.dir/rosidl_generator_py/location_msgs/msg/_pixel_point_s.c.o[0m
[4.131s] [ 87%] [32mBuilding C object CMakeFiles/location_msgs__python.dir/rosidl_generator_py/location_msgs/msg/_defects_s.c.o[0m
[4.229s] [ 89%] [32m[1mLinking C shared library rosidl_generator_py/location_msgs/liblocation_msgs__python.so[0m
[4.261s] [ 89%] Built target location_msgs__python
[4.268s] [35m[1mScanning dependencies of target location_msgs__rosidl_typesupport_c__pyext[0m
[4.268s] [35m[1mScanning dependencies of target location_msgs__rosidl_typesupport_introspection_c__pyext[0m
[4.268s] [35m[1mScanning dependencies of target location_msgs__rosidl_typesupport_fastrtps_c__pyext[0m
[4.283s] [ 92%] [32mBuilding C object CMakeFiles/location_msgs__rosidl_typesupport_fastrtps_c__pyext.dir/rosidl_generator_py/location_msgs/_location_msgs_s.ep.rosidl_typesupport_fastrtps_c.c.o[0m
[4.283s] [ 92%] [32mBuilding C object CMakeFiles/location_msgs__rosidl_typesupport_c__pyext.dir/rosidl_generator_py/location_msgs/_location_msgs_s.ep.rosidl_typesupport_c.c.o[0m
[4.283s] [ 94%] [32mBuilding C object CMakeFiles/location_msgs__rosidl_typesupport_introspection_c__pyext.dir/rosidl_generator_py/location_msgs/_location_msgs_s.ep.rosidl_typesupport_introspection_c.c.o[0m
[4.345s] [ 98%] [32m[1mLinking C shared library rosidl_generator_py/location_msgs/location_msgs_s__rosidl_typesupport_introspection_c.cpython-38-x86_64-linux-gnu.so[0m
[4.345s] [ 98%] [32m[1mLinking C shared library rosidl_generator_py/location_msgs/location_msgs_s__rosidl_typesupport_c.cpython-38-x86_64-linux-gnu.so[0m
[4.346s] [100%] [32m[1mLinking CXX shared library rosidl_generator_py/location_msgs/location_msgs_s__rosidl_typesupport_fastrtps_c.cpython-38-x86_64-linux-gnu.so[0m
[4.373s] [100%] Built target location_msgs__rosidl_typesupport_c__pyext
[4.373s] [100%] Built target location_msgs__rosidl_typesupport_introspection_c__pyext
[4.395s] [100%] Built target location_msgs__rosidl_typesupport_fastrtps_c__pyext
[4.403s] Invoked command in '/home/xs/UAV/ROS2/build/location_msgs' returned '0': CMAKE_PREFIX_PATH=/opt/ros/galactic /usr/bin/cmake --build /home/xs/UAV/ROS2/build/location_msgs -- -j8 -l8
[4.463s] Invoking command in '/home/xs/UAV/ROS2/build/location_msgs': CMAKE_PREFIX_PATH=/opt/ros/galactic /usr/bin/cmake --install /home/xs/UAV/ROS2/build/location_msgs
[4.470s] -- Install configuration: ""
[4.470s] -- Installing: /home/xs/UAV/ROS2/install/location_msgs/share/ament_index/resource_index/rosidl_interfaces/location_msgs
[4.470s] -- Installing: /home/xs/UAV/ROS2/install/location_msgs/include/location_msgs
[4.470s] -- Installing: /home/xs/UAV/ROS2/install/location_msgs/include/location_msgs/msg
[4.470s] -- Installing: /home/xs/UAV/ROS2/install/location_msgs/include/location_msgs/msg/defect_box.h
[4.470s] -- Installing: /home/xs/UAV/ROS2/install/location_msgs/include/location_msgs/msg/defects.h
[4.470s] -- Installing: /home/xs/UAV/ROS2/install/location_msgs/include/location_msgs/msg/detail
[4.470s] -- Installing: /home/xs/UAV/ROS2/install/location_msgs/include/location_msgs/msg/detail/defect_box__functions.c
[4.470s] -- Installing: /home/xs/UAV/ROS2/install/location_msgs/include/location_msgs/msg/detail/gps_fix__type_support.h
[4.470s] -- Installing: /home/xs/UAV/ROS2/install/location_msgs/include/location_msgs/msg/detail/gps_fix__struct.h
[4.470s] -- Installing: /home/xs/UAV/ROS2/install/location_msgs/include/location_msgs/msg/detail/pixel_point__struct.h
[4.470s] -- Installing: /home/xs/UAV/ROS2/install/location_msgs/include/location_msgs/msg/detail/defects__struct.h
[4.470s] -- Installing: /home/xs/UAV/ROS2/install/location_msgs/include/location_msgs/msg/detail/gps_fix__functions.h
[4.470s] -- Installing: /home/xs/UAV/ROS2/install/location_msgs/include/location_msgs/msg/detail/defect_box__type_support.h
[4.470s] -- Installing: /home/xs/UAV/ROS2/install/location_msgs/include/location_msgs/msg/detail/pixel_point__functions.h
[4.470s] -- Installing: /home/xs/UAV/ROS2/install/location_msgs/include/location_msgs/msg/detail/pixel_point__type_support.h
[4.471s] -- Installing: /home/xs/UAV/ROS2/install/location_msgs/include/location_msgs/msg/detail/defects__functions.c
[4.471s] -- Installing: /home/xs/UAV/ROS2/install/location_msgs/include/location_msgs/msg/detail/defects__functions.h
[4.471s] -- Installing: /home/xs/UAV/ROS2/install/location_msgs/include/location_msgs/msg/detail/gps_fix__functions.c
[4.471s] -- Installing: /home/xs/UAV/ROS2/install/location_msgs/include/location_msgs/msg/detail/pixel_point__functions.c
[4.471s] -- Installing: /home/xs/UAV/ROS2/install/location_msgs/include/location_msgs/msg/detail/defect_box__struct.h
[4.471s] -- Installing: /home/xs/UAV/ROS2/install/location_msgs/include/location_msgs/msg/detail/defects__type_support.h
[4.471s] -- Installing: /home/xs/UAV/ROS2/install/location_msgs/include/location_msgs/msg/detail/defect_box__functions.h
[4.471s] -- Installing: /home/xs/UAV/ROS2/install/location_msgs/include/location_msgs/msg/rosidl_generator_c__visibility_control.h
[4.471s] -- Installing: /home/xs/UAV/ROS2/install/location_msgs/include/location_msgs/msg/gps_fix.h
[4.471s] -- Installing: /home/xs/UAV/ROS2/install/location_msgs/include/location_msgs/msg/pixel_point.h
[4.471s] -- Installing: /home/xs/UAV/ROS2/install/location_msgs/share/location_msgs/environment/library_path.sh
[4.471s] -- Installing: /home/xs/UAV/ROS2/install/location_msgs/share/location_msgs/environment/library_path.dsv
[4.471s] -- Installing: /home/xs/UAV/ROS2/install/location_msgs/lib/liblocation_msgs__rosidl_generator_c.so
[4.471s] -- Set runtime path of "/home/xs/UAV/ROS2/install/location_msgs/lib/liblocation_msgs__rosidl_generator_c.so" to ""
[4.471s] -- Up-to-date: /home/xs/UAV/ROS2/install/location_msgs/include/location_msgs
[4.471s] -- Up-to-date: /home/xs/UAV/ROS2/install/location_msgs/include/location_msgs/msg
[4.471s] -- Up-to-date: /home/xs/UAV/ROS2/install/location_msgs/include/location_msgs/msg/detail
[4.471s] -- Installing: /home/xs/UAV/ROS2/install/location_msgs/include/location_msgs/msg/detail/defects__rosidl_typesupport_fastrtps_c.h
[4.471s] -- Installing: /home/xs/UAV/ROS2/install/location_msgs/include/location_msgs/msg/detail/defect_box__rosidl_typesupport_fastrtps_c.h
[4.471s] -- Installing: /home/xs/UAV/ROS2/install/location_msgs/include/location_msgs/msg/detail/pixel_point__rosidl_typesupport_fastrtps_c.h
[4.472s] -- Installing: /home/xs/UAV/ROS2/install/location_msgs/include/location_msgs/msg/detail/gps_fix__rosidl_typesupport_fastrtps_c.h
[4.472s] -- Installing: /home/xs/UAV/ROS2/install/location_msgs/include/location_msgs/msg/rosidl_typesupport_fastrtps_c__visibility_control.h
[4.472s] -- Installing: /home/xs/UAV/ROS2/install/location_msgs/lib/liblocation_msgs__rosidl_typesupport_fastrtps_c.so
[4.472s] -- Set runtime path of "/home/xs/UAV/ROS2/install/location_msgs/lib/liblocation_msgs__rosidl_typesupport_fastrtps_c.so" to ""
[4.472s] -- Up-to-date: /home/xs/UAV/ROS2/install/location_msgs/include/location_msgs
[4.472s] -- Up-to-date: /home/xs/UAV/ROS2/install/location_msgs/include/location_msgs/msg
[4.472s] -- Up-to-date: /home/xs/UAV/ROS2/install/location_msgs/include/location_msgs/msg/detail
[4.472s] -- Installing: /home/xs/UAV/ROS2/install/location_msgs/include/location_msgs/msg/detail/defect_box__rosidl_typesupport_fastrtps_cpp.hpp
[4.472s] -- Installing: /home/xs/UAV/ROS2/install/location_msgs/include/location_msgs/msg/detail/pixel_point__rosidl_typesupport_fastrtps_cpp.hpp
[4.472s] -- Installing: /home/xs/UAV/ROS2/install/location_msgs/include/location_msgs/msg/detail/gps_fix__rosidl_typesupport_fastrtps_cpp.hpp
[4.472s] -- Installing: /home/xs/UAV/ROS2/install/location_msgs/include/location_msgs/msg/detail/defects__rosidl_typesupport_fastrtps_cpp.hpp
[4.472s] -- Installing: /home/xs/UAV/ROS2/install/location_msgs/include/location_msgs/msg/detail/dds_fastrtps
[4.472s] -- Installing: /home/xs/UAV/ROS2/install/location_msgs/include/location_msgs/msg/rosidl_typesupport_fastrtps_cpp__visibility_control.h
[4.472s] -- Installing: /home/xs/UAV/ROS2/install/location_msgs/lib/liblocation_msgs__rosidl_typesupport_fastrtps_cpp.so
[4.472s] -- Set runtime path of "/home/xs/UAV/ROS2/install/location_msgs/lib/liblocation_msgs__rosidl_typesupport_fastrtps_cpp.so" to ""
[4.472s] -- Up-to-date: /home/xs/UAV/ROS2/install/location_msgs/include/location_msgs
[4.472s] -- Up-to-date: /home/xs/UAV/ROS2/install/location_msgs/include/location_msgs/msg
[4.473s] -- Installing: /home/xs/UAV/ROS2/install/location_msgs/include/location_msgs/msg/rosidl_typesupport_introspection_c__visibility_control.h
[4.473s] -- Up-to-date: /home/xs/UAV/ROS2/install/location_msgs/include/location_msgs/msg/detail
[4.473s] -- Installing: /home/xs/UAV/ROS2/install/location_msgs/include/location_msgs/msg/detail/defect_box__type_support.c
[4.473s] -- Installing: /home/xs/UAV/ROS2/install/location_msgs/include/location_msgs/msg/detail/pixel_point__type_support.c
[4.473s] -- Installing: /home/xs/UAV/ROS2/install/location_msgs/include/location_msgs/msg/detail/gps_fix__rosidl_typesupport_introspection_c.h
[4.473s] -- Installing: /home/xs/UAV/ROS2/install/location_msgs/include/location_msgs/msg/detail/defect_box__rosidl_typesupport_introspection_c.h
[4.473s] -- Installing: /home/xs/UAV/ROS2/install/location_msgs/include/location_msgs/msg/detail/defects__type_support.c
[4.473s] -- Installing: /home/xs/UAV/ROS2/install/location_msgs/include/location_msgs/msg/detail/defects__rosidl_typesupport_introspection_c.h
[4.473s] -- Installing: /home/xs/UAV/ROS2/install/location_msgs/include/location_msgs/msg/detail/pixel_point__rosidl_typesupport_introspection_c.h
[4.473s] -- Installing: /home/xs/UAV/ROS2/install/location_msgs/include/location_msgs/msg/detail/gps_fix__type_support.c
[4.473s] -- Installing: /home/xs/UAV/ROS2/install/location_msgs/lib/liblocation_msgs__rosidl_typesupport_introspection_c.so
[4.473s] -- Set runtime path of "/home/xs/UAV/ROS2/install/location_msgs/lib/liblocation_msgs__rosidl_typesupport_introspection_c.so" to ""
[4.473s] -- Installing: /home/xs/UAV/ROS2/install/location_msgs/lib/liblocation_msgs__rosidl_typesupport_c.so
[4.473s] -- Set runtime path of "/home/xs/UAV/ROS2/install/location_msgs/lib/liblocation_msgs__rosidl_typesupport_c.so" to ""
[4.473s] -- Up-to-date: /home/xs/UAV/ROS2/install/location_msgs/include/location_msgs
[4.473s] -- Up-to-date: /home/xs/UAV/ROS2/install/location_msgs/include/location_msgs/msg
[4.474s] -- Installing: /home/xs/UAV/ROS2/install/location_msgs/include/location_msgs/msg/pixel_point.hpp
[4.474s] -- Installing: /home/xs/UAV/ROS2/install/location_msgs/include/location_msgs/msg/defects.hpp
[4.474s] -- Installing: /home/xs/UAV/ROS2/install/location_msgs/include/location_msgs/msg/defect_box.hpp
[4.474s] -- Up-to-date: /home/xs/UAV/ROS2/install/location_msgs/include/location_msgs/msg/detail
[4.474s] -- Installing: /home/xs/UAV/ROS2/install/location_msgs/include/location_msgs/msg/detail/pixel_point__builder.hpp
[4.474s] -- Installing: /home/xs/UAV/ROS2/install/location_msgs/include/location_msgs/msg/detail/defect_box__traits.hpp
[4.474s] -- Installing: /home/xs/UAV/ROS2/install/location_msgs/include/location_msgs/msg/detail/defect_box__builder.hpp
[4.474s] -- Installing: /home/xs/UAV/ROS2/install/location_msgs/include/location_msgs/msg/detail/gps_fix__struct.hpp
[4.474s] -- Installing: /home/xs/UAV/ROS2/install/location_msgs/include/location_msgs/msg/detail/pixel_point__traits.hpp
[4.474s] -- Installing: /home/xs/UAV/ROS2/install/location_msgs/include/location_msgs/msg/detail/pixel_point__struct.hpp
[4.474s] -- Installing: /home/xs/UAV/ROS2/install/location_msgs/include/location_msgs/msg/detail/defect_box__struct.hpp
[4.474s] -- Installing: /home/xs/UAV/ROS2/install/location_msgs/include/location_msgs/msg/detail/defects__traits.hpp
[4.474s] -- Installing: /home/xs/UAV/ROS2/install/location_msgs/include/location_msgs/msg/detail/defects__struct.hpp
[4.474s] -- Installing: /home/xs/UAV/ROS2/install/location_msgs/include/location_msgs/msg/detail/gps_fix__traits.hpp
[4.474s] -- Installing: /home/xs/UAV/ROS2/install/location_msgs/include/location_msgs/msg/detail/gps_fix__builder.hpp
[4.474s] -- Installing: /home/xs/UAV/ROS2/install/location_msgs/include/location_msgs/msg/detail/defects__builder.hpp
[4.474s] -- Installing: /home/xs/UAV/ROS2/install/location_msgs/include/location_msgs/msg/gps_fix.hpp
[4.474s] -- Up-to-date: /home/xs/UAV/ROS2/install/location_msgs/include/location_msgs
[4.474s] -- Up-to-date: /home/xs/UAV/ROS2/install/location_msgs/include/location_msgs/msg
[4.474s] -- Up-to-date: /home/xs/UAV/ROS2/install/location_msgs/include/location_msgs/msg/detail
[4.474s] -- Installing: /home/xs/UAV/ROS2/install/location_msgs/include/location_msgs/msg/detail/gps_fix__type_support.cpp
[4.475s] -- Installing: /home/xs/UAV/ROS2/install/location_msgs/include/location_msgs/msg/detail/pixel_point__type_support.cpp
[4.475s] -- Installing: /home/xs/UAV/ROS2/install/location_msgs/include/location_msgs/msg/detail/pixel_point__rosidl_typesupport_introspection_cpp.hpp
[4.475s] -- Installing: /home/xs/UAV/ROS2/install/location_msgs/include/location_msgs/msg/detail/defect_box__type_support.cpp
[4.475s] -- Installing: /home/xs/UAV/ROS2/install/location_msgs/include/location_msgs/msg/detail/gps_fix__rosidl_typesupport_introspection_cpp.hpp
[4.475s] -- Installing: /home/xs/UAV/ROS2/install/location_msgs/include/location_msgs/msg/detail/defect_box__rosidl_typesupport_introspection_cpp.hpp
[4.475s] -- Installing: /home/xs/UAV/ROS2/install/location_msgs/include/location_msgs/msg/detail/defects__type_support.cpp
[4.475s] -- Installing: /home/xs/UAV/ROS2/install/location_msgs/include/location_msgs/msg/detail/defects__rosidl_typesupport_introspection_cpp.hpp
[4.475s] -- Installing: /home/xs/UAV/ROS2/install/location_msgs/lib/liblocation_msgs__rosidl_typesupport_introspection_cpp.so
[4.475s] -- Set runtime path of "/home/xs/UAV/ROS2/install/location_msgs/lib/liblocation_msgs__rosidl_typesupport_introspection_cpp.so" to ""
[4.475s] -- Installing: /home/xs/UAV/ROS2/install/location_msgs/lib/liblocation_msgs__rosidl_typesupport_cpp.so
[4.475s] -- Set runtime path of "/home/xs/UAV/ROS2/install/location_msgs/lib/liblocation_msgs__rosidl_typesupport_cpp.so" to ""
[4.475s] -- Installing: /home/xs/UAV/ROS2/install/location_msgs/share/location_msgs/environment/pythonpath.sh
[4.475s] -- Installing: /home/xs/UAV/ROS2/install/location_msgs/share/location_msgs/environment/pythonpath.dsv
[4.475s] -- Installing: /home/xs/UAV/ROS2/install/location_msgs/lib/python3.8/site-packages/location_msgs/__init__.py
[4.497s] Compiling '/home/xs/UAV/ROS2/install/location_msgs/lib/python3.8/site-packages/location_msgs/__init__.py'...
[4.500s] -- Installing: /home/xs/UAV/ROS2/install/location_msgs/lib/python3.8/site-packages/location_msgs/msg
[4.500s] -- Installing: /home/xs/UAV/ROS2/install/location_msgs/lib/python3.8/site-packages/location_msgs/msg/_gps_fix.py
[4.500s] -- Installing: /home/xs/UAV/ROS2/install/location_msgs/lib/python3.8/site-packages/location_msgs/msg/_defect_box_s.c
[4.500s] -- Installing: /home/xs/UAV/ROS2/install/location_msgs/lib/python3.8/site-packages/location_msgs/msg/_pixel_point_s.c
[4.500s] -- Installing: /home/xs/UAV/ROS2/install/location_msgs/lib/python3.8/site-packages/location_msgs/msg/__init__.py
[4.500s] -- Installing: /home/xs/UAV/ROS2/install/location_msgs/lib/python3.8/site-packages/location_msgs/msg/_defects_s.c
[4.500s] -- Installing: /home/xs/UAV/ROS2/install/location_msgs/lib/python3.8/site-packages/location_msgs/msg/_defect_box.py
[4.500s] -- Installing: /home/xs/UAV/ROS2/install/location_msgs/lib/python3.8/site-packages/location_msgs/msg/_defects.py
[4.500s] -- Installing: /home/xs/UAV/ROS2/install/location_msgs/lib/python3.8/site-packages/location_msgs/msg/_pixel_point.py
[4.500s] -- Installing: /home/xs/UAV/ROS2/install/location_msgs/lib/python3.8/site-packages/location_msgs/msg/_gps_fix_s.c
[4.500s] -- Installing: /home/xs/UAV/ROS2/install/location_msgs/lib/python3.8/site-packages/location_msgs/location_msgs_s__rosidl_typesupport_fastrtps_c.cpython-38-x86_64-linux-gnu.so
[4.501s] -- Set runtime path of "/home/xs/UAV/ROS2/install/location_msgs/lib/python3.8/site-packages/location_msgs/location_msgs_s__rosidl_typesupport_fastrtps_c.cpython-38-x86_64-linux-gnu.so" to ""
[4.501s] -- Installing: /home/xs/UAV/ROS2/install/location_msgs/lib/python3.8/site-packages/location_msgs/location_msgs_s__rosidl_typesupport_introspection_c.cpython-38-x86_64-linux-gnu.so
[4.501s] -- Set runtime path of "/home/xs/UAV/ROS2/install/location_msgs/lib/python3.8/site-packages/location_msgs/location_msgs_s__rosidl_typesupport_introspection_c.cpython-38-x86_64-linux-gnu.so" to ""
[4.501s] -- Installing: /home/xs/UAV/ROS2/install/location_msgs/lib/python3.8/site-packages/location_msgs/location_msgs_s__rosidl_typesupport_c.cpython-38-x86_64-linux-gnu.so
[4.502s] -- Set runtime path of "/home/xs/UAV/ROS2/install/location_msgs/lib/python3.8/site-packages/location_msgs/location_msgs_s__rosidl_typesupport_c.cpython-38-x86_64-linux-gnu.so" to ""
[4.502s] -- Installing: /home/xs/UAV/ROS2/install/location_msgs/lib/liblocation_msgs__python.so
[4.502s] -- Set runtime path of "/home/xs/UAV/ROS2/install/location_msgs/lib/liblocation_msgs__python.so" to ""
[4.502s] -- Installing: /home/xs/UAV/ROS2/install/location_msgs/share/location_msgs/msg/GpsFix.idl
[4.502s] -- Installing: /home/xs/UAV/ROS2/install/location_msgs/share/location_msgs/msg/PixelPoint.idl
[4.502s] -- Installing: /home/xs/UAV/ROS2/install/location_msgs/share/location_msgs/msg/DefectBox.idl
[4.502s] -- Installing: /home/xs/UAV/ROS2/install/location_msgs/share/location_msgs/msg/Defects.idl
[4.502s] -- Installing: /home/xs/UAV/ROS2/install/location_msgs/share/location_msgs/msg/GpsFix.msg
[4.502s] -- Installing: /home/xs/UAV/ROS2/install/location_msgs/share/location_msgs/msg/PixelPoint.msg
[4.502s] -- Installing: /home/xs/UAV/ROS2/install/location_msgs/share/location_msgs/msg/DefectBox.msg
[4.502s] -- Installing: /home/xs/UAV/ROS2/install/location_msgs/share/location_msgs/msg/Defects.msg
[4.502s] -- Installing: /home/xs/UAV/ROS2/install/location_msgs/share/ament_index/resource_index/package_run_dependencies/location_msgs
[4.503s] -- Installing: /home/xs/UAV/ROS2/install/location_msgs/share/ament_index/resource_index/parent_prefix_path/location_msgs
[4.503s] -- Installing: /home/xs/UAV/ROS2/install/location_msgs/share/location_msgs/environment/ament_prefix_path.sh
[4.503s] -- Installing: /home/xs/UAV/ROS2/install/location_msgs/share/location_msgs/environment/ament_prefix_path.dsv
[4.503s] -- Installing: /home/xs/UAV/ROS2/install/location_msgs/share/location_msgs/environment/path.sh
[4.503s] -- Installing: /home/xs/UAV/ROS2/install/location_msgs/share/location_msgs/environment/path.dsv
[4.503s] -- Installing: /home/xs/UAV/ROS2/install/location_msgs/share/location_msgs/local_setup.bash
[4.503s] -- Installing: /home/xs/UAV/ROS2/install/location_msgs/share/location_msgs/local_setup.sh
[4.503s] -- Installing: /home/xs/UAV/ROS2/install/location_msgs/share/location_msgs/local_setup.zsh
[4.503s] -- Installing: /home/xs/UAV/ROS2/install/location_msgs/share/location_msgs/local_setup.dsv
[4.503s] -- Installing: /home/xs/UAV/ROS2/install/location_msgs/share/location_msgs/package.dsv
[4.503s] -- Installing: /home/xs/UAV/ROS2/install/location_msgs/share/ament_index/resource_index/packages/location_msgs
[4.503s] -- Installing: /home/xs/UAV/ROS2/install/location_msgs/share/location_msgs/cmake/location_msgs__rosidl_generator_cExport.cmake
[4.503s] -- Installing: /home/xs/UAV/ROS2/install/location_msgs/share/location_msgs/cmake/location_msgs__rosidl_generator_cExport-noconfig.cmake
[4.504s] -- Installing: /home/xs/UAV/ROS2/install/location_msgs/share/location_msgs/cmake/location_msgs__rosidl_typesupport_introspection_cExport.cmake
[4.504s] -- Installing: /home/xs/UAV/ROS2/install/location_msgs/share/location_msgs/cmake/location_msgs__rosidl_typesupport_introspection_cExport-noconfig.cmake
[4.504s] -- Installing: /home/xs/UAV/ROS2/install/location_msgs/share/location_msgs/cmake/location_msgs__rosidl_typesupport_cExport.cmake
[4.504s] -- Installing: /home/xs/UAV/ROS2/install/location_msgs/share/location_msgs/cmake/location_msgs__rosidl_typesupport_cExport-noconfig.cmake
[4.504s] -- Installing: /home/xs/UAV/ROS2/install/location_msgs/share/location_msgs/cmake/location_msgs__rosidl_generator_cppExport.cmake
[4.504s] -- Installing: /home/xs/UAV/ROS2/install/location_msgs/share/location_msgs/cmake/location_msgs__rosidl_typesupport_introspection_cppExport.cmake
[4.504s] -- Installing: /home/xs/UAV/ROS2/install/location_msgs/share/location_msgs/cmake/location_msgs__rosidl_typesupport_introspection_cppExport-noconfig.cmake
[4.504s] -- Installing: /home/xs/UAV/ROS2/install/location_msgs/share/location_msgs/cmake/location_msgs__rosidl_typesupport_cppExport.cmake
[4.504s] -- Installing: /home/xs/UAV/ROS2/install/location_msgs/share/location_msgs/cmake/location_msgs__rosidl_typesupport_cppExport-noconfig.cmake
[4.504s] -- Installing: /home/xs/UAV/ROS2/install/location_msgs/share/location_msgs/cmake/rosidl_cmake-extras.cmake
[4.504s] -- Installing: /home/xs/UAV/ROS2/install/location_msgs/share/location_msgs/cmake/ament_cmake_export_dependencies-extras.cmake
[4.505s] -- Installing: /home/xs/UAV/ROS2/install/location_msgs/share/location_msgs/cmake/ament_cmake_export_libraries-extras.cmake
[4.505s] -- Installing: /home/xs/UAV/ROS2/install/location_msgs/share/location_msgs/cmake/ament_cmake_export_targets-extras.cmake
[4.505s] -- Installing: /home/xs/UAV/ROS2/install/location_msgs/share/location_msgs/cmake/ament_cmake_export_include_directories-extras.cmake
[4.505s] -- Installing: /home/xs/UAV/ROS2/install/location_msgs/share/location_msgs/cmake/rosidl_cmake_export_typesupport_libraries-extras.cmake
[4.505s] -- Installing: /home/xs/UAV/ROS2/install/location_msgs/share/location_msgs/cmake/rosidl_cmake_export_typesupport_targets-extras.cmake
[4.505s] -- Installing: /home/xs/UAV/ROS2/install/location_msgs/share/location_msgs/cmake/location_msgsConfig.cmake
[4.505s] -- Installing: /home/xs/UAV/ROS2/install/location_msgs/share/location_msgs/cmake/location_msgsConfig-version.cmake
[4.505s] -- Installing: /home/xs/UAV/ROS2/install/location_msgs/share/location_msgs/package.xml
[4.507s] Invoked command in '/home/xs/UAV/ROS2/build/location_msgs' returned '0': CMAKE_PREFIX_PATH=/opt/ros/galactic /usr/bin/cmake --install /home/xs/UAV/ROS2/build/location_msgs
