[0.175s] DEBUG:colcon:Command line arguments: ['/usr/bin/colcon', 'build']
[0.175s] DEBUG:colcon:Parsed command line arguments: Namespace(allow_overriding=[], ament_cmake_args=None, base_paths=['.'], build_base='build', catkin_cmake_args=None, catkin_skip_building_tests=False, cmake_args=None, cmake_clean_cache=False, cmake_clean_first=False, cmake_force_configure=False, cmake_target=None, cmake_target_skip_unavailable=False, continue_on_error=False, event_handlers=None, executor='parallel', ignore_user_meta=False, install_base='install', log_base=None, log_level=None, main=<bound method BuildVerb.main of <colcon_core.verb.build.BuildVerb object at 0x7f29dbf0cb50>>, merge_install=False, metas=['./colcon.meta'], mixin=None, mixin_files=None, mixin_verb=('build',), packages_above=None, packages_above_and_dependencies=None, packages_above_depth=None, packages_end=None, packages_ignore=None, packages_ignore_regex=None, packages_select=None, packages_select_build_failed=False, packages_select_by_dep=None, packages_select_regex=None, packages_select_test_failures=False, packages_skip=None, packages_skip_build_finished=False, packages_skip_by_dep=None, packages_skip_regex=None, packages_skip_test_passed=False, packages_skip_up_to=None, packages_start=None, packages_up_to=None, packages_up_to_regex=None, parallel_workers=8, paths=None, symlink_install=False, test_result_base=None, verb_extension=<colcon_core.verb.build.BuildVerb object at 0x7f29dbf0cb50>, verb_name='build', verb_parser=<colcon_mixin.mixin.mixin_argument.MixinArgumentDecorator object at 0x7f29dbf157f0>)
[0.315s] Level 1:colcon.colcon_core.package_discovery:discover_packages(colcon_meta) check parameters
[0.315s] Level 1:colcon.colcon_core.package_discovery:discover_packages(recursive) check parameters
[0.315s] Level 1:colcon.colcon_core.package_discovery:discover_packages(ignore) check parameters
[0.315s] Level 1:colcon.colcon_core.package_discovery:discover_packages(path) check parameters
[0.315s] Level 1:colcon.colcon_core.package_discovery:discover_packages(colcon_meta) discover
[0.315s] Level 1:colcon.colcon_core.package_discovery:discover_packages(recursive) discover
[0.315s] INFO:colcon.colcon_core.package_discovery:Crawling recursively for packages in '/home/xs/UAV/ROS2'
[0.315s] Level 1:colcon.colcon_core.package_identification:_identify(.) by extensions ['ignore', 'ignore_ament_install']
[0.316s] Level 1:colcon.colcon_core.package_identification:_identify(.) by extension 'ignore'
[0.316s] Level 1:colcon.colcon_core.package_identification:_identify(.) by extension 'ignore_ament_install'
[0.316s] Level 1:colcon.colcon_core.package_identification:_identify(.) by extensions ['colcon_pkg']
[0.316s] Level 1:colcon.colcon_core.package_identification:_identify(.) by extension 'colcon_pkg'
[0.316s] Level 1:colcon.colcon_core.package_identification:_identify(.) by extensions ['colcon_meta']
[0.316s] Level 1:colcon.colcon_core.package_identification:_identify(.) by extension 'colcon_meta'
[0.316s] Level 1:colcon.colcon_core.package_identification:_identify(.) by extensions ['ros']
[0.316s] Level 1:colcon.colcon_core.package_identification:_identify(.) by extension 'ros'
[0.326s] Level 1:colcon.colcon_core.package_identification:_identify(.) by extensions ['cmake', 'python']
[0.326s] Level 1:colcon.colcon_core.package_identification:_identify(.) by extension 'cmake'
[0.327s] Level 1:colcon.colcon_core.package_identification:_identify(.) by extension 'python'
[0.327s] Level 1:colcon.colcon_core.package_identification:_identify(.) by extensions ['python_setup_py']
[0.327s] Level 1:colcon.colcon_core.package_identification:_identify(.) by extension 'python_setup_py'
[0.327s] Level 1:colcon.colcon_core.package_identification:_identify(build) by extensions ['ignore', 'ignore_ament_install']
[0.327s] Level 1:colcon.colcon_core.package_identification:_identify(build) by extension 'ignore'
[0.327s] Level 1:colcon.colcon_core.package_identification:_identify(build) ignored
[0.327s] Level 1:colcon.colcon_core.package_identification:_identify(install) by extensions ['ignore', 'ignore_ament_install']
[0.327s] Level 1:colcon.colcon_core.package_identification:_identify(install) by extension 'ignore'
[0.327s] Level 1:colcon.colcon_core.package_identification:_identify(install) ignored
[0.328s] Level 1:colcon.colcon_core.package_identification:_identify(location_msgs) by extensions ['ignore', 'ignore_ament_install']
[0.328s] Level 1:colcon.colcon_core.package_identification:_identify(location_msgs) by extension 'ignore'
[0.328s] Level 1:colcon.colcon_core.package_identification:_identify(location_msgs) by extension 'ignore_ament_install'
[0.328s] Level 1:colcon.colcon_core.package_identification:_identify(location_msgs) by extensions ['colcon_pkg']
[0.328s] Level 1:colcon.colcon_core.package_identification:_identify(location_msgs) by extension 'colcon_pkg'
[0.328s] Level 1:colcon.colcon_core.package_identification:_identify(location_msgs) by extensions ['colcon_meta']
[0.328s] Level 1:colcon.colcon_core.package_identification:_identify(location_msgs) by extension 'colcon_meta'
[0.328s] Level 1:colcon.colcon_core.package_identification:_identify(location_msgs) by extensions ['ros']
[0.328s] Level 1:colcon.colcon_core.package_identification:_identify(location_msgs) by extension 'ros'
[0.330s] DEBUG:colcon.colcon_core.package_identification:Package 'location_msgs' with type 'ros.ament_cmake' and name 'location_msgs'
[0.330s] Level 1:colcon.colcon_core.package_identification:_identify(log) by extensions ['ignore', 'ignore_ament_install']
[0.330s] Level 1:colcon.colcon_core.package_identification:_identify(log) by extension 'ignore'
[0.330s] Level 1:colcon.colcon_core.package_identification:_identify(log) ignored
[0.330s] Level 1:colcon.colcon_core.package_identification:_identify(uav_patrol) by extensions ['ignore', 'ignore_ament_install']
[0.330s] Level 1:colcon.colcon_core.package_identification:_identify(uav_patrol) by extension 'ignore'
[0.330s] Level 1:colcon.colcon_core.package_identification:_identify(uav_patrol) by extension 'ignore_ament_install'
[0.330s] Level 1:colcon.colcon_core.package_identification:_identify(uav_patrol) by extensions ['colcon_pkg']
[0.330s] Level 1:colcon.colcon_core.package_identification:_identify(uav_patrol) by extension 'colcon_pkg'
[0.330s] Level 1:colcon.colcon_core.package_identification:_identify(uav_patrol) by extensions ['colcon_meta']
[0.330s] Level 1:colcon.colcon_core.package_identification:_identify(uav_patrol) by extension 'colcon_meta'
[0.330s] Level 1:colcon.colcon_core.package_identification:_identify(uav_patrol) by extensions ['ros']
[0.331s] Level 1:colcon.colcon_core.package_identification:_identify(uav_patrol) by extension 'ros'
[0.331s] DEBUG:colcon.colcon_core.package_identification:Package 'uav_patrol' with type 'ros.ament_python' and name 'uav_patrol'
[0.331s] Level 1:colcon.colcon_core.package_identification:_identify(weights) by extensions ['ignore', 'ignore_ament_install']
[0.331s] Level 1:colcon.colcon_core.package_identification:_identify(weights) by extension 'ignore'
[0.331s] Level 1:colcon.colcon_core.package_identification:_identify(weights) by extension 'ignore_ament_install'
[0.331s] Level 1:colcon.colcon_core.package_identification:_identify(weights) by extensions ['colcon_pkg']
[0.331s] Level 1:colcon.colcon_core.package_identification:_identify(weights) by extension 'colcon_pkg'
[0.332s] Level 1:colcon.colcon_core.package_identification:_identify(weights) by extensions ['colcon_meta']
[0.332s] Level 1:colcon.colcon_core.package_identification:_identify(weights) by extension 'colcon_meta'
[0.332s] Level 1:colcon.colcon_core.package_identification:_identify(weights) by extensions ['ros']
[0.332s] Level 1:colcon.colcon_core.package_identification:_identify(weights) by extension 'ros'
[0.332s] Level 1:colcon.colcon_core.package_identification:_identify(weights) by extensions ['cmake', 'python']
[0.332s] Level 1:colcon.colcon_core.package_identification:_identify(weights) by extension 'cmake'
[0.332s] Level 1:colcon.colcon_core.package_identification:_identify(weights) by extension 'python'
[0.332s] Level 1:colcon.colcon_core.package_identification:_identify(weights) by extensions ['python_setup_py']
[0.332s] Level 1:colcon.colcon_core.package_identification:_identify(weights) by extension 'python_setup_py'
[0.332s] Level 1:colcon.colcon_core.package_discovery:discover_packages(recursive) using defaults
[0.332s] Level 1:colcon.colcon_core.package_discovery:discover_packages(ignore) discover
[0.332s] Level 1:colcon.colcon_core.package_discovery:discover_packages(ignore) using defaults
[0.332s] Level 1:colcon.colcon_core.package_discovery:discover_packages(path) discover
[0.332s] Level 1:colcon.colcon_core.package_discovery:discover_packages(path) using defaults
[0.365s] Level 1:colcon.colcon_core.package_discovery:discover_packages(prefix_path) check parameters
[0.365s] Level 1:colcon.colcon_core.package_discovery:discover_packages(prefix_path) discover
[0.365s] WARNING:colcon.colcon_ros.prefix_path.ament:The path '/home/xs/UAV/ROS2/install/uav_patrol' in the environment variable AMENT_PREFIX_PATH doesn't exist
[0.365s] WARNING:colcon.colcon_ros.prefix_path.ament:The path '/home/xs/UAV/ROS2/install/location_msgs' in the environment variable AMENT_PREFIX_PATH doesn't exist
[0.366s] WARNING:colcon.colcon_ros.prefix_path.catkin:The path '/home/xs/UAV/ROS2/install/location_msgs' in the environment variable CMAKE_PREFIX_PATH doesn't exist
[0.366s] DEBUG:colcon.colcon_installed_package_information.package_discovery:Found 0 installed packages in /home/xs/UAV/ROS2/install
[0.367s] DEBUG:colcon.colcon_installed_package_information.package_discovery:Found 277 installed packages in /opt/ros/galactic
[0.368s] Level 1:colcon.colcon_core.package_discovery:discover_packages(prefix_path) using defaults
[0.413s] Level 5:colcon.colcon_core.verb:set package 'location_msgs' build argument 'cmake_args' from command line to 'None'
[0.413s] Level 5:colcon.colcon_core.verb:set package 'location_msgs' build argument 'cmake_target' from command line to 'None'
[0.413s] Level 5:colcon.colcon_core.verb:set package 'location_msgs' build argument 'cmake_target_skip_unavailable' from command line to 'False'
[0.413s] Level 5:colcon.colcon_core.verb:set package 'location_msgs' build argument 'cmake_clean_cache' from command line to 'False'
[0.413s] Level 5:colcon.colcon_core.verb:set package 'location_msgs' build argument 'cmake_clean_first' from command line to 'False'
[0.413s] Level 5:colcon.colcon_core.verb:set package 'location_msgs' build argument 'cmake_force_configure' from command line to 'False'
[0.413s] Level 5:colcon.colcon_core.verb:set package 'location_msgs' build argument 'ament_cmake_args' from command line to 'None'
[0.413s] Level 5:colcon.colcon_core.verb:set package 'location_msgs' build argument 'catkin_cmake_args' from command line to 'None'
[0.413s] Level 5:colcon.colcon_core.verb:set package 'location_msgs' build argument 'catkin_skip_building_tests' from command line to 'False'
[0.413s] DEBUG:colcon.colcon_core.verb:Building package 'location_msgs' with the following arguments: {'ament_cmake_args': None, 'build_base': '/home/xs/UAV/ROS2/build/location_msgs', 'catkin_cmake_args': None, 'catkin_skip_building_tests': False, 'cmake_args': None, 'cmake_clean_cache': False, 'cmake_clean_first': False, 'cmake_force_configure': False, 'cmake_target': None, 'cmake_target_skip_unavailable': False, 'install_base': '/home/xs/UAV/ROS2/install/location_msgs', 'merge_install': False, 'path': '/home/xs/UAV/ROS2/location_msgs', 'symlink_install': False, 'test_result_base': None}
[0.413s] Level 5:colcon.colcon_core.verb:set package 'uav_patrol' build argument 'cmake_args' from command line to 'None'
[0.413s] Level 5:colcon.colcon_core.verb:set package 'uav_patrol' build argument 'cmake_target' from command line to 'None'
[0.413s] Level 5:colcon.colcon_core.verb:set package 'uav_patrol' build argument 'cmake_target_skip_unavailable' from command line to 'False'
[0.413s] Level 5:colcon.colcon_core.verb:set package 'uav_patrol' build argument 'cmake_clean_cache' from command line to 'False'
[0.413s] Level 5:colcon.colcon_core.verb:set package 'uav_patrol' build argument 'cmake_clean_first' from command line to 'False'
[0.413s] Level 5:colcon.colcon_core.verb:set package 'uav_patrol' build argument 'cmake_force_configure' from command line to 'False'
[0.413s] Level 5:colcon.colcon_core.verb:set package 'uav_patrol' build argument 'ament_cmake_args' from command line to 'None'
[0.413s] Level 5:colcon.colcon_core.verb:set package 'uav_patrol' build argument 'catkin_cmake_args' from command line to 'None'
[0.413s] Level 5:colcon.colcon_core.verb:set package 'uav_patrol' build argument 'catkin_skip_building_tests' from command line to 'False'
[0.413s] DEBUG:colcon.colcon_core.verb:Building package 'uav_patrol' with the following arguments: {'ament_cmake_args': None, 'build_base': '/home/xs/UAV/ROS2/build/uav_patrol', 'catkin_cmake_args': None, 'catkin_skip_building_tests': False, 'cmake_args': None, 'cmake_clean_cache': False, 'cmake_clean_first': False, 'cmake_force_configure': False, 'cmake_target': None, 'cmake_target_skip_unavailable': False, 'install_base': '/home/xs/UAV/ROS2/install/uav_patrol', 'merge_install': False, 'path': '/home/xs/UAV/ROS2/uav_patrol', 'symlink_install': False, 'test_result_base': None}
[0.413s] INFO:colcon.colcon_core.executor:Executing jobs using 'parallel' executor
[0.414s] DEBUG:colcon.colcon_parallel_executor.executor.parallel:run_until_complete
[0.415s] INFO:colcon.colcon_ros.task.ament_cmake.build:Building ROS package in '/home/xs/UAV/ROS2/location_msgs' with build type 'ament_cmake'
[0.415s] INFO:colcon.colcon_cmake.task.cmake.build:Building CMake package in '/home/xs/UAV/ROS2/location_msgs'
[0.416s] INFO:colcon.colcon_core.plugin_system:Skipping extension 'colcon_core.shell.bat': Not used on non-Windows systems
[0.416s] INFO:colcon.colcon_core.shell:Skip shell extension 'powershell' for command environment: Not usable outside of PowerShell
[0.416s] DEBUG:colcon.colcon_core.shell:Skip shell extension 'dsv' for command environment
[0.425s] DEBUG:colcon.colcon_core.event_handler.log_command:Invoking command in '/home/xs/UAV/ROS2/build/location_msgs': CMAKE_PREFIX_PATH=${CMAKE_PREFIX_PATH}:/home/xs/UAV/ROS2/install/uav_patrol:/opt/ros/galactic /usr/bin/cmake /home/xs/UAV/ROS2/location_msgs -DCMAKE_INSTALL_PREFIX=/home/xs/UAV/ROS2/install/location_msgs
[2.087s] DEBUG:colcon.colcon_core.event_handler.log_command:Invoked command in '/home/xs/UAV/ROS2/build/location_msgs' returned '0': CMAKE_PREFIX_PATH=${CMAKE_PREFIX_PATH}:/home/xs/UAV/ROS2/install/uav_patrol:/opt/ros/galactic /usr/bin/cmake /home/xs/UAV/ROS2/location_msgs -DCMAKE_INSTALL_PREFIX=/home/xs/UAV/ROS2/install/location_msgs
[2.089s] DEBUG:colcon.colcon_core.event_handler.log_command:Invoking command in '/home/xs/UAV/ROS2/build/location_msgs': CMAKE_PREFIX_PATH=${CMAKE_PREFIX_PATH}:/home/xs/UAV/ROS2/install/uav_patrol:/opt/ros/galactic /usr/bin/cmake --build /home/xs/UAV/ROS2/build/location_msgs -- -j8 -l8
[5.671s] DEBUG:colcon.colcon_core.event_handler.log_command:Invoked command in '/home/xs/UAV/ROS2/build/location_msgs' returned '0': CMAKE_PREFIX_PATH=${CMAKE_PREFIX_PATH}:/home/xs/UAV/ROS2/install/uav_patrol:/opt/ros/galactic /usr/bin/cmake --build /home/xs/UAV/ROS2/build/location_msgs -- -j8 -l8
[5.747s] DEBUG:colcon.colcon_core.event_handler.log_command:Invoking command in '/home/xs/UAV/ROS2/build/location_msgs': CMAKE_PREFIX_PATH=${CMAKE_PREFIX_PATH}:/home/xs/UAV/ROS2/install/uav_patrol:/opt/ros/galactic /usr/bin/cmake --install /home/xs/UAV/ROS2/build/location_msgs
[5.793s] Level 1:colcon.colcon_core.environment:create_environment_scripts_only(location_msgs)
[5.794s] DEBUG:colcon.colcon_core.event_handler.log_command:Invoked command in '/home/xs/UAV/ROS2/build/location_msgs' returned '0': CMAKE_PREFIX_PATH=${CMAKE_PREFIX_PATH}:/home/xs/UAV/ROS2/install/uav_patrol:/opt/ros/galactic /usr/bin/cmake --install /home/xs/UAV/ROS2/build/location_msgs
[5.795s] Level 1:colcon.colcon_core.environment:checking '/home/xs/UAV/ROS2/install/location_msgs' for CMake module files
[5.796s] Level 1:colcon.colcon_core.environment:checking '/home/xs/UAV/ROS2/install/location_msgs' for CMake config files
[5.796s] Level 1:colcon.colcon_core.shell:create_environment_hook('location_msgs', 'cmake_prefix_path')
[5.796s] INFO:colcon.colcon_core.shell:Creating environment hook '/home/xs/UAV/ROS2/install/location_msgs/share/location_msgs/hook/cmake_prefix_path.ps1'
[5.797s] INFO:colcon.colcon_core.shell:Creating environment descriptor '/home/xs/UAV/ROS2/install/location_msgs/share/location_msgs/hook/cmake_prefix_path.dsv'
[5.797s] INFO:colcon.colcon_core.shell:Creating environment hook '/home/xs/UAV/ROS2/install/location_msgs/share/location_msgs/hook/cmake_prefix_path.sh'
[5.797s] Level 1:colcon.colcon_core.environment:checking '/home/xs/UAV/ROS2/install/location_msgs/lib'
[5.797s] Level 1:colcon.colcon_core.shell:create_environment_hook('location_msgs', 'ld_library_path_lib')
[5.798s] INFO:colcon.colcon_core.shell:Creating environment hook '/home/xs/UAV/ROS2/install/location_msgs/share/location_msgs/hook/ld_library_path_lib.ps1'
[5.798s] INFO:colcon.colcon_core.shell:Creating environment descriptor '/home/xs/UAV/ROS2/install/location_msgs/share/location_msgs/hook/ld_library_path_lib.dsv'
[5.798s] INFO:colcon.colcon_core.shell:Creating environment hook '/home/xs/UAV/ROS2/install/location_msgs/share/location_msgs/hook/ld_library_path_lib.sh'
[5.798s] Level 1:colcon.colcon_core.environment:checking '/home/xs/UAV/ROS2/install/location_msgs/bin'
[5.798s] Level 1:colcon.colcon_core.environment:checking '/home/xs/UAV/ROS2/install/location_msgs/lib/pkgconfig/location_msgs.pc'
[5.798s] Level 1:colcon.colcon_core.environment:checking '/home/xs/UAV/ROS2/install/location_msgs/lib/python3.8/site-packages'
[5.798s] Level 1:colcon.colcon_core.shell:create_environment_hook('location_msgs', 'pythonpath')
[5.799s] INFO:colcon.colcon_core.shell:Creating environment hook '/home/xs/UAV/ROS2/install/location_msgs/share/location_msgs/hook/pythonpath.ps1'
[5.799s] INFO:colcon.colcon_core.shell:Creating environment descriptor '/home/xs/UAV/ROS2/install/location_msgs/share/location_msgs/hook/pythonpath.dsv'
[5.799s] INFO:colcon.colcon_core.shell:Creating environment hook '/home/xs/UAV/ROS2/install/location_msgs/share/location_msgs/hook/pythonpath.sh'
[5.799s] Level 1:colcon.colcon_core.environment:checking '/home/xs/UAV/ROS2/install/location_msgs/bin'
[5.799s] INFO:colcon.colcon_core.shell:Creating package script '/home/xs/UAV/ROS2/install/location_msgs/share/location_msgs/package.ps1'
[5.800s] INFO:colcon.colcon_core.shell:Creating package descriptor '/home/xs/UAV/ROS2/install/location_msgs/share/location_msgs/package.dsv'
[5.800s] INFO:colcon.colcon_core.shell:Creating package script '/home/xs/UAV/ROS2/install/location_msgs/share/location_msgs/package.sh'
[5.801s] INFO:colcon.colcon_core.shell:Creating package script '/home/xs/UAV/ROS2/install/location_msgs/share/location_msgs/package.bash'
[5.801s] INFO:colcon.colcon_core.shell:Creating package script '/home/xs/UAV/ROS2/install/location_msgs/share/location_msgs/package.zsh'
[5.802s] Level 1:colcon.colcon_core.environment:create_file_with_runtime_dependencies(/home/xs/UAV/ROS2/install/location_msgs/share/colcon-core/packages/location_msgs)
[5.869s] Level 1:colcon.colcon_core.environment:create_environment_scripts_only(location_msgs)
[5.869s] Level 1:colcon.colcon_core.environment:checking '/home/xs/UAV/ROS2/install/location_msgs' for CMake module files
[5.870s] Level 1:colcon.colcon_core.environment:checking '/home/xs/UAV/ROS2/install/location_msgs' for CMake config files
[5.870s] Level 1:colcon.colcon_core.shell:create_environment_hook('location_msgs', 'cmake_prefix_path')
[5.870s] INFO:colcon.colcon_core.shell:Creating environment hook '/home/xs/UAV/ROS2/install/location_msgs/share/location_msgs/hook/cmake_prefix_path.ps1'
[5.871s] INFO:colcon.colcon_core.shell:Creating environment descriptor '/home/xs/UAV/ROS2/install/location_msgs/share/location_msgs/hook/cmake_prefix_path.dsv'
[5.871s] INFO:colcon.colcon_core.shell:Creating environment hook '/home/xs/UAV/ROS2/install/location_msgs/share/location_msgs/hook/cmake_prefix_path.sh'
[5.872s] Level 1:colcon.colcon_core.environment:checking '/home/xs/UAV/ROS2/install/location_msgs/lib'
[5.872s] Level 1:colcon.colcon_core.shell:create_environment_hook('location_msgs', 'ld_library_path_lib')
[5.872s] INFO:colcon.colcon_core.shell:Creating environment hook '/home/xs/UAV/ROS2/install/location_msgs/share/location_msgs/hook/ld_library_path_lib.ps1'
[5.872s] INFO:colcon.colcon_core.shell:Creating environment descriptor '/home/xs/UAV/ROS2/install/location_msgs/share/location_msgs/hook/ld_library_path_lib.dsv'
[5.872s] INFO:colcon.colcon_core.shell:Creating environment hook '/home/xs/UAV/ROS2/install/location_msgs/share/location_msgs/hook/ld_library_path_lib.sh'
[5.873s] Level 1:colcon.colcon_core.environment:checking '/home/xs/UAV/ROS2/install/location_msgs/bin'
[5.873s] Level 1:colcon.colcon_core.environment:checking '/home/xs/UAV/ROS2/install/location_msgs/lib/pkgconfig/location_msgs.pc'
[5.873s] Level 1:colcon.colcon_core.environment:checking '/home/xs/UAV/ROS2/install/location_msgs/lib/python3.8/site-packages'
[5.873s] Level 1:colcon.colcon_core.shell:create_environment_hook('location_msgs', 'pythonpath')
[5.873s] INFO:colcon.colcon_core.shell:Creating environment hook '/home/xs/UAV/ROS2/install/location_msgs/share/location_msgs/hook/pythonpath.ps1'
[5.874s] INFO:colcon.colcon_core.shell:Creating environment descriptor '/home/xs/UAV/ROS2/install/location_msgs/share/location_msgs/hook/pythonpath.dsv'
[5.874s] INFO:colcon.colcon_core.shell:Creating environment hook '/home/xs/UAV/ROS2/install/location_msgs/share/location_msgs/hook/pythonpath.sh'
[5.874s] Level 1:colcon.colcon_core.environment:checking '/home/xs/UAV/ROS2/install/location_msgs/bin'
[5.875s] INFO:colcon.colcon_core.shell:Creating package script '/home/xs/UAV/ROS2/install/location_msgs/share/location_msgs/package.ps1'
[5.875s] INFO:colcon.colcon_core.shell:Creating package descriptor '/home/xs/UAV/ROS2/install/location_msgs/share/location_msgs/package.dsv'
[5.876s] INFO:colcon.colcon_core.shell:Creating package script '/home/xs/UAV/ROS2/install/location_msgs/share/location_msgs/package.sh'
[5.876s] INFO:colcon.colcon_core.shell:Creating package script '/home/xs/UAV/ROS2/install/location_msgs/share/location_msgs/package.bash'
[5.876s] INFO:colcon.colcon_core.shell:Creating package script '/home/xs/UAV/ROS2/install/location_msgs/share/location_msgs/package.zsh'
[5.877s] Level 1:colcon.colcon_core.environment:create_file_with_runtime_dependencies(/home/xs/UAV/ROS2/install/location_msgs/share/colcon-core/packages/location_msgs)
[5.877s] INFO:colcon.colcon_ros.task.ament_python.build:Building ROS package in '/home/xs/UAV/ROS2/uav_patrol' with build type 'ament_python'
[5.877s] Level 1:colcon.colcon_core.shell:create_environment_hook('uav_patrol', 'ament_prefix_path')
[5.877s] INFO:colcon.colcon_core.shell:Creating environment hook '/home/xs/UAV/ROS2/install/uav_patrol/share/uav_patrol/hook/ament_prefix_path.ps1'
[5.878s] INFO:colcon.colcon_core.shell:Creating environment descriptor '/home/xs/UAV/ROS2/install/uav_patrol/share/uav_patrol/hook/ament_prefix_path.dsv'
[5.878s] INFO:colcon.colcon_core.shell:Creating environment hook '/home/xs/UAV/ROS2/install/uav_patrol/share/uav_patrol/hook/ament_prefix_path.sh'
[5.879s] INFO:colcon.colcon_core.shell:Skip shell extension 'powershell' for command environment: Not usable outside of PowerShell
[5.879s] DEBUG:colcon.colcon_core.shell:Skip shell extension 'dsv' for command environment
[6.054s] INFO:colcon.colcon_core.task.python.build:Building Python package in '/home/xs/UAV/ROS2/uav_patrol'
[6.055s] INFO:colcon.colcon_core.shell:Skip shell extension 'powershell' for command environment: Not usable outside of PowerShell
[6.055s] DEBUG:colcon.colcon_core.shell:Skip shell extension 'dsv' for command environment
[6.365s] DEBUG:colcon.colcon_core.event_handler.log_command:Invoking command in '/home/xs/UAV/ROS2/uav_patrol': PYTHONPATH=/home/xs/UAV/ROS2/build/uav_patrol/prefix_override:/home/xs/UAV/ROS2/install/uav_patrol/lib/python3.8/site-packages:/home/xs/UAV/ROS2/install/location_msgs/lib/python3.8/site-packages:/home/xs/UAV/ROS2/install/uav_patrol/lib/python3.8/site-packages:/opt/ros/galactic/lib/python3.8/site-packages /usr/bin/python3 -W ignore:setup.py install is deprecated setup.py egg_info --egg-base ../build/uav_patrol build --build-base /home/xs/UAV/ROS2/build/uav_patrol/build install --record /home/xs/UAV/ROS2/build/uav_patrol/install.log --single-version-externally-managed install_data
[6.593s] Level 1:colcon.colcon_core.environment:checking '/home/xs/UAV/ROS2/install/uav_patrol' for CMake module files
[6.594s] DEBUG:colcon.colcon_core.event_handler.log_command:Invoked command in '/home/xs/UAV/ROS2/uav_patrol' returned '0': PYTHONPATH=/home/xs/UAV/ROS2/build/uav_patrol/prefix_override:/home/xs/UAV/ROS2/install/uav_patrol/lib/python3.8/site-packages:/home/xs/UAV/ROS2/install/location_msgs/lib/python3.8/site-packages:/home/xs/UAV/ROS2/install/uav_patrol/lib/python3.8/site-packages:/opt/ros/galactic/lib/python3.8/site-packages /usr/bin/python3 -W ignore:setup.py install is deprecated setup.py egg_info --egg-base ../build/uav_patrol build --build-base /home/xs/UAV/ROS2/build/uav_patrol/build install --record /home/xs/UAV/ROS2/build/uav_patrol/install.log --single-version-externally-managed install_data
[6.594s] Level 1:colcon.colcon_core.environment:checking '/home/xs/UAV/ROS2/install/uav_patrol' for CMake config files
[6.595s] Level 1:colcon.colcon_core.environment:checking '/home/xs/UAV/ROS2/install/uav_patrol/lib'
[6.595s] Level 1:colcon.colcon_core.environment:checking '/home/xs/UAV/ROS2/install/uav_patrol/bin'
[6.595s] Level 1:colcon.colcon_core.environment:checking '/home/xs/UAV/ROS2/install/uav_patrol/lib/pkgconfig/uav_patrol.pc'
[6.595s] Level 1:colcon.colcon_core.environment:checking '/home/xs/UAV/ROS2/install/uav_patrol/lib/python3.8/site-packages'
[6.595s] Level 1:colcon.colcon_core.shell:create_environment_hook('uav_patrol', 'pythonpath')
[6.595s] INFO:colcon.colcon_core.shell:Creating environment hook '/home/xs/UAV/ROS2/install/uav_patrol/share/uav_patrol/hook/pythonpath.ps1'
[6.596s] INFO:colcon.colcon_core.shell:Creating environment descriptor '/home/xs/UAV/ROS2/install/uav_patrol/share/uav_patrol/hook/pythonpath.dsv'
[6.596s] INFO:colcon.colcon_core.shell:Creating environment hook '/home/xs/UAV/ROS2/install/uav_patrol/share/uav_patrol/hook/pythonpath.sh'
[6.597s] Level 1:colcon.colcon_core.environment:checking '/home/xs/UAV/ROS2/install/uav_patrol/bin'
[6.597s] Level 1:colcon.colcon_core.environment:create_environment_scripts_only(uav_patrol)
[6.597s] INFO:colcon.colcon_core.shell:Creating package script '/home/xs/UAV/ROS2/install/uav_patrol/share/uav_patrol/package.ps1'
[6.597s] INFO:colcon.colcon_core.shell:Creating package descriptor '/home/xs/UAV/ROS2/install/uav_patrol/share/uav_patrol/package.dsv'
[6.598s] INFO:colcon.colcon_core.shell:Creating package script '/home/xs/UAV/ROS2/install/uav_patrol/share/uav_patrol/package.sh'
[6.598s] INFO:colcon.colcon_core.shell:Creating package script '/home/xs/UAV/ROS2/install/uav_patrol/share/uav_patrol/package.bash'
[6.598s] INFO:colcon.colcon_core.shell:Creating package script '/home/xs/UAV/ROS2/install/uav_patrol/share/uav_patrol/package.zsh'
[6.599s] Level 1:colcon.colcon_core.environment:create_file_with_runtime_dependencies(/home/xs/UAV/ROS2/install/uav_patrol/share/colcon-core/packages/uav_patrol)
[6.599s] DEBUG:colcon.colcon_parallel_executor.executor.parallel:closing loop
[6.599s] DEBUG:colcon.colcon_parallel_executor.executor.parallel:loop closed
[6.599s] DEBUG:colcon.colcon_parallel_executor.executor.parallel:run_until_complete finished with '0'
[6.599s] DEBUG:colcon.colcon_core.event_reactor:joining thread
[6.603s] INFO:colcon.colcon_core.plugin_system:Skipping extension 'colcon_notification.desktop_notification.terminal_notifier': Not used on non-Darwin systems
[6.603s] INFO:colcon.colcon_core.plugin_system:Skipping extension 'colcon_notification.desktop_notification.win32': Not used on non-Windows systems
[6.603s] INFO:colcon.colcon_notification.desktop_notification:Sending desktop notification using 'notify2'
[6.604s] DEBUG:colcon.colcon_notification.desktop_notification.notify2:Failed to initialize notify2: org.freedesktop.DBus.Error.ServiceUnknown: The name org.freedesktop.Notifications was not provided by any .service files
[6.604s] DEBUG:colcon.colcon_core.event_reactor:joined thread
[6.604s] INFO:colcon.colcon_core.shell:Creating prefix script '/home/xs/UAV/ROS2/install/local_setup.ps1'
[6.605s] INFO:colcon.colcon_core.shell:Creating prefix util module '/home/xs/UAV/ROS2/install/_local_setup_util_ps1.py'
[6.607s] INFO:colcon.colcon_core.shell:Creating prefix chain script '/home/xs/UAV/ROS2/install/setup.ps1'
[6.608s] INFO:colcon.colcon_core.shell:Creating prefix script '/home/xs/UAV/ROS2/install/local_setup.sh'
[6.608s] INFO:colcon.colcon_core.shell:Creating prefix util module '/home/xs/UAV/ROS2/install/_local_setup_util_sh.py'
[6.609s] INFO:colcon.colcon_core.shell:Creating prefix chain script '/home/xs/UAV/ROS2/install/setup.sh'
[6.609s] INFO:colcon.colcon_core.shell:Creating prefix script '/home/xs/UAV/ROS2/install/local_setup.bash'
[6.610s] INFO:colcon.colcon_core.shell:Creating prefix chain script '/home/xs/UAV/ROS2/install/setup.bash'
[6.611s] INFO:colcon.colcon_core.shell:Creating prefix script '/home/xs/UAV/ROS2/install/local_setup.zsh'
[6.611s] INFO:colcon.colcon_core.shell:Creating prefix chain script '/home/xs/UAV/ROS2/install/setup.zsh'
