[0.533s] Invoking command in '/home/xs/UAV/ROS2/object_detector': AMENT_PREFIX_PATH=/home/xs/UAV/ROS2/install/nmea_msgs:${AMENT_PREFIX_PATH} CMAKE_PREFIX_PATH=/home/xs/UAV/ROS2/install/nmea_msgs LD_LIBRARY_PATH=/home/xs/UAV/ROS2/install/nmea_msgs/lib:${LD_LIBRARY_PATH} PYTHONPATH=/home/xs/UAV/ROS2/build/object_detector/prefix_override:/home/xs/UAV/ROS2/install/object_detector/lib/python3.8/site-packages:/home/xs/UAV/ROS2/install/nmea_msgs/lib/python3.8/site-packages:${PYTHONPATH} /usr/bin/python3 -W ignore:setup.py install is deprecated setup.py egg_info --egg-base ../build/object_detector build --build-base /home/xs/UAV/ROS2/build/object_detector/build install --record /home/xs/UAV/ROS2/build/object_detector/install.log --single-version-externally-managed install_data
[0.679s] running egg_info
[0.680s] writing ../build/object_detector/object_detector.egg-info/PKG-INFO
[0.680s] writing dependency_links to ../build/object_detector/object_detector.egg-info/dependency_links.txt
[0.680s] writing entry points to ../build/object_detector/object_detector.egg-info/entry_points.txt
[0.680s] writing requirements to ../build/object_detector/object_detector.egg-info/requires.txt
[0.680s] writing top-level names to ../build/object_detector/object_detector.egg-info/top_level.txt
[0.702s] reading manifest file '../build/object_detector/object_detector.egg-info/SOURCES.txt'
[0.703s] writing manifest file '../build/object_detector/object_detector.egg-info/SOURCES.txt'
[0.703s] running build
[0.703s] running build_py
[0.703s] running install
[0.704s] running install_lib
[0.705s] running install_data
[0.705s] copying launch/object_detector.launch.py -> /home/xs/UAV/ROS2/install/object_detector/share/object_detector/launch
[0.705s] running install_egg_info
[0.706s] removing '/home/xs/UAV/ROS2/install/object_detector/lib/python3.8/site-packages/object_detector-0.0.0-py3.8.egg-info' (and everything under it)
[0.706s] Copying ../build/object_detector/object_detector.egg-info to /home/xs/UAV/ROS2/install/object_detector/lib/python3.8/site-packages/object_detector-0.0.0-py3.8.egg-info
[0.706s] running install_scripts
[0.719s] Installing dft_publisher script to /home/xs/UAV/ROS2/install/object_detector/lib/object_detector
[0.719s] writing list of installed files to '/home/xs/UAV/ROS2/build/object_detector/install.log'
[0.735s] Invoked command in '/home/xs/UAV/ROS2/object_detector' returned '0': AMENT_PREFIX_PATH=/home/xs/UAV/ROS2/install/nmea_msgs:${AMENT_PREFIX_PATH} CMAKE_PREFIX_PATH=/home/xs/UAV/ROS2/install/nmea_msgs LD_LIBRARY_PATH=/home/xs/UAV/ROS2/install/nmea_msgs/lib:${LD_LIBRARY_PATH} PYTHONPATH=/home/xs/UAV/ROS2/build/object_detector/prefix_override:/home/xs/UAV/ROS2/install/object_detector/lib/python3.8/site-packages:/home/xs/UAV/ROS2/install/nmea_msgs/lib/python3.8/site-packages:${PYTHONPATH} /usr/bin/python3 -W ignore:setup.py install is deprecated setup.py egg_info --egg-base ../build/object_detector build --build-base /home/xs/UAV/ROS2/build/object_detector/build install --record /home/xs/UAV/ROS2/build/object_detector/install.log --single-version-externally-managed install_data
