running egg_info
writing ../build/ctrl_relayer/ctrl_relayer.egg-info/PKG-INFO
writing dependency_links to ../build/ctrl_relayer/ctrl_relayer.egg-info/dependency_links.txt
writing entry points to ../build/ctrl_relayer/ctrl_relayer.egg-info/entry_points.txt
writing requirements to ../build/ctrl_relayer/ctrl_relayer.egg-info/requires.txt
writing top-level names to ../build/ctrl_relayer/ctrl_relayer.egg-info/top_level.txt
reading manifest file '../build/ctrl_relayer/ctrl_relayer.egg-info/SOURCES.txt'
writing manifest file '../build/ctrl_relayer/ctrl_relayer.egg-info/SOURCES.txt'
running build
running build_py
running install
running install_lib
running install_data
copying launch/ctrl_relayer.launch.py -> /home/xs/UAV/ROS2/install/ctrl_relayer/share/ctrl_relayer
running install_egg_info
removing '/home/xs/UAV/ROS2/install/ctrl_relayer/lib/python3.8/site-packages/ctrl_relayer-0.0.0-py3.8.egg-info' (and everything under it)
Copying ../build/ctrl_relayer/ctrl_relayer.egg-info to /home/xs/UAV/ROS2/install/ctrl_relayer/lib/python3.8/site-packages/ctrl_relayer-0.0.0-py3.8.egg-info
running install_scripts
Installing cmd_subscriber script to /home/xs/UAV/ROS2/install/ctrl_relayer/lib/ctrl_relayer
writing list of installed files to '/home/xs/UAV/ROS2/build/ctrl_relayer/install.log'
