[0.857s] Invoking command in '/home/xs/UAV/ROS2/object_detector': PYTHONPATH=/home/xs/UAV/ROS2/build/object_detector/prefix_override:/home/xs/UAV/ROS2/install/object_detector/lib/python3.8/site-packages:${PYTHONPATH} /usr/bin/python3 -W ignore:setup.py install is deprecated setup.py egg_info --egg-base ../build/object_detector build --build-base /home/xs/UAV/ROS2/build/object_detector/build install --record /home/xs/UAV/ROS2/build/object_detector/install.log --single-version-externally-managed install_data
[1.024s] running egg_info
[1.025s] creating ../build/object_detector/object_detector.egg-info
[1.025s] writing ../build/object_detector/object_detector.egg-info/PKG-INFO
[1.025s] writing dependency_links to ../build/object_detector/object_detector.egg-info/dependency_links.txt
[1.025s] writing entry points to ../build/object_detector/object_detector.egg-info/entry_points.txt
[1.025s] writing requirements to ../build/object_detector/object_detector.egg-info/requires.txt
[1.026s] writing top-level names to ../build/object_detector/object_detector.egg-info/top_level.txt
[1.027s] writing manifest file '../build/object_detector/object_detector.egg-info/SOURCES.txt'
[1.051s] reading manifest file '../build/object_detector/object_detector.egg-info/SOURCES.txt'
[1.051s] writing manifest file '../build/object_detector/object_detector.egg-info/SOURCES.txt'
[1.051s] running build
[1.051s] running build_py
[1.052s] creating /home/xs/UAV/ROS2/build/object_detector/build
[1.052s] creating /home/xs/UAV/ROS2/build/object_detector/build/lib
[1.052s] creating /home/xs/UAV/ROS2/build/object_detector/build/lib/object_detector
[1.052s] copying object_detector/dft_publisher.py -> /home/xs/UAV/ROS2/build/object_detector/build/lib/object_detector
[1.052s] copying object_detector/__init__.py -> /home/xs/UAV/ROS2/build/object_detector/build/lib/object_detector
[1.052s] running install
[1.052s] running install_lib
[1.053s] creating /home/xs/UAV/ROS2/install/object_detector/lib/python3.8/site-packages/object_detector
[1.053s] copying /home/xs/UAV/ROS2/build/object_detector/build/lib/object_detector/dft_publisher.py -> /home/xs/UAV/ROS2/install/object_detector/lib/python3.8/site-packages/object_detector
[1.053s] copying /home/xs/UAV/ROS2/build/object_detector/build/lib/object_detector/__init__.py -> /home/xs/UAV/ROS2/install/object_detector/lib/python3.8/site-packages/object_detector
[1.053s] byte-compiling /home/xs/UAV/ROS2/install/object_detector/lib/python3.8/site-packages/object_detector/dft_publisher.py to dft_publisher.cpython-38.pyc
[1.054s] byte-compiling /home/xs/UAV/ROS2/install/object_detector/lib/python3.8/site-packages/object_detector/__init__.py to __init__.cpython-38.pyc
[1.055s] running install_data
[1.055s] creating /home/xs/UAV/ROS2/install/object_detector/share/ament_index
[1.055s] creating /home/xs/UAV/ROS2/install/object_detector/share/ament_index/resource_index
[1.055s] creating /home/xs/UAV/ROS2/install/object_detector/share/ament_index/resource_index/packages
[1.055s] copying resource/object_detector -> /home/xs/UAV/ROS2/install/object_detector/share/ament_index/resource_index/packages
[1.055s] copying package.xml -> /home/xs/UAV/ROS2/install/object_detector/share/object_detector
[1.055s] running install_egg_info
[1.056s] Copying ../build/object_detector/object_detector.egg-info to /home/xs/UAV/ROS2/install/object_detector/lib/python3.8/site-packages/object_detector-0.0.0-py3.8.egg-info
[1.057s] running install_scripts
[1.069s] Installing dft_publisher script to /home/xs/UAV/ROS2/install/object_detector/lib/object_detector
[1.070s] writing list of installed files to '/home/xs/UAV/ROS2/build/object_detector/install.log'
[1.089s] Invoked command in '/home/xs/UAV/ROS2/object_detector' returned '0': PYTHONPATH=/home/xs/UAV/ROS2/build/object_detector/prefix_override:/home/xs/UAV/ROS2/install/object_detector/lib/python3.8/site-packages:${PYTHONPATH} /usr/bin/python3 -W ignore:setup.py install is deprecated setup.py egg_info --egg-base ../build/object_detector build --build-base /home/xs/UAV/ROS2/build/object_detector/build install --record /home/xs/UAV/ROS2/build/object_detector/install.log --single-version-externally-managed install_data
