[0.021s] Invoking command in '/home/xs/UAV/ROS2/build/nmea_msgs': CMAKE_PREFIX_PATH=/opt/ros/galactic /usr/bin/cmake /home/xs/UAV/ROS2/nmea_msgs -DCMAKE_INSTALL_PREFIX=/home/xs/UAV/ROS2/install/nmea_msgs
[0.357s] -- The C compiler identification is GNU 9.4.0
[0.357s] -- The CXX compiler identification is GNU 9.4.0
[0.357s] -- Check for working C compiler: /usr/bin/cc
[0.357s] -- Check for working C compiler: /usr/bin/cc -- works
[0.357s] -- Detecting C compiler ABI info
[0.357s] -- Detecting C compiler ABI info - done
[0.357s] -- Detecting C compile features
[0.358s] -- Detecting C compile features - done
[0.358s] -- Check for working CXX compiler: /usr/bin/c++
[0.370s] -- Check for working CXX compiler: /usr/bin/c++ -- works
[0.371s] -- Detecting CXX compiler ABI info
[0.427s] -- Detecting CXX compiler ABI info - done
[0.435s] -- Detecting CXX compile features
[0.435s] -- Detecting CXX compile features - done
[0.439s] -- Found ament_cmake: 1.1.6 (/opt/ros/galactic/share/ament_cmake/cmake)
[0.457s] -- Found PythonInterp: /usr/bin/python3 (found suitable version "3.8.10", minimum required is "3") 
[0.457s] -- Using PYTHON_EXECUTABLE: /usr/bin/python3
[0.514s] -- Found rosidl_default_generators: 1.1.1 (/opt/ros/galactic/share/rosidl_default_generators/cmake)
[0.516s] -- Using all available rosidl_typesupport_c: rosidl_typesupport_fastrtps_c;rosidl_typesupport_introspection_c
[0.522s] -- Found rosidl_adapter: 2.2.3 (/opt/ros/galactic/share/rosidl_adapter/cmake)
[0.599s] -- Found OpenSSL: /usr/lib/x86_64-linux-gnu/libcrypto.so (found version "1.1.1f")  
[0.620s] -- Found FastRTPS: /opt/ros/galactic/include  
[0.707s] -- Using all available rosidl_typesupport_cpp: rosidl_typesupport_fastrtps_cpp;rosidl_typesupport_introspection_cpp
[0.744s] -- Found std_msgs: 2.2.4 (/opt/ros/galactic/share/std_msgs/cmake)
[0.809s] -- Found PythonInterp: /usr/bin/python3 (found version "3.8.10") 
[0.968s] -- Found ament_cmake_ros: 0.9.2 (/opt/ros/galactic/share/ament_cmake_ros/cmake)
[1.116s] -- Using all available rosidl_typesupport_c: rosidl_typesupport_fastrtps_c;rosidl_typesupport_introspection_c
[1.162s] -- Using all available rosidl_typesupport_cpp: rosidl_typesupport_fastrtps_cpp;rosidl_typesupport_introspection_cpp
[1.179s] -- Found PythonInterp: /usr/bin/python3 (found suitable version "3.8.10", minimum required is "3.5") 
[1.180s] -- Found python_cmake_module: 0.8.1 (/opt/ros/galactic/share/python_cmake_module/cmake)
[1.206s] -- Found PythonLibs: /usr/lib/x86_64-linux-gnu/libpython3.8.so (found suitable version "3.8.10", minimum required is "3.5") 
[1.207s] -- Using PYTHON_EXECUTABLE: /usr/bin/python3
[1.207s] -- Using PYTHON_INCLUDE_DIRS: /usr/include/python3.8
[1.207s] -- Using PYTHON_LIBRARIES: /usr/lib/x86_64-linux-gnu/libpython3.8.so
[1.225s] -- Found PythonExtra: .so  
[1.275s] -- Configuring done
[1.322s] -- Generating done
[1.324s] -- Build files have been written to: /home/xs/UAV/ROS2/build/nmea_msgs
[1.330s] Invoked command in '/home/xs/UAV/ROS2/build/nmea_msgs' returned '0': CMAKE_PREFIX_PATH=/opt/ros/galactic /usr/bin/cmake /home/xs/UAV/ROS2/nmea_msgs -DCMAKE_INSTALL_PREFIX=/home/xs/UAV/ROS2/install/nmea_msgs
[1.333s] Invoking command in '/home/xs/UAV/ROS2/build/nmea_msgs': CMAKE_PREFIX_PATH=/opt/ros/galactic /usr/bin/cmake --build /home/xs/UAV/ROS2/build/nmea_msgs -- -j8 -l8
[1.361s] [35m[1mScanning dependencies of target nmea_msgs__cpp[0m
[1.361s] [  1%] [34m[1mGenerating C code for ROS interfaces[0m
[1.369s] [  2%] [34m[1mGenerating C++ code for ROS interfaces[0m
[1.854s] [  2%] Built target nmea_msgs__cpp
[1.864s] [  6%] [34m[1mGenerating C++ introspection for ROS interfaces[0m
[1.864s] [  6%] [34m[1mGenerating C++ type support dispatch for ROS interfaces[0m
[1.864s] [  6%] [34m[1mGenerating C++ type support for eProsima Fast-RTPS[0m
[1.920s] [35m[1mScanning dependencies of target nmea_msgs__rosidl_generator_c[0m
[1.934s] [ 10%] [32mBuilding C object CMakeFiles/nmea_msgs__rosidl_generator_c.dir/rosidl_generator_c/nmea_msgs/msg/detail/gpgga__functions.c.o[0m
[1.934s] [ 11%] [32mBuilding C object CMakeFiles/nmea_msgs__rosidl_generator_c.dir/rosidl_generator_c/nmea_msgs/msg/detail/gpgst__functions.c.o[0m
[1.935s] [ 10%] [32mBuilding C object CMakeFiles/nmea_msgs__rosidl_generator_c.dir/rosidl_generator_c/nmea_msgs/msg/detail/sentence__functions.c.o[0m
[1.938s] [ 10%] [32mBuilding C object CMakeFiles/nmea_msgs__rosidl_generator_c.dir/rosidl_generator_c/nmea_msgs/msg/detail/gpgsa__functions.c.o[0m
[1.943s] [ 12%] [32mBuilding C object CMakeFiles/nmea_msgs__rosidl_generator_c.dir/rosidl_generator_c/nmea_msgs/msg/detail/gpgsv__functions.c.o[0m
[1.990s] [ 13%] [32mBuilding C object CMakeFiles/nmea_msgs__rosidl_generator_c.dir/rosidl_generator_c/nmea_msgs/msg/detail/gprmc__functions.c.o[0m
[1.994s] [ 15%] [32mBuilding C object CMakeFiles/nmea_msgs__rosidl_generator_c.dir/rosidl_generator_c/nmea_msgs/msg/detail/gpgsv_satellite__functions.c.o[0m
[2.034s] [ 16%] [32m[1mLinking C shared library libnmea_msgs__rosidl_generator_c.so[0m
[2.063s] [ 16%] Built target nmea_msgs__rosidl_generator_c
[2.070s] [ 17%] [34m[1mGenerating C type support dispatch for ROS interfaces[0m
[2.073s] [ 18%] [34m[1mGenerating C introspection for ROS interfaces[0m
[2.303s] [35m[1mScanning dependencies of target nmea_msgs__rosidl_typesupport_cpp[0m
[2.321s] [ 22%] [32mBuilding CXX object CMakeFiles/nmea_msgs__rosidl_typesupport_cpp.dir/rosidl_typesupport_cpp/nmea_msgs/msg/gpgga__type_support.cpp.o[0m
[2.321s] [ 22%] [32mBuilding CXX object CMakeFiles/nmea_msgs__rosidl_typesupport_cpp.dir/rosidl_typesupport_cpp/nmea_msgs/msg/sentence__type_support.cpp.o[0m
[2.322s] [ 22%] [32mBuilding CXX object CMakeFiles/nmea_msgs__rosidl_typesupport_cpp.dir/rosidl_typesupport_cpp/nmea_msgs/msg/gpgsa__type_support.cpp.o[0m
[2.334s] [ 24%] [32mBuilding CXX object CMakeFiles/nmea_msgs__rosidl_typesupport_cpp.dir/rosidl_typesupport_cpp/nmea_msgs/msg/gpgst__type_support.cpp.o[0m
[2.567s] [35m[1mScanning dependencies of target nmea_msgs__rosidl_typesupport_fastrtps_cpp[0m
[2.593s] [ 25%] [32mBuilding CXX object CMakeFiles/nmea_msgs__rosidl_typesupport_fastrtps_cpp.dir/rosidl_typesupport_fastrtps_cpp/nmea_msgs/msg/detail/dds_fastrtps/sentence__type_support.cpp.o[0m
[2.648s] [ 26%] [32mBuilding CXX object CMakeFiles/nmea_msgs__rosidl_typesupport_cpp.dir/rosidl_typesupport_cpp/nmea_msgs/msg/gpgsv__type_support.cpp.o[0m
[2.655s] [ 27%] [32mBuilding CXX object CMakeFiles/nmea_msgs__rosidl_typesupport_cpp.dir/rosidl_typesupport_cpp/nmea_msgs/msg/gpgsv_satellite__type_support.cpp.o[0m
[2.657s] [ 29%] [32mBuilding CXX object CMakeFiles/nmea_msgs__rosidl_typesupport_cpp.dir/rosidl_typesupport_cpp/nmea_msgs/msg/gprmc__type_support.cpp.o[0m
[2.664s] [ 30%] [32mBuilding CXX object CMakeFiles/nmea_msgs__rosidl_typesupport_fastrtps_cpp.dir/rosidl_typesupport_fastrtps_cpp/nmea_msgs/msg/detail/dds_fastrtps/gpgga__type_support.cpp.o[0m
[2.669s] [35m[1mScanning dependencies of target nmea_msgs__rosidl_typesupport_introspection_cpp[0m
[2.686s] [ 31%] [32mBuilding CXX object CMakeFiles/nmea_msgs__rosidl_typesupport_introspection_cpp.dir/rosidl_typesupport_introspection_cpp/nmea_msgs/msg/detail/sentence__type_support.cpp.o[0m
[2.814s] [35m[1mScanning dependencies of target nmea_msgs__rosidl_typesupport_introspection_c[0m
[2.819s] [35m[1mScanning dependencies of target nmea_msgs__rosidl_typesupport_c[0m
[2.834s] [ 32%] [32mBuilding C object CMakeFiles/nmea_msgs__rosidl_typesupport_introspection_c.dir/rosidl_typesupport_introspection_c/nmea_msgs/msg/detail/sentence__type_support.c.o[0m
[2.870s] [ 34%] [32mBuilding C object CMakeFiles/nmea_msgs__rosidl_typesupport_introspection_c.dir/rosidl_typesupport_introspection_c/nmea_msgs/msg/detail/gpgga__type_support.c.o[0m
[2.878s] [ 35%] [32mBuilding CXX object CMakeFiles/nmea_msgs__rosidl_typesupport_c.dir/rosidl_typesupport_c/nmea_msgs/msg/sentence__type_support.cpp.o[0m
[2.911s] [ 36%] [32mBuilding CXX object CMakeFiles/nmea_msgs__rosidl_typesupport_c.dir/rosidl_typesupport_c/nmea_msgs/msg/gpgga__type_support.cpp.o[0m
[2.918s] [ 37%] [32mBuilding C object CMakeFiles/nmea_msgs__rosidl_typesupport_introspection_c.dir/rosidl_typesupport_introspection_c/nmea_msgs/msg/detail/gpgsa__type_support.c.o[0m
[2.945s] [ 39%] [32mBuilding CXX object CMakeFiles/nmea_msgs__rosidl_typesupport_c.dir/rosidl_typesupport_c/nmea_msgs/msg/gpgsa__type_support.cpp.o[0m
[2.955s] [ 40%] [32mBuilding C object CMakeFiles/nmea_msgs__rosidl_typesupport_introspection_c.dir/rosidl_typesupport_introspection_c/nmea_msgs/msg/detail/gpgst__type_support.c.o[0m
[2.976s] [ 41%] [32mBuilding CXX object CMakeFiles/nmea_msgs__rosidl_typesupport_c.dir/rosidl_typesupport_c/nmea_msgs/msg/gpgst__type_support.cpp.o[0m
[2.981s] [ 44%] [32m[1mLinking CXX shared library libnmea_msgs__rosidl_typesupport_cpp.so[0m
[2.981s] [ 44%] [32mBuilding CXX object CMakeFiles/nmea_msgs__rosidl_typesupport_c.dir/rosidl_typesupport_c/nmea_msgs/msg/gpgsv__type_support.cpp.o[0m
[2.984s] [ 45%] [32mBuilding CXX object CMakeFiles/nmea_msgs__rosidl_typesupport_c.dir/rosidl_typesupport_c/nmea_msgs/msg/gpgsv_satellite__type_support.cpp.o[0m
[2.992s] [ 46%] [32mBuilding C object CMakeFiles/nmea_msgs__rosidl_typesupport_introspection_c.dir/rosidl_typesupport_introspection_c/nmea_msgs/msg/detail/gpgsv__type_support.c.o[0m
[3.008s] [ 48%] [32mBuilding CXX object CMakeFiles/nmea_msgs__rosidl_typesupport_introspection_cpp.dir/rosidl_typesupport_introspection_cpp/nmea_msgs/msg/detail/gpgga__type_support.cpp.o[0m
[3.014s] [ 49%] [32mBuilding CXX object CMakeFiles/nmea_msgs__rosidl_typesupport_introspection_cpp.dir/rosidl_typesupport_introspection_cpp/nmea_msgs/msg/detail/gpgsa__type_support.cpp.o[0m
[3.015s] [ 50%] [32mBuilding CXX object CMakeFiles/nmea_msgs__rosidl_typesupport_c.dir/rosidl_typesupport_c/nmea_msgs/msg/gprmc__type_support.cpp.o[0m
[3.015s] [ 51%] [32mBuilding CXX object CMakeFiles/nmea_msgs__rosidl_typesupport_introspection_cpp.dir/rosidl_typesupport_introspection_cpp/nmea_msgs/msg/detail/gpgst__type_support.cpp.o[0m
[3.031s] [ 51%] Built target nmea_msgs__rosidl_typesupport_cpp
[3.031s] [ 53%] [32mBuilding C object CMakeFiles/nmea_msgs__rosidl_typesupport_introspection_c.dir/rosidl_typesupport_introspection_c/nmea_msgs/msg/detail/gpgsv_satellite__type_support.c.o[0m
[3.040s] [ 54%] [32mBuilding C object CMakeFiles/nmea_msgs__rosidl_typesupport_introspection_c.dir/rosidl_typesupport_introspection_c/nmea_msgs/msg/detail/gprmc__type_support.c.o[0m
[3.047s] [ 55%] [32m[1mLinking CXX shared library libnmea_msgs__rosidl_typesupport_c.so[0m
[3.066s] [ 56%] [32mBuilding CXX object CMakeFiles/nmea_msgs__rosidl_typesupport_fastrtps_cpp.dir/rosidl_typesupport_fastrtps_cpp/nmea_msgs/msg/detail/dds_fastrtps/gpgsa__type_support.cpp.o[0m
[3.092s] [ 58%] [32m[1mLinking C shared library libnmea_msgs__rosidl_typesupport_introspection_c.so[0m
[3.098s] [ 59%] [32mBuilding CXX object CMakeFiles/nmea_msgs__rosidl_typesupport_fastrtps_cpp.dir/rosidl_typesupport_fastrtps_cpp/nmea_msgs/msg/detail/dds_fastrtps/gpgst__type_support.cpp.o[0m
[3.102s] [ 59%] Built target nmea_msgs__rosidl_typesupport_c
[3.112s] [ 60%] [32mBuilding CXX object CMakeFiles/nmea_msgs__rosidl_typesupport_fastrtps_cpp.dir/rosidl_typesupport_fastrtps_cpp/nmea_msgs/msg/detail/dds_fastrtps/gpgsv__type_support.cpp.o[0m
[3.127s] [ 60%] Built target nmea_msgs__rosidl_typesupport_introspection_c
[3.137s] [ 62%] [32mBuilding CXX object CMakeFiles/nmea_msgs__rosidl_typesupport_fastrtps_cpp.dir/rosidl_typesupport_fastrtps_cpp/nmea_msgs/msg/detail/dds_fastrtps/gpgsv_satellite__type_support.cpp.o[0m
[3.189s] [ 63%] [32mBuilding CXX object CMakeFiles/nmea_msgs__rosidl_typesupport_fastrtps_cpp.dir/rosidl_typesupport_fastrtps_cpp/nmea_msgs/msg/detail/dds_fastrtps/gprmc__type_support.cpp.o[0m
[3.337s] [ 64%] [32mBuilding CXX object CMakeFiles/nmea_msgs__rosidl_typesupport_introspection_cpp.dir/rosidl_typesupport_introspection_cpp/nmea_msgs/msg/detail/gpgsv__type_support.cpp.o[0m
[3.349s] [ 65%] [32mBuilding CXX object CMakeFiles/nmea_msgs__rosidl_typesupport_introspection_cpp.dir/rosidl_typesupport_introspection_cpp/nmea_msgs/msg/detail/gpgsv_satellite__type_support.cpp.o[0m
[3.377s] [ 67%] [32mBuilding CXX object CMakeFiles/nmea_msgs__rosidl_typesupport_introspection_cpp.dir/rosidl_typesupport_introspection_cpp/nmea_msgs/msg/detail/gprmc__type_support.cpp.o[0m
[3.651s] [ 68%] [32m[1mLinking CXX shared library libnmea_msgs__rosidl_typesupport_fastrtps_cpp.so[0m
[3.684s] [ 69%] [32m[1mLinking CXX shared library libnmea_msgs__rosidl_typesupport_introspection_cpp.so[0m
[3.725s] [ 69%] Built target nmea_msgs__rosidl_typesupport_fastrtps_cpp
[3.733s] [ 70%] [34m[1mGenerating C type support for eProsima Fast-RTPS[0m
[3.742s] [ 70%] Built target nmea_msgs__rosidl_typesupport_introspection_cpp
[4.167s] [35m[1mScanning dependencies of target nmea_msgs__rosidl_typesupport_fastrtps_c[0m
[4.183s] [ 74%] [32mBuilding CXX object CMakeFiles/nmea_msgs__rosidl_typesupport_fastrtps_c.dir/rosidl_typesupport_fastrtps_c/nmea_msgs/msg/detail/gpgst__type_support_c.cpp.o[0m
[4.183s] [ 74%] [32mBuilding CXX object CMakeFiles/nmea_msgs__rosidl_typesupport_fastrtps_c.dir/rosidl_typesupport_fastrtps_c/nmea_msgs/msg/detail/gpgsa__type_support_c.cpp.o[0m
[4.184s] [ 74%] [32mBuilding CXX object CMakeFiles/nmea_msgs__rosidl_typesupport_fastrtps_c.dir/rosidl_typesupport_fastrtps_c/nmea_msgs/msg/detail/gpgga__type_support_c.cpp.o[0m
[4.184s] [ 77%] [32mBuilding CXX object CMakeFiles/nmea_msgs__rosidl_typesupport_fastrtps_c.dir/rosidl_typesupport_fastrtps_c/nmea_msgs/msg/detail/gpgsv__type_support_c.cpp.o[0m
[4.184s] [ 75%] [32mBuilding CXX object CMakeFiles/nmea_msgs__rosidl_typesupport_fastrtps_c.dir/rosidl_typesupport_fastrtps_c/nmea_msgs/msg/detail/sentence__type_support_c.cpp.o[0m
[4.184s] [ 78%] [32mBuilding CXX object CMakeFiles/nmea_msgs__rosidl_typesupport_fastrtps_c.dir/rosidl_typesupport_fastrtps_c/nmea_msgs/msg/detail/gpgsv_satellite__type_support_c.cpp.o[0m
[4.189s] [ 79%] [32mBuilding CXX object CMakeFiles/nmea_msgs__rosidl_typesupport_fastrtps_c.dir/rosidl_typesupport_fastrtps_c/nmea_msgs/msg/detail/gprmc__type_support_c.cpp.o[0m
[4.575s] [ 81%] [32m[1mLinking CXX shared library libnmea_msgs__rosidl_typesupport_fastrtps_c.so[0m
[4.646s] [ 81%] Built target nmea_msgs__rosidl_typesupport_fastrtps_c
[4.653s] [35m[1mScanning dependencies of target nmea_msgs[0m
[4.660s] [ 81%] Built target nmea_msgs
[4.667s] [35m[1mScanning dependencies of target nmea_msgs__py[0m
[4.679s] [ 82%] [34m[1mGenerating Python code for ROS interfaces[0m
[5.617s] [ 82%] Built target nmea_msgs__py
[5.625s] [35m[1mScanning dependencies of target nmea_msgs__python[0m
[5.656s] [ 87%] [32mBuilding C object CMakeFiles/nmea_msgs__python.dir/rosidl_generator_py/nmea_msgs/msg/_sentence_s.c.o[0m
[5.656s] [ 87%] [32mBuilding C object CMakeFiles/nmea_msgs__python.dir/rosidl_generator_py/nmea_msgs/msg/_gpgsa_s.c.o[0m
[5.656s] [ 87%] [32mBuilding C object CMakeFiles/nmea_msgs__python.dir/rosidl_generator_py/nmea_msgs/msg/_gpgga_s.c.o[0m
[5.657s] [ 87%] [32mBuilding C object CMakeFiles/nmea_msgs__python.dir/rosidl_generator_py/nmea_msgs/msg/_gpgst_s.c.o[0m
[5.657s] [ 88%] [32mBuilding C object CMakeFiles/nmea_msgs__python.dir/rosidl_generator_py/nmea_msgs/msg/_gpgsv_satellite_s.c.o[0m
[5.657s] [ 89%] [32mBuilding C object CMakeFiles/nmea_msgs__python.dir/rosidl_generator_py/nmea_msgs/msg/_gpgsv_s.c.o[0m
[5.662s] [ 91%] [32mBuilding C object CMakeFiles/nmea_msgs__python.dir/rosidl_generator_py/nmea_msgs/msg/_gprmc_s.c.o[0m
[5.771s] [ 92%] [32m[1mLinking C shared library rosidl_generator_py/nmea_msgs/libnmea_msgs__python.so[0m
[5.800s] [ 92%] Built target nmea_msgs__python
[5.808s] [35m[1mScanning dependencies of target nmea_msgs__rosidl_typesupport_c__pyext[0m
[5.808s] [35m[1mScanning dependencies of target nmea_msgs__rosidl_typesupport_introspection_c__pyext[0m
[5.808s] [35m[1mScanning dependencies of target nmea_msgs__rosidl_typesupport_fastrtps_c__pyext[0m
[5.822s] [ 94%] [32mBuilding C object CMakeFiles/nmea_msgs__rosidl_typesupport_fastrtps_c__pyext.dir/rosidl_generator_py/nmea_msgs/_nmea_msgs_s.ep.rosidl_typesupport_fastrtps_c.c.o[0m
[5.822s] [ 94%] [32mBuilding C object CMakeFiles/nmea_msgs__rosidl_typesupport_c__pyext.dir/rosidl_generator_py/nmea_msgs/_nmea_msgs_s.ep.rosidl_typesupport_c.c.o[0m
[5.822s] [ 96%] [32mBuilding C object CMakeFiles/nmea_msgs__rosidl_typesupport_introspection_c__pyext.dir/rosidl_generator_py/nmea_msgs/_nmea_msgs_s.ep.rosidl_typesupport_introspection_c.c.o[0m
[5.889s] [100%] [32m[1mLinking CXX shared library rosidl_generator_py/nmea_msgs/nmea_msgs_s__rosidl_typesupport_fastrtps_c.cpython-38-x86_64-linux-gnu.so[0m
[5.889s] [100%] [32m[1mLinking C shared library rosidl_generator_py/nmea_msgs/nmea_msgs_s__rosidl_typesupport_c.cpython-38-x86_64-linux-gnu.so[0m
[5.889s] [100%] [32m[1mLinking C shared library rosidl_generator_py/nmea_msgs/nmea_msgs_s__rosidl_typesupport_introspection_c.cpython-38-x86_64-linux-gnu.so[0m
[5.915s] [100%] Built target nmea_msgs__rosidl_typesupport_introspection_c__pyext
[5.916s] [100%] Built target nmea_msgs__rosidl_typesupport_c__pyext
[5.936s] [100%] Built target nmea_msgs__rosidl_typesupport_fastrtps_c__pyext
[5.944s] Invoked command in '/home/xs/UAV/ROS2/build/nmea_msgs' returned '0': CMAKE_PREFIX_PATH=/opt/ros/galactic /usr/bin/cmake --build /home/xs/UAV/ROS2/build/nmea_msgs -- -j8 -l8
[6.026s] Invoking command in '/home/xs/UAV/ROS2/build/nmea_msgs': CMAKE_PREFIX_PATH=/opt/ros/galactic /usr/bin/cmake --install /home/xs/UAV/ROS2/build/nmea_msgs
[6.032s] -- Install configuration: ""
[6.032s] -- Installing: /home/xs/UAV/ROS2/install/nmea_msgs/share/ament_index/resource_index/rosidl_interfaces/nmea_msgs
[6.032s] -- Installing: /home/xs/UAV/ROS2/install/nmea_msgs/include/nmea_msgs
[6.032s] -- Installing: /home/xs/UAV/ROS2/install/nmea_msgs/include/nmea_msgs/msg
[6.032s] -- Installing: /home/xs/UAV/ROS2/install/nmea_msgs/include/nmea_msgs/msg/gpgsv.h
[6.032s] -- Installing: /home/xs/UAV/ROS2/install/nmea_msgs/include/nmea_msgs/msg/gpgga.h
[6.032s] -- Installing: /home/xs/UAV/ROS2/install/nmea_msgs/include/nmea_msgs/msg/gpgst.h
[6.032s] -- Installing: /home/xs/UAV/ROS2/install/nmea_msgs/include/nmea_msgs/msg/gprmc.h
[6.032s] -- Installing: /home/xs/UAV/ROS2/install/nmea_msgs/include/nmea_msgs/msg/sentence.h
[6.032s] -- Installing: /home/xs/UAV/ROS2/install/nmea_msgs/include/nmea_msgs/msg/detail
[6.032s] -- Installing: /home/xs/UAV/ROS2/install/nmea_msgs/include/nmea_msgs/msg/detail/gpgsv_satellite__struct.h
[6.032s] -- Installing: /home/xs/UAV/ROS2/install/nmea_msgs/include/nmea_msgs/msg/detail/gpgst__struct.h
[6.032s] -- Installing: /home/xs/UAV/ROS2/install/nmea_msgs/include/nmea_msgs/msg/detail/gpgsv_satellite__functions.h
[6.032s] -- Installing: /home/xs/UAV/ROS2/install/nmea_msgs/include/nmea_msgs/msg/detail/gprmc__functions.c
[6.032s] -- Installing: /home/xs/UAV/ROS2/install/nmea_msgs/include/nmea_msgs/msg/detail/gpgsa__functions.h
[6.033s] -- Installing: /home/xs/UAV/ROS2/install/nmea_msgs/include/nmea_msgs/msg/detail/gpgsv__functions.h
[6.033s] -- Installing: /home/xs/UAV/ROS2/install/nmea_msgs/include/nmea_msgs/msg/detail/gpgsv__type_support.h
[6.033s] -- Installing: /home/xs/UAV/ROS2/install/nmea_msgs/include/nmea_msgs/msg/detail/gpgga__type_support.h
[6.033s] -- Installing: /home/xs/UAV/ROS2/install/nmea_msgs/include/nmea_msgs/msg/detail/gpgga__struct.h
[6.033s] -- Installing: /home/xs/UAV/ROS2/install/nmea_msgs/include/nmea_msgs/msg/detail/gpgst__type_support.h
[6.033s] -- Installing: /home/xs/UAV/ROS2/install/nmea_msgs/include/nmea_msgs/msg/detail/gpgsv_satellite__type_support.h
[6.033s] -- Installing: /home/xs/UAV/ROS2/install/nmea_msgs/include/nmea_msgs/msg/detail/gpgga__functions.h
[6.033s] -- Installing: /home/xs/UAV/ROS2/install/nmea_msgs/include/nmea_msgs/msg/detail/gpgsa__struct.h
[6.033s] -- Installing: /home/xs/UAV/ROS2/install/nmea_msgs/include/nmea_msgs/msg/detail/gprmc__functions.h
[6.033s] -- Installing: /home/xs/UAV/ROS2/install/nmea_msgs/include/nmea_msgs/msg/detail/gpgsv__struct.h
[6.033s] -- Installing: /home/xs/UAV/ROS2/install/nmea_msgs/include/nmea_msgs/msg/detail/sentence__struct.h
[6.033s] -- Installing: /home/xs/UAV/ROS2/install/nmea_msgs/include/nmea_msgs/msg/detail/gprmc__struct.h
[6.033s] -- Installing: /home/xs/UAV/ROS2/install/nmea_msgs/include/nmea_msgs/msg/detail/sentence__type_support.h
[6.033s] -- Installing: /home/xs/UAV/ROS2/install/nmea_msgs/include/nmea_msgs/msg/detail/gpgsv_satellite__functions.c
[6.033s] -- Installing: /home/xs/UAV/ROS2/install/nmea_msgs/include/nmea_msgs/msg/detail/gpgsa__type_support.h
[6.033s] -- Installing: /home/xs/UAV/ROS2/install/nmea_msgs/include/nmea_msgs/msg/detail/gpgsa__functions.c
[6.033s] -- Installing: /home/xs/UAV/ROS2/install/nmea_msgs/include/nmea_msgs/msg/detail/gpgst__functions.c
[6.033s] -- Installing: /home/xs/UAV/ROS2/install/nmea_msgs/include/nmea_msgs/msg/detail/gpgsv__functions.c
[6.033s] -- Installing: /home/xs/UAV/ROS2/install/nmea_msgs/include/nmea_msgs/msg/detail/gprmc__type_support.h
[6.034s] -- Installing: /home/xs/UAV/ROS2/install/nmea_msgs/include/nmea_msgs/msg/detail/gpgst__functions.h
[6.034s] -- Installing: /home/xs/UAV/ROS2/install/nmea_msgs/include/nmea_msgs/msg/detail/sentence__functions.h
[6.034s] -- Installing: /home/xs/UAV/ROS2/install/nmea_msgs/include/nmea_msgs/msg/detail/sentence__functions.c
[6.034s] -- Installing: /home/xs/UAV/ROS2/install/nmea_msgs/include/nmea_msgs/msg/detail/gpgga__functions.c
[6.034s] -- Installing: /home/xs/UAV/ROS2/install/nmea_msgs/include/nmea_msgs/msg/gpgsa.h
[6.034s] -- Installing: /home/xs/UAV/ROS2/install/nmea_msgs/include/nmea_msgs/msg/gpgsv_satellite.h
[6.034s] -- Installing: /home/xs/UAV/ROS2/install/nmea_msgs/include/nmea_msgs/msg/rosidl_generator_c__visibility_control.h
[6.034s] -- Installing: /home/xs/UAV/ROS2/install/nmea_msgs/share/nmea_msgs/environment/library_path.sh
[6.034s] -- Installing: /home/xs/UAV/ROS2/install/nmea_msgs/share/nmea_msgs/environment/library_path.dsv
[6.034s] -- Installing: /home/xs/UAV/ROS2/install/nmea_msgs/lib/libnmea_msgs__rosidl_generator_c.so
[6.034s] -- Set runtime path of "/home/xs/UAV/ROS2/install/nmea_msgs/lib/libnmea_msgs__rosidl_generator_c.so" to ""
[6.034s] -- Up-to-date: /home/xs/UAV/ROS2/install/nmea_msgs/include/nmea_msgs
[6.034s] -- Up-to-date: /home/xs/UAV/ROS2/install/nmea_msgs/include/nmea_msgs/msg
[6.034s] -- Up-to-date: /home/xs/UAV/ROS2/install/nmea_msgs/include/nmea_msgs/msg/detail
[6.034s] -- Installing: /home/xs/UAV/ROS2/install/nmea_msgs/include/nmea_msgs/msg/detail/gpgga__rosidl_typesupport_fastrtps_c.h
[6.034s] -- Installing: /home/xs/UAV/ROS2/install/nmea_msgs/include/nmea_msgs/msg/detail/gpgst__rosidl_typesupport_fastrtps_c.h
[6.034s] -- Installing: /home/xs/UAV/ROS2/install/nmea_msgs/include/nmea_msgs/msg/detail/gpgsv_satellite__rosidl_typesupport_fastrtps_c.h
[6.034s] -- Installing: /home/xs/UAV/ROS2/install/nmea_msgs/include/nmea_msgs/msg/detail/gpgsv__rosidl_typesupport_fastrtps_c.h
[6.035s] -- Installing: /home/xs/UAV/ROS2/install/nmea_msgs/include/nmea_msgs/msg/detail/gpgsa__rosidl_typesupport_fastrtps_c.h
[6.035s] -- Installing: /home/xs/UAV/ROS2/install/nmea_msgs/include/nmea_msgs/msg/detail/sentence__rosidl_typesupport_fastrtps_c.h
[6.035s] -- Installing: /home/xs/UAV/ROS2/install/nmea_msgs/include/nmea_msgs/msg/detail/gprmc__rosidl_typesupport_fastrtps_c.h
[6.035s] -- Installing: /home/xs/UAV/ROS2/install/nmea_msgs/include/nmea_msgs/msg/rosidl_typesupport_fastrtps_c__visibility_control.h
[6.035s] -- Installing: /home/xs/UAV/ROS2/install/nmea_msgs/lib/libnmea_msgs__rosidl_typesupport_fastrtps_c.so
[6.035s] -- Set runtime path of "/home/xs/UAV/ROS2/install/nmea_msgs/lib/libnmea_msgs__rosidl_typesupport_fastrtps_c.so" to ""
[6.035s] -- Up-to-date: /home/xs/UAV/ROS2/install/nmea_msgs/include/nmea_msgs
[6.035s] -- Up-to-date: /home/xs/UAV/ROS2/install/nmea_msgs/include/nmea_msgs/msg
[6.035s] -- Up-to-date: /home/xs/UAV/ROS2/install/nmea_msgs/include/nmea_msgs/msg/detail
[6.035s] -- Installing: /home/xs/UAV/ROS2/install/nmea_msgs/include/nmea_msgs/msg/detail/gpgsa__rosidl_typesupport_fastrtps_cpp.hpp
[6.035s] -- Installing: /home/xs/UAV/ROS2/install/nmea_msgs/include/nmea_msgs/msg/detail/gpgsv_satellite__rosidl_typesupport_fastrtps_cpp.hpp
[6.035s] -- Installing: /home/xs/UAV/ROS2/install/nmea_msgs/include/nmea_msgs/msg/detail/gprmc__rosidl_typesupport_fastrtps_cpp.hpp
[6.035s] -- Installing: /home/xs/UAV/ROS2/install/nmea_msgs/include/nmea_msgs/msg/detail/gpgsv__rosidl_typesupport_fastrtps_cpp.hpp
[6.035s] -- Installing: /home/xs/UAV/ROS2/install/nmea_msgs/include/nmea_msgs/msg/detail/gpgga__rosidl_typesupport_fastrtps_cpp.hpp
[6.035s] -- Installing: /home/xs/UAV/ROS2/install/nmea_msgs/include/nmea_msgs/msg/detail/gpgst__rosidl_typesupport_fastrtps_cpp.hpp
[6.035s] -- Installing: /home/xs/UAV/ROS2/install/nmea_msgs/include/nmea_msgs/msg/detail/sentence__rosidl_typesupport_fastrtps_cpp.hpp
[6.035s] -- Installing: /home/xs/UAV/ROS2/install/nmea_msgs/include/nmea_msgs/msg/detail/dds_fastrtps
[6.035s] -- Installing: /home/xs/UAV/ROS2/install/nmea_msgs/include/nmea_msgs/msg/rosidl_typesupport_fastrtps_cpp__visibility_control.h
[6.036s] -- Installing: /home/xs/UAV/ROS2/install/nmea_msgs/lib/libnmea_msgs__rosidl_typesupport_fastrtps_cpp.so
[6.036s] -- Set runtime path of "/home/xs/UAV/ROS2/install/nmea_msgs/lib/libnmea_msgs__rosidl_typesupport_fastrtps_cpp.so" to ""
[6.036s] -- Up-to-date: /home/xs/UAV/ROS2/install/nmea_msgs/include/nmea_msgs
[6.036s] -- Up-to-date: /home/xs/UAV/ROS2/install/nmea_msgs/include/nmea_msgs/msg
[6.036s] -- Installing: /home/xs/UAV/ROS2/install/nmea_msgs/include/nmea_msgs/msg/rosidl_typesupport_introspection_c__visibility_control.h
[6.036s] -- Up-to-date: /home/xs/UAV/ROS2/install/nmea_msgs/include/nmea_msgs/msg/detail
[6.036s] -- Installing: /home/xs/UAV/ROS2/install/nmea_msgs/include/nmea_msgs/msg/detail/gpgsv__rosidl_typesupport_introspection_c.h
[6.036s] -- Installing: /home/xs/UAV/ROS2/install/nmea_msgs/include/nmea_msgs/msg/detail/gpgsv_satellite__type_support.c
[6.036s] -- Installing: /home/xs/UAV/ROS2/install/nmea_msgs/include/nmea_msgs/msg/detail/gpgga__type_support.c
[6.036s] -- Installing: /home/xs/UAV/ROS2/install/nmea_msgs/include/nmea_msgs/msg/detail/gpgsv__type_support.c
[6.036s] -- Installing: /home/xs/UAV/ROS2/install/nmea_msgs/include/nmea_msgs/msg/detail/gpgsa__rosidl_typesupport_introspection_c.h
[6.036s] -- Installing: /home/xs/UAV/ROS2/install/nmea_msgs/include/nmea_msgs/msg/detail/sentence__rosidl_typesupport_introspection_c.h
[6.036s] -- Installing: /home/xs/UAV/ROS2/install/nmea_msgs/include/nmea_msgs/msg/detail/gpgst__type_support.c
[6.036s] -- Installing: /home/xs/UAV/ROS2/install/nmea_msgs/include/nmea_msgs/msg/detail/gpgga__rosidl_typesupport_introspection_c.h
[6.036s] -- Installing: /home/xs/UAV/ROS2/install/nmea_msgs/include/nmea_msgs/msg/detail/gpgsv_satellite__rosidl_typesupport_introspection_c.h
[6.036s] -- Installing: /home/xs/UAV/ROS2/install/nmea_msgs/include/nmea_msgs/msg/detail/sentence__type_support.c
[6.036s] -- Installing: /home/xs/UAV/ROS2/install/nmea_msgs/include/nmea_msgs/msg/detail/gpgst__rosidl_typesupport_introspection_c.h
[6.036s] -- Installing: /home/xs/UAV/ROS2/install/nmea_msgs/include/nmea_msgs/msg/detail/gprmc__rosidl_typesupport_introspection_c.h
[6.036s] -- Installing: /home/xs/UAV/ROS2/install/nmea_msgs/include/nmea_msgs/msg/detail/gprmc__type_support.c
[6.036s] -- Installing: /home/xs/UAV/ROS2/install/nmea_msgs/include/nmea_msgs/msg/detail/gpgsa__type_support.c
[6.037s] -- Installing: /home/xs/UAV/ROS2/install/nmea_msgs/lib/libnmea_msgs__rosidl_typesupport_introspection_c.so
[6.037s] -- Set runtime path of "/home/xs/UAV/ROS2/install/nmea_msgs/lib/libnmea_msgs__rosidl_typesupport_introspection_c.so" to ""
[6.037s] -- Installing: /home/xs/UAV/ROS2/install/nmea_msgs/lib/libnmea_msgs__rosidl_typesupport_c.so
[6.037s] -- Set runtime path of "/home/xs/UAV/ROS2/install/nmea_msgs/lib/libnmea_msgs__rosidl_typesupport_c.so" to ""
[6.037s] -- Up-to-date: /home/xs/UAV/ROS2/install/nmea_msgs/include/nmea_msgs
[6.037s] -- Up-to-date: /home/xs/UAV/ROS2/install/nmea_msgs/include/nmea_msgs/msg
[6.037s] -- Installing: /home/xs/UAV/ROS2/install/nmea_msgs/include/nmea_msgs/msg/gpgsv_satellite.hpp
[6.037s] -- Installing: /home/xs/UAV/ROS2/install/nmea_msgs/include/nmea_msgs/msg/gpgst.hpp
[6.037s] -- Up-to-date: /home/xs/UAV/ROS2/install/nmea_msgs/include/nmea_msgs/msg/detail
[6.037s] -- Installing: /home/xs/UAV/ROS2/install/nmea_msgs/include/nmea_msgs/msg/detail/gpgsa__builder.hpp
[6.037s] -- Installing: /home/xs/UAV/ROS2/install/nmea_msgs/include/nmea_msgs/msg/detail/sentence__struct.hpp
[6.037s] -- Installing: /home/xs/UAV/ROS2/install/nmea_msgs/include/nmea_msgs/msg/detail/gpgsv__struct.hpp
[6.037s] -- Installing: /home/xs/UAV/ROS2/install/nmea_msgs/include/nmea_msgs/msg/detail/gpgst__struct.hpp
[6.037s] -- Installing: /home/xs/UAV/ROS2/install/nmea_msgs/include/nmea_msgs/msg/detail/gpgsv__builder.hpp
[6.037s] -- Installing: /home/xs/UAV/ROS2/install/nmea_msgs/include/nmea_msgs/msg/detail/gpgst__builder.hpp
[6.037s] -- Installing: /home/xs/UAV/ROS2/install/nmea_msgs/include/nmea_msgs/msg/detail/gpgga__struct.hpp
[6.037s] -- Installing: /home/xs/UAV/ROS2/install/nmea_msgs/include/nmea_msgs/msg/detail/gpgst__traits.hpp
[6.037s] -- Installing: /home/xs/UAV/ROS2/install/nmea_msgs/include/nmea_msgs/msg/detail/gpgsv_satellite__builder.hpp
[6.037s] -- Installing: /home/xs/UAV/ROS2/install/nmea_msgs/include/nmea_msgs/msg/detail/gpgsv__traits.hpp
[6.038s] -- Installing: /home/xs/UAV/ROS2/install/nmea_msgs/include/nmea_msgs/msg/detail/gprmc__struct.hpp
[6.038s] -- Installing: /home/xs/UAV/ROS2/install/nmea_msgs/include/nmea_msgs/msg/detail/gpgsa__traits.hpp
[6.038s] -- Installing: /home/xs/UAV/ROS2/install/nmea_msgs/include/nmea_msgs/msg/detail/gpgga__builder.hpp
[6.038s] -- Installing: /home/xs/UAV/ROS2/install/nmea_msgs/include/nmea_msgs/msg/detail/sentence__builder.hpp
[6.038s] -- Installing: /home/xs/UAV/ROS2/install/nmea_msgs/include/nmea_msgs/msg/detail/gprmc__traits.hpp
[6.038s] -- Installing: /home/xs/UAV/ROS2/install/nmea_msgs/include/nmea_msgs/msg/detail/gpgsa__struct.hpp
[6.038s] -- Installing: /home/xs/UAV/ROS2/install/nmea_msgs/include/nmea_msgs/msg/detail/gpgga__traits.hpp
[6.038s] -- Installing: /home/xs/UAV/ROS2/install/nmea_msgs/include/nmea_msgs/msg/detail/gpgsv_satellite__traits.hpp
[6.038s] -- Installing: /home/xs/UAV/ROS2/install/nmea_msgs/include/nmea_msgs/msg/detail/sentence__traits.hpp
[6.038s] -- Installing: /home/xs/UAV/ROS2/install/nmea_msgs/include/nmea_msgs/msg/detail/gpgsv_satellite__struct.hpp
[6.038s] -- Installing: /home/xs/UAV/ROS2/install/nmea_msgs/include/nmea_msgs/msg/detail/gprmc__builder.hpp
[6.038s] -- Installing: /home/xs/UAV/ROS2/install/nmea_msgs/include/nmea_msgs/msg/gpgsv.hpp
[6.038s] -- Installing: /home/xs/UAV/ROS2/install/nmea_msgs/include/nmea_msgs/msg/sentence.hpp
[6.038s] -- Installing: /home/xs/UAV/ROS2/install/nmea_msgs/include/nmea_msgs/msg/gpgga.hpp
[6.038s] -- Installing: /home/xs/UAV/ROS2/install/nmea_msgs/include/nmea_msgs/msg/gprmc.hpp
[6.038s] -- Installing: /home/xs/UAV/ROS2/install/nmea_msgs/include/nmea_msgs/msg/gpgsa.hpp
[6.038s] -- Up-to-date: /home/xs/UAV/ROS2/install/nmea_msgs/include/nmea_msgs
[6.039s] -- Up-to-date: /home/xs/UAV/ROS2/install/nmea_msgs/include/nmea_msgs/msg
[6.039s] -- Up-to-date: /home/xs/UAV/ROS2/install/nmea_msgs/include/nmea_msgs/msg/detail
[6.039s] -- Installing: /home/xs/UAV/ROS2/install/nmea_msgs/include/nmea_msgs/msg/detail/sentence__type_support.cpp
[6.039s] -- Installing: /home/xs/UAV/ROS2/install/nmea_msgs/include/nmea_msgs/msg/detail/sentence__rosidl_typesupport_introspection_cpp.hpp
[6.039s] -- Installing: /home/xs/UAV/ROS2/install/nmea_msgs/include/nmea_msgs/msg/detail/gpgga__type_support.cpp
[6.039s] -- Installing: /home/xs/UAV/ROS2/install/nmea_msgs/include/nmea_msgs/msg/detail/gpgsv__rosidl_typesupport_introspection_cpp.hpp
[6.039s] -- Installing: /home/xs/UAV/ROS2/install/nmea_msgs/include/nmea_msgs/msg/detail/gprmc__type_support.cpp
[6.039s] -- Installing: /home/xs/UAV/ROS2/install/nmea_msgs/include/nmea_msgs/msg/detail/gpgsv__type_support.cpp
[6.039s] -- Installing: /home/xs/UAV/ROS2/install/nmea_msgs/include/nmea_msgs/msg/detail/gpgst__type_support.cpp
[6.039s] -- Installing: /home/xs/UAV/ROS2/install/nmea_msgs/include/nmea_msgs/msg/detail/gpgsa__type_support.cpp
[6.039s] -- Installing: /home/xs/UAV/ROS2/install/nmea_msgs/include/nmea_msgs/msg/detail/gpgga__rosidl_typesupport_introspection_cpp.hpp
[6.039s] -- Installing: /home/xs/UAV/ROS2/install/nmea_msgs/include/nmea_msgs/msg/detail/gpgsv_satellite__type_support.cpp
[6.039s] -- Installing: /home/xs/UAV/ROS2/install/nmea_msgs/include/nmea_msgs/msg/detail/gprmc__rosidl_typesupport_introspection_cpp.hpp
[6.039s] -- Installing: /home/xs/UAV/ROS2/install/nmea_msgs/include/nmea_msgs/msg/detail/gpgsv_satellite__rosidl_typesupport_introspection_cpp.hpp
[6.039s] -- Installing: /home/xs/UAV/ROS2/install/nmea_msgs/include/nmea_msgs/msg/detail/gpgsa__rosidl_typesupport_introspection_cpp.hpp
[6.039s] -- Installing: /home/xs/UAV/ROS2/install/nmea_msgs/include/nmea_msgs/msg/detail/gpgst__rosidl_typesupport_introspection_cpp.hpp
[6.039s] -- Installing: /home/xs/UAV/ROS2/install/nmea_msgs/lib/libnmea_msgs__rosidl_typesupport_introspection_cpp.so
[6.039s] -- Set runtime path of "/home/xs/UAV/ROS2/install/nmea_msgs/lib/libnmea_msgs__rosidl_typesupport_introspection_cpp.so" to ""
[6.039s] -- Installing: /home/xs/UAV/ROS2/install/nmea_msgs/lib/libnmea_msgs__rosidl_typesupport_cpp.so
[6.039s] -- Set runtime path of "/home/xs/UAV/ROS2/install/nmea_msgs/lib/libnmea_msgs__rosidl_typesupport_cpp.so" to ""
[6.040s] -- Installing: /home/xs/UAV/ROS2/install/nmea_msgs/share/nmea_msgs/environment/pythonpath.sh
[6.040s] -- Installing: /home/xs/UAV/ROS2/install/nmea_msgs/share/nmea_msgs/environment/pythonpath.dsv
[6.040s] -- Installing: /home/xs/UAV/ROS2/install/nmea_msgs/lib/python3.8/site-packages/nmea_msgs/__init__.py
[6.060s] Compiling '/home/xs/UAV/ROS2/install/nmea_msgs/lib/python3.8/site-packages/nmea_msgs/__init__.py'...
[6.062s] -- Installing: /home/xs/UAV/ROS2/install/nmea_msgs/lib/python3.8/site-packages/nmea_msgs/msg
[6.062s] -- Installing: /home/xs/UAV/ROS2/install/nmea_msgs/lib/python3.8/site-packages/nmea_msgs/msg/_gpgsv_s.c
[6.062s] -- Installing: /home/xs/UAV/ROS2/install/nmea_msgs/lib/python3.8/site-packages/nmea_msgs/msg/_sentence_s.c
[6.063s] -- Installing: /home/xs/UAV/ROS2/install/nmea_msgs/lib/python3.8/site-packages/nmea_msgs/msg/_gpgsv.py
[6.063s] -- Installing: /home/xs/UAV/ROS2/install/nmea_msgs/lib/python3.8/site-packages/nmea_msgs/msg/_gpgsa_s.c
[6.063s] -- Installing: /home/xs/UAV/ROS2/install/nmea_msgs/lib/python3.8/site-packages/nmea_msgs/msg/_gpgst.py
[6.063s] -- Installing: /home/xs/UAV/ROS2/install/nmea_msgs/lib/python3.8/site-packages/nmea_msgs/msg/_gprmc.py
[6.063s] -- Installing: /home/xs/UAV/ROS2/install/nmea_msgs/lib/python3.8/site-packages/nmea_msgs/msg/_gpgga_s.c
[6.063s] -- Installing: /home/xs/UAV/ROS2/install/nmea_msgs/lib/python3.8/site-packages/nmea_msgs/msg/_gpgsa.py
[6.063s] -- Installing: /home/xs/UAV/ROS2/install/nmea_msgs/lib/python3.8/site-packages/nmea_msgs/msg/_gpgga.py
[6.063s] -- Installing: /home/xs/UAV/ROS2/install/nmea_msgs/lib/python3.8/site-packages/nmea_msgs/msg/__init__.py
[6.063s] -- Installing: /home/xs/UAV/ROS2/install/nmea_msgs/lib/python3.8/site-packages/nmea_msgs/msg/_gprmc_s.c
[6.063s] -- Installing: /home/xs/UAV/ROS2/install/nmea_msgs/lib/python3.8/site-packages/nmea_msgs/msg/_gpgsv_satellite_s.c
[6.063s] -- Installing: /home/xs/UAV/ROS2/install/nmea_msgs/lib/python3.8/site-packages/nmea_msgs/msg/_sentence.py
[6.063s] -- Installing: /home/xs/UAV/ROS2/install/nmea_msgs/lib/python3.8/site-packages/nmea_msgs/msg/_gpgsv_satellite.py
[6.063s] -- Installing: /home/xs/UAV/ROS2/install/nmea_msgs/lib/python3.8/site-packages/nmea_msgs/msg/_gpgst_s.c
[6.063s] -- Installing: /home/xs/UAV/ROS2/install/nmea_msgs/lib/python3.8/site-packages/nmea_msgs/nmea_msgs_s__rosidl_typesupport_fastrtps_c.cpython-38-x86_64-linux-gnu.so
[6.063s] -- Set runtime path of "/home/xs/UAV/ROS2/install/nmea_msgs/lib/python3.8/site-packages/nmea_msgs/nmea_msgs_s__rosidl_typesupport_fastrtps_c.cpython-38-x86_64-linux-gnu.so" to ""
[6.064s] -- Installing: /home/xs/UAV/ROS2/install/nmea_msgs/lib/python3.8/site-packages/nmea_msgs/nmea_msgs_s__rosidl_typesupport_introspection_c.cpython-38-x86_64-linux-gnu.so
[6.064s] -- Set runtime path of "/home/xs/UAV/ROS2/install/nmea_msgs/lib/python3.8/site-packages/nmea_msgs/nmea_msgs_s__rosidl_typesupport_introspection_c.cpython-38-x86_64-linux-gnu.so" to ""
[6.064s] -- Installing: /home/xs/UAV/ROS2/install/nmea_msgs/lib/python3.8/site-packages/nmea_msgs/nmea_msgs_s__rosidl_typesupport_c.cpython-38-x86_64-linux-gnu.so
[6.064s] -- Set runtime path of "/home/xs/UAV/ROS2/install/nmea_msgs/lib/python3.8/site-packages/nmea_msgs/nmea_msgs_s__rosidl_typesupport_c.cpython-38-x86_64-linux-gnu.so" to ""
[6.064s] -- Installing: /home/xs/UAV/ROS2/install/nmea_msgs/lib/libnmea_msgs__python.so
[6.065s] -- Set runtime path of "/home/xs/UAV/ROS2/install/nmea_msgs/lib/libnmea_msgs__python.so" to ""
[6.065s] -- Installing: /home/xs/UAV/ROS2/install/nmea_msgs/share/nmea_msgs/msg/Sentence.idl
[6.065s] -- Installing: /home/xs/UAV/ROS2/install/nmea_msgs/share/nmea_msgs/msg/Gpgga.idl
[6.065s] -- Installing: /home/xs/UAV/ROS2/install/nmea_msgs/share/nmea_msgs/msg/Gpgsa.idl
[6.065s] -- Installing: /home/xs/UAV/ROS2/install/nmea_msgs/share/nmea_msgs/msg/Gpgst.idl
[6.065s] -- Installing: /home/xs/UAV/ROS2/install/nmea_msgs/share/nmea_msgs/msg/Gpgsv.idl
[6.065s] -- Installing: /home/xs/UAV/ROS2/install/nmea_msgs/share/nmea_msgs/msg/GpgsvSatellite.idl
[6.065s] -- Installing: /home/xs/UAV/ROS2/install/nmea_msgs/share/nmea_msgs/msg/Gprmc.idl
[6.065s] -- Installing: /home/xs/UAV/ROS2/install/nmea_msgs/share/nmea_msgs/msg/Sentence.msg
[6.065s] -- Installing: /home/xs/UAV/ROS2/install/nmea_msgs/share/nmea_msgs/msg/Gpgga.msg
[6.065s] -- Installing: /home/xs/UAV/ROS2/install/nmea_msgs/share/nmea_msgs/msg/Gpgsa.msg
[6.065s] -- Installing: /home/xs/UAV/ROS2/install/nmea_msgs/share/nmea_msgs/msg/Gpgst.msg
[6.065s] -- Installing: /home/xs/UAV/ROS2/install/nmea_msgs/share/nmea_msgs/msg/Gpgsv.msg
[6.065s] -- Installing: /home/xs/UAV/ROS2/install/nmea_msgs/share/nmea_msgs/msg/GpgsvSatellite.msg
[6.065s] -- Installing: /home/xs/UAV/ROS2/install/nmea_msgs/share/nmea_msgs/msg/Gprmc.msg
[6.066s] -- Installing: /home/xs/UAV/ROS2/install/nmea_msgs/share/ament_index/resource_index/package_run_dependencies/nmea_msgs
[6.066s] -- Installing: /home/xs/UAV/ROS2/install/nmea_msgs/share/ament_index/resource_index/parent_prefix_path/nmea_msgs
[6.066s] -- Installing: /home/xs/UAV/ROS2/install/nmea_msgs/share/nmea_msgs/environment/ament_prefix_path.sh
[6.066s] -- Installing: /home/xs/UAV/ROS2/install/nmea_msgs/share/nmea_msgs/environment/ament_prefix_path.dsv
[6.066s] -- Installing: /home/xs/UAV/ROS2/install/nmea_msgs/share/nmea_msgs/environment/path.sh
[6.066s] -- Installing: /home/xs/UAV/ROS2/install/nmea_msgs/share/nmea_msgs/environment/path.dsv
[6.066s] -- Installing: /home/xs/UAV/ROS2/install/nmea_msgs/share/nmea_msgs/local_setup.bash
[6.066s] -- Installing: /home/xs/UAV/ROS2/install/nmea_msgs/share/nmea_msgs/local_setup.sh
[6.066s] -- Installing: /home/xs/UAV/ROS2/install/nmea_msgs/share/nmea_msgs/local_setup.zsh
[6.066s] -- Installing: /home/xs/UAV/ROS2/install/nmea_msgs/share/nmea_msgs/local_setup.dsv
[6.066s] -- Installing: /home/xs/UAV/ROS2/install/nmea_msgs/share/nmea_msgs/package.dsv
[6.066s] -- Installing: /home/xs/UAV/ROS2/install/nmea_msgs/share/ament_index/resource_index/packages/nmea_msgs
[6.067s] -- Installing: /home/xs/UAV/ROS2/install/nmea_msgs/share/nmea_msgs/cmake/nmea_msgs__rosidl_generator_cExport.cmake
[6.067s] -- Installing: /home/xs/UAV/ROS2/install/nmea_msgs/share/nmea_msgs/cmake/nmea_msgs__rosidl_generator_cExport-noconfig.cmake
[6.067s] -- Installing: /home/xs/UAV/ROS2/install/nmea_msgs/share/nmea_msgs/cmake/nmea_msgs__rosidl_typesupport_introspection_cExport.cmake
[6.067s] -- Installing: /home/xs/UAV/ROS2/install/nmea_msgs/share/nmea_msgs/cmake/nmea_msgs__rosidl_typesupport_introspection_cExport-noconfig.cmake
[6.067s] -- Installing: /home/xs/UAV/ROS2/install/nmea_msgs/share/nmea_msgs/cmake/nmea_msgs__rosidl_typesupport_cExport.cmake
[6.067s] -- Installing: /home/xs/UAV/ROS2/install/nmea_msgs/share/nmea_msgs/cmake/nmea_msgs__rosidl_typesupport_cExport-noconfig.cmake
[6.067s] -- Installing: /home/xs/UAV/ROS2/install/nmea_msgs/share/nmea_msgs/cmake/nmea_msgs__rosidl_generator_cppExport.cmake
[6.067s] -- Installing: /home/xs/UAV/ROS2/install/nmea_msgs/share/nmea_msgs/cmake/nmea_msgs__rosidl_typesupport_introspection_cppExport.cmake
[6.067s] -- Installing: /home/xs/UAV/ROS2/install/nmea_msgs/share/nmea_msgs/cmake/nmea_msgs__rosidl_typesupport_introspection_cppExport-noconfig.cmake
[6.067s] -- Installing: /home/xs/UAV/ROS2/install/nmea_msgs/share/nmea_msgs/cmake/nmea_msgs__rosidl_typesupport_cppExport.cmake
[6.067s] -- Installing: /home/xs/UAV/ROS2/install/nmea_msgs/share/nmea_msgs/cmake/nmea_msgs__rosidl_typesupport_cppExport-noconfig.cmake
[6.067s] -- Installing: /home/xs/UAV/ROS2/install/nmea_msgs/share/nmea_msgs/cmake/rosidl_cmake-extras.cmake
[6.068s] -- Installing: /home/xs/UAV/ROS2/install/nmea_msgs/share/nmea_msgs/cmake/ament_cmake_export_dependencies-extras.cmake
[6.068s] -- Installing: /home/xs/UAV/ROS2/install/nmea_msgs/share/nmea_msgs/cmake/ament_cmake_export_libraries-extras.cmake
[6.068s] -- Installing: /home/xs/UAV/ROS2/install/nmea_msgs/share/nmea_msgs/cmake/ament_cmake_export_targets-extras.cmake
[6.068s] -- Installing: /home/xs/UAV/ROS2/install/nmea_msgs/share/nmea_msgs/cmake/ament_cmake_export_include_directories-extras.cmake
[6.068s] -- Installing: /home/xs/UAV/ROS2/install/nmea_msgs/share/nmea_msgs/cmake/rosidl_cmake_export_typesupport_libraries-extras.cmake
[6.068s] -- Installing: /home/xs/UAV/ROS2/install/nmea_msgs/share/nmea_msgs/cmake/rosidl_cmake_export_typesupport_targets-extras.cmake
[6.068s] -- Installing: /home/xs/UAV/ROS2/install/nmea_msgs/share/nmea_msgs/cmake/nmea_msgsConfig.cmake
[6.068s] -- Installing: /home/xs/UAV/ROS2/install/nmea_msgs/share/nmea_msgs/cmake/nmea_msgsConfig-version.cmake
[6.068s] -- Installing: /home/xs/UAV/ROS2/install/nmea_msgs/share/nmea_msgs/package.xml
[6.070s] Invoked command in '/home/xs/UAV/ROS2/build/nmea_msgs' returned '0': CMAKE_PREFIX_PATH=/opt/ros/galactic /usr/bin/cmake --install /home/xs/UAV/ROS2/build/nmea_msgs
