[0.454s] Invoking command in '/home/xs/UAV/ROS2/uav_patrol': PYTHONPATH=/home/xs/UAV/ROS2/build/uav_patrol/prefix_override:/home/xs/UAV/ROS2/install/uav_patrol/lib/python3.8/site-packages:/home/xs/UAV/ROS2/install/location_msgs/lib/python3.8/site-packages:/home/xs/UAV/ROS2/install/uav_patrol/lib/python3.8/site-packages:/opt/ros/galactic/lib/python3.8/site-packages /usr/bin/python3 -W ignore:setup.py install is deprecated setup.py egg_info --egg-base ../build/uav_patrol build --build-base /home/xs/UAV/ROS2/build/uav_patrol/build install --record /home/xs/UAV/ROS2/build/uav_patrol/install.log --single-version-externally-managed install_data
[0.606s] running egg_info
[0.607s] creating ../build/uav_patrol/uav_patrol.egg-info
[0.607s] writing ../build/uav_patrol/uav_patrol.egg-info/PKG-INFO
[0.607s] writing dependency_links to ../build/uav_patrol/uav_patrol.egg-info/dependency_links.txt
[0.607s] writing entry points to ../build/uav_patrol/uav_patrol.egg-info/entry_points.txt
[0.607s] writing requirements to ../build/uav_patrol/uav_patrol.egg-info/requires.txt
[0.607s] writing top-level names to ../build/uav_patrol/uav_patrol.egg-info/top_level.txt
[0.608s] writing manifest file '../build/uav_patrol/uav_patrol.egg-info/SOURCES.txt'
[0.631s] reading manifest file '../build/uav_patrol/uav_patrol.egg-info/SOURCES.txt'
[0.631s] writing manifest file '../build/uav_patrol/uav_patrol.egg-info/SOURCES.txt'
[0.631s] running build
[0.631s] running build_py
[0.631s] creating /home/xs/UAV/ROS2/build/uav_patrol/build
[0.631s] creating /home/xs/UAV/ROS2/build/uav_patrol/build/lib
[0.631s] creating /home/xs/UAV/ROS2/build/uav_patrol/build/lib/uav_patrol
[0.632s] copying uav_patrol/__init__.py -> /home/xs/UAV/ROS2/build/uav_patrol/build/lib/uav_patrol
[0.632s] creating /home/xs/UAV/ROS2/build/uav_patrol/build/lib/uav_patrol/ctrl_relayer
[0.632s] copying uav_patrol/ctrl_relayer/__init__.py -> /home/xs/UAV/ROS2/build/uav_patrol/build/lib/uav_patrol/ctrl_relayer
[0.632s] copying uav_patrol/ctrl_relayer/cmd_subscriber.py -> /home/xs/UAV/ROS2/build/uav_patrol/build/lib/uav_patrol/ctrl_relayer
[0.632s] creating /home/xs/UAV/ROS2/build/uav_patrol/build/lib/uav_patrol/gps_handler
[0.632s] copying uav_patrol/gps_handler/checksum_utils.py -> /home/xs/UAV/ROS2/build/uav_patrol/build/lib/uav_patrol/gps_handler
[0.632s] copying uav_patrol/gps_handler/driver.py -> /home/xs/UAV/ROS2/build/uav_patrol/build/lib/uav_patrol/gps_handler
[0.632s] copying uav_patrol/gps_handler/parser.py -> /home/xs/UAV/ROS2/build/uav_patrol/build/lib/uav_patrol/gps_handler
[0.632s] copying uav_patrol/gps_handler/gps_simulator.py -> /home/xs/UAV/ROS2/build/uav_patrol/build/lib/uav_patrol/gps_handler
[0.632s] copying uav_patrol/gps_handler/__init__.py -> /home/xs/UAV/ROS2/build/uav_patrol/build/lib/uav_patrol/gps_handler
[0.632s] creating /home/xs/UAV/ROS2/build/uav_patrol/build/lib/uav_patrol/gps_handler/nodes
[0.632s] copying uav_patrol/gps_handler/nodes/__init__.py -> /home/xs/UAV/ROS2/build/uav_patrol/build/lib/uav_patrol/gps_handler/nodes
[0.632s] copying uav_patrol/gps_handler/nodes/nmea_serial_driver.py -> /home/xs/UAV/ROS2/build/uav_patrol/build/lib/uav_patrol/gps_handler/nodes
[0.632s] copying uav_patrol/gps_handler/nodes/gps_path.py -> /home/xs/UAV/ROS2/build/uav_patrol/build/lib/uav_patrol/gps_handler/nodes
[0.632s] creating /home/xs/UAV/ROS2/build/uav_patrol/build/lib/uav_patrol/object_detector
[0.632s] copying uav_patrol/object_detector/dft_publisher.py -> /home/xs/UAV/ROS2/build/uav_patrol/build/lib/uav_patrol/object_detector
[0.632s] copying uav_patrol/object_detector/__init__.py -> /home/xs/UAV/ROS2/build/uav_patrol/build/lib/uav_patrol/object_detector
[0.633s] creating /home/xs/UAV/ROS2/build/uav_patrol/build/lib/uav_patrol/tf_converter
[0.633s] copying uav_patrol/tf_converter/uav2cam_broadcaster.py -> /home/xs/UAV/ROS2/build/uav_patrol/build/lib/uav_patrol/tf_converter
[0.633s] copying uav_patrol/tf_converter/world2uav_broadcaster.py -> /home/xs/UAV/ROS2/build/uav_patrol/build/lib/uav_patrol/tf_converter
[0.633s] copying uav_patrol/tf_converter/__init__.py -> /home/xs/UAV/ROS2/build/uav_patrol/build/lib/uav_patrol/tf_converter
[0.633s] copying uav_patrol/tf_converter/tf_converter.py -> /home/xs/UAV/ROS2/build/uav_patrol/build/lib/uav_patrol/tf_converter
[0.633s] running install
[0.633s] running install_lib
[0.634s] creating /home/xs/UAV/ROS2/install/uav_patrol/lib/python3.8/site-packages/uav_patrol
[0.634s] creating /home/xs/UAV/ROS2/install/uav_patrol/lib/python3.8/site-packages/uav_patrol/gps_handler
[0.634s] creating /home/xs/UAV/ROS2/install/uav_patrol/lib/python3.8/site-packages/uav_patrol/gps_handler/nodes
[0.634s] copying /home/xs/UAV/ROS2/build/uav_patrol/build/lib/uav_patrol/gps_handler/nodes/__init__.py -> /home/xs/UAV/ROS2/install/uav_patrol/lib/python3.8/site-packages/uav_patrol/gps_handler/nodes
[0.634s] copying /home/xs/UAV/ROS2/build/uav_patrol/build/lib/uav_patrol/gps_handler/nodes/nmea_serial_driver.py -> /home/xs/UAV/ROS2/install/uav_patrol/lib/python3.8/site-packages/uav_patrol/gps_handler/nodes
[0.634s] copying /home/xs/UAV/ROS2/build/uav_patrol/build/lib/uav_patrol/gps_handler/nodes/gps_path.py -> /home/xs/UAV/ROS2/install/uav_patrol/lib/python3.8/site-packages/uav_patrol/gps_handler/nodes
[0.635s] copying /home/xs/UAV/ROS2/build/uav_patrol/build/lib/uav_patrol/gps_handler/checksum_utils.py -> /home/xs/UAV/ROS2/install/uav_patrol/lib/python3.8/site-packages/uav_patrol/gps_handler
[0.635s] copying /home/xs/UAV/ROS2/build/uav_patrol/build/lib/uav_patrol/gps_handler/driver.py -> /home/xs/UAV/ROS2/install/uav_patrol/lib/python3.8/site-packages/uav_patrol/gps_handler
[0.635s] copying /home/xs/UAV/ROS2/build/uav_patrol/build/lib/uav_patrol/gps_handler/parser.py -> /home/xs/UAV/ROS2/install/uav_patrol/lib/python3.8/site-packages/uav_patrol/gps_handler
[0.635s] copying /home/xs/UAV/ROS2/build/uav_patrol/build/lib/uav_patrol/gps_handler/gps_simulator.py -> /home/xs/UAV/ROS2/install/uav_patrol/lib/python3.8/site-packages/uav_patrol/gps_handler
[0.635s] copying /home/xs/UAV/ROS2/build/uav_patrol/build/lib/uav_patrol/gps_handler/__init__.py -> /home/xs/UAV/ROS2/install/uav_patrol/lib/python3.8/site-packages/uav_patrol/gps_handler
[0.635s] copying /home/xs/UAV/ROS2/build/uav_patrol/build/lib/uav_patrol/__init__.py -> /home/xs/UAV/ROS2/install/uav_patrol/lib/python3.8/site-packages/uav_patrol
[0.635s] creating /home/xs/UAV/ROS2/install/uav_patrol/lib/python3.8/site-packages/uav_patrol/object_detector
[0.635s] copying /home/xs/UAV/ROS2/build/uav_patrol/build/lib/uav_patrol/object_detector/dft_publisher.py -> /home/xs/UAV/ROS2/install/uav_patrol/lib/python3.8/site-packages/uav_patrol/object_detector
[0.635s] copying /home/xs/UAV/ROS2/build/uav_patrol/build/lib/uav_patrol/object_detector/__init__.py -> /home/xs/UAV/ROS2/install/uav_patrol/lib/python3.8/site-packages/uav_patrol/object_detector
[0.635s] creating /home/xs/UAV/ROS2/install/uav_patrol/lib/python3.8/site-packages/uav_patrol/tf_converter
[0.635s] copying /home/xs/UAV/ROS2/build/uav_patrol/build/lib/uav_patrol/tf_converter/uav2cam_broadcaster.py -> /home/xs/UAV/ROS2/install/uav_patrol/lib/python3.8/site-packages/uav_patrol/tf_converter
[0.635s] copying /home/xs/UAV/ROS2/build/uav_patrol/build/lib/uav_patrol/tf_converter/world2uav_broadcaster.py -> /home/xs/UAV/ROS2/install/uav_patrol/lib/python3.8/site-packages/uav_patrol/tf_converter
[0.635s] copying /home/xs/UAV/ROS2/build/uav_patrol/build/lib/uav_patrol/tf_converter/__init__.py -> /home/xs/UAV/ROS2/install/uav_patrol/lib/python3.8/site-packages/uav_patrol/tf_converter
[0.635s] copying /home/xs/UAV/ROS2/build/uav_patrol/build/lib/uav_patrol/tf_converter/tf_converter.py -> /home/xs/UAV/ROS2/install/uav_patrol/lib/python3.8/site-packages/uav_patrol/tf_converter
[0.635s] creating /home/xs/UAV/ROS2/install/uav_patrol/lib/python3.8/site-packages/uav_patrol/ctrl_relayer
[0.635s] copying /home/xs/UAV/ROS2/build/uav_patrol/build/lib/uav_patrol/ctrl_relayer/__init__.py -> /home/xs/UAV/ROS2/install/uav_patrol/lib/python3.8/site-packages/uav_patrol/ctrl_relayer
[0.635s] copying /home/xs/UAV/ROS2/build/uav_patrol/build/lib/uav_patrol/ctrl_relayer/cmd_subscriber.py -> /home/xs/UAV/ROS2/install/uav_patrol/lib/python3.8/site-packages/uav_patrol/ctrl_relayer
[0.635s] byte-compiling /home/xs/UAV/ROS2/install/uav_patrol/lib/python3.8/site-packages/uav_patrol/gps_handler/nodes/__init__.py to __init__.cpython-38.pyc
[0.636s] byte-compiling /home/xs/UAV/ROS2/install/uav_patrol/lib/python3.8/site-packages/uav_patrol/gps_handler/nodes/nmea_serial_driver.py to nmea_serial_driver.cpython-38.pyc
[0.637s] byte-compiling /home/xs/UAV/ROS2/install/uav_patrol/lib/python3.8/site-packages/uav_patrol/gps_handler/nodes/gps_path.py to gps_path.cpython-38.pyc
[0.637s] byte-compiling /home/xs/UAV/ROS2/install/uav_patrol/lib/python3.8/site-packages/uav_patrol/gps_handler/checksum_utils.py to checksum_utils.cpython-38.pyc
[0.637s] byte-compiling /home/xs/UAV/ROS2/install/uav_patrol/lib/python3.8/site-packages/uav_patrol/gps_handler/driver.py to driver.cpython-38.pyc
[0.638s] byte-compiling /home/xs/UAV/ROS2/install/uav_patrol/lib/python3.8/site-packages/uav_patrol/gps_handler/parser.py to parser.cpython-38.pyc
[0.639s] byte-compiling /home/xs/UAV/ROS2/install/uav_patrol/lib/python3.8/site-packages/uav_patrol/gps_handler/gps_simulator.py to gps_simulator.cpython-38.pyc
[0.640s] byte-compiling /home/xs/UAV/ROS2/install/uav_patrol/lib/python3.8/site-packages/uav_patrol/gps_handler/__init__.py to __init__.cpython-38.pyc
[0.640s] byte-compiling /home/xs/UAV/ROS2/install/uav_patrol/lib/python3.8/site-packages/uav_patrol/__init__.py to __init__.cpython-38.pyc
[0.640s] byte-compiling /home/xs/UAV/ROS2/install/uav_patrol/lib/python3.8/site-packages/uav_patrol/object_detector/dft_publisher.py to dft_publisher.cpython-38.pyc
[0.640s] byte-compiling /home/xs/UAV/ROS2/install/uav_patrol/lib/python3.8/site-packages/uav_patrol/object_detector/__init__.py to __init__.cpython-38.pyc
[0.640s] byte-compiling /home/xs/UAV/ROS2/install/uav_patrol/lib/python3.8/site-packages/uav_patrol/tf_converter/uav2cam_broadcaster.py to uav2cam_broadcaster.cpython-38.pyc
[0.641s] byte-compiling /home/xs/UAV/ROS2/install/uav_patrol/lib/python3.8/site-packages/uav_patrol/tf_converter/world2uav_broadcaster.py to world2uav_broadcaster.cpython-38.pyc
[0.641s] byte-compiling /home/xs/UAV/ROS2/install/uav_patrol/lib/python3.8/site-packages/uav_patrol/tf_converter/__init__.py to __init__.cpython-38.pyc
[0.641s] byte-compiling /home/xs/UAV/ROS2/install/uav_patrol/lib/python3.8/site-packages/uav_patrol/tf_converter/tf_converter.py to tf_converter.cpython-38.pyc
[0.642s] byte-compiling /home/xs/UAV/ROS2/install/uav_patrol/lib/python3.8/site-packages/uav_patrol/ctrl_relayer/__init__.py to __init__.cpython-38.pyc
[0.642s] byte-compiling /home/xs/UAV/ROS2/install/uav_patrol/lib/python3.8/site-packages/uav_patrol/ctrl_relayer/cmd_subscriber.py to cmd_subscriber.cpython-38.pyc
[0.642s] running install_data
[0.642s] creating /home/xs/UAV/ROS2/install/uav_patrol/share/ament_index
[0.643s] creating /home/xs/UAV/ROS2/install/uav_patrol/share/ament_index/resource_index
[0.643s] creating /home/xs/UAV/ROS2/install/uav_patrol/share/ament_index/resource_index/packages
[0.643s] copying resource/uav_patrol -> /home/xs/UAV/ROS2/install/uav_patrol/share/ament_index/resource_index/packages
[0.643s] copying package.xml -> /home/xs/UAV/ROS2/install/uav_patrol/share/uav_patrol
[0.643s] copying launch/uav_patrol.launch.py -> /home/xs/UAV/ROS2/install/uav_patrol/share/uav_patrol
[0.643s] copying launch/gps_handler.launch.py -> /home/xs/UAV/ROS2/install/uav_patrol/share/uav_patrol
[0.643s] running install_egg_info
[0.644s] Copying ../build/uav_patrol/uav_patrol.egg-info to /home/xs/UAV/ROS2/install/uav_patrol/lib/python3.8/site-packages/uav_patrol-0.0.0-py3.8.egg-info
[0.645s] running install_scripts
[0.656s] Installing cmd_subscriber script to /home/xs/UAV/ROS2/install/uav_patrol/lib/uav_patrol
[0.656s] Installing dft_publisher script to /home/xs/UAV/ROS2/install/uav_patrol/lib/uav_patrol
[0.656s] Installing gps_simulator script to /home/xs/UAV/ROS2/install/uav_patrol/lib/uav_patrol
[0.656s] Installing nmea_serial_driver script to /home/xs/UAV/ROS2/install/uav_patrol/lib/uav_patrol
[0.656s] Installing tf_converter script to /home/xs/UAV/ROS2/install/uav_patrol/lib/uav_patrol
[0.656s] Installing uav2cam_broadcaster script to /home/xs/UAV/ROS2/install/uav_patrol/lib/uav_patrol
[0.657s] writing list of installed files to '/home/xs/UAV/ROS2/build/uav_patrol/install.log'
[0.673s] Invoked command in '/home/xs/UAV/ROS2/uav_patrol' returned '0': PYTHONPATH=/home/xs/UAV/ROS2/build/uav_patrol/prefix_override:/home/xs/UAV/ROS2/install/uav_patrol/lib/python3.8/site-packages:/home/xs/UAV/ROS2/install/location_msgs/lib/python3.8/site-packages:/home/xs/UAV/ROS2/install/uav_patrol/lib/python3.8/site-packages:/opt/ros/galactic/lib/python3.8/site-packages /usr/bin/python3 -W ignore:setup.py install is deprecated setup.py egg_info --egg-base ../build/uav_patrol build --build-base /home/xs/UAV/ROS2/build/uav_patrol/build install --record /home/xs/UAV/ROS2/build/uav_patrol/install.log --single-version-externally-managed install_data
