[1.223s] Invoking command in '/home/ccl/UAV/ROS2/gps_handler': PYTHONPATH=/home/ccl/UAV/ROS2/build/gps_handler/prefix_override:/home/ccl/UAV/ROS2/install/gps_handler/lib/python3.8/site-packages:/home/ccl/UAV/ROS2/install/nmea_msgs/lib/python3.8/site-packages:/home/ccl/UAV/ROS2/install/tf_converter/lib/python3.8/site-packages:/home/ccl/UAV/ROS2/install/object_detector/lib/python3.8/site-packages:/home/ccl/UAV/ROS2/install/gps_handler/lib/python3.8/site-packages:/home/ccl/UAV/ROS2/install/ctrl_relayer/lib/python3.8/site-packages:/home/ccl/UAV/ROS2/install/cmd_handler/lib/python3.8/site-packages:/opt/ros/galactic/lib/python3.8/site-packages /usr/bin/python3 -W ignore:setup.py install is deprecated setup.py egg_info --egg-base ../build/gps_handler build --build-base /home/ccl/UAV/ROS2/build/gps_handler/build install --record /home/ccl/UAV/ROS2/build/gps_handler/install.log --single-version-externally-managed install_data
[1.561s] running egg_info
[1.585s] writing ../build/gps_handler/gps_handler.egg-info/PKG-INFO
[1.585s] writing dependency_links to ../build/gps_handler/gps_handler.egg-info/dependency_links.txt
[1.586s] writing entry points to ../build/gps_handler/gps_handler.egg-info/entry_points.txt
[1.586s] writing requirements to ../build/gps_handler/gps_handler.egg-info/requires.txt
[1.586s] writing top-level names to ../build/gps_handler/gps_handler.egg-info/top_level.txt
[1.795s] reading manifest file '../build/gps_handler/gps_handler.egg-info/SOURCES.txt'
[1.796s] writing manifest file '../build/gps_handler/gps_handler.egg-info/SOURCES.txt'
[1.796s] running build
[1.796s] running build_py
[1.797s] copying gps_handler/__init__.py -> /home/ccl/UAV/ROS2/build/gps_handler/build/lib/gps_handler
[1.797s] copying gps_handler/parser.py -> /home/ccl/UAV/ROS2/build/gps_handler/build/lib/gps_handler
[1.797s] copying gps_handler/checksum_utils.py -> /home/ccl/UAV/ROS2/build/gps_handler/build/lib/gps_handler
[1.797s] copying gps_handler/driver.py -> /home/ccl/UAV/ROS2/build/gps_handler/build/lib/gps_handler
[1.798s] copying gps_handler/nodes/nmea_serial_driver.py -> /home/ccl/UAV/ROS2/build/gps_handler/build/lib/gps_handler/nodes
[1.798s] copying gps_handler/nodes/__init__.py -> /home/ccl/UAV/ROS2/build/gps_handler/build/lib/gps_handler/nodes
[1.798s] copying gps_handler/nodes/gps_path.py -> /home/ccl/UAV/ROS2/build/gps_handler/build/lib/gps_handler/nodes
[1.799s] running install
[1.803s] running install_lib
[1.828s] running install_data
[1.828s] copying resource/gps_handler -> /home/ccl/UAV/ROS2/install/gps_handler/share/ament_index/resource_index/packages
[1.828s] copying package.xml -> /home/ccl/UAV/ROS2/install/gps_handler/share/gps_handler
[1.829s] copying launch/gps_handler.launch.py -> /home/ccl/UAV/ROS2/install/gps_handler/share/gps_handler/launch
[1.829s] copying config/gps_handler.yaml -> /home/ccl/UAV/ROS2/install/gps_handler/share/gps_handler/config
[1.829s] running install_egg_info
[1.856s] removing '/home/ccl/UAV/ROS2/install/gps_handler/lib/python3.8/site-packages/gps_handler-2.0.0-py3.8.egg-info' (and everything under it)
[1.856s] Copying ../build/gps_handler/gps_handler.egg-info to /home/ccl/UAV/ROS2/install/gps_handler/lib/python3.8/site-packages/gps_handler-2.0.0-py3.8.egg-info
[1.858s] running install_scripts
[1.922s] Installing nmea_serial_driver script to /home/ccl/UAV/ROS2/install/gps_handler/lib/gps_handler
[1.923s] writing list of installed files to '/home/ccl/UAV/ROS2/build/gps_handler/install.log'
[1.941s] Invoked command in '/home/ccl/UAV/ROS2/gps_handler' returned '0': PYTHONPATH=/home/ccl/UAV/ROS2/build/gps_handler/prefix_override:/home/ccl/UAV/ROS2/install/gps_handler/lib/python3.8/site-packages:/home/ccl/UAV/ROS2/install/nmea_msgs/lib/python3.8/site-packages:/home/ccl/UAV/ROS2/install/tf_converter/lib/python3.8/site-packages:/home/ccl/UAV/ROS2/install/object_detector/lib/python3.8/site-packages:/home/ccl/UAV/ROS2/install/gps_handler/lib/python3.8/site-packages:/home/ccl/UAV/ROS2/install/ctrl_relayer/lib/python3.8/site-packages:/home/ccl/UAV/ROS2/install/cmd_handler/lib/python3.8/site-packages:/opt/ros/galactic/lib/python3.8/site-packages /usr/bin/python3 -W ignore:setup.py install is deprecated setup.py egg_info --egg-base ../build/gps_handler build --build-base /home/ccl/UAV/ROS2/build/gps_handler/build install --record /home/ccl/UAV/ROS2/build/gps_handler/install.log --single-version-externally-managed install_data
