[1.865s] Invoking command in '/home/ccl/UAV/ROS2/ctrl_relayer': PYTHONPATH=/home/ccl/UAV/ROS2/build/ctrl_relayer/prefix_override:/home/ccl/UAV/ROS2/install/ctrl_relayer/lib/python3.8/site-packages:${PYTHONPATH} /usr/bin/python3 -W ignore:setup.py install is deprecated setup.py egg_info --egg-base ../build/ctrl_relayer build --build-base /home/ccl/UAV/ROS2/build/ctrl_relayer/build install --record /home/ccl/UAV/ROS2/build/ctrl_relayer/install.log --single-version-externally-managed install_data
[2.205s] running egg_info
[2.228s] writing ../build/ctrl_relayer/ctrl_relayer.egg-info/PKG-INFO
[2.229s] writing dependency_links to ../build/ctrl_relayer/ctrl_relayer.egg-info/dependency_links.txt
[2.229s] writing entry points to ../build/ctrl_relayer/ctrl_relayer.egg-info/entry_points.txt
[2.230s] writing requirements to ../build/ctrl_relayer/ctrl_relayer.egg-info/requires.txt
[2.230s] writing top-level names to ../build/ctrl_relayer/ctrl_relayer.egg-info/top_level.txt
[2.485s] reading manifest file '../build/ctrl_relayer/ctrl_relayer.egg-info/SOURCES.txt'
[2.486s] writing manifest file '../build/ctrl_relayer/ctrl_relayer.egg-info/SOURCES.txt'
[2.486s] running build
[2.486s] running build_py
[2.487s] copying ctrl_relayer/__init__.py -> /home/ccl/UAV/ROS2/build/ctrl_relayer/build/lib/ctrl_relayer
[2.487s] running install
[2.491s] running install_lib
[2.520s] copying /home/ccl/UAV/ROS2/build/ctrl_relayer/build/lib/ctrl_relayer/cmd_subscriber.py -> /home/ccl/UAV/ROS2/install/ctrl_relayer/lib/python3.8/site-packages/ctrl_relayer
[2.521s] byte-compiling /home/ccl/UAV/ROS2/install/ctrl_relayer/lib/python3.8/site-packages/ctrl_relayer/cmd_subscriber.py to cmd_subscriber.cpython-38.pyc
[2.522s]   File "/home/ccl/UAV/ROS2/install/ctrl_relayer/lib/python3.8/site-packages/ctrl_relayer/cmd_subscriber.py", line 21
[2.522s]     <<<<<<< HEAD:ROS2/build/ctrl_relayer/build/lib/ctrl_relayer/cmd_subscriber.py
[2.522s]     ^
[2.522s] SyntaxError: invalid syntax
[2.522s] 
[2.522s] running install_data
[2.522s] copying resource/ctrl_relayer -> /home/ccl/UAV/ROS2/install/ctrl_relayer/share/ament_index/resource_index/packages
[2.523s] copying package.xml -> /home/ccl/UAV/ROS2/install/ctrl_relayer/share/ctrl_relayer
[2.524s] copying launch/ctrl_relayer.launch.py -> /home/ccl/UAV/ROS2/install/ctrl_relayer/share/ctrl_relayer
[2.524s] running install_egg_info
[2.573s] removing '/home/ccl/UAV/ROS2/install/ctrl_relayer/lib/python3.8/site-packages/ctrl_relayer-0.0.0-py3.8.egg-info' (and everything under it)
[2.573s] Copying ../build/ctrl_relayer/ctrl_relayer.egg-info to /home/ccl/UAV/ROS2/install/ctrl_relayer/lib/python3.8/site-packages/ctrl_relayer-0.0.0-py3.8.egg-info
[2.575s] running install_scripts
[2.643s] Installing cmd_subscriber script to /home/ccl/UAV/ROS2/install/ctrl_relayer/lib/ctrl_relayer
[2.646s] writing list of installed files to '/home/ccl/UAV/ROS2/build/ctrl_relayer/install.log'
[2.664s] Invoked command in '/home/ccl/UAV/ROS2/ctrl_relayer' returned '0': PYTHONPATH=/home/ccl/UAV/ROS2/build/ctrl_relayer/prefix_override:/home/ccl/UAV/ROS2/install/ctrl_relayer/lib/python3.8/site-packages:${PYTHONPATH} /usr/bin/python3 -W ignore:setup.py install is deprecated setup.py egg_info --egg-base ../build/ctrl_relayer build --build-base /home/ccl/UAV/ROS2/build/ctrl_relayer/build install --record /home/ccl/UAV/ROS2/build/ctrl_relayer/install.log --single-version-externally-managed install_data
