[0.932s] Invoking command in '/home/xs/UAV/ROS2/ctrl_relayer': PYTHONPATH=/home/xs/UAV/ROS2/build/ctrl_relayer/prefix_override:/home/xs/UAV/ROS2/install/ctrl_relayer/lib/python3.8/site-packages:${PYTHONPATH} /usr/bin/python3 -W ignore:setup.py install is deprecated setup.py egg_info --egg-base ../build/ctrl_relayer build --build-base /home/xs/UAV/ROS2/build/ctrl_relayer/build install --record /home/xs/UAV/ROS2/build/ctrl_relayer/install.log --single-version-externally-managed install_data
[1.095s] running egg_info
[1.095s] writing ../build/ctrl_relayer/ctrl_relayer.egg-info/PKG-INFO
[1.095s] writing dependency_links to ../build/ctrl_relayer/ctrl_relayer.egg-info/dependency_links.txt
[1.096s] writing entry points to ../build/ctrl_relayer/ctrl_relayer.egg-info/entry_points.txt
[1.096s] writing requirements to ../build/ctrl_relayer/ctrl_relayer.egg-info/requires.txt
[1.096s] writing top-level names to ../build/ctrl_relayer/ctrl_relayer.egg-info/top_level.txt
[1.123s] reading manifest file '../build/ctrl_relayer/ctrl_relayer.egg-info/SOURCES.txt'
[1.124s] writing manifest file '../build/ctrl_relayer/ctrl_relayer.egg-info/SOURCES.txt'
[1.124s] running build
[1.124s] running build_py
[1.124s] copying ctrl_relayer/cmd_subscriber.py -> /home/xs/UAV/ROS2/build/ctrl_relayer/build/lib/ctrl_relayer
[1.124s] running install
[1.125s] running install_lib
[1.126s] copying /home/xs/UAV/ROS2/build/ctrl_relayer/build/lib/ctrl_relayer/cmd_subscriber.py -> /home/xs/UAV/ROS2/install/ctrl_relayer/lib/python3.8/site-packages/ctrl_relayer
[1.126s] byte-compiling /home/xs/UAV/ROS2/install/ctrl_relayer/lib/python3.8/site-packages/ctrl_relayer/cmd_subscriber.py to cmd_subscriber.cpython-38.pyc
[1.128s] running install_data
[1.128s] running install_egg_info
[1.130s] removing '/home/xs/UAV/ROS2/install/ctrl_relayer/lib/python3.8/site-packages/ctrl_relayer-0.0.0-py3.8.egg-info' (and everything under it)
[1.131s] Copying ../build/ctrl_relayer/ctrl_relayer.egg-info to /home/xs/UAV/ROS2/install/ctrl_relayer/lib/python3.8/site-packages/ctrl_relayer-0.0.0-py3.8.egg-info
[1.131s] running install_scripts
[1.153s] Installing cmd_subscriber script to /home/xs/UAV/ROS2/install/ctrl_relayer/lib/ctrl_relayer
[1.154s] writing list of installed files to '/home/xs/UAV/ROS2/build/ctrl_relayer/install.log'
[1.192s] Invoked command in '/home/xs/UAV/ROS2/ctrl_relayer' returned '0': PYTHONPATH=/home/xs/UAV/ROS2/build/ctrl_relayer/prefix_override:/home/xs/UAV/ROS2/install/ctrl_relayer/lib/python3.8/site-packages:${PYTHONPATH} /usr/bin/python3 -W ignore:setup.py install is deprecated setup.py egg_info --egg-base ../build/ctrl_relayer build --build-base /home/xs/UAV/ROS2/build/ctrl_relayer/build install --record /home/xs/UAV/ROS2/build/ctrl_relayer/install.log --single-version-externally-managed install_data
