[0.025s] Invoking command in '/home/xs/UAV/ROS2/build/nmea_msgs': CMAKE_PREFIX_PATH=${CMAKE_PREFIX_PATH}:/home/xs/UAV/ROS2/install/tf_converter:/home/xs/UAV/ROS2/install/object_detector:/home/xs/UAV/ROS2/install/gps_handler:/home/xs/UAV/ROS2/install/ctrl_relayer:/opt/ros/galactic /usr/bin/cmake --build /home/xs/UAV/ROS2/build/nmea_msgs -- -j8 -l8
[0.366s] [  1%] Built target nmea_msgs__cpp
[0.367s] [ 12%] Built target nmea_msgs__rosidl_generator_c
[0.367s] [ 24%] Built target nmea_msgs__rosidl_typesupport_introspection_cpp
[0.367s] [ 35%] Built target nmea_msgs__rosidl_typesupport_introspection_c
[0.368s] [ 58%] Built target nmea_msgs__rosidl_typesupport_cpp
[0.368s] [ 58%] Built target nmea_msgs__rosidl_typesupport_c
[0.368s] [ 69%] Built target nmea_msgs__rosidl_typesupport_fastrtps_cpp
[0.368s] [ 81%] Built target nmea_msgs__rosidl_typesupport_fastrtps_c
[0.368s] [ 81%] Built target nmea_msgs
[0.368s] [ 82%] Built target nmea_msgs__py
[0.368s] [ 92%] Built target nmea_msgs__python
[0.368s] [100%] Built target nmea_msgs__rosidl_typesupport_introspection_c__pyext
[0.368s] [100%] Built target nmea_msgs__rosidl_typesupport_fastrtps_c__pyext
[0.368s] [100%] Built target nmea_msgs__rosidl_typesupport_c__pyext
[0.530s] Invoked command in '/home/xs/UAV/ROS2/build/nmea_msgs' returned '0': CMAKE_PREFIX_PATH=${CMAKE_PREFIX_PATH}:/home/xs/UAV/ROS2/install/tf_converter:/home/xs/UAV/ROS2/install/object_detector:/home/xs/UAV/ROS2/install/gps_handler:/home/xs/UAV/ROS2/install/ctrl_relayer:/opt/ros/galactic /usr/bin/cmake --build /home/xs/UAV/ROS2/build/nmea_msgs -- -j8 -l8
[0.620s] Invoking command in '/home/xs/UAV/ROS2/build/nmea_msgs': CMAKE_PREFIX_PATH=${CMAKE_PREFIX_PATH}:/home/xs/UAV/ROS2/install/tf_converter:/home/xs/UAV/ROS2/install/object_detector:/home/xs/UAV/ROS2/install/gps_handler:/home/xs/UAV/ROS2/install/ctrl_relayer:/opt/ros/galactic /usr/bin/cmake --install /home/xs/UAV/ROS2/build/nmea_msgs
[0.628s] -- Install configuration: ""
[0.628s] -- Up-to-date: /home/xs/UAV/ROS2/install/nmea_msgs/share/ament_index/resource_index/rosidl_interfaces/nmea_msgs
[0.628s] -- Up-to-date: /home/xs/UAV/ROS2/install/nmea_msgs/include/nmea_msgs
[0.628s] -- Up-to-date: /home/xs/UAV/ROS2/install/nmea_msgs/include/nmea_msgs/msg
[0.628s] -- Up-to-date: /home/xs/UAV/ROS2/install/nmea_msgs/include/nmea_msgs/msg/gpgsv.h
[0.628s] -- Up-to-date: /home/xs/UAV/ROS2/install/nmea_msgs/include/nmea_msgs/msg/gpgga.h
[0.628s] -- Up-to-date: /home/xs/UAV/ROS2/install/nmea_msgs/include/nmea_msgs/msg/gpgst.h
[0.628s] -- Up-to-date: /home/xs/UAV/ROS2/install/nmea_msgs/include/nmea_msgs/msg/gprmc.h
[0.628s] -- Up-to-date: /home/xs/UAV/ROS2/install/nmea_msgs/include/nmea_msgs/msg/sentence.h
[0.629s] -- Up-to-date: /home/xs/UAV/ROS2/install/nmea_msgs/include/nmea_msgs/msg/detail
[0.629s] -- Up-to-date: /home/xs/UAV/ROS2/install/nmea_msgs/include/nmea_msgs/msg/detail/gpgsv_satellite__struct.h
[0.629s] -- Up-to-date: /home/xs/UAV/ROS2/install/nmea_msgs/include/nmea_msgs/msg/detail/gpgst__struct.h
[0.629s] -- Up-to-date: /home/xs/UAV/ROS2/install/nmea_msgs/include/nmea_msgs/msg/detail/gpgsv_satellite__functions.h
[0.629s] -- Up-to-date: /home/xs/UAV/ROS2/install/nmea_msgs/include/nmea_msgs/msg/detail/gprmc__functions.c
[0.629s] -- Up-to-date: /home/xs/UAV/ROS2/install/nmea_msgs/include/nmea_msgs/msg/detail/gpgsa__functions.h
[0.629s] -- Up-to-date: /home/xs/UAV/ROS2/install/nmea_msgs/include/nmea_msgs/msg/detail/gpgsv__functions.h
[0.629s] -- Up-to-date: /home/xs/UAV/ROS2/install/nmea_msgs/include/nmea_msgs/msg/detail/gpgsv__type_support.h
[0.629s] -- Up-to-date: /home/xs/UAV/ROS2/install/nmea_msgs/include/nmea_msgs/msg/detail/gpgga__type_support.h
[0.629s] -- Up-to-date: /home/xs/UAV/ROS2/install/nmea_msgs/include/nmea_msgs/msg/detail/gpgga__struct.h
[0.629s] -- Up-to-date: /home/xs/UAV/ROS2/install/nmea_msgs/include/nmea_msgs/msg/detail/gpgst__type_support.h
[0.630s] -- Up-to-date: /home/xs/UAV/ROS2/install/nmea_msgs/include/nmea_msgs/msg/detail/gpgsv_satellite__type_support.h
[0.630s] -- Up-to-date: /home/xs/UAV/ROS2/install/nmea_msgs/include/nmea_msgs/msg/detail/gpgga__functions.h
[0.630s] -- Up-to-date: /home/xs/UAV/ROS2/install/nmea_msgs/include/nmea_msgs/msg/detail/gpgsa__struct.h
[0.630s] -- Up-to-date: /home/xs/UAV/ROS2/install/nmea_msgs/include/nmea_msgs/msg/detail/gprmc__functions.h
[0.630s] -- Up-to-date: /home/xs/UAV/ROS2/install/nmea_msgs/include/nmea_msgs/msg/detail/gpgsv__struct.h
[0.630s] -- Up-to-date: /home/xs/UAV/ROS2/install/nmea_msgs/include/nmea_msgs/msg/detail/sentence__struct.h
[0.630s] -- Up-to-date: /home/xs/UAV/ROS2/install/nmea_msgs/include/nmea_msgs/msg/detail/gprmc__struct.h
[0.630s] -- Up-to-date: /home/xs/UAV/ROS2/install/nmea_msgs/include/nmea_msgs/msg/detail/sentence__type_support.h
[0.630s] -- Up-to-date: /home/xs/UAV/ROS2/install/nmea_msgs/include/nmea_msgs/msg/detail/gpgsv_satellite__functions.c
[0.630s] -- Up-to-date: /home/xs/UAV/ROS2/install/nmea_msgs/include/nmea_msgs/msg/detail/gpgsa__type_support.h
[0.630s] -- Up-to-date: /home/xs/UAV/ROS2/install/nmea_msgs/include/nmea_msgs/msg/detail/gpgsa__functions.c
[0.631s] -- Up-to-date: /home/xs/UAV/ROS2/install/nmea_msgs/include/nmea_msgs/msg/detail/gpgst__functions.c
[0.631s] -- Up-to-date: /home/xs/UAV/ROS2/install/nmea_msgs/include/nmea_msgs/msg/detail/gpgsv__functions.c
[0.631s] -- Up-to-date: /home/xs/UAV/ROS2/install/nmea_msgs/include/nmea_msgs/msg/detail/gprmc__type_support.h
[0.631s] -- Up-to-date: /home/xs/UAV/ROS2/install/nmea_msgs/include/nmea_msgs/msg/detail/gpgst__functions.h
[0.631s] -- Up-to-date: /home/xs/UAV/ROS2/install/nmea_msgs/include/nmea_msgs/msg/detail/sentence__functions.h
[0.631s] -- Up-to-date: /home/xs/UAV/ROS2/install/nmea_msgs/include/nmea_msgs/msg/detail/sentence__functions.c
[0.631s] -- Up-to-date: /home/xs/UAV/ROS2/install/nmea_msgs/include/nmea_msgs/msg/detail/gpgga__functions.c
[0.631s] -- Up-to-date: /home/xs/UAV/ROS2/install/nmea_msgs/include/nmea_msgs/msg/gpgsa.h
[0.631s] -- Up-to-date: /home/xs/UAV/ROS2/install/nmea_msgs/include/nmea_msgs/msg/gpgsv_satellite.h
[0.631s] -- Up-to-date: /home/xs/UAV/ROS2/install/nmea_msgs/include/nmea_msgs/msg/rosidl_generator_c__visibility_control.h
[0.631s] -- Up-to-date: /home/xs/UAV/ROS2/install/nmea_msgs/share/nmea_msgs/environment/library_path.sh
[0.631s] -- Up-to-date: /home/xs/UAV/ROS2/install/nmea_msgs/share/nmea_msgs/environment/library_path.dsv
[0.631s] -- Up-to-date: /home/xs/UAV/ROS2/install/nmea_msgs/lib/libnmea_msgs__rosidl_generator_c.so
[0.632s] -- Up-to-date: /home/xs/UAV/ROS2/install/nmea_msgs/include/nmea_msgs
[0.632s] -- Up-to-date: /home/xs/UAV/ROS2/install/nmea_msgs/include/nmea_msgs/msg
[0.632s] -- Up-to-date: /home/xs/UAV/ROS2/install/nmea_msgs/include/nmea_msgs/msg/detail
[0.632s] -- Up-to-date: /home/xs/UAV/ROS2/install/nmea_msgs/include/nmea_msgs/msg/detail/gpgga__rosidl_typesupport_fastrtps_c.h
[0.632s] -- Up-to-date: /home/xs/UAV/ROS2/install/nmea_msgs/include/nmea_msgs/msg/detail/gpgst__rosidl_typesupport_fastrtps_c.h
[0.632s] -- Up-to-date: /home/xs/UAV/ROS2/install/nmea_msgs/include/nmea_msgs/msg/detail/gpgsv_satellite__rosidl_typesupport_fastrtps_c.h
[0.632s] -- Up-to-date: /home/xs/UAV/ROS2/install/nmea_msgs/include/nmea_msgs/msg/detail/gpgsv__rosidl_typesupport_fastrtps_c.h
[0.632s] -- Up-to-date: /home/xs/UAV/ROS2/install/nmea_msgs/include/nmea_msgs/msg/detail/gpgsa__rosidl_typesupport_fastrtps_c.h
[0.632s] -- Up-to-date: /home/xs/UAV/ROS2/install/nmea_msgs/include/nmea_msgs/msg/detail/sentence__rosidl_typesupport_fastrtps_c.h
[0.632s] -- Up-to-date: /home/xs/UAV/ROS2/install/nmea_msgs/include/nmea_msgs/msg/detail/gprmc__rosidl_typesupport_fastrtps_c.h
[0.632s] -- Up-to-date: /home/xs/UAV/ROS2/install/nmea_msgs/include/nmea_msgs/msg/rosidl_typesupport_fastrtps_c__visibility_control.h
[0.632s] -- Up-to-date: /home/xs/UAV/ROS2/install/nmea_msgs/lib/libnmea_msgs__rosidl_typesupport_fastrtps_c.so
[0.633s] -- Up-to-date: /home/xs/UAV/ROS2/install/nmea_msgs/include/nmea_msgs
[0.633s] -- Up-to-date: /home/xs/UAV/ROS2/install/nmea_msgs/include/nmea_msgs/msg
[0.633s] -- Up-to-date: /home/xs/UAV/ROS2/install/nmea_msgs/include/nmea_msgs/msg/detail
[0.633s] -- Up-to-date: /home/xs/UAV/ROS2/install/nmea_msgs/include/nmea_msgs/msg/detail/gpgsa__rosidl_typesupport_fastrtps_cpp.hpp
[0.633s] -- Up-to-date: /home/xs/UAV/ROS2/install/nmea_msgs/include/nmea_msgs/msg/detail/gpgsv_satellite__rosidl_typesupport_fastrtps_cpp.hpp
[0.633s] -- Up-to-date: /home/xs/UAV/ROS2/install/nmea_msgs/include/nmea_msgs/msg/detail/gprmc__rosidl_typesupport_fastrtps_cpp.hpp
[0.633s] -- Up-to-date: /home/xs/UAV/ROS2/install/nmea_msgs/include/nmea_msgs/msg/detail/gpgsv__rosidl_typesupport_fastrtps_cpp.hpp
[0.633s] -- Up-to-date: /home/xs/UAV/ROS2/install/nmea_msgs/include/nmea_msgs/msg/detail/gpgga__rosidl_typesupport_fastrtps_cpp.hpp
[0.633s] -- Up-to-date: /home/xs/UAV/ROS2/install/nmea_msgs/include/nmea_msgs/msg/detail/gpgst__rosidl_typesupport_fastrtps_cpp.hpp
[0.633s] -- Up-to-date: /home/xs/UAV/ROS2/install/nmea_msgs/include/nmea_msgs/msg/detail/sentence__rosidl_typesupport_fastrtps_cpp.hpp
[0.633s] -- Up-to-date: /home/xs/UAV/ROS2/install/nmea_msgs/include/nmea_msgs/msg/detail/dds_fastrtps
[0.633s] -- Up-to-date: /home/xs/UAV/ROS2/install/nmea_msgs/include/nmea_msgs/msg/rosidl_typesupport_fastrtps_cpp__visibility_control.h
[0.633s] -- Up-to-date: /home/xs/UAV/ROS2/install/nmea_msgs/lib/libnmea_msgs__rosidl_typesupport_fastrtps_cpp.so
[0.633s] -- Up-to-date: /home/xs/UAV/ROS2/install/nmea_msgs/include/nmea_msgs
[0.633s] -- Up-to-date: /home/xs/UAV/ROS2/install/nmea_msgs/include/nmea_msgs/msg
[0.633s] -- Up-to-date: /home/xs/UAV/ROS2/install/nmea_msgs/include/nmea_msgs/msg/rosidl_typesupport_introspection_c__visibility_control.h
[0.633s] -- Up-to-date: /home/xs/UAV/ROS2/install/nmea_msgs/include/nmea_msgs/msg/detail
[0.633s] -- Up-to-date: /home/xs/UAV/ROS2/install/nmea_msgs/include/nmea_msgs/msg/detail/gpgsv__rosidl_typesupport_introspection_c.h
[0.634s] -- Up-to-date: /home/xs/UAV/ROS2/install/nmea_msgs/include/nmea_msgs/msg/detail/gpgsv_satellite__type_support.c
[0.634s] -- Up-to-date: /home/xs/UAV/ROS2/install/nmea_msgs/include/nmea_msgs/msg/detail/gpgga__type_support.c
[0.634s] -- Up-to-date: /home/xs/UAV/ROS2/install/nmea_msgs/include/nmea_msgs/msg/detail/gpgsv__type_support.c
[0.634s] -- Up-to-date: /home/xs/UAV/ROS2/install/nmea_msgs/include/nmea_msgs/msg/detail/gpgsa__rosidl_typesupport_introspection_c.h
[0.634s] -- Up-to-date: /home/xs/UAV/ROS2/install/nmea_msgs/include/nmea_msgs/msg/detail/sentence__rosidl_typesupport_introspection_c.h
[0.634s] -- Up-to-date: /home/xs/UAV/ROS2/install/nmea_msgs/include/nmea_msgs/msg/detail/gpgst__type_support.c
[0.634s] -- Up-to-date: /home/xs/UAV/ROS2/install/nmea_msgs/include/nmea_msgs/msg/detail/gpgga__rosidl_typesupport_introspection_c.h
[0.634s] -- Up-to-date: /home/xs/UAV/ROS2/install/nmea_msgs/include/nmea_msgs/msg/detail/gpgsv_satellite__rosidl_typesupport_introspection_c.h
[0.634s] -- Up-to-date: /home/xs/UAV/ROS2/install/nmea_msgs/include/nmea_msgs/msg/detail/sentence__type_support.c
[0.634s] -- Up-to-date: /home/xs/UAV/ROS2/install/nmea_msgs/include/nmea_msgs/msg/detail/gpgst__rosidl_typesupport_introspection_c.h
[0.634s] -- Up-to-date: /home/xs/UAV/ROS2/install/nmea_msgs/include/nmea_msgs/msg/detail/gprmc__rosidl_typesupport_introspection_c.h
[0.634s] -- Up-to-date: /home/xs/UAV/ROS2/install/nmea_msgs/include/nmea_msgs/msg/detail/gprmc__type_support.c
[0.634s] -- Up-to-date: /home/xs/UAV/ROS2/install/nmea_msgs/include/nmea_msgs/msg/detail/gpgsa__type_support.c
[0.634s] -- Up-to-date: /home/xs/UAV/ROS2/install/nmea_msgs/lib/libnmea_msgs__rosidl_typesupport_introspection_c.so
[0.634s] -- Up-to-date: /home/xs/UAV/ROS2/install/nmea_msgs/lib/libnmea_msgs__rosidl_typesupport_c.so
[0.634s] -- Up-to-date: /home/xs/UAV/ROS2/install/nmea_msgs/include/nmea_msgs
[0.634s] -- Up-to-date: /home/xs/UAV/ROS2/install/nmea_msgs/include/nmea_msgs/msg
[0.634s] -- Up-to-date: /home/xs/UAV/ROS2/install/nmea_msgs/include/nmea_msgs/msg/gpgsv_satellite.hpp
[0.634s] -- Up-to-date: /home/xs/UAV/ROS2/install/nmea_msgs/include/nmea_msgs/msg/gpgst.hpp
[0.634s] -- Up-to-date: /home/xs/UAV/ROS2/install/nmea_msgs/include/nmea_msgs/msg/detail
[0.634s] -- Up-to-date: /home/xs/UAV/ROS2/install/nmea_msgs/include/nmea_msgs/msg/detail/gpgsa__builder.hpp
[0.634s] -- Up-to-date: /home/xs/UAV/ROS2/install/nmea_msgs/include/nmea_msgs/msg/detail/sentence__struct.hpp
[0.634s] -- Up-to-date: /home/xs/UAV/ROS2/install/nmea_msgs/include/nmea_msgs/msg/detail/gpgsv__struct.hpp
[0.634s] -- Up-to-date: /home/xs/UAV/ROS2/install/nmea_msgs/include/nmea_msgs/msg/detail/gpgst__struct.hpp
[0.634s] -- Up-to-date: /home/xs/UAV/ROS2/install/nmea_msgs/include/nmea_msgs/msg/detail/gpgsv__builder.hpp
[0.635s] -- Up-to-date: /home/xs/UAV/ROS2/install/nmea_msgs/include/nmea_msgs/msg/detail/gpgst__builder.hpp
[0.635s] -- Up-to-date: /home/xs/UAV/ROS2/install/nmea_msgs/include/nmea_msgs/msg/detail/gpgga__struct.hpp
[0.635s] -- Up-to-date: /home/xs/UAV/ROS2/install/nmea_msgs/include/nmea_msgs/msg/detail/gpgst__traits.hpp
[0.635s] -- Up-to-date: /home/xs/UAV/ROS2/install/nmea_msgs/include/nmea_msgs/msg/detail/gpgsv_satellite__builder.hpp
[0.635s] -- Up-to-date: /home/xs/UAV/ROS2/install/nmea_msgs/include/nmea_msgs/msg/detail/gpgsv__traits.hpp
[0.635s] -- Up-to-date: /home/xs/UAV/ROS2/install/nmea_msgs/include/nmea_msgs/msg/detail/gprmc__struct.hpp
[0.635s] -- Up-to-date: /home/xs/UAV/ROS2/install/nmea_msgs/include/nmea_msgs/msg/detail/gpgsa__traits.hpp
[0.635s] -- Up-to-date: /home/xs/UAV/ROS2/install/nmea_msgs/include/nmea_msgs/msg/detail/gpgga__builder.hpp
[0.635s] -- Up-to-date: /home/xs/UAV/ROS2/install/nmea_msgs/include/nmea_msgs/msg/detail/sentence__builder.hpp
[0.635s] -- Up-to-date: /home/xs/UAV/ROS2/install/nmea_msgs/include/nmea_msgs/msg/detail/gprmc__traits.hpp
[0.635s] -- Up-to-date: /home/xs/UAV/ROS2/install/nmea_msgs/include/nmea_msgs/msg/detail/gpgsa__struct.hpp
[0.635s] -- Up-to-date: /home/xs/UAV/ROS2/install/nmea_msgs/include/nmea_msgs/msg/detail/gpgga__traits.hpp
[0.635s] -- Up-to-date: /home/xs/UAV/ROS2/install/nmea_msgs/include/nmea_msgs/msg/detail/gpgsv_satellite__traits.hpp
[0.635s] -- Up-to-date: /home/xs/UAV/ROS2/install/nmea_msgs/include/nmea_msgs/msg/detail/sentence__traits.hpp
[0.635s] -- Up-to-date: /home/xs/UAV/ROS2/install/nmea_msgs/include/nmea_msgs/msg/detail/gpgsv_satellite__struct.hpp
[0.635s] -- Up-to-date: /home/xs/UAV/ROS2/install/nmea_msgs/include/nmea_msgs/msg/detail/gprmc__builder.hpp
[0.635s] -- Up-to-date: /home/xs/UAV/ROS2/install/nmea_msgs/include/nmea_msgs/msg/gpgsv.hpp
[0.636s] -- Up-to-date: /home/xs/UAV/ROS2/install/nmea_msgs/include/nmea_msgs/msg/sentence.hpp
[0.636s] -- Up-to-date: /home/xs/UAV/ROS2/install/nmea_msgs/include/nmea_msgs/msg/gpgga.hpp
[0.636s] -- Up-to-date: /home/xs/UAV/ROS2/install/nmea_msgs/include/nmea_msgs/msg/gprmc.hpp
[0.636s] -- Up-to-date: /home/xs/UAV/ROS2/install/nmea_msgs/include/nmea_msgs/msg/gpgsa.hpp
[0.636s] -- Up-to-date: /home/xs/UAV/ROS2/install/nmea_msgs/include/nmea_msgs
[0.636s] -- Up-to-date: /home/xs/UAV/ROS2/install/nmea_msgs/include/nmea_msgs/msg
[0.636s] -- Up-to-date: /home/xs/UAV/ROS2/install/nmea_msgs/include/nmea_msgs/msg/detail
[0.636s] -- Up-to-date: /home/xs/UAV/ROS2/install/nmea_msgs/include/nmea_msgs/msg/detail/sentence__type_support.cpp
[0.636s] -- Up-to-date: /home/xs/UAV/ROS2/install/nmea_msgs/include/nmea_msgs/msg/detail/sentence__rosidl_typesupport_introspection_cpp.hpp
[0.636s] -- Up-to-date: /home/xs/UAV/ROS2/install/nmea_msgs/include/nmea_msgs/msg/detail/gpgga__type_support.cpp
[0.636s] -- Up-to-date: /home/xs/UAV/ROS2/install/nmea_msgs/include/nmea_msgs/msg/detail/gpgsv__rosidl_typesupport_introspection_cpp.hpp
[0.636s] -- Up-to-date: /home/xs/UAV/ROS2/install/nmea_msgs/include/nmea_msgs/msg/detail/gprmc__type_support.cpp
[0.636s] -- Up-to-date: /home/xs/UAV/ROS2/install/nmea_msgs/include/nmea_msgs/msg/detail/gpgsv__type_support.cpp
[0.636s] -- Up-to-date: /home/xs/UAV/ROS2/install/nmea_msgs/include/nmea_msgs/msg/detail/gpgst__type_support.cpp
[0.636s] -- Up-to-date: /home/xs/UAV/ROS2/install/nmea_msgs/include/nmea_msgs/msg/detail/gpgsa__type_support.cpp
[0.636s] -- Up-to-date: /home/xs/UAV/ROS2/install/nmea_msgs/include/nmea_msgs/msg/detail/gpgga__rosidl_typesupport_introspection_cpp.hpp
[0.636s] -- Up-to-date: /home/xs/UAV/ROS2/install/nmea_msgs/include/nmea_msgs/msg/detail/gpgsv_satellite__type_support.cpp
[0.636s] -- Up-to-date: /home/xs/UAV/ROS2/install/nmea_msgs/include/nmea_msgs/msg/detail/gprmc__rosidl_typesupport_introspection_cpp.hpp
[0.636s] -- Up-to-date: /home/xs/UAV/ROS2/install/nmea_msgs/include/nmea_msgs/msg/detail/gpgsv_satellite__rosidl_typesupport_introspection_cpp.hpp
[0.636s] -- Up-to-date: /home/xs/UAV/ROS2/install/nmea_msgs/include/nmea_msgs/msg/detail/gpgsa__rosidl_typesupport_introspection_cpp.hpp
[0.636s] -- Up-to-date: /home/xs/UAV/ROS2/install/nmea_msgs/include/nmea_msgs/msg/detail/gpgst__rosidl_typesupport_introspection_cpp.hpp
[0.636s] -- Up-to-date: /home/xs/UAV/ROS2/install/nmea_msgs/lib/libnmea_msgs__rosidl_typesupport_introspection_cpp.so
[0.636s] -- Up-to-date: /home/xs/UAV/ROS2/install/nmea_msgs/lib/libnmea_msgs__rosidl_typesupport_cpp.so
[0.637s] -- Up-to-date: /home/xs/UAV/ROS2/install/nmea_msgs/share/nmea_msgs/environment/pythonpath.sh
[0.637s] -- Up-to-date: /home/xs/UAV/ROS2/install/nmea_msgs/share/nmea_msgs/environment/pythonpath.dsv
[0.637s] -- Up-to-date: /home/xs/UAV/ROS2/install/nmea_msgs/lib/python3.8/site-packages/nmea_msgs/__init__.py
[0.672s] -- Up-to-date: /home/xs/UAV/ROS2/install/nmea_msgs/lib/python3.8/site-packages/nmea_msgs/msg
[0.672s] -- Up-to-date: /home/xs/UAV/ROS2/install/nmea_msgs/lib/python3.8/site-packages/nmea_msgs/msg/_gpgsv_s.c
[0.672s] -- Up-to-date: /home/xs/UAV/ROS2/install/nmea_msgs/lib/python3.8/site-packages/nmea_msgs/msg/_sentence_s.c
[0.672s] -- Up-to-date: /home/xs/UAV/ROS2/install/nmea_msgs/lib/python3.8/site-packages/nmea_msgs/msg/_gpgsv.py
[0.672s] -- Up-to-date: /home/xs/UAV/ROS2/install/nmea_msgs/lib/python3.8/site-packages/nmea_msgs/msg/_gpgsa_s.c
[0.672s] -- Up-to-date: /home/xs/UAV/ROS2/install/nmea_msgs/lib/python3.8/site-packages/nmea_msgs/msg/_gpgst.py
[0.672s] -- Up-to-date: /home/xs/UAV/ROS2/install/nmea_msgs/lib/python3.8/site-packages/nmea_msgs/msg/_gprmc.py
[0.672s] -- Up-to-date: /home/xs/UAV/ROS2/install/nmea_msgs/lib/python3.8/site-packages/nmea_msgs/msg/_gpgga_s.c
[0.672s] -- Up-to-date: /home/xs/UAV/ROS2/install/nmea_msgs/lib/python3.8/site-packages/nmea_msgs/msg/_gpgsa.py
[0.672s] -- Up-to-date: /home/xs/UAV/ROS2/install/nmea_msgs/lib/python3.8/site-packages/nmea_msgs/msg/_gpgga.py
[0.672s] -- Up-to-date: /home/xs/UAV/ROS2/install/nmea_msgs/lib/python3.8/site-packages/nmea_msgs/msg/__init__.py
[0.672s] -- Up-to-date: /home/xs/UAV/ROS2/install/nmea_msgs/lib/python3.8/site-packages/nmea_msgs/msg/_gprmc_s.c
[0.673s] -- Up-to-date: /home/xs/UAV/ROS2/install/nmea_msgs/lib/python3.8/site-packages/nmea_msgs/msg/_gpgsv_satellite_s.c
[0.673s] -- Up-to-date: /home/xs/UAV/ROS2/install/nmea_msgs/lib/python3.8/site-packages/nmea_msgs/msg/_sentence.py
[0.673s] -- Up-to-date: /home/xs/UAV/ROS2/install/nmea_msgs/lib/python3.8/site-packages/nmea_msgs/msg/_gpgsv_satellite.py
[0.673s] -- Up-to-date: /home/xs/UAV/ROS2/install/nmea_msgs/lib/python3.8/site-packages/nmea_msgs/msg/_gpgst_s.c
[0.673s] -- Up-to-date: /home/xs/UAV/ROS2/install/nmea_msgs/lib/python3.8/site-packages/nmea_msgs/nmea_msgs_s__rosidl_typesupport_fastrtps_c.cpython-38-x86_64-linux-gnu.so
[0.673s] -- Up-to-date: /home/xs/UAV/ROS2/install/nmea_msgs/lib/python3.8/site-packages/nmea_msgs/nmea_msgs_s__rosidl_typesupport_introspection_c.cpython-38-x86_64-linux-gnu.so
[0.673s] -- Up-to-date: /home/xs/UAV/ROS2/install/nmea_msgs/lib/python3.8/site-packages/nmea_msgs/nmea_msgs_s__rosidl_typesupport_c.cpython-38-x86_64-linux-gnu.so
[0.673s] -- Up-to-date: /home/xs/UAV/ROS2/install/nmea_msgs/lib/libnmea_msgs__python.so
[0.674s] -- Up-to-date: /home/xs/UAV/ROS2/install/nmea_msgs/share/nmea_msgs/msg/Sentence.idl
[0.674s] -- Up-to-date: /home/xs/UAV/ROS2/install/nmea_msgs/share/nmea_msgs/msg/Gpgga.idl
[0.674s] -- Up-to-date: /home/xs/UAV/ROS2/install/nmea_msgs/share/nmea_msgs/msg/Gpgsa.idl
[0.674s] -- Up-to-date: /home/xs/UAV/ROS2/install/nmea_msgs/share/nmea_msgs/msg/Gpgst.idl
[0.674s] -- Up-to-date: /home/xs/UAV/ROS2/install/nmea_msgs/share/nmea_msgs/msg/Gpgsv.idl
[0.674s] -- Up-to-date: /home/xs/UAV/ROS2/install/nmea_msgs/share/nmea_msgs/msg/GpgsvSatellite.idl
[0.674s] -- Up-to-date: /home/xs/UAV/ROS2/install/nmea_msgs/share/nmea_msgs/msg/Gprmc.idl
[0.674s] -- Up-to-date: /home/xs/UAV/ROS2/install/nmea_msgs/share/nmea_msgs/msg/Sentence.msg
[0.674s] -- Up-to-date: /home/xs/UAV/ROS2/install/nmea_msgs/share/nmea_msgs/msg/Gpgga.msg
[0.674s] -- Up-to-date: /home/xs/UAV/ROS2/install/nmea_msgs/share/nmea_msgs/msg/Gpgsa.msg
[0.674s] -- Up-to-date: /home/xs/UAV/ROS2/install/nmea_msgs/share/nmea_msgs/msg/Gpgst.msg
[0.675s] -- Up-to-date: /home/xs/UAV/ROS2/install/nmea_msgs/share/nmea_msgs/msg/Gpgsv.msg
[0.675s] -- Up-to-date: /home/xs/UAV/ROS2/install/nmea_msgs/share/nmea_msgs/msg/GpgsvSatellite.msg
[0.675s] -- Up-to-date: /home/xs/UAV/ROS2/install/nmea_msgs/share/nmea_msgs/msg/Gprmc.msg
[0.675s] -- Up-to-date: /home/xs/UAV/ROS2/install/nmea_msgs/share/ament_index/resource_index/package_run_dependencies/nmea_msgs
[0.675s] -- Up-to-date: /home/xs/UAV/ROS2/install/nmea_msgs/share/ament_index/resource_index/parent_prefix_path/nmea_msgs
[0.675s] -- Up-to-date: /home/xs/UAV/ROS2/install/nmea_msgs/share/nmea_msgs/environment/ament_prefix_path.sh
[0.675s] -- Up-to-date: /home/xs/UAV/ROS2/install/nmea_msgs/share/nmea_msgs/environment/ament_prefix_path.dsv
[0.675s] -- Up-to-date: /home/xs/UAV/ROS2/install/nmea_msgs/share/nmea_msgs/environment/path.sh
[0.675s] -- Up-to-date: /home/xs/UAV/ROS2/install/nmea_msgs/share/nmea_msgs/environment/path.dsv
[0.675s] -- Up-to-date: /home/xs/UAV/ROS2/install/nmea_msgs/share/nmea_msgs/local_setup.bash
[0.675s] -- Up-to-date: /home/xs/UAV/ROS2/install/nmea_msgs/share/nmea_msgs/local_setup.sh
[0.675s] -- Up-to-date: /home/xs/UAV/ROS2/install/nmea_msgs/share/nmea_msgs/local_setup.zsh
[0.676s] -- Up-to-date: /home/xs/UAV/ROS2/install/nmea_msgs/share/nmea_msgs/local_setup.dsv
[0.676s] -- Installing: /home/xs/UAV/ROS2/install/nmea_msgs/share/nmea_msgs/package.dsv
[0.676s] -- Up-to-date: /home/xs/UAV/ROS2/install/nmea_msgs/share/ament_index/resource_index/packages/nmea_msgs
[0.676s] -- Up-to-date: /home/xs/UAV/ROS2/install/nmea_msgs/share/nmea_msgs/cmake/nmea_msgs__rosidl_generator_cExport.cmake
[0.676s] -- Up-to-date: /home/xs/UAV/ROS2/install/nmea_msgs/share/nmea_msgs/cmake/nmea_msgs__rosidl_generator_cExport-noconfig.cmake
[0.676s] -- Up-to-date: /home/xs/UAV/ROS2/install/nmea_msgs/share/nmea_msgs/cmake/nmea_msgs__rosidl_typesupport_introspection_cExport.cmake
[0.676s] -- Up-to-date: /home/xs/UAV/ROS2/install/nmea_msgs/share/nmea_msgs/cmake/nmea_msgs__rosidl_typesupport_introspection_cExport-noconfig.cmake
[0.676s] -- Up-to-date: /home/xs/UAV/ROS2/install/nmea_msgs/share/nmea_msgs/cmake/nmea_msgs__rosidl_typesupport_cExport.cmake
[0.676s] -- Up-to-date: /home/xs/UAV/ROS2/install/nmea_msgs/share/nmea_msgs/cmake/nmea_msgs__rosidl_typesupport_cExport-noconfig.cmake
[0.676s] -- Up-to-date: /home/xs/UAV/ROS2/install/nmea_msgs/share/nmea_msgs/cmake/nmea_msgs__rosidl_generator_cppExport.cmake
[0.676s] -- Up-to-date: /home/xs/UAV/ROS2/install/nmea_msgs/share/nmea_msgs/cmake/nmea_msgs__rosidl_typesupport_introspection_cppExport.cmake
[0.676s] -- Up-to-date: /home/xs/UAV/ROS2/install/nmea_msgs/share/nmea_msgs/cmake/nmea_msgs__rosidl_typesupport_introspection_cppExport-noconfig.cmake
[0.677s] -- Up-to-date: /home/xs/UAV/ROS2/install/nmea_msgs/share/nmea_msgs/cmake/nmea_msgs__rosidl_typesupport_cppExport.cmake
[0.677s] -- Up-to-date: /home/xs/UAV/ROS2/install/nmea_msgs/share/nmea_msgs/cmake/nmea_msgs__rosidl_typesupport_cppExport-noconfig.cmake
[0.677s] -- Up-to-date: /home/xs/UAV/ROS2/install/nmea_msgs/share/nmea_msgs/cmake/rosidl_cmake-extras.cmake
[0.677s] -- Up-to-date: /home/xs/UAV/ROS2/install/nmea_msgs/share/nmea_msgs/cmake/ament_cmake_export_dependencies-extras.cmake
[0.677s] -- Up-to-date: /home/xs/UAV/ROS2/install/nmea_msgs/share/nmea_msgs/cmake/ament_cmake_export_libraries-extras.cmake
[0.677s] -- Up-to-date: /home/xs/UAV/ROS2/install/nmea_msgs/share/nmea_msgs/cmake/ament_cmake_export_targets-extras.cmake
[0.677s] -- Up-to-date: /home/xs/UAV/ROS2/install/nmea_msgs/share/nmea_msgs/cmake/ament_cmake_export_include_directories-extras.cmake
[0.677s] -- Up-to-date: /home/xs/UAV/ROS2/install/nmea_msgs/share/nmea_msgs/cmake/rosidl_cmake_export_typesupport_libraries-extras.cmake
[0.677s] -- Up-to-date: /home/xs/UAV/ROS2/install/nmea_msgs/share/nmea_msgs/cmake/rosidl_cmake_export_typesupport_targets-extras.cmake
[0.677s] -- Up-to-date: /home/xs/UAV/ROS2/install/nmea_msgs/share/nmea_msgs/cmake/nmea_msgsConfig.cmake
[0.677s] -- Up-to-date: /home/xs/UAV/ROS2/install/nmea_msgs/share/nmea_msgs/cmake/nmea_msgsConfig-version.cmake
[0.677s] -- Up-to-date: /home/xs/UAV/ROS2/install/nmea_msgs/share/nmea_msgs/package.xml
[0.679s] Invoked command in '/home/xs/UAV/ROS2/build/nmea_msgs' returned '0': CMAKE_PREFIX_PATH=${CMAKE_PREFIX_PATH}:/home/xs/UAV/ROS2/install/tf_converter:/home/xs/UAV/ROS2/install/object_detector:/home/xs/UAV/ROS2/install/gps_handler:/home/xs/UAV/ROS2/install/ctrl_relayer:/opt/ros/galactic /usr/bin/cmake --install /home/xs/UAV/ROS2/build/nmea_msgs
