[1.006s] Invoking command in '/home/x650/UAV/ROS2/uav_patrol': AMENT_PREFIX_PATH=/home/x650/UAV/ROS2/install/location_msgs:${AMENT_PREFIX_PATH} CMAKE_PREFIX_PATH=/home/x650/UAV/ROS2/install/location_msgs LD_LIBRARY_PATH=/home/x650/UAV/ROS2/install/location_msgs/lib:${LD_LIBRARY_PATH} PYTHONPATH=/home/x650/UAV/ROS2/build/uav_patrol/prefix_override:/usr/lib/python3/dist-packages/colcon_core/task/python/colcon_distutils_commands:/home/x650/UAV/ROS2/install/uav_patrol/lib/python3.10/site-packages:/home/x650/UAV/ROS2/install/location_msgs/local/lib/python3.10/dist-packages:${PYTHONPATH} /usr/bin/python3 -W ignore:setup.py install is deprecated setup.py egg_info --egg-base ../build/uav_patrol build --build-base /home/x650/UAV/ROS2/build/uav_patrol/build install --record /home/x650/UAV/ROS2/build/uav_patrol/install.log --single-version-externally-managed install_data
[1.172s] running egg_info
[1.181s] writing ../build/uav_patrol/uav_patrol.egg-info/PKG-INFO
[1.181s] writing dependency_links to ../build/uav_patrol/uav_patrol.egg-info/dependency_links.txt
[1.182s] writing entry points to ../build/uav_patrol/uav_patrol.egg-info/entry_points.txt
[1.182s] writing requirements to ../build/uav_patrol/uav_patrol.egg-info/requires.txt
[1.182s] writing top-level names to ../build/uav_patrol/uav_patrol.egg-info/top_level.txt
[1.202s] reading manifest file '../build/uav_patrol/uav_patrol.egg-info/SOURCES.txt'
[1.203s] writing manifest file '../build/uav_patrol/uav_patrol.egg-info/SOURCES.txt'
[1.203s] running build
[1.203s] running build_py
[1.203s] copying uav_patrol/yolo_detector/anomaly_detector.py -> /home/x650/UAV/ROS2/build/uav_patrol/build/lib/uav_patrol/yolo_detector
[1.204s] copying uav_patrol/yolo_detector/__init__.py -> /home/x650/UAV/ROS2/build/uav_patrol/build/lib/uav_patrol/yolo_detector
[1.204s] copying uav_patrol/yolo_detector/panel_detector.py -> /home/x650/UAV/ROS2/build/uav_patrol/build/lib/uav_patrol/yolo_detector
[1.204s] copying uav_patrol/drone_controller/drone_controller_raw.py -> /home/x650/UAV/ROS2/build/uav_patrol/build/lib/uav_patrol/drone_controller
[1.205s] copying uav_patrol/drone_controller/drone_controller_mission.py -> /home/x650/UAV/ROS2/build/uav_patrol/build/lib/uav_patrol/drone_controller
[1.205s] copying uav_patrol/drone_controller/pid_controller.py -> /home/x650/UAV/ROS2/build/uav_patrol/build/lib/uav_patrol/drone_controller
[1.205s] copying uav_patrol/drone_controller/waypoint.py -> /home/x650/UAV/ROS2/build/uav_patrol/build/lib/uav_patrol/drone_controller
[1.206s] copying uav_patrol/drone_controller/__init__.py -> /home/x650/UAV/ROS2/build/uav_patrol/build/lib/uav_patrol/drone_controller
[1.206s] copying uav_patrol/drone_controller/drone_controller_body.py -> /home/x650/UAV/ROS2/build/uav_patrol/build/lib/uav_patrol/drone_controller
[1.206s] copying uav_patrol/drone_controller/linkedlist.py -> /home/x650/UAV/ROS2/build/uav_patrol/build/lib/uav_patrol/drone_controller
[1.206s] copying uav_patrol/drone_controller/drone_controller_local.py -> /home/x650/UAV/ROS2/build/uav_patrol/build/lib/uav_patrol/drone_controller
[1.206s] copying uav_patrol/drone_controller/constant.py -> /home/x650/UAV/ROS2/build/uav_patrol/build/lib/uav_patrol/drone_controller
[1.207s] copying uav_patrol/drone_controller/utils.py -> /home/x650/UAV/ROS2/build/uav_patrol/build/lib/uav_patrol/drone_controller
[1.207s] copying uav_patrol/gps_simulator/gps_simulator.py -> /home/x650/UAV/ROS2/build/uav_patrol/build/lib/uav_patrol/gps_simulator
[1.207s] copying uav_patrol/gps_simulator/__init__.py -> /home/x650/UAV/ROS2/build/uav_patrol/build/lib/uav_patrol/gps_simulator
[1.207s] copying uav_patrol/tf_converter/tf_converter.py -> /home/x650/UAV/ROS2/build/uav_patrol/build/lib/uav_patrol/tf_converter
[1.208s] copying uav_patrol/usb_cam/opencv_test.py -> /home/x650/UAV/ROS2/build/uav_patrol/build/lib/uav_patrol/usb_cam
[1.208s] copying uav_patrol/usb_cam/usb_cam_test.py -> /home/x650/UAV/ROS2/build/uav_patrol/build/lib/uav_patrol/usb_cam
[1.209s] running install
[1.212s] running install_lib
[1.222s] copying /home/x650/UAV/ROS2/build/uav_patrol/build/lib/uav_patrol/drone_controller/drone_controller_body.py -> /home/x650/UAV/ROS2/install/uav_patrol/lib/python3.10/site-packages/uav_patrol/drone_controller
[1.223s] byte-compiling /home/x650/UAV/ROS2/install/uav_patrol/lib/python3.10/site-packages/uav_patrol/drone_controller/drone_controller_body.py to drone_controller_body.cpython-310.pyc
[1.226s] running install_data
[1.226s] copying launch/uav_patrol.launch.py -> /home/x650/UAV/ROS2/install/uav_patrol/share/uav_patrol
[1.227s] running install_egg_info
[1.237s] removing '/home/x650/UAV/ROS2/install/uav_patrol/lib/python3.10/site-packages/uav_patrol-0.0.0-py3.10.egg-info' (and everything under it)
[1.237s] Copying ../build/uav_patrol/uav_patrol.egg-info to /home/x650/UAV/ROS2/install/uav_patrol/lib/python3.10/site-packages/uav_patrol-0.0.0-py3.10.egg-info
[1.238s] running install_scripts
[1.317s] Installing anomaly_detector script to /home/x650/UAV/ROS2/install/uav_patrol/lib/uav_patrol
[1.317s] Installing drone_controller_body script to /home/x650/UAV/ROS2/install/uav_patrol/lib/uav_patrol
[1.317s] Installing drone_controller_local script to /home/x650/UAV/ROS2/install/uav_patrol/lib/uav_patrol
[1.317s] Installing drone_controller_mission script to /home/x650/UAV/ROS2/install/uav_patrol/lib/uav_patrol
[1.317s] Installing drone_controller_raw script to /home/x650/UAV/ROS2/install/uav_patrol/lib/uav_patrol
[1.317s] Installing gps_simulator script to /home/x650/UAV/ROS2/install/uav_patrol/lib/uav_patrol
[1.317s] Installing opencv_test script to /home/x650/UAV/ROS2/install/uav_patrol/lib/uav_patrol
[1.318s] Installing panel_detector script to /home/x650/UAV/ROS2/install/uav_patrol/lib/uav_patrol
[1.318s] Installing tf_converter script to /home/x650/UAV/ROS2/install/uav_patrol/lib/uav_patrol
[1.318s] Installing uav2cam_broadcaster script to /home/x650/UAV/ROS2/install/uav_patrol/lib/uav_patrol
[1.318s] Installing usb_cam_test script to /home/x650/UAV/ROS2/install/uav_patrol/lib/uav_patrol
[1.318s] writing list of installed files to '/home/x650/UAV/ROS2/build/uav_patrol/install.log'
[1.340s] Invoked command in '/home/x650/UAV/ROS2/uav_patrol' returned '0': AMENT_PREFIX_PATH=/home/x650/UAV/ROS2/install/location_msgs:${AMENT_PREFIX_PATH} CMAKE_PREFIX_PATH=/home/x650/UAV/ROS2/install/location_msgs LD_LIBRARY_PATH=/home/x650/UAV/ROS2/install/location_msgs/lib:${LD_LIBRARY_PATH} PYTHONPATH=/home/x650/UAV/ROS2/build/uav_patrol/prefix_override:/usr/lib/python3/dist-packages/colcon_core/task/python/colcon_distutils_commands:/home/x650/UAV/ROS2/install/uav_patrol/lib/python3.10/site-packages:/home/x650/UAV/ROS2/install/location_msgs/local/lib/python3.10/dist-packages:${PYTHONPATH} /usr/bin/python3 -W ignore:setup.py install is deprecated setup.py egg_info --egg-base ../build/uav_patrol build --build-base /home/x650/UAV/ROS2/build/uav_patrol/build install --record /home/x650/UAV/ROS2/build/uav_patrol/install.log --single-version-externally-managed install_data
