[0.577s] Invoking command in '/home/xs/UAV/ROS2/uav_patrol': AMENT_PREFIX_PATH=/home/xs/UAV/ROS2/install/location_msgs:${AMENT_PREFIX_PATH} CMAKE_PREFIX_PATH=/home/xs/UAV/ROS2/install/location_msgs LD_LIBRARY_PATH=/home/xs/UAV/ROS2/install/location_msgs/lib:${LD_LIBRARY_PATH} PYTHONPATH=/home/xs/UAV/ROS2/build/uav_patrol/prefix_override:/home/xs/UAV/ROS2/install/uav_patrol/lib/python3.8/site-packages:/home/xs/UAV/ROS2/install/location_msgs/lib/python3.8/site-packages:${PYTHONPATH} /usr/bin/python3 -W ignore:setup.py install is deprecated setup.py egg_info --egg-base ../build/uav_patrol build --build-base /home/xs/UAV/ROS2/build/uav_patrol/build install --record /home/xs/UAV/ROS2/build/uav_patrol/install.log --single-version-externally-managed install_data
[0.750s] running egg_info
[0.751s] writing ../build/uav_patrol/uav_patrol.egg-info/PKG-INFO
[0.751s] writing dependency_links to ../build/uav_patrol/uav_patrol.egg-info/dependency_links.txt
[0.751s] writing entry points to ../build/uav_patrol/uav_patrol.egg-info/entry_points.txt
[0.752s] writing requirements to ../build/uav_patrol/uav_patrol.egg-info/requires.txt
[0.752s] writing top-level names to ../build/uav_patrol/uav_patrol.egg-info/top_level.txt
[0.779s] reading manifest file '../build/uav_patrol/uav_patrol.egg-info/SOURCES.txt'
[0.780s] writing manifest file '../build/uav_patrol/uav_patrol.egg-info/SOURCES.txt'
[0.780s] running build
[0.780s] running build_py
[0.780s] copying uav_patrol/gps_handler/gps_handler.py -> /home/xs/UAV/ROS2/build/uav_patrol/build/lib/uav_patrol/gps_handler
[0.782s] running install
[0.782s] running install_lib
[0.783s] copying /home/xs/UAV/ROS2/build/uav_patrol/build/lib/uav_patrol/gps_handler/gps_handler.py -> /home/xs/UAV/ROS2/install/uav_patrol/lib/python3.8/site-packages/uav_patrol/gps_handler
[0.784s] byte-compiling /home/xs/UAV/ROS2/install/uav_patrol/lib/python3.8/site-packages/uav_patrol/gps_handler/gps_handler.py to gps_handler.cpython-38.pyc
[0.786s] running install_data
[0.786s] running install_egg_info
[0.787s] removing '/home/xs/UAV/ROS2/install/uav_patrol/lib/python3.8/site-packages/uav_patrol-0.0.0-py3.8.egg-info' (and everything under it)
[0.788s] Copying ../build/uav_patrol/uav_patrol.egg-info to /home/xs/UAV/ROS2/install/uav_patrol/lib/python3.8/site-packages/uav_patrol-0.0.0-py3.8.egg-info
[0.788s] running install_scripts
[0.801s] Installing cmd_subscriber script to /home/xs/UAV/ROS2/install/uav_patrol/lib/uav_patrol
[0.801s] Installing dft_publisher script to /home/xs/UAV/ROS2/install/uav_patrol/lib/uav_patrol
[0.801s] Installing gps_handler script to /home/xs/UAV/ROS2/install/uav_patrol/lib/uav_patrol
[0.801s] Installing gps_simulator script to /home/xs/UAV/ROS2/install/uav_patrol/lib/uav_patrol
[0.801s] Installing nmea_serial_driver script to /home/xs/UAV/ROS2/install/uav_patrol/lib/uav_patrol
[0.801s] Installing tf_converter script to /home/xs/UAV/ROS2/install/uav_patrol/lib/uav_patrol
[0.801s] Installing uav2cam_broadcaster script to /home/xs/UAV/ROS2/install/uav_patrol/lib/uav_patrol
[0.802s] writing list of installed files to '/home/xs/UAV/ROS2/build/uav_patrol/install.log'
[0.820s] Invoked command in '/home/xs/UAV/ROS2/uav_patrol' returned '0': AMENT_PREFIX_PATH=/home/xs/UAV/ROS2/install/location_msgs:${AMENT_PREFIX_PATH} CMAKE_PREFIX_PATH=/home/xs/UAV/ROS2/install/location_msgs LD_LIBRARY_PATH=/home/xs/UAV/ROS2/install/location_msgs/lib:${LD_LIBRARY_PATH} PYTHONPATH=/home/xs/UAV/ROS2/build/uav_patrol/prefix_override:/home/xs/UAV/ROS2/install/uav_patrol/lib/python3.8/site-packages:/home/xs/UAV/ROS2/install/location_msgs/lib/python3.8/site-packages:${PYTHONPATH} /usr/bin/python3 -W ignore:setup.py install is deprecated setup.py egg_info --egg-base ../build/uav_patrol build --build-base /home/xs/UAV/ROS2/build/uav_patrol/build install --record /home/xs/UAV/ROS2/build/uav_patrol/install.log --single-version-externally-managed install_data
