[0.021s] Invoking command in '/home/xs/UAV/build/nmea_msgs': CMAKE_PREFIX_PATH=${CMAKE_PREFIX_PATH}:/home/xs/UAV/ROS2/install/tf_converter:/home/xs/UAV/ROS2/install/object_detector:/home/xs/UAV/ROS2/install/gps_handler:/home/xs/UAV/ROS2/install/ctrl_relayer:/opt/ros/galactic /usr/bin/cmake /home/xs/UAV/ROS2/nmea_msgs -DCMAKE_INSTALL_PREFIX=/home/xs/UAV/install/nmea_msgs
[0.388s] -- The C compiler identification is GNU 9.4.0
[0.388s] -- The CXX compiler identification is GNU 9.4.0
[0.388s] -- Check for working C compiler: /usr/bin/cc
[0.388s] -- Check for working C compiler: /usr/bin/cc -- works
[0.388s] -- Detecting C compiler ABI info
[0.388s] -- Detecting C compiler ABI info - done
[0.388s] -- Detecting C compile features
[0.388s] -- Detecting C compile features - done
[0.388s] -- Check for working CXX compiler: /usr/bin/c++
[0.388s] -- Check for working CXX compiler: /usr/bin/c++ -- works
[0.388s] -- Detecting CXX compiler ABI info
[0.388s] -- Detecting CXX compiler ABI info - done
[0.388s] -- Detecting CXX compile features
[0.388s] -- Detecting CXX compile features - done
[0.388s] -- Found ament_cmake: 1.1.6 (/opt/ros/galactic/share/ament_cmake/cmake)
[0.388s] -- Found PythonInterp: /usr/bin/python3 (found suitable version "3.8.10", minimum required is "3") 
[0.388s] -- Using PYTHON_EXECUTABLE: /usr/bin/python3
[0.395s] -- Found rosidl_default_generators: 1.1.1 (/opt/ros/galactic/share/rosidl_default_generators/cmake)
[0.397s] -- Using all available rosidl_typesupport_c: rosidl_typesupport_fastrtps_c;rosidl_typesupport_introspection_c
[0.401s] -- Found rosidl_adapter: 2.2.3 (/opt/ros/galactic/share/rosidl_adapter/cmake)
[0.467s] -- Found OpenSSL: /usr/lib/x86_64-linux-gnu/libcrypto.so (found version "1.1.1f")  
[0.487s] -- Found FastRTPS: /opt/ros/galactic/include  
[0.542s] -- Using all available rosidl_typesupport_cpp: rosidl_typesupport_fastrtps_cpp;rosidl_typesupport_introspection_cpp
[0.562s] -- Found std_msgs: 2.2.4 (/opt/ros/galactic/share/std_msgs/cmake)
[0.604s] -- Found PythonInterp: /usr/bin/python3 (found version "3.8.10") 
[0.745s] -- Found ament_cmake_ros: 0.9.2 (/opt/ros/galactic/share/ament_cmake_ros/cmake)
[0.875s] -- Using all available rosidl_typesupport_c: rosidl_typesupport_fastrtps_c;rosidl_typesupport_introspection_c
[0.925s] -- Using all available rosidl_typesupport_cpp: rosidl_typesupport_fastrtps_cpp;rosidl_typesupport_introspection_cpp
[0.945s] -- Found PythonInterp: /usr/bin/python3 (found suitable version "3.8.10", minimum required is "3.5") 
[0.946s] -- Found python_cmake_module: 0.8.1 (/opt/ros/galactic/share/python_cmake_module/cmake)
[0.967s] -- Found PythonLibs: /usr/lib/x86_64-linux-gnu/libpython3.8.so (found suitable version "3.8.10", minimum required is "3.5") 
[0.967s] -- Using PYTHON_EXECUTABLE: /usr/bin/python3
[0.967s] -- Using PYTHON_INCLUDE_DIRS: /usr/include/python3.8
[0.967s] -- Using PYTHON_LIBRARIES: /usr/lib/x86_64-linux-gnu/libpython3.8.so
[0.984s] -- Found PythonExtra: .so  
[1.039s] -- Configuring done
[1.092s] -- Generating done
[1.095s] -- Build files have been written to: /home/xs/UAV/build/nmea_msgs
[1.105s] Invoked command in '/home/xs/UAV/build/nmea_msgs' returned '0': CMAKE_PREFIX_PATH=${CMAKE_PREFIX_PATH}:/home/xs/UAV/ROS2/install/tf_converter:/home/xs/UAV/ROS2/install/object_detector:/home/xs/UAV/ROS2/install/gps_handler:/home/xs/UAV/ROS2/install/ctrl_relayer:/opt/ros/galactic /usr/bin/cmake /home/xs/UAV/ROS2/nmea_msgs -DCMAKE_INSTALL_PREFIX=/home/xs/UAV/install/nmea_msgs
[1.109s] Invoking command in '/home/xs/UAV/build/nmea_msgs': CMAKE_PREFIX_PATH=${CMAKE_PREFIX_PATH}:/home/xs/UAV/ROS2/install/tf_converter:/home/xs/UAV/ROS2/install/object_detector:/home/xs/UAV/ROS2/install/gps_handler:/home/xs/UAV/ROS2/install/ctrl_relayer:/opt/ros/galactic /usr/bin/cmake --build /home/xs/UAV/build/nmea_msgs -- -j8 -l8
[1.140s] [35m[1mScanning dependencies of target nmea_msgs__cpp[0m
[1.146s] [  1%] [34m[1mGenerating C code for ROS interfaces[0m
[1.157s] [  2%] [34m[1mGenerating C++ code for ROS interfaces[0m
[1.651s] [  2%] Built target nmea_msgs__cpp
[1.666s] [  3%] [34m[1mGenerating C++ type support dispatch for ROS interfaces[0m
[1.666s] [  5%] [34m[1mGenerating C++ introspection for ROS interfaces[0m
[1.667s] [  6%] [34m[1mGenerating C++ type support for eProsima Fast-RTPS[0m
[1.739s] [35m[1mScanning dependencies of target nmea_msgs__rosidl_generator_c[0m
[1.752s] [ 10%] [32mBuilding C object CMakeFiles/nmea_msgs__rosidl_generator_c.dir/rosidl_generator_c/nmea_msgs/msg/detail/gpgsa__functions.c.o[0m
[1.752s] [ 10%] [32mBuilding C object CMakeFiles/nmea_msgs__rosidl_generator_c.dir/rosidl_generator_c/nmea_msgs/msg/detail/gpgga__functions.c.o[0m
[1.752s] [ 10%] [32mBuilding C object CMakeFiles/nmea_msgs__rosidl_generator_c.dir/rosidl_generator_c/nmea_msgs/msg/detail/sentence__functions.c.o[0m
[1.753s] [ 11%] [32mBuilding C object CMakeFiles/nmea_msgs__rosidl_generator_c.dir/rosidl_generator_c/nmea_msgs/msg/detail/gpgst__functions.c.o[0m
[1.760s] [ 12%] [32mBuilding C object CMakeFiles/nmea_msgs__rosidl_generator_c.dir/rosidl_generator_c/nmea_msgs/msg/detail/gpgsv__functions.c.o[0m
[1.802s] [ 13%] [32mBuilding C object CMakeFiles/nmea_msgs__rosidl_generator_c.dir/rosidl_generator_c/nmea_msgs/msg/detail/gpgsv_satellite__functions.c.o[0m
[1.804s] [ 15%] [32mBuilding C object CMakeFiles/nmea_msgs__rosidl_generator_c.dir/rosidl_generator_c/nmea_msgs/msg/detail/gprmc__functions.c.o[0m
[1.838s] [ 16%] [32m[1mLinking C shared library libnmea_msgs__rosidl_generator_c.so[0m
[1.864s] [ 16%] Built target nmea_msgs__rosidl_generator_c
[1.871s] [ 18%] [34m[1mGenerating C introspection for ROS interfaces[0m
[1.871s] [ 18%] [34m[1mGenerating C type support dispatch for ROS interfaces[0m
[2.170s] [35m[1mScanning dependencies of target nmea_msgs__rosidl_typesupport_introspection_cpp[0m
[2.185s] [ 22%] [32mBuilding CXX object CMakeFiles/nmea_msgs__rosidl_typesupport_introspection_cpp.dir/rosidl_typesupport_introspection_cpp/nmea_msgs/msg/detail/gpgga__type_support.cpp.o[0m
[2.186s] [ 22%] [32mBuilding CXX object CMakeFiles/nmea_msgs__rosidl_typesupport_introspection_cpp.dir/rosidl_typesupport_introspection_cpp/nmea_msgs/msg/detail/gpgsa__type_support.cpp.o[0m
[2.186s] [ 22%] [32mBuilding CXX object CMakeFiles/nmea_msgs__rosidl_typesupport_introspection_cpp.dir/rosidl_typesupport_introspection_cpp/nmea_msgs/msg/detail/sentence__type_support.cpp.o[0m
[2.193s] [ 24%] [32mBuilding CXX object CMakeFiles/nmea_msgs__rosidl_typesupport_introspection_cpp.dir/rosidl_typesupport_introspection_cpp/nmea_msgs/msg/detail/gpgst__type_support.cpp.o[0m
[2.386s] [35m[1mScanning dependencies of target nmea_msgs__rosidl_typesupport_c[0m
[2.401s] [ 25%] [32mBuilding CXX object CMakeFiles/nmea_msgs__rosidl_typesupport_c.dir/rosidl_typesupport_c/nmea_msgs/msg/sentence__type_support.cpp.o[0m
[2.449s] [ 26%] [32mBuilding CXX object CMakeFiles/nmea_msgs__rosidl_typesupport_c.dir/rosidl_typesupport_c/nmea_msgs/msg/gpgga__type_support.cpp.o[0m
[2.463s] [35m[1mScanning dependencies of target nmea_msgs__rosidl_typesupport_cpp[0m
[2.479s] [ 27%] [32mBuilding CXX object CMakeFiles/nmea_msgs__rosidl_typesupport_cpp.dir/rosidl_typesupport_cpp/nmea_msgs/msg/sentence__type_support.cpp.o[0m
[2.483s] [ 29%] [32mBuilding CXX object CMakeFiles/nmea_msgs__rosidl_typesupport_c.dir/rosidl_typesupport_c/nmea_msgs/msg/gpgsa__type_support.cpp.o[0m
[2.513s] [ 30%] [32mBuilding CXX object CMakeFiles/nmea_msgs__rosidl_typesupport_c.dir/rosidl_typesupport_c/nmea_msgs/msg/gpgst__type_support.cpp.o[0m
[2.515s] [ 31%] [32mBuilding CXX object CMakeFiles/nmea_msgs__rosidl_typesupport_c.dir/rosidl_typesupport_c/nmea_msgs/msg/gpgsv__type_support.cpp.o[0m
[2.515s] [ 32%] [32mBuilding CXX object CMakeFiles/nmea_msgs__rosidl_typesupport_introspection_cpp.dir/rosidl_typesupport_introspection_cpp/nmea_msgs/msg/detail/gpgsv__type_support.cpp.o[0m
[2.542s] [ 34%] [32mBuilding CXX object CMakeFiles/nmea_msgs__rosidl_typesupport_introspection_cpp.dir/rosidl_typesupport_introspection_cpp/nmea_msgs/msg/detail/gpgsv_satellite__type_support.cpp.o[0m
[2.547s] [ 36%] [32mBuilding CXX object CMakeFiles/nmea_msgs__rosidl_typesupport_c.dir/rosidl_typesupport_c/nmea_msgs/msg/gpgsv_satellite__type_support.cpp.o[0m
[2.547s] [ 36%] [32mBuilding CXX object CMakeFiles/nmea_msgs__rosidl_typesupport_introspection_cpp.dir/rosidl_typesupport_introspection_cpp/nmea_msgs/msg/detail/gprmc__type_support.cpp.o[0m
[2.561s] [ 37%] [32mBuilding CXX object CMakeFiles/nmea_msgs__rosidl_typesupport_c.dir/rosidl_typesupport_c/nmea_msgs/msg/gprmc__type_support.cpp.o[0m
[2.571s] [35m[1mScanning dependencies of target nmea_msgs__rosidl_typesupport_introspection_c[0m
[2.589s] [ 39%] [32mBuilding C object CMakeFiles/nmea_msgs__rosidl_typesupport_introspection_c.dir/rosidl_typesupport_introspection_c/nmea_msgs/msg/detail/sentence__type_support.c.o[0m
[2.594s] [ 40%] [32m[1mLinking CXX shared library libnmea_msgs__rosidl_typesupport_c.so[0m
[2.612s] [ 41%] [32mBuilding C object CMakeFiles/nmea_msgs__rosidl_typesupport_introspection_c.dir/rosidl_typesupport_introspection_c/nmea_msgs/msg/detail/gpgga__type_support.c.o[0m
[2.643s] [ 43%] [32mBuilding CXX object CMakeFiles/nmea_msgs__rosidl_typesupport_cpp.dir/rosidl_typesupport_cpp/nmea_msgs/msg/gpgga__type_support.cpp.o[0m
[2.644s] [ 43%] Built target nmea_msgs__rosidl_typesupport_c
[2.654s] [ 44%] [32mBuilding C object CMakeFiles/nmea_msgs__rosidl_typesupport_introspection_c.dir/rosidl_typesupport_introspection_c/nmea_msgs/msg/detail/gpgsa__type_support.c.o[0m
[2.656s] [35m[1mScanning dependencies of target nmea_msgs__rosidl_typesupport_fastrtps_cpp[0m
[2.676s] [ 45%] [32mBuilding CXX object CMakeFiles/nmea_msgs__rosidl_typesupport_fastrtps_cpp.dir/rosidl_typesupport_fastrtps_cpp/nmea_msgs/msg/detail/dds_fastrtps/sentence__type_support.cpp.o[0m
[2.681s] [ 46%] [32mBuilding C object CMakeFiles/nmea_msgs__rosidl_typesupport_introspection_c.dir/rosidl_typesupport_introspection_c/nmea_msgs/msg/detail/gpgst__type_support.c.o[0m
[2.722s] [ 49%] [32mBuilding C object CMakeFiles/nmea_msgs__rosidl_typesupport_introspection_c.dir/rosidl_typesupport_introspection_c/nmea_msgs/msg/detail/gpgsv_satellite__type_support.c.o[0m
[2.722s] [ 49%] [32mBuilding C object CMakeFiles/nmea_msgs__rosidl_typesupport_introspection_c.dir/rosidl_typesupport_introspection_c/nmea_msgs/msg/detail/gpgsv__type_support.c.o[0m
[2.759s] [ 50%] [32mBuilding C object CMakeFiles/nmea_msgs__rosidl_typesupport_introspection_c.dir/rosidl_typesupport_introspection_c/nmea_msgs/msg/detail/gprmc__type_support.c.o[0m
[2.767s] [ 51%] [32mBuilding CXX object CMakeFiles/nmea_msgs__rosidl_typesupport_fastrtps_cpp.dir/rosidl_typesupport_fastrtps_cpp/nmea_msgs/msg/detail/dds_fastrtps/gpgga__type_support.cpp.o[0m
[2.797s] [ 53%] [32m[1mLinking C shared library libnmea_msgs__rosidl_typesupport_introspection_c.so[0m
[2.833s] [ 54%] [32mBuilding CXX object CMakeFiles/nmea_msgs__rosidl_typesupport_cpp.dir/rosidl_typesupport_cpp/nmea_msgs/msg/gpgsa__type_support.cpp.o[0m
[2.833s] [ 54%] Built target nmea_msgs__rosidl_typesupport_introspection_c
[2.843s] [ 55%] [32mBuilding CXX object CMakeFiles/nmea_msgs__rosidl_typesupport_cpp.dir/rosidl_typesupport_cpp/nmea_msgs/msg/gpgst__type_support.cpp.o[0m
[2.856s] [ 56%] [32mBuilding CXX object CMakeFiles/nmea_msgs__rosidl_typesupport_cpp.dir/rosidl_typesupport_cpp/nmea_msgs/msg/gpgsv__type_support.cpp.o[0m
[2.880s] [ 58%] [32mBuilding CXX object CMakeFiles/nmea_msgs__rosidl_typesupport_cpp.dir/rosidl_typesupport_cpp/nmea_msgs/msg/gpgsv_satellite__type_support.cpp.o[0m
[2.905s] [ 59%] [32m[1mLinking CXX shared library libnmea_msgs__rosidl_typesupport_introspection_cpp.so[0m
[2.962s] [ 60%] [32mBuilding CXX object CMakeFiles/nmea_msgs__rosidl_typesupport_cpp.dir/rosidl_typesupport_cpp/nmea_msgs/msg/gprmc__type_support.cpp.o[0m
[3.011s] [ 60%] Built target nmea_msgs__rosidl_typesupport_introspection_cpp
[3.021s] [ 62%] [32mBuilding CXX object CMakeFiles/nmea_msgs__rosidl_typesupport_fastrtps_cpp.dir/rosidl_typesupport_fastrtps_cpp/nmea_msgs/msg/detail/dds_fastrtps/gpgsa__type_support.cpp.o[0m
[3.161s] [ 64%] [32mBuilding CXX object CMakeFiles/nmea_msgs__rosidl_typesupport_fastrtps_cpp.dir/rosidl_typesupport_fastrtps_cpp/nmea_msgs/msg/detail/dds_fastrtps/gpgst__type_support.cpp.o[0m
[3.161s] [ 64%] [32mBuilding CXX object CMakeFiles/nmea_msgs__rosidl_typesupport_fastrtps_cpp.dir/rosidl_typesupport_fastrtps_cpp/nmea_msgs/msg/detail/dds_fastrtps/gpgsv__type_support.cpp.o[0m
[3.165s] [ 65%] [32mBuilding CXX object CMakeFiles/nmea_msgs__rosidl_typesupport_fastrtps_cpp.dir/rosidl_typesupport_fastrtps_cpp/nmea_msgs/msg/detail/dds_fastrtps/gpgsv_satellite__type_support.cpp.o[0m
[3.184s] [ 67%] [32mBuilding CXX object CMakeFiles/nmea_msgs__rosidl_typesupport_fastrtps_cpp.dir/rosidl_typesupport_fastrtps_cpp/nmea_msgs/msg/detail/dds_fastrtps/gprmc__type_support.cpp.o[0m
[3.283s] [ 68%] [32m[1mLinking CXX shared library libnmea_msgs__rosidl_typesupport_cpp.so[0m
[3.341s] [ 68%] Built target nmea_msgs__rosidl_typesupport_cpp
[3.592s] [ 69%] [32m[1mLinking CXX shared library libnmea_msgs__rosidl_typesupport_fastrtps_cpp.so[0m
[3.653s] [ 69%] Built target nmea_msgs__rosidl_typesupport_fastrtps_cpp
[3.660s] [ 70%] [34m[1mGenerating C type support for eProsima Fast-RTPS[0m
[4.092s] [35m[1mScanning dependencies of target nmea_msgs__rosidl_typesupport_fastrtps_c[0m
[4.111s] [ 75%] [32mBuilding CXX object CMakeFiles/nmea_msgs__rosidl_typesupport_fastrtps_c.dir/rosidl_typesupport_fastrtps_c/nmea_msgs/msg/detail/sentence__type_support_c.cpp.o[0m
[4.111s] [ 75%] [32mBuilding CXX object CMakeFiles/nmea_msgs__rosidl_typesupport_fastrtps_c.dir/rosidl_typesupport_fastrtps_c/nmea_msgs/msg/detail/gpgsa__type_support_c.cpp.o[0m
[4.111s] [ 75%] [32mBuilding CXX object CMakeFiles/nmea_msgs__rosidl_typesupport_fastrtps_c.dir/rosidl_typesupport_fastrtps_c/nmea_msgs/msg/detail/gpgga__type_support_c.cpp.o[0m
[4.111s] [ 75%] [32mBuilding CXX object CMakeFiles/nmea_msgs__rosidl_typesupport_fastrtps_c.dir/rosidl_typesupport_fastrtps_c/nmea_msgs/msg/detail/gpgst__type_support_c.cpp.o[0m
[4.111s] [ 78%] [32mBuilding CXX object CMakeFiles/nmea_msgs__rosidl_typesupport_fastrtps_c.dir/rosidl_typesupport_fastrtps_c/nmea_msgs/msg/detail/gpgsv_satellite__type_support_c.cpp.o[0m
[4.111s] [ 77%] [32mBuilding CXX object CMakeFiles/nmea_msgs__rosidl_typesupport_fastrtps_c.dir/rosidl_typesupport_fastrtps_c/nmea_msgs/msg/detail/gpgsv__type_support_c.cpp.o[0m
[4.116s] [ 79%] [32mBuilding CXX object CMakeFiles/nmea_msgs__rosidl_typesupport_fastrtps_c.dir/rosidl_typesupport_fastrtps_c/nmea_msgs/msg/detail/gprmc__type_support_c.cpp.o[0m
[4.518s] [ 81%] [32m[1mLinking CXX shared library libnmea_msgs__rosidl_typesupport_fastrtps_c.so[0m
[4.594s] [ 81%] Built target nmea_msgs__rosidl_typesupport_fastrtps_c
[4.600s] [35m[1mScanning dependencies of target nmea_msgs[0m
[4.607s] [ 81%] Built target nmea_msgs
[4.614s] [35m[1mScanning dependencies of target nmea_msgs__py[0m
[4.622s] [ 82%] [34m[1mGenerating Python code for ROS interfaces[0m
[5.542s] [ 82%] Built target nmea_msgs__py
[5.548s] [35m[1mScanning dependencies of target nmea_msgs__python[0m
[5.569s] [ 87%] [32mBuilding C object CMakeFiles/nmea_msgs__python.dir/rosidl_generator_py/nmea_msgs/msg/_sentence_s.c.o[0m
[5.569s] [ 87%] [32mBuilding C object CMakeFiles/nmea_msgs__python.dir/rosidl_generator_py/nmea_msgs/msg/_gpgst_s.c.o[0m
[5.570s] [ 88%] [32mBuilding C object CMakeFiles/nmea_msgs__python.dir/rosidl_generator_py/nmea_msgs/msg/_gpgsv_satellite_s.c.o[0m
[5.570s] [ 87%] [32mBuilding C object CMakeFiles/nmea_msgs__python.dir/rosidl_generator_py/nmea_msgs/msg/_gpgga_s.c.o[0m
[5.570s] [ 87%] [32mBuilding C object CMakeFiles/nmea_msgs__python.dir/rosidl_generator_py/nmea_msgs/msg/_gpgsa_s.c.o[0m
[5.570s] [ 89%] [32mBuilding C object CMakeFiles/nmea_msgs__python.dir/rosidl_generator_py/nmea_msgs/msg/_gpgsv_s.c.o[0m
[5.575s] [ 91%] [32mBuilding C object CMakeFiles/nmea_msgs__python.dir/rosidl_generator_py/nmea_msgs/msg/_gprmc_s.c.o[0m
[5.686s] [ 92%] [32m[1mLinking C shared library rosidl_generator_py/nmea_msgs/libnmea_msgs__python.so[0m
[5.714s] [ 92%] Built target nmea_msgs__python
[5.722s] [35m[1mScanning dependencies of target nmea_msgs__rosidl_typesupport_c__pyext[0m
[5.722s] [35m[1mScanning dependencies of target nmea_msgs__rosidl_typesupport_introspection_c__pyext[0m
[5.722s] [35m[1mScanning dependencies of target nmea_msgs__rosidl_typesupport_fastrtps_c__pyext[0m
[5.736s] [ 93%] [32mBuilding C object CMakeFiles/nmea_msgs__rosidl_typesupport_fastrtps_c__pyext.dir/rosidl_generator_py/nmea_msgs/_nmea_msgs_s.ep.rosidl_typesupport_fastrtps_c.c.o[0m
[5.736s] [ 94%] [32mBuilding C object CMakeFiles/nmea_msgs__rosidl_typesupport_c__pyext.dir/rosidl_generator_py/nmea_msgs/_nmea_msgs_s.ep.rosidl_typesupport_c.c.o[0m
[5.736s] [ 96%] [32mBuilding C object CMakeFiles/nmea_msgs__rosidl_typesupport_introspection_c__pyext.dir/rosidl_generator_py/nmea_msgs/_nmea_msgs_s.ep.rosidl_typesupport_introspection_c.c.o[0m
[5.804s] [100%] [32m[1mLinking CXX shared library rosidl_generator_py/nmea_msgs/nmea_msgs_s__rosidl_typesupport_fastrtps_c.cpython-38-x86_64-linux-gnu.so[0m
[5.804s] [100%] [32m[1mLinking C shared library rosidl_generator_py/nmea_msgs/nmea_msgs_s__rosidl_typesupport_c.cpython-38-x86_64-linux-gnu.so[0m
[5.804s] [100%] [32m[1mLinking C shared library rosidl_generator_py/nmea_msgs/nmea_msgs_s__rosidl_typesupport_introspection_c.cpython-38-x86_64-linux-gnu.so[0m
[5.830s] [100%] Built target nmea_msgs__rosidl_typesupport_c__pyext
[5.830s] [100%] Built target nmea_msgs__rosidl_typesupport_introspection_c__pyext
[5.851s] [100%] Built target nmea_msgs__rosidl_typesupport_fastrtps_c__pyext
[5.859s] Invoked command in '/home/xs/UAV/build/nmea_msgs' returned '0': CMAKE_PREFIX_PATH=${CMAKE_PREFIX_PATH}:/home/xs/UAV/ROS2/install/tf_converter:/home/xs/UAV/ROS2/install/object_detector:/home/xs/UAV/ROS2/install/gps_handler:/home/xs/UAV/ROS2/install/ctrl_relayer:/opt/ros/galactic /usr/bin/cmake --build /home/xs/UAV/build/nmea_msgs -- -j8 -l8
[5.946s] Invoking command in '/home/xs/UAV/build/nmea_msgs': CMAKE_PREFIX_PATH=${CMAKE_PREFIX_PATH}:/home/xs/UAV/ROS2/install/tf_converter:/home/xs/UAV/ROS2/install/object_detector:/home/xs/UAV/ROS2/install/gps_handler:/home/xs/UAV/ROS2/install/ctrl_relayer:/opt/ros/galactic /usr/bin/cmake --install /home/xs/UAV/build/nmea_msgs
[5.952s] -- Install configuration: ""
[5.952s] -- Installing: /home/xs/UAV/install/nmea_msgs/share/ament_index/resource_index/rosidl_interfaces/nmea_msgs
[5.952s] -- Installing: /home/xs/UAV/install/nmea_msgs/include/nmea_msgs
[5.952s] -- Installing: /home/xs/UAV/install/nmea_msgs/include/nmea_msgs/msg
[5.952s] -- Installing: /home/xs/UAV/install/nmea_msgs/include/nmea_msgs/msg/gpgsv.h
[5.952s] -- Installing: /home/xs/UAV/install/nmea_msgs/include/nmea_msgs/msg/gpgga.h
[5.952s] -- Installing: /home/xs/UAV/install/nmea_msgs/include/nmea_msgs/msg/gpgst.h
[5.952s] -- Installing: /home/xs/UAV/install/nmea_msgs/include/nmea_msgs/msg/gprmc.h
[5.952s] -- Installing: /home/xs/UAV/install/nmea_msgs/include/nmea_msgs/msg/sentence.h
[5.952s] -- Installing: /home/xs/UAV/install/nmea_msgs/include/nmea_msgs/msg/detail
[5.952s] -- Installing: /home/xs/UAV/install/nmea_msgs/include/nmea_msgs/msg/detail/gpgsv_satellite__struct.h
[5.952s] -- Installing: /home/xs/UAV/install/nmea_msgs/include/nmea_msgs/msg/detail/gpgst__struct.h
[5.952s] -- Installing: /home/xs/UAV/install/nmea_msgs/include/nmea_msgs/msg/detail/gpgsv_satellite__functions.h
[5.953s] -- Installing: /home/xs/UAV/install/nmea_msgs/include/nmea_msgs/msg/detail/gprmc__functions.c
[5.953s] -- Installing: /home/xs/UAV/install/nmea_msgs/include/nmea_msgs/msg/detail/gpgsa__functions.h
[5.953s] -- Installing: /home/xs/UAV/install/nmea_msgs/include/nmea_msgs/msg/detail/gpgsv__functions.h
[5.953s] -- Installing: /home/xs/UAV/install/nmea_msgs/include/nmea_msgs/msg/detail/gpgsv__type_support.h
[5.953s] -- Installing: /home/xs/UAV/install/nmea_msgs/include/nmea_msgs/msg/detail/gpgga__type_support.h
[5.953s] -- Installing: /home/xs/UAV/install/nmea_msgs/include/nmea_msgs/msg/detail/gpgga__struct.h
[5.953s] -- Installing: /home/xs/UAV/install/nmea_msgs/include/nmea_msgs/msg/detail/gpgst__type_support.h
[5.953s] -- Installing: /home/xs/UAV/install/nmea_msgs/include/nmea_msgs/msg/detail/gpgsv_satellite__type_support.h
[5.953s] -- Installing: /home/xs/UAV/install/nmea_msgs/include/nmea_msgs/msg/detail/gpgga__functions.h
[5.953s] -- Installing: /home/xs/UAV/install/nmea_msgs/include/nmea_msgs/msg/detail/gpgsa__struct.h
[5.953s] -- Installing: /home/xs/UAV/install/nmea_msgs/include/nmea_msgs/msg/detail/gprmc__functions.h
[5.953s] -- Installing: /home/xs/UAV/install/nmea_msgs/include/nmea_msgs/msg/detail/gpgsv__struct.h
[5.953s] -- Installing: /home/xs/UAV/install/nmea_msgs/include/nmea_msgs/msg/detail/sentence__struct.h
[5.953s] -- Installing: /home/xs/UAV/install/nmea_msgs/include/nmea_msgs/msg/detail/gprmc__struct.h
[5.953s] -- Installing: /home/xs/UAV/install/nmea_msgs/include/nmea_msgs/msg/detail/sentence__type_support.h
[5.953s] -- Installing: /home/xs/UAV/install/nmea_msgs/include/nmea_msgs/msg/detail/gpgsv_satellite__functions.c
[5.953s] -- Installing: /home/xs/UAV/install/nmea_msgs/include/nmea_msgs/msg/detail/gpgsa__type_support.h
[5.953s] -- Installing: /home/xs/UAV/install/nmea_msgs/include/nmea_msgs/msg/detail/gpgsa__functions.c
[5.953s] -- Installing: /home/xs/UAV/install/nmea_msgs/include/nmea_msgs/msg/detail/gpgst__functions.c
[5.953s] -- Installing: /home/xs/UAV/install/nmea_msgs/include/nmea_msgs/msg/detail/gpgsv__functions.c
[5.954s] -- Installing: /home/xs/UAV/install/nmea_msgs/include/nmea_msgs/msg/detail/gprmc__type_support.h
[5.954s] -- Installing: /home/xs/UAV/install/nmea_msgs/include/nmea_msgs/msg/detail/gpgst__functions.h
[5.954s] -- Installing: /home/xs/UAV/install/nmea_msgs/include/nmea_msgs/msg/detail/sentence__functions.h
[5.954s] -- Installing: /home/xs/UAV/install/nmea_msgs/include/nmea_msgs/msg/detail/sentence__functions.c
[5.954s] -- Installing: /home/xs/UAV/install/nmea_msgs/include/nmea_msgs/msg/detail/gpgga__functions.c
[5.954s] -- Installing: /home/xs/UAV/install/nmea_msgs/include/nmea_msgs/msg/gpgsa.h
[5.954s] -- Installing: /home/xs/UAV/install/nmea_msgs/include/nmea_msgs/msg/gpgsv_satellite.h
[5.954s] -- Installing: /home/xs/UAV/install/nmea_msgs/include/nmea_msgs/msg/rosidl_generator_c__visibility_control.h
[5.954s] -- Installing: /home/xs/UAV/install/nmea_msgs/share/nmea_msgs/environment/library_path.sh
[5.954s] -- Installing: /home/xs/UAV/install/nmea_msgs/share/nmea_msgs/environment/library_path.dsv
[5.954s] -- Installing: /home/xs/UAV/install/nmea_msgs/lib/libnmea_msgs__rosidl_generator_c.so
[5.954s] -- Set runtime path of "/home/xs/UAV/install/nmea_msgs/lib/libnmea_msgs__rosidl_generator_c.so" to ""
[5.954s] -- Up-to-date: /home/xs/UAV/install/nmea_msgs/include/nmea_msgs
[5.954s] -- Up-to-date: /home/xs/UAV/install/nmea_msgs/include/nmea_msgs/msg
[5.954s] -- Up-to-date: /home/xs/UAV/install/nmea_msgs/include/nmea_msgs/msg/detail
[5.955s] -- Installing: /home/xs/UAV/install/nmea_msgs/include/nmea_msgs/msg/detail/gpgga__rosidl_typesupport_fastrtps_c.h
[5.955s] -- Installing: /home/xs/UAV/install/nmea_msgs/include/nmea_msgs/msg/detail/gpgst__rosidl_typesupport_fastrtps_c.h
[5.955s] -- Installing: /home/xs/UAV/install/nmea_msgs/include/nmea_msgs/msg/detail/gpgsv_satellite__rosidl_typesupport_fastrtps_c.h
[5.955s] -- Installing: /home/xs/UAV/install/nmea_msgs/include/nmea_msgs/msg/detail/gpgsv__rosidl_typesupport_fastrtps_c.h
[5.955s] -- Installing: /home/xs/UAV/install/nmea_msgs/include/nmea_msgs/msg/detail/gpgsa__rosidl_typesupport_fastrtps_c.h
[5.955s] -- Installing: /home/xs/UAV/install/nmea_msgs/include/nmea_msgs/msg/detail/sentence__rosidl_typesupport_fastrtps_c.h
[5.955s] -- Installing: /home/xs/UAV/install/nmea_msgs/include/nmea_msgs/msg/detail/gprmc__rosidl_typesupport_fastrtps_c.h
[5.955s] -- Installing: /home/xs/UAV/install/nmea_msgs/include/nmea_msgs/msg/rosidl_typesupport_fastrtps_c__visibility_control.h
[5.955s] -- Installing: /home/xs/UAV/install/nmea_msgs/lib/libnmea_msgs__rosidl_typesupport_fastrtps_c.so
[5.955s] -- Set runtime path of "/home/xs/UAV/install/nmea_msgs/lib/libnmea_msgs__rosidl_typesupport_fastrtps_c.so" to ""
[5.955s] -- Up-to-date: /home/xs/UAV/install/nmea_msgs/include/nmea_msgs
[5.955s] -- Up-to-date: /home/xs/UAV/install/nmea_msgs/include/nmea_msgs/msg
[5.955s] -- Up-to-date: /home/xs/UAV/install/nmea_msgs/include/nmea_msgs/msg/detail
[5.955s] -- Installing: /home/xs/UAV/install/nmea_msgs/include/nmea_msgs/msg/detail/gpgsa__rosidl_typesupport_fastrtps_cpp.hpp
[5.955s] -- Installing: /home/xs/UAV/install/nmea_msgs/include/nmea_msgs/msg/detail/gpgsv_satellite__rosidl_typesupport_fastrtps_cpp.hpp
[5.955s] -- Installing: /home/xs/UAV/install/nmea_msgs/include/nmea_msgs/msg/detail/gprmc__rosidl_typesupport_fastrtps_cpp.hpp
[5.955s] -- Installing: /home/xs/UAV/install/nmea_msgs/include/nmea_msgs/msg/detail/gpgsv__rosidl_typesupport_fastrtps_cpp.hpp
[5.955s] -- Installing: /home/xs/UAV/install/nmea_msgs/include/nmea_msgs/msg/detail/gpgga__rosidl_typesupport_fastrtps_cpp.hpp
[5.956s] -- Installing: /home/xs/UAV/install/nmea_msgs/include/nmea_msgs/msg/detail/gpgst__rosidl_typesupport_fastrtps_cpp.hpp
[5.956s] -- Installing: /home/xs/UAV/install/nmea_msgs/include/nmea_msgs/msg/detail/sentence__rosidl_typesupport_fastrtps_cpp.hpp
[5.956s] -- Installing: /home/xs/UAV/install/nmea_msgs/include/nmea_msgs/msg/detail/dds_fastrtps
[5.956s] -- Installing: /home/xs/UAV/install/nmea_msgs/include/nmea_msgs/msg/rosidl_typesupport_fastrtps_cpp__visibility_control.h
[5.956s] -- Installing: /home/xs/UAV/install/nmea_msgs/lib/libnmea_msgs__rosidl_typesupport_fastrtps_cpp.so
[5.956s] -- Set runtime path of "/home/xs/UAV/install/nmea_msgs/lib/libnmea_msgs__rosidl_typesupport_fastrtps_cpp.so" to ""
[5.956s] -- Up-to-date: /home/xs/UAV/install/nmea_msgs/include/nmea_msgs
[5.956s] -- Up-to-date: /home/xs/UAV/install/nmea_msgs/include/nmea_msgs/msg
[5.956s] -- Installing: /home/xs/UAV/install/nmea_msgs/include/nmea_msgs/msg/rosidl_typesupport_introspection_c__visibility_control.h
[5.956s] -- Up-to-date: /home/xs/UAV/install/nmea_msgs/include/nmea_msgs/msg/detail
[5.956s] -- Installing: /home/xs/UAV/install/nmea_msgs/include/nmea_msgs/msg/detail/gpgsv__rosidl_typesupport_introspection_c.h
[5.956s] -- Installing: /home/xs/UAV/install/nmea_msgs/include/nmea_msgs/msg/detail/gpgsv_satellite__type_support.c
[5.956s] -- Installing: /home/xs/UAV/install/nmea_msgs/include/nmea_msgs/msg/detail/gpgga__type_support.c
[5.956s] -- Installing: /home/xs/UAV/install/nmea_msgs/include/nmea_msgs/msg/detail/gpgsv__type_support.c
[5.956s] -- Installing: /home/xs/UAV/install/nmea_msgs/include/nmea_msgs/msg/detail/gpgsa__rosidl_typesupport_introspection_c.h
[5.956s] -- Installing: /home/xs/UAV/install/nmea_msgs/include/nmea_msgs/msg/detail/sentence__rosidl_typesupport_introspection_c.h
[5.956s] -- Installing: /home/xs/UAV/install/nmea_msgs/include/nmea_msgs/msg/detail/gpgst__type_support.c
[5.957s] -- Installing: /home/xs/UAV/install/nmea_msgs/include/nmea_msgs/msg/detail/gpgga__rosidl_typesupport_introspection_c.h
[5.957s] -- Installing: /home/xs/UAV/install/nmea_msgs/include/nmea_msgs/msg/detail/gpgsv_satellite__rosidl_typesupport_introspection_c.h
[5.957s] -- Installing: /home/xs/UAV/install/nmea_msgs/include/nmea_msgs/msg/detail/sentence__type_support.c
[5.957s] -- Installing: /home/xs/UAV/install/nmea_msgs/include/nmea_msgs/msg/detail/gpgst__rosidl_typesupport_introspection_c.h
[5.957s] -- Installing: /home/xs/UAV/install/nmea_msgs/include/nmea_msgs/msg/detail/gprmc__rosidl_typesupport_introspection_c.h
[5.957s] -- Installing: /home/xs/UAV/install/nmea_msgs/include/nmea_msgs/msg/detail/gprmc__type_support.c
[5.957s] -- Installing: /home/xs/UAV/install/nmea_msgs/include/nmea_msgs/msg/detail/gpgsa__type_support.c
[5.957s] -- Installing: /home/xs/UAV/install/nmea_msgs/lib/libnmea_msgs__rosidl_typesupport_introspection_c.so
[5.957s] -- Set runtime path of "/home/xs/UAV/install/nmea_msgs/lib/libnmea_msgs__rosidl_typesupport_introspection_c.so" to ""
[5.957s] -- Installing: /home/xs/UAV/install/nmea_msgs/lib/libnmea_msgs__rosidl_typesupport_c.so
[5.957s] -- Set runtime path of "/home/xs/UAV/install/nmea_msgs/lib/libnmea_msgs__rosidl_typesupport_c.so" to ""
[5.957s] -- Up-to-date: /home/xs/UAV/install/nmea_msgs/include/nmea_msgs
[5.957s] -- Up-to-date: /home/xs/UAV/install/nmea_msgs/include/nmea_msgs/msg
[5.957s] -- Installing: /home/xs/UAV/install/nmea_msgs/include/nmea_msgs/msg/gpgsv_satellite.hpp
[5.957s] -- Installing: /home/xs/UAV/install/nmea_msgs/include/nmea_msgs/msg/gpgst.hpp
[5.957s] -- Up-to-date: /home/xs/UAV/install/nmea_msgs/include/nmea_msgs/msg/detail
[5.958s] -- Installing: /home/xs/UAV/install/nmea_msgs/include/nmea_msgs/msg/detail/gpgsa__builder.hpp
[5.958s] -- Installing: /home/xs/UAV/install/nmea_msgs/include/nmea_msgs/msg/detail/sentence__struct.hpp
[5.958s] -- Installing: /home/xs/UAV/install/nmea_msgs/include/nmea_msgs/msg/detail/gpgsv__struct.hpp
[5.958s] -- Installing: /home/xs/UAV/install/nmea_msgs/include/nmea_msgs/msg/detail/gpgst__struct.hpp
[5.958s] -- Installing: /home/xs/UAV/install/nmea_msgs/include/nmea_msgs/msg/detail/gpgsv__builder.hpp
[5.958s] -- Installing: /home/xs/UAV/install/nmea_msgs/include/nmea_msgs/msg/detail/gpgst__builder.hpp
[5.958s] -- Installing: /home/xs/UAV/install/nmea_msgs/include/nmea_msgs/msg/detail/gpgga__struct.hpp
[5.958s] -- Installing: /home/xs/UAV/install/nmea_msgs/include/nmea_msgs/msg/detail/gpgst__traits.hpp
[5.958s] -- Installing: /home/xs/UAV/install/nmea_msgs/include/nmea_msgs/msg/detail/gpgsv_satellite__builder.hpp
[5.958s] -- Installing: /home/xs/UAV/install/nmea_msgs/include/nmea_msgs/msg/detail/gpgsv__traits.hpp
[5.958s] -- Installing: /home/xs/UAV/install/nmea_msgs/include/nmea_msgs/msg/detail/gprmc__struct.hpp
[5.958s] -- Installing: /home/xs/UAV/install/nmea_msgs/include/nmea_msgs/msg/detail/gpgsa__traits.hpp
[5.958s] -- Installing: /home/xs/UAV/install/nmea_msgs/include/nmea_msgs/msg/detail/gpgga__builder.hpp
[5.958s] -- Installing: /home/xs/UAV/install/nmea_msgs/include/nmea_msgs/msg/detail/sentence__builder.hpp
[5.958s] -- Installing: /home/xs/UAV/install/nmea_msgs/include/nmea_msgs/msg/detail/gprmc__traits.hpp
[5.958s] -- Installing: /home/xs/UAV/install/nmea_msgs/include/nmea_msgs/msg/detail/gpgsa__struct.hpp
[5.958s] -- Installing: /home/xs/UAV/install/nmea_msgs/include/nmea_msgs/msg/detail/gpgga__traits.hpp
[5.958s] -- Installing: /home/xs/UAV/install/nmea_msgs/include/nmea_msgs/msg/detail/gpgsv_satellite__traits.hpp
[5.958s] -- Installing: /home/xs/UAV/install/nmea_msgs/include/nmea_msgs/msg/detail/sentence__traits.hpp
[5.959s] -- Installing: /home/xs/UAV/install/nmea_msgs/include/nmea_msgs/msg/detail/gpgsv_satellite__struct.hpp
[5.959s] -- Installing: /home/xs/UAV/install/nmea_msgs/include/nmea_msgs/msg/detail/gprmc__builder.hpp
[5.959s] -- Installing: /home/xs/UAV/install/nmea_msgs/include/nmea_msgs/msg/gpgsv.hpp
[5.959s] -- Installing: /home/xs/UAV/install/nmea_msgs/include/nmea_msgs/msg/sentence.hpp
[5.959s] -- Installing: /home/xs/UAV/install/nmea_msgs/include/nmea_msgs/msg/gpgga.hpp
[5.959s] -- Installing: /home/xs/UAV/install/nmea_msgs/include/nmea_msgs/msg/gprmc.hpp
[5.959s] -- Installing: /home/xs/UAV/install/nmea_msgs/include/nmea_msgs/msg/gpgsa.hpp
[5.959s] -- Up-to-date: /home/xs/UAV/install/nmea_msgs/include/nmea_msgs
[5.959s] -- Up-to-date: /home/xs/UAV/install/nmea_msgs/include/nmea_msgs/msg
[5.959s] -- Up-to-date: /home/xs/UAV/install/nmea_msgs/include/nmea_msgs/msg/detail
[5.959s] -- Installing: /home/xs/UAV/install/nmea_msgs/include/nmea_msgs/msg/detail/sentence__type_support.cpp
[5.959s] -- Installing: /home/xs/UAV/install/nmea_msgs/include/nmea_msgs/msg/detail/sentence__rosidl_typesupport_introspection_cpp.hpp
[5.959s] -- Installing: /home/xs/UAV/install/nmea_msgs/include/nmea_msgs/msg/detail/gpgga__type_support.cpp
[5.959s] -- Installing: /home/xs/UAV/install/nmea_msgs/include/nmea_msgs/msg/detail/gpgsv__rosidl_typesupport_introspection_cpp.hpp
[5.959s] -- Installing: /home/xs/UAV/install/nmea_msgs/include/nmea_msgs/msg/detail/gprmc__type_support.cpp
[5.959s] -- Installing: /home/xs/UAV/install/nmea_msgs/include/nmea_msgs/msg/detail/gpgsv__type_support.cpp
[5.959s] -- Installing: /home/xs/UAV/install/nmea_msgs/include/nmea_msgs/msg/detail/gpgst__type_support.cpp
[5.959s] -- Installing: /home/xs/UAV/install/nmea_msgs/include/nmea_msgs/msg/detail/gpgsa__type_support.cpp
[5.959s] -- Installing: /home/xs/UAV/install/nmea_msgs/include/nmea_msgs/msg/detail/gpgga__rosidl_typesupport_introspection_cpp.hpp
[5.959s] -- Installing: /home/xs/UAV/install/nmea_msgs/include/nmea_msgs/msg/detail/gpgsv_satellite__type_support.cpp
[5.960s] -- Installing: /home/xs/UAV/install/nmea_msgs/include/nmea_msgs/msg/detail/gprmc__rosidl_typesupport_introspection_cpp.hpp
[5.960s] -- Installing: /home/xs/UAV/install/nmea_msgs/include/nmea_msgs/msg/detail/gpgsv_satellite__rosidl_typesupport_introspection_cpp.hpp
[5.960s] -- Installing: /home/xs/UAV/install/nmea_msgs/include/nmea_msgs/msg/detail/gpgsa__rosidl_typesupport_introspection_cpp.hpp
[5.960s] -- Installing: /home/xs/UAV/install/nmea_msgs/include/nmea_msgs/msg/detail/gpgst__rosidl_typesupport_introspection_cpp.hpp
[5.960s] -- Installing: /home/xs/UAV/install/nmea_msgs/lib/libnmea_msgs__rosidl_typesupport_introspection_cpp.so
[5.960s] -- Set runtime path of "/home/xs/UAV/install/nmea_msgs/lib/libnmea_msgs__rosidl_typesupport_introspection_cpp.so" to ""
[5.960s] -- Installing: /home/xs/UAV/install/nmea_msgs/lib/libnmea_msgs__rosidl_typesupport_cpp.so
[5.960s] -- Set runtime path of "/home/xs/UAV/install/nmea_msgs/lib/libnmea_msgs__rosidl_typesupport_cpp.so" to ""
[5.960s] -- Installing: /home/xs/UAV/install/nmea_msgs/share/nmea_msgs/environment/pythonpath.sh
[5.960s] -- Installing: /home/xs/UAV/install/nmea_msgs/share/nmea_msgs/environment/pythonpath.dsv
[5.960s] -- Installing: /home/xs/UAV/install/nmea_msgs/lib/python3.8/site-packages/nmea_msgs/__init__.py
[5.981s] Compiling '/home/xs/UAV/install/nmea_msgs/lib/python3.8/site-packages/nmea_msgs/__init__.py'...
[5.984s] -- Installing: /home/xs/UAV/install/nmea_msgs/lib/python3.8/site-packages/nmea_msgs/msg
[5.984s] -- Installing: /home/xs/UAV/install/nmea_msgs/lib/python3.8/site-packages/nmea_msgs/msg/_gpgsv_s.c
[5.984s] -- Installing: /home/xs/UAV/install/nmea_msgs/lib/python3.8/site-packages/nmea_msgs/msg/_sentence_s.c
[5.984s] -- Installing: /home/xs/UAV/install/nmea_msgs/lib/python3.8/site-packages/nmea_msgs/msg/_gpgsv.py
[5.984s] -- Installing: /home/xs/UAV/install/nmea_msgs/lib/python3.8/site-packages/nmea_msgs/msg/_gpgsa_s.c
[5.984s] -- Installing: /home/xs/UAV/install/nmea_msgs/lib/python3.8/site-packages/nmea_msgs/msg/_gpgst.py
[5.984s] -- Installing: /home/xs/UAV/install/nmea_msgs/lib/python3.8/site-packages/nmea_msgs/msg/_gprmc.py
[5.984s] -- Installing: /home/xs/UAV/install/nmea_msgs/lib/python3.8/site-packages/nmea_msgs/msg/_gpgga_s.c
[5.984s] -- Installing: /home/xs/UAV/install/nmea_msgs/lib/python3.8/site-packages/nmea_msgs/msg/_gpgsa.py
[5.984s] -- Installing: /home/xs/UAV/install/nmea_msgs/lib/python3.8/site-packages/nmea_msgs/msg/_gpgga.py
[5.984s] -- Installing: /home/xs/UAV/install/nmea_msgs/lib/python3.8/site-packages/nmea_msgs/msg/__init__.py
[5.984s] -- Installing: /home/xs/UAV/install/nmea_msgs/lib/python3.8/site-packages/nmea_msgs/msg/_gprmc_s.c
[5.984s] -- Installing: /home/xs/UAV/install/nmea_msgs/lib/python3.8/site-packages/nmea_msgs/msg/_gpgsv_satellite_s.c
[5.984s] -- Installing: /home/xs/UAV/install/nmea_msgs/lib/python3.8/site-packages/nmea_msgs/msg/_sentence.py
[5.984s] -- Installing: /home/xs/UAV/install/nmea_msgs/lib/python3.8/site-packages/nmea_msgs/msg/_gpgsv_satellite.py
[5.984s] -- Installing: /home/xs/UAV/install/nmea_msgs/lib/python3.8/site-packages/nmea_msgs/msg/_gpgst_s.c
[5.984s] -- Installing: /home/xs/UAV/install/nmea_msgs/lib/python3.8/site-packages/nmea_msgs/nmea_msgs_s__rosidl_typesupport_fastrtps_c.cpython-38-x86_64-linux-gnu.so
[5.985s] -- Set runtime path of "/home/xs/UAV/install/nmea_msgs/lib/python3.8/site-packages/nmea_msgs/nmea_msgs_s__rosidl_typesupport_fastrtps_c.cpython-38-x86_64-linux-gnu.so" to ""
[5.985s] -- Installing: /home/xs/UAV/install/nmea_msgs/lib/python3.8/site-packages/nmea_msgs/nmea_msgs_s__rosidl_typesupport_introspection_c.cpython-38-x86_64-linux-gnu.so
[5.985s] -- Set runtime path of "/home/xs/UAV/install/nmea_msgs/lib/python3.8/site-packages/nmea_msgs/nmea_msgs_s__rosidl_typesupport_introspection_c.cpython-38-x86_64-linux-gnu.so" to ""
[5.985s] -- Installing: /home/xs/UAV/install/nmea_msgs/lib/python3.8/site-packages/nmea_msgs/nmea_msgs_s__rosidl_typesupport_c.cpython-38-x86_64-linux-gnu.so
[5.986s] -- Set runtime path of "/home/xs/UAV/install/nmea_msgs/lib/python3.8/site-packages/nmea_msgs/nmea_msgs_s__rosidl_typesupport_c.cpython-38-x86_64-linux-gnu.so" to ""
[5.986s] -- Installing: /home/xs/UAV/install/nmea_msgs/lib/libnmea_msgs__python.so
[5.986s] -- Set runtime path of "/home/xs/UAV/install/nmea_msgs/lib/libnmea_msgs__python.so" to ""
[5.986s] -- Installing: /home/xs/UAV/install/nmea_msgs/share/nmea_msgs/msg/Sentence.idl
[5.986s] -- Installing: /home/xs/UAV/install/nmea_msgs/share/nmea_msgs/msg/Gpgga.idl
[5.986s] -- Installing: /home/xs/UAV/install/nmea_msgs/share/nmea_msgs/msg/Gpgsa.idl
[5.986s] -- Installing: /home/xs/UAV/install/nmea_msgs/share/nmea_msgs/msg/Gpgst.idl
[5.986s] -- Installing: /home/xs/UAV/install/nmea_msgs/share/nmea_msgs/msg/Gpgsv.idl
[5.987s] -- Installing: /home/xs/UAV/install/nmea_msgs/share/nmea_msgs/msg/GpgsvSatellite.idl
[5.987s] -- Installing: /home/xs/UAV/install/nmea_msgs/share/nmea_msgs/msg/Gprmc.idl
[5.987s] -- Installing: /home/xs/UAV/install/nmea_msgs/share/nmea_msgs/msg/Sentence.msg
[5.987s] -- Installing: /home/xs/UAV/install/nmea_msgs/share/nmea_msgs/msg/Gpgga.msg
[5.987s] -- Installing: /home/xs/UAV/install/nmea_msgs/share/nmea_msgs/msg/Gpgsa.msg
[5.987s] -- Installing: /home/xs/UAV/install/nmea_msgs/share/nmea_msgs/msg/Gpgst.msg
[5.987s] -- Installing: /home/xs/UAV/install/nmea_msgs/share/nmea_msgs/msg/Gpgsv.msg
[5.987s] -- Installing: /home/xs/UAV/install/nmea_msgs/share/nmea_msgs/msg/GpgsvSatellite.msg
[5.987s] -- Installing: /home/xs/UAV/install/nmea_msgs/share/nmea_msgs/msg/Gprmc.msg
[5.987s] -- Installing: /home/xs/UAV/install/nmea_msgs/share/ament_index/resource_index/package_run_dependencies/nmea_msgs
[5.987s] -- Installing: /home/xs/UAV/install/nmea_msgs/share/ament_index/resource_index/parent_prefix_path/nmea_msgs
[5.987s] -- Installing: /home/xs/UAV/install/nmea_msgs/share/nmea_msgs/environment/ament_prefix_path.sh
[5.987s] -- Installing: /home/xs/UAV/install/nmea_msgs/share/nmea_msgs/environment/ament_prefix_path.dsv
[5.987s] -- Installing: /home/xs/UAV/install/nmea_msgs/share/nmea_msgs/environment/path.sh
[5.988s] -- Installing: /home/xs/UAV/install/nmea_msgs/share/nmea_msgs/environment/path.dsv
[5.988s] -- Installing: /home/xs/UAV/install/nmea_msgs/share/nmea_msgs/local_setup.bash
[5.988s] -- Installing: /home/xs/UAV/install/nmea_msgs/share/nmea_msgs/local_setup.sh
[5.988s] -- Installing: /home/xs/UAV/install/nmea_msgs/share/nmea_msgs/local_setup.zsh
[5.988s] -- Installing: /home/xs/UAV/install/nmea_msgs/share/nmea_msgs/local_setup.dsv
[5.988s] -- Installing: /home/xs/UAV/install/nmea_msgs/share/nmea_msgs/package.dsv
[5.988s] -- Installing: /home/xs/UAV/install/nmea_msgs/share/ament_index/resource_index/packages/nmea_msgs
[5.988s] -- Installing: /home/xs/UAV/install/nmea_msgs/share/nmea_msgs/cmake/nmea_msgs__rosidl_generator_cExport.cmake
[5.988s] -- Installing: /home/xs/UAV/install/nmea_msgs/share/nmea_msgs/cmake/nmea_msgs__rosidl_generator_cExport-noconfig.cmake
[5.988s] -- Installing: /home/xs/UAV/install/nmea_msgs/share/nmea_msgs/cmake/nmea_msgs__rosidl_typesupport_introspection_cExport.cmake
[5.988s] -- Installing: /home/xs/UAV/install/nmea_msgs/share/nmea_msgs/cmake/nmea_msgs__rosidl_typesupport_introspection_cExport-noconfig.cmake
[5.988s] -- Installing: /home/xs/UAV/install/nmea_msgs/share/nmea_msgs/cmake/nmea_msgs__rosidl_typesupport_cExport.cmake
[5.988s] -- Installing: /home/xs/UAV/install/nmea_msgs/share/nmea_msgs/cmake/nmea_msgs__rosidl_typesupport_cExport-noconfig.cmake
[5.989s] -- Installing: /home/xs/UAV/install/nmea_msgs/share/nmea_msgs/cmake/nmea_msgs__rosidl_generator_cppExport.cmake
[5.989s] -- Installing: /home/xs/UAV/install/nmea_msgs/share/nmea_msgs/cmake/nmea_msgs__rosidl_typesupport_introspection_cppExport.cmake
[5.989s] -- Installing: /home/xs/UAV/install/nmea_msgs/share/nmea_msgs/cmake/nmea_msgs__rosidl_typesupport_introspection_cppExport-noconfig.cmake
[5.989s] -- Installing: /home/xs/UAV/install/nmea_msgs/share/nmea_msgs/cmake/nmea_msgs__rosidl_typesupport_cppExport.cmake
[5.989s] -- Installing: /home/xs/UAV/install/nmea_msgs/share/nmea_msgs/cmake/nmea_msgs__rosidl_typesupport_cppExport-noconfig.cmake
[5.989s] -- Installing: /home/xs/UAV/install/nmea_msgs/share/nmea_msgs/cmake/rosidl_cmake-extras.cmake
[5.989s] -- Installing: /home/xs/UAV/install/nmea_msgs/share/nmea_msgs/cmake/ament_cmake_export_dependencies-extras.cmake
[5.989s] -- Installing: /home/xs/UAV/install/nmea_msgs/share/nmea_msgs/cmake/ament_cmake_export_libraries-extras.cmake
[5.989s] -- Installing: /home/xs/UAV/install/nmea_msgs/share/nmea_msgs/cmake/ament_cmake_export_targets-extras.cmake
[5.989s] -- Installing: /home/xs/UAV/install/nmea_msgs/share/nmea_msgs/cmake/ament_cmake_export_include_directories-extras.cmake
[5.989s] -- Installing: /home/xs/UAV/install/nmea_msgs/share/nmea_msgs/cmake/rosidl_cmake_export_typesupport_libraries-extras.cmake
[5.989s] -- Installing: /home/xs/UAV/install/nmea_msgs/share/nmea_msgs/cmake/rosidl_cmake_export_typesupport_targets-extras.cmake
[5.989s] -- Installing: /home/xs/UAV/install/nmea_msgs/share/nmea_msgs/cmake/nmea_msgsConfig.cmake
[5.990s] -- Installing: /home/xs/UAV/install/nmea_msgs/share/nmea_msgs/cmake/nmea_msgsConfig-version.cmake
[5.990s] -- Installing: /home/xs/UAV/install/nmea_msgs/share/nmea_msgs/package.xml
[5.992s] Invoked command in '/home/xs/UAV/build/nmea_msgs' returned '0': CMAKE_PREFIX_PATH=${CMAKE_PREFIX_PATH}:/home/xs/UAV/ROS2/install/tf_converter:/home/xs/UAV/ROS2/install/object_detector:/home/xs/UAV/ROS2/install/gps_handler:/home/xs/UAV/ROS2/install/ctrl_relayer:/opt/ros/galactic /usr/bin/cmake --install /home/xs/UAV/build/nmea_msgs
