[1.209s] Invoking command in '/home/xs/UAV/ROS2/tf_converter': PYTHONPATH=/home/xs/UAV/ROS2/build/tf_converter/prefix_override:/home/xs/UAV/ROS2/install/tf_converter/lib/python3.8/site-packages:${PYTHONPATH} /usr/bin/python3 -W ignore:setup.py install is deprecated setup.py egg_info --egg-base ../build/tf_converter build --build-base /home/xs/UAV/ROS2/build/tf_converter/build install --record /home/xs/UAV/ROS2/build/tf_converter/install.log --single-version-externally-managed install_data
[1.430s] running egg_info
[1.430s] writing ../build/tf_converter/tf_converter.egg-info/PKG-INFO
[1.430s] writing dependency_links to ../build/tf_converter/tf_converter.egg-info/dependency_links.txt
[1.430s] writing entry points to ../build/tf_converter/tf_converter.egg-info/entry_points.txt
[1.430s] writing requirements to ../build/tf_converter/tf_converter.egg-info/requires.txt
[1.430s] writing top-level names to ../build/tf_converter/tf_converter.egg-info/top_level.txt
[1.473s] reading manifest file '../build/tf_converter/tf_converter.egg-info/SOURCES.txt'
[1.474s] writing manifest file '../build/tf_converter/tf_converter.egg-info/SOURCES.txt'
[1.474s] running build
[1.474s] running build_py
[1.474s] copying tf_converter/tf_converter.py -> /home/xs/UAV/ROS2/build/tf_converter/build/lib/tf_converter
[1.474s] running install
[1.475s] running install_lib
[1.477s] copying /home/xs/UAV/ROS2/build/tf_converter/build/lib/tf_converter/tf_converter.py -> /home/xs/UAV/ROS2/install/tf_converter/lib/python3.8/site-packages/tf_converter
[1.477s] byte-compiling /home/xs/UAV/ROS2/install/tf_converter/lib/python3.8/site-packages/tf_converter/tf_converter.py to tf_converter.cpython-38.pyc
[1.479s] running install_data
[1.479s] running install_egg_info
[1.481s] removing '/home/xs/UAV/ROS2/install/tf_converter/lib/python3.8/site-packages/tf_converter-0.0.0-py3.8.egg-info' (and everything under it)
[1.482s] Copying ../build/tf_converter/tf_converter.egg-info to /home/xs/UAV/ROS2/install/tf_converter/lib/python3.8/site-packages/tf_converter-0.0.0-py3.8.egg-info
[1.482s] running install_scripts
[1.503s] writing list of installed files to '/home/xs/UAV/ROS2/build/tf_converter/install.log'
[1.525s] Invoked command in '/home/xs/UAV/ROS2/tf_converter' returned '0': PYTHONPATH=/home/xs/UAV/ROS2/build/tf_converter/prefix_override:/home/xs/UAV/ROS2/install/tf_converter/lib/python3.8/site-packages:${PYTHONPATH} /usr/bin/python3 -W ignore:setup.py install is deprecated setup.py egg_info --egg-base ../build/tf_converter build --build-base /home/xs/UAV/ROS2/build/tf_converter/build install --record /home/xs/UAV/ROS2/build/tf_converter/install.log --single-version-externally-managed install_data
