[0.150s] DEBUG:colcon:Command line arguments: ['/usr/bin/colcon', 'build']
[0.150s] DEBUG:colcon:Parsed command line arguments: Namespace(allow_overriding=[], ament_cmake_args=None, base_paths=['.'], build_base='build', catkin_cmake_args=None, catkin_skip_building_tests=False, cmake_args=None, cmake_clean_cache=False, cmake_clean_first=False, cmake_force_configure=False, cmake_target=None, cmake_target_skip_unavailable=False, continue_on_error=False, event_handlers=None, executor='parallel', ignore_user_meta=False, install_base='install', log_base=None, log_level=None, main=<bound method BuildVerb.main of <colcon_core.verb.build.BuildVerb object at 0x7fdb4f057c70>>, merge_install=False, metas=['./colcon.meta'], mixin=None, mixin_files=None, mixin_verb=('build',), packages_above=None, packages_above_and_dependencies=None, packages_above_depth=None, packages_end=None, packages_ignore=None, packages_ignore_regex=None, packages_select=None, packages_select_build_failed=False, packages_select_by_dep=None, packages_select_regex=None, packages_select_test_failures=False, packages_skip=None, packages_skip_build_finished=False, packages_skip_by_dep=None, packages_skip_regex=None, packages_skip_test_passed=False, packages_skip_up_to=None, packages_start=None, packages_up_to=None, packages_up_to_regex=None, parallel_workers=8, paths=None, symlink_install=False, test_result_base=None, verb_extension=<colcon_core.verb.build.BuildVerb object at 0x7fdb4f057c70>, verb_name='build', verb_parser=<colcon_mixin.mixin.mixin_argument.MixinArgumentDecorator object at 0x7fdb4ef99c40>)
[0.260s] Level 1:colcon.colcon_core.package_discovery:discover_packages(colcon_meta) check parameters
[0.260s] Level 1:colcon.colcon_core.package_discovery:discover_packages(recursive) check parameters
[0.260s] Level 1:colcon.colcon_core.package_discovery:discover_packages(ignore) check parameters
[0.260s] Level 1:colcon.colcon_core.package_discovery:discover_packages(path) check parameters
[0.260s] Level 1:colcon.colcon_core.package_discovery:discover_packages(colcon_meta) discover
[0.260s] Level 1:colcon.colcon_core.package_discovery:discover_packages(recursive) discover
[0.260s] INFO:colcon.colcon_core.package_discovery:Crawling recursively for packages in '/home/xs/UAV'
[0.260s] Level 1:colcon.colcon_core.package_identification:_identify(.) by extensions ['ignore', 'ignore_ament_install']
[0.260s] Level 1:colcon.colcon_core.package_identification:_identify(.) by extension 'ignore'
[0.260s] Level 1:colcon.colcon_core.package_identification:_identify(.) by extension 'ignore_ament_install'
[0.260s] Level 1:colcon.colcon_core.package_identification:_identify(.) by extensions ['colcon_pkg']
[0.260s] Level 1:colcon.colcon_core.package_identification:_identify(.) by extension 'colcon_pkg'
[0.260s] Level 1:colcon.colcon_core.package_identification:_identify(.) by extensions ['colcon_meta']
[0.260s] Level 1:colcon.colcon_core.package_identification:_identify(.) by extension 'colcon_meta'
[0.260s] Level 1:colcon.colcon_core.package_identification:_identify(.) by extensions ['ros']
[0.260s] Level 1:colcon.colcon_core.package_identification:_identify(.) by extension 'ros'
[0.267s] Level 1:colcon.colcon_core.package_identification:_identify(.) by extensions ['cmake', 'python']
[0.267s] Level 1:colcon.colcon_core.package_identification:_identify(.) by extension 'cmake'
[0.267s] Level 1:colcon.colcon_core.package_identification:_identify(.) by extension 'python'
[0.267s] Level 1:colcon.colcon_core.package_identification:_identify(.) by extensions ['python_setup_py']
[0.268s] Level 1:colcon.colcon_core.package_identification:_identify(.) by extension 'python_setup_py'
[0.268s] Level 1:colcon.colcon_core.package_identification:_identify(InfraredCamera) by extensions ['ignore', 'ignore_ament_install']
[0.268s] Level 1:colcon.colcon_core.package_identification:_identify(InfraredCamera) by extension 'ignore'
[0.268s] Level 1:colcon.colcon_core.package_identification:_identify(InfraredCamera) by extension 'ignore_ament_install'
[0.268s] Level 1:colcon.colcon_core.package_identification:_identify(InfraredCamera) by extensions ['colcon_pkg']
[0.268s] Level 1:colcon.colcon_core.package_identification:_identify(InfraredCamera) by extension 'colcon_pkg'
[0.268s] Level 1:colcon.colcon_core.package_identification:_identify(InfraredCamera) by extensions ['colcon_meta']
[0.268s] Level 1:colcon.colcon_core.package_identification:_identify(InfraredCamera) by extension 'colcon_meta'
[0.268s] Level 1:colcon.colcon_core.package_identification:_identify(InfraredCamera) by extensions ['ros']
[0.268s] Level 1:colcon.colcon_core.package_identification:_identify(InfraredCamera) by extension 'ros'
[0.268s] Level 1:colcon.colcon_core.package_identification:_identify(InfraredCamera) by extensions ['cmake', 'python']
[0.268s] Level 1:colcon.colcon_core.package_identification:_identify(InfraredCamera) by extension 'cmake'
[0.268s] Level 1:colcon.colcon_core.package_identification:_identify(InfraredCamera) by extension 'python'
[0.268s] Level 1:colcon.colcon_core.package_identification:_identify(InfraredCamera) by extensions ['python_setup_py']
[0.268s] Level 1:colcon.colcon_core.package_identification:_identify(InfraredCamera) by extension 'python_setup_py'
[0.268s] Level 1:colcon.colcon_core.package_identification:_identify(InfraredCamera/include) by extensions ['ignore', 'ignore_ament_install']
[0.268s] Level 1:colcon.colcon_core.package_identification:_identify(InfraredCamera/include) by extension 'ignore'
[0.268s] Level 1:colcon.colcon_core.package_identification:_identify(InfraredCamera/include) by extension 'ignore_ament_install'
[0.268s] Level 1:colcon.colcon_core.package_identification:_identify(InfraredCamera/include) by extensions ['colcon_pkg']
[0.268s] Level 1:colcon.colcon_core.package_identification:_identify(InfraredCamera/include) by extension 'colcon_pkg'
[0.268s] Level 1:colcon.colcon_core.package_identification:_identify(InfraredCamera/include) by extensions ['colcon_meta']
[0.268s] Level 1:colcon.colcon_core.package_identification:_identify(InfraredCamera/include) by extension 'colcon_meta'
[0.268s] Level 1:colcon.colcon_core.package_identification:_identify(InfraredCamera/include) by extensions ['ros']
[0.268s] Level 1:colcon.colcon_core.package_identification:_identify(InfraredCamera/include) by extension 'ros'
[0.268s] Level 1:colcon.colcon_core.package_identification:_identify(InfraredCamera/include) by extensions ['cmake', 'python']
[0.268s] Level 1:colcon.colcon_core.package_identification:_identify(InfraredCamera/include) by extension 'cmake'
[0.268s] Level 1:colcon.colcon_core.package_identification:_identify(InfraredCamera/include) by extension 'python'
[0.268s] Level 1:colcon.colcon_core.package_identification:_identify(InfraredCamera/include) by extensions ['python_setup_py']
[0.268s] Level 1:colcon.colcon_core.package_identification:_identify(InfraredCamera/include) by extension 'python_setup_py'
[0.268s] Level 1:colcon.colcon_core.package_identification:_identify(InfraredCamera/lib) by extensions ['ignore', 'ignore_ament_install']
[0.269s] Level 1:colcon.colcon_core.package_identification:_identify(InfraredCamera/lib) by extension 'ignore'
[0.269s] Level 1:colcon.colcon_core.package_identification:_identify(InfraredCamera/lib) by extension 'ignore_ament_install'
[0.269s] Level 1:colcon.colcon_core.package_identification:_identify(InfraredCamera/lib) by extensions ['colcon_pkg']
[0.269s] Level 1:colcon.colcon_core.package_identification:_identify(InfraredCamera/lib) by extension 'colcon_pkg'
[0.269s] Level 1:colcon.colcon_core.package_identification:_identify(InfraredCamera/lib) by extensions ['colcon_meta']
[0.269s] Level 1:colcon.colcon_core.package_identification:_identify(InfraredCamera/lib) by extension 'colcon_meta'
[0.269s] Level 1:colcon.colcon_core.package_identification:_identify(InfraredCamera/lib) by extensions ['ros']
[0.269s] Level 1:colcon.colcon_core.package_identification:_identify(InfraredCamera/lib) by extension 'ros'
[0.269s] Level 1:colcon.colcon_core.package_identification:_identify(InfraredCamera/lib) by extensions ['cmake', 'python']
[0.269s] Level 1:colcon.colcon_core.package_identification:_identify(InfraredCamera/lib) by extension 'cmake'
[0.269s] Level 1:colcon.colcon_core.package_identification:_identify(InfraredCamera/lib) by extension 'python'
[0.269s] Level 1:colcon.colcon_core.package_identification:_identify(InfraredCamera/lib) by extensions ['python_setup_py']
[0.269s] Level 1:colcon.colcon_core.package_identification:_identify(InfraredCamera/lib) by extension 'python_setup_py'
[0.269s] Level 1:colcon.colcon_core.package_identification:_identify(ROS2) by extensions ['ignore', 'ignore_ament_install']
[0.269s] Level 1:colcon.colcon_core.package_identification:_identify(ROS2) by extension 'ignore'
[0.269s] Level 1:colcon.colcon_core.package_identification:_identify(ROS2) by extension 'ignore_ament_install'
[0.269s] Level 1:colcon.colcon_core.package_identification:_identify(ROS2) by extensions ['colcon_pkg']
[0.269s] Level 1:colcon.colcon_core.package_identification:_identify(ROS2) by extension 'colcon_pkg'
[0.269s] Level 1:colcon.colcon_core.package_identification:_identify(ROS2) by extensions ['colcon_meta']
[0.269s] Level 1:colcon.colcon_core.package_identification:_identify(ROS2) by extension 'colcon_meta'
[0.269s] Level 1:colcon.colcon_core.package_identification:_identify(ROS2) by extensions ['ros']
[0.269s] Level 1:colcon.colcon_core.package_identification:_identify(ROS2) by extension 'ros'
[0.269s] Level 1:colcon.colcon_core.package_identification:_identify(ROS2) by extensions ['cmake', 'python']
[0.269s] Level 1:colcon.colcon_core.package_identification:_identify(ROS2) by extension 'cmake'
[0.269s] Level 1:colcon.colcon_core.package_identification:_identify(ROS2) by extension 'python'
[0.269s] Level 1:colcon.colcon_core.package_identification:_identify(ROS2) by extensions ['python_setup_py']
[0.269s] Level 1:colcon.colcon_core.package_identification:_identify(ROS2) by extension 'python_setup_py'
[0.269s] Level 1:colcon.colcon_core.package_identification:_identify(ROS2/build) by extensions ['ignore', 'ignore_ament_install']
[0.269s] Level 1:colcon.colcon_core.package_identification:_identify(ROS2/build) by extension 'ignore'
[0.269s] Level 1:colcon.colcon_core.package_identification:_identify(ROS2/build) ignored
[0.269s] Level 1:colcon.colcon_core.package_identification:_identify(ROS2/ctrl_relayer) by extensions ['ignore', 'ignore_ament_install']
[0.269s] Level 1:colcon.colcon_core.package_identification:_identify(ROS2/ctrl_relayer) by extension 'ignore'
[0.269s] Level 1:colcon.colcon_core.package_identification:_identify(ROS2/ctrl_relayer) by extension 'ignore_ament_install'
[0.270s] Level 1:colcon.colcon_core.package_identification:_identify(ROS2/ctrl_relayer) by extensions ['colcon_pkg']
[0.270s] Level 1:colcon.colcon_core.package_identification:_identify(ROS2/ctrl_relayer) by extension 'colcon_pkg'
[0.270s] Level 1:colcon.colcon_core.package_identification:_identify(ROS2/ctrl_relayer) by extensions ['colcon_meta']
[0.270s] Level 1:colcon.colcon_core.package_identification:_identify(ROS2/ctrl_relayer) by extension 'colcon_meta'
[0.270s] Level 1:colcon.colcon_core.package_identification:_identify(ROS2/ctrl_relayer) by extensions ['ros']
[0.270s] Level 1:colcon.colcon_core.package_identification:_identify(ROS2/ctrl_relayer) by extension 'ros'
[0.271s] DEBUG:colcon.colcon_core.package_identification:Package 'ROS2/ctrl_relayer' with type 'ros.ament_python' and name 'ctrl_relayer'
[0.271s] Level 1:colcon.colcon_core.package_identification:_identify(ROS2/gps_handler) by extensions ['ignore', 'ignore_ament_install']
[0.271s] Level 1:colcon.colcon_core.package_identification:_identify(ROS2/gps_handler) by extension 'ignore'
[0.272s] Level 1:colcon.colcon_core.package_identification:_identify(ROS2/gps_handler) by extension 'ignore_ament_install'
[0.272s] Level 1:colcon.colcon_core.package_identification:_identify(ROS2/gps_handler) by extensions ['colcon_pkg']
[0.272s] Level 1:colcon.colcon_core.package_identification:_identify(ROS2/gps_handler) by extension 'colcon_pkg'
[0.272s] Level 1:colcon.colcon_core.package_identification:_identify(ROS2/gps_handler) by extensions ['colcon_meta']
[0.272s] Level 1:colcon.colcon_core.package_identification:_identify(ROS2/gps_handler) by extension 'colcon_meta'
[0.272s] Level 1:colcon.colcon_core.package_identification:_identify(ROS2/gps_handler) by extensions ['ros']
[0.272s] Level 1:colcon.colcon_core.package_identification:_identify(ROS2/gps_handler) by extension 'ros'
[0.272s] DEBUG:colcon.colcon_core.package_identification:Package 'ROS2/gps_handler' with type 'ros.ament_python' and name 'gps_handler'
[0.272s] Level 1:colcon.colcon_core.package_identification:_identify(ROS2/install) by extensions ['ignore', 'ignore_ament_install']
[0.272s] Level 1:colcon.colcon_core.package_identification:_identify(ROS2/install) by extension 'ignore'
[0.272s] Level 1:colcon.colcon_core.package_identification:_identify(ROS2/install) ignored
[0.273s] Level 1:colcon.colcon_core.package_identification:_identify(ROS2/log) by extensions ['ignore', 'ignore_ament_install']
[0.273s] Level 1:colcon.colcon_core.package_identification:_identify(ROS2/log) by extension 'ignore'
[0.273s] Level 1:colcon.colcon_core.package_identification:_identify(ROS2/log) ignored
[0.273s] Level 1:colcon.colcon_core.package_identification:_identify(ROS2/nmea_msgs) by extensions ['ignore', 'ignore_ament_install']
[0.273s] Level 1:colcon.colcon_core.package_identification:_identify(ROS2/nmea_msgs) by extension 'ignore'
[0.273s] Level 1:colcon.colcon_core.package_identification:_identify(ROS2/nmea_msgs) by extension 'ignore_ament_install'
[0.273s] Level 1:colcon.colcon_core.package_identification:_identify(ROS2/nmea_msgs) by extensions ['colcon_pkg']
[0.273s] Level 1:colcon.colcon_core.package_identification:_identify(ROS2/nmea_msgs) by extension 'colcon_pkg'
[0.273s] Level 1:colcon.colcon_core.package_identification:_identify(ROS2/nmea_msgs) by extensions ['colcon_meta']
[0.273s] Level 1:colcon.colcon_core.package_identification:_identify(ROS2/nmea_msgs) by extension 'colcon_meta'
[0.273s] Level 1:colcon.colcon_core.package_identification:_identify(ROS2/nmea_msgs) by extensions ['ros']
[0.273s] Level 1:colcon.colcon_core.package_identification:_identify(ROS2/nmea_msgs) by extension 'ros'
[0.273s] DEBUG:colcon.colcon_core.package_identification:Package 'ROS2/nmea_msgs' with type 'ros.ament_cmake' and name 'nmea_msgs'
[0.273s] Level 1:colcon.colcon_core.package_identification:_identify(ROS2/object_detector) by extensions ['ignore', 'ignore_ament_install']
[0.273s] Level 1:colcon.colcon_core.package_identification:_identify(ROS2/object_detector) by extension 'ignore'
[0.273s] Level 1:colcon.colcon_core.package_identification:_identify(ROS2/object_detector) by extension 'ignore_ament_install'
[0.273s] Level 1:colcon.colcon_core.package_identification:_identify(ROS2/object_detector) by extensions ['colcon_pkg']
[0.274s] Level 1:colcon.colcon_core.package_identification:_identify(ROS2/object_detector) by extension 'colcon_pkg'
[0.274s] Level 1:colcon.colcon_core.package_identification:_identify(ROS2/object_detector) by extensions ['colcon_meta']
[0.274s] Level 1:colcon.colcon_core.package_identification:_identify(ROS2/object_detector) by extension 'colcon_meta'
[0.274s] Level 1:colcon.colcon_core.package_identification:_identify(ROS2/object_detector) by extensions ['ros']
[0.274s] Level 1:colcon.colcon_core.package_identification:_identify(ROS2/object_detector) by extension 'ros'
[0.274s] DEBUG:colcon.colcon_core.package_identification:Package 'ROS2/object_detector' with type 'ros.ament_python' and name 'object_detector'
[0.274s] Level 1:colcon.colcon_core.package_identification:_identify(ROS2/tf_converter) by extensions ['ignore', 'ignore_ament_install']
[0.274s] Level 1:colcon.colcon_core.package_identification:_identify(ROS2/tf_converter) by extension 'ignore'
[0.274s] Level 1:colcon.colcon_core.package_identification:_identify(ROS2/tf_converter) by extension 'ignore_ament_install'
[0.274s] Level 1:colcon.colcon_core.package_identification:_identify(ROS2/tf_converter) by extensions ['colcon_pkg']
[0.274s] Level 1:colcon.colcon_core.package_identification:_identify(ROS2/tf_converter) by extension 'colcon_pkg'
[0.274s] Level 1:colcon.colcon_core.package_identification:_identify(ROS2/tf_converter) by extensions ['colcon_meta']
[0.274s] Level 1:colcon.colcon_core.package_identification:_identify(ROS2/tf_converter) by extension 'colcon_meta'
[0.274s] Level 1:colcon.colcon_core.package_identification:_identify(ROS2/tf_converter) by extensions ['ros']
[0.274s] Level 1:colcon.colcon_core.package_identification:_identify(ROS2/tf_converter) by extension 'ros'
[0.275s] DEBUG:colcon.colcon_core.package_identification:Package 'ROS2/tf_converter' with type 'ros.ament_python' and name 'tf_converter'
[0.275s] Level 1:colcon.colcon_core.package_identification:_identify(build) by extensions ['ignore', 'ignore_ament_install']
[0.275s] Level 1:colcon.colcon_core.package_identification:_identify(build) by extension 'ignore'
[0.275s] Level 1:colcon.colcon_core.package_identification:_identify(build) ignored
[0.275s] Level 1:colcon.colcon_core.package_identification:_identify(install) by extensions ['ignore', 'ignore_ament_install']
[0.275s] Level 1:colcon.colcon_core.package_identification:_identify(install) by extension 'ignore'
[0.275s] Level 1:colcon.colcon_core.package_identification:_identify(install) ignored
[0.275s] Level 1:colcon.colcon_core.package_identification:_identify(log) by extensions ['ignore', 'ignore_ament_install']
[0.275s] Level 1:colcon.colcon_core.package_identification:_identify(log) by extension 'ignore'
[0.275s] Level 1:colcon.colcon_core.package_identification:_identify(log) ignored
[0.275s] Level 1:colcon.colcon_core.package_discovery:discover_packages(recursive) using defaults
[0.275s] Level 1:colcon.colcon_core.package_discovery:discover_packages(ignore) discover
[0.275s] Level 1:colcon.colcon_core.package_discovery:discover_packages(ignore) using defaults
[0.275s] Level 1:colcon.colcon_core.package_discovery:discover_packages(path) discover
[0.275s] Level 1:colcon.colcon_core.package_discovery:discover_packages(path) using defaults
[0.294s] Level 1:colcon.colcon_core.package_discovery:discover_packages(prefix_path) check parameters
[0.294s] Level 1:colcon.colcon_core.package_discovery:discover_packages(prefix_path) discover
[0.295s] DEBUG:colcon.colcon_installed_package_information.package_discovery:Found 5 installed packages in /home/xs/UAV/ROS2/install
[0.296s] DEBUG:colcon.colcon_installed_package_information.package_discovery:Found 269 installed packages in /opt/ros/galactic
[0.297s] Level 1:colcon.colcon_core.package_discovery:discover_packages(prefix_path) using defaults
[0.335s] Level 5:colcon.colcon_core.verb:set package 'ctrl_relayer' build argument 'cmake_args' from command line to 'None'
[0.335s] Level 5:colcon.colcon_core.verb:set package 'ctrl_relayer' build argument 'cmake_target' from command line to 'None'
[0.335s] Level 5:colcon.colcon_core.verb:set package 'ctrl_relayer' build argument 'cmake_target_skip_unavailable' from command line to 'False'
[0.335s] Level 5:colcon.colcon_core.verb:set package 'ctrl_relayer' build argument 'cmake_clean_cache' from command line to 'False'
[0.335s] Level 5:colcon.colcon_core.verb:set package 'ctrl_relayer' build argument 'cmake_clean_first' from command line to 'False'
[0.335s] Level 5:colcon.colcon_core.verb:set package 'ctrl_relayer' build argument 'cmake_force_configure' from command line to 'False'
[0.335s] Level 5:colcon.colcon_core.verb:set package 'ctrl_relayer' build argument 'ament_cmake_args' from command line to 'None'
[0.335s] Level 5:colcon.colcon_core.verb:set package 'ctrl_relayer' build argument 'catkin_cmake_args' from command line to 'None'
[0.335s] Level 5:colcon.colcon_core.verb:set package 'ctrl_relayer' build argument 'catkin_skip_building_tests' from command line to 'False'
[0.335s] DEBUG:colcon.colcon_core.verb:Building package 'ctrl_relayer' with the following arguments: {'ament_cmake_args': None, 'build_base': '/home/xs/UAV/build/ctrl_relayer', 'catkin_cmake_args': None, 'catkin_skip_building_tests': False, 'cmake_args': None, 'cmake_clean_cache': False, 'cmake_clean_first': False, 'cmake_force_configure': False, 'cmake_target': None, 'cmake_target_skip_unavailable': False, 'install_base': '/home/xs/UAV/install/ctrl_relayer', 'merge_install': False, 'path': '/home/xs/UAV/ROS2/ctrl_relayer', 'symlink_install': False, 'test_result_base': None}
[0.335s] Level 5:colcon.colcon_core.verb:set package 'nmea_msgs' build argument 'cmake_args' from command line to 'None'
[0.335s] Level 5:colcon.colcon_core.verb:set package 'nmea_msgs' build argument 'cmake_target' from command line to 'None'
[0.335s] Level 5:colcon.colcon_core.verb:set package 'nmea_msgs' build argument 'cmake_target_skip_unavailable' from command line to 'False'
[0.335s] Level 5:colcon.colcon_core.verb:set package 'nmea_msgs' build argument 'cmake_clean_cache' from command line to 'False'
[0.335s] Level 5:colcon.colcon_core.verb:set package 'nmea_msgs' build argument 'cmake_clean_first' from command line to 'False'
[0.335s] Level 5:colcon.colcon_core.verb:set package 'nmea_msgs' build argument 'cmake_force_configure' from command line to 'False'
[0.335s] Level 5:colcon.colcon_core.verb:set package 'nmea_msgs' build argument 'ament_cmake_args' from command line to 'None'
[0.335s] Level 5:colcon.colcon_core.verb:set package 'nmea_msgs' build argument 'catkin_cmake_args' from command line to 'None'
[0.335s] Level 5:colcon.colcon_core.verb:set package 'nmea_msgs' build argument 'catkin_skip_building_tests' from command line to 'False'
[0.335s] DEBUG:colcon.colcon_core.verb:Building package 'nmea_msgs' with the following arguments: {'ament_cmake_args': None, 'build_base': '/home/xs/UAV/build/nmea_msgs', 'catkin_cmake_args': None, 'catkin_skip_building_tests': False, 'cmake_args': None, 'cmake_clean_cache': False, 'cmake_clean_first': False, 'cmake_force_configure': False, 'cmake_target': None, 'cmake_target_skip_unavailable': False, 'install_base': '/home/xs/UAV/install/nmea_msgs', 'merge_install': False, 'path': '/home/xs/UAV/ROS2/nmea_msgs', 'symlink_install': False, 'test_result_base': None}
[0.336s] Level 5:colcon.colcon_core.verb:set package 'object_detector' build argument 'cmake_args' from command line to 'None'
[0.336s] Level 5:colcon.colcon_core.verb:set package 'object_detector' build argument 'cmake_target' from command line to 'None'
[0.336s] Level 5:colcon.colcon_core.verb:set package 'object_detector' build argument 'cmake_target_skip_unavailable' from command line to 'False'
[0.336s] Level 5:colcon.colcon_core.verb:set package 'object_detector' build argument 'cmake_clean_cache' from command line to 'False'
[0.336s] Level 5:colcon.colcon_core.verb:set package 'object_detector' build argument 'cmake_clean_first' from command line to 'False'
[0.336s] Level 5:colcon.colcon_core.verb:set package 'object_detector' build argument 'cmake_force_configure' from command line to 'False'
[0.336s] Level 5:colcon.colcon_core.verb:set package 'object_detector' build argument 'ament_cmake_args' from command line to 'None'
[0.336s] Level 5:colcon.colcon_core.verb:set package 'object_detector' build argument 'catkin_cmake_args' from command line to 'None'
[0.336s] Level 5:colcon.colcon_core.verb:set package 'object_detector' build argument 'catkin_skip_building_tests' from command line to 'False'
[0.336s] DEBUG:colcon.colcon_core.verb:Building package 'object_detector' with the following arguments: {'ament_cmake_args': None, 'build_base': '/home/xs/UAV/build/object_detector', 'catkin_cmake_args': None, 'catkin_skip_building_tests': False, 'cmake_args': None, 'cmake_clean_cache': False, 'cmake_clean_first': False, 'cmake_force_configure': False, 'cmake_target': None, 'cmake_target_skip_unavailable': False, 'install_base': '/home/xs/UAV/install/object_detector', 'merge_install': False, 'path': '/home/xs/UAV/ROS2/object_detector', 'symlink_install': False, 'test_result_base': None}
[0.336s] Level 5:colcon.colcon_core.verb:set package 'tf_converter' build argument 'cmake_args' from command line to 'None'
[0.336s] Level 5:colcon.colcon_core.verb:set package 'tf_converter' build argument 'cmake_target' from command line to 'None'
[0.336s] Level 5:colcon.colcon_core.verb:set package 'tf_converter' build argument 'cmake_target_skip_unavailable' from command line to 'False'
[0.336s] Level 5:colcon.colcon_core.verb:set package 'tf_converter' build argument 'cmake_clean_cache' from command line to 'False'
[0.336s] Level 5:colcon.colcon_core.verb:set package 'tf_converter' build argument 'cmake_clean_first' from command line to 'False'
[0.336s] Level 5:colcon.colcon_core.verb:set package 'tf_converter' build argument 'cmake_force_configure' from command line to 'False'
[0.336s] Level 5:colcon.colcon_core.verb:set package 'tf_converter' build argument 'ament_cmake_args' from command line to 'None'
[0.336s] Level 5:colcon.colcon_core.verb:set package 'tf_converter' build argument 'catkin_cmake_args' from command line to 'None'
[0.336s] Level 5:colcon.colcon_core.verb:set package 'tf_converter' build argument 'catkin_skip_building_tests' from command line to 'False'
[0.336s] DEBUG:colcon.colcon_core.verb:Building package 'tf_converter' with the following arguments: {'ament_cmake_args': None, 'build_base': '/home/xs/UAV/build/tf_converter', 'catkin_cmake_args': None, 'catkin_skip_building_tests': False, 'cmake_args': None, 'cmake_clean_cache': False, 'cmake_clean_first': False, 'cmake_force_configure': False, 'cmake_target': None, 'cmake_target_skip_unavailable': False, 'install_base': '/home/xs/UAV/install/tf_converter', 'merge_install': False, 'path': '/home/xs/UAV/ROS2/tf_converter', 'symlink_install': False, 'test_result_base': None}
[0.336s] Level 5:colcon.colcon_core.verb:set package 'gps_handler' build argument 'cmake_args' from command line to 'None'
[0.336s] Level 5:colcon.colcon_core.verb:set package 'gps_handler' build argument 'cmake_target' from command line to 'None'
[0.336s] Level 5:colcon.colcon_core.verb:set package 'gps_handler' build argument 'cmake_target_skip_unavailable' from command line to 'False'
[0.336s] Level 5:colcon.colcon_core.verb:set package 'gps_handler' build argument 'cmake_clean_cache' from command line to 'False'
[0.336s] Level 5:colcon.colcon_core.verb:set package 'gps_handler' build argument 'cmake_clean_first' from command line to 'False'
[0.336s] Level 5:colcon.colcon_core.verb:set package 'gps_handler' build argument 'cmake_force_configure' from command line to 'False'
[0.336s] Level 5:colcon.colcon_core.verb:set package 'gps_handler' build argument 'ament_cmake_args' from command line to 'None'
[0.336s] Level 5:colcon.colcon_core.verb:set package 'gps_handler' build argument 'catkin_cmake_args' from command line to 'None'
[0.336s] Level 5:colcon.colcon_core.verb:set package 'gps_handler' build argument 'catkin_skip_building_tests' from command line to 'False'
[0.336s] DEBUG:colcon.colcon_core.verb:Building package 'gps_handler' with the following arguments: {'ament_cmake_args': None, 'build_base': '/home/xs/UAV/build/gps_handler', 'catkin_cmake_args': None, 'catkin_skip_building_tests': False, 'cmake_args': None, 'cmake_clean_cache': False, 'cmake_clean_first': False, 'cmake_force_configure': False, 'cmake_target': None, 'cmake_target_skip_unavailable': False, 'install_base': '/home/xs/UAV/install/gps_handler', 'merge_install': False, 'path': '/home/xs/UAV/ROS2/gps_handler', 'symlink_install': False, 'test_result_base': None}
[0.337s] INFO:colcon.colcon_core.executor:Executing jobs using 'parallel' executor
[0.337s] DEBUG:colcon.colcon_parallel_executor.executor.parallel:run_until_complete
[0.337s] INFO:colcon.colcon_ros.task.ament_cmake.build:Building ROS package in '/home/xs/UAV/ROS2/nmea_msgs' with build type 'ament_cmake'
[0.337s] INFO:colcon.colcon_cmake.task.cmake.build:Building CMake package in '/home/xs/UAV/ROS2/nmea_msgs'
[0.339s] INFO:colcon.colcon_core.plugin_system:Skipping extension 'colcon_core.shell.bat': Not used on non-Windows systems
[0.339s] INFO:colcon.colcon_core.shell:Skip shell extension 'powershell' for command environment: Not usable outside of PowerShell
[0.339s] DEBUG:colcon.colcon_core.shell:Skip shell extension 'dsv' for command environment
[0.342s] INFO:colcon.colcon_ros.task.ament_python.build:Building ROS package in '/home/xs/UAV/ROS2/ctrl_relayer' with build type 'ament_python'
[0.342s] Level 1:colcon.colcon_core.shell:create_environment_hook('ctrl_relayer', 'ament_prefix_path')
[0.343s] INFO:colcon.colcon_core.shell:Creating environment hook '/home/xs/UAV/install/ctrl_relayer/share/ctrl_relayer/hook/ament_prefix_path.ps1'
[0.344s] INFO:colcon.colcon_core.shell:Creating environment descriptor '/home/xs/UAV/install/ctrl_relayer/share/ctrl_relayer/hook/ament_prefix_path.dsv'
[0.344s] INFO:colcon.colcon_core.shell:Creating environment hook '/home/xs/UAV/install/ctrl_relayer/share/ctrl_relayer/hook/ament_prefix_path.sh'
[0.344s] INFO:colcon.colcon_core.shell:Skip shell extension 'powershell' for command environment: Not usable outside of PowerShell
[0.344s] DEBUG:colcon.colcon_core.shell:Skip shell extension 'dsv' for command environment
[0.347s] INFO:colcon.colcon_ros.task.ament_python.build:Building ROS package in '/home/xs/UAV/ROS2/object_detector' with build type 'ament_python'
[0.347s] Level 1:colcon.colcon_core.shell:create_environment_hook('object_detector', 'ament_prefix_path')
[0.348s] INFO:colcon.colcon_core.shell:Creating environment hook '/home/xs/UAV/install/object_detector/share/object_detector/hook/ament_prefix_path.ps1'
[0.348s] INFO:colcon.colcon_core.shell:Creating environment descriptor '/home/xs/UAV/install/object_detector/share/object_detector/hook/ament_prefix_path.dsv'
[0.349s] INFO:colcon.colcon_core.shell:Creating environment hook '/home/xs/UAV/install/object_detector/share/object_detector/hook/ament_prefix_path.sh'
[0.349s] INFO:colcon.colcon_core.shell:Skip shell extension 'powershell' for command environment: Not usable outside of PowerShell
[0.349s] DEBUG:colcon.colcon_core.shell:Skip shell extension 'dsv' for command environment
[0.352s] INFO:colcon.colcon_ros.task.ament_python.build:Building ROS package in '/home/xs/UAV/ROS2/tf_converter' with build type 'ament_python'
[0.352s] Level 1:colcon.colcon_core.shell:create_environment_hook('tf_converter', 'ament_prefix_path')
[0.352s] INFO:colcon.colcon_core.shell:Creating environment hook '/home/xs/UAV/install/tf_converter/share/tf_converter/hook/ament_prefix_path.ps1'
[0.353s] INFO:colcon.colcon_core.shell:Creating environment descriptor '/home/xs/UAV/install/tf_converter/share/tf_converter/hook/ament_prefix_path.dsv'
[0.353s] INFO:colcon.colcon_core.shell:Creating environment hook '/home/xs/UAV/install/tf_converter/share/tf_converter/hook/ament_prefix_path.sh'
[0.354s] INFO:colcon.colcon_core.shell:Skip shell extension 'powershell' for command environment: Not usable outside of PowerShell
[0.354s] DEBUG:colcon.colcon_core.shell:Skip shell extension 'dsv' for command environment
[0.361s] DEBUG:colcon.colcon_core.event_handler.log_command:Invoking command in '/home/xs/UAV/build/nmea_msgs': CMAKE_PREFIX_PATH=${CMAKE_PREFIX_PATH}:/home/xs/UAV/ROS2/install/tf_converter:/home/xs/UAV/ROS2/install/object_detector:/home/xs/UAV/ROS2/install/gps_handler:/home/xs/UAV/ROS2/install/ctrl_relayer:/opt/ros/galactic /usr/bin/cmake /home/xs/UAV/ROS2/nmea_msgs -DCMAKE_INSTALL_PREFIX=/home/xs/UAV/install/nmea_msgs
[0.544s] INFO:colcon.colcon_core.task.python.build:Building Python package in '/home/xs/UAV/ROS2/ctrl_relayer'
[0.545s] INFO:colcon.colcon_core.shell:Skip shell extension 'powershell' for command environment: Not usable outside of PowerShell
[0.545s] DEBUG:colcon.colcon_core.shell:Skip shell extension 'dsv' for command environment
[0.719s] INFO:colcon.colcon_core.task.python.build:Building Python package in '/home/xs/UAV/ROS2/object_detector'
[0.719s] INFO:colcon.colcon_core.shell:Skip shell extension 'powershell' for command environment: Not usable outside of PowerShell
[0.719s] DEBUG:colcon.colcon_core.shell:Skip shell extension 'dsv' for command environment
[0.890s] INFO:colcon.colcon_core.task.python.build:Building Python package in '/home/xs/UAV/ROS2/tf_converter'
[0.890s] INFO:colcon.colcon_core.shell:Skip shell extension 'powershell' for command environment: Not usable outside of PowerShell
[0.890s] DEBUG:colcon.colcon_core.shell:Skip shell extension 'dsv' for command environment
[1.241s] DEBUG:colcon.colcon_core.event_handler.log_command:Invoking command in '/home/xs/UAV/ROS2/ctrl_relayer': PYTHONPATH=/home/xs/UAV/build/ctrl_relayer/prefix_override:/home/xs/UAV/install/ctrl_relayer/lib/python3.8/site-packages:${PYTHONPATH} /usr/bin/python3 -W ignore:setup.py install is deprecated setup.py egg_info --egg-base ../../build/ctrl_relayer build --build-base /home/xs/UAV/build/ctrl_relayer/build install --record /home/xs/UAV/build/ctrl_relayer/install.log --single-version-externally-managed install_data
[1.246s] DEBUG:colcon.colcon_core.event_handler.log_command:Invoking command in '/home/xs/UAV/ROS2/object_detector': PYTHONPATH=/home/xs/UAV/build/object_detector/prefix_override:/home/xs/UAV/install/object_detector/lib/python3.8/site-packages:${PYTHONPATH} /usr/bin/python3 -W ignore:setup.py install is deprecated setup.py egg_info --egg-base ../../build/object_detector build --build-base /home/xs/UAV/build/object_detector/build install --record /home/xs/UAV/build/object_detector/install.log --single-version-externally-managed install_data
[1.250s] DEBUG:colcon.colcon_core.event_handler.log_command:Invoking command in '/home/xs/UAV/ROS2/tf_converter': PYTHONPATH=/home/xs/UAV/build/tf_converter/prefix_override:/home/xs/UAV/install/tf_converter/lib/python3.8/site-packages:${PYTHONPATH} /usr/bin/python3 -W ignore:setup.py install is deprecated setup.py egg_info --egg-base ../../build/tf_converter build --build-base /home/xs/UAV/build/tf_converter/build install --record /home/xs/UAV/build/tf_converter/install.log --single-version-externally-managed install_data
[1.444s] DEBUG:colcon.colcon_core.event_handler.log_command:Invoked command in '/home/xs/UAV/build/nmea_msgs' returned '0': CMAKE_PREFIX_PATH=${CMAKE_PREFIX_PATH}:/home/xs/UAV/ROS2/install/tf_converter:/home/xs/UAV/ROS2/install/object_detector:/home/xs/UAV/ROS2/install/gps_handler:/home/xs/UAV/ROS2/install/ctrl_relayer:/opt/ros/galactic /usr/bin/cmake /home/xs/UAV/ROS2/nmea_msgs -DCMAKE_INSTALL_PREFIX=/home/xs/UAV/install/nmea_msgs
[1.447s] DEBUG:colcon.colcon_core.event_handler.log_command:Invoking command in '/home/xs/UAV/build/nmea_msgs': CMAKE_PREFIX_PATH=${CMAKE_PREFIX_PATH}:/home/xs/UAV/ROS2/install/tf_converter:/home/xs/UAV/ROS2/install/object_detector:/home/xs/UAV/ROS2/install/gps_handler:/home/xs/UAV/ROS2/install/ctrl_relayer:/opt/ros/galactic /usr/bin/cmake --build /home/xs/UAV/build/nmea_msgs -- -j8 -l8
[1.495s] DEBUG:colcon.colcon_core.event_handler.log_command:Invoked command in '/home/xs/UAV/ROS2/ctrl_relayer' returned '0': PYTHONPATH=/home/xs/UAV/build/ctrl_relayer/prefix_override:/home/xs/UAV/install/ctrl_relayer/lib/python3.8/site-packages:${PYTHONPATH} /usr/bin/python3 -W ignore:setup.py install is deprecated setup.py egg_info --egg-base ../../build/ctrl_relayer build --build-base /home/xs/UAV/build/ctrl_relayer/build install --record /home/xs/UAV/build/ctrl_relayer/install.log --single-version-externally-managed install_data
[1.497s] Level 1:colcon.colcon_core.environment:checking '/home/xs/UAV/install/ctrl_relayer' for CMake module files
[1.498s] Level 1:colcon.colcon_core.environment:checking '/home/xs/UAV/install/ctrl_relayer' for CMake config files
[1.498s] Level 1:colcon.colcon_core.environment:checking '/home/xs/UAV/install/ctrl_relayer/lib'
[1.498s] Level 1:colcon.colcon_core.environment:checking '/home/xs/UAV/install/ctrl_relayer/bin'
[1.498s] Level 1:colcon.colcon_core.environment:checking '/home/xs/UAV/install/ctrl_relayer/lib/pkgconfig/ctrl_relayer.pc'
[1.498s] Level 1:colcon.colcon_core.environment:checking '/home/xs/UAV/install/ctrl_relayer/lib/python3.8/site-packages'
[1.499s] Level 1:colcon.colcon_core.shell:create_environment_hook('ctrl_relayer', 'pythonpath')
[1.499s] INFO:colcon.colcon_core.shell:Creating environment hook '/home/xs/UAV/install/ctrl_relayer/share/ctrl_relayer/hook/pythonpath.ps1'
[1.499s] INFO:colcon.colcon_core.shell:Creating environment descriptor '/home/xs/UAV/install/ctrl_relayer/share/ctrl_relayer/hook/pythonpath.dsv'
[1.499s] INFO:colcon.colcon_core.shell:Creating environment hook '/home/xs/UAV/install/ctrl_relayer/share/ctrl_relayer/hook/pythonpath.sh'
[1.500s] Level 1:colcon.colcon_core.environment:checking '/home/xs/UAV/install/ctrl_relayer/bin'
[1.500s] Level 1:colcon.colcon_core.environment:create_environment_scripts_only(ctrl_relayer)
[1.500s] INFO:colcon.colcon_core.shell:Creating package script '/home/xs/UAV/install/ctrl_relayer/share/ctrl_relayer/package.ps1'
[1.500s] INFO:colcon.colcon_core.shell:Creating package descriptor '/home/xs/UAV/install/ctrl_relayer/share/ctrl_relayer/package.dsv'
[1.501s] INFO:colcon.colcon_core.shell:Creating package script '/home/xs/UAV/install/ctrl_relayer/share/ctrl_relayer/package.sh'
[1.501s] INFO:colcon.colcon_core.shell:Creating package script '/home/xs/UAV/install/ctrl_relayer/share/ctrl_relayer/package.bash'
[1.502s] INFO:colcon.colcon_core.shell:Creating package script '/home/xs/UAV/install/ctrl_relayer/share/ctrl_relayer/package.zsh'
[1.502s] Level 1:colcon.colcon_core.environment:create_file_with_runtime_dependencies(/home/xs/UAV/install/ctrl_relayer/share/colcon-core/packages/ctrl_relayer)
[1.503s] Level 1:colcon.colcon_core.environment:checking '/home/xs/UAV/install/object_detector' for CMake module files
[1.504s] DEBUG:colcon.colcon_core.event_handler.log_command:Invoked command in '/home/xs/UAV/ROS2/object_detector' returned '0': PYTHONPATH=/home/xs/UAV/build/object_detector/prefix_override:/home/xs/UAV/install/object_detector/lib/python3.8/site-packages:${PYTHONPATH} /usr/bin/python3 -W ignore:setup.py install is deprecated setup.py egg_info --egg-base ../../build/object_detector build --build-base /home/xs/UAV/build/object_detector/build install --record /home/xs/UAV/build/object_detector/install.log --single-version-externally-managed install_data
[1.504s] Level 1:colcon.colcon_core.environment:checking '/home/xs/UAV/install/object_detector' for CMake config files
[1.504s] Level 1:colcon.colcon_core.environment:checking '/home/xs/UAV/install/object_detector/lib'
[1.504s] Level 1:colcon.colcon_core.environment:checking '/home/xs/UAV/install/object_detector/bin'
[1.504s] Level 1:colcon.colcon_core.environment:checking '/home/xs/UAV/install/object_detector/lib/pkgconfig/object_detector.pc'
[1.505s] Level 1:colcon.colcon_core.environment:checking '/home/xs/UAV/install/object_detector/lib/python3.8/site-packages'
[1.505s] Level 1:colcon.colcon_core.shell:create_environment_hook('object_detector', 'pythonpath')
[1.505s] INFO:colcon.colcon_core.shell:Creating environment hook '/home/xs/UAV/install/object_detector/share/object_detector/hook/pythonpath.ps1'
[1.505s] INFO:colcon.colcon_core.shell:Creating environment descriptor '/home/xs/UAV/install/object_detector/share/object_detector/hook/pythonpath.dsv'
[1.505s] INFO:colcon.colcon_core.shell:Creating environment hook '/home/xs/UAV/install/object_detector/share/object_detector/hook/pythonpath.sh'
[1.506s] Level 1:colcon.colcon_core.environment:checking '/home/xs/UAV/install/object_detector/bin'
[1.506s] Level 1:colcon.colcon_core.environment:create_environment_scripts_only(object_detector)
[1.506s] INFO:colcon.colcon_core.shell:Creating package script '/home/xs/UAV/install/object_detector/share/object_detector/package.ps1'
[1.506s] INFO:colcon.colcon_core.shell:Creating package descriptor '/home/xs/UAV/install/object_detector/share/object_detector/package.dsv'
[1.506s] INFO:colcon.colcon_core.shell:Creating package script '/home/xs/UAV/install/object_detector/share/object_detector/package.sh'
[1.507s] INFO:colcon.colcon_core.shell:Creating package script '/home/xs/UAV/install/object_detector/share/object_detector/package.bash'
[1.507s] INFO:colcon.colcon_core.shell:Creating package script '/home/xs/UAV/install/object_detector/share/object_detector/package.zsh'
[1.507s] Level 1:colcon.colcon_core.environment:create_file_with_runtime_dependencies(/home/xs/UAV/install/object_detector/share/colcon-core/packages/object_detector)
[1.507s] Level 1:colcon.colcon_core.environment:checking '/home/xs/UAV/install/tf_converter' for CMake module files
[1.508s] Level 1:colcon.colcon_core.environment:checking '/home/xs/UAV/install/tf_converter' for CMake config files
[1.508s] DEBUG:colcon.colcon_core.event_handler.log_command:Invoked command in '/home/xs/UAV/ROS2/tf_converter' returned '0': PYTHONPATH=/home/xs/UAV/build/tf_converter/prefix_override:/home/xs/UAV/install/tf_converter/lib/python3.8/site-packages:${PYTHONPATH} /usr/bin/python3 -W ignore:setup.py install is deprecated setup.py egg_info --egg-base ../../build/tf_converter build --build-base /home/xs/UAV/build/tf_converter/build install --record /home/xs/UAV/build/tf_converter/install.log --single-version-externally-managed install_data
[1.509s] Level 1:colcon.colcon_core.environment:checking '/home/xs/UAV/install/tf_converter/lib'
[1.509s] Level 1:colcon.colcon_core.environment:checking '/home/xs/UAV/install/tf_converter/bin'
[1.509s] Level 1:colcon.colcon_core.environment:checking '/home/xs/UAV/install/tf_converter/lib/pkgconfig/tf_converter.pc'
[1.509s] Level 1:colcon.colcon_core.environment:checking '/home/xs/UAV/install/tf_converter/lib/python3.8/site-packages'
[1.509s] Level 1:colcon.colcon_core.shell:create_environment_hook('tf_converter', 'pythonpath')
[1.509s] INFO:colcon.colcon_core.shell:Creating environment hook '/home/xs/UAV/install/tf_converter/share/tf_converter/hook/pythonpath.ps1'
[1.509s] INFO:colcon.colcon_core.shell:Creating environment descriptor '/home/xs/UAV/install/tf_converter/share/tf_converter/hook/pythonpath.dsv'
[1.510s] INFO:colcon.colcon_core.shell:Creating environment hook '/home/xs/UAV/install/tf_converter/share/tf_converter/hook/pythonpath.sh'
[1.510s] Level 1:colcon.colcon_core.environment:checking '/home/xs/UAV/install/tf_converter/bin'
[1.510s] Level 1:colcon.colcon_core.environment:create_environment_scripts_only(tf_converter)
[1.510s] INFO:colcon.colcon_core.shell:Creating package script '/home/xs/UAV/install/tf_converter/share/tf_converter/package.ps1'
[1.510s] INFO:colcon.colcon_core.shell:Creating package descriptor '/home/xs/UAV/install/tf_converter/share/tf_converter/package.dsv'
[1.511s] INFO:colcon.colcon_core.shell:Creating package script '/home/xs/UAV/install/tf_converter/share/tf_converter/package.sh'
[1.511s] INFO:colcon.colcon_core.shell:Creating package script '/home/xs/UAV/install/tf_converter/share/tf_converter/package.bash'
[1.511s] INFO:colcon.colcon_core.shell:Creating package script '/home/xs/UAV/install/tf_converter/share/tf_converter/package.zsh'
[1.511s] Level 1:colcon.colcon_core.environment:create_file_with_runtime_dependencies(/home/xs/UAV/install/tf_converter/share/colcon-core/packages/tf_converter)
[6.197s] DEBUG:colcon.colcon_core.event_handler.log_command:Invoked command in '/home/xs/UAV/build/nmea_msgs' returned '0': CMAKE_PREFIX_PATH=${CMAKE_PREFIX_PATH}:/home/xs/UAV/ROS2/install/tf_converter:/home/xs/UAV/ROS2/install/object_detector:/home/xs/UAV/ROS2/install/gps_handler:/home/xs/UAV/ROS2/install/ctrl_relayer:/opt/ros/galactic /usr/bin/cmake --build /home/xs/UAV/build/nmea_msgs -- -j8 -l8
[6.284s] DEBUG:colcon.colcon_core.event_handler.log_command:Invoking command in '/home/xs/UAV/build/nmea_msgs': CMAKE_PREFIX_PATH=${CMAKE_PREFIX_PATH}:/home/xs/UAV/ROS2/install/tf_converter:/home/xs/UAV/ROS2/install/object_detector:/home/xs/UAV/ROS2/install/gps_handler:/home/xs/UAV/ROS2/install/ctrl_relayer:/opt/ros/galactic /usr/bin/cmake --install /home/xs/UAV/build/nmea_msgs
[6.329s] Level 1:colcon.colcon_core.environment:create_environment_scripts_only(nmea_msgs)
[6.329s] Level 1:colcon.colcon_core.environment:checking '/home/xs/UAV/install/nmea_msgs' for CMake module files
[6.330s] DEBUG:colcon.colcon_core.event_handler.log_command:Invoked command in '/home/xs/UAV/build/nmea_msgs' returned '0': CMAKE_PREFIX_PATH=${CMAKE_PREFIX_PATH}:/home/xs/UAV/ROS2/install/tf_converter:/home/xs/UAV/ROS2/install/object_detector:/home/xs/UAV/ROS2/install/gps_handler:/home/xs/UAV/ROS2/install/ctrl_relayer:/opt/ros/galactic /usr/bin/cmake --install /home/xs/UAV/build/nmea_msgs
[6.330s] Level 1:colcon.colcon_core.environment:checking '/home/xs/UAV/install/nmea_msgs' for CMake config files
[6.330s] Level 1:colcon.colcon_core.shell:create_environment_hook('nmea_msgs', 'cmake_prefix_path')
[6.330s] INFO:colcon.colcon_core.shell:Creating environment hook '/home/xs/UAV/install/nmea_msgs/share/nmea_msgs/hook/cmake_prefix_path.ps1'
[6.331s] INFO:colcon.colcon_core.shell:Creating environment descriptor '/home/xs/UAV/install/nmea_msgs/share/nmea_msgs/hook/cmake_prefix_path.dsv'
[6.331s] INFO:colcon.colcon_core.shell:Creating environment hook '/home/xs/UAV/install/nmea_msgs/share/nmea_msgs/hook/cmake_prefix_path.sh'
[6.331s] Level 1:colcon.colcon_core.environment:checking '/home/xs/UAV/install/nmea_msgs/lib'
[6.331s] Level 1:colcon.colcon_core.shell:create_environment_hook('nmea_msgs', 'ld_library_path_lib')
[6.331s] INFO:colcon.colcon_core.shell:Creating environment hook '/home/xs/UAV/install/nmea_msgs/share/nmea_msgs/hook/ld_library_path_lib.ps1'
[6.332s] INFO:colcon.colcon_core.shell:Creating environment descriptor '/home/xs/UAV/install/nmea_msgs/share/nmea_msgs/hook/ld_library_path_lib.dsv'
[6.332s] INFO:colcon.colcon_core.shell:Creating environment hook '/home/xs/UAV/install/nmea_msgs/share/nmea_msgs/hook/ld_library_path_lib.sh'
[6.332s] Level 1:colcon.colcon_core.environment:checking '/home/xs/UAV/install/nmea_msgs/bin'
[6.332s] Level 1:colcon.colcon_core.environment:checking '/home/xs/UAV/install/nmea_msgs/lib/pkgconfig/nmea_msgs.pc'
[6.332s] Level 1:colcon.colcon_core.environment:checking '/home/xs/UAV/install/nmea_msgs/lib/python3.8/site-packages'
[6.332s] Level 1:colcon.colcon_core.shell:create_environment_hook('nmea_msgs', 'pythonpath')
[6.332s] INFO:colcon.colcon_core.shell:Creating environment hook '/home/xs/UAV/install/nmea_msgs/share/nmea_msgs/hook/pythonpath.ps1'
[6.333s] INFO:colcon.colcon_core.shell:Creating environment descriptor '/home/xs/UAV/install/nmea_msgs/share/nmea_msgs/hook/pythonpath.dsv'
[6.333s] INFO:colcon.colcon_core.shell:Creating environment hook '/home/xs/UAV/install/nmea_msgs/share/nmea_msgs/hook/pythonpath.sh'
[6.333s] Level 1:colcon.colcon_core.environment:checking '/home/xs/UAV/install/nmea_msgs/bin'
[6.333s] INFO:colcon.colcon_core.shell:Creating package script '/home/xs/UAV/install/nmea_msgs/share/nmea_msgs/package.ps1'
[6.334s] INFO:colcon.colcon_core.shell:Creating package descriptor '/home/xs/UAV/install/nmea_msgs/share/nmea_msgs/package.dsv'
[6.334s] INFO:colcon.colcon_core.shell:Creating package script '/home/xs/UAV/install/nmea_msgs/share/nmea_msgs/package.sh'
[6.334s] INFO:colcon.colcon_core.shell:Creating package script '/home/xs/UAV/install/nmea_msgs/share/nmea_msgs/package.bash'
[6.334s] INFO:colcon.colcon_core.shell:Creating package script '/home/xs/UAV/install/nmea_msgs/share/nmea_msgs/package.zsh'
[6.335s] Level 1:colcon.colcon_core.environment:create_file_with_runtime_dependencies(/home/xs/UAV/install/nmea_msgs/share/colcon-core/packages/nmea_msgs)
[6.415s] Level 1:colcon.colcon_core.environment:create_environment_scripts_only(nmea_msgs)
[6.415s] Level 1:colcon.colcon_core.environment:checking '/home/xs/UAV/install/nmea_msgs' for CMake module files
[6.416s] Level 1:colcon.colcon_core.environment:checking '/home/xs/UAV/install/nmea_msgs' for CMake config files
[6.416s] Level 1:colcon.colcon_core.shell:create_environment_hook('nmea_msgs', 'cmake_prefix_path')
[6.416s] INFO:colcon.colcon_core.shell:Creating environment hook '/home/xs/UAV/install/nmea_msgs/share/nmea_msgs/hook/cmake_prefix_path.ps1'
[6.417s] INFO:colcon.colcon_core.shell:Creating environment descriptor '/home/xs/UAV/install/nmea_msgs/share/nmea_msgs/hook/cmake_prefix_path.dsv'
[6.417s] INFO:colcon.colcon_core.shell:Creating environment hook '/home/xs/UAV/install/nmea_msgs/share/nmea_msgs/hook/cmake_prefix_path.sh'
[6.417s] Level 1:colcon.colcon_core.environment:checking '/home/xs/UAV/install/nmea_msgs/lib'
[6.417s] Level 1:colcon.colcon_core.shell:create_environment_hook('nmea_msgs', 'ld_library_path_lib')
[6.418s] INFO:colcon.colcon_core.shell:Creating environment hook '/home/xs/UAV/install/nmea_msgs/share/nmea_msgs/hook/ld_library_path_lib.ps1'
[6.418s] INFO:colcon.colcon_core.shell:Creating environment descriptor '/home/xs/UAV/install/nmea_msgs/share/nmea_msgs/hook/ld_library_path_lib.dsv'
[6.418s] INFO:colcon.colcon_core.shell:Creating environment hook '/home/xs/UAV/install/nmea_msgs/share/nmea_msgs/hook/ld_library_path_lib.sh'
[6.418s] Level 1:colcon.colcon_core.environment:checking '/home/xs/UAV/install/nmea_msgs/bin'
[6.418s] Level 1:colcon.colcon_core.environment:checking '/home/xs/UAV/install/nmea_msgs/lib/pkgconfig/nmea_msgs.pc'
[6.418s] Level 1:colcon.colcon_core.environment:checking '/home/xs/UAV/install/nmea_msgs/lib/python3.8/site-packages'
[6.418s] Level 1:colcon.colcon_core.shell:create_environment_hook('nmea_msgs', 'pythonpath')
[6.419s] INFO:colcon.colcon_core.shell:Creating environment hook '/home/xs/UAV/install/nmea_msgs/share/nmea_msgs/hook/pythonpath.ps1'
[6.419s] INFO:colcon.colcon_core.shell:Creating environment descriptor '/home/xs/UAV/install/nmea_msgs/share/nmea_msgs/hook/pythonpath.dsv'
[6.419s] INFO:colcon.colcon_core.shell:Creating environment hook '/home/xs/UAV/install/nmea_msgs/share/nmea_msgs/hook/pythonpath.sh'
[6.419s] Level 1:colcon.colcon_core.environment:checking '/home/xs/UAV/install/nmea_msgs/bin'
[6.420s] INFO:colcon.colcon_core.shell:Creating package script '/home/xs/UAV/install/nmea_msgs/share/nmea_msgs/package.ps1'
[6.420s] INFO:colcon.colcon_core.shell:Creating package descriptor '/home/xs/UAV/install/nmea_msgs/share/nmea_msgs/package.dsv'
[6.420s] INFO:colcon.colcon_core.shell:Creating package script '/home/xs/UAV/install/nmea_msgs/share/nmea_msgs/package.sh'
[6.421s] INFO:colcon.colcon_core.shell:Creating package script '/home/xs/UAV/install/nmea_msgs/share/nmea_msgs/package.bash'
[6.421s] INFO:colcon.colcon_core.shell:Creating package script '/home/xs/UAV/install/nmea_msgs/share/nmea_msgs/package.zsh'
[6.421s] Level 1:colcon.colcon_core.environment:create_file_with_runtime_dependencies(/home/xs/UAV/install/nmea_msgs/share/colcon-core/packages/nmea_msgs)
[6.421s] INFO:colcon.colcon_ros.task.ament_python.build:Building ROS package in '/home/xs/UAV/ROS2/gps_handler' with build type 'ament_python'
[6.422s] Level 1:colcon.colcon_core.shell:create_environment_hook('gps_handler', 'ament_prefix_path')
[6.422s] INFO:colcon.colcon_core.shell:Creating environment hook '/home/xs/UAV/install/gps_handler/share/gps_handler/hook/ament_prefix_path.ps1'
[6.422s] INFO:colcon.colcon_core.shell:Creating environment descriptor '/home/xs/UAV/install/gps_handler/share/gps_handler/hook/ament_prefix_path.dsv'
[6.422s] INFO:colcon.colcon_core.shell:Creating environment hook '/home/xs/UAV/install/gps_handler/share/gps_handler/hook/ament_prefix_path.sh'
[6.423s] INFO:colcon.colcon_core.shell:Skip shell extension 'powershell' for command environment: Not usable outside of PowerShell
[6.423s] DEBUG:colcon.colcon_core.shell:Skip shell extension 'dsv' for command environment
[6.589s] INFO:colcon.colcon_core.task.python.build:Building Python package in '/home/xs/UAV/ROS2/gps_handler'
[6.589s] INFO:colcon.colcon_core.shell:Skip shell extension 'powershell' for command environment: Not usable outside of PowerShell
[6.589s] DEBUG:colcon.colcon_core.shell:Skip shell extension 'dsv' for command environment
[6.880s] DEBUG:colcon.colcon_core.event_handler.log_command:Invoking command in '/home/xs/UAV/ROS2/gps_handler': AMENT_PREFIX_PATH=/home/xs/UAV/install/nmea_msgs:${AMENT_PREFIX_PATH} CMAKE_PREFIX_PATH=/home/xs/UAV/install/nmea_msgs:${CMAKE_PREFIX_PATH} LD_LIBRARY_PATH=/home/xs/UAV/install/nmea_msgs/lib:${LD_LIBRARY_PATH} PYTHONPATH=/home/xs/UAV/build/gps_handler/prefix_override:/home/xs/UAV/install/gps_handler/lib/python3.8/site-packages:/home/xs/UAV/install/nmea_msgs/lib/python3.8/site-packages:${PYTHONPATH} /usr/bin/python3 -W ignore:setup.py install is deprecated setup.py egg_info --egg-base ../../build/gps_handler build --build-base /home/xs/UAV/build/gps_handler/build install --record /home/xs/UAV/build/gps_handler/install.log --single-version-externally-managed install_data
[7.092s] Level 1:colcon.colcon_core.environment:checking '/home/xs/UAV/install/gps_handler' for CMake module files
[7.093s] DEBUG:colcon.colcon_core.event_handler.log_command:Invoked command in '/home/xs/UAV/ROS2/gps_handler' returned '0': AMENT_PREFIX_PATH=/home/xs/UAV/install/nmea_msgs:${AMENT_PREFIX_PATH} CMAKE_PREFIX_PATH=/home/xs/UAV/install/nmea_msgs:${CMAKE_PREFIX_PATH} LD_LIBRARY_PATH=/home/xs/UAV/install/nmea_msgs/lib:${LD_LIBRARY_PATH} PYTHONPATH=/home/xs/UAV/build/gps_handler/prefix_override:/home/xs/UAV/install/gps_handler/lib/python3.8/site-packages:/home/xs/UAV/install/nmea_msgs/lib/python3.8/site-packages:${PYTHONPATH} /usr/bin/python3 -W ignore:setup.py install is deprecated setup.py egg_info --egg-base ../../build/gps_handler build --build-base /home/xs/UAV/build/gps_handler/build install --record /home/xs/UAV/build/gps_handler/install.log --single-version-externally-managed install_data
[7.093s] Level 1:colcon.colcon_core.environment:checking '/home/xs/UAV/install/gps_handler' for CMake config files
[7.093s] Level 1:colcon.colcon_core.environment:checking '/home/xs/UAV/install/gps_handler/lib'
[7.093s] Level 1:colcon.colcon_core.environment:checking '/home/xs/UAV/install/gps_handler/bin'
[7.093s] Level 1:colcon.colcon_core.environment:checking '/home/xs/UAV/install/gps_handler/lib/pkgconfig/gps_handler.pc'
[7.093s] Level 1:colcon.colcon_core.environment:checking '/home/xs/UAV/install/gps_handler/lib/python3.8/site-packages'
[7.093s] Level 1:colcon.colcon_core.shell:create_environment_hook('gps_handler', 'pythonpath')
[7.094s] INFO:colcon.colcon_core.shell:Creating environment hook '/home/xs/UAV/install/gps_handler/share/gps_handler/hook/pythonpath.ps1'
[7.094s] INFO:colcon.colcon_core.shell:Creating environment descriptor '/home/xs/UAV/install/gps_handler/share/gps_handler/hook/pythonpath.dsv'
[7.094s] INFO:colcon.colcon_core.shell:Creating environment hook '/home/xs/UAV/install/gps_handler/share/gps_handler/hook/pythonpath.sh'
[7.094s] Level 1:colcon.colcon_core.environment:checking '/home/xs/UAV/install/gps_handler/bin'
[7.094s] Level 1:colcon.colcon_core.environment:create_environment_scripts_only(gps_handler)
[7.095s] INFO:colcon.colcon_core.shell:Creating package script '/home/xs/UAV/install/gps_handler/share/gps_handler/package.ps1'
[7.095s] INFO:colcon.colcon_core.shell:Creating package descriptor '/home/xs/UAV/install/gps_handler/share/gps_handler/package.dsv'
[7.095s] INFO:colcon.colcon_core.shell:Creating package script '/home/xs/UAV/install/gps_handler/share/gps_handler/package.sh'
[7.095s] INFO:colcon.colcon_core.shell:Creating package script '/home/xs/UAV/install/gps_handler/share/gps_handler/package.bash'
[7.095s] INFO:colcon.colcon_core.shell:Creating package script '/home/xs/UAV/install/gps_handler/share/gps_handler/package.zsh'
[7.096s] Level 1:colcon.colcon_core.environment:create_file_with_runtime_dependencies(/home/xs/UAV/install/gps_handler/share/colcon-core/packages/gps_handler)
[7.096s] DEBUG:colcon.colcon_parallel_executor.executor.parallel:closing loop
[7.096s] DEBUG:colcon.colcon_parallel_executor.executor.parallel:loop closed
[7.096s] DEBUG:colcon.colcon_parallel_executor.executor.parallel:run_until_complete finished with '0'
[7.096s] DEBUG:colcon.colcon_core.event_reactor:joining thread
[7.100s] INFO:colcon.colcon_core.plugin_system:Skipping extension 'colcon_notification.desktop_notification.terminal_notifier': Not used on non-Darwin systems
[7.100s] INFO:colcon.colcon_core.plugin_system:Skipping extension 'colcon_notification.desktop_notification.win32': Not used on non-Windows systems
[7.100s] INFO:colcon.colcon_notification.desktop_notification:Sending desktop notification using 'notify2'
[7.101s] DEBUG:colcon.colcon_notification.desktop_notification.notify2:Failed to initialize notify2: org.freedesktop.DBus.Error.ServiceUnknown: The name org.freedesktop.Notifications was not provided by any .service files
[7.101s] DEBUG:colcon.colcon_core.event_reactor:joined thread
[7.101s] INFO:colcon.colcon_core.shell:Creating prefix script '/home/xs/UAV/install/local_setup.ps1'
[7.102s] INFO:colcon.colcon_core.shell:Creating prefix util module '/home/xs/UAV/install/_local_setup_util_ps1.py'
[7.103s] INFO:colcon.colcon_core.shell:Creating prefix chain script '/home/xs/UAV/install/setup.ps1'
[7.104s] INFO:colcon.colcon_core.shell:Creating prefix script '/home/xs/UAV/install/local_setup.sh'
[7.104s] INFO:colcon.colcon_core.shell:Creating prefix util module '/home/xs/UAV/install/_local_setup_util_sh.py'
[7.104s] INFO:colcon.colcon_core.shell:Creating prefix chain script '/home/xs/UAV/install/setup.sh'
[7.105s] INFO:colcon.colcon_core.shell:Creating prefix script '/home/xs/UAV/install/local_setup.bash'
[7.105s] INFO:colcon.colcon_core.shell:Creating prefix chain script '/home/xs/UAV/install/setup.bash'
[7.106s] INFO:colcon.colcon_core.shell:Creating prefix script '/home/xs/UAV/install/local_setup.zsh'
[7.106s] INFO:colcon.colcon_core.shell:Creating prefix chain script '/home/xs/UAV/install/setup.zsh'
