[0.008s] Invoking command in '/home/x650/UAV/ROS2/build/location_msgs': CMAKE_PREFIX_PATH=/opt/ros/humble /usr/bin/cmake --build /home/x650/UAV/ROS2/build/location_msgs -- -j16 -l16
[0.053s] -- Found ament_cmake: 1.3.10 (/opt/ros/humble/share/ament_cmake/cmake)
[0.177s] -- Found rosidl_default_generators: 1.2.0 (/opt/ros/humble/share/rosidl_default_generators/cmake)
[0.180s] -- Using all available rosidl_typesupport_c: rosidl_typesupport_fastrtps_c;rosidl_typesupport_introspection_c
[0.185s] -- Found rosidl_adapter: 3.1.5 (/opt/ros/humble/share/rosidl_adapter/cmake)
[0.227s] -- Using all available rosidl_typesupport_cpp: rosidl_typesupport_fastrtps_cpp;rosidl_typesupport_introspection_cpp
[0.258s] -- Found std_msgs: 4.2.4 (/opt/ros/humble/share/std_msgs/cmake)
[0.282s] -- Found sensor_msgs: 4.2.4 (/opt/ros/humble/share/sensor_msgs/cmake)
[0.563s] -- Found ament_cmake_ros: 0.10.0 (/opt/ros/humble/share/ament_cmake_ros/cmake)
[0.817s] -- Using all available rosidl_typesupport_c: rosidl_typesupport_fastrtps_c;rosidl_typesupport_introspection_c
[1.086s] -- Using all available rosidl_typesupport_cpp: rosidl_typesupport_fastrtps_cpp;rosidl_typesupport_introspection_cpp
[1.108s] -- Found python_cmake_module: 0.10.0 (/opt/ros/humble/share/python_cmake_module/cmake)
[1.125s] -- Using PYTHON_EXECUTABLE: /usr/bin/python3
[1.125s] -- Using PYTHON_INCLUDE_DIRS: /usr/include/python3.10
[1.125s] -- Using PYTHON_LIBRARIES: /usr/lib/x86_64-linux-gnu/libpython3.10.so
[1.166s] -- Configuring done
[1.198s] -- Generating done
[1.200s] -- Build files have been written to: /home/x650/UAV/ROS2/build/location_msgs
[1.218s] [  1%] [34m[1mGenerating C code for ROS interfaces[0m
[1.230s] [  2%] [34m[1mGenerating C++ code for ROS interfaces[0m
[1.243s] [  2%] Built target ament_cmake_python_copy_location_msgs
[1.382s] running egg_info
[1.391s] writing location_msgs.egg-info/PKG-INFO
[1.391s] writing dependency_links to location_msgs.egg-info/dependency_links.txt
[1.391s] writing top-level names to location_msgs.egg-info/top_level.txt
[1.418s] reading manifest file 'location_msgs.egg-info/SOURCES.txt'
[1.419s] writing manifest file 'location_msgs.egg-info/SOURCES.txt'
[1.439s] [  2%] Built target ament_cmake_python_build_location_msgs_egg
[1.526s] [  2%] Built target location_msgs__cpp
[1.537s] [  4%] [34m[1mGenerating C++ type support dispatch for ROS interfaces[0m
[1.537s] [  5%] [34m[1mGenerating C++ type support for eProsima Fast-RTPS[0m
[1.537s] [  7%] [34m[1mGenerating C++ introspection for ROS interfaces[0m
[1.542s] [35m[1mConsolidate compiler generated dependencies of target location_msgs__rosidl_generator_c[0m
[1.556s] [ 11%] [32mBuilding C object CMakeFiles/location_msgs__rosidl_generator_c.dir/rosidl_generator_c/location_msgs/msg/detail/defect_box__functions.c.o[0m
[1.556s] [ 11%] [32mBuilding C object CMakeFiles/location_msgs__rosidl_generator_c.dir/rosidl_generator_c/location_msgs/msg/detail/mix__functions.c.o[0m
[1.556s] [  9%] [32mBuilding C object CMakeFiles/location_msgs__rosidl_generator_c.dir/rosidl_generator_c/location_msgs/msg/detail/yaw__functions.c.o[0m
[1.559s] [ 14%] [32mBuilding C object CMakeFiles/location_msgs__rosidl_generator_c.dir/rosidl_generator_c/location_msgs/msg/detail/defects__functions.c.o[0m
[1.559s] [ 14%] [32mBuilding C object CMakeFiles/location_msgs__rosidl_generator_c.dir/rosidl_generator_c/location_msgs/msg/detail/pixel_point__functions.c.o[0m
[1.559s] [ 15%] [32mBuilding C object CMakeFiles/location_msgs__rosidl_generator_c.dir/rosidl_generator_c/location_msgs/msg/detail/panel_box__functions.c.o[0m
[1.630s] [ 16%] [32m[1mLinking C shared library liblocation_msgs__rosidl_generator_c.so[0m
[1.674s] [ 16%] Built target location_msgs__rosidl_generator_c
[1.681s] [ 18%] [34m[1mGenerating C type support for eProsima Fast-RTPS[0m
[1.686s] [ 19%] [34m[1mGenerating C introspection for ROS interfaces[0m
[1.686s] [ 21%] [34m[1mGenerating C type support dispatch for ROS interfaces[0m
[1.747s] [35m[1mConsolidate compiler generated dependencies of target location_msgs__rosidl_typesupport_cpp[0m
[1.762s] [ 22%] [32mBuilding CXX object CMakeFiles/location_msgs__rosidl_typesupport_cpp.dir/rosidl_typesupport_cpp/location_msgs/msg/defect_box__type_support.cpp.o[0m
[1.763s] [ 23%] [32mBuilding CXX object CMakeFiles/location_msgs__rosidl_typesupport_cpp.dir/rosidl_typesupport_cpp/location_msgs/msg/panel_box__type_support.cpp.o[0m
[1.763s] [ 25%] [32mBuilding CXX object CMakeFiles/location_msgs__rosidl_typesupport_cpp.dir/rosidl_typesupport_cpp/location_msgs/msg/yaw__type_support.cpp.o[0m
[1.764s] [ 26%] [32mBuilding CXX object CMakeFiles/location_msgs__rosidl_typesupport_cpp.dir/rosidl_typesupport_cpp/location_msgs/msg/mix__type_support.cpp.o[0m
[1.764s] [ 28%] [32mBuilding CXX object CMakeFiles/location_msgs__rosidl_typesupport_cpp.dir/rosidl_typesupport_cpp/location_msgs/msg/pixel_point__type_support.cpp.o[0m
[1.764s] [ 29%] [32mBuilding CXX object CMakeFiles/location_msgs__rosidl_typesupport_cpp.dir/rosidl_typesupport_cpp/location_msgs/msg/defects__type_support.cpp.o[0m
[1.818s] [35m[1mConsolidate compiler generated dependencies of target location_msgs__rosidl_typesupport_fastrtps_cpp[0m
[1.819s] [35m[1mConsolidate compiler generated dependencies of target location_msgs__rosidl_typesupport_introspection_cpp[0m
[1.833s] [ 30%] [32mBuilding CXX object CMakeFiles/location_msgs__rosidl_typesupport_introspection_cpp.dir/rosidl_typesupport_introspection_cpp/location_msgs/msg/detail/mix__type_support.cpp.o[0m
[1.833s] [ 33%] [32mBuilding CXX object CMakeFiles/location_msgs__rosidl_typesupport_introspection_cpp.dir/rosidl_typesupport_introspection_cpp/location_msgs/msg/detail/defect_box__type_support.cpp.o[0m
[1.834s] [ 32%] [32mBuilding CXX object CMakeFiles/location_msgs__rosidl_typesupport_introspection_cpp.dir/rosidl_typesupport_introspection_cpp/location_msgs/msg/detail/pixel_point__type_support.cpp.o[0m
[1.834s] [ 36%] [32mBuilding CXX object CMakeFiles/location_msgs__rosidl_typesupport_fastrtps_cpp.dir/rosidl_typesupport_fastrtps_cpp/location_msgs/msg/detail/dds_fastrtps/pixel_point__type_support.cpp.o[0m
[1.834s] [ 36%] [32mBuilding CXX object CMakeFiles/location_msgs__rosidl_typesupport_fastrtps_cpp.dir/rosidl_typesupport_fastrtps_cpp/location_msgs/msg/detail/dds_fastrtps/mix__type_support.cpp.o[0m
[1.835s] [ 39%] [32mBuilding CXX object CMakeFiles/location_msgs__rosidl_typesupport_introspection_cpp.dir/rosidl_typesupport_introspection_cpp/location_msgs/msg/detail/defects__type_support.cpp.o[0m
[1.835s] [ 39%] [32mBuilding CXX object CMakeFiles/location_msgs__rosidl_typesupport_fastrtps_cpp.dir/rosidl_typesupport_fastrtps_cpp/location_msgs/msg/detail/dds_fastrtps/defect_box__type_support.cpp.o[0m
[2.089s] [35m[1mConsolidate compiler generated dependencies of target location_msgs__rosidl_typesupport_c[0m
[2.105s] [ 40%] [32mBuilding CXX object CMakeFiles/location_msgs__rosidl_typesupport_c.dir/rosidl_typesupport_c/location_msgs/msg/mix__type_support.cpp.o[0m
[2.166s] [ 42%] [32mBuilding CXX object CMakeFiles/location_msgs__rosidl_typesupport_introspection_cpp.dir/rosidl_typesupport_introspection_cpp/location_msgs/msg/detail/yaw__type_support.cpp.o[0m
[2.166s] [ 43%] [32mBuilding CXX object CMakeFiles/location_msgs__rosidl_typesupport_fastrtps_cpp.dir/rosidl_typesupport_fastrtps_cpp/location_msgs/msg/detail/dds_fastrtps/defects__type_support.cpp.o[0m
[2.167s] [ 46%] [32mBuilding CXX object CMakeFiles/location_msgs__rosidl_typesupport_c.dir/rosidl_typesupport_c/location_msgs/msg/pixel_point__type_support.cpp.o[0m
[2.167s] [ 46%] [32mBuilding CXX object CMakeFiles/location_msgs__rosidl_typesupport_c.dir/rosidl_typesupport_c/location_msgs/msg/defect_box__type_support.cpp.o[0m
[2.176s] [ 47%] [32mBuilding CXX object CMakeFiles/location_msgs__rosidl_typesupport_fastrtps_cpp.dir/rosidl_typesupport_fastrtps_cpp/location_msgs/msg/detail/dds_fastrtps/yaw__type_support.cpp.o[0m
[2.196s] [ 49%] [32mBuilding CXX object CMakeFiles/location_msgs__rosidl_typesupport_fastrtps_cpp.dir/rosidl_typesupport_fastrtps_cpp/location_msgs/msg/detail/dds_fastrtps/panel_box__type_support.cpp.o[0m
[2.205s] [ 50%] [32m[1mLinking CXX shared library liblocation_msgs__rosidl_typesupport_cpp.so[0m
[2.210s] [ 52%] [32mBuilding CXX object CMakeFiles/location_msgs__rosidl_typesupport_c.dir/rosidl_typesupport_c/location_msgs/msg/defects__type_support.cpp.o[0m
[2.214s] [35m[1mConsolidate compiler generated dependencies of target location_msgs__rosidl_typesupport_introspection_c[0m
[2.225s] [ 53%] [32mBuilding CXX object CMakeFiles/location_msgs__rosidl_typesupport_c.dir/rosidl_typesupport_c/location_msgs/msg/yaw__type_support.cpp.o[0m
[2.236s] [35m[1mConsolidate compiler generated dependencies of target location_msgs__rosidl_typesupport_fastrtps_c[0m
[2.238s] [ 54%] [32mBuilding C object CMakeFiles/location_msgs__rosidl_typesupport_introspection_c.dir/rosidl_typesupport_introspection_c/location_msgs/msg/detail/mix__type_support.c.o[0m
[2.250s] [ 56%] [32mBuilding CXX object CMakeFiles/location_msgs__rosidl_typesupport_introspection_cpp.dir/rosidl_typesupport_introspection_cpp/location_msgs/msg/detail/panel_box__type_support.cpp.o[0m
[2.258s] [ 57%] [32mBuilding CXX object CMakeFiles/location_msgs__rosidl_typesupport_fastrtps_c.dir/rosidl_typesupport_fastrtps_c/location_msgs/msg/detail/mix__type_support_c.cpp.o[0m
[2.273s] [ 59%] [32mBuilding CXX object CMakeFiles/location_msgs__rosidl_typesupport_c.dir/rosidl_typesupport_c/location_msgs/msg/panel_box__type_support.cpp.o[0m
[2.292s] [ 59%] Built target location_msgs__rosidl_typesupport_cpp
[2.302s] [ 60%] [32mBuilding C object CMakeFiles/location_msgs__rosidl_typesupport_introspection_c.dir/rosidl_typesupport_introspection_c/location_msgs/msg/detail/pixel_point__type_support.c.o[0m
[2.302s] [ 61%] [32mBuilding C object CMakeFiles/location_msgs__rosidl_typesupport_introspection_c.dir/rosidl_typesupport_introspection_c/location_msgs/msg/detail/defect_box__type_support.c.o[0m
[2.311s] [ 63%] [32m[1mLinking CXX shared library liblocation_msgs__rosidl_typesupport_c.so[0m
[2.341s] [ 64%] [32mBuilding CXX object CMakeFiles/location_msgs__rosidl_typesupport_fastrtps_c.dir/rosidl_typesupport_fastrtps_c/location_msgs/msg/detail/pixel_point__type_support_c.cpp.o[0m
[2.341s] [ 66%] [32mBuilding C object CMakeFiles/location_msgs__rosidl_typesupport_introspection_c.dir/rosidl_typesupport_introspection_c/location_msgs/msg/detail/defects__type_support.c.o[0m
[2.355s] [ 67%] [32mBuilding C object CMakeFiles/location_msgs__rosidl_typesupport_introspection_c.dir/rosidl_typesupport_introspection_c/location_msgs/msg/detail/yaw__type_support.c.o[0m
[2.355s] [ 69%] [32mBuilding CXX object CMakeFiles/location_msgs__rosidl_typesupport_fastrtps_c.dir/rosidl_typesupport_fastrtps_c/location_msgs/msg/detail/defect_box__type_support_c.cpp.o[0m
[2.366s] [ 70%] [32mBuilding CXX object CMakeFiles/location_msgs__rosidl_typesupport_fastrtps_c.dir/rosidl_typesupport_fastrtps_c/location_msgs/msg/detail/yaw__type_support_c.cpp.o[0m
[2.370s] [ 71%] [32mBuilding CXX object CMakeFiles/location_msgs__rosidl_typesupport_fastrtps_c.dir/rosidl_typesupport_fastrtps_c/location_msgs/msg/detail/defects__type_support_c.cpp.o[0m
[2.379s] [ 71%] Built target location_msgs__rosidl_typesupport_c
[2.382s] [ 73%] [32mBuilding C object CMakeFiles/location_msgs__rosidl_typesupport_introspection_c.dir/rosidl_typesupport_introspection_c/location_msgs/msg/detail/panel_box__type_support.c.o[0m
[2.391s] [ 74%] [32mBuilding CXX object CMakeFiles/location_msgs__rosidl_typesupport_fastrtps_c.dir/rosidl_typesupport_fastrtps_c/location_msgs/msg/detail/panel_box__type_support_c.cpp.o[0m
[2.419s] [ 76%] [32m[1mLinking C shared library liblocation_msgs__rosidl_typesupport_introspection_c.so[0m
[2.472s] [ 76%] Built target location_msgs__rosidl_typesupport_introspection_c
[2.637s] [ 77%] [32m[1mLinking CXX shared library liblocation_msgs__rosidl_typesupport_fastrtps_cpp.so[0m
[2.675s] [ 78%] [32m[1mLinking CXX shared library liblocation_msgs__rosidl_typesupport_introspection_cpp.so[0m
[2.692s] [ 78%] Built target location_msgs__rosidl_typesupport_fastrtps_cpp
[2.733s] [ 78%] Built target location_msgs__rosidl_typesupport_introspection_cpp
[2.756s] [ 80%] [32m[1mLinking CXX shared library liblocation_msgs__rosidl_typesupport_fastrtps_c.so[0m
[2.829s] [ 80%] Built target location_msgs__rosidl_typesupport_fastrtps_c
[2.850s] [ 80%] Built target location_msgs
[2.881s] [ 81%] [34m[1mGenerating Python code for ROS interfaces[0m
[3.325s] [ 81%] Built target location_msgs__py
[3.336s] [35m[1mConsolidate compiler generated dependencies of target location_msgs__rosidl_generator_py[0m
[3.362s] [ 85%] [32mBuilding C object CMakeFiles/location_msgs__rosidl_generator_py.dir/rosidl_generator_py/location_msgs/msg/_defect_box_s.c.o[0m
[3.362s] [ 85%] [32mBuilding C object CMakeFiles/location_msgs__rosidl_generator_py.dir/rosidl_generator_py/location_msgs/msg/_defects_s.c.o[0m
[3.362s] [ 85%] [32mBuilding C object CMakeFiles/location_msgs__rosidl_generator_py.dir/rosidl_generator_py/location_msgs/msg/_mix_s.c.o[0m
[3.362s] [ 87%] [32mBuilding C object CMakeFiles/location_msgs__rosidl_generator_py.dir/rosidl_generator_py/location_msgs/msg/_yaw_s.c.o[0m
[3.362s] [ 88%] [32mBuilding C object CMakeFiles/location_msgs__rosidl_generator_py.dir/rosidl_generator_py/location_msgs/msg/_panel_box_s.c.o[0m
[3.364s] [ 90%] [32mBuilding C object CMakeFiles/location_msgs__rosidl_generator_py.dir/rosidl_generator_py/location_msgs/msg/_pixel_point_s.c.o[0m
[3.506s] [ 91%] [32m[1mLinking C shared library rosidl_generator_py/location_msgs/liblocation_msgs__rosidl_generator_py.so[0m
[3.557s] [ 91%] Built target location_msgs__rosidl_generator_py
[3.568s] [35m[1mConsolidate compiler generated dependencies of target location_msgs__rosidl_typesupport_c__pyext[0m
[3.568s] [35m[1mConsolidate compiler generated dependencies of target location_msgs__rosidl_typesupport_introspection_c__pyext[0m
[3.568s] [35m[1mConsolidate compiler generated dependencies of target location_msgs__rosidl_typesupport_fastrtps_c__pyext[0m
[3.578s] [ 94%] [32mBuilding C object CMakeFiles/location_msgs__rosidl_typesupport_c__pyext.dir/rosidl_generator_py/location_msgs/_location_msgs_s.ep.rosidl_typesupport_c.c.o[0m
[3.578s] [ 94%] [32mBuilding C object CMakeFiles/location_msgs__rosidl_typesupport_introspection_c__pyext.dir/rosidl_generator_py/location_msgs/_location_msgs_s.ep.rosidl_typesupport_introspection_c.c.o[0m
[3.578s] [ 95%] [32mBuilding C object CMakeFiles/location_msgs__rosidl_typesupport_fastrtps_c__pyext.dir/rosidl_generator_py/location_msgs/_location_msgs_s.ep.rosidl_typesupport_fastrtps_c.c.o[0m
[3.649s] [ 98%] [32m[1mLinking C shared library rosidl_generator_py/location_msgs/location_msgs_s__rosidl_typesupport_c.cpython-310-x86_64-linux-gnu.so[0m
[3.649s] [ 98%] [32m[1mLinking C shared library rosidl_generator_py/location_msgs/location_msgs_s__rosidl_typesupport_introspection_c.cpython-310-x86_64-linux-gnu.so[0m
[3.650s] [100%] [32m[1mLinking C shared library rosidl_generator_py/location_msgs/location_msgs_s__rosidl_typesupport_fastrtps_c.cpython-310-x86_64-linux-gnu.so[0m
[3.679s] [100%] Built target location_msgs__rosidl_typesupport_c__pyext
[3.679s] [100%] Built target location_msgs__rosidl_typesupport_introspection_c__pyext
[3.680s] [100%] Built target location_msgs__rosidl_typesupport_fastrtps_c__pyext
[3.688s] Invoked command in '/home/x650/UAV/ROS2/build/location_msgs' returned '0': CMAKE_PREFIX_PATH=/opt/ros/humble /usr/bin/cmake --build /home/x650/UAV/ROS2/build/location_msgs -- -j16 -l16
[3.826s] Invoking command in '/home/x650/UAV/ROS2/build/location_msgs': CMAKE_PREFIX_PATH=/opt/ros/humble /usr/bin/cmake --install /home/x650/UAV/ROS2/build/location_msgs
[3.833s] -- Install configuration: ""
[3.833s] -- Installing: /home/x650/UAV/ROS2/install/location_msgs/share/ament_index/resource_index/rosidl_interfaces/location_msgs
[3.833s] -- Up-to-date: /home/x650/UAV/ROS2/install/location_msgs/include/location_msgs/location_msgs
[3.833s] -- Up-to-date: /home/x650/UAV/ROS2/install/location_msgs/include/location_msgs/location_msgs/msg
[3.833s] -- Installing: /home/x650/UAV/ROS2/install/location_msgs/include/location_msgs/location_msgs/msg/defect_box.h
[3.833s] -- Installing: /home/x650/UAV/ROS2/install/location_msgs/include/location_msgs/location_msgs/msg/pixel_point.h
[3.833s] -- Installing: /home/x650/UAV/ROS2/install/location_msgs/include/location_msgs/location_msgs/msg/yaw.h
[3.833s] -- Up-to-date: /home/x650/UAV/ROS2/install/location_msgs/include/location_msgs/location_msgs/msg/detail
[3.833s] -- Installing: /home/x650/UAV/ROS2/install/location_msgs/include/location_msgs/location_msgs/msg/detail/panel_box__type_support.h
[3.833s] -- Installing: /home/x650/UAV/ROS2/install/location_msgs/include/location_msgs/location_msgs/msg/detail/defects__type_support.h
[3.834s] -- Installing: /home/x650/UAV/ROS2/install/location_msgs/include/location_msgs/location_msgs/msg/detail/mix__type_support.h
[3.834s] -- Installing: /home/x650/UAV/ROS2/install/location_msgs/include/location_msgs/location_msgs/msg/detail/mix__functions.h
[3.834s] -- Installing: /home/x650/UAV/ROS2/install/location_msgs/include/location_msgs/location_msgs/msg/detail/defects__functions.h
[3.834s] -- Installing: /home/x650/UAV/ROS2/install/location_msgs/include/location_msgs/location_msgs/msg/detail/pixel_point__functions.h
[3.834s] -- Installing: /home/x650/UAV/ROS2/install/location_msgs/include/location_msgs/location_msgs/msg/detail/panel_box__functions.h
[3.834s] -- Installing: /home/x650/UAV/ROS2/install/location_msgs/include/location_msgs/location_msgs/msg/detail/panel_box__struct.h
[3.834s] -- Installing: /home/x650/UAV/ROS2/install/location_msgs/include/location_msgs/location_msgs/msg/detail/pixel_point__type_support.h
[3.834s] -- Installing: /home/x650/UAV/ROS2/install/location_msgs/include/location_msgs/location_msgs/msg/detail/defect_box__struct.h
[3.834s] -- Installing: /home/x650/UAV/ROS2/install/location_msgs/include/location_msgs/location_msgs/msg/detail/mix__struct.h
[3.834s] -- Installing: /home/x650/UAV/ROS2/install/location_msgs/include/location_msgs/location_msgs/msg/detail/defect_box__functions.h
[3.834s] -- Installing: /home/x650/UAV/ROS2/install/location_msgs/include/location_msgs/location_msgs/msg/detail/defect_box__functions.c
[3.835s] -- Installing: /home/x650/UAV/ROS2/install/location_msgs/include/location_msgs/location_msgs/msg/detail/defects__functions.c
[3.835s] -- Installing: /home/x650/UAV/ROS2/install/location_msgs/include/location_msgs/location_msgs/msg/detail/defect_box__type_support.h
[3.835s] -- Installing: /home/x650/UAV/ROS2/install/location_msgs/include/location_msgs/location_msgs/msg/detail/yaw__type_support.h
[3.835s] -- Installing: /home/x650/UAV/ROS2/install/location_msgs/include/location_msgs/location_msgs/msg/detail/yaw__struct.h
[3.835s] -- Installing: /home/x650/UAV/ROS2/install/location_msgs/include/location_msgs/location_msgs/msg/detail/panel_box__functions.c
[3.835s] -- Installing: /home/x650/UAV/ROS2/install/location_msgs/include/location_msgs/location_msgs/msg/detail/mix__functions.c
[3.835s] -- Installing: /home/x650/UAV/ROS2/install/location_msgs/include/location_msgs/location_msgs/msg/detail/yaw__functions.h
[3.835s] -- Installing: /home/x650/UAV/ROS2/install/location_msgs/include/location_msgs/location_msgs/msg/detail/yaw__functions.c
[3.835s] -- Installing: /home/x650/UAV/ROS2/install/location_msgs/include/location_msgs/location_msgs/msg/detail/defects__struct.h
[3.835s] -- Installing: /home/x650/UAV/ROS2/install/location_msgs/include/location_msgs/location_msgs/msg/detail/pixel_point__functions.c
[3.835s] -- Installing: /home/x650/UAV/ROS2/install/location_msgs/include/location_msgs/location_msgs/msg/detail/pixel_point__struct.h
[3.836s] -- Installing: /home/x650/UAV/ROS2/install/location_msgs/include/location_msgs/location_msgs/msg/defects.h
[3.836s] -- Installing: /home/x650/UAV/ROS2/install/location_msgs/include/location_msgs/location_msgs/msg/panel_box.h
[3.836s] -- Installing: /home/x650/UAV/ROS2/install/location_msgs/include/location_msgs/location_msgs/msg/mix.h
[3.836s] -- Up-to-date: /home/x650/UAV/ROS2/install/location_msgs/include/location_msgs/location_msgs/msg/rosidl_generator_c__visibility_control.h
[3.836s] -- Up-to-date: /home/x650/UAV/ROS2/install/location_msgs/share/location_msgs/environment/library_path.sh
[3.836s] -- Installing: /home/x650/UAV/ROS2/install/location_msgs/share/location_msgs/environment/library_path.dsv
[3.836s] -- Installing: /home/x650/UAV/ROS2/install/location_msgs/lib/liblocation_msgs__rosidl_generator_c.so
[3.836s] -- Set runtime path of "/home/x650/UAV/ROS2/install/location_msgs/lib/liblocation_msgs__rosidl_generator_c.so" to ""
[3.836s] -- Up-to-date: /home/x650/UAV/ROS2/install/location_msgs/include/location_msgs/location_msgs
[3.837s] -- Up-to-date: /home/x650/UAV/ROS2/install/location_msgs/include/location_msgs/location_msgs/msg
[3.837s] -- Up-to-date: /home/x650/UAV/ROS2/install/location_msgs/include/location_msgs/location_msgs/msg/detail
[3.837s] -- Installing: /home/x650/UAV/ROS2/install/location_msgs/include/location_msgs/location_msgs/msg/detail/yaw__rosidl_typesupport_fastrtps_c.h
[3.837s] -- Installing: /home/x650/UAV/ROS2/install/location_msgs/include/location_msgs/location_msgs/msg/detail/pixel_point__rosidl_typesupport_fastrtps_c.h
[3.837s] -- Installing: /home/x650/UAV/ROS2/install/location_msgs/include/location_msgs/location_msgs/msg/detail/panel_box__rosidl_typesupport_fastrtps_c.h
[3.837s] -- Installing: /home/x650/UAV/ROS2/install/location_msgs/include/location_msgs/location_msgs/msg/detail/mix__rosidl_typesupport_fastrtps_c.h
[3.837s] -- Installing: /home/x650/UAV/ROS2/install/location_msgs/include/location_msgs/location_msgs/msg/detail/defect_box__rosidl_typesupport_fastrtps_c.h
[3.837s] -- Installing: /home/x650/UAV/ROS2/install/location_msgs/include/location_msgs/location_msgs/msg/detail/defects__rosidl_typesupport_fastrtps_c.h
[3.837s] -- Up-to-date: /home/x650/UAV/ROS2/install/location_msgs/include/location_msgs/location_msgs/msg/rosidl_typesupport_fastrtps_c__visibility_control.h
[3.837s] -- Installing: /home/x650/UAV/ROS2/install/location_msgs/lib/liblocation_msgs__rosidl_typesupport_fastrtps_c.so
[3.838s] -- Set runtime path of "/home/x650/UAV/ROS2/install/location_msgs/lib/liblocation_msgs__rosidl_typesupport_fastrtps_c.so" to ""
[3.838s] -- Up-to-date: /home/x650/UAV/ROS2/install/location_msgs/include/location_msgs/location_msgs
[3.838s] -- Up-to-date: /home/x650/UAV/ROS2/install/location_msgs/include/location_msgs/location_msgs/msg
[3.838s] -- Up-to-date: /home/x650/UAV/ROS2/install/location_msgs/include/location_msgs/location_msgs/msg/rosidl_typesupport_introspection_c__visibility_control.h
[3.838s] -- Up-to-date: /home/x650/UAV/ROS2/install/location_msgs/include/location_msgs/location_msgs/msg/detail
[3.838s] -- Installing: /home/x650/UAV/ROS2/install/location_msgs/include/location_msgs/location_msgs/msg/detail/defects__rosidl_typesupport_introspection_c.h
[3.838s] -- Installing: /home/x650/UAV/ROS2/install/location_msgs/include/location_msgs/location_msgs/msg/detail/yaw__type_support.c
[3.838s] -- Installing: /home/x650/UAV/ROS2/install/location_msgs/include/location_msgs/location_msgs/msg/detail/defects__type_support.c
[3.838s] -- Installing: /home/x650/UAV/ROS2/install/location_msgs/include/location_msgs/location_msgs/msg/detail/pixel_point__type_support.c
[3.838s] -- Installing: /home/x650/UAV/ROS2/install/location_msgs/include/location_msgs/location_msgs/msg/detail/panel_box__type_support.c
[3.839s] -- Installing: /home/x650/UAV/ROS2/install/location_msgs/include/location_msgs/location_msgs/msg/detail/pixel_point__rosidl_typesupport_introspection_c.h
[3.839s] -- Installing: /home/x650/UAV/ROS2/install/location_msgs/include/location_msgs/location_msgs/msg/detail/yaw__rosidl_typesupport_introspection_c.h
[3.839s] -- Installing: /home/x650/UAV/ROS2/install/location_msgs/include/location_msgs/location_msgs/msg/detail/mix__type_support.c
[3.839s] -- Installing: /home/x650/UAV/ROS2/install/location_msgs/include/location_msgs/location_msgs/msg/detail/panel_box__rosidl_typesupport_introspection_c.h
[3.839s] -- Installing: /home/x650/UAV/ROS2/install/location_msgs/include/location_msgs/location_msgs/msg/detail/mix__rosidl_typesupport_introspection_c.h
[3.839s] -- Installing: /home/x650/UAV/ROS2/install/location_msgs/include/location_msgs/location_msgs/msg/detail/defect_box__type_support.c
[3.839s] -- Installing: /home/x650/UAV/ROS2/install/location_msgs/include/location_msgs/location_msgs/msg/detail/defect_box__rosidl_typesupport_introspection_c.h
[3.840s] -- Installing: /home/x650/UAV/ROS2/install/location_msgs/lib/liblocation_msgs__rosidl_typesupport_introspection_c.so
[3.840s] -- Set runtime path of "/home/x650/UAV/ROS2/install/location_msgs/lib/liblocation_msgs__rosidl_typesupport_introspection_c.so" to ""
[3.840s] -- Installing: /home/x650/UAV/ROS2/install/location_msgs/lib/liblocation_msgs__rosidl_typesupport_c.so
[3.840s] -- Set runtime path of "/home/x650/UAV/ROS2/install/location_msgs/lib/liblocation_msgs__rosidl_typesupport_c.so" to ""
[3.840s] -- Up-to-date: /home/x650/UAV/ROS2/install/location_msgs/include/location_msgs/location_msgs
[3.840s] -- Up-to-date: /home/x650/UAV/ROS2/install/location_msgs/include/location_msgs/location_msgs/msg
[3.840s] -- Up-to-date: /home/x650/UAV/ROS2/install/location_msgs/include/location_msgs/location_msgs/msg/detail
[3.841s] -- Installing: /home/x650/UAV/ROS2/install/location_msgs/include/location_msgs/location_msgs/msg/detail/defect_box__builder.hpp
[3.841s] -- Installing: /home/x650/UAV/ROS2/install/location_msgs/include/location_msgs/location_msgs/msg/detail/yaw__struct.hpp
[3.841s] -- Installing: /home/x650/UAV/ROS2/install/location_msgs/include/location_msgs/location_msgs/msg/detail/pixel_point__traits.hpp
[3.841s] -- Installing: /home/x650/UAV/ROS2/install/location_msgs/include/location_msgs/location_msgs/msg/detail/yaw__traits.hpp
[3.841s] -- Installing: /home/x650/UAV/ROS2/install/location_msgs/include/location_msgs/location_msgs/msg/detail/yaw__builder.hpp
[3.841s] -- Installing: /home/x650/UAV/ROS2/install/location_msgs/include/location_msgs/location_msgs/msg/detail/panel_box__traits.hpp
[3.841s] -- Installing: /home/x650/UAV/ROS2/install/location_msgs/include/location_msgs/location_msgs/msg/detail/defects__builder.hpp
[3.841s] -- Installing: /home/x650/UAV/ROS2/install/location_msgs/include/location_msgs/location_msgs/msg/detail/mix__builder.hpp
[3.841s] -- Installing: /home/x650/UAV/ROS2/install/location_msgs/include/location_msgs/location_msgs/msg/detail/mix__struct.hpp
[3.841s] -- Installing: /home/x650/UAV/ROS2/install/location_msgs/include/location_msgs/location_msgs/msg/detail/defects__struct.hpp
[3.841s] -- Installing: /home/x650/UAV/ROS2/install/location_msgs/include/location_msgs/location_msgs/msg/detail/panel_box__struct.hpp
[3.842s] -- Installing: /home/x650/UAV/ROS2/install/location_msgs/include/location_msgs/location_msgs/msg/detail/pixel_point__struct.hpp
[3.842s] -- Installing: /home/x650/UAV/ROS2/install/location_msgs/include/location_msgs/location_msgs/msg/detail/mix__traits.hpp
[3.842s] -- Installing: /home/x650/UAV/ROS2/install/location_msgs/include/location_msgs/location_msgs/msg/detail/pixel_point__builder.hpp
[3.842s] -- Installing: /home/x650/UAV/ROS2/install/location_msgs/include/location_msgs/location_msgs/msg/detail/defects__traits.hpp
[3.842s] -- Installing: /home/x650/UAV/ROS2/install/location_msgs/include/location_msgs/location_msgs/msg/detail/defect_box__struct.hpp
[3.842s] -- Installing: /home/x650/UAV/ROS2/install/location_msgs/include/location_msgs/location_msgs/msg/detail/defect_box__traits.hpp
[3.842s] -- Installing: /home/x650/UAV/ROS2/install/location_msgs/include/location_msgs/location_msgs/msg/detail/panel_box__builder.hpp
[3.842s] -- Installing: /home/x650/UAV/ROS2/install/location_msgs/include/location_msgs/location_msgs/msg/defect_box.hpp
[3.842s] -- Installing: /home/x650/UAV/ROS2/install/location_msgs/include/location_msgs/location_msgs/msg/mix.hpp
[3.842s] -- Installing: /home/x650/UAV/ROS2/install/location_msgs/include/location_msgs/location_msgs/msg/pixel_point.hpp
[3.843s] -- Installing: /home/x650/UAV/ROS2/install/location_msgs/include/location_msgs/location_msgs/msg/yaw.hpp
[3.843s] -- Installing: /home/x650/UAV/ROS2/install/location_msgs/include/location_msgs/location_msgs/msg/defects.hpp
[3.843s] -- Installing: /home/x650/UAV/ROS2/install/location_msgs/include/location_msgs/location_msgs/msg/panel_box.hpp
[3.843s] -- Up-to-date: /home/x650/UAV/ROS2/install/location_msgs/include/location_msgs/location_msgs
[3.843s] -- Up-to-date: /home/x650/UAV/ROS2/install/location_msgs/include/location_msgs/location_msgs/msg
[3.843s] -- Up-to-date: /home/x650/UAV/ROS2/install/location_msgs/include/location_msgs/location_msgs/msg/detail
[3.843s] -- Installing: /home/x650/UAV/ROS2/install/location_msgs/include/location_msgs/location_msgs/msg/detail/pixel_point__rosidl_typesupport_fastrtps_cpp.hpp
[3.843s] -- Installing: /home/x650/UAV/ROS2/install/location_msgs/include/location_msgs/location_msgs/msg/detail/defects__rosidl_typesupport_fastrtps_cpp.hpp
[3.843s] -- Installing: /home/x650/UAV/ROS2/install/location_msgs/include/location_msgs/location_msgs/msg/detail/mix__rosidl_typesupport_fastrtps_cpp.hpp
[3.843s] -- Installing: /home/x650/UAV/ROS2/install/location_msgs/include/location_msgs/location_msgs/msg/detail/defect_box__rosidl_typesupport_fastrtps_cpp.hpp
[3.843s] -- Installing: /home/x650/UAV/ROS2/install/location_msgs/include/location_msgs/location_msgs/msg/detail/panel_box__rosidl_typesupport_fastrtps_cpp.hpp
[3.843s] -- Installing: /home/x650/UAV/ROS2/install/location_msgs/include/location_msgs/location_msgs/msg/detail/yaw__rosidl_typesupport_fastrtps_cpp.hpp
[3.843s] -- Up-to-date: /home/x650/UAV/ROS2/install/location_msgs/include/location_msgs/location_msgs/msg/detail/dds_fastrtps
[3.844s] -- Up-to-date: /home/x650/UAV/ROS2/install/location_msgs/include/location_msgs/location_msgs/msg/rosidl_typesupport_fastrtps_cpp__visibility_control.h
[3.844s] -- Installing: /home/x650/UAV/ROS2/install/location_msgs/lib/liblocation_msgs__rosidl_typesupport_fastrtps_cpp.so
[3.844s] -- Set runtime path of "/home/x650/UAV/ROS2/install/location_msgs/lib/liblocation_msgs__rosidl_typesupport_fastrtps_cpp.so" to ""
[3.844s] -- Up-to-date: /home/x650/UAV/ROS2/install/location_msgs/include/location_msgs/location_msgs
[3.844s] -- Up-to-date: /home/x650/UAV/ROS2/install/location_msgs/include/location_msgs/location_msgs/msg
[3.844s] -- Up-to-date: /home/x650/UAV/ROS2/install/location_msgs/include/location_msgs/location_msgs/msg/detail
[3.844s] -- Installing: /home/x650/UAV/ROS2/install/location_msgs/include/location_msgs/location_msgs/msg/detail/defect_box__rosidl_typesupport_introspection_cpp.hpp
[3.844s] -- Installing: /home/x650/UAV/ROS2/install/location_msgs/include/location_msgs/location_msgs/msg/detail/defect_box__type_support.cpp
[3.844s] -- Installing: /home/x650/UAV/ROS2/install/location_msgs/include/location_msgs/location_msgs/msg/detail/mix__rosidl_typesupport_introspection_cpp.hpp
[3.844s] -- Installing: /home/x650/UAV/ROS2/install/location_msgs/include/location_msgs/location_msgs/msg/detail/panel_box__type_support.cpp
[3.844s] -- Installing: /home/x650/UAV/ROS2/install/location_msgs/include/location_msgs/location_msgs/msg/detail/yaw__rosidl_typesupport_introspection_cpp.hpp
[3.844s] -- Installing: /home/x650/UAV/ROS2/install/location_msgs/include/location_msgs/location_msgs/msg/detail/yaw__type_support.cpp
[3.845s] -- Installing: /home/x650/UAV/ROS2/install/location_msgs/include/location_msgs/location_msgs/msg/detail/pixel_point__type_support.cpp
[3.845s] -- Installing: /home/x650/UAV/ROS2/install/location_msgs/include/location_msgs/location_msgs/msg/detail/panel_box__rosidl_typesupport_introspection_cpp.hpp
[3.845s] -- Installing: /home/x650/UAV/ROS2/install/location_msgs/include/location_msgs/location_msgs/msg/detail/defects__rosidl_typesupport_introspection_cpp.hpp
[3.845s] -- Installing: /home/x650/UAV/ROS2/install/location_msgs/include/location_msgs/location_msgs/msg/detail/pixel_point__rosidl_typesupport_introspection_cpp.hpp
[3.845s] -- Installing: /home/x650/UAV/ROS2/install/location_msgs/include/location_msgs/location_msgs/msg/detail/defects__type_support.cpp
[3.845s] -- Installing: /home/x650/UAV/ROS2/install/location_msgs/include/location_msgs/location_msgs/msg/detail/mix__type_support.cpp
[3.845s] -- Installing: /home/x650/UAV/ROS2/install/location_msgs/lib/liblocation_msgs__rosidl_typesupport_introspection_cpp.so
[3.845s] -- Set runtime path of "/home/x650/UAV/ROS2/install/location_msgs/lib/liblocation_msgs__rosidl_typesupport_introspection_cpp.so" to ""
[3.845s] -- Installing: /home/x650/UAV/ROS2/install/location_msgs/lib/liblocation_msgs__rosidl_typesupport_cpp.so
[3.846s] -- Set runtime path of "/home/x650/UAV/ROS2/install/location_msgs/lib/liblocation_msgs__rosidl_typesupport_cpp.so" to ""
[3.846s] -- Up-to-date: /home/x650/UAV/ROS2/install/location_msgs/share/location_msgs/environment/pythonpath.sh
[3.846s] -- Installing: /home/x650/UAV/ROS2/install/location_msgs/share/location_msgs/environment/pythonpath.dsv
[3.846s] -- Up-to-date: /home/x650/UAV/ROS2/install/location_msgs/local/lib/python3.10/dist-packages/location_msgs-2.0.0-py3.10.egg-info
[3.846s] -- Installing: /home/x650/UAV/ROS2/install/location_msgs/local/lib/python3.10/dist-packages/location_msgs-2.0.0-py3.10.egg-info/dependency_links.txt
[3.846s] -- Installing: /home/x650/UAV/ROS2/install/location_msgs/local/lib/python3.10/dist-packages/location_msgs-2.0.0-py3.10.egg-info/PKG-INFO
[3.846s] -- Installing: /home/x650/UAV/ROS2/install/location_msgs/local/lib/python3.10/dist-packages/location_msgs-2.0.0-py3.10.egg-info/top_level.txt
[3.846s] -- Installing: /home/x650/UAV/ROS2/install/location_msgs/local/lib/python3.10/dist-packages/location_msgs-2.0.0-py3.10.egg-info/SOURCES.txt
[3.846s] -- Up-to-date: /home/x650/UAV/ROS2/install/location_msgs/local/lib/python3.10/dist-packages/location_msgs
[3.846s] -- Installing: /home/x650/UAV/ROS2/install/location_msgs/local/lib/python3.10/dist-packages/location_msgs/location_msgs_s__rosidl_typesupport_c.cpython-310-x86_64-linux-gnu.so
[3.846s] -- Installing: /home/x650/UAV/ROS2/install/location_msgs/local/lib/python3.10/dist-packages/location_msgs/_location_msgs_s.ep.rosidl_typesupport_fastrtps_c.c
[3.846s] -- Installing: /home/x650/UAV/ROS2/install/location_msgs/local/lib/python3.10/dist-packages/location_msgs/location_msgs_s__rosidl_typesupport_introspection_c.cpython-310-x86_64-linux-gnu.so
[3.846s] -- Installing: /home/x650/UAV/ROS2/install/location_msgs/local/lib/python3.10/dist-packages/location_msgs/liblocation_msgs__rosidl_generator_py.so
[3.847s] -- Installing: /home/x650/UAV/ROS2/install/location_msgs/local/lib/python3.10/dist-packages/location_msgs/location_msgs_s__rosidl_typesupport_fastrtps_c.cpython-310-x86_64-linux-gnu.so
[3.847s] -- Installing: /home/x650/UAV/ROS2/install/location_msgs/local/lib/python3.10/dist-packages/location_msgs/_location_msgs_s.ep.rosidl_typesupport_c.c
[3.847s] -- Installing: /home/x650/UAV/ROS2/install/location_msgs/local/lib/python3.10/dist-packages/location_msgs/_location_msgs_s.ep.rosidl_typesupport_introspection_c.c
[3.847s] -- Installing: /home/x650/UAV/ROS2/install/location_msgs/local/lib/python3.10/dist-packages/location_msgs/__init__.py
[3.847s] -- Up-to-date: /home/x650/UAV/ROS2/install/location_msgs/local/lib/python3.10/dist-packages/location_msgs/msg
[3.847s] -- Installing: /home/x650/UAV/ROS2/install/location_msgs/local/lib/python3.10/dist-packages/location_msgs/msg/_yaw_s.c
[3.847s] -- Installing: /home/x650/UAV/ROS2/install/location_msgs/local/lib/python3.10/dist-packages/location_msgs/msg/_pixel_point_s.c
[3.847s] -- Installing: /home/x650/UAV/ROS2/install/location_msgs/local/lib/python3.10/dist-packages/location_msgs/msg/_panel_box.py
[3.848s] -- Installing: /home/x650/UAV/ROS2/install/location_msgs/local/lib/python3.10/dist-packages/location_msgs/msg/_defect_box_s.c
[3.848s] -- Installing: /home/x650/UAV/ROS2/install/location_msgs/local/lib/python3.10/dist-packages/location_msgs/msg/_pixel_point.py
[3.848s] -- Installing: /home/x650/UAV/ROS2/install/location_msgs/local/lib/python3.10/dist-packages/location_msgs/msg/__init__.py
[3.848s] -- Installing: /home/x650/UAV/ROS2/install/location_msgs/local/lib/python3.10/dist-packages/location_msgs/msg/_yaw.py
[3.848s] -- Installing: /home/x650/UAV/ROS2/install/location_msgs/local/lib/python3.10/dist-packages/location_msgs/msg/_mix.py
[3.848s] -- Installing: /home/x650/UAV/ROS2/install/location_msgs/local/lib/python3.10/dist-packages/location_msgs/msg/_panel_box_s.c
[3.848s] -- Installing: /home/x650/UAV/ROS2/install/location_msgs/local/lib/python3.10/dist-packages/location_msgs/msg/_mix_s.c
[3.848s] -- Installing: /home/x650/UAV/ROS2/install/location_msgs/local/lib/python3.10/dist-packages/location_msgs/msg/_defects.py
[3.848s] -- Installing: /home/x650/UAV/ROS2/install/location_msgs/local/lib/python3.10/dist-packages/location_msgs/msg/_defects_s.c
[3.848s] -- Installing: /home/x650/UAV/ROS2/install/location_msgs/local/lib/python3.10/dist-packages/location_msgs/msg/_defect_box.py
[3.875s] Listing '/home/x650/UAV/ROS2/install/location_msgs/local/lib/python3.10/dist-packages/location_msgs'...
[3.875s] Compiling '/home/x650/UAV/ROS2/install/location_msgs/local/lib/python3.10/dist-packages/location_msgs/__init__.py'...
[3.875s] Listing '/home/x650/UAV/ROS2/install/location_msgs/local/lib/python3.10/dist-packages/location_msgs/msg'...
[3.875s] Compiling '/home/x650/UAV/ROS2/install/location_msgs/local/lib/python3.10/dist-packages/location_msgs/msg/__init__.py'...
[3.875s] Compiling '/home/x650/UAV/ROS2/install/location_msgs/local/lib/python3.10/dist-packages/location_msgs/msg/_defect_box.py'...
[3.875s] Compiling '/home/x650/UAV/ROS2/install/location_msgs/local/lib/python3.10/dist-packages/location_msgs/msg/_defects.py'...
[3.875s] Compiling '/home/x650/UAV/ROS2/install/location_msgs/local/lib/python3.10/dist-packages/location_msgs/msg/_mix.py'...
[3.875s] Compiling '/home/x650/UAV/ROS2/install/location_msgs/local/lib/python3.10/dist-packages/location_msgs/msg/_panel_box.py'...
[3.875s] Compiling '/home/x650/UAV/ROS2/install/location_msgs/local/lib/python3.10/dist-packages/location_msgs/msg/_pixel_point.py'...
[3.875s] Compiling '/home/x650/UAV/ROS2/install/location_msgs/local/lib/python3.10/dist-packages/location_msgs/msg/_yaw.py'...
[3.878s] -- Installing: /home/x650/UAV/ROS2/install/location_msgs/local/lib/python3.10/dist-packages/location_msgs/location_msgs_s__rosidl_typesupport_fastrtps_c.cpython-310-x86_64-linux-gnu.so
[3.878s] -- Set runtime path of "/home/x650/UAV/ROS2/install/location_msgs/local/lib/python3.10/dist-packages/location_msgs/location_msgs_s__rosidl_typesupport_fastrtps_c.cpython-310-x86_64-linux-gnu.so" to ""
[3.878s] -- Installing: /home/x650/UAV/ROS2/install/location_msgs/local/lib/python3.10/dist-packages/location_msgs/location_msgs_s__rosidl_typesupport_introspection_c.cpython-310-x86_64-linux-gnu.so
[3.878s] -- Set runtime path of "/home/x650/UAV/ROS2/install/location_msgs/local/lib/python3.10/dist-packages/location_msgs/location_msgs_s__rosidl_typesupport_introspection_c.cpython-310-x86_64-linux-gnu.so" to ""
[3.878s] -- Installing: /home/x650/UAV/ROS2/install/location_msgs/local/lib/python3.10/dist-packages/location_msgs/location_msgs_s__rosidl_typesupport_c.cpython-310-x86_64-linux-gnu.so
[3.879s] -- Set runtime path of "/home/x650/UAV/ROS2/install/location_msgs/local/lib/python3.10/dist-packages/location_msgs/location_msgs_s__rosidl_typesupport_c.cpython-310-x86_64-linux-gnu.so" to ""
[3.879s] -- Installing: /home/x650/UAV/ROS2/install/location_msgs/lib/liblocation_msgs__rosidl_generator_py.so
[3.879s] -- Set runtime path of "/home/x650/UAV/ROS2/install/location_msgs/lib/liblocation_msgs__rosidl_generator_py.so" to ""
[3.879s] -- Up-to-date: /home/x650/UAV/ROS2/install/location_msgs/share/location_msgs/msg/Mix.idl
[3.879s] -- Up-to-date: /home/x650/UAV/ROS2/install/location_msgs/share/location_msgs/msg/PixelPoint.idl
[3.879s] -- Up-to-date: /home/x650/UAV/ROS2/install/location_msgs/share/location_msgs/msg/DefectBox.idl
[3.879s] -- Up-to-date: /home/x650/UAV/ROS2/install/location_msgs/share/location_msgs/msg/Defects.idl
[3.879s] -- Up-to-date: /home/x650/UAV/ROS2/install/location_msgs/share/location_msgs/msg/Yaw.idl
[3.879s] -- Installing: /home/x650/UAV/ROS2/install/location_msgs/share/location_msgs/msg/PanelBox.idl
[3.879s] -- Up-to-date: /home/x650/UAV/ROS2/install/location_msgs/share/location_msgs/msg/Mix.msg
[3.879s] -- Up-to-date: /home/x650/UAV/ROS2/install/location_msgs/share/location_msgs/msg/PixelPoint.msg
[3.879s] -- Up-to-date: /home/x650/UAV/ROS2/install/location_msgs/share/location_msgs/msg/DefectBox.msg
[3.879s] -- Up-to-date: /home/x650/UAV/ROS2/install/location_msgs/share/location_msgs/msg/Defects.msg
[3.879s] -- Up-to-date: /home/x650/UAV/ROS2/install/location_msgs/share/location_msgs/msg/Yaw.msg
[3.879s] -- Installing: /home/x650/UAV/ROS2/install/location_msgs/share/location_msgs/msg/PanelBox.msg
[3.879s] -- Up-to-date: /home/x650/UAV/ROS2/install/location_msgs/share/ament_index/resource_index/package_run_dependencies/location_msgs
[3.879s] -- Installing: /home/x650/UAV/ROS2/install/location_msgs/share/ament_index/resource_index/parent_prefix_path/location_msgs
[3.879s] -- Up-to-date: /home/x650/UAV/ROS2/install/location_msgs/share/location_msgs/environment/ament_prefix_path.sh
[3.880s] -- Installing: /home/x650/UAV/ROS2/install/location_msgs/share/location_msgs/environment/ament_prefix_path.dsv
[3.880s] -- Up-to-date: /home/x650/UAV/ROS2/install/location_msgs/share/location_msgs/environment/path.sh
[3.880s] -- Installing: /home/x650/UAV/ROS2/install/location_msgs/share/location_msgs/environment/path.dsv
[3.880s] -- Up-to-date: /home/x650/UAV/ROS2/install/location_msgs/share/location_msgs/local_setup.bash
[3.880s] -- Up-to-date: /home/x650/UAV/ROS2/install/location_msgs/share/location_msgs/local_setup.sh
[3.880s] -- Up-to-date: /home/x650/UAV/ROS2/install/location_msgs/share/location_msgs/local_setup.zsh
[3.880s] -- Installing: /home/x650/UAV/ROS2/install/location_msgs/share/location_msgs/local_setup.dsv
[3.880s] -- Installing: /home/x650/UAV/ROS2/install/location_msgs/share/location_msgs/package.dsv
[3.880s] -- Up-to-date: /home/x650/UAV/ROS2/install/location_msgs/share/ament_index/resource_index/packages/location_msgs
[3.880s] -- Up-to-date: /home/x650/UAV/ROS2/install/location_msgs/share/location_msgs/cmake/export_location_msgs__rosidl_generator_cExport.cmake
[3.880s] -- Up-to-date: /home/x650/UAV/ROS2/install/location_msgs/share/location_msgs/cmake/export_location_msgs__rosidl_generator_cExport-noconfig.cmake
[3.880s] -- Up-to-date: /home/x650/UAV/ROS2/install/location_msgs/share/location_msgs/cmake/export_location_msgs__rosidl_typesupport_fastrtps_cExport.cmake
[3.880s] -- Up-to-date: /home/x650/UAV/ROS2/install/location_msgs/share/location_msgs/cmake/export_location_msgs__rosidl_typesupport_fastrtps_cExport-noconfig.cmake
[3.880s] -- Up-to-date: /home/x650/UAV/ROS2/install/location_msgs/share/location_msgs/cmake/location_msgs__rosidl_typesupport_introspection_cExport.cmake
[3.880s] -- Up-to-date: /home/x650/UAV/ROS2/install/location_msgs/share/location_msgs/cmake/location_msgs__rosidl_typesupport_introspection_cExport-noconfig.cmake
[3.880s] -- Up-to-date: /home/x650/UAV/ROS2/install/location_msgs/share/location_msgs/cmake/location_msgs__rosidl_typesupport_cExport.cmake
[3.880s] -- Up-to-date: /home/x650/UAV/ROS2/install/location_msgs/share/location_msgs/cmake/location_msgs__rosidl_typesupport_cExport-noconfig.cmake
[3.880s] -- Up-to-date: /home/x650/UAV/ROS2/install/location_msgs/share/location_msgs/cmake/export_location_msgs__rosidl_generator_cppExport.cmake
[3.880s] -- Up-to-date: /home/x650/UAV/ROS2/install/location_msgs/share/location_msgs/cmake/export_location_msgs__rosidl_typesupport_fastrtps_cppExport.cmake
[3.880s] -- Up-to-date: /home/x650/UAV/ROS2/install/location_msgs/share/location_msgs/cmake/export_location_msgs__rosidl_typesupport_fastrtps_cppExport-noconfig.cmake
[3.880s] -- Up-to-date: /home/x650/UAV/ROS2/install/location_msgs/share/location_msgs/cmake/location_msgs__rosidl_typesupport_introspection_cppExport.cmake
[3.880s] -- Up-to-date: /home/x650/UAV/ROS2/install/location_msgs/share/location_msgs/cmake/location_msgs__rosidl_typesupport_introspection_cppExport-noconfig.cmake
[3.880s] -- Up-to-date: /home/x650/UAV/ROS2/install/location_msgs/share/location_msgs/cmake/location_msgs__rosidl_typesupport_cppExport.cmake
[3.880s] -- Up-to-date: /home/x650/UAV/ROS2/install/location_msgs/share/location_msgs/cmake/location_msgs__rosidl_typesupport_cppExport-noconfig.cmake
[3.881s] -- Up-to-date: /home/x650/UAV/ROS2/install/location_msgs/share/location_msgs/cmake/export_location_msgs__rosidl_generator_pyExport.cmake
[3.881s] -- Up-to-date: /home/x650/UAV/ROS2/install/location_msgs/share/location_msgs/cmake/export_location_msgs__rosidl_generator_pyExport-noconfig.cmake
[3.881s] -- Installing: /home/x650/UAV/ROS2/install/location_msgs/share/location_msgs/cmake/rosidl_cmake-extras.cmake
[3.881s] -- Up-to-date: /home/x650/UAV/ROS2/install/location_msgs/share/location_msgs/cmake/ament_cmake_export_dependencies-extras.cmake
[3.881s] -- Up-to-date: /home/x650/UAV/ROS2/install/location_msgs/share/location_msgs/cmake/ament_cmake_export_include_directories-extras.cmake
[3.881s] -- Up-to-date: /home/x650/UAV/ROS2/install/location_msgs/share/location_msgs/cmake/ament_cmake_export_libraries-extras.cmake
[3.881s] -- Up-to-date: /home/x650/UAV/ROS2/install/location_msgs/share/location_msgs/cmake/ament_cmake_export_targets-extras.cmake
[3.881s] -- Up-to-date: /home/x650/UAV/ROS2/install/location_msgs/share/location_msgs/cmake/rosidl_cmake_export_typesupport_targets-extras.cmake
[3.881s] -- Up-to-date: /home/x650/UAV/ROS2/install/location_msgs/share/location_msgs/cmake/rosidl_cmake_export_typesupport_libraries-extras.cmake
[3.881s] -- Up-to-date: /home/x650/UAV/ROS2/install/location_msgs/share/location_msgs/cmake/location_msgsConfig.cmake
[3.881s] -- Up-to-date: /home/x650/UAV/ROS2/install/location_msgs/share/location_msgs/cmake/location_msgsConfig-version.cmake
[3.881s] -- Up-to-date: /home/x650/UAV/ROS2/install/location_msgs/share/location_msgs/package.xml
[3.883s] Invoked command in '/home/x650/UAV/ROS2/build/location_msgs' returned '0': CMAKE_PREFIX_PATH=/opt/ros/humble /usr/bin/cmake --install /home/x650/UAV/ROS2/build/location_msgs
