running egg_info
writing ../build/uav_patrol/uav_patrol.egg-info/PKG-INFO
writing dependency_links to ../build/uav_patrol/uav_patrol.egg-info/dependency_links.txt
writing entry points to ../build/uav_patrol/uav_patrol.egg-info/entry_points.txt
writing requirements to ../build/uav_patrol/uav_patrol.egg-info/requires.txt
writing top-level names to ../build/uav_patrol/uav_patrol.egg-info/top_level.txt
reading manifest file '../build/uav_patrol/uav_patrol.egg-info/SOURCES.txt'
writing manifest file '../build/uav_patrol/uav_patrol.egg-info/SOURCES.txt'
running build
running build_py
copying uav_patrol/yolo_detector/__init__.py -> /home/x650/UAV/ROS2/build/uav_patrol/build/lib/uav_patrol/yolo_detector
copying uav_patrol/yolo_detector/yolo_detector.py -> /home/x650/UAV/ROS2/build/uav_patrol/build/lib/uav_patrol/yolo_detector
copying uav_patrol/drone_controller/pid_controller.py -> /home/x650/UAV/ROS2/build/uav_patrol/build/lib/uav_patrol/drone_controller
copying uav_patrol/drone_controller/__init__.py -> /home/x650/UAV/ROS2/build/uav_patrol/build/lib/uav_patrol/drone_controller
copying uav_patrol/drone_controller/drone_controller_2.py -> /home/x650/UAV/ROS2/build/uav_patrol/build/lib/uav_patrol/drone_controller
copying uav_patrol/drone_controller/drone_controller_3.py -> /home/x650/UAV/ROS2/build/uav_patrol/build/lib/uav_patrol/drone_controller
copying uav_patrol/drone_controller/utils.py -> /home/x650/UAV/ROS2/build/uav_patrol/build/lib/uav_patrol/drone_controller
copying uav_patrol/drone_controller/drone_controller.py -> /home/x650/UAV/ROS2/build/uav_patrol/build/lib/uav_patrol/drone_controller
copying uav_patrol/gps_simulator/gps_simulator.py -> /home/x650/UAV/ROS2/build/uav_patrol/build/lib/uav_patrol/gps_simulator
copying uav_patrol/gps_simulator/__init__.py -> /home/x650/UAV/ROS2/build/uav_patrol/build/lib/uav_patrol/gps_simulator
copying uav_patrol/tf_converter/tf_converter.py -> /home/x650/UAV/ROS2/build/uav_patrol/build/lib/uav_patrol/tf_converter
copying uav_patrol/usb_cam/opencv_test.py -> /home/x650/UAV/ROS2/build/uav_patrol/build/lib/uav_patrol/usb_cam
copying uav_patrol/usb_cam/usb_cam_test.py -> /home/x650/UAV/ROS2/build/uav_patrol/build/lib/uav_patrol/usb_cam
running install
running install_lib
running install_data
copying launch/uav_patrol.launch.py -> /home/x650/UAV/ROS2/install/uav_patrol/share/uav_patrol
running install_egg_info
removing '/home/x650/UAV/ROS2/install/uav_patrol/lib/python3.10/site-packages/uav_patrol-0.0.0-py3.10.egg-info' (and everything under it)
Copying ../build/uav_patrol/uav_patrol.egg-info to /home/x650/UAV/ROS2/install/uav_patrol/lib/python3.10/site-packages/uav_patrol-0.0.0-py3.10.egg-info
running install_scripts
Installing drone_controller script to /home/x650/UAV/ROS2/install/uav_patrol/lib/uav_patrol
Installing drone_controller_2 script to /home/x650/UAV/ROS2/install/uav_patrol/lib/uav_patrol
Installing drone_controller_3 script to /home/x650/UAV/ROS2/install/uav_patrol/lib/uav_patrol
Installing gps_simulator script to /home/x650/UAV/ROS2/install/uav_patrol/lib/uav_patrol
Installing opencv_test script to /home/x650/UAV/ROS2/install/uav_patrol/lib/uav_patrol
Installing tf_converter script to /home/x650/UAV/ROS2/install/uav_patrol/lib/uav_patrol
Installing uav2cam_broadcaster script to /home/x650/UAV/ROS2/install/uav_patrol/lib/uav_patrol
Installing usb_cam_test script to /home/x650/UAV/ROS2/install/uav_patrol/lib/uav_patrol
Installing yolo_detector script to /home/x650/UAV/ROS2/install/uav_patrol/lib/uav_patrol
writing list of installed files to '/home/x650/UAV/ROS2/build/uav_patrol/install.log'
