running egg_info
creating ../build/uav_patrol/uav_patrol.egg-info
writing ../build/uav_patrol/uav_patrol.egg-info/PKG-INFO
writing dependency_links to ../build/uav_patrol/uav_patrol.egg-info/dependency_links.txt
writing entry points to ../build/uav_patrol/uav_patrol.egg-info/entry_points.txt
writing requirements to ../build/uav_patrol/uav_patrol.egg-info/requires.txt
writing top-level names to ../build/uav_patrol/uav_patrol.egg-info/top_level.txt
writing manifest file '../build/uav_patrol/uav_patrol.egg-info/SOURCES.txt'
reading manifest file '../build/uav_patrol/uav_patrol.egg-info/SOURCES.txt'
writing manifest file '../build/uav_patrol/uav_patrol.egg-info/SOURCES.txt'
running build
running build_py
creating /home/x650/UAV/ROS2/build/uav_patrol/build
creating /home/x650/UAV/ROS2/build/uav_patrol/build/lib
creating /home/x650/UAV/ROS2/build/uav_patrol/build/lib/uav_patrol
copying uav_patrol/__init__.py -> /home/x650/UAV/ROS2/build/uav_patrol/build/lib/uav_patrol
creating /home/x650/UAV/ROS2/build/uav_patrol/build/lib/uav_patrol/yolo_detector
copying uav_patrol/yolo_detector/__init__.py -> /home/x650/UAV/ROS2/build/uav_patrol/build/lib/uav_patrol/yolo_detector
copying uav_patrol/yolo_detector/yolo_detector.py -> /home/x650/UAV/ROS2/build/uav_patrol/build/lib/uav_patrol/yolo_detector
creating /home/x650/UAV/ROS2/build/uav_patrol/build/lib/uav_patrol/tf_converter
copying uav_patrol/tf_converter/__init__.py -> /home/x650/UAV/ROS2/build/uav_patrol/build/lib/uav_patrol/tf_converter
copying uav_patrol/tf_converter/tf_converter.py -> /home/x650/UAV/ROS2/build/uav_patrol/build/lib/uav_patrol/tf_converter
copying uav_patrol/tf_converter/uav2cam_broadcaster.py -> /home/x650/UAV/ROS2/build/uav_patrol/build/lib/uav_patrol/tf_converter
copying uav_patrol/tf_converter/world2uav_broadcaster.py -> /home/x650/UAV/ROS2/build/uav_patrol/build/lib/uav_patrol/tf_converter
running install
running install_lib
creating /home/x650/UAV/ROS2/install/uav_patrol/lib/python3.10/site-packages/uav_patrol
creating /home/x650/UAV/ROS2/install/uav_patrol/lib/python3.10/site-packages/uav_patrol/yolo_detector
copying /home/x650/UAV/ROS2/build/uav_patrol/build/lib/uav_patrol/yolo_detector/__init__.py -> /home/x650/UAV/ROS2/install/uav_patrol/lib/python3.10/site-packages/uav_patrol/yolo_detector
copying /home/x650/UAV/ROS2/build/uav_patrol/build/lib/uav_patrol/yolo_detector/yolo_detector.py -> /home/x650/UAV/ROS2/install/uav_patrol/lib/python3.10/site-packages/uav_patrol/yolo_detector
copying /home/x650/UAV/ROS2/build/uav_patrol/build/lib/uav_patrol/__init__.py -> /home/x650/UAV/ROS2/install/uav_patrol/lib/python3.10/site-packages/uav_patrol
creating /home/x650/UAV/ROS2/install/uav_patrol/lib/python3.10/site-packages/uav_patrol/tf_converter
copying /home/x650/UAV/ROS2/build/uav_patrol/build/lib/uav_patrol/tf_converter/__init__.py -> /home/x650/UAV/ROS2/install/uav_patrol/lib/python3.10/site-packages/uav_patrol/tf_converter
copying /home/x650/UAV/ROS2/build/uav_patrol/build/lib/uav_patrol/tf_converter/tf_converter.py -> /home/x650/UAV/ROS2/install/uav_patrol/lib/python3.10/site-packages/uav_patrol/tf_converter
copying /home/x650/UAV/ROS2/build/uav_patrol/build/lib/uav_patrol/tf_converter/uav2cam_broadcaster.py -> /home/x650/UAV/ROS2/install/uav_patrol/lib/python3.10/site-packages/uav_patrol/tf_converter
copying /home/x650/UAV/ROS2/build/uav_patrol/build/lib/uav_patrol/tf_converter/world2uav_broadcaster.py -> /home/x650/UAV/ROS2/install/uav_patrol/lib/python3.10/site-packages/uav_patrol/tf_converter
byte-compiling /home/x650/UAV/ROS2/install/uav_patrol/lib/python3.10/site-packages/uav_patrol/yolo_detector/__init__.py to __init__.cpython-310.pyc
byte-compiling /home/x650/UAV/ROS2/install/uav_patrol/lib/python3.10/site-packages/uav_patrol/yolo_detector/yolo_detector.py to yolo_detector.cpython-310.pyc
byte-compiling /home/x650/UAV/ROS2/install/uav_patrol/lib/python3.10/site-packages/uav_patrol/__init__.py to __init__.cpython-310.pyc
byte-compiling /home/x650/UAV/ROS2/install/uav_patrol/lib/python3.10/site-packages/uav_patrol/tf_converter/__init__.py to __init__.cpython-310.pyc
byte-compiling /home/x650/UAV/ROS2/install/uav_patrol/lib/python3.10/site-packages/uav_patrol/tf_converter/tf_converter.py to tf_converter.cpython-310.pyc
byte-compiling /home/x650/UAV/ROS2/install/uav_patrol/lib/python3.10/site-packages/uav_patrol/tf_converter/uav2cam_broadcaster.py to uav2cam_broadcaster.cpython-310.pyc
byte-compiling /home/x650/UAV/ROS2/install/uav_patrol/lib/python3.10/site-packages/uav_patrol/tf_converter/world2uav_broadcaster.py to world2uav_broadcaster.cpython-310.pyc
running install_data
creating /home/x650/UAV/ROS2/install/uav_patrol/share/ament_index
creating /home/x650/UAV/ROS2/install/uav_patrol/share/ament_index/resource_index
creating /home/x650/UAV/ROS2/install/uav_patrol/share/ament_index/resource_index/packages
copying resource/uav_patrol -> /home/x650/UAV/ROS2/install/uav_patrol/share/ament_index/resource_index/packages
copying package.xml -> /home/x650/UAV/ROS2/install/uav_patrol/share/uav_patrol
copying launch/uav_patrol.launch.py -> /home/x650/UAV/ROS2/install/uav_patrol/share/uav_patrol
running install_egg_info
Copying ../build/uav_patrol/uav_patrol.egg-info to /home/x650/UAV/ROS2/install/uav_patrol/lib/python3.10/site-packages/uav_patrol-0.0.0-py3.10.egg-info
running install_scripts
Installing tf_converter script to /home/x650/UAV/ROS2/install/uav_patrol/lib/uav_patrol
Installing uav2cam_broadcaster script to /home/x650/UAV/ROS2/install/uav_patrol/lib/uav_patrol
Installing yolo_detector script to /home/x650/UAV/ROS2/install/uav_patrol/lib/uav_patrol
writing list of installed files to '/home/x650/UAV/ROS2/build/uav_patrol/install.log'
