[1.948s] Invoking command in '/home/ccl/UAV/ROS2/ctrl_relayer': PYTHONPATH=/home/ccl/UAV/ROS2/build/ctrl_relayer/prefix_override:/home/ccl/UAV/ROS2/install/ctrl_relayer/lib/python3.8/site-packages:${PYTHONPATH} /usr/bin/python3 -W ignore:setup.py install is deprecated setup.py egg_info --egg-base ../build/ctrl_relayer build --build-base /home/ccl/UAV/ROS2/build/ctrl_relayer/build install --record /home/ccl/UAV/ROS2/build/ctrl_relayer/install.log --single-version-externally-managed install_data
[2.335s] running egg_info
[2.335s] creating ../build/ctrl_relayer/ctrl_relayer.egg-info
[2.363s] writing ../build/ctrl_relayer/ctrl_relayer.egg-info/PKG-INFO
[2.365s] writing dependency_links to ../build/ctrl_relayer/ctrl_relayer.egg-info/dependency_links.txt
[2.365s] writing entry points to ../build/ctrl_relayer/ctrl_relayer.egg-info/entry_points.txt
[2.365s] writing requirements to ../build/ctrl_relayer/ctrl_relayer.egg-info/requires.txt
[2.365s] writing top-level names to ../build/ctrl_relayer/ctrl_relayer.egg-info/top_level.txt
[2.533s] writing manifest file '../build/ctrl_relayer/ctrl_relayer.egg-info/SOURCES.txt'
[2.585s] reading manifest file '../build/ctrl_relayer/ctrl_relayer.egg-info/SOURCES.txt'
[2.586s] writing manifest file '../build/ctrl_relayer/ctrl_relayer.egg-info/SOURCES.txt'
[2.586s] running build
[2.587s] running build_py
[2.587s] creating /home/ccl/UAV/ROS2/build/ctrl_relayer/build
[2.587s] creating /home/ccl/UAV/ROS2/build/ctrl_relayer/build/lib
[2.587s] creating /home/ccl/UAV/ROS2/build/ctrl_relayer/build/lib/ctrl_relayer
[2.587s] copying ctrl_relayer/cmd_subscriber.py -> /home/ccl/UAV/ROS2/build/ctrl_relayer/build/lib/ctrl_relayer
[2.587s] copying ctrl_relayer/__init__.py -> /home/ccl/UAV/ROS2/build/ctrl_relayer/build/lib/ctrl_relayer
[2.588s] running install
[2.591s] running install_lib
[2.619s] creating /home/ccl/UAV/ROS2/install/ctrl_relayer/lib/python3.8/site-packages/ctrl_relayer
[2.619s] copying /home/ccl/UAV/ROS2/build/ctrl_relayer/build/lib/ctrl_relayer/cmd_subscriber.py -> /home/ccl/UAV/ROS2/install/ctrl_relayer/lib/python3.8/site-packages/ctrl_relayer
[2.620s] copying /home/ccl/UAV/ROS2/build/ctrl_relayer/build/lib/ctrl_relayer/__init__.py -> /home/ccl/UAV/ROS2/install/ctrl_relayer/lib/python3.8/site-packages/ctrl_relayer
[2.620s] byte-compiling /home/ccl/UAV/ROS2/install/ctrl_relayer/lib/python3.8/site-packages/ctrl_relayer/cmd_subscriber.py to cmd_subscriber.cpython-38.pyc
[2.620s] byte-compiling /home/ccl/UAV/ROS2/install/ctrl_relayer/lib/python3.8/site-packages/ctrl_relayer/__init__.py to __init__.cpython-38.pyc
[2.620s] running install_data
[2.620s] creating /home/ccl/UAV/ROS2/install/ctrl_relayer/share/ament_index
[2.620s] creating /home/ccl/UAV/ROS2/install/ctrl_relayer/share/ament_index/resource_index
[2.620s] creating /home/ccl/UAV/ROS2/install/ctrl_relayer/share/ament_index/resource_index/packages
[2.620s] copying resource/ctrl_relayer -> /home/ccl/UAV/ROS2/install/ctrl_relayer/share/ament_index/resource_index/packages
[2.621s] copying package.xml -> /home/ccl/UAV/ROS2/install/ctrl_relayer/share/ctrl_relayer
[2.621s] copying launch/ctrl_relayer.launch.py -> /home/ccl/UAV/ROS2/install/ctrl_relayer/share/ctrl_relayer
[2.621s] running install_egg_info
[2.648s] Copying ../build/ctrl_relayer/ctrl_relayer.egg-info to /home/ccl/UAV/ROS2/install/ctrl_relayer/lib/python3.8/site-packages/ctrl_relayer-0.0.0-py3.8.egg-info
[2.649s] running install_scripts
[2.719s] Installing cmd_subscriber script to /home/ccl/UAV/ROS2/install/ctrl_relayer/lib/ctrl_relayer
[2.720s] writing list of installed files to '/home/ccl/UAV/ROS2/build/ctrl_relayer/install.log'
[2.745s] Invoked command in '/home/ccl/UAV/ROS2/ctrl_relayer' returned '0': PYTHONPATH=/home/ccl/UAV/ROS2/build/ctrl_relayer/prefix_override:/home/ccl/UAV/ROS2/install/ctrl_relayer/lib/python3.8/site-packages:${PYTHONPATH} /usr/bin/python3 -W ignore:setup.py install is deprecated setup.py egg_info --egg-base ../build/ctrl_relayer build --build-base /home/ccl/UAV/ROS2/build/ctrl_relayer/build install --record /home/ccl/UAV/ROS2/build/ctrl_relayer/install.log --single-version-externally-managed install_data
