running egg_info
creating ../build/tf_converter/tf_converter.egg-info
writing ../build/tf_converter/tf_converter.egg-info/PKG-INFO
writing dependency_links to ../build/tf_converter/tf_converter.egg-info/dependency_links.txt
writing entry points to ../build/tf_converter/tf_converter.egg-info/entry_points.txt
writing requirements to ../build/tf_converter/tf_converter.egg-info/requires.txt
writing top-level names to ../build/tf_converter/tf_converter.egg-info/top_level.txt
writing manifest file '../build/tf_converter/tf_converter.egg-info/SOURCES.txt'
reading manifest file '../build/tf_converter/tf_converter.egg-info/SOURCES.txt'
writing manifest file '../build/tf_converter/tf_converter.egg-info/SOURCES.txt'
running build
running build_py
creating /home/xs/UAV/ROS2/build/tf_converter/build
creating /home/xs/UAV/ROS2/build/tf_converter/build/lib
creating /home/xs/UAV/ROS2/build/tf_converter/build/lib/tf_converter
copying tf_converter/uav2cam_broadcaster.py -> /home/xs/UAV/ROS2/build/tf_converter/build/lib/tf_converter
copying tf_converter/world2uav_broadcaster.py -> /home/xs/UAV/ROS2/build/tf_converter/build/lib/tf_converter
copying tf_converter/__init__.py -> /home/xs/UAV/ROS2/build/tf_converter/build/lib/tf_converter
copying tf_converter/tf_converter.py -> /home/xs/UAV/ROS2/build/tf_converter/build/lib/tf_converter
running install
running install_lib
creating /home/xs/UAV/ROS2/install/tf_converter/lib/python3.8/site-packages/tf_converter
copying /home/xs/UAV/ROS2/build/tf_converter/build/lib/tf_converter/uav2cam_broadcaster.py -> /home/xs/UAV/ROS2/install/tf_converter/lib/python3.8/site-packages/tf_converter
copying /home/xs/UAV/ROS2/build/tf_converter/build/lib/tf_converter/world2uav_broadcaster.py -> /home/xs/UAV/ROS2/install/tf_converter/lib/python3.8/site-packages/tf_converter
copying /home/xs/UAV/ROS2/build/tf_converter/build/lib/tf_converter/__init__.py -> /home/xs/UAV/ROS2/install/tf_converter/lib/python3.8/site-packages/tf_converter
copying /home/xs/UAV/ROS2/build/tf_converter/build/lib/tf_converter/tf_converter.py -> /home/xs/UAV/ROS2/install/tf_converter/lib/python3.8/site-packages/tf_converter
byte-compiling /home/xs/UAV/ROS2/install/tf_converter/lib/python3.8/site-packages/tf_converter/uav2cam_broadcaster.py to uav2cam_broadcaster.cpython-38.pyc
byte-compiling /home/xs/UAV/ROS2/install/tf_converter/lib/python3.8/site-packages/tf_converter/world2uav_broadcaster.py to world2uav_broadcaster.cpython-38.pyc
byte-compiling /home/xs/UAV/ROS2/install/tf_converter/lib/python3.8/site-packages/tf_converter/__init__.py to __init__.cpython-38.pyc
byte-compiling /home/xs/UAV/ROS2/install/tf_converter/lib/python3.8/site-packages/tf_converter/tf_converter.py to tf_converter.cpython-38.pyc
running install_data
creating /home/xs/UAV/ROS2/install/tf_converter/share/ament_index
creating /home/xs/UAV/ROS2/install/tf_converter/share/ament_index/resource_index
creating /home/xs/UAV/ROS2/install/tf_converter/share/ament_index/resource_index/packages
copying resource/tf_converter -> /home/xs/UAV/ROS2/install/tf_converter/share/ament_index/resource_index/packages
copying package.xml -> /home/xs/UAV/ROS2/install/tf_converter/share/tf_converter
creating /home/xs/UAV/ROS2/install/tf_converter/share/tf_converter/launch
copying launch/tf_converter.launch.py -> /home/xs/UAV/ROS2/install/tf_converter/share/tf_converter/launch
running install_egg_info
Copying ../build/tf_converter/tf_converter.egg-info to /home/xs/UAV/ROS2/install/tf_converter/lib/python3.8/site-packages/tf_converter-0.0.0-py3.8.egg-info
running install_scripts
Installing tf_converter script to /home/xs/UAV/ROS2/install/tf_converter/lib/tf_converter
Installing uav2cam_broadcaster script to /home/xs/UAV/ROS2/install/tf_converter/lib/tf_converter
writing list of installed files to '/home/xs/UAV/ROS2/build/tf_converter/install.log'
