[0.901s] Invoking command in '/home/xs/UAV/ROS2/tf_converter': PYTHONPATH=/home/xs/UAV/ROS2/build/tf_converter/prefix_override:/home/xs/UAV/ROS2/install/tf_converter/lib/python3.8/site-packages:${PYTHONPATH} /usr/bin/python3 -W ignore:setup.py install is deprecated setup.py egg_info --egg-base ../build/tf_converter build --build-base /home/xs/UAV/ROS2/build/tf_converter/build install --record /home/xs/UAV/ROS2/build/tf_converter/install.log --single-version-externally-managed install_data
[1.065s] running egg_info
[1.065s] creating ../build/tf_converter/tf_converter.egg-info
[1.065s] writing ../build/tf_converter/tf_converter.egg-info/PKG-INFO
[1.065s] writing dependency_links to ../build/tf_converter/tf_converter.egg-info/dependency_links.txt
[1.065s] writing entry points to ../build/tf_converter/tf_converter.egg-info/entry_points.txt
[1.065s] writing requirements to ../build/tf_converter/tf_converter.egg-info/requires.txt
[1.066s] writing top-level names to ../build/tf_converter/tf_converter.egg-info/top_level.txt
[1.066s] writing manifest file '../build/tf_converter/tf_converter.egg-info/SOURCES.txt'
[1.092s] reading manifest file '../build/tf_converter/tf_converter.egg-info/SOURCES.txt'
[1.093s] writing manifest file '../build/tf_converter/tf_converter.egg-info/SOURCES.txt'
[1.093s] running build
[1.093s] running build_py
[1.093s] creating /home/xs/UAV/ROS2/build/tf_converter/build
[1.093s] creating /home/xs/UAV/ROS2/build/tf_converter/build/lib
[1.093s] creating /home/xs/UAV/ROS2/build/tf_converter/build/lib/tf_converter
[1.093s] copying tf_converter/uav2cam_broadcaster.py -> /home/xs/UAV/ROS2/build/tf_converter/build/lib/tf_converter
[1.093s] copying tf_converter/world2uav_broadcaster.py -> /home/xs/UAV/ROS2/build/tf_converter/build/lib/tf_converter
[1.093s] copying tf_converter/__init__.py -> /home/xs/UAV/ROS2/build/tf_converter/build/lib/tf_converter
[1.094s] copying tf_converter/tf_converter.py -> /home/xs/UAV/ROS2/build/tf_converter/build/lib/tf_converter
[1.094s] running install
[1.094s] running install_lib
[1.095s] creating /home/xs/UAV/ROS2/install/tf_converter/lib/python3.8/site-packages/tf_converter
[1.095s] copying /home/xs/UAV/ROS2/build/tf_converter/build/lib/tf_converter/uav2cam_broadcaster.py -> /home/xs/UAV/ROS2/install/tf_converter/lib/python3.8/site-packages/tf_converter
[1.095s] copying /home/xs/UAV/ROS2/build/tf_converter/build/lib/tf_converter/world2uav_broadcaster.py -> /home/xs/UAV/ROS2/install/tf_converter/lib/python3.8/site-packages/tf_converter
[1.095s] copying /home/xs/UAV/ROS2/build/tf_converter/build/lib/tf_converter/__init__.py -> /home/xs/UAV/ROS2/install/tf_converter/lib/python3.8/site-packages/tf_converter
[1.095s] copying /home/xs/UAV/ROS2/build/tf_converter/build/lib/tf_converter/tf_converter.py -> /home/xs/UAV/ROS2/install/tf_converter/lib/python3.8/site-packages/tf_converter
[1.095s] byte-compiling /home/xs/UAV/ROS2/install/tf_converter/lib/python3.8/site-packages/tf_converter/uav2cam_broadcaster.py to uav2cam_broadcaster.cpython-38.pyc
[1.096s] byte-compiling /home/xs/UAV/ROS2/install/tf_converter/lib/python3.8/site-packages/tf_converter/world2uav_broadcaster.py to world2uav_broadcaster.cpython-38.pyc
[1.096s] byte-compiling /home/xs/UAV/ROS2/install/tf_converter/lib/python3.8/site-packages/tf_converter/__init__.py to __init__.cpython-38.pyc
[1.096s] byte-compiling /home/xs/UAV/ROS2/install/tf_converter/lib/python3.8/site-packages/tf_converter/tf_converter.py to tf_converter.cpython-38.pyc
[1.098s] running install_data
[1.098s] creating /home/xs/UAV/ROS2/install/tf_converter/share/ament_index
[1.098s] creating /home/xs/UAV/ROS2/install/tf_converter/share/ament_index/resource_index
[1.098s] creating /home/xs/UAV/ROS2/install/tf_converter/share/ament_index/resource_index/packages
[1.098s] copying resource/tf_converter -> /home/xs/UAV/ROS2/install/tf_converter/share/ament_index/resource_index/packages
[1.098s] copying package.xml -> /home/xs/UAV/ROS2/install/tf_converter/share/tf_converter
[1.098s] creating /home/xs/UAV/ROS2/install/tf_converter/share/tf_converter/launch
[1.098s] copying launch/tf_converter.launch.py -> /home/xs/UAV/ROS2/install/tf_converter/share/tf_converter/launch
[1.098s] running install_egg_info
[1.100s] Copying ../build/tf_converter/tf_converter.egg-info to /home/xs/UAV/ROS2/install/tf_converter/lib/python3.8/site-packages/tf_converter-0.0.0-py3.8.egg-info
[1.100s] running install_scripts
[1.116s] Installing tf_converter script to /home/xs/UAV/ROS2/install/tf_converter/lib/tf_converter
[1.116s] Installing uav2cam_broadcaster script to /home/xs/UAV/ROS2/install/tf_converter/lib/tf_converter
[1.116s] writing list of installed files to '/home/xs/UAV/ROS2/build/tf_converter/install.log'
[1.135s] Invoked command in '/home/xs/UAV/ROS2/tf_converter' returned '0': PYTHONPATH=/home/xs/UAV/ROS2/build/tf_converter/prefix_override:/home/xs/UAV/ROS2/install/tf_converter/lib/python3.8/site-packages:${PYTHONPATH} /usr/bin/python3 -W ignore:setup.py install is deprecated setup.py egg_info --egg-base ../build/tf_converter build --build-base /home/xs/UAV/ROS2/build/tf_converter/build install --record /home/xs/UAV/ROS2/build/tf_converter/install.log --single-version-externally-managed install_data
