[0.014s] Invoking command in '/home/x650/UAV/ROS2/build/location_msgs': CMAKE_PREFIX_PATH=${CMAKE_PREFIX_PATH}:/home/x650/UAV/ROS2/install/uav_patrol:/opt/ros/humble /usr/bin/cmake --build /home/x650/UAV/ROS2/build/location_msgs -- -j16 -l16
[0.124s] [ 11%] Built target location_msgs__rosidl_generator_c
[0.126s] [ 12%] Built target location_msgs__cpp
[0.151s] [ 12%] Built target ament_cmake_python_copy_location_msgs
[0.181s] [ 23%] Built target location_msgs__rosidl_typesupport_c
[0.186s] [ 34%] Built target location_msgs__rosidl_typesupport_fastrtps_c
[0.186s] [ 46%] Built target location_msgs__rosidl_typesupport_fastrtps_cpp
[0.187s] [ 57%] Built target location_msgs__rosidl_typesupport_cpp
[0.191s] [ 77%] Built target location_msgs__rosidl_typesupport_introspection_cpp
[0.191s] [ 79%] Built target location_msgs__rosidl_typesupport_introspection_c
[0.221s] [ 79%] Built target location_msgs
[0.264s] [ 80%] Built target location_msgs__py
[0.297s] [ 90%] Built target location_msgs__rosidl_generator_py
[0.332s] [100%] Built target location_msgs__rosidl_typesupport_fastrtps_c__pyext
[0.332s] [100%] Built target location_msgs__rosidl_typesupport_introspection_c__pyext
[0.332s] [100%] Built target location_msgs__rosidl_typesupport_c__pyext
[0.457s] running egg_info
[0.472s] writing location_msgs.egg-info/PKG-INFO
[0.473s] writing dependency_links to location_msgs.egg-info/dependency_links.txt
[0.473s] writing top-level names to location_msgs.egg-info/top_level.txt
[0.547s] reading manifest file 'location_msgs.egg-info/SOURCES.txt'
[0.548s] writing manifest file 'location_msgs.egg-info/SOURCES.txt'
[0.608s] [100%] Built target ament_cmake_python_build_location_msgs_egg
[0.646s] Invoked command in '/home/x650/UAV/ROS2/build/location_msgs' returned '0': CMAKE_PREFIX_PATH=${CMAKE_PREFIX_PATH}:/home/x650/UAV/ROS2/install/uav_patrol:/opt/ros/humble /usr/bin/cmake --build /home/x650/UAV/ROS2/build/location_msgs -- -j16 -l16
[1.060s] Invoking command in '/home/x650/UAV/ROS2/build/location_msgs': CMAKE_PREFIX_PATH=${CMAKE_PREFIX_PATH}:/home/x650/UAV/ROS2/install/uav_patrol:/opt/ros/humble /usr/bin/cmake --install /home/x650/UAV/ROS2/build/location_msgs
[1.085s] -- Install configuration: ""
[1.086s] -- Up-to-date: /home/x650/UAV/ROS2/install/location_msgs/share/ament_index/resource_index/rosidl_interfaces/location_msgs
[1.086s] -- Up-to-date: /home/x650/UAV/ROS2/install/location_msgs/include/location_msgs/location_msgs
[1.086s] -- Up-to-date: /home/x650/UAV/ROS2/install/location_msgs/include/location_msgs/location_msgs/msg
[1.086s] -- Up-to-date: /home/x650/UAV/ROS2/install/location_msgs/include/location_msgs/location_msgs/msg/defect_box.h
[1.087s] -- Up-to-date: /home/x650/UAV/ROS2/install/location_msgs/include/location_msgs/location_msgs/msg/pixel_point.h
[1.087s] -- Up-to-date: /home/x650/UAV/ROS2/install/location_msgs/include/location_msgs/location_msgs/msg/yaw.h
[1.087s] -- Up-to-date: /home/x650/UAV/ROS2/install/location_msgs/include/location_msgs/location_msgs/msg/detail
[1.087s] -- Up-to-date: /home/x650/UAV/ROS2/install/location_msgs/include/location_msgs/location_msgs/msg/detail/defects__type_support.h
[1.087s] -- Up-to-date: /home/x650/UAV/ROS2/install/location_msgs/include/location_msgs/location_msgs/msg/detail/mix__type_support.h
[1.088s] -- Up-to-date: /home/x650/UAV/ROS2/install/location_msgs/include/location_msgs/location_msgs/msg/detail/mix__functions.h
[1.088s] -- Up-to-date: /home/x650/UAV/ROS2/install/location_msgs/include/location_msgs/location_msgs/msg/detail/defects__functions.h
[1.088s] -- Up-to-date: /home/x650/UAV/ROS2/install/location_msgs/include/location_msgs/location_msgs/msg/detail/pixel_point__functions.h
[1.088s] -- Up-to-date: /home/x650/UAV/ROS2/install/location_msgs/include/location_msgs/location_msgs/msg/detail/pixel_point__type_support.h
[1.088s] -- Up-to-date: /home/x650/UAV/ROS2/install/location_msgs/include/location_msgs/location_msgs/msg/detail/defect_box__struct.h
[1.089s] -- Up-to-date: /home/x650/UAV/ROS2/install/location_msgs/include/location_msgs/location_msgs/msg/detail/mix__struct.h
[1.089s] -- Up-to-date: /home/x650/UAV/ROS2/install/location_msgs/include/location_msgs/location_msgs/msg/detail/defect_box__functions.h
[1.090s] -- Up-to-date: /home/x650/UAV/ROS2/install/location_msgs/include/location_msgs/location_msgs/msg/detail/defect_box__functions.c
[1.090s] -- Up-to-date: /home/x650/UAV/ROS2/install/location_msgs/include/location_msgs/location_msgs/msg/detail/defects__functions.c
[1.090s] -- Up-to-date: /home/x650/UAV/ROS2/install/location_msgs/include/location_msgs/location_msgs/msg/detail/defect_box__type_support.h
[1.090s] -- Up-to-date: /home/x650/UAV/ROS2/install/location_msgs/include/location_msgs/location_msgs/msg/detail/yaw__type_support.h
[1.090s] -- Up-to-date: /home/x650/UAV/ROS2/install/location_msgs/include/location_msgs/location_msgs/msg/detail/yaw__struct.h
[1.091s] -- Up-to-date: /home/x650/UAV/ROS2/install/location_msgs/include/location_msgs/location_msgs/msg/detail/mix__functions.c
[1.091s] -- Up-to-date: /home/x650/UAV/ROS2/install/location_msgs/include/location_msgs/location_msgs/msg/detail/yaw__functions.h
[1.091s] -- Up-to-date: /home/x650/UAV/ROS2/install/location_msgs/include/location_msgs/location_msgs/msg/detail/yaw__functions.c
[1.092s] -- Up-to-date: /home/x650/UAV/ROS2/install/location_msgs/include/location_msgs/location_msgs/msg/detail/defects__struct.h
[1.092s] -- Up-to-date: /home/x650/UAV/ROS2/install/location_msgs/include/location_msgs/location_msgs/msg/detail/pixel_point__functions.c
[1.092s] -- Up-to-date: /home/x650/UAV/ROS2/install/location_msgs/include/location_msgs/location_msgs/msg/detail/pixel_point__struct.h
[1.093s] -- Up-to-date: /home/x650/UAV/ROS2/install/location_msgs/include/location_msgs/location_msgs/msg/defects.h
[1.093s] -- Up-to-date: /home/x650/UAV/ROS2/install/location_msgs/include/location_msgs/location_msgs/msg/mix.h
[1.093s] -- Up-to-date: /home/x650/UAV/ROS2/install/location_msgs/include/location_msgs/location_msgs/msg/rosidl_generator_c__visibility_control.h
[1.093s] -- Up-to-date: /home/x650/UAV/ROS2/install/location_msgs/share/location_msgs/environment/library_path.sh
[1.093s] -- Up-to-date: /home/x650/UAV/ROS2/install/location_msgs/share/location_msgs/environment/library_path.dsv
[1.093s] -- Up-to-date: /home/x650/UAV/ROS2/install/location_msgs/lib/liblocation_msgs__rosidl_generator_c.so
[1.094s] -- Up-to-date: /home/x650/UAV/ROS2/install/location_msgs/include/location_msgs/location_msgs
[1.094s] -- Up-to-date: /home/x650/UAV/ROS2/install/location_msgs/include/location_msgs/location_msgs/msg
[1.095s] -- Up-to-date: /home/x650/UAV/ROS2/install/location_msgs/include/location_msgs/location_msgs/msg/detail
[1.095s] -- Up-to-date: /home/x650/UAV/ROS2/install/location_msgs/include/location_msgs/location_msgs/msg/detail/yaw__rosidl_typesupport_fastrtps_c.h
[1.096s] -- Up-to-date: /home/x650/UAV/ROS2/install/location_msgs/include/location_msgs/location_msgs/msg/detail/pixel_point__rosidl_typesupport_fastrtps_c.h
[1.097s] -- Up-to-date: /home/x650/UAV/ROS2/install/location_msgs/include/location_msgs/location_msgs/msg/detail/mix__rosidl_typesupport_fastrtps_c.h
[1.097s] -- Up-to-date: /home/x650/UAV/ROS2/install/location_msgs/include/location_msgs/location_msgs/msg/detail/defect_box__rosidl_typesupport_fastrtps_c.h
[1.097s] -- Up-to-date: /home/x650/UAV/ROS2/install/location_msgs/include/location_msgs/location_msgs/msg/detail/defects__rosidl_typesupport_fastrtps_c.h
[1.098s] -- Up-to-date: /home/x650/UAV/ROS2/install/location_msgs/include/location_msgs/location_msgs/msg/rosidl_typesupport_fastrtps_c__visibility_control.h
[1.098s] -- Up-to-date: /home/x650/UAV/ROS2/install/location_msgs/lib/liblocation_msgs__rosidl_typesupport_fastrtps_c.so
[1.099s] -- Up-to-date: /home/x650/UAV/ROS2/install/location_msgs/include/location_msgs/location_msgs
[1.099s] -- Up-to-date: /home/x650/UAV/ROS2/install/location_msgs/include/location_msgs/location_msgs/msg
[1.099s] -- Up-to-date: /home/x650/UAV/ROS2/install/location_msgs/include/location_msgs/location_msgs/msg/rosidl_typesupport_introspection_c__visibility_control.h
[1.099s] -- Up-to-date: /home/x650/UAV/ROS2/install/location_msgs/include/location_msgs/location_msgs/msg/detail
[1.099s] -- Up-to-date: /home/x650/UAV/ROS2/install/location_msgs/include/location_msgs/location_msgs/msg/detail/defects__rosidl_typesupport_introspection_c.h
[1.099s] -- Up-to-date: /home/x650/UAV/ROS2/install/location_msgs/include/location_msgs/location_msgs/msg/detail/yaw__type_support.c
[1.100s] -- Up-to-date: /home/x650/UAV/ROS2/install/location_msgs/include/location_msgs/location_msgs/msg/detail/defects__type_support.c
[1.100s] -- Up-to-date: /home/x650/UAV/ROS2/install/location_msgs/include/location_msgs/location_msgs/msg/detail/pixel_point__type_support.c
[1.100s] -- Up-to-date: /home/x650/UAV/ROS2/install/location_msgs/include/location_msgs/location_msgs/msg/detail/pixel_point__rosidl_typesupport_introspection_c.h
[1.100s] -- Up-to-date: /home/x650/UAV/ROS2/install/location_msgs/include/location_msgs/location_msgs/msg/detail/yaw__rosidl_typesupport_introspection_c.h
[1.100s] -- Up-to-date: /home/x650/UAV/ROS2/install/location_msgs/include/location_msgs/location_msgs/msg/detail/mix__type_support.c
[1.100s] -- Up-to-date: /home/x650/UAV/ROS2/install/location_msgs/include/location_msgs/location_msgs/msg/detail/mix__rosidl_typesupport_introspection_c.h
[1.100s] -- Up-to-date: /home/x650/UAV/ROS2/install/location_msgs/include/location_msgs/location_msgs/msg/detail/defect_box__type_support.c
[1.101s] -- Up-to-date: /home/x650/UAV/ROS2/install/location_msgs/include/location_msgs/location_msgs/msg/detail/defect_box__rosidl_typesupport_introspection_c.h
[1.101s] -- Up-to-date: /home/x650/UAV/ROS2/install/location_msgs/lib/liblocation_msgs__rosidl_typesupport_introspection_c.so
[1.101s] -- Up-to-date: /home/x650/UAV/ROS2/install/location_msgs/lib/liblocation_msgs__rosidl_typesupport_c.so
[1.102s] -- Up-to-date: /home/x650/UAV/ROS2/install/location_msgs/include/location_msgs/location_msgs
[1.102s] -- Up-to-date: /home/x650/UAV/ROS2/install/location_msgs/include/location_msgs/location_msgs/msg
[1.102s] -- Up-to-date: /home/x650/UAV/ROS2/install/location_msgs/include/location_msgs/location_msgs/msg/detail
[1.103s] -- Up-to-date: /home/x650/UAV/ROS2/install/location_msgs/include/location_msgs/location_msgs/msg/detail/defect_box__builder.hpp
[1.103s] -- Up-to-date: /home/x650/UAV/ROS2/install/location_msgs/include/location_msgs/location_msgs/msg/detail/yaw__struct.hpp
[1.103s] -- Up-to-date: /home/x650/UAV/ROS2/install/location_msgs/include/location_msgs/location_msgs/msg/detail/pixel_point__traits.hpp
[1.103s] -- Up-to-date: /home/x650/UAV/ROS2/install/location_msgs/include/location_msgs/location_msgs/msg/detail/yaw__traits.hpp
[1.103s] -- Up-to-date: /home/x650/UAV/ROS2/install/location_msgs/include/location_msgs/location_msgs/msg/detail/yaw__builder.hpp
[1.104s] -- Up-to-date: /home/x650/UAV/ROS2/install/location_msgs/include/location_msgs/location_msgs/msg/detail/defects__builder.hpp
[1.104s] -- Up-to-date: /home/x650/UAV/ROS2/install/location_msgs/include/location_msgs/location_msgs/msg/detail/mix__builder.hpp
[1.104s] -- Up-to-date: /home/x650/UAV/ROS2/install/location_msgs/include/location_msgs/location_msgs/msg/detail/mix__struct.hpp
[1.104s] -- Up-to-date: /home/x650/UAV/ROS2/install/location_msgs/include/location_msgs/location_msgs/msg/detail/defects__struct.hpp
[1.104s] -- Up-to-date: /home/x650/UAV/ROS2/install/location_msgs/include/location_msgs/location_msgs/msg/detail/pixel_point__struct.hpp
[1.104s] -- Up-to-date: /home/x650/UAV/ROS2/install/location_msgs/include/location_msgs/location_msgs/msg/detail/mix__traits.hpp
[1.104s] -- Up-to-date: /home/x650/UAV/ROS2/install/location_msgs/include/location_msgs/location_msgs/msg/detail/pixel_point__builder.hpp
[1.105s] -- Up-to-date: /home/x650/UAV/ROS2/install/location_msgs/include/location_msgs/location_msgs/msg/detail/defects__traits.hpp
[1.105s] -- Up-to-date: /home/x650/UAV/ROS2/install/location_msgs/include/location_msgs/location_msgs/msg/detail/defect_box__struct.hpp
[1.105s] -- Up-to-date: /home/x650/UAV/ROS2/install/location_msgs/include/location_msgs/location_msgs/msg/detail/defect_box__traits.hpp
[1.105s] -- Up-to-date: /home/x650/UAV/ROS2/install/location_msgs/include/location_msgs/location_msgs/msg/defect_box.hpp
[1.106s] -- Up-to-date: /home/x650/UAV/ROS2/install/location_msgs/include/location_msgs/location_msgs/msg/mix.hpp
[1.106s] -- Up-to-date: /home/x650/UAV/ROS2/install/location_msgs/include/location_msgs/location_msgs/msg/pixel_point.hpp
[1.106s] -- Up-to-date: /home/x650/UAV/ROS2/install/location_msgs/include/location_msgs/location_msgs/msg/yaw.hpp
[1.106s] -- Up-to-date: /home/x650/UAV/ROS2/install/location_msgs/include/location_msgs/location_msgs/msg/defects.hpp
[1.106s] -- Up-to-date: /home/x650/UAV/ROS2/install/location_msgs/include/location_msgs/location_msgs
[1.107s] -- Up-to-date: /home/x650/UAV/ROS2/install/location_msgs/include/location_msgs/location_msgs/msg
[1.107s] -- Up-to-date: /home/x650/UAV/ROS2/install/location_msgs/include/location_msgs/location_msgs/msg/detail
[1.107s] -- Up-to-date: /home/x650/UAV/ROS2/install/location_msgs/include/location_msgs/location_msgs/msg/detail/pixel_point__rosidl_typesupport_fastrtps_cpp.hpp
[1.107s] -- Up-to-date: /home/x650/UAV/ROS2/install/location_msgs/include/location_msgs/location_msgs/msg/detail/defects__rosidl_typesupport_fastrtps_cpp.hpp
[1.108s] -- Up-to-date: /home/x650/UAV/ROS2/install/location_msgs/include/location_msgs/location_msgs/msg/detail/mix__rosidl_typesupport_fastrtps_cpp.hpp
[1.108s] -- Up-to-date: /home/x650/UAV/ROS2/install/location_msgs/include/location_msgs/location_msgs/msg/detail/defect_box__rosidl_typesupport_fastrtps_cpp.hpp
[1.108s] -- Up-to-date: /home/x650/UAV/ROS2/install/location_msgs/include/location_msgs/location_msgs/msg/detail/yaw__rosidl_typesupport_fastrtps_cpp.hpp
[1.108s] -- Up-to-date: /home/x650/UAV/ROS2/install/location_msgs/include/location_msgs/location_msgs/msg/detail/dds_fastrtps
[1.108s] -- Up-to-date: /home/x650/UAV/ROS2/install/location_msgs/include/location_msgs/location_msgs/msg/rosidl_typesupport_fastrtps_cpp__visibility_control.h
[1.109s] -- Up-to-date: /home/x650/UAV/ROS2/install/location_msgs/lib/liblocation_msgs__rosidl_typesupport_fastrtps_cpp.so
[1.109s] -- Up-to-date: /home/x650/UAV/ROS2/install/location_msgs/include/location_msgs/location_msgs
[1.109s] -- Up-to-date: /home/x650/UAV/ROS2/install/location_msgs/include/location_msgs/location_msgs/msg
[1.110s] -- Up-to-date: /home/x650/UAV/ROS2/install/location_msgs/include/location_msgs/location_msgs/msg/detail
[1.110s] -- Up-to-date: /home/x650/UAV/ROS2/install/location_msgs/include/location_msgs/location_msgs/msg/detail/defect_box__rosidl_typesupport_introspection_cpp.hpp
[1.110s] -- Up-to-date: /home/x650/UAV/ROS2/install/location_msgs/include/location_msgs/location_msgs/msg/detail/defect_box__type_support.cpp
[1.110s] -- Up-to-date: /home/x650/UAV/ROS2/install/location_msgs/include/location_msgs/location_msgs/msg/detail/mix__rosidl_typesupport_introspection_cpp.hpp
[1.110s] -- Up-to-date: /home/x650/UAV/ROS2/install/location_msgs/include/location_msgs/location_msgs/msg/detail/yaw__rosidl_typesupport_introspection_cpp.hpp
[1.110s] -- Up-to-date: /home/x650/UAV/ROS2/install/location_msgs/include/location_msgs/location_msgs/msg/detail/yaw__type_support.cpp
[1.110s] -- Up-to-date: /home/x650/UAV/ROS2/install/location_msgs/include/location_msgs/location_msgs/msg/detail/pixel_point__type_support.cpp
[1.111s] -- Up-to-date: /home/x650/UAV/ROS2/install/location_msgs/include/location_msgs/location_msgs/msg/detail/defects__rosidl_typesupport_introspection_cpp.hpp
[1.111s] -- Up-to-date: /home/x650/UAV/ROS2/install/location_msgs/include/location_msgs/location_msgs/msg/detail/pixel_point__rosidl_typesupport_introspection_cpp.hpp
[1.111s] -- Up-to-date: /home/x650/UAV/ROS2/install/location_msgs/include/location_msgs/location_msgs/msg/detail/defects__type_support.cpp
[1.111s] -- Up-to-date: /home/x650/UAV/ROS2/install/location_msgs/include/location_msgs/location_msgs/msg/detail/mix__type_support.cpp
[1.111s] -- Up-to-date: /home/x650/UAV/ROS2/install/location_msgs/lib/liblocation_msgs__rosidl_typesupport_introspection_cpp.so
[1.111s] -- Up-to-date: /home/x650/UAV/ROS2/install/location_msgs/lib/liblocation_msgs__rosidl_typesupport_cpp.so
[1.112s] -- Up-to-date: /home/x650/UAV/ROS2/install/location_msgs/share/location_msgs/environment/pythonpath.sh
[1.112s] -- Up-to-date: /home/x650/UAV/ROS2/install/location_msgs/share/location_msgs/environment/pythonpath.dsv
[1.113s] -- Up-to-date: /home/x650/UAV/ROS2/install/location_msgs/local/lib/python3.10/dist-packages/location_msgs-2.0.0-py3.10.egg-info
[1.113s] -- Installing: /home/x650/UAV/ROS2/install/location_msgs/local/lib/python3.10/dist-packages/location_msgs-2.0.0-py3.10.egg-info/dependency_links.txt
[1.113s] -- Installing: /home/x650/UAV/ROS2/install/location_msgs/local/lib/python3.10/dist-packages/location_msgs-2.0.0-py3.10.egg-info/PKG-INFO
[1.113s] -- Installing: /home/x650/UAV/ROS2/install/location_msgs/local/lib/python3.10/dist-packages/location_msgs-2.0.0-py3.10.egg-info/top_level.txt
[1.114s] -- Installing: /home/x650/UAV/ROS2/install/location_msgs/local/lib/python3.10/dist-packages/location_msgs-2.0.0-py3.10.egg-info/SOURCES.txt
[1.114s] -- Up-to-date: /home/x650/UAV/ROS2/install/location_msgs/local/lib/python3.10/dist-packages/location_msgs
[1.114s] -- Up-to-date: /home/x650/UAV/ROS2/install/location_msgs/local/lib/python3.10/dist-packages/location_msgs/location_msgs_s__rosidl_typesupport_c.cpython-310-x86_64-linux-gnu.so
[1.114s] -- Up-to-date: /home/x650/UAV/ROS2/install/location_msgs/local/lib/python3.10/dist-packages/location_msgs/_location_msgs_s.ep.rosidl_typesupport_fastrtps_c.c
[1.114s] -- Up-to-date: /home/x650/UAV/ROS2/install/location_msgs/local/lib/python3.10/dist-packages/location_msgs/location_msgs_s__rosidl_typesupport_introspection_c.cpython-310-x86_64-linux-gnu.so
[1.114s] -- Up-to-date: /home/x650/UAV/ROS2/install/location_msgs/local/lib/python3.10/dist-packages/location_msgs/liblocation_msgs__rosidl_generator_py.so
[1.114s] -- Up-to-date: /home/x650/UAV/ROS2/install/location_msgs/local/lib/python3.10/dist-packages/location_msgs/location_msgs_s__rosidl_typesupport_fastrtps_c.cpython-310-x86_64-linux-gnu.so
[1.115s] -- Up-to-date: /home/x650/UAV/ROS2/install/location_msgs/local/lib/python3.10/dist-packages/location_msgs/_location_msgs_s.ep.rosidl_typesupport_c.c
[1.115s] -- Up-to-date: /home/x650/UAV/ROS2/install/location_msgs/local/lib/python3.10/dist-packages/location_msgs/_location_msgs_s.ep.rosidl_typesupport_introspection_c.c
[1.115s] -- Up-to-date: /home/x650/UAV/ROS2/install/location_msgs/local/lib/python3.10/dist-packages/location_msgs/__init__.py
[1.115s] -- Up-to-date: /home/x650/UAV/ROS2/install/location_msgs/local/lib/python3.10/dist-packages/location_msgs/msg
[1.115s] -- Up-to-date: /home/x650/UAV/ROS2/install/location_msgs/local/lib/python3.10/dist-packages/location_msgs/msg/_yaw_s.c
[1.116s] -- Up-to-date: /home/x650/UAV/ROS2/install/location_msgs/local/lib/python3.10/dist-packages/location_msgs/msg/_pixel_point_s.c
[1.116s] -- Up-to-date: /home/x650/UAV/ROS2/install/location_msgs/local/lib/python3.10/dist-packages/location_msgs/msg/_defect_box_s.c
[1.116s] -- Up-to-date: /home/x650/UAV/ROS2/install/location_msgs/local/lib/python3.10/dist-packages/location_msgs/msg/_pixel_point.py
[1.116s] -- Up-to-date: /home/x650/UAV/ROS2/install/location_msgs/local/lib/python3.10/dist-packages/location_msgs/msg/__init__.py
[1.116s] -- Up-to-date: /home/x650/UAV/ROS2/install/location_msgs/local/lib/python3.10/dist-packages/location_msgs/msg/_yaw.py
[1.116s] -- Up-to-date: /home/x650/UAV/ROS2/install/location_msgs/local/lib/python3.10/dist-packages/location_msgs/msg/_mix.py
[1.116s] -- Up-to-date: /home/x650/UAV/ROS2/install/location_msgs/local/lib/python3.10/dist-packages/location_msgs/msg/_mix_s.c
[1.117s] -- Up-to-date: /home/x650/UAV/ROS2/install/location_msgs/local/lib/python3.10/dist-packages/location_msgs/msg/_defects.py
[1.117s] -- Up-to-date: /home/x650/UAV/ROS2/install/location_msgs/local/lib/python3.10/dist-packages/location_msgs/msg/_defects_s.c
[1.117s] -- Up-to-date: /home/x650/UAV/ROS2/install/location_msgs/local/lib/python3.10/dist-packages/location_msgs/msg/_defect_box.py
[1.178s] Listing '/home/x650/UAV/ROS2/install/location_msgs/local/lib/python3.10/dist-packages/location_msgs'...
[1.178s] Listing '/home/x650/UAV/ROS2/install/location_msgs/local/lib/python3.10/dist-packages/location_msgs/msg'...
[1.182s] -- Up-to-date: /home/x650/UAV/ROS2/install/location_msgs/local/lib/python3.10/dist-packages/location_msgs/location_msgs_s__rosidl_typesupport_fastrtps_c.cpython-310-x86_64-linux-gnu.so
[1.183s] -- Up-to-date: /home/x650/UAV/ROS2/install/location_msgs/local/lib/python3.10/dist-packages/location_msgs/location_msgs_s__rosidl_typesupport_introspection_c.cpython-310-x86_64-linux-gnu.so
[1.183s] -- Up-to-date: /home/x650/UAV/ROS2/install/location_msgs/local/lib/python3.10/dist-packages/location_msgs/location_msgs_s__rosidl_typesupport_c.cpython-310-x86_64-linux-gnu.so
[1.183s] -- Up-to-date: /home/x650/UAV/ROS2/install/location_msgs/lib/liblocation_msgs__rosidl_generator_py.so
[1.183s] -- Up-to-date: /home/x650/UAV/ROS2/install/location_msgs/share/location_msgs/msg/Mix.idl
[1.183s] -- Up-to-date: /home/x650/UAV/ROS2/install/location_msgs/share/location_msgs/msg/PixelPoint.idl
[1.183s] -- Up-to-date: /home/x650/UAV/ROS2/install/location_msgs/share/location_msgs/msg/DefectBox.idl
[1.183s] -- Up-to-date: /home/x650/UAV/ROS2/install/location_msgs/share/location_msgs/msg/Defects.idl
[1.183s] -- Up-to-date: /home/x650/UAV/ROS2/install/location_msgs/share/location_msgs/msg/Yaw.idl
[1.183s] -- Up-to-date: /home/x650/UAV/ROS2/install/location_msgs/share/location_msgs/msg/Mix.msg
[1.184s] -- Up-to-date: /home/x650/UAV/ROS2/install/location_msgs/share/location_msgs/msg/PixelPoint.msg
[1.184s] -- Up-to-date: /home/x650/UAV/ROS2/install/location_msgs/share/location_msgs/msg/DefectBox.msg
[1.184s] -- Up-to-date: /home/x650/UAV/ROS2/install/location_msgs/share/location_msgs/msg/Defects.msg
[1.184s] -- Up-to-date: /home/x650/UAV/ROS2/install/location_msgs/share/location_msgs/msg/Yaw.msg
[1.184s] -- Up-to-date: /home/x650/UAV/ROS2/install/location_msgs/share/ament_index/resource_index/package_run_dependencies/location_msgs
[1.184s] -- Up-to-date: /home/x650/UAV/ROS2/install/location_msgs/share/ament_index/resource_index/parent_prefix_path/location_msgs
[1.184s] -- Up-to-date: /home/x650/UAV/ROS2/install/location_msgs/share/location_msgs/environment/ament_prefix_path.sh
[1.184s] -- Up-to-date: /home/x650/UAV/ROS2/install/location_msgs/share/location_msgs/environment/ament_prefix_path.dsv
[1.184s] -- Up-to-date: /home/x650/UAV/ROS2/install/location_msgs/share/location_msgs/environment/path.sh
[1.185s] -- Up-to-date: /home/x650/UAV/ROS2/install/location_msgs/share/location_msgs/environment/path.dsv
[1.185s] -- Up-to-date: /home/x650/UAV/ROS2/install/location_msgs/share/location_msgs/local_setup.bash
[1.185s] -- Up-to-date: /home/x650/UAV/ROS2/install/location_msgs/share/location_msgs/local_setup.sh
[1.185s] -- Up-to-date: /home/x650/UAV/ROS2/install/location_msgs/share/location_msgs/local_setup.zsh
[1.185s] -- Up-to-date: /home/x650/UAV/ROS2/install/location_msgs/share/location_msgs/local_setup.dsv
[1.185s] -- Installing: /home/x650/UAV/ROS2/install/location_msgs/share/location_msgs/package.dsv
[1.186s] -- Up-to-date: /home/x650/UAV/ROS2/install/location_msgs/share/ament_index/resource_index/packages/location_msgs
[1.186s] -- Up-to-date: /home/x650/UAV/ROS2/install/location_msgs/share/location_msgs/cmake/export_location_msgs__rosidl_generator_cExport.cmake
[1.186s] -- Up-to-date: /home/x650/UAV/ROS2/install/location_msgs/share/location_msgs/cmake/export_location_msgs__rosidl_generator_cExport-noconfig.cmake
[1.186s] -- Up-to-date: /home/x650/UAV/ROS2/install/location_msgs/share/location_msgs/cmake/export_location_msgs__rosidl_typesupport_fastrtps_cExport.cmake
[1.186s] -- Up-to-date: /home/x650/UAV/ROS2/install/location_msgs/share/location_msgs/cmake/export_location_msgs__rosidl_typesupport_fastrtps_cExport-noconfig.cmake
[1.186s] -- Up-to-date: /home/x650/UAV/ROS2/install/location_msgs/share/location_msgs/cmake/location_msgs__rosidl_typesupport_introspection_cExport.cmake
[1.186s] -- Up-to-date: /home/x650/UAV/ROS2/install/location_msgs/share/location_msgs/cmake/location_msgs__rosidl_typesupport_introspection_cExport-noconfig.cmake
[1.186s] -- Up-to-date: /home/x650/UAV/ROS2/install/location_msgs/share/location_msgs/cmake/location_msgs__rosidl_typesupport_cExport.cmake
[1.186s] -- Up-to-date: /home/x650/UAV/ROS2/install/location_msgs/share/location_msgs/cmake/location_msgs__rosidl_typesupport_cExport-noconfig.cmake
[1.186s] -- Up-to-date: /home/x650/UAV/ROS2/install/location_msgs/share/location_msgs/cmake/export_location_msgs__rosidl_generator_cppExport.cmake
[1.186s] -- Up-to-date: /home/x650/UAV/ROS2/install/location_msgs/share/location_msgs/cmake/export_location_msgs__rosidl_typesupport_fastrtps_cppExport.cmake
[1.186s] -- Up-to-date: /home/x650/UAV/ROS2/install/location_msgs/share/location_msgs/cmake/export_location_msgs__rosidl_typesupport_fastrtps_cppExport-noconfig.cmake
[1.186s] -- Up-to-date: /home/x650/UAV/ROS2/install/location_msgs/share/location_msgs/cmake/location_msgs__rosidl_typesupport_introspection_cppExport.cmake
[1.186s] -- Up-to-date: /home/x650/UAV/ROS2/install/location_msgs/share/location_msgs/cmake/location_msgs__rosidl_typesupport_introspection_cppExport-noconfig.cmake
[1.186s] -- Up-to-date: /home/x650/UAV/ROS2/install/location_msgs/share/location_msgs/cmake/location_msgs__rosidl_typesupport_cppExport.cmake
[1.186s] -- Up-to-date: /home/x650/UAV/ROS2/install/location_msgs/share/location_msgs/cmake/location_msgs__rosidl_typesupport_cppExport-noconfig.cmake
[1.186s] -- Up-to-date: /home/x650/UAV/ROS2/install/location_msgs/share/location_msgs/cmake/export_location_msgs__rosidl_generator_pyExport.cmake
[1.186s] -- Up-to-date: /home/x650/UAV/ROS2/install/location_msgs/share/location_msgs/cmake/export_location_msgs__rosidl_generator_pyExport-noconfig.cmake
[1.186s] -- Up-to-date: /home/x650/UAV/ROS2/install/location_msgs/share/location_msgs/cmake/rosidl_cmake-extras.cmake
[1.186s] -- Up-to-date: /home/x650/UAV/ROS2/install/location_msgs/share/location_msgs/cmake/ament_cmake_export_dependencies-extras.cmake
[1.186s] -- Up-to-date: /home/x650/UAV/ROS2/install/location_msgs/share/location_msgs/cmake/ament_cmake_export_include_directories-extras.cmake
[1.186s] -- Up-to-date: /home/x650/UAV/ROS2/install/location_msgs/share/location_msgs/cmake/ament_cmake_export_libraries-extras.cmake
[1.186s] -- Up-to-date: /home/x650/UAV/ROS2/install/location_msgs/share/location_msgs/cmake/ament_cmake_export_targets-extras.cmake
[1.186s] -- Up-to-date: /home/x650/UAV/ROS2/install/location_msgs/share/location_msgs/cmake/rosidl_cmake_export_typesupport_targets-extras.cmake
[1.186s] -- Up-to-date: /home/x650/UAV/ROS2/install/location_msgs/share/location_msgs/cmake/rosidl_cmake_export_typesupport_libraries-extras.cmake
[1.187s] -- Up-to-date: /home/x650/UAV/ROS2/install/location_msgs/share/location_msgs/cmake/location_msgsConfig.cmake
[1.187s] -- Up-to-date: /home/x650/UAV/ROS2/install/location_msgs/share/location_msgs/cmake/location_msgsConfig-version.cmake
[1.187s] -- Up-to-date: /home/x650/UAV/ROS2/install/location_msgs/share/location_msgs/package.xml
[1.188s] Invoked command in '/home/x650/UAV/ROS2/build/location_msgs' returned '0': CMAKE_PREFIX_PATH=${CMAKE_PREFIX_PATH}:/home/x650/UAV/ROS2/install/uav_patrol:/opt/ros/humble /usr/bin/cmake --install /home/x650/UAV/ROS2/build/location_msgs
