[0.229s] DEBUG:colcon:Command line arguments: ['/usr/bin/colcon', 'build']
[0.229s] DEBUG:colcon:Parsed command line arguments: Namespace(allow_overriding=[], ament_cmake_args=None, base_paths=['.'], build_base='build', catkin_cmake_args=None, catkin_skip_building_tests=False, cmake_args=None, cmake_clean_cache=False, cmake_clean_first=False, cmake_force_configure=False, cmake_target=None, cmake_target_skip_unavailable=False, continue_on_error=False, event_handlers=None, executor='parallel', ignore_user_meta=False, install_base='install', log_base=None, log_level=None, main=<bound method BuildVerb.main of <colcon_core.verb.build.BuildVerb object at 0x7fec8ceeac70>>, merge_install=False, metas=['./colcon.meta'], packages_above=None, packages_above_and_dependencies=None, packages_above_depth=None, packages_end=None, packages_ignore=None, packages_ignore_regex=None, packages_select=None, packages_select_build_failed=False, packages_select_by_dep=None, packages_select_regex=None, packages_select_test_failures=False, packages_skip=None, packages_skip_build_finished=False, packages_skip_by_dep=None, packages_skip_regex=None, packages_skip_test_passed=False, packages_skip_up_to=None, packages_start=None, packages_up_to=None, packages_up_to_regex=None, parallel_workers=8, paths=None, symlink_install=False, test_result_base=None, verb_extension=<colcon_core.verb.build.BuildVerb object at 0x7fec8ceeac70>, verb_name='build', verb_parser=<colcon_defaults.argument_parser.defaults.DefaultArgumentsDecorator object at 0x7fec8ce9dee0>)
[0.276s] Level 1:colcon.colcon_core.package_discovery:discover_packages(colcon_meta) check parameters
[0.276s] Level 1:colcon.colcon_core.package_discovery:discover_packages(recursive) check parameters
[0.276s] Level 1:colcon.colcon_core.package_discovery:discover_packages(ignore) check parameters
[0.276s] Level 1:colcon.colcon_core.package_discovery:discover_packages(path) check parameters
[0.276s] Level 1:colcon.colcon_core.package_discovery:discover_packages(colcon_meta) discover
[0.277s] Level 1:colcon.colcon_core.package_discovery:discover_packages(recursive) discover
[0.277s] INFO:colcon.colcon_core.package_discovery:Crawling recursively for packages in '/home/ccl/UAV/ROS2'
[0.277s] Level 1:colcon.colcon_core.package_identification:_identify(.) by extensions ['ignore', 'ignore_ament_install']
[0.277s] Level 1:colcon.colcon_core.package_identification:_identify(.) by extension 'ignore'
[0.277s] Level 1:colcon.colcon_core.package_identification:_identify(.) by extension 'ignore_ament_install'
[0.277s] Level 1:colcon.colcon_core.package_identification:_identify(.) by extensions ['colcon_pkg']
[0.277s] Level 1:colcon.colcon_core.package_identification:_identify(.) by extension 'colcon_pkg'
[0.277s] Level 1:colcon.colcon_core.package_identification:_identify(.) by extensions ['colcon_meta']
[0.277s] Level 1:colcon.colcon_core.package_identification:_identify(.) by extension 'colcon_meta'
[0.277s] Level 1:colcon.colcon_core.package_identification:_identify(.) by extensions ['ros']
[0.277s] Level 1:colcon.colcon_core.package_identification:_identify(.) by extension 'ros'
[0.292s] Level 1:colcon.colcon_core.package_identification:_identify(.) by extensions ['cmake', 'python']
[0.292s] Level 1:colcon.colcon_core.package_identification:_identify(.) by extension 'cmake'
[0.292s] Level 1:colcon.colcon_core.package_identification:_identify(.) by extension 'python'
[0.292s] Level 1:colcon.colcon_core.package_identification:_identify(.) by extensions ['python_setup_py']
[0.292s] Level 1:colcon.colcon_core.package_identification:_identify(.) by extension 'python_setup_py'
[0.292s] Level 1:colcon.colcon_core.package_identification:_identify(build) by extensions ['ignore', 'ignore_ament_install']
[0.292s] Level 1:colcon.colcon_core.package_identification:_identify(build) by extension 'ignore'
[0.292s] Level 1:colcon.colcon_core.package_identification:_identify(build) ignored
[0.292s] Level 1:colcon.colcon_core.package_identification:_identify(ctrl_relayer) by extensions ['ignore', 'ignore_ament_install']
[0.292s] Level 1:colcon.colcon_core.package_identification:_identify(ctrl_relayer) by extension 'ignore'
[0.293s] Level 1:colcon.colcon_core.package_identification:_identify(ctrl_relayer) by extension 'ignore_ament_install'
[0.293s] Level 1:colcon.colcon_core.package_identification:_identify(ctrl_relayer) by extensions ['colcon_pkg']
[0.293s] Level 1:colcon.colcon_core.package_identification:_identify(ctrl_relayer) by extension 'colcon_pkg'
[0.293s] Level 1:colcon.colcon_core.package_identification:_identify(ctrl_relayer) by extensions ['colcon_meta']
[0.293s] Level 1:colcon.colcon_core.package_identification:_identify(ctrl_relayer) by extension 'colcon_meta'
[0.293s] Level 1:colcon.colcon_core.package_identification:_identify(ctrl_relayer) by extensions ['ros']
[0.293s] Level 1:colcon.colcon_core.package_identification:_identify(ctrl_relayer) by extension 'ros'
[0.295s] DEBUG:colcon.colcon_core.package_identification:Package 'ctrl_relayer' with type 'ros.ament_python' and name 'ctrl_relayer'
[0.295s] Level 1:colcon.colcon_core.package_identification:_identify(gps_handler) by extensions ['ignore', 'ignore_ament_install']
[0.295s] Level 1:colcon.colcon_core.package_identification:_identify(gps_handler) by extension 'ignore'
[0.295s] Level 1:colcon.colcon_core.package_identification:_identify(gps_handler) by extension 'ignore_ament_install'
[0.295s] Level 1:colcon.colcon_core.package_identification:_identify(gps_handler) by extensions ['colcon_pkg']
[0.295s] Level 1:colcon.colcon_core.package_identification:_identify(gps_handler) by extension 'colcon_pkg'
[0.295s] Level 1:colcon.colcon_core.package_identification:_identify(gps_handler) by extensions ['colcon_meta']
[0.295s] Level 1:colcon.colcon_core.package_identification:_identify(gps_handler) by extension 'colcon_meta'
[0.296s] Level 1:colcon.colcon_core.package_identification:_identify(gps_handler) by extensions ['ros']
[0.296s] Level 1:colcon.colcon_core.package_identification:_identify(gps_handler) by extension 'ros'
[0.296s] DEBUG:colcon.colcon_core.package_identification:Package 'gps_handler' with type 'ros.ament_python' and name 'gps_handler'
[0.296s] Level 1:colcon.colcon_core.package_identification:_identify(install) by extensions ['ignore', 'ignore_ament_install']
[0.297s] Level 1:colcon.colcon_core.package_identification:_identify(install) by extension 'ignore'
[0.297s] Level 1:colcon.colcon_core.package_identification:_identify(install) ignored
[0.297s] Level 1:colcon.colcon_core.package_identification:_identify(log) by extensions ['ignore', 'ignore_ament_install']
[0.297s] Level 1:colcon.colcon_core.package_identification:_identify(log) by extension 'ignore'
[0.297s] Level 1:colcon.colcon_core.package_identification:_identify(log) ignored
[0.297s] Level 1:colcon.colcon_core.package_identification:_identify(nmea_msgs) by extensions ['ignore', 'ignore_ament_install']
[0.297s] Level 1:colcon.colcon_core.package_identification:_identify(nmea_msgs) by extension 'ignore'
[0.297s] Level 1:colcon.colcon_core.package_identification:_identify(nmea_msgs) by extension 'ignore_ament_install'
[0.297s] Level 1:colcon.colcon_core.package_identification:_identify(nmea_msgs) by extensions ['colcon_pkg']
[0.297s] Level 1:colcon.colcon_core.package_identification:_identify(nmea_msgs) by extension 'colcon_pkg'
[0.297s] Level 1:colcon.colcon_core.package_identification:_identify(nmea_msgs) by extensions ['colcon_meta']
[0.297s] Level 1:colcon.colcon_core.package_identification:_identify(nmea_msgs) by extension 'colcon_meta'
[0.297s] Level 1:colcon.colcon_core.package_identification:_identify(nmea_msgs) by extensions ['ros']
[0.297s] Level 1:colcon.colcon_core.package_identification:_identify(nmea_msgs) by extension 'ros'
[0.298s] DEBUG:colcon.colcon_core.package_identification:Package 'nmea_msgs' with type 'ros.ament_cmake' and name 'nmea_msgs'
[0.298s] Level 1:colcon.colcon_core.package_identification:_identify(object_detector) by extensions ['ignore', 'ignore_ament_install']
[0.298s] Level 1:colcon.colcon_core.package_identification:_identify(object_detector) by extension 'ignore'
[0.298s] Level 1:colcon.colcon_core.package_identification:_identify(object_detector) by extension 'ignore_ament_install'
[0.299s] Level 1:colcon.colcon_core.package_identification:_identify(object_detector) by extensions ['colcon_pkg']
[0.299s] Level 1:colcon.colcon_core.package_identification:_identify(object_detector) by extension 'colcon_pkg'
[0.299s] Level 1:colcon.colcon_core.package_identification:_identify(object_detector) by extensions ['colcon_meta']
[0.299s] Level 1:colcon.colcon_core.package_identification:_identify(object_detector) by extension 'colcon_meta'
[0.299s] Level 1:colcon.colcon_core.package_identification:_identify(object_detector) by extensions ['ros']
[0.299s] Level 1:colcon.colcon_core.package_identification:_identify(object_detector) by extension 'ros'
[0.299s] DEBUG:colcon.colcon_core.package_identification:Package 'object_detector' with type 'ros.ament_python' and name 'object_detector'
[0.299s] Level 1:colcon.colcon_core.package_identification:_identify(tf_converter) by extensions ['ignore', 'ignore_ament_install']
[0.300s] Level 1:colcon.colcon_core.package_identification:_identify(tf_converter) by extension 'ignore'
[0.300s] Level 1:colcon.colcon_core.package_identification:_identify(tf_converter) by extension 'ignore_ament_install'
[0.300s] Level 1:colcon.colcon_core.package_identification:_identify(tf_converter) by extensions ['colcon_pkg']
[0.300s] Level 1:colcon.colcon_core.package_identification:_identify(tf_converter) by extension 'colcon_pkg'
[0.300s] Level 1:colcon.colcon_core.package_identification:_identify(tf_converter) by extensions ['colcon_meta']
[0.300s] Level 1:colcon.colcon_core.package_identification:_identify(tf_converter) by extension 'colcon_meta'
[0.300s] Level 1:colcon.colcon_core.package_identification:_identify(tf_converter) by extensions ['ros']
[0.300s] Level 1:colcon.colcon_core.package_identification:_identify(tf_converter) by extension 'ros'
[0.300s] DEBUG:colcon.colcon_core.package_identification:Package 'tf_converter' with type 'ros.ament_python' and name 'tf_converter'
[0.301s] Level 1:colcon.colcon_core.package_discovery:discover_packages(recursive) using defaults
[0.301s] Level 1:colcon.colcon_core.package_discovery:discover_packages(ignore) discover
[0.301s] Level 1:colcon.colcon_core.package_discovery:discover_packages(ignore) using defaults
[0.301s] Level 1:colcon.colcon_core.package_discovery:discover_packages(path) discover
[0.301s] Level 1:colcon.colcon_core.package_discovery:discover_packages(path) using defaults
[0.320s] Level 1:colcon.colcon_core.package_discovery:discover_packages(prefix_path) check parameters
[0.320s] Level 1:colcon.colcon_core.package_discovery:discover_packages(prefix_path) discover
[0.323s] DEBUG:colcon.colcon_installed_package_information.package_discovery:Found 6 installed packages in /home/ccl/UAV/ROS2/install
[0.326s] DEBUG:colcon.colcon_installed_package_information.package_discovery:Found 277 installed packages in /opt/ros/galactic
[0.328s] Level 1:colcon.colcon_core.package_discovery:discover_packages(prefix_path) using defaults
[0.393s] Level 5:colcon.colcon_core.verb:set package 'ctrl_relayer' build argument 'cmake_args' from command line to 'None'
[0.393s] Level 5:colcon.colcon_core.verb:set package 'ctrl_relayer' build argument 'cmake_target' from command line to 'None'
[0.393s] Level 5:colcon.colcon_core.verb:set package 'ctrl_relayer' build argument 'cmake_target_skip_unavailable' from command line to 'False'
[0.393s] Level 5:colcon.colcon_core.verb:set package 'ctrl_relayer' build argument 'cmake_clean_cache' from command line to 'False'
[0.393s] Level 5:colcon.colcon_core.verb:set package 'ctrl_relayer' build argument 'cmake_clean_first' from command line to 'False'
[0.393s] Level 5:colcon.colcon_core.verb:set package 'ctrl_relayer' build argument 'cmake_force_configure' from command line to 'False'
[0.393s] Level 5:colcon.colcon_core.verb:set package 'ctrl_relayer' build argument 'ament_cmake_args' from command line to 'None'
[0.393s] Level 5:colcon.colcon_core.verb:set package 'ctrl_relayer' build argument 'catkin_cmake_args' from command line to 'None'
[0.393s] Level 5:colcon.colcon_core.verb:set package 'ctrl_relayer' build argument 'catkin_skip_building_tests' from command line to 'False'
[0.393s] DEBUG:colcon.colcon_core.verb:Building package 'ctrl_relayer' with the following arguments: {'ament_cmake_args': None, 'build_base': '/home/ccl/UAV/ROS2/build/ctrl_relayer', 'catkin_cmake_args': None, 'catkin_skip_building_tests': False, 'cmake_args': None, 'cmake_clean_cache': False, 'cmake_clean_first': False, 'cmake_force_configure': False, 'cmake_target': None, 'cmake_target_skip_unavailable': False, 'install_base': '/home/ccl/UAV/ROS2/install/ctrl_relayer', 'merge_install': False, 'path': '/home/ccl/UAV/ROS2/ctrl_relayer', 'symlink_install': False, 'test_result_base': None}
[0.393s] Level 5:colcon.colcon_core.verb:set package 'nmea_msgs' build argument 'cmake_args' from command line to 'None'
[0.393s] Level 5:colcon.colcon_core.verb:set package 'nmea_msgs' build argument 'cmake_target' from command line to 'None'
[0.393s] Level 5:colcon.colcon_core.verb:set package 'nmea_msgs' build argument 'cmake_target_skip_unavailable' from command line to 'False'
[0.393s] Level 5:colcon.colcon_core.verb:set package 'nmea_msgs' build argument 'cmake_clean_cache' from command line to 'False'
[0.393s] Level 5:colcon.colcon_core.verb:set package 'nmea_msgs' build argument 'cmake_clean_first' from command line to 'False'
[0.394s] Level 5:colcon.colcon_core.verb:set package 'nmea_msgs' build argument 'cmake_force_configure' from command line to 'False'
[0.394s] Level 5:colcon.colcon_core.verb:set package 'nmea_msgs' build argument 'ament_cmake_args' from command line to 'None'
[0.394s] Level 5:colcon.colcon_core.verb:set package 'nmea_msgs' build argument 'catkin_cmake_args' from command line to 'None'
[0.394s] Level 5:colcon.colcon_core.verb:set package 'nmea_msgs' build argument 'catkin_skip_building_tests' from command line to 'False'
[0.394s] DEBUG:colcon.colcon_core.verb:Building package 'nmea_msgs' with the following arguments: {'ament_cmake_args': None, 'build_base': '/home/ccl/UAV/ROS2/build/nmea_msgs', 'catkin_cmake_args': None, 'catkin_skip_building_tests': False, 'cmake_args': None, 'cmake_clean_cache': False, 'cmake_clean_first': False, 'cmake_force_configure': False, 'cmake_target': None, 'cmake_target_skip_unavailable': False, 'install_base': '/home/ccl/UAV/ROS2/install/nmea_msgs', 'merge_install': False, 'path': '/home/ccl/UAV/ROS2/nmea_msgs', 'symlink_install': False, 'test_result_base': None}
[0.394s] Level 5:colcon.colcon_core.verb:set package 'object_detector' build argument 'cmake_args' from command line to 'None'
[0.394s] Level 5:colcon.colcon_core.verb:set package 'object_detector' build argument 'cmake_target' from command line to 'None'
[0.394s] Level 5:colcon.colcon_core.verb:set package 'object_detector' build argument 'cmake_target_skip_unavailable' from command line to 'False'
[0.394s] Level 5:colcon.colcon_core.verb:set package 'object_detector' build argument 'cmake_clean_cache' from command line to 'False'
[0.394s] Level 5:colcon.colcon_core.verb:set package 'object_detector' build argument 'cmake_clean_first' from command line to 'False'
[0.394s] Level 5:colcon.colcon_core.verb:set package 'object_detector' build argument 'cmake_force_configure' from command line to 'False'
[0.394s] Level 5:colcon.colcon_core.verb:set package 'object_detector' build argument 'ament_cmake_args' from command line to 'None'
[0.394s] Level 5:colcon.colcon_core.verb:set package 'object_detector' build argument 'catkin_cmake_args' from command line to 'None'
[0.394s] Level 5:colcon.colcon_core.verb:set package 'object_detector' build argument 'catkin_skip_building_tests' from command line to 'False'
[0.394s] DEBUG:colcon.colcon_core.verb:Building package 'object_detector' with the following arguments: {'ament_cmake_args': None, 'build_base': '/home/ccl/UAV/ROS2/build/object_detector', 'catkin_cmake_args': None, 'catkin_skip_building_tests': False, 'cmake_args': None, 'cmake_clean_cache': False, 'cmake_clean_first': False, 'cmake_force_configure': False, 'cmake_target': None, 'cmake_target_skip_unavailable': False, 'install_base': '/home/ccl/UAV/ROS2/install/object_detector', 'merge_install': False, 'path': '/home/ccl/UAV/ROS2/object_detector', 'symlink_install': False, 'test_result_base': None}
[0.395s] Level 5:colcon.colcon_core.verb:set package 'tf_converter' build argument 'cmake_args' from command line to 'None'
[0.395s] Level 5:colcon.colcon_core.verb:set package 'tf_converter' build argument 'cmake_target' from command line to 'None'
[0.395s] Level 5:colcon.colcon_core.verb:set package 'tf_converter' build argument 'cmake_target_skip_unavailable' from command line to 'False'
[0.395s] Level 5:colcon.colcon_core.verb:set package 'tf_converter' build argument 'cmake_clean_cache' from command line to 'False'
[0.395s] Level 5:colcon.colcon_core.verb:set package 'tf_converter' build argument 'cmake_clean_first' from command line to 'False'
[0.395s] Level 5:colcon.colcon_core.verb:set package 'tf_converter' build argument 'cmake_force_configure' from command line to 'False'
[0.395s] Level 5:colcon.colcon_core.verb:set package 'tf_converter' build argument 'ament_cmake_args' from command line to 'None'
[0.395s] Level 5:colcon.colcon_core.verb:set package 'tf_converter' build argument 'catkin_cmake_args' from command line to 'None'
[0.395s] Level 5:colcon.colcon_core.verb:set package 'tf_converter' build argument 'catkin_skip_building_tests' from command line to 'False'
[0.395s] DEBUG:colcon.colcon_core.verb:Building package 'tf_converter' with the following arguments: {'ament_cmake_args': None, 'build_base': '/home/ccl/UAV/ROS2/build/tf_converter', 'catkin_cmake_args': None, 'catkin_skip_building_tests': False, 'cmake_args': None, 'cmake_clean_cache': False, 'cmake_clean_first': False, 'cmake_force_configure': False, 'cmake_target': None, 'cmake_target_skip_unavailable': False, 'install_base': '/home/ccl/UAV/ROS2/install/tf_converter', 'merge_install': False, 'path': '/home/ccl/UAV/ROS2/tf_converter', 'symlink_install': False, 'test_result_base': None}
[0.395s] Level 5:colcon.colcon_core.verb:set package 'gps_handler' build argument 'cmake_args' from command line to 'None'
[0.395s] Level 5:colcon.colcon_core.verb:set package 'gps_handler' build argument 'cmake_target' from command line to 'None'
[0.395s] Level 5:colcon.colcon_core.verb:set package 'gps_handler' build argument 'cmake_target_skip_unavailable' from command line to 'False'
[0.395s] Level 5:colcon.colcon_core.verb:set package 'gps_handler' build argument 'cmake_clean_cache' from command line to 'False'
[0.395s] Level 5:colcon.colcon_core.verb:set package 'gps_handler' build argument 'cmake_clean_first' from command line to 'False'
[0.395s] Level 5:colcon.colcon_core.verb:set package 'gps_handler' build argument 'cmake_force_configure' from command line to 'False'
[0.395s] Level 5:colcon.colcon_core.verb:set package 'gps_handler' build argument 'ament_cmake_args' from command line to 'None'
[0.395s] Level 5:colcon.colcon_core.verb:set package 'gps_handler' build argument 'catkin_cmake_args' from command line to 'None'
[0.395s] Level 5:colcon.colcon_core.verb:set package 'gps_handler' build argument 'catkin_skip_building_tests' from command line to 'False'
[0.395s] DEBUG:colcon.colcon_core.verb:Building package 'gps_handler' with the following arguments: {'ament_cmake_args': None, 'build_base': '/home/ccl/UAV/ROS2/build/gps_handler', 'catkin_cmake_args': None, 'catkin_skip_building_tests': False, 'cmake_args': None, 'cmake_clean_cache': False, 'cmake_clean_first': False, 'cmake_force_configure': False, 'cmake_target': None, 'cmake_target_skip_unavailable': False, 'install_base': '/home/ccl/UAV/ROS2/install/gps_handler', 'merge_install': False, 'path': '/home/ccl/UAV/ROS2/gps_handler', 'symlink_install': False, 'test_result_base': None}
[0.396s] INFO:colcon.colcon_core.executor:Executing jobs using 'parallel' executor
[0.397s] DEBUG:colcon.colcon_parallel_executor.executor.parallel:run_until_complete
[0.398s] INFO:colcon.colcon_ros.task.ament_cmake.build:Building ROS package in '/home/ccl/UAV/ROS2/nmea_msgs' with build type 'ament_cmake'
[0.398s] INFO:colcon.colcon_cmake.task.cmake.build:Building CMake package in '/home/ccl/UAV/ROS2/nmea_msgs'
[0.401s] INFO:colcon.colcon_core.plugin_system:Skipping extension 'colcon_core.shell.bat': Not used on non-Windows systems
[0.401s] INFO:colcon.colcon_core.shell:Skip shell extension 'powershell' for command environment: Not usable outside of PowerShell
[0.401s] DEBUG:colcon.colcon_core.shell:Skip shell extension 'dsv' for command environment
[0.411s] INFO:colcon.colcon_ros.task.ament_python.build:Building ROS package in '/home/ccl/UAV/ROS2/ctrl_relayer' with build type 'ament_python'
[0.412s] Level 1:colcon.colcon_core.shell:create_environment_hook('ctrl_relayer', 'ament_prefix_path')
[0.413s] INFO:colcon.colcon_core.shell:Creating environment hook '/home/ccl/UAV/ROS2/install/ctrl_relayer/share/ctrl_relayer/hook/ament_prefix_path.ps1'
[0.416s] INFO:colcon.colcon_core.shell:Creating environment descriptor '/home/ccl/UAV/ROS2/install/ctrl_relayer/share/ctrl_relayer/hook/ament_prefix_path.dsv'
[0.418s] INFO:colcon.colcon_core.shell:Creating environment hook '/home/ccl/UAV/ROS2/install/ctrl_relayer/share/ctrl_relayer/hook/ament_prefix_path.sh'
[0.418s] INFO:colcon.colcon_core.shell:Skip shell extension 'powershell' for command environment: Not usable outside of PowerShell
[0.419s] DEBUG:colcon.colcon_core.shell:Skip shell extension 'dsv' for command environment
[0.428s] INFO:colcon.colcon_ros.task.ament_python.build:Building ROS package in '/home/ccl/UAV/ROS2/object_detector' with build type 'ament_python'
[0.430s] Level 1:colcon.colcon_core.shell:create_environment_hook('object_detector', 'ament_prefix_path')
[0.432s] INFO:colcon.colcon_core.shell:Creating environment hook '/home/ccl/UAV/ROS2/install/object_detector/share/object_detector/hook/ament_prefix_path.ps1'
[0.435s] INFO:colcon.colcon_core.shell:Creating environment descriptor '/home/ccl/UAV/ROS2/install/object_detector/share/object_detector/hook/ament_prefix_path.dsv'
[0.435s] INFO:colcon.colcon_core.shell:Creating environment hook '/home/ccl/UAV/ROS2/install/object_detector/share/object_detector/hook/ament_prefix_path.sh'
[0.436s] INFO:colcon.colcon_core.shell:Skip shell extension 'powershell' for command environment: Not usable outside of PowerShell
[0.436s] DEBUG:colcon.colcon_core.shell:Skip shell extension 'dsv' for command environment
[0.447s] INFO:colcon.colcon_ros.task.ament_python.build:Building ROS package in '/home/ccl/UAV/ROS2/tf_converter' with build type 'ament_python'
[0.448s] Level 1:colcon.colcon_core.shell:create_environment_hook('tf_converter', 'ament_prefix_path')
[0.450s] INFO:colcon.colcon_core.shell:Creating environment hook '/home/ccl/UAV/ROS2/install/tf_converter/share/tf_converter/hook/ament_prefix_path.ps1'
[0.453s] INFO:colcon.colcon_core.shell:Creating environment descriptor '/home/ccl/UAV/ROS2/install/tf_converter/share/tf_converter/hook/ament_prefix_path.dsv'
[0.453s] INFO:colcon.colcon_core.shell:Creating environment hook '/home/ccl/UAV/ROS2/install/tf_converter/share/tf_converter/hook/ament_prefix_path.sh'
[0.454s] INFO:colcon.colcon_core.shell:Skip shell extension 'powershell' for command environment: Not usable outside of PowerShell
[0.454s] DEBUG:colcon.colcon_core.shell:Skip shell extension 'dsv' for command environment
[0.476s] DEBUG:colcon.colcon_core.event_handler.log_command:Invoking command in '/home/ccl/UAV/ROS2/build/nmea_msgs': CMAKE_PREFIX_PATH=${CMAKE_PREFIX_PATH}:/home/ccl/UAV/ROS2/install/tf_converter:/home/ccl/UAV/ROS2/install/object_detector:/home/ccl/UAV/ROS2/install/gps_handler:/home/ccl/UAV/ROS2/install/ctrl_relayer:/home/ccl/UAV/ROS2/install/cmd_handler:/opt/ros/galactic /usr/bin/cmake --build /home/ccl/UAV/ROS2/build/nmea_msgs -- -j8 -l8
[0.749s] INFO:colcon.colcon_core.task.python.build:Building Python package in '/home/ccl/UAV/ROS2/ctrl_relayer'
[0.751s] INFO:colcon.colcon_core.shell:Skip shell extension 'powershell' for command environment: Not usable outside of PowerShell
[0.752s] DEBUG:colcon.colcon_core.shell:Skip shell extension 'dsv' for command environment
[1.020s] INFO:colcon.colcon_core.task.python.build:Building Python package in '/home/ccl/UAV/ROS2/object_detector'
[1.022s] INFO:colcon.colcon_core.shell:Skip shell extension 'powershell' for command environment: Not usable outside of PowerShell
[1.022s] DEBUG:colcon.colcon_core.shell:Skip shell extension 'dsv' for command environment
[1.284s] INFO:colcon.colcon_core.task.python.build:Building Python package in '/home/ccl/UAV/ROS2/tf_converter'
[1.285s] INFO:colcon.colcon_core.shell:Skip shell extension 'powershell' for command environment: Not usable outside of PowerShell
[1.286s] DEBUG:colcon.colcon_core.shell:Skip shell extension 'dsv' for command environment
[1.299s] DEBUG:colcon.colcon_core.event_handler.log_command:Invoked command in '/home/ccl/UAV/ROS2/build/nmea_msgs' returned '0': CMAKE_PREFIX_PATH=${CMAKE_PREFIX_PATH}:/home/ccl/UAV/ROS2/install/tf_converter:/home/ccl/UAV/ROS2/install/object_detector:/home/ccl/UAV/ROS2/install/gps_handler:/home/ccl/UAV/ROS2/install/ctrl_relayer:/home/ccl/UAV/ROS2/install/cmd_handler:/opt/ros/galactic /usr/bin/cmake --build /home/ccl/UAV/ROS2/build/nmea_msgs -- -j8 -l8
[1.861s] DEBUG:colcon.colcon_core.event_handler.log_command:Invoking command in '/home/ccl/UAV/ROS2/build/nmea_msgs': CMAKE_PREFIX_PATH=${CMAKE_PREFIX_PATH}:/home/ccl/UAV/ROS2/install/tf_converter:/home/ccl/UAV/ROS2/install/object_detector:/home/ccl/UAV/ROS2/install/gps_handler:/home/ccl/UAV/ROS2/install/ctrl_relayer:/home/ccl/UAV/ROS2/install/cmd_handler:/opt/ros/galactic /usr/bin/cmake --install /home/ccl/UAV/ROS2/build/nmea_msgs
[2.043s] Level 1:colcon.colcon_core.environment:create_environment_scripts_only(nmea_msgs)
[2.072s] Level 1:colcon.colcon_core.environment:checking '/home/ccl/UAV/ROS2/install/nmea_msgs' for CMake module files
[2.073s] DEBUG:colcon.colcon_core.event_handler.log_command:Invoked command in '/home/ccl/UAV/ROS2/build/nmea_msgs' returned '0': CMAKE_PREFIX_PATH=${CMAKE_PREFIX_PATH}:/home/ccl/UAV/ROS2/install/tf_converter:/home/ccl/UAV/ROS2/install/object_detector:/home/ccl/UAV/ROS2/install/gps_handler:/home/ccl/UAV/ROS2/install/ctrl_relayer:/home/ccl/UAV/ROS2/install/cmd_handler:/opt/ros/galactic /usr/bin/cmake --install /home/ccl/UAV/ROS2/build/nmea_msgs
[2.074s] Level 1:colcon.colcon_core.environment:checking '/home/ccl/UAV/ROS2/install/nmea_msgs' for CMake config files
[2.076s] Level 1:colcon.colcon_core.shell:create_environment_hook('nmea_msgs', 'cmake_prefix_path')
[2.076s] INFO:colcon.colcon_core.shell:Creating environment hook '/home/ccl/UAV/ROS2/install/nmea_msgs/share/nmea_msgs/hook/cmake_prefix_path.ps1'
[2.077s] INFO:colcon.colcon_core.shell:Creating environment descriptor '/home/ccl/UAV/ROS2/install/nmea_msgs/share/nmea_msgs/hook/cmake_prefix_path.dsv'
[2.078s] INFO:colcon.colcon_core.shell:Creating environment hook '/home/ccl/UAV/ROS2/install/nmea_msgs/share/nmea_msgs/hook/cmake_prefix_path.sh'
[2.080s] Level 1:colcon.colcon_core.environment:checking '/home/ccl/UAV/ROS2/install/nmea_msgs/lib'
[2.080s] Level 1:colcon.colcon_core.shell:create_environment_hook('nmea_msgs', 'ld_library_path_lib')
[2.080s] INFO:colcon.colcon_core.shell:Creating environment hook '/home/ccl/UAV/ROS2/install/nmea_msgs/share/nmea_msgs/hook/ld_library_path_lib.ps1'
[2.081s] INFO:colcon.colcon_core.shell:Creating environment descriptor '/home/ccl/UAV/ROS2/install/nmea_msgs/share/nmea_msgs/hook/ld_library_path_lib.dsv'
[2.081s] INFO:colcon.colcon_core.shell:Creating environment hook '/home/ccl/UAV/ROS2/install/nmea_msgs/share/nmea_msgs/hook/ld_library_path_lib.sh'
[2.082s] Level 1:colcon.colcon_core.environment:checking '/home/ccl/UAV/ROS2/install/nmea_msgs/bin'
[2.082s] Level 1:colcon.colcon_core.environment:checking '/home/ccl/UAV/ROS2/install/nmea_msgs/lib/pkgconfig/nmea_msgs.pc'
[2.082s] Level 1:colcon.colcon_core.environment:checking '/home/ccl/UAV/ROS2/install/nmea_msgs/lib/python3.8/site-packages'
[2.083s] Level 1:colcon.colcon_core.shell:create_environment_hook('nmea_msgs', 'pythonpath')
[2.083s] INFO:colcon.colcon_core.shell:Creating environment hook '/home/ccl/UAV/ROS2/install/nmea_msgs/share/nmea_msgs/hook/pythonpath.ps1'
[2.083s] INFO:colcon.colcon_core.shell:Creating environment descriptor '/home/ccl/UAV/ROS2/install/nmea_msgs/share/nmea_msgs/hook/pythonpath.dsv'
[2.084s] INFO:colcon.colcon_core.shell:Creating environment hook '/home/ccl/UAV/ROS2/install/nmea_msgs/share/nmea_msgs/hook/pythonpath.sh'
[2.085s] Level 1:colcon.colcon_core.environment:checking '/home/ccl/UAV/ROS2/install/nmea_msgs/bin'
[2.085s] INFO:colcon.colcon_core.shell:Creating package script '/home/ccl/UAV/ROS2/install/nmea_msgs/share/nmea_msgs/package.ps1'
[2.087s] INFO:colcon.colcon_core.shell:Creating package descriptor '/home/ccl/UAV/ROS2/install/nmea_msgs/share/nmea_msgs/package.dsv'
[2.088s] INFO:colcon.colcon_core.shell:Creating package script '/home/ccl/UAV/ROS2/install/nmea_msgs/share/nmea_msgs/package.sh'
[2.089s] INFO:colcon.colcon_core.shell:Creating package script '/home/ccl/UAV/ROS2/install/nmea_msgs/share/nmea_msgs/package.bash'
[2.090s] INFO:colcon.colcon_core.shell:Creating package script '/home/ccl/UAV/ROS2/install/nmea_msgs/share/nmea_msgs/package.zsh'
[2.091s] Level 1:colcon.colcon_core.environment:create_file_with_runtime_dependencies(/home/ccl/UAV/ROS2/install/nmea_msgs/share/colcon-core/packages/nmea_msgs)
[2.240s] DEBUG:colcon.colcon_core.event_handler.log_command:Invoking command in '/home/ccl/UAV/ROS2/ctrl_relayer': PYTHONPATH=/home/ccl/UAV/ROS2/build/ctrl_relayer/prefix_override:/home/ccl/UAV/ROS2/install/ctrl_relayer/lib/python3.8/site-packages:${PYTHONPATH} /usr/bin/python3 -W ignore:setup.py install is deprecated setup.py egg_info --egg-base ../build/ctrl_relayer build --build-base /home/ccl/UAV/ROS2/build/ctrl_relayer/build install --record /home/ccl/UAV/ROS2/build/ctrl_relayer/install.log --single-version-externally-managed install_data
[2.266s] DEBUG:colcon.colcon_core.event_handler.log_command:Invoking command in '/home/ccl/UAV/ROS2/tf_converter': PYTHONPATH=/home/ccl/UAV/ROS2/build/tf_converter/prefix_override:/home/ccl/UAV/ROS2/install/tf_converter/lib/python3.8/site-packages:${PYTHONPATH} /usr/bin/python3 -W ignore:setup.py install is deprecated setup.py egg_info --egg-base ../build/tf_converter build --build-base /home/ccl/UAV/ROS2/build/tf_converter/build install --record /home/ccl/UAV/ROS2/build/tf_converter/install.log --single-version-externally-managed install_data
[2.274s] DEBUG:colcon.colcon_core.event_handler.log_command:Invoking command in '/home/ccl/UAV/ROS2/object_detector': PYTHONPATH=/home/ccl/UAV/ROS2/build/object_detector/prefix_override:/home/ccl/UAV/ROS2/install/object_detector/lib/python3.8/site-packages:${PYTHONPATH} /usr/bin/python3 -W ignore:setup.py install is deprecated setup.py egg_info --egg-base ../build/object_detector build --build-base /home/ccl/UAV/ROS2/build/object_detector/build install --record /home/ccl/UAV/ROS2/build/object_detector/install.log --single-version-externally-managed install_data
[2.571s] Level 1:colcon.colcon_core.environment:create_environment_scripts_only(nmea_msgs)
[2.572s] Level 1:colcon.colcon_core.environment:checking '/home/ccl/UAV/ROS2/install/nmea_msgs' for CMake module files
[2.574s] Level 1:colcon.colcon_core.environment:checking '/home/ccl/UAV/ROS2/install/nmea_msgs' for CMake config files
[2.575s] Level 1:colcon.colcon_core.shell:create_environment_hook('nmea_msgs', 'cmake_prefix_path')
[2.575s] INFO:colcon.colcon_core.shell:Creating environment hook '/home/ccl/UAV/ROS2/install/nmea_msgs/share/nmea_msgs/hook/cmake_prefix_path.ps1'
[2.576s] INFO:colcon.colcon_core.shell:Creating environment descriptor '/home/ccl/UAV/ROS2/install/nmea_msgs/share/nmea_msgs/hook/cmake_prefix_path.dsv'
[2.577s] INFO:colcon.colcon_core.shell:Creating environment hook '/home/ccl/UAV/ROS2/install/nmea_msgs/share/nmea_msgs/hook/cmake_prefix_path.sh'
[2.578s] Level 1:colcon.colcon_core.environment:checking '/home/ccl/UAV/ROS2/install/nmea_msgs/lib'
[2.578s] Level 1:colcon.colcon_core.shell:create_environment_hook('nmea_msgs', 'ld_library_path_lib')
[2.578s] INFO:colcon.colcon_core.shell:Creating environment hook '/home/ccl/UAV/ROS2/install/nmea_msgs/share/nmea_msgs/hook/ld_library_path_lib.ps1'
[2.579s] INFO:colcon.colcon_core.shell:Creating environment descriptor '/home/ccl/UAV/ROS2/install/nmea_msgs/share/nmea_msgs/hook/ld_library_path_lib.dsv'
[2.580s] INFO:colcon.colcon_core.shell:Creating environment hook '/home/ccl/UAV/ROS2/install/nmea_msgs/share/nmea_msgs/hook/ld_library_path_lib.sh'
[2.581s] Level 1:colcon.colcon_core.environment:checking '/home/ccl/UAV/ROS2/install/nmea_msgs/bin'
[2.581s] Level 1:colcon.colcon_core.environment:checking '/home/ccl/UAV/ROS2/install/nmea_msgs/lib/pkgconfig/nmea_msgs.pc'
[2.582s] Level 1:colcon.colcon_core.environment:checking '/home/ccl/UAV/ROS2/install/nmea_msgs/lib/python3.8/site-packages'
[2.582s] Level 1:colcon.colcon_core.shell:create_environment_hook('nmea_msgs', 'pythonpath')
[2.583s] INFO:colcon.colcon_core.shell:Creating environment hook '/home/ccl/UAV/ROS2/install/nmea_msgs/share/nmea_msgs/hook/pythonpath.ps1'
[2.584s] INFO:colcon.colcon_core.shell:Creating environment descriptor '/home/ccl/UAV/ROS2/install/nmea_msgs/share/nmea_msgs/hook/pythonpath.dsv'
[2.584s] INFO:colcon.colcon_core.shell:Creating environment hook '/home/ccl/UAV/ROS2/install/nmea_msgs/share/nmea_msgs/hook/pythonpath.sh'
[2.585s] Level 1:colcon.colcon_core.environment:checking '/home/ccl/UAV/ROS2/install/nmea_msgs/bin'
[2.585s] INFO:colcon.colcon_core.shell:Creating package script '/home/ccl/UAV/ROS2/install/nmea_msgs/share/nmea_msgs/package.ps1'
[2.586s] INFO:colcon.colcon_core.shell:Creating package descriptor '/home/ccl/UAV/ROS2/install/nmea_msgs/share/nmea_msgs/package.dsv'
[2.587s] INFO:colcon.colcon_core.shell:Creating package script '/home/ccl/UAV/ROS2/install/nmea_msgs/share/nmea_msgs/package.sh'
[2.588s] INFO:colcon.colcon_core.shell:Creating package script '/home/ccl/UAV/ROS2/install/nmea_msgs/share/nmea_msgs/package.bash'
[2.588s] INFO:colcon.colcon_core.shell:Creating package script '/home/ccl/UAV/ROS2/install/nmea_msgs/share/nmea_msgs/package.zsh'
[2.589s] Level 1:colcon.colcon_core.environment:create_file_with_runtime_dependencies(/home/ccl/UAV/ROS2/install/nmea_msgs/share/colcon-core/packages/nmea_msgs)
[2.590s] INFO:colcon.colcon_ros.task.ament_python.build:Building ROS package in '/home/ccl/UAV/ROS2/gps_handler' with build type 'ament_python'
[2.590s] Level 1:colcon.colcon_core.shell:create_environment_hook('gps_handler', 'ament_prefix_path')
[2.590s] INFO:colcon.colcon_core.shell:Creating environment hook '/home/ccl/UAV/ROS2/install/gps_handler/share/gps_handler/hook/ament_prefix_path.ps1'
[2.593s] INFO:colcon.colcon_core.shell:Creating environment descriptor '/home/ccl/UAV/ROS2/install/gps_handler/share/gps_handler/hook/ament_prefix_path.dsv'
[2.593s] INFO:colcon.colcon_core.shell:Creating environment hook '/home/ccl/UAV/ROS2/install/gps_handler/share/gps_handler/hook/ament_prefix_path.sh'
[2.595s] INFO:colcon.colcon_core.shell:Skip shell extension 'powershell' for command environment: Not usable outside of PowerShell
[2.595s] DEBUG:colcon.colcon_core.shell:Skip shell extension 'dsv' for command environment
[2.889s] INFO:colcon.colcon_core.task.python.build:Building Python package in '/home/ccl/UAV/ROS2/gps_handler'
[2.891s] INFO:colcon.colcon_core.shell:Skip shell extension 'powershell' for command environment: Not usable outside of PowerShell
[2.891s] DEBUG:colcon.colcon_core.shell:Skip shell extension 'dsv' for command environment
[3.010s] Level 1:colcon.colcon_core.environment:checking '/home/ccl/UAV/ROS2/install/ctrl_relayer' for CMake module files
[3.011s] DEBUG:colcon.colcon_core.event_handler.log_command:Invoked command in '/home/ccl/UAV/ROS2/ctrl_relayer' returned '0': PYTHONPATH=/home/ccl/UAV/ROS2/build/ctrl_relayer/prefix_override:/home/ccl/UAV/ROS2/install/ctrl_relayer/lib/python3.8/site-packages:${PYTHONPATH} /usr/bin/python3 -W ignore:setup.py install is deprecated setup.py egg_info --egg-base ../build/ctrl_relayer build --build-base /home/ccl/UAV/ROS2/build/ctrl_relayer/build install --record /home/ccl/UAV/ROS2/build/ctrl_relayer/install.log --single-version-externally-managed install_data
[3.012s] Level 1:colcon.colcon_core.environment:checking '/home/ccl/UAV/ROS2/install/ctrl_relayer' for CMake config files
[3.014s] Level 1:colcon.colcon_core.environment:checking '/home/ccl/UAV/ROS2/install/ctrl_relayer/lib'
[3.014s] Level 1:colcon.colcon_core.environment:checking '/home/ccl/UAV/ROS2/install/ctrl_relayer/bin'
[3.014s] Level 1:colcon.colcon_core.environment:checking '/home/ccl/UAV/ROS2/install/ctrl_relayer/lib/pkgconfig/ctrl_relayer.pc'
[3.015s] Level 1:colcon.colcon_core.environment:checking '/home/ccl/UAV/ROS2/install/ctrl_relayer/lib/python3.8/site-packages'
[3.015s] Level 1:colcon.colcon_core.shell:create_environment_hook('ctrl_relayer', 'pythonpath')
[3.015s] INFO:colcon.colcon_core.shell:Creating environment hook '/home/ccl/UAV/ROS2/install/ctrl_relayer/share/ctrl_relayer/hook/pythonpath.ps1'
[3.017s] INFO:colcon.colcon_core.shell:Creating environment descriptor '/home/ccl/UAV/ROS2/install/ctrl_relayer/share/ctrl_relayer/hook/pythonpath.dsv'
[3.017s] INFO:colcon.colcon_core.shell:Creating environment hook '/home/ccl/UAV/ROS2/install/ctrl_relayer/share/ctrl_relayer/hook/pythonpath.sh'
[3.018s] Level 1:colcon.colcon_core.environment:checking '/home/ccl/UAV/ROS2/install/ctrl_relayer/bin'
[3.019s] Level 1:colcon.colcon_core.environment:create_environment_scripts_only(ctrl_relayer)
[3.019s] INFO:colcon.colcon_core.shell:Creating package script '/home/ccl/UAV/ROS2/install/ctrl_relayer/share/ctrl_relayer/package.ps1'
[3.020s] INFO:colcon.colcon_core.shell:Creating package descriptor '/home/ccl/UAV/ROS2/install/ctrl_relayer/share/ctrl_relayer/package.dsv'
[3.021s] INFO:colcon.colcon_core.shell:Creating package script '/home/ccl/UAV/ROS2/install/ctrl_relayer/share/ctrl_relayer/package.sh'
[3.022s] INFO:colcon.colcon_core.shell:Creating package script '/home/ccl/UAV/ROS2/install/ctrl_relayer/share/ctrl_relayer/package.bash'
[3.022s] INFO:colcon.colcon_core.shell:Creating package script '/home/ccl/UAV/ROS2/install/ctrl_relayer/share/ctrl_relayer/package.zsh'
[3.023s] Level 1:colcon.colcon_core.environment:create_file_with_runtime_dependencies(/home/ccl/UAV/ROS2/install/ctrl_relayer/share/colcon-core/packages/ctrl_relayer)
[3.026s] Level 1:colcon.colcon_core.environment:checking '/home/ccl/UAV/ROS2/install/tf_converter' for CMake module files
[3.028s] DEBUG:colcon.colcon_core.event_handler.log_command:Invoked command in '/home/ccl/UAV/ROS2/tf_converter' returned '0': PYTHONPATH=/home/ccl/UAV/ROS2/build/tf_converter/prefix_override:/home/ccl/UAV/ROS2/install/tf_converter/lib/python3.8/site-packages:${PYTHONPATH} /usr/bin/python3 -W ignore:setup.py install is deprecated setup.py egg_info --egg-base ../build/tf_converter build --build-base /home/ccl/UAV/ROS2/build/tf_converter/build install --record /home/ccl/UAV/ROS2/build/tf_converter/install.log --single-version-externally-managed install_data
[3.028s] Level 1:colcon.colcon_core.environment:checking '/home/ccl/UAV/ROS2/install/tf_converter' for CMake config files
[3.029s] Level 1:colcon.colcon_core.environment:checking '/home/ccl/UAV/ROS2/install/tf_converter/lib'
[3.029s] Level 1:colcon.colcon_core.environment:checking '/home/ccl/UAV/ROS2/install/tf_converter/bin'
[3.029s] Level 1:colcon.colcon_core.environment:checking '/home/ccl/UAV/ROS2/install/tf_converter/lib/pkgconfig/tf_converter.pc'
[3.030s] Level 1:colcon.colcon_core.environment:checking '/home/ccl/UAV/ROS2/install/tf_converter/lib/python3.8/site-packages'
[3.030s] Level 1:colcon.colcon_core.shell:create_environment_hook('tf_converter', 'pythonpath')
[3.030s] INFO:colcon.colcon_core.shell:Creating environment hook '/home/ccl/UAV/ROS2/install/tf_converter/share/tf_converter/hook/pythonpath.ps1'
[3.031s] INFO:colcon.colcon_core.shell:Creating environment descriptor '/home/ccl/UAV/ROS2/install/tf_converter/share/tf_converter/hook/pythonpath.dsv'
[3.031s] INFO:colcon.colcon_core.shell:Creating environment hook '/home/ccl/UAV/ROS2/install/tf_converter/share/tf_converter/hook/pythonpath.sh'
[3.032s] Level 1:colcon.colcon_core.environment:checking '/home/ccl/UAV/ROS2/install/tf_converter/bin'
[3.032s] Level 1:colcon.colcon_core.environment:create_environment_scripts_only(tf_converter)
[3.033s] INFO:colcon.colcon_core.shell:Creating package script '/home/ccl/UAV/ROS2/install/tf_converter/share/tf_converter/package.ps1'
[3.034s] INFO:colcon.colcon_core.shell:Creating package descriptor '/home/ccl/UAV/ROS2/install/tf_converter/share/tf_converter/package.dsv'
[3.034s] INFO:colcon.colcon_core.shell:Creating package script '/home/ccl/UAV/ROS2/install/tf_converter/share/tf_converter/package.sh'
[3.035s] INFO:colcon.colcon_core.shell:Creating package script '/home/ccl/UAV/ROS2/install/tf_converter/share/tf_converter/package.bash'
[3.035s] INFO:colcon.colcon_core.shell:Creating package script '/home/ccl/UAV/ROS2/install/tf_converter/share/tf_converter/package.zsh'
[3.036s] Level 1:colcon.colcon_core.environment:create_file_with_runtime_dependencies(/home/ccl/UAV/ROS2/install/tf_converter/share/colcon-core/packages/tf_converter)
[3.038s] Level 1:colcon.colcon_core.environment:checking '/home/ccl/UAV/ROS2/install/object_detector' for CMake module files
[3.039s] DEBUG:colcon.colcon_core.event_handler.log_command:Invoked command in '/home/ccl/UAV/ROS2/object_detector' returned '0': PYTHONPATH=/home/ccl/UAV/ROS2/build/object_detector/prefix_override:/home/ccl/UAV/ROS2/install/object_detector/lib/python3.8/site-packages:${PYTHONPATH} /usr/bin/python3 -W ignore:setup.py install is deprecated setup.py egg_info --egg-base ../build/object_detector build --build-base /home/ccl/UAV/ROS2/build/object_detector/build install --record /home/ccl/UAV/ROS2/build/object_detector/install.log --single-version-externally-managed install_data
[3.040s] Level 1:colcon.colcon_core.environment:checking '/home/ccl/UAV/ROS2/install/object_detector' for CMake config files
[3.041s] Level 1:colcon.colcon_core.environment:checking '/home/ccl/UAV/ROS2/install/object_detector/lib'
[3.041s] Level 1:colcon.colcon_core.environment:checking '/home/ccl/UAV/ROS2/install/object_detector/bin'
[3.041s] Level 1:colcon.colcon_core.environment:checking '/home/ccl/UAV/ROS2/install/object_detector/lib/pkgconfig/object_detector.pc'
[3.041s] Level 1:colcon.colcon_core.environment:checking '/home/ccl/UAV/ROS2/install/object_detector/lib/python3.8/site-packages'
[3.041s] Level 1:colcon.colcon_core.shell:create_environment_hook('object_detector', 'pythonpath')
[3.041s] INFO:colcon.colcon_core.shell:Creating environment hook '/home/ccl/UAV/ROS2/install/object_detector/share/object_detector/hook/pythonpath.ps1'
[3.042s] INFO:colcon.colcon_core.shell:Creating environment descriptor '/home/ccl/UAV/ROS2/install/object_detector/share/object_detector/hook/pythonpath.dsv'
[3.043s] INFO:colcon.colcon_core.shell:Creating environment hook '/home/ccl/UAV/ROS2/install/object_detector/share/object_detector/hook/pythonpath.sh'
[3.043s] Level 1:colcon.colcon_core.environment:checking '/home/ccl/UAV/ROS2/install/object_detector/bin'
[3.043s] Level 1:colcon.colcon_core.environment:create_environment_scripts_only(object_detector)
[3.044s] INFO:colcon.colcon_core.shell:Creating package script '/home/ccl/UAV/ROS2/install/object_detector/share/object_detector/package.ps1'
[3.044s] INFO:colcon.colcon_core.shell:Creating package descriptor '/home/ccl/UAV/ROS2/install/object_detector/share/object_detector/package.dsv'
[3.045s] INFO:colcon.colcon_core.shell:Creating package script '/home/ccl/UAV/ROS2/install/object_detector/share/object_detector/package.sh'
[3.045s] INFO:colcon.colcon_core.shell:Creating package script '/home/ccl/UAV/ROS2/install/object_detector/share/object_detector/package.bash'
[3.046s] INFO:colcon.colcon_core.shell:Creating package script '/home/ccl/UAV/ROS2/install/object_detector/share/object_detector/package.zsh'
[3.046s] Level 1:colcon.colcon_core.environment:create_file_with_runtime_dependencies(/home/ccl/UAV/ROS2/install/object_detector/share/colcon-core/packages/object_detector)
[3.840s] DEBUG:colcon.colcon_core.event_handler.log_command:Invoking command in '/home/ccl/UAV/ROS2/gps_handler': PYTHONPATH=/home/ccl/UAV/ROS2/build/gps_handler/prefix_override:/home/ccl/UAV/ROS2/install/gps_handler/lib/python3.8/site-packages:/home/ccl/UAV/ROS2/install/nmea_msgs/lib/python3.8/site-packages:/home/ccl/UAV/ROS2/install/tf_converter/lib/python3.8/site-packages:/home/ccl/UAV/ROS2/install/object_detector/lib/python3.8/site-packages:/home/ccl/UAV/ROS2/install/gps_handler/lib/python3.8/site-packages:/home/ccl/UAV/ROS2/install/ctrl_relayer/lib/python3.8/site-packages:/home/ccl/UAV/ROS2/install/cmd_handler/lib/python3.8/site-packages:/opt/ros/galactic/lib/python3.8/site-packages /usr/bin/python3 -W ignore:setup.py install is deprecated setup.py egg_info --egg-base ../build/gps_handler build --build-base /home/ccl/UAV/ROS2/build/gps_handler/build install --record /home/ccl/UAV/ROS2/build/gps_handler/install.log --single-version-externally-managed install_data
[4.553s] Level 1:colcon.colcon_core.environment:checking '/home/ccl/UAV/ROS2/install/gps_handler' for CMake module files
[4.554s] DEBUG:colcon.colcon_core.event_handler.log_command:Invoked command in '/home/ccl/UAV/ROS2/gps_handler' returned '0': PYTHONPATH=/home/ccl/UAV/ROS2/build/gps_handler/prefix_override:/home/ccl/UAV/ROS2/install/gps_handler/lib/python3.8/site-packages:/home/ccl/UAV/ROS2/install/nmea_msgs/lib/python3.8/site-packages:/home/ccl/UAV/ROS2/install/tf_converter/lib/python3.8/site-packages:/home/ccl/UAV/ROS2/install/object_detector/lib/python3.8/site-packages:/home/ccl/UAV/ROS2/install/gps_handler/lib/python3.8/site-packages:/home/ccl/UAV/ROS2/install/ctrl_relayer/lib/python3.8/site-packages:/home/ccl/UAV/ROS2/install/cmd_handler/lib/python3.8/site-packages:/opt/ros/galactic/lib/python3.8/site-packages /usr/bin/python3 -W ignore:setup.py install is deprecated setup.py egg_info --egg-base ../build/gps_handler build --build-base /home/ccl/UAV/ROS2/build/gps_handler/build install --record /home/ccl/UAV/ROS2/build/gps_handler/install.log --single-version-externally-managed install_data
[4.554s] Level 1:colcon.colcon_core.environment:checking '/home/ccl/UAV/ROS2/install/gps_handler' for CMake config files
[4.556s] Level 1:colcon.colcon_core.environment:checking '/home/ccl/UAV/ROS2/install/gps_handler/lib'
[4.556s] Level 1:colcon.colcon_core.environment:checking '/home/ccl/UAV/ROS2/install/gps_handler/bin'
[4.556s] Level 1:colcon.colcon_core.environment:checking '/home/ccl/UAV/ROS2/install/gps_handler/lib/pkgconfig/gps_handler.pc'
[4.557s] Level 1:colcon.colcon_core.environment:checking '/home/ccl/UAV/ROS2/install/gps_handler/lib/python3.8/site-packages'
[4.557s] Level 1:colcon.colcon_core.shell:create_environment_hook('gps_handler', 'pythonpath')
[4.557s] INFO:colcon.colcon_core.shell:Creating environment hook '/home/ccl/UAV/ROS2/install/gps_handler/share/gps_handler/hook/pythonpath.ps1'
[4.558s] INFO:colcon.colcon_core.shell:Creating environment descriptor '/home/ccl/UAV/ROS2/install/gps_handler/share/gps_handler/hook/pythonpath.dsv'
[4.559s] INFO:colcon.colcon_core.shell:Creating environment hook '/home/ccl/UAV/ROS2/install/gps_handler/share/gps_handler/hook/pythonpath.sh'
[4.559s] Level 1:colcon.colcon_core.environment:checking '/home/ccl/UAV/ROS2/install/gps_handler/bin'
[4.560s] Level 1:colcon.colcon_core.environment:create_environment_scripts_only(gps_handler)
[4.560s] INFO:colcon.colcon_core.shell:Creating package script '/home/ccl/UAV/ROS2/install/gps_handler/share/gps_handler/package.ps1'
[4.561s] INFO:colcon.colcon_core.shell:Creating package descriptor '/home/ccl/UAV/ROS2/install/gps_handler/share/gps_handler/package.dsv'
[4.561s] INFO:colcon.colcon_core.shell:Creating package script '/home/ccl/UAV/ROS2/install/gps_handler/share/gps_handler/package.sh'
[4.562s] INFO:colcon.colcon_core.shell:Creating package script '/home/ccl/UAV/ROS2/install/gps_handler/share/gps_handler/package.bash'
[4.562s] INFO:colcon.colcon_core.shell:Creating package script '/home/ccl/UAV/ROS2/install/gps_handler/share/gps_handler/package.zsh'
[4.563s] Level 1:colcon.colcon_core.environment:create_file_with_runtime_dependencies(/home/ccl/UAV/ROS2/install/gps_handler/share/colcon-core/packages/gps_handler)
[4.564s] DEBUG:colcon.colcon_parallel_executor.executor.parallel:closing loop
[4.565s] DEBUG:colcon.colcon_parallel_executor.executor.parallel:loop closed
[4.565s] DEBUG:colcon.colcon_parallel_executor.executor.parallel:run_until_complete finished with '0'
[4.565s] DEBUG:colcon.colcon_core.event_reactor:joining thread
[4.590s] INFO:colcon.colcon_core.plugin_system:Skipping extension 'colcon_notification.desktop_notification.terminal_notifier': Not used on non-Darwin systems
[4.590s] INFO:colcon.colcon_core.plugin_system:Skipping extension 'colcon_notification.desktop_notification.win32': Not used on non-Windows systems
[4.590s] INFO:colcon.colcon_notification.desktop_notification:Sending desktop notification using 'notify2'
[4.611s] DEBUG:colcon.colcon_core.event_reactor:joined thread
[4.612s] INFO:colcon.colcon_core.shell:Creating prefix script '/home/ccl/UAV/ROS2/install/local_setup.ps1'
[4.613s] INFO:colcon.colcon_core.shell:Creating prefix util module '/home/ccl/UAV/ROS2/install/_local_setup_util_ps1.py'
[4.614s] INFO:colcon.colcon_core.shell:Creating prefix chain script '/home/ccl/UAV/ROS2/install/setup.ps1'
[4.616s] INFO:colcon.colcon_core.shell:Creating prefix script '/home/ccl/UAV/ROS2/install/local_setup.sh'
[4.616s] INFO:colcon.colcon_core.shell:Creating prefix util module '/home/ccl/UAV/ROS2/install/_local_setup_util_sh.py'
[4.617s] INFO:colcon.colcon_core.shell:Creating prefix chain script '/home/ccl/UAV/ROS2/install/setup.sh'
[4.619s] INFO:colcon.colcon_core.shell:Creating prefix script '/home/ccl/UAV/ROS2/install/local_setup.bash'
[4.619s] INFO:colcon.colcon_core.shell:Creating prefix chain script '/home/ccl/UAV/ROS2/install/setup.bash'
[4.621s] INFO:colcon.colcon_core.shell:Creating prefix script '/home/ccl/UAV/ROS2/install/local_setup.zsh'
[4.622s] INFO:colcon.colcon_core.shell:Creating prefix chain script '/home/ccl/UAV/ROS2/install/setup.zsh'
