running egg_info
writing ../build/gps_handler/gps_handler.egg-info/PKG-INFO
writing dependency_links to ../build/gps_handler/gps_handler.egg-info/dependency_links.txt
writing entry points to ../build/gps_handler/gps_handler.egg-info/entry_points.txt
writing requirements to ../build/gps_handler/gps_handler.egg-info/requires.txt
writing top-level names to ../build/gps_handler/gps_handler.egg-info/top_level.txt
reading manifest file '../build/gps_handler/gps_handler.egg-info/SOURCES.txt'
writing manifest file '../build/gps_handler/gps_handler.egg-info/SOURCES.txt'
running build
running build_py
copying gps_handler/driver.py -> /home/xs/UAV/ROS2/build/gps_handler/build/lib/gps_handler
copying gps_handler/gps_simulator.py -> /home/xs/UAV/ROS2/build/gps_handler/build/lib/gps_handler
running install
running install_lib
copying /home/xs/UAV/ROS2/build/gps_handler/build/lib/gps_handler/driver.py -> /home/xs/UAV/ROS2/install/gps_handler/lib/python3.8/site-packages/gps_handler
copying /home/xs/UAV/ROS2/build/gps_handler/build/lib/gps_handler/gps_simulator.py -> /home/xs/UAV/ROS2/install/gps_handler/lib/python3.8/site-packages/gps_handler
byte-compiling /home/xs/UAV/ROS2/install/gps_handler/lib/python3.8/site-packages/gps_handler/driver.py to driver.cpython-38.pyc
byte-compiling /home/xs/UAV/ROS2/install/gps_handler/lib/python3.8/site-packages/gps_handler/gps_simulator.py to gps_simulator.cpython-38.pyc
running install_data
running install_egg_info
removing '/home/xs/UAV/ROS2/install/gps_handler/lib/python3.8/site-packages/gps_handler-0.0.0-py3.8.egg-info' (and everything under it)
Copying ../build/gps_handler/gps_handler.egg-info to /home/xs/UAV/ROS2/install/gps_handler/lib/python3.8/site-packages/gps_handler-0.0.0-py3.8.egg-info
running install_scripts
Installing gps_simulator script to /home/xs/UAV/ROS2/install/gps_handler/lib/gps_handler
Installing nmea_serial_driver script to /home/xs/UAV/ROS2/install/gps_handler/lib/gps_handler
writing list of installed files to '/home/xs/UAV/ROS2/build/gps_handler/install.log'
