/home/x650/UAV/ROS2/install/uav_patrol/lib/python3.10/site-packages/uav_patrol/__init__.py
/home/x650/UAV/ROS2/install/uav_patrol/lib/python3.10/site-packages/uav_patrol/yolo_detector/anomaly_detector.py
/home/x650/UAV/ROS2/install/uav_patrol/lib/python3.10/site-packages/uav_patrol/yolo_detector/__init__.py
/home/x650/UAV/ROS2/install/uav_patrol/lib/python3.10/site-packages/uav_patrol/yolo_detector/panel_detector.py
/home/x650/UAV/ROS2/install/uav_patrol/lib/python3.10/site-packages/uav_patrol/drone_controller/drone_controller_raw.py
/home/x650/UAV/ROS2/install/uav_patrol/lib/python3.10/site-packages/uav_patrol/drone_controller/drone_controller_mission.py
/home/x650/UAV/ROS2/install/uav_patrol/lib/python3.10/site-packages/uav_patrol/drone_controller/pid_controller.py
/home/x650/UAV/ROS2/install/uav_patrol/lib/python3.10/site-packages/uav_patrol/drone_controller/waypoint.py
/home/x650/UAV/ROS2/install/uav_patrol/lib/python3.10/site-packages/uav_patrol/drone_controller/__init__.py
/home/x650/UAV/ROS2/install/uav_patrol/lib/python3.10/site-packages/uav_patrol/drone_controller/drone_controller_body.py
/home/x650/UAV/ROS2/install/uav_patrol/lib/python3.10/site-packages/uav_patrol/drone_controller/linkedlist.py
/home/x650/UAV/ROS2/install/uav_patrol/lib/python3.10/site-packages/uav_patrol/drone_controller/drone_controller_local.py
/home/x650/UAV/ROS2/install/uav_patrol/lib/python3.10/site-packages/uav_patrol/drone_controller/constant.py
/home/x650/UAV/ROS2/install/uav_patrol/lib/python3.10/site-packages/uav_patrol/drone_controller/utils.py
/home/x650/UAV/ROS2/install/uav_patrol/lib/python3.10/site-packages/uav_patrol/gps_simulator/gps_simulator.py
/home/x650/UAV/ROS2/install/uav_patrol/lib/python3.10/site-packages/uav_patrol/gps_simulator/__init__.py
/home/x650/UAV/ROS2/install/uav_patrol/lib/python3.10/site-packages/uav_patrol/tf_converter/__init__.py
/home/x650/UAV/ROS2/install/uav_patrol/lib/python3.10/site-packages/uav_patrol/tf_converter/tf_converter.py
/home/x650/UAV/ROS2/install/uav_patrol/lib/python3.10/site-packages/uav_patrol/tf_converter/uav2cam_broadcaster.py
/home/x650/UAV/ROS2/install/uav_patrol/lib/python3.10/site-packages/uav_patrol/tf_converter/world2uav_broadcaster.py
/home/x650/UAV/ROS2/install/uav_patrol/lib/python3.10/site-packages/uav_patrol/usb_cam/opencv_test.py
/home/x650/UAV/ROS2/install/uav_patrol/lib/python3.10/site-packages/uav_patrol/usb_cam/usb_cam_test.py
/home/x650/UAV/ROS2/install/uav_patrol/lib/python3.10/site-packages/uav_patrol/__pycache__/__init__.cpython-310.pyc
/home/x650/UAV/ROS2/install/uav_patrol/lib/python3.10/site-packages/uav_patrol/yolo_detector/__pycache__/anomaly_detector.cpython-310.pyc
/home/x650/UAV/ROS2/install/uav_patrol/lib/python3.10/site-packages/uav_patrol/yolo_detector/__pycache__/__init__.cpython-310.pyc
/home/x650/UAV/ROS2/install/uav_patrol/lib/python3.10/site-packages/uav_patrol/yolo_detector/__pycache__/panel_detector.cpython-310.pyc
/home/x650/UAV/ROS2/install/uav_patrol/lib/python3.10/site-packages/uav_patrol/drone_controller/__pycache__/drone_controller_raw.cpython-310.pyc
/home/x650/UAV/ROS2/install/uav_patrol/lib/python3.10/site-packages/uav_patrol/drone_controller/__pycache__/drone_controller_mission.cpython-310.pyc
/home/x650/UAV/ROS2/install/uav_patrol/lib/python3.10/site-packages/uav_patrol/drone_controller/__pycache__/pid_controller.cpython-310.pyc
/home/x650/UAV/ROS2/install/uav_patrol/lib/python3.10/site-packages/uav_patrol/drone_controller/__pycache__/waypoint.cpython-310.pyc
/home/x650/UAV/ROS2/install/uav_patrol/lib/python3.10/site-packages/uav_patrol/drone_controller/__pycache__/__init__.cpython-310.pyc
/home/x650/UAV/ROS2/install/uav_patrol/lib/python3.10/site-packages/uav_patrol/drone_controller/__pycache__/drone_controller_body.cpython-310.pyc
/home/x650/UAV/ROS2/install/uav_patrol/lib/python3.10/site-packages/uav_patrol/drone_controller/__pycache__/linkedlist.cpython-310.pyc
/home/x650/UAV/ROS2/install/uav_patrol/lib/python3.10/site-packages/uav_patrol/drone_controller/__pycache__/drone_controller_local.cpython-310.pyc
/home/x650/UAV/ROS2/install/uav_patrol/lib/python3.10/site-packages/uav_patrol/drone_controller/__pycache__/constant.cpython-310.pyc
/home/x650/UAV/ROS2/install/uav_patrol/lib/python3.10/site-packages/uav_patrol/drone_controller/__pycache__/utils.cpython-310.pyc
/home/x650/UAV/ROS2/install/uav_patrol/lib/python3.10/site-packages/uav_patrol/gps_simulator/__pycache__/gps_simulator.cpython-310.pyc
/home/x650/UAV/ROS2/install/uav_patrol/lib/python3.10/site-packages/uav_patrol/gps_simulator/__pycache__/__init__.cpython-310.pyc
/home/x650/UAV/ROS2/install/uav_patrol/lib/python3.10/site-packages/uav_patrol/tf_converter/__pycache__/__init__.cpython-310.pyc
/home/x650/UAV/ROS2/install/uav_patrol/lib/python3.10/site-packages/uav_patrol/tf_converter/__pycache__/tf_converter.cpython-310.pyc
/home/x650/UAV/ROS2/install/uav_patrol/lib/python3.10/site-packages/uav_patrol/tf_converter/__pycache__/uav2cam_broadcaster.cpython-310.pyc
/home/x650/UAV/ROS2/install/uav_patrol/lib/python3.10/site-packages/uav_patrol/tf_converter/__pycache__/world2uav_broadcaster.cpython-310.pyc
/home/x650/UAV/ROS2/install/uav_patrol/lib/python3.10/site-packages/uav_patrol/usb_cam/__pycache__/opencv_test.cpython-310.pyc
/home/x650/UAV/ROS2/install/uav_patrol/lib/python3.10/site-packages/uav_patrol/usb_cam/__pycache__/usb_cam_test.cpython-310.pyc
/home/x650/UAV/ROS2/install/uav_patrol/share/ament_index/resource_index/packages/uav_patrol
/home/x650/UAV/ROS2/install/uav_patrol/share/uav_patrol/package.xml
/home/x650/UAV/ROS2/install/uav_patrol/share/uav_patrol/uav_patrol.launch.py
/home/x650/UAV/ROS2/install/uav_patrol/lib/python3.10/site-packages/uav_patrol-0.0.0-py3.10.egg-info/requires.txt
/home/x650/UAV/ROS2/install/uav_patrol/lib/python3.10/site-packages/uav_patrol-0.0.0-py3.10.egg-info/entry_points.txt
/home/x650/UAV/ROS2/install/uav_patrol/lib/python3.10/site-packages/uav_patrol-0.0.0-py3.10.egg-info/zip-safe
/home/x650/UAV/ROS2/install/uav_patrol/lib/python3.10/site-packages/uav_patrol-0.0.0-py3.10.egg-info/dependency_links.txt
/home/x650/UAV/ROS2/install/uav_patrol/lib/python3.10/site-packages/uav_patrol-0.0.0-py3.10.egg-info/PKG-INFO
/home/x650/UAV/ROS2/install/uav_patrol/lib/python3.10/site-packages/uav_patrol-0.0.0-py3.10.egg-info/top_level.txt
/home/x650/UAV/ROS2/install/uav_patrol/lib/python3.10/site-packages/uav_patrol-0.0.0-py3.10.egg-info/SOURCES.txt
/home/x650/UAV/ROS2/install/uav_patrol/lib/uav_patrol/anomaly_detector
/home/x650/UAV/ROS2/install/uav_patrol/lib/uav_patrol/drone_controller_body
/home/x650/UAV/ROS2/install/uav_patrol/lib/uav_patrol/drone_controller_local
/home/x650/UAV/ROS2/install/uav_patrol/lib/uav_patrol/drone_controller_mission
/home/x650/UAV/ROS2/install/uav_patrol/lib/uav_patrol/drone_controller_raw
/home/x650/UAV/ROS2/install/uav_patrol/lib/uav_patrol/gps_simulator
/home/x650/UAV/ROS2/install/uav_patrol/lib/uav_patrol/opencv_test
/home/x650/UAV/ROS2/install/uav_patrol/lib/uav_patrol/panel_detector
/home/x650/UAV/ROS2/install/uav_patrol/lib/uav_patrol/tf_converter
/home/x650/UAV/ROS2/install/uav_patrol/lib/uav_patrol/uav2cam_broadcaster
/home/x650/UAV/ROS2/install/uav_patrol/lib/uav_patrol/usb_cam_test
