[0.203s] DEBUG:colcon:Command line arguments: ['/usr/bin/colcon', 'build']
[0.203s] DEBUG:colcon:Parsed command line arguments: Namespace(allow_overriding=[], ament_cmake_args=None, base_paths=['.'], build_base='build', catkin_cmake_args=None, catkin_skip_building_tests=False, cmake_args=None, cmake_clean_cache=False, cmake_clean_first=False, cmake_force_configure=False, cmake_target=None, cmake_target_skip_unavailable=False, continue_on_error=False, event_handlers=None, executor='parallel', ignore_user_meta=False, install_base='install', log_base=None, log_level=None, main=<bound method BuildVerb.main of <colcon_core.verb.build.BuildVerb object at 0x7feaadb808b0>>, merge_install=False, metas=['./colcon.meta'], mixin=None, mixin_files=None, mixin_verb=('build',), packages_above=None, packages_above_and_dependencies=None, packages_above_depth=None, packages_end=None, packages_ignore=None, packages_ignore_regex=None, packages_select=None, packages_select_build_failed=False, packages_select_by_dep=None, packages_select_regex=None, packages_select_test_failures=False, packages_skip=None, packages_skip_build_finished=False, packages_skip_by_dep=None, packages_skip_regex=None, packages_skip_test_passed=False, packages_skip_up_to=None, packages_start=None, packages_up_to=None, packages_up_to_regex=None, parallel_workers=8, paths=None, symlink_install=False, test_result_base=None, verb_extension=<colcon_core.verb.build.BuildVerb object at 0x7feaadb808b0>, verb_name='build', verb_parser=<colcon_mixin.mixin.mixin_argument.MixinArgumentDecorator object at 0x7feaadac0790>)
[0.322s] Level 1:colcon.colcon_core.package_discovery:discover_packages(colcon_meta) check parameters
[0.322s] Level 1:colcon.colcon_core.package_discovery:discover_packages(recursive) check parameters
[0.323s] Level 1:colcon.colcon_core.package_discovery:discover_packages(ignore) check parameters
[0.323s] Level 1:colcon.colcon_core.package_discovery:discover_packages(path) check parameters
[0.323s] Level 1:colcon.colcon_core.package_discovery:discover_packages(colcon_meta) discover
[0.323s] Level 1:colcon.colcon_core.package_discovery:discover_packages(recursive) discover
[0.323s] INFO:colcon.colcon_core.package_discovery:Crawling recursively for packages in '/home/xs/UAV/ROS2'
[0.323s] Level 1:colcon.colcon_core.package_identification:_identify(.) by extensions ['ignore', 'ignore_ament_install']
[0.323s] Level 1:colcon.colcon_core.package_identification:_identify(.) by extension 'ignore'
[0.323s] Level 1:colcon.colcon_core.package_identification:_identify(.) by extension 'ignore_ament_install'
[0.323s] Level 1:colcon.colcon_core.package_identification:_identify(.) by extensions ['colcon_pkg']
[0.323s] Level 1:colcon.colcon_core.package_identification:_identify(.) by extension 'colcon_pkg'
[0.323s] Level 1:colcon.colcon_core.package_identification:_identify(.) by extensions ['colcon_meta']
[0.323s] Level 1:colcon.colcon_core.package_identification:_identify(.) by extension 'colcon_meta'
[0.323s] Level 1:colcon.colcon_core.package_identification:_identify(.) by extensions ['ros']
[0.323s] Level 1:colcon.colcon_core.package_identification:_identify(.) by extension 'ros'
[0.331s] Level 1:colcon.colcon_core.package_identification:_identify(.) by extensions ['cmake', 'python']
[0.331s] Level 1:colcon.colcon_core.package_identification:_identify(.) by extension 'cmake'
[0.331s] Level 1:colcon.colcon_core.package_identification:_identify(.) by extension 'python'
[0.331s] Level 1:colcon.colcon_core.package_identification:_identify(.) by extensions ['python_setup_py']
[0.331s] Level 1:colcon.colcon_core.package_identification:_identify(.) by extension 'python_setup_py'
[0.331s] Level 1:colcon.colcon_core.package_identification:_identify(build) by extensions ['ignore', 'ignore_ament_install']
[0.331s] Level 1:colcon.colcon_core.package_identification:_identify(build) by extension 'ignore'
[0.332s] Level 1:colcon.colcon_core.package_identification:_identify(build) ignored
[0.332s] Level 1:colcon.colcon_core.package_identification:_identify(ctrl_relayer) by extensions ['ignore', 'ignore_ament_install']
[0.332s] Level 1:colcon.colcon_core.package_identification:_identify(ctrl_relayer) by extension 'ignore'
[0.332s] Level 1:colcon.colcon_core.package_identification:_identify(ctrl_relayer) by extension 'ignore_ament_install'
[0.332s] Level 1:colcon.colcon_core.package_identification:_identify(ctrl_relayer) by extensions ['colcon_pkg']
[0.332s] Level 1:colcon.colcon_core.package_identification:_identify(ctrl_relayer) by extension 'colcon_pkg'
[0.332s] Level 1:colcon.colcon_core.package_identification:_identify(ctrl_relayer) by extensions ['colcon_meta']
[0.332s] Level 1:colcon.colcon_core.package_identification:_identify(ctrl_relayer) by extension 'colcon_meta'
[0.332s] Level 1:colcon.colcon_core.package_identification:_identify(ctrl_relayer) by extensions ['ros']
[0.332s] Level 1:colcon.colcon_core.package_identification:_identify(ctrl_relayer) by extension 'ros'
[0.334s] DEBUG:colcon.colcon_core.package_identification:Package 'ctrl_relayer' with type 'ros.ament_python' and name 'ctrl_relayer'
[0.334s] Level 1:colcon.colcon_core.package_identification:_identify(gps_handler) by extensions ['ignore', 'ignore_ament_install']
[0.334s] Level 1:colcon.colcon_core.package_identification:_identify(gps_handler) by extension 'ignore'
[0.334s] Level 1:colcon.colcon_core.package_identification:_identify(gps_handler) by extension 'ignore_ament_install'
[0.334s] Level 1:colcon.colcon_core.package_identification:_identify(gps_handler) by extensions ['colcon_pkg']
[0.334s] Level 1:colcon.colcon_core.package_identification:_identify(gps_handler) by extension 'colcon_pkg'
[0.334s] Level 1:colcon.colcon_core.package_identification:_identify(gps_handler) by extensions ['colcon_meta']
[0.334s] Level 1:colcon.colcon_core.package_identification:_identify(gps_handler) by extension 'colcon_meta'
[0.334s] Level 1:colcon.colcon_core.package_identification:_identify(gps_handler) by extensions ['ros']
[0.334s] Level 1:colcon.colcon_core.package_identification:_identify(gps_handler) by extension 'ros'
[0.335s] DEBUG:colcon.colcon_core.package_identification:Package 'gps_handler' with type 'ros.ament_python' and name 'gps_handler'
[0.335s] Level 1:colcon.colcon_core.package_identification:_identify(install) by extensions ['ignore', 'ignore_ament_install']
[0.335s] Level 1:colcon.colcon_core.package_identification:_identify(install) by extension 'ignore'
[0.335s] Level 1:colcon.colcon_core.package_identification:_identify(install) ignored
[0.335s] Level 1:colcon.colcon_core.package_identification:_identify(log) by extensions ['ignore', 'ignore_ament_install']
[0.336s] Level 1:colcon.colcon_core.package_identification:_identify(log) by extension 'ignore'
[0.336s] Level 1:colcon.colcon_core.package_identification:_identify(log) ignored
[0.336s] Level 1:colcon.colcon_core.package_identification:_identify(nmea_msgs) by extensions ['ignore', 'ignore_ament_install']
[0.336s] Level 1:colcon.colcon_core.package_identification:_identify(nmea_msgs) by extension 'ignore'
[0.336s] Level 1:colcon.colcon_core.package_identification:_identify(nmea_msgs) by extension 'ignore_ament_install'
[0.336s] Level 1:colcon.colcon_core.package_identification:_identify(nmea_msgs) by extensions ['colcon_pkg']
[0.336s] Level 1:colcon.colcon_core.package_identification:_identify(nmea_msgs) by extension 'colcon_pkg'
[0.336s] Level 1:colcon.colcon_core.package_identification:_identify(nmea_msgs) by extensions ['colcon_meta']
[0.336s] Level 1:colcon.colcon_core.package_identification:_identify(nmea_msgs) by extension 'colcon_meta'
[0.336s] Level 1:colcon.colcon_core.package_identification:_identify(nmea_msgs) by extensions ['ros']
[0.336s] Level 1:colcon.colcon_core.package_identification:_identify(nmea_msgs) by extension 'ros'
[0.336s] DEBUG:colcon.colcon_core.package_identification:Package 'nmea_msgs' with type 'ros.ament_cmake' and name 'nmea_msgs'
[0.336s] Level 1:colcon.colcon_core.package_identification:_identify(object_detector) by extensions ['ignore', 'ignore_ament_install']
[0.336s] Level 1:colcon.colcon_core.package_identification:_identify(object_detector) by extension 'ignore'
[0.336s] Level 1:colcon.colcon_core.package_identification:_identify(object_detector) by extension 'ignore_ament_install'
[0.337s] Level 1:colcon.colcon_core.package_identification:_identify(object_detector) by extensions ['colcon_pkg']
[0.337s] Level 1:colcon.colcon_core.package_identification:_identify(object_detector) by extension 'colcon_pkg'
[0.337s] Level 1:colcon.colcon_core.package_identification:_identify(object_detector) by extensions ['colcon_meta']
[0.337s] Level 1:colcon.colcon_core.package_identification:_identify(object_detector) by extension 'colcon_meta'
[0.337s] Level 1:colcon.colcon_core.package_identification:_identify(object_detector) by extensions ['ros']
[0.337s] Level 1:colcon.colcon_core.package_identification:_identify(object_detector) by extension 'ros'
[0.337s] DEBUG:colcon.colcon_core.package_identification:Package 'object_detector' with type 'ros.ament_python' and name 'object_detector'
[0.337s] Level 1:colcon.colcon_core.package_identification:_identify(tf_converter) by extensions ['ignore', 'ignore_ament_install']
[0.337s] Level 1:colcon.colcon_core.package_identification:_identify(tf_converter) by extension 'ignore'
[0.337s] Level 1:colcon.colcon_core.package_identification:_identify(tf_converter) by extension 'ignore_ament_install'
[0.337s] Level 1:colcon.colcon_core.package_identification:_identify(tf_converter) by extensions ['colcon_pkg']
[0.337s] Level 1:colcon.colcon_core.package_identification:_identify(tf_converter) by extension 'colcon_pkg'
[0.337s] Level 1:colcon.colcon_core.package_identification:_identify(tf_converter) by extensions ['colcon_meta']
[0.337s] Level 1:colcon.colcon_core.package_identification:_identify(tf_converter) by extension 'colcon_meta'
[0.337s] Level 1:colcon.colcon_core.package_identification:_identify(tf_converter) by extensions ['ros']
[0.337s] Level 1:colcon.colcon_core.package_identification:_identify(tf_converter) by extension 'ros'
[0.338s] DEBUG:colcon.colcon_core.package_identification:Package 'tf_converter' with type 'ros.ament_python' and name 'tf_converter'
[0.338s] Level 1:colcon.colcon_core.package_discovery:discover_packages(recursive) using defaults
[0.338s] Level 1:colcon.colcon_core.package_discovery:discover_packages(ignore) discover
[0.338s] Level 1:colcon.colcon_core.package_discovery:discover_packages(ignore) using defaults
[0.338s] Level 1:colcon.colcon_core.package_discovery:discover_packages(path) discover
[0.338s] Level 1:colcon.colcon_core.package_discovery:discover_packages(path) using defaults
[0.359s] Level 1:colcon.colcon_core.package_discovery:discover_packages(prefix_path) check parameters
[0.359s] Level 1:colcon.colcon_core.package_discovery:discover_packages(prefix_path) discover
[0.361s] DEBUG:colcon.colcon_installed_package_information.package_discovery:Found 269 installed packages in /opt/ros/galactic
[0.362s] Level 1:colcon.colcon_core.package_discovery:discover_packages(prefix_path) using defaults
[0.406s] Level 5:colcon.colcon_core.verb:set package 'ctrl_relayer' build argument 'cmake_args' from command line to 'None'
[0.406s] Level 5:colcon.colcon_core.verb:set package 'ctrl_relayer' build argument 'cmake_target' from command line to 'None'
[0.406s] Level 5:colcon.colcon_core.verb:set package 'ctrl_relayer' build argument 'cmake_target_skip_unavailable' from command line to 'False'
[0.406s] Level 5:colcon.colcon_core.verb:set package 'ctrl_relayer' build argument 'cmake_clean_cache' from command line to 'False'
[0.406s] Level 5:colcon.colcon_core.verb:set package 'ctrl_relayer' build argument 'cmake_clean_first' from command line to 'False'
[0.406s] Level 5:colcon.colcon_core.verb:set package 'ctrl_relayer' build argument 'cmake_force_configure' from command line to 'False'
[0.406s] Level 5:colcon.colcon_core.verb:set package 'ctrl_relayer' build argument 'ament_cmake_args' from command line to 'None'
[0.406s] Level 5:colcon.colcon_core.verb:set package 'ctrl_relayer' build argument 'catkin_cmake_args' from command line to 'None'
[0.406s] Level 5:colcon.colcon_core.verb:set package 'ctrl_relayer' build argument 'catkin_skip_building_tests' from command line to 'False'
[0.406s] DEBUG:colcon.colcon_core.verb:Building package 'ctrl_relayer' with the following arguments: {'ament_cmake_args': None, 'build_base': '/home/xs/UAV/ROS2/build/ctrl_relayer', 'catkin_cmake_args': None, 'catkin_skip_building_tests': False, 'cmake_args': None, 'cmake_clean_cache': False, 'cmake_clean_first': False, 'cmake_force_configure': False, 'cmake_target': None, 'cmake_target_skip_unavailable': False, 'install_base': '/home/xs/UAV/ROS2/install/ctrl_relayer', 'merge_install': False, 'path': '/home/xs/UAV/ROS2/ctrl_relayer', 'symlink_install': False, 'test_result_base': None}
[0.407s] Level 5:colcon.colcon_core.verb:set package 'nmea_msgs' build argument 'cmake_args' from command line to 'None'
[0.407s] Level 5:colcon.colcon_core.verb:set package 'nmea_msgs' build argument 'cmake_target' from command line to 'None'
[0.407s] Level 5:colcon.colcon_core.verb:set package 'nmea_msgs' build argument 'cmake_target_skip_unavailable' from command line to 'False'
[0.407s] Level 5:colcon.colcon_core.verb:set package 'nmea_msgs' build argument 'cmake_clean_cache' from command line to 'False'
[0.407s] Level 5:colcon.colcon_core.verb:set package 'nmea_msgs' build argument 'cmake_clean_first' from command line to 'False'
[0.407s] Level 5:colcon.colcon_core.verb:set package 'nmea_msgs' build argument 'cmake_force_configure' from command line to 'False'
[0.407s] Level 5:colcon.colcon_core.verb:set package 'nmea_msgs' build argument 'ament_cmake_args' from command line to 'None'
[0.407s] Level 5:colcon.colcon_core.verb:set package 'nmea_msgs' build argument 'catkin_cmake_args' from command line to 'None'
[0.407s] Level 5:colcon.colcon_core.verb:set package 'nmea_msgs' build argument 'catkin_skip_building_tests' from command line to 'False'
[0.407s] DEBUG:colcon.colcon_core.verb:Building package 'nmea_msgs' with the following arguments: {'ament_cmake_args': None, 'build_base': '/home/xs/UAV/ROS2/build/nmea_msgs', 'catkin_cmake_args': None, 'catkin_skip_building_tests': False, 'cmake_args': None, 'cmake_clean_cache': False, 'cmake_clean_first': False, 'cmake_force_configure': False, 'cmake_target': None, 'cmake_target_skip_unavailable': False, 'install_base': '/home/xs/UAV/ROS2/install/nmea_msgs', 'merge_install': False, 'path': '/home/xs/UAV/ROS2/nmea_msgs', 'symlink_install': False, 'test_result_base': None}
[0.407s] Level 5:colcon.colcon_core.verb:set package 'object_detector' build argument 'cmake_args' from command line to 'None'
[0.407s] Level 5:colcon.colcon_core.verb:set package 'object_detector' build argument 'cmake_target' from command line to 'None'
[0.407s] Level 5:colcon.colcon_core.verb:set package 'object_detector' build argument 'cmake_target_skip_unavailable' from command line to 'False'
[0.407s] Level 5:colcon.colcon_core.verb:set package 'object_detector' build argument 'cmake_clean_cache' from command line to 'False'
[0.407s] Level 5:colcon.colcon_core.verb:set package 'object_detector' build argument 'cmake_clean_first' from command line to 'False'
[0.407s] Level 5:colcon.colcon_core.verb:set package 'object_detector' build argument 'cmake_force_configure' from command line to 'False'
[0.407s] Level 5:colcon.colcon_core.verb:set package 'object_detector' build argument 'ament_cmake_args' from command line to 'None'
[0.407s] Level 5:colcon.colcon_core.verb:set package 'object_detector' build argument 'catkin_cmake_args' from command line to 'None'
[0.407s] Level 5:colcon.colcon_core.verb:set package 'object_detector' build argument 'catkin_skip_building_tests' from command line to 'False'
[0.407s] DEBUG:colcon.colcon_core.verb:Building package 'object_detector' with the following arguments: {'ament_cmake_args': None, 'build_base': '/home/xs/UAV/ROS2/build/object_detector', 'catkin_cmake_args': None, 'catkin_skip_building_tests': False, 'cmake_args': None, 'cmake_clean_cache': False, 'cmake_clean_first': False, 'cmake_force_configure': False, 'cmake_target': None, 'cmake_target_skip_unavailable': False, 'install_base': '/home/xs/UAV/ROS2/install/object_detector', 'merge_install': False, 'path': '/home/xs/UAV/ROS2/object_detector', 'symlink_install': False, 'test_result_base': None}
[0.407s] Level 5:colcon.colcon_core.verb:set package 'tf_converter' build argument 'cmake_args' from command line to 'None'
[0.407s] Level 5:colcon.colcon_core.verb:set package 'tf_converter' build argument 'cmake_target' from command line to 'None'
[0.407s] Level 5:colcon.colcon_core.verb:set package 'tf_converter' build argument 'cmake_target_skip_unavailable' from command line to 'False'
[0.407s] Level 5:colcon.colcon_core.verb:set package 'tf_converter' build argument 'cmake_clean_cache' from command line to 'False'
[0.407s] Level 5:colcon.colcon_core.verb:set package 'tf_converter' build argument 'cmake_clean_first' from command line to 'False'
[0.407s] Level 5:colcon.colcon_core.verb:set package 'tf_converter' build argument 'cmake_force_configure' from command line to 'False'
[0.407s] Level 5:colcon.colcon_core.verb:set package 'tf_converter' build argument 'ament_cmake_args' from command line to 'None'
[0.407s] Level 5:colcon.colcon_core.verb:set package 'tf_converter' build argument 'catkin_cmake_args' from command line to 'None'
[0.408s] Level 5:colcon.colcon_core.verb:set package 'tf_converter' build argument 'catkin_skip_building_tests' from command line to 'False'
[0.408s] DEBUG:colcon.colcon_core.verb:Building package 'tf_converter' with the following arguments: {'ament_cmake_args': None, 'build_base': '/home/xs/UAV/ROS2/build/tf_converter', 'catkin_cmake_args': None, 'catkin_skip_building_tests': False, 'cmake_args': None, 'cmake_clean_cache': False, 'cmake_clean_first': False, 'cmake_force_configure': False, 'cmake_target': None, 'cmake_target_skip_unavailable': False, 'install_base': '/home/xs/UAV/ROS2/install/tf_converter', 'merge_install': False, 'path': '/home/xs/UAV/ROS2/tf_converter', 'symlink_install': False, 'test_result_base': None}
[0.408s] Level 5:colcon.colcon_core.verb:set package 'gps_handler' build argument 'cmake_args' from command line to 'None'
[0.408s] Level 5:colcon.colcon_core.verb:set package 'gps_handler' build argument 'cmake_target' from command line to 'None'
[0.408s] Level 5:colcon.colcon_core.verb:set package 'gps_handler' build argument 'cmake_target_skip_unavailable' from command line to 'False'
[0.408s] Level 5:colcon.colcon_core.verb:set package 'gps_handler' build argument 'cmake_clean_cache' from command line to 'False'
[0.408s] Level 5:colcon.colcon_core.verb:set package 'gps_handler' build argument 'cmake_clean_first' from command line to 'False'
[0.408s] Level 5:colcon.colcon_core.verb:set package 'gps_handler' build argument 'cmake_force_configure' from command line to 'False'
[0.408s] Level 5:colcon.colcon_core.verb:set package 'gps_handler' build argument 'ament_cmake_args' from command line to 'None'
[0.408s] Level 5:colcon.colcon_core.verb:set package 'gps_handler' build argument 'catkin_cmake_args' from command line to 'None'
[0.408s] Level 5:colcon.colcon_core.verb:set package 'gps_handler' build argument 'catkin_skip_building_tests' from command line to 'False'
[0.408s] DEBUG:colcon.colcon_core.verb:Building package 'gps_handler' with the following arguments: {'ament_cmake_args': None, 'build_base': '/home/xs/UAV/ROS2/build/gps_handler', 'catkin_cmake_args': None, 'catkin_skip_building_tests': False, 'cmake_args': None, 'cmake_clean_cache': False, 'cmake_clean_first': False, 'cmake_force_configure': False, 'cmake_target': None, 'cmake_target_skip_unavailable': False, 'install_base': '/home/xs/UAV/ROS2/install/gps_handler', 'merge_install': False, 'path': '/home/xs/UAV/ROS2/gps_handler', 'symlink_install': False, 'test_result_base': None}
[0.408s] INFO:colcon.colcon_core.executor:Executing jobs using 'parallel' executor
[0.409s] DEBUG:colcon.colcon_parallel_executor.executor.parallel:run_until_complete
[0.409s] INFO:colcon.colcon_ros.task.ament_cmake.build:Building ROS package in '/home/xs/UAV/ROS2/nmea_msgs' with build type 'ament_cmake'
[0.409s] INFO:colcon.colcon_cmake.task.cmake.build:Building CMake package in '/home/xs/UAV/ROS2/nmea_msgs'
[0.411s] INFO:colcon.colcon_core.plugin_system:Skipping extension 'colcon_core.shell.bat': Not used on non-Windows systems
[0.412s] INFO:colcon.colcon_core.shell:Skip shell extension 'powershell' for command environment: Not usable outside of PowerShell
[0.412s] DEBUG:colcon.colcon_core.shell:Skip shell extension 'dsv' for command environment
[0.415s] INFO:colcon.colcon_ros.task.ament_python.build:Building ROS package in '/home/xs/UAV/ROS2/ctrl_relayer' with build type 'ament_python'
[0.415s] Level 1:colcon.colcon_core.shell:create_environment_hook('ctrl_relayer', 'ament_prefix_path')
[0.415s] INFO:colcon.colcon_core.shell:Creating environment hook '/home/xs/UAV/ROS2/install/ctrl_relayer/share/ctrl_relayer/hook/ament_prefix_path.ps1'
[0.417s] INFO:colcon.colcon_core.shell:Creating environment descriptor '/home/xs/UAV/ROS2/install/ctrl_relayer/share/ctrl_relayer/hook/ament_prefix_path.dsv'
[0.417s] INFO:colcon.colcon_core.shell:Creating environment hook '/home/xs/UAV/ROS2/install/ctrl_relayer/share/ctrl_relayer/hook/ament_prefix_path.sh'
[0.418s] INFO:colcon.colcon_core.shell:Skip shell extension 'powershell' for command environment: Not usable outside of PowerShell
[0.418s] DEBUG:colcon.colcon_core.shell:Skip shell extension 'dsv' for command environment
[0.421s] INFO:colcon.colcon_ros.task.ament_python.build:Building ROS package in '/home/xs/UAV/ROS2/object_detector' with build type 'ament_python'
[0.421s] Level 1:colcon.colcon_core.shell:create_environment_hook('object_detector', 'ament_prefix_path')
[0.422s] INFO:colcon.colcon_core.shell:Creating environment hook '/home/xs/UAV/ROS2/install/object_detector/share/object_detector/hook/ament_prefix_path.ps1'
[0.422s] INFO:colcon.colcon_core.shell:Creating environment descriptor '/home/xs/UAV/ROS2/install/object_detector/share/object_detector/hook/ament_prefix_path.dsv'
[0.422s] INFO:colcon.colcon_core.shell:Creating environment hook '/home/xs/UAV/ROS2/install/object_detector/share/object_detector/hook/ament_prefix_path.sh'
[0.423s] INFO:colcon.colcon_core.shell:Skip shell extension 'powershell' for command environment: Not usable outside of PowerShell
[0.423s] DEBUG:colcon.colcon_core.shell:Skip shell extension 'dsv' for command environment
[0.426s] INFO:colcon.colcon_ros.task.ament_python.build:Building ROS package in '/home/xs/UAV/ROS2/tf_converter' with build type 'ament_python'
[0.426s] Level 1:colcon.colcon_core.shell:create_environment_hook('tf_converter', 'ament_prefix_path')
[0.426s] INFO:colcon.colcon_core.shell:Creating environment hook '/home/xs/UAV/ROS2/install/tf_converter/share/tf_converter/hook/ament_prefix_path.ps1'
[0.427s] INFO:colcon.colcon_core.shell:Creating environment descriptor '/home/xs/UAV/ROS2/install/tf_converter/share/tf_converter/hook/ament_prefix_path.dsv'
[0.427s] INFO:colcon.colcon_core.shell:Creating environment hook '/home/xs/UAV/ROS2/install/tf_converter/share/tf_converter/hook/ament_prefix_path.sh'
[0.427s] INFO:colcon.colcon_core.shell:Skip shell extension 'powershell' for command environment: Not usable outside of PowerShell
[0.428s] DEBUG:colcon.colcon_core.shell:Skip shell extension 'dsv' for command environment
[0.436s] DEBUG:colcon.colcon_core.event_handler.log_command:Invoking command in '/home/xs/UAV/ROS2/build/nmea_msgs': CMAKE_PREFIX_PATH=/opt/ros/galactic /usr/bin/cmake --build /home/xs/UAV/ROS2/build/nmea_msgs -- -j8 -l8
[0.599s] INFO:colcon.colcon_core.task.python.build:Building Python package in '/home/xs/UAV/ROS2/ctrl_relayer'
[0.599s] INFO:colcon.colcon_core.shell:Skip shell extension 'powershell' for command environment: Not usable outside of PowerShell
[0.600s] DEBUG:colcon.colcon_core.shell:Skip shell extension 'dsv' for command environment
[0.757s] INFO:colcon.colcon_core.task.python.build:Building Python package in '/home/xs/UAV/ROS2/object_detector'
[0.758s] INFO:colcon.colcon_core.shell:Skip shell extension 'powershell' for command environment: Not usable outside of PowerShell
[0.758s] DEBUG:colcon.colcon_core.shell:Skip shell extension 'dsv' for command environment
[0.923s] INFO:colcon.colcon_core.task.python.build:Building Python package in '/home/xs/UAV/ROS2/tf_converter'
[0.923s] INFO:colcon.colcon_core.shell:Skip shell extension 'powershell' for command environment: Not usable outside of PowerShell
[0.923s] DEBUG:colcon.colcon_core.shell:Skip shell extension 'dsv' for command environment
[1.301s] DEBUG:colcon.colcon_core.event_handler.log_command:Invoking command in '/home/xs/UAV/ROS2/tf_converter': PYTHONPATH=/home/xs/UAV/ROS2/build/tf_converter/prefix_override:/home/xs/UAV/ROS2/install/tf_converter/lib/python3.8/site-packages:${PYTHONPATH} /usr/bin/python3 -W ignore:setup.py install is deprecated setup.py egg_info --egg-base ../build/tf_converter build --build-base /home/xs/UAV/ROS2/build/tf_converter/build install --record /home/xs/UAV/ROS2/build/tf_converter/install.log --single-version-externally-managed install_data
[1.304s] DEBUG:colcon.colcon_core.event_handler.log_command:Invoking command in '/home/xs/UAV/ROS2/ctrl_relayer': PYTHONPATH=/home/xs/UAV/ROS2/build/ctrl_relayer/prefix_override:/home/xs/UAV/ROS2/install/ctrl_relayer/lib/python3.8/site-packages:${PYTHONPATH} /usr/bin/python3 -W ignore:setup.py install is deprecated setup.py egg_info --egg-base ../build/ctrl_relayer build --build-base /home/xs/UAV/ROS2/build/ctrl_relayer/build install --record /home/xs/UAV/ROS2/build/ctrl_relayer/install.log --single-version-externally-managed install_data
[1.308s] DEBUG:colcon.colcon_core.event_handler.log_command:Invoking command in '/home/xs/UAV/ROS2/object_detector': PYTHONPATH=/home/xs/UAV/ROS2/build/object_detector/prefix_override:/home/xs/UAV/ROS2/install/object_detector/lib/python3.8/site-packages:${PYTHONPATH} /usr/bin/python3 -W ignore:setup.py install is deprecated setup.py egg_info --egg-base ../build/object_detector build --build-base /home/xs/UAV/ROS2/build/object_detector/build install --record /home/xs/UAV/ROS2/build/object_detector/install.log --single-version-externally-managed install_data
[1.574s] DEBUG:colcon.colcon_core.event_handler.log_command:Invoked command in '/home/xs/UAV/ROS2/tf_converter' returned '0': PYTHONPATH=/home/xs/UAV/ROS2/build/tf_converter/prefix_override:/home/xs/UAV/ROS2/install/tf_converter/lib/python3.8/site-packages:${PYTHONPATH} /usr/bin/python3 -W ignore:setup.py install is deprecated setup.py egg_info --egg-base ../build/tf_converter build --build-base /home/xs/UAV/ROS2/build/tf_converter/build install --record /home/xs/UAV/ROS2/build/tf_converter/install.log --single-version-externally-managed install_data
[1.578s] Level 1:colcon.colcon_core.environment:checking '/home/xs/UAV/ROS2/install/tf_converter' for CMake module files
[1.579s] Level 1:colcon.colcon_core.environment:checking '/home/xs/UAV/ROS2/install/tf_converter' for CMake config files
[1.580s] Level 1:colcon.colcon_core.environment:checking '/home/xs/UAV/ROS2/install/tf_converter/lib'
[1.580s] Level 1:colcon.colcon_core.environment:checking '/home/xs/UAV/ROS2/install/tf_converter/bin'
[1.580s] Level 1:colcon.colcon_core.environment:checking '/home/xs/UAV/ROS2/install/tf_converter/lib/pkgconfig/tf_converter.pc'
[1.581s] Level 1:colcon.colcon_core.environment:checking '/home/xs/UAV/ROS2/install/tf_converter/lib/python3.8/site-packages'
[1.581s] Level 1:colcon.colcon_core.shell:create_environment_hook('tf_converter', 'pythonpath')
[1.581s] INFO:colcon.colcon_core.shell:Creating environment hook '/home/xs/UAV/ROS2/install/tf_converter/share/tf_converter/hook/pythonpath.ps1'
[1.582s] INFO:colcon.colcon_core.shell:Creating environment descriptor '/home/xs/UAV/ROS2/install/tf_converter/share/tf_converter/hook/pythonpath.dsv'
[1.582s] INFO:colcon.colcon_core.shell:Creating environment hook '/home/xs/UAV/ROS2/install/tf_converter/share/tf_converter/hook/pythonpath.sh'
[1.582s] Level 1:colcon.colcon_core.environment:checking '/home/xs/UAV/ROS2/install/tf_converter/bin'
[1.583s] Level 1:colcon.colcon_core.environment:create_environment_scripts_only(tf_converter)
[1.583s] INFO:colcon.colcon_core.shell:Creating package script '/home/xs/UAV/ROS2/install/tf_converter/share/tf_converter/package.ps1'
[1.585s] INFO:colcon.colcon_core.shell:Creating package descriptor '/home/xs/UAV/ROS2/install/tf_converter/share/tf_converter/package.dsv'
[1.586s] INFO:colcon.colcon_core.shell:Creating package script '/home/xs/UAV/ROS2/install/tf_converter/share/tf_converter/package.sh'
[1.587s] INFO:colcon.colcon_core.shell:Creating package script '/home/xs/UAV/ROS2/install/tf_converter/share/tf_converter/package.bash'
[1.589s] INFO:colcon.colcon_core.shell:Creating package script '/home/xs/UAV/ROS2/install/tf_converter/share/tf_converter/package.zsh'
[1.590s] Level 1:colcon.colcon_core.environment:create_file_with_runtime_dependencies(/home/xs/UAV/ROS2/install/tf_converter/share/colcon-core/packages/tf_converter)
[1.591s] Level 1:colcon.colcon_core.environment:checking '/home/xs/UAV/ROS2/install/ctrl_relayer' for CMake module files
[1.592s] Level 1:colcon.colcon_core.environment:checking '/home/xs/UAV/ROS2/install/ctrl_relayer' for CMake config files
[1.592s] DEBUG:colcon.colcon_core.event_handler.log_command:Invoked command in '/home/xs/UAV/ROS2/ctrl_relayer' returned '0': PYTHONPATH=/home/xs/UAV/ROS2/build/ctrl_relayer/prefix_override:/home/xs/UAV/ROS2/install/ctrl_relayer/lib/python3.8/site-packages:${PYTHONPATH} /usr/bin/python3 -W ignore:setup.py install is deprecated setup.py egg_info --egg-base ../build/ctrl_relayer build --build-base /home/xs/UAV/ROS2/build/ctrl_relayer/build install --record /home/xs/UAV/ROS2/build/ctrl_relayer/install.log --single-version-externally-managed install_data
[1.593s] Level 1:colcon.colcon_core.environment:checking '/home/xs/UAV/ROS2/install/ctrl_relayer/lib'
[1.593s] Level 1:colcon.colcon_core.environment:checking '/home/xs/UAV/ROS2/install/ctrl_relayer/bin'
[1.593s] Level 1:colcon.colcon_core.environment:checking '/home/xs/UAV/ROS2/install/ctrl_relayer/lib/pkgconfig/ctrl_relayer.pc'
[1.593s] Level 1:colcon.colcon_core.environment:checking '/home/xs/UAV/ROS2/install/ctrl_relayer/lib/python3.8/site-packages'
[1.593s] Level 1:colcon.colcon_core.shell:create_environment_hook('ctrl_relayer', 'pythonpath')
[1.593s] INFO:colcon.colcon_core.shell:Creating environment hook '/home/xs/UAV/ROS2/install/ctrl_relayer/share/ctrl_relayer/hook/pythonpath.ps1'
[1.594s] INFO:colcon.colcon_core.shell:Creating environment descriptor '/home/xs/UAV/ROS2/install/ctrl_relayer/share/ctrl_relayer/hook/pythonpath.dsv'
[1.594s] INFO:colcon.colcon_core.shell:Creating environment hook '/home/xs/UAV/ROS2/install/ctrl_relayer/share/ctrl_relayer/hook/pythonpath.sh'
[1.594s] Level 1:colcon.colcon_core.environment:checking '/home/xs/UAV/ROS2/install/ctrl_relayer/bin'
[1.594s] Level 1:colcon.colcon_core.environment:create_environment_scripts_only(ctrl_relayer)
[1.594s] INFO:colcon.colcon_core.shell:Creating package script '/home/xs/UAV/ROS2/install/ctrl_relayer/share/ctrl_relayer/package.ps1'
[1.595s] INFO:colcon.colcon_core.shell:Creating package descriptor '/home/xs/UAV/ROS2/install/ctrl_relayer/share/ctrl_relayer/package.dsv'
[1.595s] INFO:colcon.colcon_core.shell:Creating package script '/home/xs/UAV/ROS2/install/ctrl_relayer/share/ctrl_relayer/package.sh'
[1.595s] INFO:colcon.colcon_core.shell:Creating package script '/home/xs/UAV/ROS2/install/ctrl_relayer/share/ctrl_relayer/package.bash'
[1.596s] INFO:colcon.colcon_core.shell:Creating package script '/home/xs/UAV/ROS2/install/ctrl_relayer/share/ctrl_relayer/package.zsh'
[1.596s] Level 1:colcon.colcon_core.environment:create_file_with_runtime_dependencies(/home/xs/UAV/ROS2/install/ctrl_relayer/share/colcon-core/packages/ctrl_relayer)
[1.597s] Level 1:colcon.colcon_core.environment:checking '/home/xs/UAV/ROS2/install/object_detector' for CMake module files
[1.597s] DEBUG:colcon.colcon_core.event_handler.log_command:Invoked command in '/home/xs/UAV/ROS2/object_detector' returned '0': PYTHONPATH=/home/xs/UAV/ROS2/build/object_detector/prefix_override:/home/xs/UAV/ROS2/install/object_detector/lib/python3.8/site-packages:${PYTHONPATH} /usr/bin/python3 -W ignore:setup.py install is deprecated setup.py egg_info --egg-base ../build/object_detector build --build-base /home/xs/UAV/ROS2/build/object_detector/build install --record /home/xs/UAV/ROS2/build/object_detector/install.log --single-version-externally-managed install_data
[1.598s] Level 1:colcon.colcon_core.environment:checking '/home/xs/UAV/ROS2/install/object_detector' for CMake config files
[1.598s] Level 1:colcon.colcon_core.environment:checking '/home/xs/UAV/ROS2/install/object_detector/lib'
[1.598s] Level 1:colcon.colcon_core.environment:checking '/home/xs/UAV/ROS2/install/object_detector/bin'
[1.598s] Level 1:colcon.colcon_core.environment:checking '/home/xs/UAV/ROS2/install/object_detector/lib/pkgconfig/object_detector.pc'
[1.598s] Level 1:colcon.colcon_core.environment:checking '/home/xs/UAV/ROS2/install/object_detector/lib/python3.8/site-packages'
[1.598s] Level 1:colcon.colcon_core.shell:create_environment_hook('object_detector', 'pythonpath')
[1.598s] INFO:colcon.colcon_core.shell:Creating environment hook '/home/xs/UAV/ROS2/install/object_detector/share/object_detector/hook/pythonpath.ps1'
[1.599s] INFO:colcon.colcon_core.shell:Creating environment descriptor '/home/xs/UAV/ROS2/install/object_detector/share/object_detector/hook/pythonpath.dsv'
[1.599s] INFO:colcon.colcon_core.shell:Creating environment hook '/home/xs/UAV/ROS2/install/object_detector/share/object_detector/hook/pythonpath.sh'
[1.599s] Level 1:colcon.colcon_core.environment:checking '/home/xs/UAV/ROS2/install/object_detector/bin'
[1.599s] Level 1:colcon.colcon_core.environment:create_environment_scripts_only(object_detector)
[1.599s] INFO:colcon.colcon_core.shell:Creating package script '/home/xs/UAV/ROS2/install/object_detector/share/object_detector/package.ps1'
[1.600s] INFO:colcon.colcon_core.shell:Creating package descriptor '/home/xs/UAV/ROS2/install/object_detector/share/object_detector/package.dsv'
[1.600s] INFO:colcon.colcon_core.shell:Creating package script '/home/xs/UAV/ROS2/install/object_detector/share/object_detector/package.sh'
[1.600s] INFO:colcon.colcon_core.shell:Creating package script '/home/xs/UAV/ROS2/install/object_detector/share/object_detector/package.bash'
[1.600s] INFO:colcon.colcon_core.shell:Creating package script '/home/xs/UAV/ROS2/install/object_detector/share/object_detector/package.zsh'
[1.601s] Level 1:colcon.colcon_core.environment:create_file_with_runtime_dependencies(/home/xs/UAV/ROS2/install/object_detector/share/colcon-core/packages/object_detector)
[9.141s] DEBUG:colcon.colcon_core.event_handler.log_command:Invoked command in '/home/xs/UAV/ROS2/build/nmea_msgs' returned '0': CMAKE_PREFIX_PATH=/opt/ros/galactic /usr/bin/cmake --build /home/xs/UAV/ROS2/build/nmea_msgs -- -j8 -l8
[9.254s] DEBUG:colcon.colcon_core.event_handler.log_command:Invoking command in '/home/xs/UAV/ROS2/build/nmea_msgs': CMAKE_PREFIX_PATH=/opt/ros/galactic /usr/bin/cmake --install /home/xs/UAV/ROS2/build/nmea_msgs
[9.315s] Level 1:colcon.colcon_core.environment:create_environment_scripts_only(nmea_msgs)
[9.316s] Level 1:colcon.colcon_core.environment:checking '/home/xs/UAV/ROS2/install/nmea_msgs' for CMake module files
[9.317s] DEBUG:colcon.colcon_core.event_handler.log_command:Invoked command in '/home/xs/UAV/ROS2/build/nmea_msgs' returned '0': CMAKE_PREFIX_PATH=/opt/ros/galactic /usr/bin/cmake --install /home/xs/UAV/ROS2/build/nmea_msgs
[9.317s] Level 1:colcon.colcon_core.environment:checking '/home/xs/UAV/ROS2/install/nmea_msgs' for CMake config files
[9.318s] Level 1:colcon.colcon_core.shell:create_environment_hook('nmea_msgs', 'cmake_prefix_path')
[9.318s] INFO:colcon.colcon_core.shell:Creating environment hook '/home/xs/UAV/ROS2/install/nmea_msgs/share/nmea_msgs/hook/cmake_prefix_path.ps1'
[9.319s] INFO:colcon.colcon_core.shell:Creating environment descriptor '/home/xs/UAV/ROS2/install/nmea_msgs/share/nmea_msgs/hook/cmake_prefix_path.dsv'
[9.319s] INFO:colcon.colcon_core.shell:Creating environment hook '/home/xs/UAV/ROS2/install/nmea_msgs/share/nmea_msgs/hook/cmake_prefix_path.sh'
[9.320s] Level 1:colcon.colcon_core.environment:checking '/home/xs/UAV/ROS2/install/nmea_msgs/lib'
[9.320s] Level 1:colcon.colcon_core.shell:create_environment_hook('nmea_msgs', 'ld_library_path_lib')
[9.320s] INFO:colcon.colcon_core.shell:Creating environment hook '/home/xs/UAV/ROS2/install/nmea_msgs/share/nmea_msgs/hook/ld_library_path_lib.ps1'
[9.320s] INFO:colcon.colcon_core.shell:Creating environment descriptor '/home/xs/UAV/ROS2/install/nmea_msgs/share/nmea_msgs/hook/ld_library_path_lib.dsv'
[9.321s] INFO:colcon.colcon_core.shell:Creating environment hook '/home/xs/UAV/ROS2/install/nmea_msgs/share/nmea_msgs/hook/ld_library_path_lib.sh'
[9.321s] Level 1:colcon.colcon_core.environment:checking '/home/xs/UAV/ROS2/install/nmea_msgs/bin'
[9.321s] Level 1:colcon.colcon_core.environment:checking '/home/xs/UAV/ROS2/install/nmea_msgs/lib/pkgconfig/nmea_msgs.pc'
[9.321s] Level 1:colcon.colcon_core.environment:checking '/home/xs/UAV/ROS2/install/nmea_msgs/lib/python3.8/site-packages'
[9.321s] Level 1:colcon.colcon_core.shell:create_environment_hook('nmea_msgs', 'pythonpath')
[9.322s] INFO:colcon.colcon_core.shell:Creating environment hook '/home/xs/UAV/ROS2/install/nmea_msgs/share/nmea_msgs/hook/pythonpath.ps1'
[9.322s] INFO:colcon.colcon_core.shell:Creating environment descriptor '/home/xs/UAV/ROS2/install/nmea_msgs/share/nmea_msgs/hook/pythonpath.dsv'
[9.322s] INFO:colcon.colcon_core.shell:Creating environment hook '/home/xs/UAV/ROS2/install/nmea_msgs/share/nmea_msgs/hook/pythonpath.sh'
[9.323s] Level 1:colcon.colcon_core.environment:checking '/home/xs/UAV/ROS2/install/nmea_msgs/bin'
[9.323s] INFO:colcon.colcon_core.shell:Creating package script '/home/xs/UAV/ROS2/install/nmea_msgs/share/nmea_msgs/package.ps1'
[9.324s] INFO:colcon.colcon_core.shell:Creating package descriptor '/home/xs/UAV/ROS2/install/nmea_msgs/share/nmea_msgs/package.dsv'
[9.324s] INFO:colcon.colcon_core.shell:Creating package script '/home/xs/UAV/ROS2/install/nmea_msgs/share/nmea_msgs/package.sh'
[9.324s] INFO:colcon.colcon_core.shell:Creating package script '/home/xs/UAV/ROS2/install/nmea_msgs/share/nmea_msgs/package.bash'
[9.325s] INFO:colcon.colcon_core.shell:Creating package script '/home/xs/UAV/ROS2/install/nmea_msgs/share/nmea_msgs/package.zsh'
[9.325s] Level 1:colcon.colcon_core.environment:create_file_with_runtime_dependencies(/home/xs/UAV/ROS2/install/nmea_msgs/share/colcon-core/packages/nmea_msgs)
[9.433s] Level 1:colcon.colcon_core.environment:create_environment_scripts_only(nmea_msgs)
[9.434s] Level 1:colcon.colcon_core.environment:checking '/home/xs/UAV/ROS2/install/nmea_msgs' for CMake module files
[9.434s] Level 1:colcon.colcon_core.environment:checking '/home/xs/UAV/ROS2/install/nmea_msgs' for CMake config files
[9.434s] Level 1:colcon.colcon_core.shell:create_environment_hook('nmea_msgs', 'cmake_prefix_path')
[9.435s] INFO:colcon.colcon_core.shell:Creating environment hook '/home/xs/UAV/ROS2/install/nmea_msgs/share/nmea_msgs/hook/cmake_prefix_path.ps1'
[9.435s] INFO:colcon.colcon_core.shell:Creating environment descriptor '/home/xs/UAV/ROS2/install/nmea_msgs/share/nmea_msgs/hook/cmake_prefix_path.dsv'
[9.435s] INFO:colcon.colcon_core.shell:Creating environment hook '/home/xs/UAV/ROS2/install/nmea_msgs/share/nmea_msgs/hook/cmake_prefix_path.sh'
[9.436s] Level 1:colcon.colcon_core.environment:checking '/home/xs/UAV/ROS2/install/nmea_msgs/lib'
[9.436s] Level 1:colcon.colcon_core.shell:create_environment_hook('nmea_msgs', 'ld_library_path_lib')
[9.436s] INFO:colcon.colcon_core.shell:Creating environment hook '/home/xs/UAV/ROS2/install/nmea_msgs/share/nmea_msgs/hook/ld_library_path_lib.ps1'
[9.436s] INFO:colcon.colcon_core.shell:Creating environment descriptor '/home/xs/UAV/ROS2/install/nmea_msgs/share/nmea_msgs/hook/ld_library_path_lib.dsv'
[9.436s] INFO:colcon.colcon_core.shell:Creating environment hook '/home/xs/UAV/ROS2/install/nmea_msgs/share/nmea_msgs/hook/ld_library_path_lib.sh'
[9.437s] Level 1:colcon.colcon_core.environment:checking '/home/xs/UAV/ROS2/install/nmea_msgs/bin'
[9.437s] Level 1:colcon.colcon_core.environment:checking '/home/xs/UAV/ROS2/install/nmea_msgs/lib/pkgconfig/nmea_msgs.pc'
[9.437s] Level 1:colcon.colcon_core.environment:checking '/home/xs/UAV/ROS2/install/nmea_msgs/lib/python3.8/site-packages'
[9.437s] Level 1:colcon.colcon_core.shell:create_environment_hook('nmea_msgs', 'pythonpath')
[9.437s] INFO:colcon.colcon_core.shell:Creating environment hook '/home/xs/UAV/ROS2/install/nmea_msgs/share/nmea_msgs/hook/pythonpath.ps1'
[9.437s] INFO:colcon.colcon_core.shell:Creating environment descriptor '/home/xs/UAV/ROS2/install/nmea_msgs/share/nmea_msgs/hook/pythonpath.dsv'
[9.437s] INFO:colcon.colcon_core.shell:Creating environment hook '/home/xs/UAV/ROS2/install/nmea_msgs/share/nmea_msgs/hook/pythonpath.sh'
[9.438s] Level 1:colcon.colcon_core.environment:checking '/home/xs/UAV/ROS2/install/nmea_msgs/bin'
[9.438s] INFO:colcon.colcon_core.shell:Creating package script '/home/xs/UAV/ROS2/install/nmea_msgs/share/nmea_msgs/package.ps1'
[9.438s] INFO:colcon.colcon_core.shell:Creating package descriptor '/home/xs/UAV/ROS2/install/nmea_msgs/share/nmea_msgs/package.dsv'
[9.439s] INFO:colcon.colcon_core.shell:Creating package script '/home/xs/UAV/ROS2/install/nmea_msgs/share/nmea_msgs/package.sh'
[9.439s] INFO:colcon.colcon_core.shell:Creating package script '/home/xs/UAV/ROS2/install/nmea_msgs/share/nmea_msgs/package.bash'
[9.439s] INFO:colcon.colcon_core.shell:Creating package script '/home/xs/UAV/ROS2/install/nmea_msgs/share/nmea_msgs/package.zsh'
[9.439s] Level 1:colcon.colcon_core.environment:create_file_with_runtime_dependencies(/home/xs/UAV/ROS2/install/nmea_msgs/share/colcon-core/packages/nmea_msgs)
[9.440s] INFO:colcon.colcon_ros.task.ament_python.build:Building ROS package in '/home/xs/UAV/ROS2/gps_handler' with build type 'ament_python'
[9.440s] Level 1:colcon.colcon_core.shell:create_environment_hook('gps_handler', 'ament_prefix_path')
[9.440s] INFO:colcon.colcon_core.shell:Creating environment hook '/home/xs/UAV/ROS2/install/gps_handler/share/gps_handler/hook/ament_prefix_path.ps1'
[9.440s] INFO:colcon.colcon_core.shell:Creating environment descriptor '/home/xs/UAV/ROS2/install/gps_handler/share/gps_handler/hook/ament_prefix_path.dsv'
[9.441s] INFO:colcon.colcon_core.shell:Creating environment hook '/home/xs/UAV/ROS2/install/gps_handler/share/gps_handler/hook/ament_prefix_path.sh'
[9.441s] INFO:colcon.colcon_core.shell:Skip shell extension 'powershell' for command environment: Not usable outside of PowerShell
[9.441s] DEBUG:colcon.colcon_core.shell:Skip shell extension 'dsv' for command environment
[9.629s] INFO:colcon.colcon_core.task.python.build:Building Python package in '/home/xs/UAV/ROS2/gps_handler'
[9.630s] INFO:colcon.colcon_core.shell:Skip shell extension 'powershell' for command environment: Not usable outside of PowerShell
[9.630s] DEBUG:colcon.colcon_core.shell:Skip shell extension 'dsv' for command environment
[9.940s] DEBUG:colcon.colcon_core.event_handler.log_command:Invoking command in '/home/xs/UAV/ROS2/gps_handler': AMENT_PREFIX_PATH=/home/xs/UAV/ROS2/install/nmea_msgs:${AMENT_PREFIX_PATH} CMAKE_PREFIX_PATH=/home/xs/UAV/ROS2/install/nmea_msgs LD_LIBRARY_PATH=/home/xs/UAV/ROS2/install/nmea_msgs/lib:${LD_LIBRARY_PATH} PYTHONPATH=/home/xs/UAV/ROS2/build/gps_handler/prefix_override:/home/xs/UAV/ROS2/install/gps_handler/lib/python3.8/site-packages:/home/xs/UAV/ROS2/install/nmea_msgs/lib/python3.8/site-packages:${PYTHONPATH} /usr/bin/python3 -W ignore:setup.py install is deprecated setup.py egg_info --egg-base ../build/gps_handler build --build-base /home/xs/UAV/ROS2/build/gps_handler/build install --record /home/xs/UAV/ROS2/build/gps_handler/install.log --single-version-externally-managed install_data
[10.181s] Level 1:colcon.colcon_core.environment:checking '/home/xs/UAV/ROS2/install/gps_handler' for CMake module files
[10.182s] DEBUG:colcon.colcon_core.event_handler.log_command:Invoked command in '/home/xs/UAV/ROS2/gps_handler' returned '0': AMENT_PREFIX_PATH=/home/xs/UAV/ROS2/install/nmea_msgs:${AMENT_PREFIX_PATH} CMAKE_PREFIX_PATH=/home/xs/UAV/ROS2/install/nmea_msgs LD_LIBRARY_PATH=/home/xs/UAV/ROS2/install/nmea_msgs/lib:${LD_LIBRARY_PATH} PYTHONPATH=/home/xs/UAV/ROS2/build/gps_handler/prefix_override:/home/xs/UAV/ROS2/install/gps_handler/lib/python3.8/site-packages:/home/xs/UAV/ROS2/install/nmea_msgs/lib/python3.8/site-packages:${PYTHONPATH} /usr/bin/python3 -W ignore:setup.py install is deprecated setup.py egg_info --egg-base ../build/gps_handler build --build-base /home/xs/UAV/ROS2/build/gps_handler/build install --record /home/xs/UAV/ROS2/build/gps_handler/install.log --single-version-externally-managed install_data
[10.182s] Level 1:colcon.colcon_core.environment:checking '/home/xs/UAV/ROS2/install/gps_handler' for CMake config files
[10.182s] Level 1:colcon.colcon_core.environment:checking '/home/xs/UAV/ROS2/install/gps_handler/lib'
[10.182s] Level 1:colcon.colcon_core.environment:checking '/home/xs/UAV/ROS2/install/gps_handler/bin'
[10.182s] Level 1:colcon.colcon_core.environment:checking '/home/xs/UAV/ROS2/install/gps_handler/lib/pkgconfig/gps_handler.pc'
[10.182s] Level 1:colcon.colcon_core.environment:checking '/home/xs/UAV/ROS2/install/gps_handler/lib/python3.8/site-packages'
[10.182s] Level 1:colcon.colcon_core.shell:create_environment_hook('gps_handler', 'pythonpath')
[10.183s] INFO:colcon.colcon_core.shell:Creating environment hook '/home/xs/UAV/ROS2/install/gps_handler/share/gps_handler/hook/pythonpath.ps1'
[10.183s] INFO:colcon.colcon_core.shell:Creating environment descriptor '/home/xs/UAV/ROS2/install/gps_handler/share/gps_handler/hook/pythonpath.dsv'
[10.184s] INFO:colcon.colcon_core.shell:Creating environment hook '/home/xs/UAV/ROS2/install/gps_handler/share/gps_handler/hook/pythonpath.sh'
[10.184s] Level 1:colcon.colcon_core.environment:checking '/home/xs/UAV/ROS2/install/gps_handler/bin'
[10.184s] Level 1:colcon.colcon_core.environment:create_environment_scripts_only(gps_handler)
[10.185s] INFO:colcon.colcon_core.shell:Creating package script '/home/xs/UAV/ROS2/install/gps_handler/share/gps_handler/package.ps1'
[10.185s] INFO:colcon.colcon_core.shell:Creating package descriptor '/home/xs/UAV/ROS2/install/gps_handler/share/gps_handler/package.dsv'
[10.185s] INFO:colcon.colcon_core.shell:Creating package script '/home/xs/UAV/ROS2/install/gps_handler/share/gps_handler/package.sh'
[10.185s] INFO:colcon.colcon_core.shell:Creating package script '/home/xs/UAV/ROS2/install/gps_handler/share/gps_handler/package.bash'
[10.186s] INFO:colcon.colcon_core.shell:Creating package script '/home/xs/UAV/ROS2/install/gps_handler/share/gps_handler/package.zsh'
[10.186s] Level 1:colcon.colcon_core.environment:create_file_with_runtime_dependencies(/home/xs/UAV/ROS2/install/gps_handler/share/colcon-core/packages/gps_handler)
[10.186s] DEBUG:colcon.colcon_parallel_executor.executor.parallel:closing loop
[10.186s] DEBUG:colcon.colcon_parallel_executor.executor.parallel:loop closed
[10.186s] DEBUG:colcon.colcon_parallel_executor.executor.parallel:run_until_complete finished with '0'
[10.187s] DEBUG:colcon.colcon_core.event_reactor:joining thread
[10.192s] INFO:colcon.colcon_core.plugin_system:Skipping extension 'colcon_notification.desktop_notification.terminal_notifier': Not used on non-Darwin systems
[10.192s] INFO:colcon.colcon_core.plugin_system:Skipping extension 'colcon_notification.desktop_notification.win32': Not used on non-Windows systems
[10.192s] INFO:colcon.colcon_notification.desktop_notification:Sending desktop notification using 'notify2'
[10.193s] DEBUG:colcon.colcon_notification.desktop_notification.notify2:Failed to initialize notify2: org.freedesktop.DBus.Error.ServiceUnknown: The name org.freedesktop.Notifications was not provided by any .service files
[10.193s] DEBUG:colcon.colcon_core.event_reactor:joined thread
[10.193s] INFO:colcon.colcon_core.shell:Creating prefix script '/home/xs/UAV/ROS2/install/local_setup.ps1'
[10.194s] INFO:colcon.colcon_core.shell:Creating prefix util module '/home/xs/UAV/ROS2/install/_local_setup_util_ps1.py'
[10.195s] INFO:colcon.colcon_core.shell:Creating prefix chain script '/home/xs/UAV/ROS2/install/setup.ps1'
[10.196s] INFO:colcon.colcon_core.shell:Creating prefix script '/home/xs/UAV/ROS2/install/local_setup.sh'
[10.197s] INFO:colcon.colcon_core.shell:Creating prefix util module '/home/xs/UAV/ROS2/install/_local_setup_util_sh.py'
[10.197s] INFO:colcon.colcon_core.shell:Creating prefix chain script '/home/xs/UAV/ROS2/install/setup.sh'
[10.198s] INFO:colcon.colcon_core.shell:Creating prefix script '/home/xs/UAV/ROS2/install/local_setup.bash'
[10.199s] INFO:colcon.colcon_core.shell:Creating prefix chain script '/home/xs/UAV/ROS2/install/setup.bash'
[10.200s] INFO:colcon.colcon_core.shell:Creating prefix script '/home/xs/UAV/ROS2/install/local_setup.zsh'
[10.201s] INFO:colcon.colcon_core.shell:Creating prefix chain script '/home/xs/UAV/ROS2/install/setup.zsh'
