[0.230s] DEBUG:colcon:Command line arguments: ['/usr/bin/colcon', 'build']
[0.230s] DEBUG:colcon:Parsed command line arguments: Namespace(allow_overriding=[], ament_cmake_args=None, base_paths=['.'], build_base='build', catkin_cmake_args=None, catkin_skip_building_tests=False, cmake_args=None, cmake_clean_cache=False, cmake_clean_first=False, cmake_force_configure=False, cmake_target=None, cmake_target_skip_unavailable=False, continue_on_error=False, event_handlers=None, executor='parallel', ignore_user_meta=False, install_base='install', log_base=None, log_level=None, main=<bound method BuildVerb.main of <colcon_core.verb.build.BuildVerb object at 0x7f49a84157c0>>, merge_install=False, metas=['./colcon.meta'], packages_above=None, packages_above_and_dependencies=None, packages_above_depth=None, packages_end=None, packages_ignore=None, packages_ignore_regex=None, packages_select=None, packages_select_build_failed=False, packages_select_by_dep=None, packages_select_regex=None, packages_select_test_failures=False, packages_skip=None, packages_skip_build_finished=False, packages_skip_by_dep=None, packages_skip_regex=None, packages_skip_test_passed=False, packages_skip_up_to=None, packages_start=None, packages_up_to=None, packages_up_to_regex=None, parallel_workers=8, paths=None, symlink_install=False, test_result_base=None, verb_extension=<colcon_core.verb.build.BuildVerb object at 0x7f49a84157c0>, verb_name='build', verb_parser=<colcon_defaults.argument_parser.defaults.DefaultArgumentsDecorator object at 0x7f49a83b3b20>)
[0.273s] Level 1:colcon.colcon_core.package_discovery:discover_packages(colcon_meta) check parameters
[0.273s] Level 1:colcon.colcon_core.package_discovery:discover_packages(recursive) check parameters
[0.274s] Level 1:colcon.colcon_core.package_discovery:discover_packages(ignore) check parameters
[0.274s] Level 1:colcon.colcon_core.package_discovery:discover_packages(path) check parameters
[0.274s] Level 1:colcon.colcon_core.package_discovery:discover_packages(colcon_meta) discover
[0.274s] Level 1:colcon.colcon_core.package_discovery:discover_packages(recursive) discover
[0.274s] INFO:colcon.colcon_core.package_discovery:Crawling recursively for packages in '/home/xs/UAV/ROS2'
[0.274s] Level 1:colcon.colcon_core.package_identification:_identify(.) by extensions ['ignore', 'ignore_ament_install']
[0.274s] Level 1:colcon.colcon_core.package_identification:_identify(.) by extension 'ignore'
[0.274s] Level 1:colcon.colcon_core.package_identification:_identify(.) by extension 'ignore_ament_install'
[0.274s] Level 1:colcon.colcon_core.package_identification:_identify(.) by extensions ['colcon_pkg']
[0.274s] Level 1:colcon.colcon_core.package_identification:_identify(.) by extension 'colcon_pkg'
[0.274s] Level 1:colcon.colcon_core.package_identification:_identify(.) by extensions ['colcon_meta']
[0.274s] Level 1:colcon.colcon_core.package_identification:_identify(.) by extension 'colcon_meta'
[0.274s] Level 1:colcon.colcon_core.package_identification:_identify(.) by extensions ['ros']
[0.274s] Level 1:colcon.colcon_core.package_identification:_identify(.) by extension 'ros'
[0.288s] Level 1:colcon.colcon_core.package_identification:_identify(.) by extensions ['cmake', 'python']
[0.289s] Level 1:colcon.colcon_core.package_identification:_identify(.) by extension 'cmake'
[0.289s] Level 1:colcon.colcon_core.package_identification:_identify(.) by extension 'python'
[0.289s] Level 1:colcon.colcon_core.package_identification:_identify(.) by extensions ['python_setup_py']
[0.289s] Level 1:colcon.colcon_core.package_identification:_identify(.) by extension 'python_setup_py'
[0.289s] Level 1:colcon.colcon_core.package_identification:_identify(build) by extensions ['ignore', 'ignore_ament_install']
[0.289s] Level 1:colcon.colcon_core.package_identification:_identify(build) by extension 'ignore'
[0.289s] Level 1:colcon.colcon_core.package_identification:_identify(build) ignored
[0.289s] Level 1:colcon.colcon_core.package_identification:_identify(install) by extensions ['ignore', 'ignore_ament_install']
[0.289s] Level 1:colcon.colcon_core.package_identification:_identify(install) by extension 'ignore'
[0.289s] Level 1:colcon.colcon_core.package_identification:_identify(install) ignored
[0.289s] Level 1:colcon.colcon_core.package_identification:_identify(location_msgs) by extensions ['ignore', 'ignore_ament_install']
[0.289s] Level 1:colcon.colcon_core.package_identification:_identify(location_msgs) by extension 'ignore'
[0.289s] Level 1:colcon.colcon_core.package_identification:_identify(location_msgs) by extension 'ignore_ament_install'
[0.290s] Level 1:colcon.colcon_core.package_identification:_identify(location_msgs) by extensions ['colcon_pkg']
[0.290s] Level 1:colcon.colcon_core.package_identification:_identify(location_msgs) by extension 'colcon_pkg'
[0.290s] Level 1:colcon.colcon_core.package_identification:_identify(location_msgs) by extensions ['colcon_meta']
[0.290s] Level 1:colcon.colcon_core.package_identification:_identify(location_msgs) by extension 'colcon_meta'
[0.290s] Level 1:colcon.colcon_core.package_identification:_identify(location_msgs) by extensions ['ros']
[0.290s] Level 1:colcon.colcon_core.package_identification:_identify(location_msgs) by extension 'ros'
[0.292s] DEBUG:colcon.colcon_core.package_identification:Package 'location_msgs' with type 'ros.ament_cmake' and name 'location_msgs'
[0.292s] Level 1:colcon.colcon_core.package_identification:_identify(log) by extensions ['ignore', 'ignore_ament_install']
[0.292s] Level 1:colcon.colcon_core.package_identification:_identify(log) by extension 'ignore'
[0.292s] Level 1:colcon.colcon_core.package_identification:_identify(log) ignored
[0.292s] Level 1:colcon.colcon_core.package_identification:_identify(uav_patrol) by extensions ['ignore', 'ignore_ament_install']
[0.292s] Level 1:colcon.colcon_core.package_identification:_identify(uav_patrol) by extension 'ignore'
[0.292s] Level 1:colcon.colcon_core.package_identification:_identify(uav_patrol) by extension 'ignore_ament_install'
[0.292s] Level 1:colcon.colcon_core.package_identification:_identify(uav_patrol) by extensions ['colcon_pkg']
[0.292s] Level 1:colcon.colcon_core.package_identification:_identify(uav_patrol) by extension 'colcon_pkg'
[0.292s] Level 1:colcon.colcon_core.package_identification:_identify(uav_patrol) by extensions ['colcon_meta']
[0.292s] Level 1:colcon.colcon_core.package_identification:_identify(uav_patrol) by extension 'colcon_meta'
[0.292s] Level 1:colcon.colcon_core.package_identification:_identify(uav_patrol) by extensions ['ros']
[0.292s] Level 1:colcon.colcon_core.package_identification:_identify(uav_patrol) by extension 'ros'
[0.293s] DEBUG:colcon.colcon_core.package_identification:Package 'uav_patrol' with type 'ros.ament_python' and name 'uav_patrol'
[0.293s] Level 1:colcon.colcon_core.package_identification:_identify(weights) by extensions ['ignore', 'ignore_ament_install']
[0.293s] Level 1:colcon.colcon_core.package_identification:_identify(weights) by extension 'ignore'
[0.293s] Level 1:colcon.colcon_core.package_identification:_identify(weights) by extension 'ignore_ament_install'
[0.293s] Level 1:colcon.colcon_core.package_identification:_identify(weights) by extensions ['colcon_pkg']
[0.294s] Level 1:colcon.colcon_core.package_identification:_identify(weights) by extension 'colcon_pkg'
[0.294s] Level 1:colcon.colcon_core.package_identification:_identify(weights) by extensions ['colcon_meta']
[0.294s] Level 1:colcon.colcon_core.package_identification:_identify(weights) by extension 'colcon_meta'
[0.294s] Level 1:colcon.colcon_core.package_identification:_identify(weights) by extensions ['ros']
[0.294s] Level 1:colcon.colcon_core.package_identification:_identify(weights) by extension 'ros'
[0.294s] Level 1:colcon.colcon_core.package_identification:_identify(weights) by extensions ['cmake', 'python']
[0.294s] Level 1:colcon.colcon_core.package_identification:_identify(weights) by extension 'cmake'
[0.294s] Level 1:colcon.colcon_core.package_identification:_identify(weights) by extension 'python'
[0.294s] Level 1:colcon.colcon_core.package_identification:_identify(weights) by extensions ['python_setup_py']
[0.294s] Level 1:colcon.colcon_core.package_identification:_identify(weights) by extension 'python_setup_py'
[0.294s] Level 1:colcon.colcon_core.package_discovery:discover_packages(recursive) using defaults
[0.294s] Level 1:colcon.colcon_core.package_discovery:discover_packages(ignore) discover
[0.294s] Level 1:colcon.colcon_core.package_discovery:discover_packages(ignore) using defaults
[0.294s] Level 1:colcon.colcon_core.package_discovery:discover_packages(path) discover
[0.294s] Level 1:colcon.colcon_core.package_discovery:discover_packages(path) using defaults
[0.312s] Level 1:colcon.colcon_core.package_discovery:discover_packages(prefix_path) check parameters
[0.312s] Level 1:colcon.colcon_core.package_discovery:discover_packages(prefix_path) discover
[0.316s] DEBUG:colcon.colcon_installed_package_information.package_discovery:Found 277 installed packages in /opt/ros/galactic
[0.317s] Level 1:colcon.colcon_core.package_discovery:discover_packages(prefix_path) using defaults
[0.382s] Level 5:colcon.colcon_core.verb:set package 'location_msgs' build argument 'cmake_args' from command line to 'None'
[0.383s] Level 5:colcon.colcon_core.verb:set package 'location_msgs' build argument 'cmake_target' from command line to 'None'
[0.383s] Level 5:colcon.colcon_core.verb:set package 'location_msgs' build argument 'cmake_target_skip_unavailable' from command line to 'False'
[0.383s] Level 5:colcon.colcon_core.verb:set package 'location_msgs' build argument 'cmake_clean_cache' from command line to 'False'
[0.383s] Level 5:colcon.colcon_core.verb:set package 'location_msgs' build argument 'cmake_clean_first' from command line to 'False'
[0.383s] Level 5:colcon.colcon_core.verb:set package 'location_msgs' build argument 'cmake_force_configure' from command line to 'False'
[0.383s] Level 5:colcon.colcon_core.verb:set package 'location_msgs' build argument 'ament_cmake_args' from command line to 'None'
[0.383s] Level 5:colcon.colcon_core.verb:set package 'location_msgs' build argument 'catkin_cmake_args' from command line to 'None'
[0.383s] Level 5:colcon.colcon_core.verb:set package 'location_msgs' build argument 'catkin_skip_building_tests' from command line to 'False'
[0.383s] DEBUG:colcon.colcon_core.verb:Building package 'location_msgs' with the following arguments: {'ament_cmake_args': None, 'build_base': '/home/xs/UAV/ROS2/build/location_msgs', 'catkin_cmake_args': None, 'catkin_skip_building_tests': False, 'cmake_args': None, 'cmake_clean_cache': False, 'cmake_clean_first': False, 'cmake_force_configure': False, 'cmake_target': None, 'cmake_target_skip_unavailable': False, 'install_base': '/home/xs/UAV/ROS2/install/location_msgs', 'merge_install': False, 'path': '/home/xs/UAV/ROS2/location_msgs', 'symlink_install': False, 'test_result_base': None}
[0.383s] Level 5:colcon.colcon_core.verb:set package 'uav_patrol' build argument 'cmake_args' from command line to 'None'
[0.383s] Level 5:colcon.colcon_core.verb:set package 'uav_patrol' build argument 'cmake_target' from command line to 'None'
[0.383s] Level 5:colcon.colcon_core.verb:set package 'uav_patrol' build argument 'cmake_target_skip_unavailable' from command line to 'False'
[0.383s] Level 5:colcon.colcon_core.verb:set package 'uav_patrol' build argument 'cmake_clean_cache' from command line to 'False'
[0.383s] Level 5:colcon.colcon_core.verb:set package 'uav_patrol' build argument 'cmake_clean_first' from command line to 'False'
[0.383s] Level 5:colcon.colcon_core.verb:set package 'uav_patrol' build argument 'cmake_force_configure' from command line to 'False'
[0.383s] Level 5:colcon.colcon_core.verb:set package 'uav_patrol' build argument 'ament_cmake_args' from command line to 'None'
[0.383s] Level 5:colcon.colcon_core.verb:set package 'uav_patrol' build argument 'catkin_cmake_args' from command line to 'None'
[0.383s] Level 5:colcon.colcon_core.verb:set package 'uav_patrol' build argument 'catkin_skip_building_tests' from command line to 'False'
[0.383s] DEBUG:colcon.colcon_core.verb:Building package 'uav_patrol' with the following arguments: {'ament_cmake_args': None, 'build_base': '/home/xs/UAV/ROS2/build/uav_patrol', 'catkin_cmake_args': None, 'catkin_skip_building_tests': False, 'cmake_args': None, 'cmake_clean_cache': False, 'cmake_clean_first': False, 'cmake_force_configure': False, 'cmake_target': None, 'cmake_target_skip_unavailable': False, 'install_base': '/home/xs/UAV/ROS2/install/uav_patrol', 'merge_install': False, 'path': '/home/xs/UAV/ROS2/uav_patrol', 'symlink_install': False, 'test_result_base': None}
[0.384s] INFO:colcon.colcon_core.executor:Executing jobs using 'parallel' executor
[0.385s] DEBUG:colcon.colcon_parallel_executor.executor.parallel:run_until_complete
[0.385s] INFO:colcon.colcon_ros.task.ament_cmake.build:Building ROS package in '/home/xs/UAV/ROS2/location_msgs' with build type 'ament_cmake'
[0.385s] INFO:colcon.colcon_cmake.task.cmake.build:Building CMake package in '/home/xs/UAV/ROS2/location_msgs'
[0.388s] INFO:colcon.colcon_core.plugin_system:Skipping extension 'colcon_core.shell.bat': Not used on non-Windows systems
[0.388s] INFO:colcon.colcon_core.shell:Skip shell extension 'powershell' for command environment: Not usable outside of PowerShell
[0.388s] DEBUG:colcon.colcon_core.shell:Skip shell extension 'dsv' for command environment
[0.408s] DEBUG:colcon.colcon_core.event_handler.log_command:Invoking command in '/home/xs/UAV/ROS2/build/location_msgs': CMAKE_PREFIX_PATH=/opt/ros/galactic /usr/bin/cmake /home/xs/UAV/ROS2/location_msgs -DCMAKE_INSTALL_PREFIX=/home/xs/UAV/ROS2/install/location_msgs
[3.872s] DEBUG:colcon.colcon_core.event_handler.log_command:Invoked command in '/home/xs/UAV/ROS2/build/location_msgs' returned '0': CMAKE_PREFIX_PATH=/opt/ros/galactic /usr/bin/cmake /home/xs/UAV/ROS2/location_msgs -DCMAKE_INSTALL_PREFIX=/home/xs/UAV/ROS2/install/location_msgs
[3.878s] DEBUG:colcon.colcon_core.event_handler.log_command:Invoking command in '/home/xs/UAV/ROS2/build/location_msgs': CMAKE_PREFIX_PATH=/opt/ros/galactic /usr/bin/cmake --build /home/xs/UAV/ROS2/build/location_msgs -- -j8 -l8
[8.455s] DEBUG:colcon.colcon_core.event_handler.log_command:Invoked command in '/home/xs/UAV/ROS2/build/location_msgs' returned '0': CMAKE_PREFIX_PATH=/opt/ros/galactic /usr/bin/cmake --build /home/xs/UAV/ROS2/build/location_msgs -- -j8 -l8
[8.777s] DEBUG:colcon.colcon_core.event_handler.log_command:Invoking command in '/home/xs/UAV/ROS2/build/location_msgs': CMAKE_PREFIX_PATH=/opt/ros/galactic /usr/bin/cmake --install /home/xs/UAV/ROS2/build/location_msgs
[8.902s] Level 1:colcon.colcon_core.environment:create_environment_scripts_only(location_msgs)
[8.904s] DEBUG:colcon.colcon_core.event_handler.log_command:Invoked command in '/home/xs/UAV/ROS2/build/location_msgs' returned '0': CMAKE_PREFIX_PATH=/opt/ros/galactic /usr/bin/cmake --install /home/xs/UAV/ROS2/build/location_msgs
[8.908s] Level 1:colcon.colcon_core.environment:checking '/home/xs/UAV/ROS2/install/location_msgs' for CMake module files
[8.909s] Level 1:colcon.colcon_core.environment:checking '/home/xs/UAV/ROS2/install/location_msgs' for CMake config files
[8.909s] Level 1:colcon.colcon_core.shell:create_environment_hook('location_msgs', 'cmake_prefix_path')
[8.910s] INFO:colcon.colcon_core.shell:Creating environment hook '/home/xs/UAV/ROS2/install/location_msgs/share/location_msgs/hook/cmake_prefix_path.ps1'
[8.911s] INFO:colcon.colcon_core.shell:Creating environment descriptor '/home/xs/UAV/ROS2/install/location_msgs/share/location_msgs/hook/cmake_prefix_path.dsv'
[8.912s] INFO:colcon.colcon_core.shell:Creating environment hook '/home/xs/UAV/ROS2/install/location_msgs/share/location_msgs/hook/cmake_prefix_path.sh'
[8.913s] Level 1:colcon.colcon_core.environment:checking '/home/xs/UAV/ROS2/install/location_msgs/lib'
[8.913s] Level 1:colcon.colcon_core.shell:create_environment_hook('location_msgs', 'ld_library_path_lib')
[8.913s] INFO:colcon.colcon_core.shell:Creating environment hook '/home/xs/UAV/ROS2/install/location_msgs/share/location_msgs/hook/ld_library_path_lib.ps1'
[8.913s] INFO:colcon.colcon_core.shell:Creating environment descriptor '/home/xs/UAV/ROS2/install/location_msgs/share/location_msgs/hook/ld_library_path_lib.dsv'
[8.914s] INFO:colcon.colcon_core.shell:Creating environment hook '/home/xs/UAV/ROS2/install/location_msgs/share/location_msgs/hook/ld_library_path_lib.sh'
[8.914s] Level 1:colcon.colcon_core.environment:checking '/home/xs/UAV/ROS2/install/location_msgs/bin'
[8.914s] Level 1:colcon.colcon_core.environment:checking '/home/xs/UAV/ROS2/install/location_msgs/lib/pkgconfig/location_msgs.pc'
[8.915s] Level 1:colcon.colcon_core.environment:checking '/home/xs/UAV/ROS2/install/location_msgs/lib/python3.8/site-packages'
[8.915s] Level 1:colcon.colcon_core.shell:create_environment_hook('location_msgs', 'pythonpath')
[8.915s] INFO:colcon.colcon_core.shell:Creating environment hook '/home/xs/UAV/ROS2/install/location_msgs/share/location_msgs/hook/pythonpath.ps1'
[8.915s] INFO:colcon.colcon_core.shell:Creating environment descriptor '/home/xs/UAV/ROS2/install/location_msgs/share/location_msgs/hook/pythonpath.dsv'
[8.915s] INFO:colcon.colcon_core.shell:Creating environment hook '/home/xs/UAV/ROS2/install/location_msgs/share/location_msgs/hook/pythonpath.sh'
[8.918s] Level 1:colcon.colcon_core.environment:checking '/home/xs/UAV/ROS2/install/location_msgs/bin'
[8.918s] INFO:colcon.colcon_core.shell:Creating package script '/home/xs/UAV/ROS2/install/location_msgs/share/location_msgs/package.ps1'
[8.919s] INFO:colcon.colcon_core.shell:Creating package descriptor '/home/xs/UAV/ROS2/install/location_msgs/share/location_msgs/package.dsv'
[8.920s] INFO:colcon.colcon_core.shell:Creating package script '/home/xs/UAV/ROS2/install/location_msgs/share/location_msgs/package.sh'
[8.920s] INFO:colcon.colcon_core.shell:Creating package script '/home/xs/UAV/ROS2/install/location_msgs/share/location_msgs/package.bash'
[8.921s] INFO:colcon.colcon_core.shell:Creating package script '/home/xs/UAV/ROS2/install/location_msgs/share/location_msgs/package.zsh'
[8.921s] Level 1:colcon.colcon_core.environment:create_file_with_runtime_dependencies(/home/xs/UAV/ROS2/install/location_msgs/share/colcon-core/packages/location_msgs)
[9.222s] Level 1:colcon.colcon_core.environment:create_environment_scripts_only(location_msgs)
[9.223s] Level 1:colcon.colcon_core.environment:checking '/home/xs/UAV/ROS2/install/location_msgs' for CMake module files
[9.224s] Level 1:colcon.colcon_core.environment:checking '/home/xs/UAV/ROS2/install/location_msgs' for CMake config files
[9.225s] Level 1:colcon.colcon_core.shell:create_environment_hook('location_msgs', 'cmake_prefix_path')
[9.225s] INFO:colcon.colcon_core.shell:Creating environment hook '/home/xs/UAV/ROS2/install/location_msgs/share/location_msgs/hook/cmake_prefix_path.ps1'
[9.226s] INFO:colcon.colcon_core.shell:Creating environment descriptor '/home/xs/UAV/ROS2/install/location_msgs/share/location_msgs/hook/cmake_prefix_path.dsv'
[9.227s] INFO:colcon.colcon_core.shell:Creating environment hook '/home/xs/UAV/ROS2/install/location_msgs/share/location_msgs/hook/cmake_prefix_path.sh'
[9.228s] Level 1:colcon.colcon_core.environment:checking '/home/xs/UAV/ROS2/install/location_msgs/lib'
[9.228s] Level 1:colcon.colcon_core.shell:create_environment_hook('location_msgs', 'ld_library_path_lib')
[9.228s] INFO:colcon.colcon_core.shell:Creating environment hook '/home/xs/UAV/ROS2/install/location_msgs/share/location_msgs/hook/ld_library_path_lib.ps1'
[9.229s] INFO:colcon.colcon_core.shell:Creating environment descriptor '/home/xs/UAV/ROS2/install/location_msgs/share/location_msgs/hook/ld_library_path_lib.dsv'
[9.229s] INFO:colcon.colcon_core.shell:Creating environment hook '/home/xs/UAV/ROS2/install/location_msgs/share/location_msgs/hook/ld_library_path_lib.sh'
[9.229s] Level 1:colcon.colcon_core.environment:checking '/home/xs/UAV/ROS2/install/location_msgs/bin'
[9.230s] Level 1:colcon.colcon_core.environment:checking '/home/xs/UAV/ROS2/install/location_msgs/lib/pkgconfig/location_msgs.pc'
[9.230s] Level 1:colcon.colcon_core.environment:checking '/home/xs/UAV/ROS2/install/location_msgs/lib/python3.8/site-packages'
[9.230s] Level 1:colcon.colcon_core.shell:create_environment_hook('location_msgs', 'pythonpath')
[9.230s] INFO:colcon.colcon_core.shell:Creating environment hook '/home/xs/UAV/ROS2/install/location_msgs/share/location_msgs/hook/pythonpath.ps1'
[9.231s] INFO:colcon.colcon_core.shell:Creating environment descriptor '/home/xs/UAV/ROS2/install/location_msgs/share/location_msgs/hook/pythonpath.dsv'
[9.231s] INFO:colcon.colcon_core.shell:Creating environment hook '/home/xs/UAV/ROS2/install/location_msgs/share/location_msgs/hook/pythonpath.sh'
[9.232s] Level 1:colcon.colcon_core.environment:checking '/home/xs/UAV/ROS2/install/location_msgs/bin'
[9.232s] INFO:colcon.colcon_core.shell:Creating package script '/home/xs/UAV/ROS2/install/location_msgs/share/location_msgs/package.ps1'
[9.233s] INFO:colcon.colcon_core.shell:Creating package descriptor '/home/xs/UAV/ROS2/install/location_msgs/share/location_msgs/package.dsv'
[9.234s] INFO:colcon.colcon_core.shell:Creating package script '/home/xs/UAV/ROS2/install/location_msgs/share/location_msgs/package.sh'
[9.234s] INFO:colcon.colcon_core.shell:Creating package script '/home/xs/UAV/ROS2/install/location_msgs/share/location_msgs/package.bash'
[9.235s] INFO:colcon.colcon_core.shell:Creating package script '/home/xs/UAV/ROS2/install/location_msgs/share/location_msgs/package.zsh'
[9.235s] Level 1:colcon.colcon_core.environment:create_file_with_runtime_dependencies(/home/xs/UAV/ROS2/install/location_msgs/share/colcon-core/packages/location_msgs)
[9.236s] INFO:colcon.colcon_ros.task.ament_python.build:Building ROS package in '/home/xs/UAV/ROS2/uav_patrol' with build type 'ament_python'
[9.237s] Level 1:colcon.colcon_core.shell:create_environment_hook('uav_patrol', 'ament_prefix_path')
[9.237s] INFO:colcon.colcon_core.shell:Creating environment hook '/home/xs/UAV/ROS2/install/uav_patrol/share/uav_patrol/hook/ament_prefix_path.ps1'
[9.238s] INFO:colcon.colcon_core.shell:Creating environment descriptor '/home/xs/UAV/ROS2/install/uav_patrol/share/uav_patrol/hook/ament_prefix_path.dsv'
[9.239s] INFO:colcon.colcon_core.shell:Creating environment hook '/home/xs/UAV/ROS2/install/uav_patrol/share/uav_patrol/hook/ament_prefix_path.sh'
[9.240s] INFO:colcon.colcon_core.shell:Skip shell extension 'powershell' for command environment: Not usable outside of PowerShell
[9.240s] DEBUG:colcon.colcon_core.shell:Skip shell extension 'dsv' for command environment
[9.501s] INFO:colcon.colcon_core.task.python.build:Building Python package in '/home/xs/UAV/ROS2/uav_patrol'
[9.503s] INFO:colcon.colcon_core.shell:Skip shell extension 'powershell' for command environment: Not usable outside of PowerShell
[9.503s] DEBUG:colcon.colcon_core.shell:Skip shell extension 'dsv' for command environment
[10.497s] DEBUG:colcon.colcon_core.event_handler.log_command:Invoking command in '/home/xs/UAV/ROS2/uav_patrol': AMENT_PREFIX_PATH=/home/xs/UAV/ROS2/install/location_msgs:${AMENT_PREFIX_PATH} CMAKE_PREFIX_PATH=/home/xs/UAV/ROS2/install/location_msgs LD_LIBRARY_PATH=/home/xs/UAV/ROS2/install/location_msgs/lib:${LD_LIBRARY_PATH} PYTHONPATH=/home/xs/UAV/ROS2/build/uav_patrol/prefix_override:/home/xs/UAV/ROS2/install/uav_patrol/lib/python3.8/site-packages:/home/xs/UAV/ROS2/install/location_msgs/lib/python3.8/site-packages:${PYTHONPATH} /usr/bin/python3 -W ignore:setup.py install is deprecated setup.py egg_info --egg-base ../build/uav_patrol build --build-base /home/xs/UAV/ROS2/build/uav_patrol/build install --record /home/xs/UAV/ROS2/build/uav_patrol/install.log --single-version-externally-managed install_data
[11.216s] Level 1:colcon.colcon_core.environment:checking '/home/xs/UAV/ROS2/install/uav_patrol' for CMake module files
[11.217s] DEBUG:colcon.colcon_core.event_handler.log_command:Invoked command in '/home/xs/UAV/ROS2/uav_patrol' returned '0': AMENT_PREFIX_PATH=/home/xs/UAV/ROS2/install/location_msgs:${AMENT_PREFIX_PATH} CMAKE_PREFIX_PATH=/home/xs/UAV/ROS2/install/location_msgs LD_LIBRARY_PATH=/home/xs/UAV/ROS2/install/location_msgs/lib:${LD_LIBRARY_PATH} PYTHONPATH=/home/xs/UAV/ROS2/build/uav_patrol/prefix_override:/home/xs/UAV/ROS2/install/uav_patrol/lib/python3.8/site-packages:/home/xs/UAV/ROS2/install/location_msgs/lib/python3.8/site-packages:${PYTHONPATH} /usr/bin/python3 -W ignore:setup.py install is deprecated setup.py egg_info --egg-base ../build/uav_patrol build --build-base /home/xs/UAV/ROS2/build/uav_patrol/build install --record /home/xs/UAV/ROS2/build/uav_patrol/install.log --single-version-externally-managed install_data
[11.217s] Level 1:colcon.colcon_core.environment:checking '/home/xs/UAV/ROS2/install/uav_patrol' for CMake config files
[11.219s] Level 1:colcon.colcon_core.environment:checking '/home/xs/UAV/ROS2/install/uav_patrol/lib'
[11.219s] Level 1:colcon.colcon_core.environment:checking '/home/xs/UAV/ROS2/install/uav_patrol/bin'
[11.219s] Level 1:colcon.colcon_core.environment:checking '/home/xs/UAV/ROS2/install/uav_patrol/lib/pkgconfig/uav_patrol.pc'
[11.220s] Level 1:colcon.colcon_core.environment:checking '/home/xs/UAV/ROS2/install/uav_patrol/lib/python3.8/site-packages'
[11.220s] Level 1:colcon.colcon_core.shell:create_environment_hook('uav_patrol', 'pythonpath')
[11.220s] INFO:colcon.colcon_core.shell:Creating environment hook '/home/xs/UAV/ROS2/install/uav_patrol/share/uav_patrol/hook/pythonpath.ps1'
[11.221s] INFO:colcon.colcon_core.shell:Creating environment descriptor '/home/xs/UAV/ROS2/install/uav_patrol/share/uav_patrol/hook/pythonpath.dsv'
[11.221s] INFO:colcon.colcon_core.shell:Creating environment hook '/home/xs/UAV/ROS2/install/uav_patrol/share/uav_patrol/hook/pythonpath.sh'
[11.222s] Level 1:colcon.colcon_core.environment:checking '/home/xs/UAV/ROS2/install/uav_patrol/bin'
[11.222s] Level 1:colcon.colcon_core.environment:create_environment_scripts_only(uav_patrol)
[11.222s] INFO:colcon.colcon_core.shell:Creating package script '/home/xs/UAV/ROS2/install/uav_patrol/share/uav_patrol/package.ps1'
[11.223s] INFO:colcon.colcon_core.shell:Creating package descriptor '/home/xs/UAV/ROS2/install/uav_patrol/share/uav_patrol/package.dsv'
[11.223s] INFO:colcon.colcon_core.shell:Creating package script '/home/xs/UAV/ROS2/install/uav_patrol/share/uav_patrol/package.sh'
[11.224s] INFO:colcon.colcon_core.shell:Creating package script '/home/xs/UAV/ROS2/install/uav_patrol/share/uav_patrol/package.bash'
[11.224s] INFO:colcon.colcon_core.shell:Creating package script '/home/xs/UAV/ROS2/install/uav_patrol/share/uav_patrol/package.zsh'
[11.225s] Level 1:colcon.colcon_core.environment:create_file_with_runtime_dependencies(/home/xs/UAV/ROS2/install/uav_patrol/share/colcon-core/packages/uav_patrol)
[11.225s] DEBUG:colcon.colcon_parallel_executor.executor.parallel:closing loop
[11.227s] DEBUG:colcon.colcon_parallel_executor.executor.parallel:loop closed
[11.227s] DEBUG:colcon.colcon_parallel_executor.executor.parallel:run_until_complete finished with '0'
[11.227s] DEBUG:colcon.colcon_core.event_reactor:joining thread
[11.235s] INFO:colcon.colcon_core.plugin_system:Skipping extension 'colcon_notification.desktop_notification.terminal_notifier': Not used on non-Darwin systems
[11.235s] INFO:colcon.colcon_core.plugin_system:Skipping extension 'colcon_notification.desktop_notification.win32': Not used on non-Windows systems
[11.235s] INFO:colcon.colcon_notification.desktop_notification:Sending desktop notification using 'notify2'
[11.255s] DEBUG:colcon.colcon_core.event_reactor:joined thread
[11.255s] INFO:colcon.colcon_core.shell:Creating prefix script '/home/xs/UAV/ROS2/install/local_setup.ps1'
[11.256s] INFO:colcon.colcon_core.shell:Creating prefix util module '/home/xs/UAV/ROS2/install/_local_setup_util_ps1.py'
[11.257s] INFO:colcon.colcon_core.shell:Creating prefix chain script '/home/xs/UAV/ROS2/install/setup.ps1'
[11.258s] INFO:colcon.colcon_core.shell:Creating prefix script '/home/xs/UAV/ROS2/install/local_setup.sh'
[11.259s] INFO:colcon.colcon_core.shell:Creating prefix util module '/home/xs/UAV/ROS2/install/_local_setup_util_sh.py'
[11.259s] INFO:colcon.colcon_core.shell:Creating prefix chain script '/home/xs/UAV/ROS2/install/setup.sh'
[11.260s] INFO:colcon.colcon_core.shell:Creating prefix script '/home/xs/UAV/ROS2/install/local_setup.bash'
[11.260s] INFO:colcon.colcon_core.shell:Creating prefix chain script '/home/xs/UAV/ROS2/install/setup.bash'
[11.261s] INFO:colcon.colcon_core.shell:Creating prefix script '/home/xs/UAV/ROS2/install/local_setup.zsh'
[11.261s] INFO:colcon.colcon_core.shell:Creating prefix chain script '/home/xs/UAV/ROS2/install/setup.zsh'
