[1.823s] Invoking command in '/home/ccl/UAV/ROS2/ctrl_relayer': PYTHONPATH=/home/ccl/UAV/ROS2/build/ctrl_relayer/prefix_override:/home/ccl/UAV/ROS2/install/ctrl_relayer/lib/python3.8/site-packages:${PYTHONPATH} /usr/bin/python3 -W ignore:setup.py install is deprecated setup.py egg_info --egg-base ../build/ctrl_relayer build --build-base /home/ccl/UAV/ROS2/build/ctrl_relayer/build install --record /home/ccl/UAV/ROS2/build/ctrl_relayer/install.log --single-version-externally-managed install_data
[2.176s] running egg_info
[2.210s] writing ../build/ctrl_relayer/ctrl_relayer.egg-info/PKG-INFO
[2.211s] writing dependency_links to ../build/ctrl_relayer/ctrl_relayer.egg-info/dependency_links.txt
[2.211s] writing entry points to ../build/ctrl_relayer/ctrl_relayer.egg-info/entry_points.txt
[2.211s] writing requirements to ../build/ctrl_relayer/ctrl_relayer.egg-info/requires.txt
[2.211s] writing top-level names to ../build/ctrl_relayer/ctrl_relayer.egg-info/top_level.txt
[2.440s] reading manifest file '../build/ctrl_relayer/ctrl_relayer.egg-info/SOURCES.txt'
[2.442s] writing manifest file '../build/ctrl_relayer/ctrl_relayer.egg-info/SOURCES.txt'
[2.443s] running build
[2.443s] running build_py
[2.443s] copying ctrl_relayer/__init__.py -> /home/ccl/UAV/ROS2/build/ctrl_relayer/build/lib/ctrl_relayer
[2.444s] running install
[2.445s] running install_lib
[2.471s] byte-compiling /home/ccl/UAV/ROS2/install/ctrl_relayer/lib/python3.8/site-packages/ctrl_relayer/cmd_subscriber.py to cmd_subscriber.cpython-38.pyc
[2.476s] running install_data
[2.476s] copying resource/ctrl_relayer -> /home/ccl/UAV/ROS2/install/ctrl_relayer/share/ament_index/resource_index/packages
[2.476s] copying package.xml -> /home/ccl/UAV/ROS2/install/ctrl_relayer/share/ctrl_relayer
[2.476s] copying launch/ctrl_relayer.launch.py -> /home/ccl/UAV/ROS2/install/ctrl_relayer/share/ctrl_relayer
[2.476s] running install_egg_info
[2.503s] removing '/home/ccl/UAV/ROS2/install/ctrl_relayer/lib/python3.8/site-packages/ctrl_relayer-0.0.0-py3.8.egg-info' (and everything under it)
[2.503s] Copying ../build/ctrl_relayer/ctrl_relayer.egg-info to /home/ccl/UAV/ROS2/install/ctrl_relayer/lib/python3.8/site-packages/ctrl_relayer-0.0.0-py3.8.egg-info
[2.503s] running install_scripts
[2.572s] Installing cmd_subscriber script to /home/ccl/UAV/ROS2/install/ctrl_relayer/lib/ctrl_relayer
[2.572s] writing list of installed files to '/home/ccl/UAV/ROS2/build/ctrl_relayer/install.log'
[2.595s] Invoked command in '/home/ccl/UAV/ROS2/ctrl_relayer' returned '0': PYTHONPATH=/home/ccl/UAV/ROS2/build/ctrl_relayer/prefix_override:/home/ccl/UAV/ROS2/install/ctrl_relayer/lib/python3.8/site-packages:${PYTHONPATH} /usr/bin/python3 -W ignore:setup.py install is deprecated setup.py egg_info --egg-base ../build/ctrl_relayer build --build-base /home/ccl/UAV/ROS2/build/ctrl_relayer/build install --record /home/ccl/UAV/ROS2/build/ctrl_relayer/install.log --single-version-externally-managed install_data
