running egg_info
creating ../build/gps_handler/gps_handler.egg-info
writing ../build/gps_handler/gps_handler.egg-info/PKG-INFO
writing dependency_links to ../build/gps_handler/gps_handler.egg-info/dependency_links.txt
writing entry points to ../build/gps_handler/gps_handler.egg-info/entry_points.txt
writing requirements to ../build/gps_handler/gps_handler.egg-info/requires.txt
writing top-level names to ../build/gps_handler/gps_handler.egg-info/top_level.txt
writing manifest file '../build/gps_handler/gps_handler.egg-info/SOURCES.txt'
reading manifest file '../build/gps_handler/gps_handler.egg-info/SOURCES.txt'
writing manifest file '../build/gps_handler/gps_handler.egg-info/SOURCES.txt'
running build
running build_py
creating /home/xs/UAV/ROS2/build/gps_handler/build
creating /home/xs/UAV/ROS2/build/gps_handler/build/lib
creating /home/xs/UAV/ROS2/build/gps_handler/build/lib/gps_handler
copying gps_handler/checksum_utils.py -> /home/xs/UAV/ROS2/build/gps_handler/build/lib/gps_handler
copying gps_handler/driver.py -> /home/xs/UAV/ROS2/build/gps_handler/build/lib/gps_handler
copying gps_handler/parser.py -> /home/xs/UAV/ROS2/build/gps_handler/build/lib/gps_handler
copying gps_handler/gps_simulator.py -> /home/xs/UAV/ROS2/build/gps_handler/build/lib/gps_handler
copying gps_handler/__init__.py -> /home/xs/UAV/ROS2/build/gps_handler/build/lib/gps_handler
creating /home/xs/UAV/ROS2/build/gps_handler/build/lib/gps_handler/nodes
copying gps_handler/nodes/__init__.py -> /home/xs/UAV/ROS2/build/gps_handler/build/lib/gps_handler/nodes
copying gps_handler/nodes/nmea_serial_driver.py -> /home/xs/UAV/ROS2/build/gps_handler/build/lib/gps_handler/nodes
copying gps_handler/nodes/gps_path.py -> /home/xs/UAV/ROS2/build/gps_handler/build/lib/gps_handler/nodes
running install
running install_lib
creating /home/xs/UAV/ROS2/install/gps_handler/lib/python3.8/site-packages/gps_handler
creating /home/xs/UAV/ROS2/install/gps_handler/lib/python3.8/site-packages/gps_handler/nodes
copying /home/xs/UAV/ROS2/build/gps_handler/build/lib/gps_handler/nodes/__init__.py -> /home/xs/UAV/ROS2/install/gps_handler/lib/python3.8/site-packages/gps_handler/nodes
copying /home/xs/UAV/ROS2/build/gps_handler/build/lib/gps_handler/nodes/nmea_serial_driver.py -> /home/xs/UAV/ROS2/install/gps_handler/lib/python3.8/site-packages/gps_handler/nodes
copying /home/xs/UAV/ROS2/build/gps_handler/build/lib/gps_handler/nodes/gps_path.py -> /home/xs/UAV/ROS2/install/gps_handler/lib/python3.8/site-packages/gps_handler/nodes
copying /home/xs/UAV/ROS2/build/gps_handler/build/lib/gps_handler/checksum_utils.py -> /home/xs/UAV/ROS2/install/gps_handler/lib/python3.8/site-packages/gps_handler
copying /home/xs/UAV/ROS2/build/gps_handler/build/lib/gps_handler/driver.py -> /home/xs/UAV/ROS2/install/gps_handler/lib/python3.8/site-packages/gps_handler
copying /home/xs/UAV/ROS2/build/gps_handler/build/lib/gps_handler/parser.py -> /home/xs/UAV/ROS2/install/gps_handler/lib/python3.8/site-packages/gps_handler
copying /home/xs/UAV/ROS2/build/gps_handler/build/lib/gps_handler/gps_simulator.py -> /home/xs/UAV/ROS2/install/gps_handler/lib/python3.8/site-packages/gps_handler
copying /home/xs/UAV/ROS2/build/gps_handler/build/lib/gps_handler/__init__.py -> /home/xs/UAV/ROS2/install/gps_handler/lib/python3.8/site-packages/gps_handler
byte-compiling /home/xs/UAV/ROS2/install/gps_handler/lib/python3.8/site-packages/gps_handler/nodes/__init__.py to __init__.cpython-38.pyc
byte-compiling /home/xs/UAV/ROS2/install/gps_handler/lib/python3.8/site-packages/gps_handler/nodes/nmea_serial_driver.py to nmea_serial_driver.cpython-38.pyc
byte-compiling /home/xs/UAV/ROS2/install/gps_handler/lib/python3.8/site-packages/gps_handler/nodes/gps_path.py to gps_path.cpython-38.pyc
byte-compiling /home/xs/UAV/ROS2/install/gps_handler/lib/python3.8/site-packages/gps_handler/checksum_utils.py to checksum_utils.cpython-38.pyc
byte-compiling /home/xs/UAV/ROS2/install/gps_handler/lib/python3.8/site-packages/gps_handler/driver.py to driver.cpython-38.pyc
byte-compiling /home/xs/UAV/ROS2/install/gps_handler/lib/python3.8/site-packages/gps_handler/parser.py to parser.cpython-38.pyc
byte-compiling /home/xs/UAV/ROS2/install/gps_handler/lib/python3.8/site-packages/gps_handler/gps_simulator.py to gps_simulator.cpython-38.pyc
byte-compiling /home/xs/UAV/ROS2/install/gps_handler/lib/python3.8/site-packages/gps_handler/__init__.py to __init__.cpython-38.pyc
running install_data
creating /home/xs/UAV/ROS2/install/gps_handler/share/ament_index
creating /home/xs/UAV/ROS2/install/gps_handler/share/ament_index/resource_index
creating /home/xs/UAV/ROS2/install/gps_handler/share/ament_index/resource_index/packages
copying resource/gps_handler -> /home/xs/UAV/ROS2/install/gps_handler/share/ament_index/resource_index/packages
copying package.xml -> /home/xs/UAV/ROS2/install/gps_handler/share/gps_handler
creating /home/xs/UAV/ROS2/install/gps_handler/share/gps_handler/launch
copying launch/gps_simulator.launch.py -> /home/xs/UAV/ROS2/install/gps_handler/share/gps_handler/launch
copying launch/gps_handler.launch.py -> /home/xs/UAV/ROS2/install/gps_handler/share/gps_handler/launch
creating /home/xs/UAV/ROS2/install/gps_handler/share/gps_handler/config
copying config/gps_handler.yaml -> /home/xs/UAV/ROS2/install/gps_handler/share/gps_handler/config
running install_egg_info
Copying ../build/gps_handler/gps_handler.egg-info to /home/xs/UAV/ROS2/install/gps_handler/lib/python3.8/site-packages/gps_handler-0.0.0-py3.8.egg-info
running install_scripts
Installing gps_simulator script to /home/xs/UAV/ROS2/install/gps_handler/lib/gps_handler
Installing nmea_serial_driver script to /home/xs/UAV/ROS2/install/gps_handler/lib/gps_handler
writing list of installed files to '/home/xs/UAV/ROS2/build/gps_handler/install.log'
