running egg_info
writing ../build/uav_patrol/uav_patrol.egg-info/PKG-INFO
writing dependency_links to ../build/uav_patrol/uav_patrol.egg-info/dependency_links.txt
writing entry points to ../build/uav_patrol/uav_patrol.egg-info/entry_points.txt
writing requirements to ../build/uav_patrol/uav_patrol.egg-info/requires.txt
writing top-level names to ../build/uav_patrol/uav_patrol.egg-info/top_level.txt
reading manifest file '../build/uav_patrol/uav_patrol.egg-info/SOURCES.txt'
writing manifest file '../build/uav_patrol/uav_patrol.egg-info/SOURCES.txt'
running build
running build_py
running install
running install_lib
running install_data
copying launch/uav_patrol.launch.py -> /home/xs/UAV/ROS2/install/uav_patrol/share/uav_patrol
running install_egg_info
removing '/home/xs/UAV/ROS2/install/uav_patrol/lib/python3.8/site-packages/uav_patrol-0.0.0-py3.8.egg-info' (and everything under it)
Copying ../build/uav_patrol/uav_patrol.egg-info to /home/xs/UAV/ROS2/install/uav_patrol/lib/python3.8/site-packages/uav_patrol-0.0.0-py3.8.egg-info
running install_scripts
Installing cmd_subscriber script to /home/xs/UAV/ROS2/install/uav_patrol/lib/uav_patrol
Installing dft_publisher script to /home/xs/UAV/ROS2/install/uav_patrol/lib/uav_patrol
Installing gps_simulator script to /home/xs/UAV/ROS2/install/uav_patrol/lib/uav_patrol
Installing nmea_serial_driver script to /home/xs/UAV/ROS2/install/uav_patrol/lib/uav_patrol
Installing tf_converter script to /home/xs/UAV/ROS2/install/uav_patrol/lib/uav_patrol
Installing uav2cam_broadcaster script to /home/xs/UAV/ROS2/install/uav_patrol/lib/uav_patrol
writing list of installed files to '/home/xs/UAV/ROS2/build/uav_patrol/install.log'
