[1.821s] Invoking command in '/home/ccl/UAV/ROS2/tf_converter': PYTHONPATH=/home/ccl/UAV/ROS2/build/tf_converter/prefix_override:/home/ccl/UAV/ROS2/install/tf_converter/lib/python3.8/site-packages:${PYTHONPATH} /usr/bin/python3 -W ignore:setup.py install is deprecated setup.py egg_info --egg-base ../build/tf_converter build --build-base /home/ccl/UAV/ROS2/build/tf_converter/build install --record /home/ccl/UAV/ROS2/build/tf_converter/install.log --single-version-externally-managed install_data
[2.161s] running egg_info
[2.186s] writing ../build/tf_converter/tf_converter.egg-info/PKG-INFO
[2.187s] writing dependency_links to ../build/tf_converter/tf_converter.egg-info/dependency_links.txt
[2.187s] writing requirements to ../build/tf_converter/tf_converter.egg-info/requires.txt
[2.188s] writing top-level names to ../build/tf_converter/tf_converter.egg-info/top_level.txt
[2.406s] reading manifest file '../build/tf_converter/tf_converter.egg-info/SOURCES.txt'
[2.407s] writing manifest file '../build/tf_converter/tf_converter.egg-info/SOURCES.txt'
[2.407s] running build
[2.407s] running build_py
[2.407s] copying tf_converter/__init__.py -> /home/ccl/UAV/ROS2/build/tf_converter/build/lib/tf_converter
[2.408s] running install
[2.411s] running install_lib
[2.437s] running install_data
[2.437s] copying resource/tf_converter -> /home/ccl/UAV/ROS2/install/tf_converter/share/ament_index/resource_index/packages
[2.437s] copying package.xml -> /home/ccl/UAV/ROS2/install/tf_converter/share/tf_converter
[2.437s] running install_egg_info
[2.464s] removing '/home/ccl/UAV/ROS2/install/tf_converter/lib/python3.8/site-packages/tf_converter-0.0.0-py3.8.egg-info' (and everything under it)
[2.464s] Copying ../build/tf_converter/tf_converter.egg-info to /home/ccl/UAV/ROS2/install/tf_converter/lib/python3.8/site-packages/tf_converter-0.0.0-py3.8.egg-info
[2.466s] running install_scripts
[2.535s] writing list of installed files to '/home/ccl/UAV/ROS2/build/tf_converter/install.log'
[2.556s] Invoked command in '/home/ccl/UAV/ROS2/tf_converter' returned '0': PYTHONPATH=/home/ccl/UAV/ROS2/build/tf_converter/prefix_override:/home/ccl/UAV/ROS2/install/tf_converter/lib/python3.8/site-packages:${PYTHONPATH} /usr/bin/python3 -W ignore:setup.py install is deprecated setup.py egg_info --egg-base ../build/tf_converter build --build-base /home/ccl/UAV/ROS2/build/tf_converter/build install --record /home/ccl/UAV/ROS2/build/tf_converter/install.log --single-version-externally-managed install_data
