[0.898s] Invoking command in '/home/xs/UAV/ROS2/tf_converter': PYTHONPATH=/home/xs/UAV/build/tf_converter/prefix_override:/home/xs/UAV/install/tf_converter/lib/python3.8/site-packages:${PYTHONPATH} /usr/bin/python3 -W ignore:setup.py install is deprecated setup.py egg_info --egg-base ../../build/tf_converter build --build-base /home/xs/UAV/build/tf_converter/build install --record /home/xs/UAV/build/tf_converter/install.log --single-version-externally-managed install_data
[1.064s] running egg_info
[1.064s] creating ../../build/tf_converter/tf_converter.egg-info
[1.064s] writing ../../build/tf_converter/tf_converter.egg-info/PKG-INFO
[1.064s] writing dependency_links to ../../build/tf_converter/tf_converter.egg-info/dependency_links.txt
[1.064s] writing entry points to ../../build/tf_converter/tf_converter.egg-info/entry_points.txt
[1.064s] writing requirements to ../../build/tf_converter/tf_converter.egg-info/requires.txt
[1.065s] writing top-level names to ../../build/tf_converter/tf_converter.egg-info/top_level.txt
[1.065s] writing manifest file '../../build/tf_converter/tf_converter.egg-info/SOURCES.txt'
[1.096s] reading manifest file '../../build/tf_converter/tf_converter.egg-info/SOURCES.txt'
[1.096s] writing manifest file '../../build/tf_converter/tf_converter.egg-info/SOURCES.txt'
[1.096s] running build
[1.096s] running build_py
[1.096s] creating /home/xs/UAV/build/tf_converter/build
[1.096s] creating /home/xs/UAV/build/tf_converter/build/lib
[1.097s] creating /home/xs/UAV/build/tf_converter/build/lib/tf_converter
[1.097s] copying tf_converter/__init__.py -> /home/xs/UAV/build/tf_converter/build/lib/tf_converter
[1.097s] running install
[1.097s] running install_lib
[1.097s] creating /home/xs/UAV/install/tf_converter/lib/python3.8/site-packages/tf_converter
[1.097s] copying /home/xs/UAV/build/tf_converter/build/lib/tf_converter/__init__.py -> /home/xs/UAV/install/tf_converter/lib/python3.8/site-packages/tf_converter
[1.097s] byte-compiling /home/xs/UAV/install/tf_converter/lib/python3.8/site-packages/tf_converter/__init__.py to __init__.cpython-38.pyc
[1.099s] running install_data
[1.099s] creating /home/xs/UAV/install/tf_converter/share/ament_index
[1.099s] creating /home/xs/UAV/install/tf_converter/share/ament_index/resource_index
[1.099s] creating /home/xs/UAV/install/tf_converter/share/ament_index/resource_index/packages
[1.099s] copying resource/tf_converter -> /home/xs/UAV/install/tf_converter/share/ament_index/resource_index/packages
[1.099s] copying package.xml -> /home/xs/UAV/install/tf_converter/share/tf_converter
[1.099s] running install_egg_info
[1.099s] Copying ../../build/tf_converter/tf_converter.egg-info to /home/xs/UAV/install/tf_converter/lib/python3.8/site-packages/tf_converter-0.0.0-py3.8.egg-info
[1.099s] running install_scripts
[1.109s] writing list of installed files to '/home/xs/UAV/build/tf_converter/install.log'
[1.156s] Invoked command in '/home/xs/UAV/ROS2/tf_converter' returned '0': PYTHONPATH=/home/xs/UAV/build/tf_converter/prefix_override:/home/xs/UAV/install/tf_converter/lib/python3.8/site-packages:${PYTHONPATH} /usr/bin/python3 -W ignore:setup.py install is deprecated setup.py egg_info --egg-base ../../build/tf_converter build --build-base /home/xs/UAV/build/tf_converter/build install --record /home/xs/UAV/build/tf_converter/install.log --single-version-externally-managed install_data
